[2025-06-11T16:03:49.117+0000] {taskinstance.py:1956} INFO - Dependencies all met for dep_context=non-requeueable deps ti=<TaskInstance: multi_region_transform_staging_v2.process_region_eu.process_customers_eu manual__2025-06-11T15:56:28.438220+00:00 [queued]>
[2025-06-11T16:03:49.140+0000] {taskinstance.py:1956} INFO - Dependencies all met for dep_context=requeueable deps ti=<TaskInstance: multi_region_transform_staging_v2.process_region_eu.process_customers_eu manual__2025-06-11T15:56:28.438220+00:00 [queued]>
[2025-06-11T16:03:49.140+0000] {taskinstance.py:2170} INFO - Starting attempt 2 of 2
[2025-06-11T16:03:49.171+0000] {taskinstance.py:2191} INFO - Executing <Task(_PythonDecoratedOperator): process_region_eu.process_customers_eu> on 2025-06-11 15:56:28.438220+00:00
[2025-06-11T16:03:49.185+0000] {standard_task_runner.py:60} INFO - Started process 16831 to run task
[2025-06-11T16:03:49.192+0000] {standard_task_runner.py:87} INFO - Running: ['airflow', 'tasks', 'run', 'multi_region_transform_staging_v2', 'process_region_eu.process_customers_eu', 'manual__2025-06-11T15:56:28.438220+00:00', '--job-id', '163', '--raw', '--subdir', 'DAGS_FOLDER/master_dag.py', '--cfg-path', '/tmp/tmpqmdcuhpj']
[2025-06-11T16:03:49.195+0000] {standard_task_runner.py:88} INFO - Job 163: Subtask process_region_eu.process_customers_eu
[2025-06-11T16:03:49.322+0000] {task_command.py:423} INFO - Running <TaskInstance: multi_region_transform_staging_v2.process_region_eu.process_customers_eu manual__2025-06-11T15:56:28.438220+00:00 [running]> on host 5950010ae7c1
[2025-06-11T16:03:49.560+0000] {taskinstance.py:2480} INFO - Exporting env vars: AIRFLOW_CTX_DAG_OWNER='data-team' AIRFLOW_CTX_DAG_ID='multi_region_transform_staging_v2' AIRFLOW_CTX_TASK_ID='process_region_eu.process_customers_eu' AIRFLOW_CTX_EXECUTION_DATE='2025-06-11T15:56:28.438220+00:00' AIRFLOW_CTX_TRY_NUMBER='2' AIRFLOW_CTX_DAG_RUN_ID='manual__2025-06-11T15:56:28.438220+00:00'
[2025-06-11T16:04:04.802+0000] {local_task_job_runner.py:302} WARNING - State of this instance has been externally set to failed. Terminating instance.
[2025-06-11T16:04:04.809+0000] {process_utils.py:131} INFO - Sending 15 to group 16831. PIDs of all processes in the group: [16910, 16831]
[2025-06-11T16:04:04.811+0000] {process_utils.py:86} INFO - Sending the signal 15 to group 16831
[2025-06-11T16:04:04.812+0000] {taskinstance.py:2450} ERROR - Received SIGTERM. Terminating subprocesses.
[2025-06-11T16:04:04.814+0000] {clientserver.py:538} INFO - Error while receiving.
Traceback (most recent call last):
  File "/home/airflow/.local/lib/python3.10/site-packages/py4j/clientserver.py", line 511, in send_command
    answer = smart_decode(self.stream.readline()[:-1])
  File "/usr/local/lib/python3.10/socket.py", line 705, in readinto
    return self._sock.recv_into(b)
  File "/home/airflow/.local/lib/python3.10/site-packages/airflow/models/taskinstance.py", line 2452, in signal_handler
    raise AirflowException("Task received SIGTERM signal")
airflow.exceptions.AirflowException: Task received SIGTERM signal
[2025-06-11T16:04:04.820+0000] {clientserver.py:543} INFO - Closing down clientserver connection
[2025-06-11T16:04:04.821+0000] {java_gateway.py:1055} ERROR - Exception while sending command.
Traceback (most recent call last):
  File "/home/airflow/.local/lib/python3.10/site-packages/py4j/clientserver.py", line 511, in send_command
    answer = smart_decode(self.stream.readline()[:-1])
  File "/usr/local/lib/python3.10/socket.py", line 705, in readinto
    return self._sock.recv_into(b)
  File "/home/airflow/.local/lib/python3.10/site-packages/airflow/models/taskinstance.py", line 2452, in signal_handler
    raise AirflowException("Task received SIGTERM signal")
airflow.exceptions.AirflowException: Task received SIGTERM signal

During handling of the above exception, another exception occurred:

Traceback (most recent call last):
  File "/home/airflow/.local/lib/python3.10/site-packages/py4j/java_gateway.py", line 1038, in send_command
    response = connection.send_command(command)
  File "/home/airflow/.local/lib/python3.10/site-packages/py4j/clientserver.py", line 539, in send_command
    raise Py4JNetworkError(
py4j.protocol.Py4JNetworkError: Error while sending or receiving
[2025-06-11T16:04:04.826+0000] {clientserver.py:543} INFO - Closing down clientserver connection
[2025-06-11T16:04:04.832+0000] {taskinstance.py:2698} ERROR - Task failed with exception
Traceback (most recent call last):
  File "/home/airflow/.local/lib/python3.10/site-packages/airflow/models/taskinstance.py", line 433, in _execute_task
    result = execute_callable(context=context, **execute_callable_kwargs)
  File "/home/airflow/.local/lib/python3.10/site-packages/airflow/decorators/base.py", line 241, in execute
    return_value = super().execute(context)
  File "/home/airflow/.local/lib/python3.10/site-packages/airflow/operators/python.py", line 199, in execute
    return_value = self.execute_callable()
  File "/home/airflow/.local/lib/python3.10/site-packages/airflow/operators/python.py", line 216, in execute_callable
    return self.python_callable(*self.op_args, **self.op_kwargs)
  File "/opt/airflow/dags/master_dag.py", line 188, in process_table
    spark = get_spark_session()
  File "/opt/airflow/scripts/spark_connector.py", line 17, in get_spark_session
    .getOrCreate()
  File "/home/airflow/.local/lib/python3.10/site-packages/pyspark/sql/session.py", line 497, in getOrCreate
    sc = SparkContext.getOrCreate(sparkConf)
  File "/home/airflow/.local/lib/python3.10/site-packages/pyspark/context.py", line 515, in getOrCreate
    SparkContext(conf=conf or SparkConf())
  File "/home/airflow/.local/lib/python3.10/site-packages/pyspark/context.py", line 203, in __init__
    self._do_init(
  File "/home/airflow/.local/lib/python3.10/site-packages/pyspark/context.py", line 296, in _do_init
    self._jsc = jsc or self._initialize_context(self._conf._jconf)
  File "/home/airflow/.local/lib/python3.10/site-packages/pyspark/context.py", line 421, in _initialize_context
    return self._jvm.JavaSparkContext(jconf)
  File "/home/airflow/.local/lib/python3.10/site-packages/py4j/java_gateway.py", line 1587, in __call__
    return_value = get_return_value(
  File "/home/airflow/.local/lib/python3.10/site-packages/py4j/protocol.py", line 334, in get_return_value
    raise Py4JError(
py4j.protocol.Py4JError: An error occurred while calling None.org.apache.spark.api.java.JavaSparkContext
[2025-06-11T16:04:04.907+0000] {taskinstance.py:1138} INFO - Marking task as FAILED. dag_id=multi_region_transform_staging_v2, task_id=process_region_eu.process_customers_eu, execution_date=20250611T155628, start_date=20250611T160349, end_date=20250611T160404
[2025-06-11T16:04:05.001+0000] {standard_task_runner.py:107} ERROR - Failed to execute job 163 for task process_region_eu.process_customers_eu (An error occurred while calling None.org.apache.spark.api.java.JavaSparkContext; 16831)
[2025-06-11T16:04:05.340+0000] {process_utils.py:79} INFO - Process psutil.Process(pid=16831, status='terminated', exitcode=1, started='16:03:49') (16831) terminated with exit code 1
[2025-06-11T16:04:05.704+0000] {process_utils.py:79} INFO - Process psutil.Process(pid=16910, status='terminated', started='16:03:49') (16910) terminated with exit code None
