[2025-06-03T07:13:00.132+0000] {taskinstance.py:1956} INFO - Dependencies all met for dep_context=non-requeueable deps ti=<TaskInstance: ingest_raw_data_asia.extract_asia_asia_inventory manual__2025-06-03T06:07:18.020901+00:00 [queued]>
[2025-06-03T07:13:05.619+0000] {taskinstance.py:1956} INFO - Dependencies all met for dep_context=requeueable deps ti=<TaskInstance: ingest_raw_data_asia.extract_asia_asia_inventory manual__2025-06-03T06:07:18.020901+00:00 [queued]>
[2025-06-03T07:13:05.620+0000] {taskinstance.py:2170} INFO - Starting attempt 1 of 2
[2025-06-03T07:13:09.851+0000] {taskinstance.py:2191} INFO - Executing <Task(BashOperator): extract_asia_asia_inventory> on 2025-06-03 06:07:18.020901+00:00
[2025-06-03T07:13:09.854+0000] {standard_task_runner.py:60} INFO - Started process 3045 to run task
[2025-06-03T07:13:09.870+0000] {standard_task_runner.py:87} INFO - Running: ['airflow', 'tasks', 'run', 'ingest_raw_data_asia', 'extract_asia_asia_inventory', 'manual__2025-06-03T06:07:18.020901+00:00', '--job-id', '266', '--raw', '--subdir', 'DAGS_FOLDER/asia/landing.py', '--cfg-path', '/tmp/tmpd6_a5x9r']
[2025-06-03T07:13:09.871+0000] {standard_task_runner.py:88} INFO - Job 266: Subtask extract_asia_asia_inventory
[2025-06-03T07:13:10.018+0000] {logging_mixin.py:188} WARNING - /home/airflow/.local/lib/python3.10/site-packages/airflow/settings.py:194 DeprecationWarning: The sql_alchemy_conn option in [core] has been moved to the sql_alchemy_conn option in [database] - the old setting has been used, but please update your config.
[2025-06-03T07:13:10.048+0000] {task_command.py:423} INFO - Running <TaskInstance: ingest_raw_data_asia.extract_asia_asia_inventory manual__2025-06-03T06:07:18.020901+00:00 [running]> on host 86069ee61878
[2025-06-03T07:13:16.276+0000] {taskinstance.py:2480} INFO - Exporting env vars: AIRFLOW_CTX_DAG_OWNER='airflow' AIRFLOW_CTX_DAG_ID='ingest_raw_data_asia' AIRFLOW_CTX_TASK_ID='extract_asia_asia_inventory' AIRFLOW_CTX_EXECUTION_DATE='2025-06-03T06:07:18.020901+00:00' AIRFLOW_CTX_TRY_NUMBER='1' AIRFLOW_CTX_DAG_RUN_ID='manual__2025-06-03T06:07:18.020901+00:00'
[2025-06-03T07:13:16.440+0000] {subprocess.py:63} INFO - Tmp dir root location: /tmp
[2025-06-03T07:13:16.717+0000] {subprocess.py:75} INFO - Running command: ['/usr/bin/bash', '-c', '\n                spark-submit                     /opt/airflow/scripts/pyspark_jobs/extract_to_parquet.py                     asia.inventory "jdbc:postgresql://retail-postgres:5432/retail_etl" retail-etl retail_etl 2025-06-03\n            ']
[2025-06-03T07:13:16.905+0000] {subprocess.py:86} INFO - Output:
[2025-06-03T07:14:04.084+0000] {subprocess.py:93} INFO - 25/06/03 07:14:04 INFO SparkContext: Running Spark version 3.5.6
[2025-06-03T07:14:04.115+0000] {subprocess.py:93} INFO - 25/06/03 07:14:04 INFO SparkContext: OS info Linux, 6.11.0-26-generic, amd64
[2025-06-03T07:14:04.115+0000] {subprocess.py:93} INFO - 25/06/03 07:14:04 INFO SparkContext: Java version 11.0.24
[2025-06-03T07:14:04.497+0000] {subprocess.py:93} INFO - 25/06/03 07:14:04 WARN NativeCodeLoader: Unable to load native-hadoop library for your platform... using builtin-java classes where applicable
[2025-06-03T07:14:05.035+0000] {subprocess.py:93} INFO - 25/06/03 07:14:05 INFO ResourceUtils: ==============================================================
[2025-06-03T07:14:05.039+0000] {subprocess.py:93} INFO - 25/06/03 07:14:05 INFO ResourceUtils: No custom resources configured for spark.driver.
[2025-06-03T07:14:05.040+0000] {subprocess.py:93} INFO - 25/06/03 07:14:05 INFO ResourceUtils: ==============================================================
[2025-06-03T07:14:05.040+0000] {subprocess.py:93} INFO - 25/06/03 07:14:05 INFO SparkContext: Submitted application: Extract_asia_asia.inventory
[2025-06-03T07:14:05.131+0000] {subprocess.py:93} INFO - 25/06/03 07:14:05 INFO ResourceProfile: Default ResourceProfile created, executor resources: Map(cores -> name: cores, amount: 1, script: , vendor: , memory -> name: memory, amount: 1024, script: , vendor: , offHeap -> name: offHeap, amount: 0, script: , vendor: ), task resources: Map(cpus -> name: cpus, amount: 1.0)
[2025-06-03T07:14:05.202+0000] {subprocess.py:93} INFO - 25/06/03 07:14:05 INFO ResourceProfile: Limiting resource is cpu
[2025-06-03T07:14:05.207+0000] {subprocess.py:93} INFO - 25/06/03 07:14:05 INFO ResourceProfileManager: Added ResourceProfile id: 0
[2025-06-03T07:14:05.391+0000] {subprocess.py:93} INFO - 25/06/03 07:14:05 INFO SecurityManager: Changing view acls to: airflow
[2025-06-03T07:14:05.391+0000] {subprocess.py:93} INFO - 25/06/03 07:14:05 INFO SecurityManager: Changing modify acls to: airflow
[2025-06-03T07:14:05.392+0000] {subprocess.py:93} INFO - 25/06/03 07:14:05 INFO SecurityManager: Changing view acls groups to:
[2025-06-03T07:14:05.395+0000] {subprocess.py:93} INFO - 25/06/03 07:14:05 INFO SecurityManager: Changing modify acls groups to:
[2025-06-03T07:14:05.395+0000] {subprocess.py:93} INFO - 25/06/03 07:14:05 INFO SecurityManager: SecurityManager: authentication disabled; ui acls disabled; users with view permissions: airflow; groups with view permissions: EMPTY; users with modify permissions: airflow; groups with modify permissions: EMPTY
[2025-06-03T07:14:19.454+0000] {subprocess.py:93} INFO - 25/06/03 07:14:19 INFO Utils: Successfully started service 'sparkDriver' on port 42511.
[2025-06-03T07:14:24.632+0000] {subprocess.py:93} INFO - 25/06/03 07:14:24 INFO SparkEnv: Registering MapOutputTracker
[2025-06-03T07:14:31.465+0000] {subprocess.py:93} INFO - 25/06/03 07:14:31 INFO SparkEnv: Registering BlockManagerMaster
[2025-06-03T07:14:33.648+0000] {subprocess.py:93} INFO - 25/06/03 07:14:33 INFO BlockManagerMasterEndpoint: Using org.apache.spark.storage.DefaultTopologyMapper for getting topology information
[2025-06-03T07:14:33.649+0000] {subprocess.py:93} INFO - 25/06/03 07:14:33 INFO BlockManagerMasterEndpoint: BlockManagerMasterEndpoint up
[2025-06-03T07:14:34.708+0000] {subprocess.py:93} INFO - 25/06/03 07:14:34 INFO SparkEnv: Registering BlockManagerMasterHeartbeat
[2025-06-03T07:14:40.162+0000] {subprocess.py:93} INFO - 25/06/03 07:14:40 INFO DiskBlockManager: Created local directory at /tmp/blockmgr-33499d71-4a87-4e91-b788-a44d449ecec8
[2025-06-03T07:14:42.275+0000] {subprocess.py:93} INFO - 25/06/03 07:14:42 INFO MemoryStore: MemoryStore started with capacity 434.4 MiB
[2025-06-03T07:14:46.591+0000] {subprocess.py:93} INFO - 25/06/03 07:14:46 INFO SparkEnv: Registering OutputCommitCoordinator
[2025-06-03T07:15:06.581+0000] {subprocess.py:93} INFO - 25/06/03 07:15:06 INFO JettyUtils: Start Jetty 0.0.0.0:4040 for SparkUI
[2025-06-03T07:15:10.220+0000] {subprocess.py:93} INFO - 25/06/03 07:15:10 WARN Utils: Service 'SparkUI' could not bind on port 4040. Attempting port 4041.
[2025-06-03T07:15:10.228+0000] {subprocess.py:93} INFO - 25/06/03 07:15:10 WARN Utils: Service 'SparkUI' could not bind on port 4041. Attempting port 4042.
[2025-06-03T07:15:10.228+0000] {subprocess.py:93} INFO - 25/06/03 07:15:10 WARN Utils: Service 'SparkUI' could not bind on port 4042. Attempting port 4043.
[2025-06-03T07:15:10.229+0000] {subprocess.py:93} INFO - 25/06/03 07:15:10 WARN Utils: Service 'SparkUI' could not bind on port 4043. Attempting port 4044.
[2025-06-03T07:15:10.229+0000] {subprocess.py:93} INFO - 25/06/03 07:15:10 WARN Utils: Service 'SparkUI' could not bind on port 4044. Attempting port 4045.
[2025-06-03T07:15:10.279+0000] {subprocess.py:93} INFO - 25/06/03 07:15:10 INFO Utils: Successfully started service 'SparkUI' on port 4045.
[2025-06-03T07:15:16.592+0000] {subprocess.py:93} INFO - 25/06/03 07:15:16 INFO Executor: Starting executor ID driver on host 86069ee61878
[2025-06-03T07:15:16.593+0000] {subprocess.py:93} INFO - 25/06/03 07:15:16 INFO Executor: OS info Linux, 6.11.0-26-generic, amd64
[2025-06-03T07:15:16.596+0000] {subprocess.py:93} INFO - 25/06/03 07:15:16 INFO Executor: Java version 11.0.24
[2025-06-03T07:15:17.045+0000] {subprocess.py:93} INFO - 25/06/03 07:15:17 INFO Executor: Starting executor with user classpath (userClassPathFirst = false): ''
[2025-06-03T07:15:17.047+0000] {subprocess.py:93} INFO - 25/06/03 07:15:17 INFO Executor: Created or updated repl class loader org.apache.spark.util.MutableURLClassLoader@6287d44d for default.
[2025-06-03T07:15:18.105+0000] {subprocess.py:93} INFO - 25/06/03 07:15:18 INFO Utils: Successfully started service 'org.apache.spark.network.netty.NettyBlockTransferService' on port 42965.
[2025-06-03T07:15:18.282+0000] {subprocess.py:93} INFO - 25/06/03 07:15:18 INFO NettyBlockTransferService: Server created on 86069ee61878:42965
[2025-06-03T07:15:18.518+0000] {subprocess.py:93} INFO - 25/06/03 07:15:18 INFO BlockManager: Using org.apache.spark.storage.RandomBlockReplicationPolicy for block replication policy
[2025-06-03T07:15:19.205+0000] {subprocess.py:93} INFO - 25/06/03 07:15:19 INFO BlockManagerMaster: Registering BlockManager BlockManagerId(driver, 86069ee61878, 42965, None)
[2025-06-03T07:15:19.794+0000] {subprocess.py:93} INFO - 25/06/03 07:15:19 INFO BlockManagerMasterEndpoint: Registering block manager 86069ee61878:42965 with 434.4 MiB RAM, BlockManagerId(driver, 86069ee61878, 42965, None)
[2025-06-03T07:15:19.795+0000] {subprocess.py:93} INFO - 25/06/03 07:15:19 INFO BlockManagerMaster: Registered BlockManager BlockManagerId(driver, 86069ee61878, 42965, None)
[2025-06-03T07:15:19.795+0000] {subprocess.py:93} INFO - 25/06/03 07:15:19 INFO BlockManager: Initialized BlockManager: BlockManagerId(driver, 86069ee61878, 42965, None)
[2025-06-03T07:15:26.743+0000] {subprocess.py:93} INFO - 25/06/03 07:15:26 INFO AsyncEventQueue: Process of event SparkListenerResourceProfileAdded(Profile: id = 0, executor resources: cores -> name: cores, amount: 1, script: , vendor: ,memory -> name: memory, amount: 1024, script: , vendor: ,offHeap -> name: offHeap, amount: 0, script: , vendor: , task resources: cpus -> name: cpus, amount: 1.0) by listener AppStatusListener took 1.56198741s.
[2025-06-03T07:15:28.285+0000] {subprocess.py:93} INFO - 25/06/03 07:15:28 INFO AsyncEventQueue: Process of event SparkListenerExecutorAdded(1748934917543,driver,org.apache.spark.scheduler.cluster.ExecutorInfo@91197beb) by listener AppStatusListener took 1.538918336s.
