[2025-06-03T08:02:46.629+0000] {taskinstance.py:1956} INFO - Dependencies all met for dep_context=non-requeueable deps ti=<TaskInstance: ingest_raw_data_asia.extract_asia_asia_inventory manual__2025-06-03T06:07:18.020901+00:00 [queued]>
[2025-06-03T08:02:47.212+0000] {taskinstance.py:1956} INFO - Dependencies all met for dep_context=requeueable deps ti=<TaskInstance: ingest_raw_data_asia.extract_asia_asia_inventory manual__2025-06-03T06:07:18.020901+00:00 [queued]>
[2025-06-03T08:02:47.212+0000] {taskinstance.py:2170} INFO - Starting attempt 2 of 2
[2025-06-03T08:02:49.584+0000] {taskinstance.py:2191} INFO - Executing <Task(BashOperator): extract_asia_asia_inventory> on 2025-06-03 06:07:18.020901+00:00
[2025-06-03T08:02:49.588+0000] {standard_task_runner.py:60} INFO - Started process 3013 to run task
[2025-06-03T08:02:49.590+0000] {standard_task_runner.py:87} INFO - Running: ['airflow', 'tasks', 'run', 'ingest_raw_data_asia', 'extract_asia_asia_inventory', 'manual__2025-06-03T06:07:18.020901+00:00', '--job-id', '295', '--raw', '--subdir', 'DAGS_FOLDER/asia/landing.py', '--cfg-path', '/tmp/tmp3l0i0zee']
[2025-06-03T08:02:49.729+0000] {standard_task_runner.py:88} INFO - Job 295: Subtask extract_asia_asia_inventory
[2025-06-03T08:02:53.171+0000] {logging_mixin.py:188} WARNING - /home/airflow/.local/lib/python3.10/site-packages/airflow/settings.py:194 DeprecationWarning: The sql_alchemy_conn option in [core] has been moved to the sql_alchemy_conn option in [database] - the old setting has been used, but please update your config.
[2025-06-03T08:02:53.512+0000] {task_command.py:423} INFO - Running <TaskInstance: ingest_raw_data_asia.extract_asia_asia_inventory manual__2025-06-03T06:07:18.020901+00:00 [running]> on host 86069ee61878
[2025-06-03T08:02:56.292+0000] {taskinstance.py:2480} INFO - Exporting env vars: AIRFLOW_CTX_DAG_OWNER='airflow' AIRFLOW_CTX_DAG_ID='ingest_raw_data_asia' AIRFLOW_CTX_TASK_ID='extract_asia_asia_inventory' AIRFLOW_CTX_EXECUTION_DATE='2025-06-03T06:07:18.020901+00:00' AIRFLOW_CTX_TRY_NUMBER='2' AIRFLOW_CTX_DAG_RUN_ID='manual__2025-06-03T06:07:18.020901+00:00'
[2025-06-03T08:02:56.676+0000] {subprocess.py:63} INFO - Tmp dir root location: /tmp
[2025-06-03T08:02:57.569+0000] {subprocess.py:75} INFO - Running command: ['/usr/bin/bash', '-c', '\n                spark-submit                     /opt/airflow/scripts/pyspark_jobs/extract_to_parquet.py                     asia.inventory "jdbc:postgresql://retail-postgres:5432/retail_etl" retail-etl retail_etl 2025-06-03\n            ']
[2025-06-03T08:02:57.990+0000] {subprocess.py:86} INFO - Output:
[2025-06-03T08:03:33.496+0000] {subprocess.py:93} INFO - 25/06/03 08:03:33 INFO SparkContext: Running Spark version 3.5.6
[2025-06-03T08:03:33.523+0000] {subprocess.py:93} INFO - 25/06/03 08:03:33 INFO SparkContext: OS info Linux, 6.11.0-26-generic, amd64
[2025-06-03T08:03:33.523+0000] {subprocess.py:93} INFO - 25/06/03 08:03:33 INFO SparkContext: Java version 11.0.24
[2025-06-03T08:03:33.868+0000] {subprocess.py:93} INFO - 25/06/03 08:03:33 WARN NativeCodeLoader: Unable to load native-hadoop library for your platform... using builtin-java classes where applicable
[2025-06-03T08:03:34.302+0000] {subprocess.py:93} INFO - 25/06/03 08:03:34 INFO ResourceUtils: ==============================================================
[2025-06-03T08:03:34.304+0000] {subprocess.py:93} INFO - 25/06/03 08:03:34 INFO ResourceUtils: No custom resources configured for spark.driver.
[2025-06-03T08:03:34.306+0000] {subprocess.py:93} INFO - 25/06/03 08:03:34 INFO ResourceUtils: ==============================================================
[2025-06-03T08:03:34.311+0000] {subprocess.py:93} INFO - 25/06/03 08:03:34 INFO SparkContext: Submitted application: Extract_asia_asia.inventory
[2025-06-03T08:03:34.388+0000] {subprocess.py:93} INFO - 25/06/03 08:03:34 INFO ResourceProfile: Default ResourceProfile created, executor resources: Map(cores -> name: cores, amount: 1, script: , vendor: , memory -> name: memory, amount: 1024, script: , vendor: , offHeap -> name: offHeap, amount: 0, script: , vendor: ), task resources: Map(cpus -> name: cpus, amount: 1.0)
[2025-06-03T08:03:34.467+0000] {subprocess.py:93} INFO - 25/06/03 08:03:34 INFO ResourceProfile: Limiting resource is cpu
[2025-06-03T08:03:34.476+0000] {subprocess.py:93} INFO - 25/06/03 08:03:34 INFO ResourceProfileManager: Added ResourceProfile id: 0
[2025-06-03T08:03:34.758+0000] {subprocess.py:93} INFO - 25/06/03 08:03:34 INFO SecurityManager: Changing view acls to: airflow
[2025-06-03T08:03:34.759+0000] {subprocess.py:93} INFO - 25/06/03 08:03:34 INFO SecurityManager: Changing modify acls to: airflow
[2025-06-03T08:03:34.764+0000] {subprocess.py:93} INFO - 25/06/03 08:03:34 INFO SecurityManager: Changing view acls groups to:
[2025-06-03T08:03:34.765+0000] {subprocess.py:93} INFO - 25/06/03 08:03:34 INFO SecurityManager: Changing modify acls groups to:
[2025-06-03T08:03:34.766+0000] {subprocess.py:93} INFO - 25/06/03 08:03:34 INFO SecurityManager: SecurityManager: authentication disabled; ui acls disabled; users with view permissions: airflow; groups with view permissions: EMPTY; users with modify permissions: airflow; groups with modify permissions: EMPTY
[2025-06-03T08:03:37.894+0000] {subprocess.py:93} INFO - 25/06/03 08:03:37 INFO Utils: Successfully started service 'sparkDriver' on port 36853.
[2025-06-03T08:03:38.218+0000] {subprocess.py:93} INFO - 25/06/03 08:03:38 INFO SparkEnv: Registering MapOutputTracker
[2025-06-03T08:03:38.583+0000] {subprocess.py:93} INFO - 25/06/03 08:03:38 INFO SparkEnv: Registering BlockManagerMaster
[2025-06-03T08:03:38.763+0000] {subprocess.py:93} INFO - 25/06/03 08:03:38 INFO BlockManagerMasterEndpoint: Using org.apache.spark.storage.DefaultTopologyMapper for getting topology information
[2025-06-03T08:03:38.770+0000] {subprocess.py:93} INFO - 25/06/03 08:03:38 INFO BlockManagerMasterEndpoint: BlockManagerMasterEndpoint up
[2025-06-03T08:03:38.801+0000] {subprocess.py:93} INFO - 25/06/03 08:03:38 INFO SparkEnv: Registering BlockManagerMasterHeartbeat
[2025-06-03T08:03:38.903+0000] {subprocess.py:93} INFO - 25/06/03 08:03:38 INFO DiskBlockManager: Created local directory at /tmp/blockmgr-4b7fd895-d6c3-4369-9a0e-6f6407724413
[2025-06-03T08:03:38.997+0000] {subprocess.py:93} INFO - 25/06/03 08:03:38 INFO MemoryStore: MemoryStore started with capacity 434.4 MiB
[2025-06-03T08:03:39.068+0000] {subprocess.py:93} INFO - 25/06/03 08:03:39 INFO SparkEnv: Registering OutputCommitCoordinator
[2025-06-03T08:03:39.809+0000] {subprocess.py:93} INFO - 25/06/03 08:03:39 INFO JettyUtils: Start Jetty 0.0.0.0:4040 for SparkUI
[2025-06-03T08:03:40.121+0000] {subprocess.py:93} INFO - 25/06/03 08:03:40 WARN Utils: Service 'SparkUI' could not bind on port 4040. Attempting port 4041.
[2025-06-03T08:03:40.129+0000] {subprocess.py:93} INFO - 25/06/03 08:03:40 WARN Utils: Service 'SparkUI' could not bind on port 4041. Attempting port 4042.
[2025-06-03T08:03:40.130+0000] {subprocess.py:93} INFO - 25/06/03 08:03:40 WARN Utils: Service 'SparkUI' could not bind on port 4042. Attempting port 4043.
[2025-06-03T08:03:40.141+0000] {subprocess.py:93} INFO - 25/06/03 08:03:40 WARN Utils: Service 'SparkUI' could not bind on port 4043. Attempting port 4044.
[2025-06-03T08:03:40.142+0000] {subprocess.py:93} INFO - 25/06/03 08:03:40 WARN Utils: Service 'SparkUI' could not bind on port 4044. Attempting port 4045.
[2025-06-03T08:03:40.222+0000] {subprocess.py:93} INFO - 25/06/03 08:03:40 INFO Utils: Successfully started service 'SparkUI' on port 4045.
[2025-06-03T08:03:41.856+0000] {subprocess.py:93} INFO - 25/06/03 08:03:41 INFO Executor: Starting executor ID driver on host 86069ee61878
[2025-06-03T08:03:41.857+0000] {subprocess.py:93} INFO - 25/06/03 08:03:41 INFO Executor: OS info Linux, 6.11.0-26-generic, amd64
[2025-06-03T08:03:41.859+0000] {subprocess.py:93} INFO - 25/06/03 08:03:41 INFO Executor: Java version 11.0.24
[2025-06-03T08:03:41.877+0000] {subprocess.py:93} INFO - 25/06/03 08:03:41 INFO Executor: Starting executor with user classpath (userClassPathFirst = false): ''
[2025-06-03T08:03:41.883+0000] {subprocess.py:93} INFO - 25/06/03 08:03:41 INFO Executor: Created or updated repl class loader org.apache.spark.util.MutableURLClassLoader@346b5a11 for default.
[2025-06-03T08:03:42.005+0000] {subprocess.py:93} INFO - 25/06/03 08:03:42 INFO Utils: Successfully started service 'org.apache.spark.network.netty.NettyBlockTransferService' on port 45983.
[2025-06-03T08:03:42.008+0000] {subprocess.py:93} INFO - 25/06/03 08:03:42 INFO NettyBlockTransferService: Server created on 86069ee61878:45983
[2025-06-03T08:03:42.949+0000] {subprocess.py:93} INFO - 25/06/03 08:03:42 INFO BlockManager: Using org.apache.spark.storage.RandomBlockReplicationPolicy for block replication policy
[2025-06-03T08:03:42.963+0000] {subprocess.py:93} INFO - 25/06/03 08:03:42 INFO BlockManagerMaster: Registering BlockManager BlockManagerId(driver, 86069ee61878, 45983, None)
[2025-06-03T08:03:42.992+0000] {subprocess.py:93} INFO - 25/06/03 08:03:42 INFO BlockManagerMasterEndpoint: Registering block manager 86069ee61878:45983 with 434.4 MiB RAM, BlockManagerId(driver, 86069ee61878, 45983, None)
[2025-06-03T08:03:43.002+0000] {subprocess.py:93} INFO - 25/06/03 08:03:43 INFO BlockManagerMaster: Registered BlockManager BlockManagerId(driver, 86069ee61878, 45983, None)
[2025-06-03T08:03:43.008+0000] {subprocess.py:93} INFO - 25/06/03 08:03:43 INFO BlockManager: Initialized BlockManager: BlockManagerId(driver, 86069ee61878, 45983, None)
[2025-06-03T08:03:50.859+0000] {subprocess.py:93} INFO - 25/06/03 08:03:50 INFO SharedState: Setting hive.metastore.warehouse.dir ('null') to the value of spark.sql.warehouse.dir.
[2025-06-03T08:03:50.879+0000] {subprocess.py:93} INFO - 25/06/03 08:03:50 INFO SharedState: Warehouse path is 'file:/tmp/airflowtmpa0pwwjk4/spark-warehouse'.
[2025-06-03T08:04:48.856+0000] {subprocess.py:93} INFO - Traceback (most recent call last):
[2025-06-03T08:04:49.006+0000] {subprocess.py:93} INFO -   File "/opt/airflow/scripts/pyspark_jobs/extract_to_parquet.py", line 24, in <module>
[2025-06-03T08:04:49.006+0000] {subprocess.py:93} INFO -     .load()
[2025-06-03T08:04:49.739+0000] {subprocess.py:93} INFO -   File "/usr/local/spark/python/lib/pyspark.zip/pyspark/sql/readwriter.py", line 314, in load
[2025-06-03T08:04:49.979+0000] {subprocess.py:93} INFO -   File "/usr/local/spark/python/lib/py4j-0.10.9.7-src.zip/py4j/java_gateway.py", line 1322, in __call__
[2025-06-03T08:04:49.979+0000] {subprocess.py:93} INFO -   File "/usr/local/spark/python/lib/pyspark.zip/pyspark/errors/exceptions/captured.py", line 179, in deco
[2025-06-03T08:04:49.979+0000] {subprocess.py:93} INFO -   File "/usr/local/spark/python/lib/py4j-0.10.9.7-src.zip/py4j/protocol.py", line 326, in get_return_value
[2025-06-03T08:04:49.979+0000] {subprocess.py:93} INFO - py4j.protocol.Py4JJavaError: An error occurred while calling o30.load.
[2025-06-03T08:04:49.979+0000] {subprocess.py:93} INFO - : java.lang.ClassNotFoundException: org.postgresql.Driver
[2025-06-03T08:04:49.979+0000] {subprocess.py:93} INFO - 	at java.base/java.net.URLClassLoader.findClass(URLClassLoader.java:476)
[2025-06-03T08:04:49.979+0000] {subprocess.py:93} INFO - 	at java.base/java.lang.ClassLoader.loadClass(ClassLoader.java:594)
[2025-06-03T08:04:49.979+0000] {subprocess.py:93} INFO - 	at java.base/java.lang.ClassLoader.loadClass(ClassLoader.java:527)
[2025-06-03T08:04:49.979+0000] {subprocess.py:93} INFO - 	at org.apache.spark.sql.execution.datasources.jdbc.DriverRegistry$.register(DriverRegistry.scala:46)
[2025-06-03T08:04:49.980+0000] {subprocess.py:93} INFO - 	at org.apache.spark.sql.execution.datasources.jdbc.JDBCOptions.$anonfun$driverClass$1(JDBCOptions.scala:103)
[2025-06-03T08:04:49.980+0000] {subprocess.py:93} INFO - 	at org.apache.spark.sql.execution.datasources.jdbc.JDBCOptions.$anonfun$driverClass$1$adapted(JDBCOptions.scala:103)
[2025-06-03T08:04:49.980+0000] {subprocess.py:93} INFO - 	at scala.Option.foreach(Option.scala:407)
[2025-06-03T08:04:49.980+0000] {subprocess.py:93} INFO - 	at org.apache.spark.sql.execution.datasources.jdbc.JDBCOptions.<init>(JDBCOptions.scala:103)
[2025-06-03T08:04:49.980+0000] {subprocess.py:93} INFO - 	at org.apache.spark.sql.execution.datasources.jdbc.JDBCOptions.<init>(JDBCOptions.scala:41)
[2025-06-03T08:04:49.980+0000] {subprocess.py:93} INFO - 	at org.apache.spark.sql.execution.datasources.jdbc.JdbcRelationProvider.createRelation(JdbcRelationProvider.scala:34)
[2025-06-03T08:04:49.980+0000] {subprocess.py:93} INFO - 	at org.apache.spark.sql.execution.datasources.DataSource.resolveRelation(DataSource.scala:346)
[2025-06-03T08:04:49.980+0000] {subprocess.py:93} INFO - 	at org.apache.spark.sql.DataFrameReader.loadV1Source(DataFrameReader.scala:229)
[2025-06-03T08:04:49.980+0000] {subprocess.py:93} INFO - 	at org.apache.spark.sql.DataFrameReader.$anonfun$load$2(DataFrameReader.scala:211)
[2025-06-03T08:04:49.980+0000] {subprocess.py:93} INFO - 	at scala.Option.getOrElse(Option.scala:189)
[2025-06-03T08:04:49.980+0000] {subprocess.py:93} INFO - 	at org.apache.spark.sql.DataFrameReader.load(DataFrameReader.scala:211)
[2025-06-03T08:04:49.981+0000] {subprocess.py:93} INFO - 	at org.apache.spark.sql.DataFrameReader.load(DataFrameReader.scala:172)
[2025-06-03T08:04:49.981+0000] {subprocess.py:93} INFO - 	at java.base/jdk.internal.reflect.NativeMethodAccessorImpl.invoke0(Native Method)
[2025-06-03T08:04:49.981+0000] {subprocess.py:93} INFO - 	at java.base/jdk.internal.reflect.NativeMethodAccessorImpl.invoke(NativeMethodAccessorImpl.java:62)
[2025-06-03T08:04:49.981+0000] {subprocess.py:93} INFO - 	at java.base/jdk.internal.reflect.DelegatingMethodAccessorImpl.invoke(DelegatingMethodAccessorImpl.java:43)
[2025-06-03T08:04:49.981+0000] {subprocess.py:93} INFO - 	at java.base/java.lang.reflect.Method.invoke(Method.java:566)
[2025-06-03T08:04:49.981+0000] {subprocess.py:93} INFO - 	at py4j.reflection.MethodInvoker.invoke(MethodInvoker.java:244)
[2025-06-03T08:04:49.981+0000] {subprocess.py:93} INFO - 	at py4j.reflection.ReflectionEngine.invoke(ReflectionEngine.java:374)
[2025-06-03T08:04:49.981+0000] {subprocess.py:93} INFO - 	at py4j.Gateway.invoke(Gateway.java:282)
[2025-06-03T08:04:49.981+0000] {subprocess.py:93} INFO - 	at py4j.commands.AbstractCommand.invokeMethod(AbstractCommand.java:132)
[2025-06-03T08:04:49.981+0000] {subprocess.py:93} INFO - 	at py4j.commands.CallCommand.execute(CallCommand.java:79)
[2025-06-03T08:04:49.981+0000] {subprocess.py:93} INFO - 	at py4j.ClientServerConnection.waitForCommands(ClientServerConnection.java:182)
[2025-06-03T08:04:49.982+0000] {subprocess.py:93} INFO - 	at py4j.ClientServerConnection.run(ClientServerConnection.java:106)
[2025-06-03T08:04:49.982+0000] {subprocess.py:93} INFO - 	at java.base/java.lang.Thread.run(Thread.java:829)
[2025-06-03T08:04:49.982+0000] {subprocess.py:93} INFO - 
[2025-06-03T08:04:55.927+0000] {subprocess.py:93} INFO - 25/06/03 08:04:55 INFO SparkContext: Invoking stop() from shutdown hook
[2025-06-03T08:04:55.928+0000] {subprocess.py:93} INFO - 25/06/03 08:04:55 INFO SparkContext: SparkContext is stopping with exitCode 0.
[2025-06-03T08:04:56.430+0000] {subprocess.py:93} INFO - 25/06/03 08:04:56 INFO SparkUI: Stopped Spark web UI at http://86069ee61878:4045
[2025-06-03T08:04:57.655+0000] {subprocess.py:93} INFO - 25/06/03 08:04:57 INFO MapOutputTrackerMasterEndpoint: MapOutputTrackerMasterEndpoint stopped!
[2025-06-03T08:04:58.032+0000] {subprocess.py:93} INFO - 25/06/03 08:04:58 INFO MemoryStore: MemoryStore cleared
[2025-06-03T08:04:58.032+0000] {subprocess.py:93} INFO - 25/06/03 08:04:58 INFO BlockManager: BlockManager stopped
[2025-06-03T08:04:58.283+0000] {subprocess.py:93} INFO - 25/06/03 08:04:58 INFO BlockManagerMaster: BlockManagerMaster stopped
[2025-06-03T08:04:58.294+0000] {subprocess.py:93} INFO - 25/06/03 08:04:58 INFO OutputCommitCoordinator$OutputCommitCoordinatorEndpoint: OutputCommitCoordinator stopped!
[2025-06-03T08:04:58.369+0000] {subprocess.py:93} INFO - 25/06/03 08:04:58 INFO SparkContext: Successfully stopped SparkContext
[2025-06-03T08:04:58.374+0000] {subprocess.py:93} INFO - 25/06/03 08:04:58 INFO ShutdownHookManager: Shutdown hook called
[2025-06-03T08:04:58.377+0000] {subprocess.py:93} INFO - 25/06/03 08:04:58 INFO ShutdownHookManager: Deleting directory /tmp/spark-1f846f06-baef-4965-b037-cd06b0f2225c
[2025-06-03T08:04:58.419+0000] {subprocess.py:93} INFO - 25/06/03 08:04:58 INFO ShutdownHookManager: Deleting directory /tmp/spark-3e82c45a-2c14-4556-97c3-71ad1c766a5d/pyspark-e27ae2dc-0b56-4d85-895e-10b96ed81fa5
[2025-06-03T08:04:58.433+0000] {subprocess.py:93} INFO - 25/06/03 08:04:58 INFO ShutdownHookManager: Deleting directory /tmp/spark-3e82c45a-2c14-4556-97c3-71ad1c766a5d
[2025-06-03T08:05:00.364+0000] {subprocess.py:97} INFO - Command exited with return code 1
