[2025-06-09T12:26:22.534+0000] {taskinstance.py:1956} INFO - Dependencies all met for dep_context=non-requeueable deps ti=<TaskInstance: multi_region_to_snowflake.process_region_us.process_returns_us manual__2025-06-09T12:20:05.224697+00:00 [queued]>
[2025-06-09T12:26:22.565+0000] {taskinstance.py:1956} INFO - Dependencies all met for dep_context=requeueable deps ti=<TaskInstance: multi_region_to_snowflake.process_region_us.process_returns_us manual__2025-06-09T12:20:05.224697+00:00 [queued]>
[2025-06-09T12:26:22.566+0000] {taskinstance.py:2170} INFO - Starting attempt 1 of 2
[2025-06-09T12:26:22.610+0000] {taskinstance.py:2191} INFO - Executing <Task(_PythonDecoratedOperator): process_region_us.process_returns_us> on 2025-06-09 12:20:05.224697+00:00
[2025-06-09T12:26:22.632+0000] {standard_task_runner.py:60} INFO - Started process 51933 to run task
[2025-06-09T12:26:22.643+0000] {standard_task_runner.py:87} INFO - Running: ['airflow', 'tasks', 'run', 'multi_region_to_snowflake', 'process_region_us.process_returns_us', 'manual__2025-06-09T12:20:05.224697+00:00', '--job-id', '858', '--raw', '--subdir', 'DAGS_FOLDER/master_dag.py', '--cfg-path', '/tmp/tmpycousra3']
[2025-06-09T12:26:22.649+0000] {standard_task_runner.py:88} INFO - Job 858: Subtask process_region_us.process_returns_us
[2025-06-09T12:26:22.800+0000] {task_command.py:423} INFO - Running <TaskInstance: multi_region_to_snowflake.process_region_us.process_returns_us manual__2025-06-09T12:20:05.224697+00:00 [running]> on host 7fa6630d536c
[2025-06-09T12:26:23.005+0000] {taskinstance.py:2480} INFO - Exporting env vars: AIRFLOW_CTX_DAG_OWNER='data-team' AIRFLOW_CTX_DAG_ID='multi_region_to_snowflake' AIRFLOW_CTX_TASK_ID='process_region_us.process_returns_us' AIRFLOW_CTX_EXECUTION_DATE='2025-06-09T12:20:05.224697+00:00' AIRFLOW_CTX_TRY_NUMBER='1' AIRFLOW_CTX_DAG_RUN_ID='manual__2025-06-09T12:20:05.224697+00:00'
[2025-06-09T12:26:34.947+0000] {logging_mixin.py:188} INFO - Processing returns for region us
[2025-06-09T12:26:45.248+0000] {logging_mixin.py:188} INFO - STAGING_US
[2025-06-09T12:26:55.337+0000] {logging_mixin.py:188} INFO - +---------+--------+-----------------+-------------+--------------------+-------------+-------------------+--------------------+-------+--------+
|return_id|order_id|    return_reason|return_status|    return_timestamp|refund_amount|   refund_timestamp|          created_at|_region| _source|
+---------+--------+-----------------+-------------+--------------------+-------------+-------------------+--------------------+-------+--------+
|        1|       5|     Changed mind|     approved|2025-06-08 19:23:...|       279.85|2024-01-25 13:30:00|2025-06-08 19:23:...|     us|postgres|
|        2|      10|Product defective|   processing|2025-06-08 19:23:...|        49.36|               NULL|2025-06-08 19:23:...|     us|postgres|
|        1|       5|     Changed mind|     approved|2025-06-08 19:23:...|       279.85|2024-01-25 13:30:00|2025-06-08 19:23:...|     us|postgres|
|        2|      10|Product defective|   processing|2025-06-08 19:23:...|        49.36|               NULL|2025-06-08 19:23:...|     us|postgres|
+---------+--------+-----------------+-------------+--------------------+-------------+-------------------+--------------------+-------+--------+
[2025-06-09T12:26:55.337+0000] {logging_mixin.py:188} INFO - Inserting into snowflake
[2025-06-09T12:27:09.831+0000] {logging_mixin.py:188} INFO - successfully inserted in snowflake
[2025-06-09T12:27:10.225+0000] {logging_mixin.py:188} INFO - Successfully processed 4 records for returns in us
[2025-06-09T12:27:11.512+0000] {python.py:201} INFO - Done. Returned value was: {'region': 'us', 'table': 'returns', 'record_count': 4, 'status': 'success'}
[2025-06-09T12:27:11.547+0000] {taskinstance.py:1138} INFO - Marking task as SUCCESS. dag_id=multi_region_to_snowflake, task_id=process_region_us.process_returns_us, execution_date=20250609T122005, start_date=20250609T122622, end_date=20250609T122711
[2025-06-09T12:27:11.582+0000] {local_task_job_runner.py:234} INFO - Task exited with return code 0
[2025-06-09T12:27:11.614+0000] {taskinstance.py:3280} INFO - 0 downstream tasks scheduled from follow-on schedule check
