[2025-06-08T15:26:33.456+0000] {taskinstance.py:1956} INFO - Dependencies all met for dep_context=non-requeueable deps ti=<TaskInstance: transform_customers_csv.run_transformation_asia manual__2025-06-08T15:26:31.472463+00:00 [queued]>
[2025-06-08T15:26:33.476+0000] {taskinstance.py:1956} INFO - Dependencies all met for dep_context=requeueable deps ti=<TaskInstance: transform_customers_csv.run_transformation_asia manual__2025-06-08T15:26:31.472463+00:00 [queued]>
[2025-06-08T15:26:33.477+0000] {taskinstance.py:2170} INFO - Starting attempt 1 of 1
[2025-06-08T15:26:33.507+0000] {taskinstance.py:2191} INFO - Executing <Task(_PythonDecoratedOperator): run_transformation_asia> on 2025-06-08 15:26:31.472463+00:00
[2025-06-08T15:26:33.518+0000] {standard_task_runner.py:60} INFO - Started process 122129 to run task
[2025-06-08T15:26:33.525+0000] {standard_task_runner.py:87} INFO - Running: ['airflow', 'tasks', 'run', 'transform_customers_csv', 'run_transformation_asia', 'manual__2025-06-08T15:26:31.472463+00:00', '--job-id', '458', '--raw', '--subdir', 'DAGS_FOLDER/staging/customer_to_staging.py', '--cfg-path', '/tmp/tmpr_jjy6hj']
[2025-06-08T15:26:33.528+0000] {standard_task_runner.py:88} INFO - Job 458: Subtask run_transformation_asia
[2025-06-08T15:26:33.581+0000] {logging_mixin.py:188} WARNING - /home/airflow/.local/lib/python3.10/site-packages/airflow/settings.py:194 DeprecationWarning: The sql_alchemy_conn option in [core] has been moved to the sql_alchemy_conn option in [database] - the old setting has been used, but please update your config.
[2025-06-08T15:26:33.665+0000] {task_command.py:423} INFO - Running <TaskInstance: transform_customers_csv.run_transformation_asia manual__2025-06-08T15:26:31.472463+00:00 [running]> on host f7e9b9614623
[2025-06-08T15:26:33.892+0000] {taskinstance.py:2480} INFO - Exporting env vars: AIRFLOW_CTX_DAG_OWNER='airflow' AIRFLOW_CTX_DAG_ID='transform_customers_csv' AIRFLOW_CTX_TASK_ID='run_transformation_asia' AIRFLOW_CTX_EXECUTION_DATE='2025-06-08T15:26:31.472463+00:00' AIRFLOW_CTX_TRY_NUMBER='1' AIRFLOW_CTX_DAG_RUN_ID='manual__2025-06-08T15:26:31.472463+00:00'
[2025-06-08T15:26:33.895+0000] {logging_mixin.py:188} INFO - Starting transformation for table: customers in region: asia
[2025-06-08T15:26:43.555+0000] {logging_mixin.py:188} INFO - Reading data from: /opt/airflow/data/raw/region=asia/table=customers/load_date=2025-06-06/
[2025-06-08T15:26:56.457+0000] {logging_mixin.py:188} INFO - [INFO] Processing 25 records for asia
[2025-06-08T15:26:56.599+0000] {logging_mixin.py:188} INFO - Error transforming data for asia: 'Column' object is not callable
[2025-06-08T15:26:56.794+0000] {taskinstance.py:2698} ERROR - Task failed with exception
Traceback (most recent call last):
  File "/home/airflow/.local/lib/python3.10/site-packages/airflow/models/taskinstance.py", line 433, in _execute_task
    result = execute_callable(context=context, **execute_callable_kwargs)
  File "/home/airflow/.local/lib/python3.10/site-packages/airflow/decorators/base.py", line 241, in execute
    return_value = super().execute(context)
  File "/home/airflow/.local/lib/python3.10/site-packages/airflow/operators/python.py", line 199, in execute
    return_value = self.execute_callable()
  File "/home/airflow/.local/lib/python3.10/site-packages/airflow/operators/python.py", line 216, in execute_callable
    return self.python_callable(*self.op_args, **self.op_kwargs)
  File "/opt/airflow/dags/staging/customer_to_staging.py", line 83, in run_transformation_asia
    transform_customers_table(
  File "/opt/airflow/dags/staging/../../scripts/pyspark_jobs/customer.py", line 82, in transform_customers_table
    raise e
  File "/opt/airflow/dags/staging/../../scripts/pyspark_jobs/customer.py", line 64, in transform_customers_table
    df_transformed = transform_customers(df_raw, region)
  File "/opt/airflow/scripts/etl/transform/customer.py", line 181, in transform_customers
    return transform_asia(df)
  File "/opt/airflow/scripts/etl/transform/customer.py", line 123, in transform_asia
    validate_any_phone_udf(col("phone")).alias("phone"),
  File "/opt/airflow/scripts/etl/transform/phone_validate.py", line 46, in validate_any_phone_udf
    phone_str = phone_str.strip()
TypeError: 'Column' object is not callable
[2025-06-08T15:26:56.825+0000] {taskinstance.py:1138} INFO - Marking task as FAILED. dag_id=transform_customers_csv, task_id=run_transformation_asia, execution_date=20250608T152631, start_date=20250608T152633, end_date=20250608T152656
[2025-06-08T15:26:56.858+0000] {standard_task_runner.py:107} ERROR - Failed to execute job 458 for task run_transformation_asia ('Column' object is not callable; 122129)
[2025-06-08T15:26:56.889+0000] {local_task_job_runner.py:234} INFO - Task exited with return code 1
[2025-06-08T15:26:56.940+0000] {taskinstance.py:3280} INFO - 0 downstream tasks scheduled from follow-on schedule check
