[2025-06-08T17:14:46.690+0000] {taskinstance.py:1956} INFO - Dependencies all met for dep_context=non-requeueable deps ti=<TaskInstance: transform_cart_items.run_transformation_asia manual__2025-06-08T17:14:03.666481+00:00 [queued]>
[2025-06-08T17:14:46.724+0000] {taskinstance.py:1956} INFO - Dependencies all met for dep_context=requeueable deps ti=<TaskInstance: transform_cart_items.run_transformation_asia manual__2025-06-08T17:14:03.666481+00:00 [queued]>
[2025-06-08T17:14:46.724+0000] {taskinstance.py:2170} INFO - Starting attempt 1 of 1
[2025-06-08T17:14:46.763+0000] {taskinstance.py:2191} INFO - Executing <Task(_PythonDecoratedOperator): run_transformation_asia> on 2025-06-08 17:14:03.666481+00:00
[2025-06-08T17:14:46.778+0000] {standard_task_runner.py:60} INFO - Started process 63570 to run task
[2025-06-08T17:14:46.778+0000] {clientserver.py:543} INFO - Closing down clientserver connection
[2025-06-08T17:14:46.789+0000] {standard_task_runner.py:87} INFO - Running: ['airflow', 'tasks', 'run', 'transform_cart_items', 'run_transformation_asia', 'manual__2025-06-08T17:14:03.666481+00:00', '--job-id', '592', '--raw', '--subdir', 'DAGS_FOLDER/staging/cart_items_to_staging.py', '--cfg-path', '/tmp/tmpnq26yegl']
[2025-06-08T17:14:46.792+0000] {standard_task_runner.py:88} INFO - Job 592: Subtask run_transformation_asia
[2025-06-08T17:14:46.866+0000] {logging_mixin.py:188} WARNING - /home/airflow/.local/lib/python3.10/site-packages/airflow/settings.py:194 DeprecationWarning: The sql_alchemy_conn option in [core] has been moved to the sql_alchemy_conn option in [database] - the old setting has been used, but please update your config.
[2025-06-08T17:14:46.997+0000] {task_command.py:423} INFO - Running <TaskInstance: transform_cart_items.run_transformation_asia manual__2025-06-08T17:14:03.666481+00:00 [running]> on host ca4d96b31043
[2025-06-08T17:14:47.753+0000] {taskinstance.py:2480} INFO - Exporting env vars: AIRFLOW_CTX_DAG_OWNER='airflow' AIRFLOW_CTX_DAG_ID='transform_cart_items' AIRFLOW_CTX_TASK_ID='run_transformation_asia' AIRFLOW_CTX_EXECUTION_DATE='2025-06-08T17:14:03.666481+00:00' AIRFLOW_CTX_TRY_NUMBER='1' AIRFLOW_CTX_DAG_RUN_ID='manual__2025-06-08T17:14:03.666481+00:00'
[2025-06-08T17:14:47.764+0000] {taskinstance.py:2698} ERROR - Task failed with exception
Traceback (most recent call last):
  File "/home/airflow/.local/lib/python3.10/site-packages/airflow/models/taskinstance.py", line 433, in _execute_task
    result = execute_callable(context=context, **execute_callable_kwargs)
  File "/home/airflow/.local/lib/python3.10/site-packages/airflow/decorators/base.py", line 241, in execute
    return_value = super().execute(context)
  File "/home/airflow/.local/lib/python3.10/site-packages/airflow/operators/python.py", line 199, in execute
    return_value = self.execute_callable()
  File "/home/airflow/.local/lib/python3.10/site-packages/airflow/operators/python.py", line 216, in execute_callable
    return self.python_callable(*self.op_args, **self.op_kwargs)
  File "/opt/airflow/dags/staging/cart_items_to_staging.py", line 86, in run_transformation_asia
    transform_cart_items(
TypeError: transform_cart_items() got an unexpected keyword argument 'table'
[2025-06-08T17:14:47.804+0000] {taskinstance.py:1138} INFO - Marking task as FAILED. dag_id=transform_cart_items, task_id=run_transformation_asia, execution_date=20250608T171403, start_date=20250608T171446, end_date=20250608T171447
[2025-06-08T17:14:47.847+0000] {standard_task_runner.py:107} ERROR - Failed to execute job 592 for task run_transformation_asia (transform_cart_items() got an unexpected keyword argument 'table'; 63570)
[2025-06-08T17:14:47.902+0000] {local_task_job_runner.py:234} INFO - Task exited with return code 1
[2025-06-08T17:14:48.046+0000] {taskinstance.py:3280} INFO - 0 downstream tasks scheduled from follow-on schedule check
