[2025-06-08T17:14:23.381+0000] {taskinstance.py:1956} INFO - Dependencies all met for dep_context=non-requeueable deps ti=<TaskInstance: transform_cart_items.run_transformation_us manual__2025-06-08T00:00:00+00:00 [queued]>
[2025-06-08T17:14:23.406+0000] {taskinstance.py:1956} INFO - Dependencies all met for dep_context=requeueable deps ti=<TaskInstance: transform_cart_items.run_transformation_us manual__2025-06-08T00:00:00+00:00 [queued]>
[2025-06-08T17:14:23.407+0000] {taskinstance.py:2170} INFO - Starting attempt 1 of 1
[2025-06-08T17:14:23.447+0000] {taskinstance.py:2191} INFO - Executing <Task(_PythonDecoratedOperator): run_transformation_us> on 2025-06-08 00:00:00+00:00
[2025-06-08T17:14:23.466+0000] {standard_task_runner.py:60} INFO - Started process 5882 to run task
[2025-06-08T17:14:23.466+0000] {clientserver.py:543} INFO - Closing down clientserver connection
[2025-06-08T17:14:23.481+0000] {standard_task_runner.py:87} INFO - Running: ['airflow', 'tasks', 'run', 'transform_cart_items', 'run_transformation_us', 'manual__2025-06-08T00:00:00+00:00', '--job-id', '589', '--raw', '--subdir', 'DAGS_FOLDER/staging/cart_items_to_staging.py', '--cfg-path', '/tmp/tmpkdw9216o']
[2025-06-08T17:14:23.484+0000] {standard_task_runner.py:88} INFO - Job 589: Subtask run_transformation_us
[2025-06-08T17:14:23.563+0000] {logging_mixin.py:188} WARNING - /home/airflow/.local/lib/python3.10/site-packages/airflow/settings.py:194 DeprecationWarning: The sql_alchemy_conn option in [core] has been moved to the sql_alchemy_conn option in [database] - the old setting has been used, but please update your config.
[2025-06-08T17:14:23.698+0000] {task_command.py:423} INFO - Running <TaskInstance: transform_cart_items.run_transformation_us manual__2025-06-08T00:00:00+00:00 [running]> on host 52074d34e08f
[2025-06-08T17:14:24.091+0000] {taskinstance.py:2480} INFO - Exporting env vars: AIRFLOW_CTX_DAG_OWNER='airflow' AIRFLOW_CTX_DAG_ID='transform_cart_items' AIRFLOW_CTX_TASK_ID='run_transformation_us' AIRFLOW_CTX_EXECUTION_DATE='2025-06-08T00:00:00+00:00' AIRFLOW_CTX_TRY_NUMBER='1' AIRFLOW_CTX_DAG_RUN_ID='manual__2025-06-08T00:00:00+00:00'
[2025-06-08T17:14:24.097+0000] {taskinstance.py:2698} ERROR - Task failed with exception
Traceback (most recent call last):
  File "/home/airflow/.local/lib/python3.10/site-packages/airflow/models/taskinstance.py", line 433, in _execute_task
    result = execute_callable(context=context, **execute_callable_kwargs)
  File "/home/airflow/.local/lib/python3.10/site-packages/airflow/decorators/base.py", line 241, in execute
    return_value = super().execute(context)
  File "/home/airflow/.local/lib/python3.10/site-packages/airflow/operators/python.py", line 199, in execute
    return_value = self.execute_callable()
  File "/home/airflow/.local/lib/python3.10/site-packages/airflow/operators/python.py", line 216, in execute_callable
    return self.python_callable(*self.op_args, **self.op_kwargs)
  File "/opt/airflow/dags/staging/cart_items_to_staging.py", line 102, in run_transformation_us
    transform_cart_items(
TypeError: transform_cart_items() got an unexpected keyword argument 'table'
[2025-06-08T17:14:24.162+0000] {taskinstance.py:1138} INFO - Marking task as FAILED. dag_id=transform_cart_items, task_id=run_transformation_us, execution_date=20250608T000000, start_date=20250608T171423, end_date=20250608T171424
[2025-06-08T17:14:24.210+0000] {standard_task_runner.py:107} ERROR - Failed to execute job 589 for task run_transformation_us (transform_cart_items() got an unexpected keyword argument 'table'; 5882)
[2025-06-08T17:14:24.247+0000] {local_task_job_runner.py:234} INFO - Task exited with return code 1
[2025-06-08T17:14:24.321+0000] {taskinstance.py:3280} INFO - 0 downstream tasks scheduled from follow-on schedule check
