[2025-06-08T19:10:28.286+0000] {taskinstance.py:1956} INFO - Dependencies all met for dep_context=non-requeueable deps ti=<TaskInstance: transform_cart_items.run_transformation_us manual__2025-06-08T00:00:00+00:00 [queued]>
[2025-06-08T19:10:28.304+0000] {taskinstance.py:1956} INFO - Dependencies all met for dep_context=requeueable deps ti=<TaskInstance: transform_cart_items.run_transformation_us manual__2025-06-08T00:00:00+00:00 [queued]>
[2025-06-08T19:10:28.304+0000] {taskinstance.py:2170} INFO - Starting attempt 2 of 2
[2025-06-08T19:10:28.334+0000] {taskinstance.py:2191} INFO - Executing <Task(_PythonDecoratedOperator): run_transformation_us> on 2025-06-08 00:00:00+00:00
[2025-06-08T19:10:28.342+0000] {clientserver.py:543} INFO - Closing down clientserver connection
[2025-06-08T19:10:28.341+0000] {standard_task_runner.py:60} INFO - Started process 146686 to run task
[2025-06-08T19:10:28.347+0000] {standard_task_runner.py:87} INFO - Running: ['airflow', 'tasks', 'run', 'transform_cart_items', 'run_transformation_us', 'manual__2025-06-08T00:00:00+00:00', '--job-id', '640', '--raw', '--subdir', 'DAGS_FOLDER/staging/cart_items_to_staging.py', '--cfg-path', '/tmp/tmp1o3eiwae']
[2025-06-08T19:10:28.349+0000] {standard_task_runner.py:88} INFO - Job 640: Subtask run_transformation_us
[2025-06-08T19:10:28.381+0000] {logging_mixin.py:188} WARNING - /home/airflow/.local/lib/python3.10/site-packages/airflow/settings.py:194 DeprecationWarning: The sql_alchemy_conn option in [core] has been moved to the sql_alchemy_conn option in [database] - the old setting has been used, but please update your config.
[2025-06-08T19:10:28.465+0000] {task_command.py:423} INFO - Running <TaskInstance: transform_cart_items.run_transformation_us manual__2025-06-08T00:00:00+00:00 [running]> on host 6ecd1ae3f40b
[2025-06-08T19:10:28.677+0000] {taskinstance.py:2480} INFO - Exporting env vars: AIRFLOW_CTX_DAG_OWNER='airflow' AIRFLOW_CTX_DAG_ID='transform_cart_items' AIRFLOW_CTX_TASK_ID='run_transformation_us' AIRFLOW_CTX_EXECUTION_DATE='2025-06-08T00:00:00+00:00' AIRFLOW_CTX_TRY_NUMBER='2' AIRFLOW_CTX_DAG_RUN_ID='manual__2025-06-08T00:00:00+00:00'
[2025-06-08T19:10:28.679+0000] {logging_mixin.py:188} INFO - Starting transformation for table: cart_items in region: us
[2025-06-08T19:10:28.688+0000] {logging_mixin.py:188} INFO - Reading data from: /opt/airflow/data/raw/region=us/table=cart_items/load_date=2025-06-06/
[2025-06-08T19:10:39.259+0000] {logging_mixin.py:188} INFO - [INFO] Processing 6 records for us
[2025-06-08T19:10:40.060+0000] {logging_mixin.py:188} INFO - Sample transformed data for cart_items in us:
[2025-06-08T19:10:44.719+0000] {logging_mixin.py:188} INFO - +------------+-------+----------+--------+--------------+-------------------+-------------------+-------+--------+
|cart_item_id|cart_id|variant_id|quantity|unit_price_usd|added_at           |updated_at         |_region|_source |
+------------+-------+----------+--------+--------------+-------------------+-------------------+-------+--------+
|1           |1      |2         |1       |1199.99       |2025-06-06 08:00:56|2025-06-06 08:00:56|us     |postgres|
|2           |1      |8         |2       |24.99         |2025-06-06 08:00:56|2025-06-06 08:00:56|us     |postgres|
|3           |2      |15        |1       |1449.99       |2025-06-06 08:00:56|2025-06-06 08:00:56|us     |postgres|
|4           |3      |19        |1       |129.99        |2025-06-06 08:00:56|2025-06-06 08:00:56|us     |postgres|
|5           |4      |6         |1       |399.99        |2025-06-06 08:00:56|2025-06-06 08:00:56|us     |postgres|
+------------+-------+----------+--------+--------------+-------------------+-------------------+-------+--------+
only showing top 5 rows
[2025-06-08T19:10:44.720+0000] {logging_mixin.py:188} INFO - Writing transformed data to: /opt/airflow/data/staging/cart_items/region=us/load_date=2025-06-06/
[2025-06-08T19:10:46.359+0000] {logging_mixin.py:188} INFO - Successfully transformed 6 records for cart_items in us
[2025-06-08T19:19:36.244+0000] {local_task_job_runner.py:302} WARNING - State of this instance has been externally set to removed. Terminating instance.
[2025-06-08T19:19:36.249+0000] {process_utils.py:131} INFO - Sending 15 to group 146686. PIDs of all processes in the group: [146686]
[2025-06-08T19:19:36.250+0000] {process_utils.py:86} INFO - Sending the signal 15 to group 146686
[2025-06-08T19:19:36.251+0000] {taskinstance.py:2450} ERROR - Received SIGTERM. Terminating subprocesses.
[2025-06-08T19:19:36.345+0000] {process_utils.py:79} INFO - Process psutil.Process(pid=146686, status='terminated', exitcode=0, started='19:10:28') (146686) terminated with exit code 0
