[2025-06-09T06:01:31.564+0000] {taskinstance.py:1956} INFO - Dependencies all met for dep_context=non-requeueable deps ti=<TaskInstance: transform_categories.run_transformation_us manual__2025-06-09T05:53:09.877616+00:00 [queued]>
[2025-06-09T06:01:31.584+0000] {taskinstance.py:1956} INFO - Dependencies all met for dep_context=requeueable deps ti=<TaskInstance: transform_categories.run_transformation_us manual__2025-06-09T05:53:09.877616+00:00 [queued]>
[2025-06-09T06:01:31.585+0000] {taskinstance.py:2170} INFO - Starting attempt 1 of 1
[2025-06-09T06:01:31.612+0000] {taskinstance.py:2191} INFO - Executing <Task(_PythonDecoratedOperator): run_transformation_us> on 2025-06-09 05:53:09.877616+00:00
[2025-06-09T06:01:31.622+0000] {standard_task_runner.py:60} INFO - Started process 29046 to run task
[2025-06-09T06:01:31.626+0000] {clientserver.py:543} INFO - Closing down clientserver connection
[2025-06-09T06:01:31.632+0000] {standard_task_runner.py:87} INFO - Running: ['airflow', 'tasks', 'run', 'transform_categories', 'run_transformation_us', 'manual__2025-06-09T05:53:09.877616+00:00', '--job-id', '5', '--raw', '--subdir', 'DAGS_FOLDER/staging/categories_to_staging.py', '--cfg-path', '/tmp/tmprbavcrgi']
[2025-06-09T06:01:31.634+0000] {standard_task_runner.py:88} INFO - Job 5: Subtask run_transformation_us
[2025-06-09T06:01:31.675+0000] {logging_mixin.py:188} WARNING - /home/airflow/.local/lib/python3.10/site-packages/airflow/settings.py:194 DeprecationWarning: The sql_alchemy_conn option in [core] has been moved to the sql_alchemy_conn option in [database] - the old setting has been used, but please update your config.
[2025-06-09T06:01:31.778+0000] {task_command.py:423} INFO - Running <TaskInstance: transform_categories.run_transformation_us manual__2025-06-09T05:53:09.877616+00:00 [running]> on host 64d899e082be
[2025-06-09T06:01:32.049+0000] {taskinstance.py:2480} INFO - Exporting env vars: AIRFLOW_CTX_DAG_OWNER='airflow' AIRFLOW_CTX_DAG_ID='transform_categories' AIRFLOW_CTX_TASK_ID='run_transformation_us' AIRFLOW_CTX_EXECUTION_DATE='2025-06-09T05:53:09.877616+00:00' AIRFLOW_CTX_TRY_NUMBER='1' AIRFLOW_CTX_DAG_RUN_ID='manual__2025-06-09T05:53:09.877616+00:00'
[2025-06-09T06:01:32.050+0000] {logging_mixin.py:188} INFO - Starting transformation for table: categories in region: us
[2025-06-09T06:01:32.090+0000] {logging_mixin.py:188} INFO - Reading data from: /opt/airflow/data/raw/region=us/table=categories/load_date=2025-06-08/
[2025-06-09T06:01:41.587+0000] {logging_mixin.py:188} INFO - [INFO] Processing 30 records for us
[2025-06-09T06:01:42.209+0000] {logging_mixin.py:188} INFO - Sample transformed data for us:
[2025-06-09T06:01:46.865+0000] {logging_mixin.py:188} INFO - +-----------+---------------+------------------+------------------------+---------+-------------------+-------------------+-------+--------+
|category_id|category_name  |parent_category_id|category_path           |is_active|created_at         |updated_at         |_region|_source |
+-----------+---------------+------------------+------------------------+---------+-------------------+-------------------+-------+--------+
|1          |Electronics    |NULL              |/Electronics            |true     |2025-06-08 19:23:27|2025-06-08 19:23:27|us     |postgres|
|2          |Smartphones    |1                 |/Electronics/Smartphones|true     |2025-06-08 19:23:27|2025-06-08 19:23:27|us     |postgres|
|3          |Laptops        |1                 |/Electronics/Laptops    |true     |2025-06-08 19:23:27|2025-06-08 19:23:27|us     |postgres|
|4          |Gaming Consoles|1                 |/Electronics/Gaming     |true     |2025-06-08 19:23:27|2025-06-08 19:23:27|us     |postgres|
|5          |Clothing       |NULL              |/Clothing               |true     |2025-06-08 19:23:27|2025-06-08 19:23:27|us     |postgres|
+-----------+---------------+------------------+------------------------+---------+-------------------+-------------------+-------+--------+
only showing top 5 rows
[2025-06-09T06:01:46.866+0000] {logging_mixin.py:188} INFO - Writing transformed data to: /opt/airflow/data/staging/categories/region=us/load_date=2025-06-08/
[2025-06-09T06:01:48.671+0000] {logging_mixin.py:188} INFO - Successfully transformed 30 records for us
[2025-06-09T06:13:01.700+0000] {local_task_job_runner.py:302} WARNING - State of this instance has been externally set to skipped. Terminating instance.
[2025-06-09T06:13:01.782+0000] {process_utils.py:131} INFO - Sending 15 to group 29046. PIDs of all processes in the group: [29046]
[2025-06-09T06:13:01.792+0000] {process_utils.py:86} INFO - Sending the signal 15 to group 29046
[2025-06-09T06:13:01.836+0000] {taskinstance.py:2450} ERROR - Received SIGTERM. Terminating subprocesses.
[2025-06-09T06:13:02.507+0000] {process_utils.py:79} INFO - Process psutil.Process(pid=29046, status='terminated', exitcode=0, started='06:01:31') (29046) terminated with exit code 0
