[2025-06-09T04:26:38.930+0000] {taskinstance.py:1956} INFO - Dependencies all met for dep_context=non-requeueable deps ti=<TaskInstance: multi_region_processor_7.process_region_asia.process_customers_asia manual__2025-06-09T04:18:54.341856+00:00 [queued]>
[2025-06-09T04:26:38.955+0000] {taskinstance.py:1956} INFO - Dependencies all met for dep_context=requeueable deps ti=<TaskInstance: multi_region_processor_7.process_region_asia.process_customers_asia manual__2025-06-09T04:18:54.341856+00:00 [queued]>
[2025-06-09T04:26:38.957+0000] {taskinstance.py:2170} INFO - Starting attempt 2 of 2
[2025-06-09T04:26:39.115+0000] {taskinstance.py:2191} INFO - Executing <Task(_PythonDecoratedOperator): process_region_asia.process_customers_asia> on 2025-06-09 04:18:54.341856+00:00
[2025-06-09T04:26:39.129+0000] {standard_task_runner.py:60} INFO - Started process 1134 to run task
[2025-06-09T04:26:39.129+0000] {clientserver.py:543} INFO - Closing down clientserver connection
[2025-06-09T04:26:39.138+0000] {standard_task_runner.py:87} INFO - Running: ['airflow', 'tasks', 'run', 'multi_region_processor_7', 'process_region_asia.process_customers_asia', 'manual__2025-06-09T04:18:54.341856+00:00', '--job-id', '144', '--raw', '--subdir', 'DAGS_FOLDER/master2.py', '--cfg-path', '/tmp/tmphyghkott']
[2025-06-09T04:26:39.140+0000] {standard_task_runner.py:88} INFO - Job 144: Subtask process_region_asia.process_customers_asia
[2025-06-09T04:26:39.473+0000] {logging_mixin.py:188} WARNING - /home/airflow/.local/lib/python3.10/site-packages/airflow/settings.py:194 DeprecationWarning: The sql_alchemy_conn option in [core] has been moved to the sql_alchemy_conn option in [database] - the old setting has been used, but please update your config.
[2025-06-09T04:26:39.576+0000] {task_command.py:423} INFO - Running <TaskInstance: multi_region_processor_7.process_region_asia.process_customers_asia manual__2025-06-09T04:18:54.341856+00:00 [running]> on host 847c6af56c4f
[2025-06-09T04:26:39.824+0000] {taskinstance.py:2480} INFO - Exporting env vars: AIRFLOW_CTX_DAG_OWNER='data-team' AIRFLOW_CTX_DAG_ID='multi_region_processor_7' AIRFLOW_CTX_TASK_ID='process_region_asia.process_customers_asia' AIRFLOW_CTX_EXECUTION_DATE='2025-06-09T04:18:54.341856+00:00' AIRFLOW_CTX_TRY_NUMBER='2' AIRFLOW_CTX_DAG_RUN_ID='manual__2025-06-09T04:18:54.341856+00:00'
[2025-06-09T04:26:39.861+0000] {logging_mixin.py:188} INFO - Processing customers for region asia
[2025-06-09T04:27:12.818+0000] {logging_mixin.py:188} INFO - +-----------+--------------------+----------+---------+------------+-------------------+------+-------------------+-------------------+----------------+-------------------+-------------------+-------+--------+
|customer_id|               email|first_name|last_name|       phone|         birth_date|gender|  registration_date|         last_login|customer_segment|acquisition_channel|         created_at|_region| _source|
+-----------+--------------------+----------+---------+------------+-------------------+------+-------------------+-------------------+----------------+-------------------+-------------------+-------+--------+
|          1|tanaka.yuki@email.jp|      Yuki|   Tanaka|+81312345678|1985-04-12 00:00:00|  Male|2024-01-15 09:30:45|2024-02-20 14:25:30|         premium|            organic|2024-01-15 09:30:45|   asia|postgres|
|          2|sato.hanako@gmail...|    Hanako|     Sato|+81687654321|1990-07-22 00:00:00|Female|2024-01-16 00:00:00|2024-02-21 00:00:00|         regular|       social_media|2024-01-16 11:45:20|   asia|postgres|
|          3|suzuki.taro@yahoo...|      Taro|   Suzuki|        NULL|1982-05-15 00:00:00|  Male|2024-01-17 00:00:00|2024-02-22 00:00:00|             new|           referral|2024-01-17 13:20:35|   asia|postgres|
|          4|yamada.keiko@hotm...|     Keiko|   Yamada|        NULL|               NULL|Female|               NULL|               NULL|         regular|           paid_ads|2024-01-18 15:35:10|   asia|postgres|
|          5|watanabe.akira@ou...|     Akira| Watanabe|        NULL|1975-09-25 00:00:00|  Male|2024-01-19 00:00:00|2024-02-24 00:00:00|         premium|     email_campaign|2024-01-19 08:50:25|   asia|postgres|
|          6|                NULL|    Yumiko| Nakamura|+81356789012|1992-01-30 00:00:00|Female|2024-01-20 10:15:40|2024-02-25 15:20:35|         regular|            organic|2024-01-20 10:15:40|   asia|postgres|
|          7|                NULL|   Hiroshi|      Ito|+81667890123|1980-12-05 00:00:00|  Male|2024-01-21 00:00:00|2024-02-26 00:00:00|             new|       social_media|2024-01-21 12:30:15|   asia|postgres|
|          8|                NULL|     Ayumi|     Kato|        NULL|1987-04-10 00:00:00|Female|2024-01-22 00:00:00|2024-02-27 00:00:00|         regular|           referral|2024-01-22 14:45:30|   asia|postgres|
|          9|                NULL|   Takashi|    Saito|        NULL|               NULL|  Male|               NULL|               NULL|         premium|           paid_ads|2024-01-23 16:20:45|   asia|postgres|
|         10|                NULL|    Mizuki|Kobayashi|        NULL|1991-03-06 00:00:00|Female|2024-01-24 00:00:00|2024-02-29 00:00:00|         regular|     email_campaign|2024-01-24 09:35:20|   asia|postgres|
+-----------+--------------------+----------+---------+------------+-------------------+------+-------------------+-------------------+----------------+-------------------+-------------------+-------+--------+
only showing top 10 rows
[2025-06-09T04:27:14.251+0000] {logging_mixin.py:188} INFO - Successfully processed 50 records for customers in asia
