[2025-06-11T11:34:35.469+0000] {taskinstance.py:1956} INFO - Dependencies all met for dep_context=non-requeueable deps ti=<TaskInstance: multi_region_transform_staging.process_region_asia.process_customers_asia manual__2025-06-11T11:34:12.560072+00:00 [queued]>
[2025-06-11T11:34:35.495+0000] {taskinstance.py:1956} INFO - Dependencies all met for dep_context=requeueable deps ti=<TaskInstance: multi_region_transform_staging.process_region_asia.process_customers_asia manual__2025-06-11T11:34:12.560072+00:00 [queued]>
[2025-06-11T11:34:35.496+0000] {taskinstance.py:2170} INFO - Starting attempt 1 of 2
[2025-06-11T11:34:35.543+0000] {taskinstance.py:2191} INFO - Executing <Task(_PythonDecoratedOperator): process_region_asia.process_customers_asia> on 2025-06-11 11:34:12.560072+00:00
[2025-06-11T11:34:35.568+0000] {standard_task_runner.py:60} INFO - Started process 23984 to run task
[2025-06-11T11:34:35.568+0000] {clientserver.py:543} INFO - Closing down clientserver connection
[2025-06-11T11:34:35.591+0000] {standard_task_runner.py:87} INFO - Running: ['airflow', 'tasks', 'run', 'multi_region_transform_staging', 'process_region_asia.process_customers_asia', 'manual__2025-06-11T11:34:12.560072+00:00', '--job-id', '1617', '--raw', '--subdir', 'DAGS_FOLDER/master_dag.py', '--cfg-path', '/tmp/tmpjs9oyb_7']
[2025-06-11T11:34:35.595+0000] {standard_task_runner.py:88} INFO - Job 1617: Subtask process_region_asia.process_customers_asia
[2025-06-11T11:34:35.835+0000] {task_command.py:423} INFO - Running <TaskInstance: multi_region_transform_staging.process_region_asia.process_customers_asia manual__2025-06-11T11:34:12.560072+00:00 [running]> on host 8b0a421f0af7
[2025-06-11T11:34:36.299+0000] {taskinstance.py:2480} INFO - Exporting env vars: AIRFLOW_CTX_DAG_OWNER='data-team' AIRFLOW_CTX_DAG_ID='multi_region_transform_staging' AIRFLOW_CTX_TASK_ID='process_region_asia.process_customers_asia' AIRFLOW_CTX_EXECUTION_DATE='2025-06-11T11:34:12.560072+00:00' AIRFLOW_CTX_TRY_NUMBER='1' AIRFLOW_CTX_DAG_RUN_ID='manual__2025-06-11T11:34:12.560072+00:00'
[2025-06-11T11:34:36.341+0000] {logging_mixin.py:188} INFO - Processing customers for region asia
[2025-06-11T11:34:48.061+0000] {logging_mixin.py:188} INFO - Error processing customers for asia: An error occurred while calling o41.load.
: org.apache.spark.SparkClassNotFoundException: [DATA_SOURCE_NOT_FOUND] Failed to find the data source: snowflake. Please find packages at `https://spark.apache.org/third-party-projects.html`.
	at org.apache.spark.sql.errors.QueryExecutionErrors$.dataSourceNotFoundError(QueryExecutionErrors.scala:725)
	at org.apache.spark.sql.execution.datasources.DataSource$.lookupDataSource(DataSource.scala:647)
	at org.apache.spark.sql.execution.datasources.DataSource$.lookupDataSourceV2(DataSource.scala:697)
	at org.apache.spark.sql.DataFrameReader.load(DataFrameReader.scala:208)
	at org.apache.spark.sql.DataFrameReader.load(DataFrameReader.scala:172)
	at java.base/jdk.internal.reflect.NativeMethodAccessorImpl.invoke0(Native Method)
	at java.base/jdk.internal.reflect.NativeMethodAccessorImpl.invoke(NativeMethodAccessorImpl.java:62)
	at java.base/jdk.internal.reflect.DelegatingMethodAccessorImpl.invoke(DelegatingMethodAccessorImpl.java:43)
	at java.base/java.lang.reflect.Method.invoke(Method.java:566)
	at py4j.reflection.MethodInvoker.invoke(MethodInvoker.java:244)
	at py4j.reflection.ReflectionEngine.invoke(ReflectionEngine.java:374)
	at py4j.Gateway.invoke(Gateway.java:282)
	at py4j.commands.AbstractCommand.invokeMethod(AbstractCommand.java:132)
	at py4j.commands.CallCommand.execute(CallCommand.java:79)
	at py4j.ClientServerConnection.waitForCommands(ClientServerConnection.java:182)
	at py4j.ClientServerConnection.run(ClientServerConnection.java:106)
	at java.base/java.lang.Thread.run(Thread.java:829)
Caused by: java.lang.ClassNotFoundException: snowflake.DefaultSource
	at java.base/java.net.URLClassLoader.findClass(URLClassLoader.java:476)
	at java.base/java.lang.ClassLoader.loadClass(ClassLoader.java:594)
	at java.base/java.lang.ClassLoader.loadClass(ClassLoader.java:527)
	at org.apache.spark.sql.execution.datasources.DataSource$.$anonfun$lookupDataSource$5(DataSource.scala:633)
	at scala.util.Try$.apply(Try.scala:213)
	at org.apache.spark.sql.execution.datasources.DataSource$.$anonfun$lookupDataSource$4(DataSource.scala:633)
	at scala.util.Failure.orElse(Try.scala:224)
	at org.apache.spark.sql.execution.datasources.DataSource$.lookupDataSource(DataSource.scala:633)
	... 15 more
