[2025-06-11T10:34:49.764+0000] {taskinstance.py:1956} INFO - Dependencies all met for dep_context=non-requeueable deps ti=<TaskInstance: extract_postgres_table_to_parquet.run_extraction_us manual__2025-06-11T10:20:48.608384+00:00 [queued]>
[2025-06-11T10:34:49.778+0000] {taskinstance.py:1956} INFO - Dependencies all met for dep_context=requeueable deps ti=<TaskInstance: extract_postgres_table_to_parquet.run_extraction_us manual__2025-06-11T10:20:48.608384+00:00 [queued]>
[2025-06-11T10:34:49.778+0000] {taskinstance.py:2170} INFO - Starting attempt 1 of 1
[2025-06-11T10:34:49.795+0000] {taskinstance.py:2191} INFO - Executing <Task(_PythonDecoratedOperator): run_extraction_us> on 2025-06-11 10:20:48.608384+00:00
[2025-06-11T10:34:49.803+0000] {standard_task_runner.py:60} INFO - Started process 10023 to run task
[2025-06-11T10:34:49.807+0000] {standard_task_runner.py:87} INFO - Running: ['airflow', 'tasks', 'run', 'extract_postgres_table_to_parquet', 'run_extraction_us', 'manual__2025-06-11T10:20:48.608384+00:00', '--job-id', '1576', '--raw', '--subdir', 'DAGS_FOLDER/asia/landing.py', '--cfg-path', '/tmp/tmptfq8l_3h']
[2025-06-11T10:34:49.809+0000] {standard_task_runner.py:88} INFO - Job 1576: Subtask run_extraction_us
[2025-06-11T10:34:49.900+0000] {task_command.py:423} INFO - Running <TaskInstance: extract_postgres_table_to_parquet.run_extraction_us manual__2025-06-11T10:20:48.608384+00:00 [running]> on host 0290689661db
[2025-06-11T10:34:50.083+0000] {taskinstance.py:2480} INFO - Exporting env vars: AIRFLOW_CTX_DAG_OWNER='airflow' AIRFLOW_CTX_DAG_ID='extract_postgres_table_to_parquet' AIRFLOW_CTX_TASK_ID='run_extraction_us' AIRFLOW_CTX_EXECUTION_DATE='2025-06-11T10:20:48.608384+00:00' AIRFLOW_CTX_TRY_NUMBER='1' AIRFLOW_CTX_DAG_RUN_ID='manual__2025-06-11T10:20:48.608384+00:00'
[2025-06-11T10:34:50.085+0000] {logging_mixin.py:188} INFO - Starting extraction for table: categories in region: us
[2025-06-11T10:34:50.086+0000] {logging_mixin.py:188} INFO - load_date:::::2025-06-11
[2025-06-11T10:35:20.116+0000] {logging_mixin.py:188} INFO - [INFO] Last loaded timestamp: 2025-06-11 02:14:19
[2025-06-11T10:35:24.400+0000] {logging_mixin.py:188} INFO - [INFO] No new records found in us.categories
[2025-06-11T10:35:25.411+0000] {logging_mixin.py:188} INFO - Starting extraction for table: products in region: us
[2025-06-11T10:35:25.412+0000] {logging_mixin.py:188} INFO - load_date:::::2025-06-11
[2025-06-11T10:35:28.683+0000] {logging_mixin.py:188} INFO - [INFO] Last loaded timestamp: 2025-06-11 02:14:19
[2025-06-11T10:35:29.618+0000] {logging_mixin.py:188} INFO - [INFO] No new records found in us.products
[2025-06-11T10:35:30.612+0000] {logging_mixin.py:188} INFO - Starting extraction for table: product_variants in region: us
[2025-06-11T10:35:30.613+0000] {logging_mixin.py:188} INFO - load_date:::::2025-06-11
[2025-06-11T10:35:33.163+0000] {logging_mixin.py:188} INFO - [INFO] Last loaded timestamp: 2025-06-11 02:14:19
[2025-06-11T10:35:34.300+0000] {logging_mixin.py:188} INFO - [INFO] No new records found in us.product_variants
[2025-06-11T10:35:35.288+0000] {logging_mixin.py:188} INFO - Starting extraction for table: inventory in region: us
[2025-06-11T10:35:35.289+0000] {logging_mixin.py:188} INFO - load_date:::::2025-06-11
[2025-06-11T10:35:37.315+0000] {logging_mixin.py:188} INFO - [INFO] Last loaded timestamp: 2025-06-11 02:14:19
[2025-06-11T10:35:38.172+0000] {logging_mixin.py:188} INFO - [INFO] No new records found in us.inventory
[2025-06-11T10:35:39.173+0000] {logging_mixin.py:188} INFO - Starting extraction for table: customers in region: us
[2025-06-11T10:35:39.174+0000] {logging_mixin.py:188} INFO - load_date:::::2025-06-11
[2025-06-11T10:35:42.403+0000] {logging_mixin.py:188} INFO - [INFO] Last loaded timestamp: 2025-06-11 02:14:19
[2025-06-11T10:35:43.111+0000] {logging_mixin.py:188} INFO - [INFO] No new records found in us.customers
[2025-06-11T10:35:44.107+0000] {logging_mixin.py:188} INFO - Starting extraction for table: customer_addresses in region: us
[2025-06-11T10:35:44.107+0000] {logging_mixin.py:188} INFO - load_date:::::2025-06-11
[2025-06-11T10:35:46.916+0000] {logging_mixin.py:188} INFO - [INFO] Last loaded timestamp: 2025-06-11 02:14:19
[2025-06-11T10:35:47.952+0000] {logging_mixin.py:188} INFO - [INFO] No new records found in us.customer_addresses
[2025-06-11T10:35:48.955+0000] {logging_mixin.py:188} INFO - Starting extraction for table: marketing_campaigns in region: us
[2025-06-11T10:35:48.956+0000] {logging_mixin.py:188} INFO - load_date:::::2025-06-11
[2025-06-11T10:35:51.681+0000] {logging_mixin.py:188} INFO - [INFO] Last loaded timestamp: 2025-06-11 02:14:19
[2025-06-11T10:35:52.552+0000] {logging_mixin.py:188} INFO - [INFO] No new records found in us.marketing_campaigns
[2025-06-11T10:35:53.556+0000] {logging_mixin.py:188} INFO - Starting extraction for table: discounts in region: us
[2025-06-11T10:35:53.557+0000] {logging_mixin.py:188} INFO - load_date:::::2025-06-11
[2025-06-11T10:35:56.994+0000] {logging_mixin.py:188} INFO - [INFO] Last loaded timestamp: 2025-06-11 02:14:19
[2025-06-11T10:35:58.338+0000] {logging_mixin.py:188} INFO - [INFO] No new records found in us.discounts
[2025-06-11T10:35:59.337+0000] {logging_mixin.py:188} INFO - Starting extraction for table: shopping_carts in region: us
[2025-06-11T10:35:59.339+0000] {logging_mixin.py:188} INFO - load_date:::::2025-06-11
[2025-06-11T10:36:02.371+0000] {logging_mixin.py:188} INFO - [INFO] Last loaded timestamp: 2025-06-11 02:14:19
[2025-06-11T10:36:03.718+0000] {logging_mixin.py:188} INFO - [INFO] No new records found in us.shopping_carts
[2025-06-11T10:36:04.702+0000] {logging_mixin.py:188} INFO - Starting extraction for table: cart_items in region: us
[2025-06-11T10:36:04.703+0000] {logging_mixin.py:188} INFO - load_date:::::2025-06-11
[2025-06-11T10:36:08.240+0000] {logging_mixin.py:188} INFO - [INFO] Last loaded timestamp: 2025-06-11 02:14:19
[2025-06-11T10:36:09.485+0000] {logging_mixin.py:188} INFO - [INFO] No new records found in us.cart_items
[2025-06-11T10:36:10.496+0000] {logging_mixin.py:188} INFO - Starting extraction for table: orders in region: us
[2025-06-11T10:36:10.499+0000] {logging_mixin.py:188} INFO - load_date:::::2025-06-11
[2025-06-11T10:36:14.939+0000] {logging_mixin.py:188} INFO - [INFO] Last loaded timestamp: 2025-06-11 02:14:19
[2025-06-11T10:36:16.235+0000] {logging_mixin.py:188} INFO - [INFO] No new records found in us.orders
[2025-06-11T10:36:17.236+0000] {logging_mixin.py:188} INFO - Starting extraction for table: order_items in region: us
[2025-06-11T10:36:17.237+0000] {logging_mixin.py:188} INFO - load_date:::::2025-06-11
[2025-06-11T10:36:20.168+0000] {logging_mixin.py:188} INFO - [INFO] Last loaded timestamp: 2025-06-11 02:14:19
[2025-06-11T10:36:20.832+0000] {logging_mixin.py:188} INFO - [INFO] No new records found in us.order_items
[2025-06-11T10:36:21.833+0000] {logging_mixin.py:188} INFO - Starting extraction for table: shipments in region: us
[2025-06-11T10:36:21.833+0000] {logging_mixin.py:188} INFO - load_date:::::2025-06-11
[2025-06-11T10:36:24.780+0000] {logging_mixin.py:188} INFO - [INFO] Last loaded timestamp: 2025-06-11 02:14:19
[2025-06-11T10:36:26.174+0000] {logging_mixin.py:188} INFO - [INFO] No new records found in us.shipments
[2025-06-11T10:36:27.165+0000] {logging_mixin.py:188} INFO - Starting extraction for table: returns in region: us
[2025-06-11T10:36:27.166+0000] {logging_mixin.py:188} INFO - load_date:::::2025-06-11
[2025-06-11T10:36:29.533+0000] {logging_mixin.py:188} INFO - [INFO] Last loaded timestamp: 2025-06-11 02:14:19
[2025-06-11T10:36:30.487+0000] {logging_mixin.py:188} INFO - [INFO] No new records found in us.returns
[2025-06-11T10:36:31.493+0000] {logging_mixin.py:188} INFO - Starting extraction for table: product_reviews in region: us
[2025-06-11T10:36:31.494+0000] {logging_mixin.py:188} INFO - load_date:::::2025-06-11
[2025-06-11T10:36:33.654+0000] {logging_mixin.py:188} INFO - [INFO] Last loaded timestamp: 2025-06-11 02:14:19
[2025-06-11T10:36:34.160+0000] {logging_mixin.py:188} INFO - [INFO] No new records found in us.product_reviews
[2025-06-11T10:36:35.158+0000] {logging_mixin.py:188} INFO - Starting extraction for table: payments in region: us
[2025-06-11T10:36:35.158+0000] {logging_mixin.py:188} INFO - load_date:::::2025-06-11
[2025-06-11T10:36:36.945+0000] {logging_mixin.py:188} INFO - [INFO] Last loaded timestamp: 2025-06-11 02:14:19
[2025-06-11T10:36:37.339+0000] {logging_mixin.py:188} INFO - [INFO] No new records found in us.payments
[2025-06-11T10:36:38.342+0000] {logging_mixin.py:188} INFO - Starting extraction for table: wishlists in region: us
[2025-06-11T10:36:38.342+0000] {logging_mixin.py:188} INFO - load_date:::::2025-06-11
[2025-06-11T10:36:40.117+0000] {logging_mixin.py:188} INFO - [INFO] Last loaded timestamp: 2025-06-11 02:14:19
[2025-06-11T10:36:40.535+0000] {logging_mixin.py:188} INFO - [INFO] No new records found in us.wishlists
[2025-06-11T10:36:41.540+0000] {python.py:201} INFO - Done. Returned value was: None
[2025-06-11T10:36:41.675+0000] {taskinstance.py:1138} INFO - Marking task as SUCCESS. dag_id=extract_postgres_table_to_parquet, task_id=run_extraction_us, execution_date=20250611T102048, start_date=20250611T103449, end_date=20250611T103641
[2025-06-11T10:36:41.952+0000] {local_task_job_runner.py:234} INFO - Task exited with return code 0
[2025-06-11T10:36:42.162+0000] {taskinstance.py:3280} INFO - 0 downstream tasks scheduled from follow-on schedule check
