[2025-06-03T08:02:46.629+0000] {taskinstance.py:1956} INFO - Dependencies all met for dep_context=non-requeueable deps ti=<TaskInstance: ingest_raw_data_asia.extract_asia_asia_product_reviews manual__2025-06-03T06:07:18.020901+00:00 [queued]>
[2025-06-03T08:02:47.262+0000] {taskinstance.py:1956} INFO - Dependencies all met for dep_context=requeueable deps ti=<TaskInstance: ingest_raw_data_asia.extract_asia_asia_product_reviews manual__2025-06-03T06:07:18.020901+00:00 [queued]>
[2025-06-03T08:02:47.263+0000] {taskinstance.py:2170} INFO - Starting attempt 3 of 2
[2025-06-03T08:02:48.695+0000] {taskinstance.py:2191} INFO - Executing <Task(BashOperator): extract_asia_asia_product_reviews> on 2025-06-03 06:07:18.020901+00:00
[2025-06-03T08:02:48.700+0000] {standard_task_runner.py:60} INFO - Started process 3008 to run task
[2025-06-03T08:02:48.701+0000] {standard_task_runner.py:87} INFO - Running: ['airflow', 'tasks', 'run', 'ingest_raw_data_asia', 'extract_asia_asia_product_reviews', 'manual__2025-06-03T06:07:18.020901+00:00', '--job-id', '290', '--raw', '--subdir', 'DAGS_FOLDER/asia/landing.py', '--cfg-path', '/tmp/tmp64emsevg']
[2025-06-03T08:02:48.703+0000] {standard_task_runner.py:88} INFO - Job 290: Subtask extract_asia_asia_product_reviews
[2025-06-03T08:02:53.172+0000] {logging_mixin.py:188} WARNING - /home/airflow/.local/lib/python3.10/site-packages/airflow/settings.py:194 DeprecationWarning: The sql_alchemy_conn option in [core] has been moved to the sql_alchemy_conn option in [database] - the old setting has been used, but please update your config.
[2025-06-03T08:02:53.506+0000] {task_command.py:423} INFO - Running <TaskInstance: ingest_raw_data_asia.extract_asia_asia_product_reviews manual__2025-06-03T06:07:18.020901+00:00 [running]> on host 86069ee61878
[2025-06-03T08:02:56.292+0000] {taskinstance.py:2480} INFO - Exporting env vars: AIRFLOW_CTX_DAG_OWNER='airflow' AIRFLOW_CTX_DAG_ID='ingest_raw_data_asia' AIRFLOW_CTX_TASK_ID='extract_asia_asia_product_reviews' AIRFLOW_CTX_EXECUTION_DATE='2025-06-03T06:07:18.020901+00:00' AIRFLOW_CTX_TRY_NUMBER='3' AIRFLOW_CTX_DAG_RUN_ID='manual__2025-06-03T06:07:18.020901+00:00'
[2025-06-03T08:02:56.676+0000] {subprocess.py:63} INFO - Tmp dir root location: /tmp
[2025-06-03T08:02:57.603+0000] {subprocess.py:75} INFO - Running command: ['/usr/bin/bash', '-c', '\n                spark-submit                     /opt/airflow/scripts/pyspark_jobs/extract_to_parquet.py                     asia.product_reviews "jdbc:postgresql://retail-postgres:5432/retail_etl" retail-etl retail_etl 2025-06-03\n            ']
[2025-06-03T08:02:58.007+0000] {subprocess.py:86} INFO - Output:
[2025-06-03T08:03:36.235+0000] {subprocess.py:93} INFO - 25/06/03 08:03:36 INFO SparkContext: Running Spark version 3.5.6
[2025-06-03T08:03:36.269+0000] {subprocess.py:93} INFO - 25/06/03 08:03:36 INFO SparkContext: OS info Linux, 6.11.0-26-generic, amd64
[2025-06-03T08:03:36.296+0000] {subprocess.py:93} INFO - 25/06/03 08:03:36 INFO SparkContext: Java version 11.0.24
[2025-06-03T08:03:36.927+0000] {subprocess.py:93} INFO - 25/06/03 08:03:36 WARN NativeCodeLoader: Unable to load native-hadoop library for your platform... using builtin-java classes where applicable
[2025-06-03T08:03:37.311+0000] {subprocess.py:93} INFO - 25/06/03 08:03:37 INFO ResourceUtils: ==============================================================
[2025-06-03T08:03:37.312+0000] {subprocess.py:93} INFO - 25/06/03 08:03:37 INFO ResourceUtils: No custom resources configured for spark.driver.
[2025-06-03T08:03:37.320+0000] {subprocess.py:93} INFO - 25/06/03 08:03:37 INFO ResourceUtils: ==============================================================
[2025-06-03T08:03:37.320+0000] {subprocess.py:93} INFO - 25/06/03 08:03:37 INFO SparkContext: Submitted application: Extract_asia_asia.product_reviews
[2025-06-03T08:03:37.426+0000] {subprocess.py:93} INFO - 25/06/03 08:03:37 INFO ResourceProfile: Default ResourceProfile created, executor resources: Map(cores -> name: cores, amount: 1, script: , vendor: , memory -> name: memory, amount: 1024, script: , vendor: , offHeap -> name: offHeap, amount: 0, script: , vendor: ), task resources: Map(cpus -> name: cpus, amount: 1.0)
[2025-06-03T08:03:37.519+0000] {subprocess.py:93} INFO - 25/06/03 08:03:37 INFO ResourceProfile: Limiting resource is cpu
[2025-06-03T08:03:37.531+0000] {subprocess.py:93} INFO - 25/06/03 08:03:37 INFO ResourceProfileManager: Added ResourceProfile id: 0
[2025-06-03T08:03:37.937+0000] {subprocess.py:93} INFO - 25/06/03 08:03:37 INFO SecurityManager: Changing view acls to: airflow
[2025-06-03T08:03:37.942+0000] {subprocess.py:93} INFO - 25/06/03 08:03:37 INFO SecurityManager: Changing modify acls to: airflow
[2025-06-03T08:03:37.953+0000] {subprocess.py:93} INFO - 25/06/03 08:03:37 INFO SecurityManager: Changing view acls groups to:
[2025-06-03T08:03:37.954+0000] {subprocess.py:93} INFO - 25/06/03 08:03:37 INFO SecurityManager: Changing modify acls groups to:
[2025-06-03T08:03:37.954+0000] {subprocess.py:93} INFO - 25/06/03 08:03:37 INFO SecurityManager: SecurityManager: authentication disabled; ui acls disabled; users with view permissions: airflow; groups with view permissions: EMPTY; users with modify permissions: airflow; groups with modify permissions: EMPTY
[2025-06-03T08:03:39.884+0000] {subprocess.py:93} INFO - 25/06/03 08:03:39 INFO Utils: Successfully started service 'sparkDriver' on port 39625.
[2025-06-03T08:03:40.050+0000] {subprocess.py:93} INFO - 25/06/03 08:03:40 INFO SparkEnv: Registering MapOutputTracker
[2025-06-03T08:03:40.214+0000] {subprocess.py:93} INFO - 25/06/03 08:03:40 INFO SparkEnv: Registering BlockManagerMaster
[2025-06-03T08:03:40.302+0000] {subprocess.py:93} INFO - 25/06/03 08:03:40 INFO BlockManagerMasterEndpoint: Using org.apache.spark.storage.DefaultTopologyMapper for getting topology information
[2025-06-03T08:03:40.307+0000] {subprocess.py:93} INFO - 25/06/03 08:03:40 INFO BlockManagerMasterEndpoint: BlockManagerMasterEndpoint up
[2025-06-03T08:03:40.330+0000] {subprocess.py:93} INFO - 25/06/03 08:03:40 INFO SparkEnv: Registering BlockManagerMasterHeartbeat
[2025-06-03T08:03:41.648+0000] {subprocess.py:93} INFO - 25/06/03 08:03:41 INFO DiskBlockManager: Created local directory at /tmp/blockmgr-d1e50353-5493-4a3b-9b67-6d9a55b72a79
[2025-06-03T08:03:41.722+0000] {subprocess.py:93} INFO - 25/06/03 08:03:41 INFO MemoryStore: MemoryStore started with capacity 434.4 MiB
[2025-06-03T08:03:41.789+0000] {subprocess.py:93} INFO - 25/06/03 08:03:41 INFO SparkEnv: Registering OutputCommitCoordinator
[2025-06-03T08:03:48.628+0000] {subprocess.py:93} INFO - 25/06/03 08:03:48 INFO JettyUtils: Start Jetty 0.0.0.0:4040 for SparkUI
[2025-06-03T08:03:48.766+0000] {subprocess.py:93} INFO - 25/06/03 08:03:48 WARN Utils: Service 'SparkUI' could not bind on port 4040. Attempting port 4041.
[2025-06-03T08:03:48.772+0000] {subprocess.py:93} INFO - 25/06/03 08:03:48 WARN Utils: Service 'SparkUI' could not bind on port 4041. Attempting port 4042.
[2025-06-03T08:03:48.773+0000] {subprocess.py:93} INFO - 25/06/03 08:03:48 WARN Utils: Service 'SparkUI' could not bind on port 4042. Attempting port 4043.
[2025-06-03T08:03:48.774+0000] {subprocess.py:93} INFO - 25/06/03 08:03:48 WARN Utils: Service 'SparkUI' could not bind on port 4043. Attempting port 4044.
[2025-06-03T08:03:48.775+0000] {subprocess.py:93} INFO - 25/06/03 08:03:48 WARN Utils: Service 'SparkUI' could not bind on port 4044. Attempting port 4045.
[2025-06-03T08:03:48.778+0000] {subprocess.py:93} INFO - 25/06/03 08:03:48 WARN Utils: Service 'SparkUI' could not bind on port 4045. Attempting port 4046.
[2025-06-03T08:03:48.782+0000] {subprocess.py:93} INFO - 25/06/03 08:03:48 WARN Utils: Service 'SparkUI' could not bind on port 4046. Attempting port 4047.
[2025-06-03T08:03:48.782+0000] {subprocess.py:93} INFO - 25/06/03 08:03:48 WARN Utils: Service 'SparkUI' could not bind on port 4047. Attempting port 4048.
[2025-06-03T08:03:48.783+0000] {subprocess.py:93} INFO - 25/06/03 08:03:48 WARN Utils: Service 'SparkUI' could not bind on port 4048. Attempting port 4049.
[2025-06-03T08:03:48.783+0000] {subprocess.py:93} INFO - 25/06/03 08:03:48 WARN Utils: Service 'SparkUI' could not bind on port 4049. Attempting port 4050.
[2025-06-03T08:03:48.788+0000] {subprocess.py:93} INFO - 25/06/03 08:03:48 WARN Utils: Service 'SparkUI' could not bind on port 4050. Attempting port 4051.
[2025-06-03T08:03:48.789+0000] {subprocess.py:93} INFO - 25/06/03 08:03:48 WARN Utils: Service 'SparkUI' could not bind on port 4051. Attempting port 4052.
[2025-06-03T08:03:48.789+0000] {subprocess.py:93} INFO - 25/06/03 08:03:48 WARN Utils: Service 'SparkUI' could not bind on port 4052. Attempting port 4053.
[2025-06-03T08:03:48.794+0000] {subprocess.py:93} INFO - 25/06/03 08:03:48 WARN Utils: Service 'SparkUI' could not bind on port 4053. Attempting port 4054.
[2025-06-03T08:03:50.764+0000] {subprocess.py:93} INFO - 25/06/03 08:03:50 INFO Utils: Successfully started service 'SparkUI' on port 4054.
[2025-06-03T08:03:51.080+0000] {subprocess.py:93} INFO - 25/06/03 08:03:51 INFO Executor: Starting executor ID driver on host 86069ee61878
[2025-06-03T08:03:51.081+0000] {subprocess.py:93} INFO - 25/06/03 08:03:51 INFO Executor: OS info Linux, 6.11.0-26-generic, amd64
[2025-06-03T08:03:51.082+0000] {subprocess.py:93} INFO - 25/06/03 08:03:51 INFO Executor: Java version 11.0.24
[2025-06-03T08:03:51.093+0000] {subprocess.py:93} INFO - 25/06/03 08:03:51 INFO Executor: Starting executor with user classpath (userClassPathFirst = false): ''
[2025-06-03T08:03:51.094+0000] {subprocess.py:93} INFO - 25/06/03 08:03:51 INFO Executor: Created or updated repl class loader org.apache.spark.util.MutableURLClassLoader@4cb7ee81 for default.
[2025-06-03T08:03:51.133+0000] {subprocess.py:93} INFO - 25/06/03 08:03:51 INFO Utils: Successfully started service 'org.apache.spark.network.netty.NettyBlockTransferService' on port 45193.
[2025-06-03T08:03:51.134+0000] {subprocess.py:93} INFO - 25/06/03 08:03:51 INFO NettyBlockTransferService: Server created on 86069ee61878:45193
[2025-06-03T08:03:51.137+0000] {subprocess.py:93} INFO - 25/06/03 08:03:51 INFO BlockManager: Using org.apache.spark.storage.RandomBlockReplicationPolicy for block replication policy
[2025-06-03T08:03:51.146+0000] {subprocess.py:93} INFO - 25/06/03 08:03:51 INFO BlockManagerMaster: Registering BlockManager BlockManagerId(driver, 86069ee61878, 45193, None)
[2025-06-03T08:03:51.153+0000] {subprocess.py:93} INFO - 25/06/03 08:03:51 INFO BlockManagerMasterEndpoint: Registering block manager 86069ee61878:45193 with 434.4 MiB RAM, BlockManagerId(driver, 86069ee61878, 45193, None)
[2025-06-03T08:03:51.162+0000] {subprocess.py:93} INFO - 25/06/03 08:03:51 INFO BlockManagerMaster: Registered BlockManager BlockManagerId(driver, 86069ee61878, 45193, None)
[2025-06-03T08:03:51.162+0000] {subprocess.py:93} INFO - 25/06/03 08:03:51 INFO BlockManager: Initialized BlockManager: BlockManagerId(driver, 86069ee61878, 45193, None)
[2025-06-03T08:04:08.809+0000] {subprocess.py:93} INFO - 25/06/03 08:04:08 INFO SharedState: Setting hive.metastore.warehouse.dir ('null') to the value of spark.sql.warehouse.dir.
[2025-06-03T08:04:09.723+0000] {subprocess.py:93} INFO - 25/06/03 08:04:09 INFO SharedState: Warehouse path is 'file:/tmp/airflowtmpbwgo4ca0/spark-warehouse'.
[2025-06-03T08:04:48.855+0000] {subprocess.py:93} INFO - Traceback (most recent call last):
[2025-06-03T08:04:48.994+0000] {subprocess.py:93} INFO -   File "/opt/airflow/scripts/pyspark_jobs/extract_to_parquet.py", line 24, in <module>
[2025-06-03T08:04:48.994+0000] {subprocess.py:93} INFO -     .load()
[2025-06-03T08:04:50.877+0000] {subprocess.py:93} INFO -   File "/usr/local/spark/python/lib/pyspark.zip/pyspark/sql/readwriter.py", line 314, in load
[2025-06-03T08:04:51.507+0000] {subprocess.py:93} INFO -   File "/usr/local/spark/python/lib/py4j-0.10.9.7-src.zip/py4j/java_gateway.py", line 1322, in __call__
[2025-06-03T08:04:51.749+0000] {subprocess.py:93} INFO -   File "/usr/local/spark/python/lib/pyspark.zip/pyspark/errors/exceptions/captured.py", line 179, in deco
[2025-06-03T08:04:51.846+0000] {subprocess.py:93} INFO -   File "/usr/local/spark/python/lib/py4j-0.10.9.7-src.zip/py4j/protocol.py", line 326, in get_return_value
[2025-06-03T08:04:52.750+0000] {subprocess.py:93} INFO - py4j.protocol.Py4JJavaError: An error occurred while calling o30.load.
[2025-06-03T08:04:53.018+0000] {subprocess.py:93} INFO - : java.lang.ClassNotFoundException: org.postgresql.Driver
[2025-06-03T08:04:53.108+0000] {subprocess.py:93} INFO - 	at java.base/java.net.URLClassLoader.findClass(URLClassLoader.java:476)
[2025-06-03T08:04:53.171+0000] {subprocess.py:93} INFO - 	at java.base/java.lang.ClassLoader.loadClass(ClassLoader.java:594)
[2025-06-03T08:04:53.171+0000] {subprocess.py:93} INFO - 	at java.base/java.lang.ClassLoader.loadClass(ClassLoader.java:527)
[2025-06-03T08:04:53.171+0000] {subprocess.py:93} INFO - 	at org.apache.spark.sql.execution.datasources.jdbc.DriverRegistry$.register(DriverRegistry.scala:46)
[2025-06-03T08:04:53.172+0000] {subprocess.py:93} INFO - 	at org.apache.spark.sql.execution.datasources.jdbc.JDBCOptions.$anonfun$driverClass$1(JDBCOptions.scala:103)
[2025-06-03T08:04:53.172+0000] {subprocess.py:93} INFO - 	at org.apache.spark.sql.execution.datasources.jdbc.JDBCOptions.$anonfun$driverClass$1$adapted(JDBCOptions.scala:103)
[2025-06-03T08:04:53.172+0000] {subprocess.py:93} INFO - 	at scala.Option.foreach(Option.scala:407)
[2025-06-03T08:04:53.172+0000] {subprocess.py:93} INFO - 	at org.apache.spark.sql.execution.datasources.jdbc.JDBCOptions.<init>(JDBCOptions.scala:103)
[2025-06-03T08:04:53.172+0000] {subprocess.py:93} INFO - 	at org.apache.spark.sql.execution.datasources.jdbc.JDBCOptions.<init>(JDBCOptions.scala:41)
[2025-06-03T08:04:53.172+0000] {subprocess.py:93} INFO - 	at org.apache.spark.sql.execution.datasources.jdbc.JdbcRelationProvider.createRelation(JdbcRelationProvider.scala:34)
[2025-06-03T08:04:53.172+0000] {subprocess.py:93} INFO - 	at org.apache.spark.sql.execution.datasources.DataSource.resolveRelation(DataSource.scala:346)
[2025-06-03T08:04:53.172+0000] {subprocess.py:93} INFO - 	at org.apache.spark.sql.DataFrameReader.loadV1Source(DataFrameReader.scala:229)
[2025-06-03T08:04:53.172+0000] {subprocess.py:93} INFO - 	at org.apache.spark.sql.DataFrameReader.$anonfun$load$2(DataFrameReader.scala:211)
[2025-06-03T08:04:53.172+0000] {subprocess.py:93} INFO - 	at scala.Option.getOrElse(Option.scala:189)
[2025-06-03T08:04:53.172+0000] {subprocess.py:93} INFO - 	at org.apache.spark.sql.DataFrameReader.load(DataFrameReader.scala:211)
[2025-06-03T08:04:53.173+0000] {subprocess.py:93} INFO - 	at org.apache.spark.sql.DataFrameReader.load(DataFrameReader.scala:172)
[2025-06-03T08:04:53.173+0000] {subprocess.py:93} INFO - 	at java.base/jdk.internal.reflect.NativeMethodAccessorImpl.invoke0(Native Method)
[2025-06-03T08:04:53.173+0000] {subprocess.py:93} INFO - 	at java.base/jdk.internal.reflect.NativeMethodAccessorImpl.invoke(NativeMethodAccessorImpl.java:62)
[2025-06-03T08:04:53.173+0000] {subprocess.py:93} INFO - 	at java.base/jdk.internal.reflect.DelegatingMethodAccessorImpl.invoke(DelegatingMethodAccessorImpl.java:43)
[2025-06-03T08:04:53.173+0000] {subprocess.py:93} INFO - 	at java.base/java.lang.reflect.Method.invoke(Method.java:566)
[2025-06-03T08:04:53.173+0000] {subprocess.py:93} INFO - 	at py4j.reflection.MethodInvoker.invoke(MethodInvoker.java:244)
[2025-06-03T08:04:53.173+0000] {subprocess.py:93} INFO - 	at py4j.reflection.ReflectionEngine.invoke(ReflectionEngine.java:374)
[2025-06-03T08:04:53.173+0000] {subprocess.py:93} INFO - 	at py4j.Gateway.invoke(Gateway.java:282)
[2025-06-03T08:04:53.173+0000] {subprocess.py:93} INFO - 	at py4j.commands.AbstractCommand.invokeMethod(AbstractCommand.java:132)
[2025-06-03T08:04:53.173+0000] {subprocess.py:93} INFO - 	at py4j.commands.CallCommand.execute(CallCommand.java:79)
[2025-06-03T08:04:53.173+0000] {subprocess.py:93} INFO - 	at py4j.ClientServerConnection.waitForCommands(ClientServerConnection.java:182)
[2025-06-03T08:04:53.174+0000] {subprocess.py:93} INFO - 	at py4j.ClientServerConnection.run(ClientServerConnection.java:106)
[2025-06-03T08:04:53.174+0000] {subprocess.py:93} INFO - 	at java.base/java.lang.Thread.run(Thread.java:829)
[2025-06-03T08:04:53.174+0000] {subprocess.py:93} INFO - 
[2025-06-03T08:04:55.914+0000] {subprocess.py:93} INFO - 25/06/03 08:04:55 INFO SparkContext: Invoking stop() from shutdown hook
[2025-06-03T08:04:55.918+0000] {subprocess.py:93} INFO - 25/06/03 08:04:55 INFO SparkContext: SparkContext is stopping with exitCode 0.
[2025-06-03T08:04:56.434+0000] {subprocess.py:93} INFO - 25/06/03 08:04:56 INFO SparkUI: Stopped Spark web UI at http://86069ee61878:4054
[2025-06-03T08:04:57.655+0000] {subprocess.py:93} INFO - 25/06/03 08:04:57 INFO MapOutputTrackerMasterEndpoint: MapOutputTrackerMasterEndpoint stopped!
[2025-06-03T08:04:58.040+0000] {subprocess.py:93} INFO - 25/06/03 08:04:58 INFO MemoryStore: MemoryStore cleared
[2025-06-03T08:04:58.041+0000] {subprocess.py:93} INFO - 25/06/03 08:04:58 INFO BlockManager: BlockManager stopped
[2025-06-03T08:04:58.280+0000] {subprocess.py:93} INFO - 25/06/03 08:04:58 INFO BlockManagerMaster: BlockManagerMaster stopped
[2025-06-03T08:04:58.303+0000] {subprocess.py:93} INFO - 25/06/03 08:04:58 INFO OutputCommitCoordinator$OutputCommitCoordinatorEndpoint: OutputCommitCoordinator stopped!
[2025-06-03T08:04:58.378+0000] {subprocess.py:93} INFO - 25/06/03 08:04:58 INFO SparkContext: Successfully stopped SparkContext
[2025-06-03T08:04:58.379+0000] {subprocess.py:93} INFO - 25/06/03 08:04:58 INFO ShutdownHookManager: Shutdown hook called
[2025-06-03T08:04:58.382+0000] {subprocess.py:93} INFO - 25/06/03 08:04:58 INFO ShutdownHookManager: Deleting directory /tmp/spark-d760da03-135c-4262-9418-9fb976449d61
[2025-06-03T08:04:58.393+0000] {subprocess.py:93} INFO - 25/06/03 08:04:58 INFO ShutdownHookManager: Deleting directory /tmp/spark-2f507964-c885-4007-8e00-8c07f33c75ad/pyspark-8c96ed80-6f5c-4ab7-b3cd-c422255081b4
[2025-06-03T08:04:58.416+0000] {subprocess.py:93} INFO - 25/06/03 08:04:58 INFO ShutdownHookManager: Deleting directory /tmp/spark-2f507964-c885-4007-8e00-8c07f33c75ad
[2025-06-03T08:05:01.125+0000] {subprocess.py:97} INFO - Command exited with return code 1
