[2025-06-11T16:03:42.657+0000] {taskinstance.py:1956} INFO - Dependencies all met for dep_context=non-requeueable deps ti=<TaskInstance: multi_region_transform_staging_v2.process_region_us.process_customers_us manual__2025-06-11T15:56:28.438220+00:00 [queued]>
[2025-06-11T16:03:42.675+0000] {taskinstance.py:1956} INFO - Dependencies all met for dep_context=requeueable deps ti=<TaskInstance: multi_region_transform_staging_v2.process_region_us.process_customers_us manual__2025-06-11T15:56:28.438220+00:00 [queued]>
[2025-06-11T16:03:42.676+0000] {taskinstance.py:2170} INFO - Starting attempt 2 of 2
[2025-06-11T16:03:42.697+0000] {taskinstance.py:2191} INFO - Executing <Task(_PythonDecoratedOperator): process_region_us.process_customers_us> on 2025-06-11 15:56:28.438220+00:00
[2025-06-11T16:03:42.709+0000] {standard_task_runner.py:60} INFO - Started process 16409 to run task
[2025-06-11T16:03:42.714+0000] {standard_task_runner.py:87} INFO - Running: ['airflow', 'tasks', 'run', 'multi_region_transform_staging_v2', 'process_region_us.process_customers_us', 'manual__2025-06-11T15:56:28.438220+00:00', '--job-id', '159', '--raw', '--subdir', 'DAGS_FOLDER/master_dag.py', '--cfg-path', '/tmp/tmpikxndl1r']
[2025-06-11T16:03:42.717+0000] {standard_task_runner.py:88} INFO - Job 159: Subtask process_region_us.process_customers_us
[2025-06-11T16:03:42.814+0000] {task_command.py:423} INFO - Running <TaskInstance: multi_region_transform_staging_v2.process_region_us.process_customers_us manual__2025-06-11T15:56:28.438220+00:00 [running]> on host 5950010ae7c1
[2025-06-11T16:03:42.973+0000] {taskinstance.py:2480} INFO - Exporting env vars: AIRFLOW_CTX_DAG_OWNER='data-team' AIRFLOW_CTX_DAG_ID='multi_region_transform_staging_v2' AIRFLOW_CTX_TASK_ID='process_region_us.process_customers_us' AIRFLOW_CTX_EXECUTION_DATE='2025-06-11T15:56:28.438220+00:00' AIRFLOW_CTX_TRY_NUMBER='2' AIRFLOW_CTX_DAG_RUN_ID='manual__2025-06-11T15:56:28.438220+00:00'
[2025-06-11T16:04:02.963+0000] {logging_mixin.py:188} INFO - Debugggg::::Vector(spark://5950010ae7c1:43209/jars/spark-snowflake_2.12-2.16.0-spark_3.2.jar, spark://5950010ae7c1:43209/jars/snowflake-jdbc-3.13.17.jar)
[2025-06-11T16:04:02.965+0000] {logging_mixin.py:188} INFO - Processing customers for region us
[2025-06-11T16:04:03.022+0000] {logging_mixin.py:188} INFO - /opt/airflow/data/raw/region=us/table=customers/load_date=2025-06-11
[2025-06-11T16:04:13.682+0000] {local_task_job_runner.py:302} WARNING - State of this instance has been externally set to failed. Terminating instance.
[2025-06-11T16:04:13.691+0000] {process_utils.py:131} INFO - Sending 15 to group 16409. PIDs of all processes in the group: [16411, 16409]
[2025-06-11T16:04:13.693+0000] {process_utils.py:86} INFO - Sending the signal 15 to group 16409
[2025-06-11T16:04:13.694+0000] {taskinstance.py:2450} ERROR - Received SIGTERM. Terminating subprocesses.
[2025-06-11T16:04:13.696+0000] {clientserver.py:538} INFO - Error while receiving.
Traceback (most recent call last):
  File "/home/airflow/.local/lib/python3.10/site-packages/py4j/clientserver.py", line 511, in send_command
    answer = smart_decode(self.stream.readline()[:-1])
  File "/usr/local/lib/python3.10/socket.py", line 705, in readinto
    return self._sock.recv_into(b)
  File "/home/airflow/.local/lib/python3.10/site-packages/airflow/models/taskinstance.py", line 2452, in signal_handler
    raise AirflowException("Task received SIGTERM signal")
airflow.exceptions.AirflowException: Task received SIGTERM signal
[2025-06-11T16:04:13.698+0000] {clientserver.py:543} INFO - Closing down clientserver connection
[2025-06-11T16:04:13.700+0000] {java_gateway.py:1055} ERROR - Exception while sending command.
Traceback (most recent call last):
  File "/home/airflow/.local/lib/python3.10/site-packages/py4j/clientserver.py", line 511, in send_command
    answer = smart_decode(self.stream.readline()[:-1])
  File "/usr/local/lib/python3.10/socket.py", line 705, in readinto
    return self._sock.recv_into(b)
  File "/home/airflow/.local/lib/python3.10/site-packages/airflow/models/taskinstance.py", line 2452, in signal_handler
    raise AirflowException("Task received SIGTERM signal")
airflow.exceptions.AirflowException: Task received SIGTERM signal

During handling of the above exception, another exception occurred:

Traceback (most recent call last):
  File "/home/airflow/.local/lib/python3.10/site-packages/py4j/java_gateway.py", line 1038, in send_command
    response = connection.send_command(command)
  File "/home/airflow/.local/lib/python3.10/site-packages/py4j/clientserver.py", line 539, in send_command
    raise Py4JNetworkError(
py4j.protocol.Py4JNetworkError: Error while sending or receiving
[2025-06-11T16:04:13.703+0000] {clientserver.py:543} INFO - Closing down clientserver connection
[2025-06-11T16:04:13.707+0000] {logging_mixin.py:188} INFO - Error processing customers for us: An error occurred while calling o40.parquet
[2025-06-11T16:04:14.540+0000] {clientserver.py:538} INFO - Error while receiving.
Traceback (most recent call last):
  File "/opt/airflow/dags/master_dag.py", line 226, in process_table
    df_raw = spark.read.parquet(input_path_parquet)
  File "/home/airflow/.local/lib/python3.10/site-packages/pyspark/sql/readwriter.py", line 544, in parquet
    return self._df(self._jreader.parquet(_to_seq(self._spark._sc, paths)))
  File "/home/airflow/.local/lib/python3.10/site-packages/py4j/java_gateway.py", line 1322, in __call__
    return_value = get_return_value(
  File "/home/airflow/.local/lib/python3.10/site-packages/pyspark/errors/exceptions/captured.py", line 179, in deco
    return f(*a, **kw)
  File "/home/airflow/.local/lib/python3.10/site-packages/py4j/protocol.py", line 334, in get_return_value
    raise Py4JError(
py4j.protocol.Py4JError: An error occurred while calling o40.parquet

During handling of the above exception, another exception occurred:

Traceback (most recent call last):
  File "/home/airflow/.local/lib/python3.10/site-packages/py4j/clientserver.py", line 516, in send_command
    raise Py4JNetworkError("Answer from Java side is empty")
py4j.protocol.Py4JNetworkError: Answer from Java side is empty
[2025-06-11T16:04:14.543+0000] {clientserver.py:543} INFO - Closing down clientserver connection
[2025-06-11T16:04:14.545+0000] {java_gateway.py:1055} ERROR - Exception while sending command.
Traceback (most recent call last):
  File "/opt/airflow/dags/master_dag.py", line 226, in process_table
    df_raw = spark.read.parquet(input_path_parquet)
  File "/home/airflow/.local/lib/python3.10/site-packages/pyspark/sql/readwriter.py", line 544, in parquet
    return self._df(self._jreader.parquet(_to_seq(self._spark._sc, paths)))
  File "/home/airflow/.local/lib/python3.10/site-packages/py4j/java_gateway.py", line 1322, in __call__
    return_value = get_return_value(
  File "/home/airflow/.local/lib/python3.10/site-packages/pyspark/errors/exceptions/captured.py", line 179, in deco
    return f(*a, **kw)
  File "/home/airflow/.local/lib/python3.10/site-packages/py4j/protocol.py", line 334, in get_return_value
    raise Py4JError(
py4j.protocol.Py4JError: An error occurred while calling o40.parquet

During handling of the above exception, another exception occurred:

Traceback (most recent call last):
  File "/home/airflow/.local/lib/python3.10/site-packages/py4j/clientserver.py", line 516, in send_command
    raise Py4JNetworkError("Answer from Java side is empty")
py4j.protocol.Py4JNetworkError: Answer from Java side is empty

During handling of the above exception, another exception occurred:

Traceback (most recent call last):
  File "/home/airflow/.local/lib/python3.10/site-packages/py4j/java_gateway.py", line 1038, in send_command
    response = connection.send_command(command)
  File "/home/airflow/.local/lib/python3.10/site-packages/py4j/clientserver.py", line 539, in send_command
    raise Py4JNetworkError(
py4j.protocol.Py4JNetworkError: Error while sending or receiving
[2025-06-11T16:04:14.554+0000] {clientserver.py:543} INFO - Closing down clientserver connection
[2025-06-11T16:04:14.563+0000] {logging_mixin.py:188} WARNING - /home/airflow/.local/lib/python3.10/site-packages/pyspark/context.py:657 RuntimeWarning: Unable to cleanly shutdown Spark JVM process. It is possible that the process has crashed, been killed or may also be in a zombie state.
[2025-06-11T16:04:14.878+0000] {clientserver.py:543} INFO - Closing down clientserver connection
[2025-06-11T16:04:14.883+0000] {taskinstance.py:2698} ERROR - Task failed with exception
Traceback (most recent call last):
  File "/opt/airflow/dags/master_dag.py", line 226, in process_table
    df_raw = spark.read.parquet(input_path_parquet)
  File "/home/airflow/.local/lib/python3.10/site-packages/pyspark/sql/readwriter.py", line 544, in parquet
    return self._df(self._jreader.parquet(_to_seq(self._spark._sc, paths)))
  File "/home/airflow/.local/lib/python3.10/site-packages/py4j/java_gateway.py", line 1322, in __call__
    return_value = get_return_value(
  File "/home/airflow/.local/lib/python3.10/site-packages/pyspark/errors/exceptions/captured.py", line 179, in deco
    return f(*a, **kw)
  File "/home/airflow/.local/lib/python3.10/site-packages/py4j/protocol.py", line 334, in get_return_value
    raise Py4JError(
py4j.protocol.Py4JError: An error occurred while calling o40.parquet

During handling of the above exception, another exception occurred:

Traceback (most recent call last):
  File "/home/airflow/.local/lib/python3.10/site-packages/airflow/models/taskinstance.py", line 433, in _execute_task
    result = execute_callable(context=context, **execute_callable_kwargs)
  File "/home/airflow/.local/lib/python3.10/site-packages/airflow/decorators/base.py", line 241, in execute
    return_value = super().execute(context)
  File "/home/airflow/.local/lib/python3.10/site-packages/airflow/operators/python.py", line 199, in execute
    return_value = self.execute_callable()
  File "/home/airflow/.local/lib/python3.10/site-packages/airflow/operators/python.py", line 216, in execute_callable
    return self.python_callable(*self.op_args, **self.op_kwargs)
  File "/opt/airflow/dags/master_dag.py", line 305, in process_table
    spark.stop()
  File "/home/airflow/.local/lib/python3.10/site-packages/pyspark/sql/session.py", line 1799, in stop
    self._jvm.SparkSession.clearDefaultSession()
  File "/home/airflow/.local/lib/python3.10/site-packages/py4j/java_gateway.py", line 1712, in __getattr__
    answer = self._gateway_client.send_command(
  File "/home/airflow/.local/lib/python3.10/site-packages/py4j/java_gateway.py", line 1036, in send_command
    connection = self._get_connection()
  File "/home/airflow/.local/lib/python3.10/site-packages/py4j/clientserver.py", line 284, in _get_connection
    connection = self._create_new_connection()
  File "/home/airflow/.local/lib/python3.10/site-packages/py4j/clientserver.py", line 291, in _create_new_connection
    connection.connect_to_java_server()
  File "/home/airflow/.local/lib/python3.10/site-packages/py4j/clientserver.py", line 438, in connect_to_java_server
    self.socket.connect((self.java_address, self.java_port))
ConnectionRefusedError: [Errno 111] Connection refused
[2025-06-11T16:04:14.950+0000] {taskinstance.py:1138} INFO - Marking task as FAILED. dag_id=multi_region_transform_staging_v2, task_id=process_region_us.process_customers_us, execution_date=20250611T155628, start_date=20250611T160342, end_date=20250611T160414
[2025-06-11T16:04:15.014+0000] {standard_task_runner.py:107} ERROR - Failed to execute job 159 for task process_region_us.process_customers_us ([Errno 111] Connection refused; 16409)
[2025-06-11T16:04:15.039+0000] {process_utils.py:79} INFO - Process psutil.Process(pid=16411, status='terminated', started='16:03:42') (16411) terminated with exit code None
[2025-06-11T16:04:15.140+0000] {process_utils.py:79} INFO - Process psutil.Process(pid=16409, status='terminated', exitcode=1, started='16:03:42') (16409) terminated with exit code 1
