[2025-06-11T10:20:48.298+0000] {taskinstance.py:1956} INFO - Dependencies all met for dep_context=non-requeueable deps ti=<TaskInstance: master_etl_dag_v2.load_dim_payment_method scheduled__2025-06-10T02:00:00+00:00 [queued]>
[2025-06-11T10:20:48.314+0000] {taskinstance.py:1956} INFO - Dependencies all met for dep_context=requeueable deps ti=<TaskInstance: master_etl_dag_v2.load_dim_payment_method scheduled__2025-06-10T02:00:00+00:00 [queued]>
[2025-06-11T10:20:48.315+0000] {taskinstance.py:2170} INFO - Starting attempt 1 of 2
[2025-06-11T10:20:48.339+0000] {taskinstance.py:2191} INFO - Executing <Task(TriggerDagRunOperator): load_dim_payment_method> on 2025-06-10 02:00:00+00:00
[2025-06-11T10:20:48.349+0000] {standard_task_runner.py:60} INFO - Started process 5277 to run task
[2025-06-11T10:20:48.354+0000] {standard_task_runner.py:87} INFO - Running: ['airflow', 'tasks', 'run', 'master_etl_dag_v2', 'load_dim_payment_method', 'scheduled__2025-06-10T02:00:00+00:00', '--job-id', '1526', '--raw', '--subdir', 'DAGS_FOLDER/dwh/etl_pipeline.py', '--cfg-path', '/tmp/tmpv5mbgfrf']
[2025-06-11T10:20:48.357+0000] {standard_task_runner.py:88} INFO - Job 1526: Subtask load_dim_payment_method
[2025-06-11T10:20:48.386+0000] {logging_mixin.py:188} WARNING - /home/airflow/.local/lib/python3.10/site-packages/airflow/settings.py:194 DeprecationWarning: The sql_alchemy_conn option in [core] has been moved to the sql_alchemy_conn option in [database] - the old setting has been used, but please update your config.
[2025-06-11T10:20:48.457+0000] {task_command.py:423} INFO - Running <TaskInstance: master_etl_dag_v2.load_dim_payment_method scheduled__2025-06-10T02:00:00+00:00 [running]> on host 0290689661db
[2025-06-11T10:20:48.629+0000] {taskinstance.py:2480} INFO - Exporting env vars: AIRFLOW_CTX_DAG_OWNER='data_team' AIRFLOW_CTX_DAG_ID='master_etl_dag_v2' AIRFLOW_CTX_TASK_ID='load_dim_payment_method' AIRFLOW_CTX_EXECUTION_DATE='2025-06-10T02:00:00+00:00' AIRFLOW_CTX_TRY_NUMBER='1' AIRFLOW_CTX_DAG_RUN_ID='scheduled__2025-06-10T02:00:00+00:00'
[2025-06-11T10:20:48.799+0000] {trigger_dagrun.py:210} INFO - Waiting for payment_method_to_snowflake on 2025-06-11 10:20:48.629932+00:00 to become allowed state ['success'] ...
[2025-06-11T10:21:18.842+0000] {trigger_dagrun.py:210} INFO - Waiting for payment_method_to_snowflake on 2025-06-11 10:20:48.629932+00:00 to become allowed state ['success'] ...
[2025-06-11T10:21:48.881+0000] {trigger_dagrun.py:210} INFO - Waiting for payment_method_to_snowflake on 2025-06-11 10:20:48.629932+00:00 to become allowed state ['success'] ...
[2025-06-11T10:22:18.922+0000] {trigger_dagrun.py:210} INFO - Waiting for payment_method_to_snowflake on 2025-06-11 10:20:48.629932+00:00 to become allowed state ['success'] ...
[2025-06-11T10:22:48.963+0000] {trigger_dagrun.py:210} INFO - Waiting for payment_method_to_snowflake on 2025-06-11 10:20:48.629932+00:00 to become allowed state ['success'] ...
[2025-06-11T10:23:19.008+0000] {trigger_dagrun.py:210} INFO - Waiting for payment_method_to_snowflake on 2025-06-11 10:20:48.629932+00:00 to become allowed state ['success'] ...
[2025-06-11T10:23:49.055+0000] {trigger_dagrun.py:210} INFO - Waiting for payment_method_to_snowflake on 2025-06-11 10:20:48.629932+00:00 to become allowed state ['success'] ...
[2025-06-11T10:24:19.100+0000] {trigger_dagrun.py:210} INFO - Waiting for payment_method_to_snowflake on 2025-06-11 10:20:48.629932+00:00 to become allowed state ['success'] ...
[2025-06-11T10:24:49.144+0000] {trigger_dagrun.py:210} INFO - Waiting for payment_method_to_snowflake on 2025-06-11 10:20:48.629932+00:00 to become allowed state ['success'] ...
[2025-06-11T10:25:19.223+0000] {trigger_dagrun.py:210} INFO - Waiting for payment_method_to_snowflake on 2025-06-11 10:20:48.629932+00:00 to become allowed state ['success'] ...
[2025-06-11T10:25:49.330+0000] {trigger_dagrun.py:210} INFO - Waiting for payment_method_to_snowflake on 2025-06-11 10:20:48.629932+00:00 to become allowed state ['success'] ...
