[2025-06-11T10:32:10.117+0000] {taskinstance.py:1956} INFO - Dependencies all met for dep_context=non-requeueable deps ti=<TaskInstance: master_etl_dag_v2.load_dim_payment_method scheduled__2025-06-10T02:00:00+00:00 [queued]>
[2025-06-11T10:32:10.145+0000] {taskinstance.py:1956} INFO - Dependencies all met for dep_context=requeueable deps ti=<TaskInstance: master_etl_dag_v2.load_dim_payment_method scheduled__2025-06-10T02:00:00+00:00 [queued]>
[2025-06-11T10:32:10.146+0000] {taskinstance.py:2170} INFO - Starting attempt 2 of 2
[2025-06-11T10:32:10.201+0000] {taskinstance.py:2191} INFO - Executing <Task(TriggerDagRunOperator): load_dim_payment_method> on 2025-06-10 02:00:00+00:00
[2025-06-11T10:32:10.221+0000] {standard_task_runner.py:60} INFO - Started process 225 to run task
[2025-06-11T10:32:10.229+0000] {standard_task_runner.py:87} INFO - Running: ['airflow', 'tasks', 'run', 'master_etl_dag_v2', 'load_dim_payment_method', 'scheduled__2025-06-10T02:00:00+00:00', '--job-id', '1561', '--raw', '--subdir', 'DAGS_FOLDER/dwh/etl_pipeline.py', '--cfg-path', '/tmp/tmp4dw2wknm']
[2025-06-11T10:32:10.233+0000] {standard_task_runner.py:88} INFO - Job 1561: Subtask load_dim_payment_method
[2025-06-11T10:32:10.299+0000] {logging_mixin.py:188} WARNING - /home/airflow/.local/lib/python3.10/site-packages/airflow/settings.py:194 DeprecationWarning: The sql_alchemy_conn option in [core] has been moved to the sql_alchemy_conn option in [database] - the old setting has been used, but please update your config.
[2025-06-11T10:32:10.488+0000] {task_command.py:423} INFO - Running <TaskInstance: master_etl_dag_v2.load_dim_payment_method scheduled__2025-06-10T02:00:00+00:00 [running]> on host 0290689661db
[2025-06-11T10:32:11.076+0000] {taskinstance.py:2480} INFO - Exporting env vars: AIRFLOW_CTX_DAG_OWNER='data_team' AIRFLOW_CTX_DAG_ID='master_etl_dag_v2' AIRFLOW_CTX_TASK_ID='load_dim_payment_method' AIRFLOW_CTX_EXECUTION_DATE='2025-06-10T02:00:00+00:00' AIRFLOW_CTX_TRY_NUMBER='2' AIRFLOW_CTX_DAG_RUN_ID='scheduled__2025-06-10T02:00:00+00:00'
[2025-06-11T10:32:11.659+0000] {trigger_dagrun.py:210} INFO - Waiting for payment_method_to_snowflake on 2025-06-11 10:32:11.087694+00:00 to become allowed state ['success'] ...
[2025-06-11T10:32:41.756+0000] {trigger_dagrun.py:210} INFO - Waiting for payment_method_to_snowflake on 2025-06-11 10:32:11.087694+00:00 to become allowed state ['success'] ...
[2025-06-11T10:33:11.832+0000] {trigger_dagrun.py:210} INFO - Waiting for payment_method_to_snowflake on 2025-06-11 10:32:11.087694+00:00 to become allowed state ['success'] ...
[2025-06-11T10:33:41.915+0000] {trigger_dagrun.py:210} INFO - Waiting for payment_method_to_snowflake on 2025-06-11 10:32:11.087694+00:00 to become allowed state ['success'] ...
[2025-06-11T10:34:12.021+0000] {trigger_dagrun.py:210} INFO - Waiting for payment_method_to_snowflake on 2025-06-11 10:32:11.087694+00:00 to become allowed state ['success'] ...
[2025-06-11T10:34:42.131+0000] {trigger_dagrun.py:210} INFO - Waiting for payment_method_to_snowflake on 2025-06-11 10:32:11.087694+00:00 to become allowed state ['success'] ...
[2025-06-11T10:35:12.202+0000] {trigger_dagrun.py:210} INFO - Waiting for payment_method_to_snowflake on 2025-06-11 10:32:11.087694+00:00 to become allowed state ['success'] ...
[2025-06-11T10:35:42.253+0000] {trigger_dagrun.py:210} INFO - Waiting for payment_method_to_snowflake on 2025-06-11 10:32:11.087694+00:00 to become allowed state ['success'] ...
[2025-06-11T10:36:12.335+0000] {trigger_dagrun.py:210} INFO - Waiting for payment_method_to_snowflake on 2025-06-11 10:32:11.087694+00:00 to become allowed state ['success'] ...
[2025-06-11T10:36:42.410+0000] {trigger_dagrun.py:210} INFO - Waiting for payment_method_to_snowflake on 2025-06-11 10:32:11.087694+00:00 to become allowed state ['success'] ...
[2025-06-11T10:37:12.511+0000] {trigger_dagrun.py:223} INFO - payment_method_to_snowflake finished with allowed state success
[2025-06-11T10:37:12.847+0000] {taskinstance.py:1138} INFO - Marking task as SUCCESS. dag_id=master_etl_dag_v2, task_id=load_dim_payment_method, execution_date=20250610T020000, start_date=20250611T103210, end_date=20250611T103712
[2025-06-11T10:37:13.580+0000] {local_task_job_runner.py:234} INFO - Task exited with return code 0
[2025-06-11T10:37:14.117+0000] {taskinstance.py:3280} INFO - 0 downstream tasks scheduled from follow-on schedule check
