[2025-06-11T11:48:05.116+0000] {taskinstance.py:1956} INFO - Dependencies all met for dep_context=non-requeueable deps ti=<TaskInstance: extract_postgres_table_to_parquet.run_extraction_asia manual__2025-06-11T11:45:22.876396+00:00 [queued]>
[2025-06-11T11:48:05.128+0000] {taskinstance.py:1956} INFO - Dependencies all met for dep_context=requeueable deps ti=<TaskInstance: extract_postgres_table_to_parquet.run_extraction_asia manual__2025-06-11T11:45:22.876396+00:00 [queued]>
[2025-06-11T11:48:05.128+0000] {taskinstance.py:2170} INFO - Starting attempt 1 of 1
[2025-06-11T11:48:05.145+0000] {taskinstance.py:2191} INFO - Executing <Task(_PythonDecoratedOperator): run_extraction_asia> on 2025-06-11 11:45:22.876396+00:00
[2025-06-11T11:48:05.153+0000] {standard_task_runner.py:60} INFO - Started process 10942 to run task
[2025-06-11T11:48:05.156+0000] {standard_task_runner.py:87} INFO - Running: ['airflow', 'tasks', 'run', 'extract_postgres_table_to_parquet', 'run_extraction_asia', 'manual__2025-06-11T11:45:22.876396+00:00', '--job-id', '1667', '--raw', '--subdir', 'DAGS_FOLDER/asia/landing.py', '--cfg-path', '/tmp/tmp3gbtg0lj']
[2025-06-11T11:48:05.158+0000] {standard_task_runner.py:88} INFO - Job 1667: Subtask run_extraction_asia
[2025-06-11T11:48:05.236+0000] {task_command.py:423} INFO - Running <TaskInstance: extract_postgres_table_to_parquet.run_extraction_asia manual__2025-06-11T11:45:22.876396+00:00 [running]> on host 8b0a421f0af7
[2025-06-11T11:48:05.393+0000] {taskinstance.py:2480} INFO - Exporting env vars: AIRFLOW_CTX_DAG_OWNER='airflow' AIRFLOW_CTX_DAG_ID='extract_postgres_table_to_parquet' AIRFLOW_CTX_TASK_ID='run_extraction_asia' AIRFLOW_CTX_EXECUTION_DATE='2025-06-11T11:45:22.876396+00:00' AIRFLOW_CTX_TRY_NUMBER='1' AIRFLOW_CTX_DAG_RUN_ID='manual__2025-06-11T11:45:22.876396+00:00'
[2025-06-11T11:48:05.394+0000] {logging_mixin.py:188} INFO - Starting extraction for table: categories in region: asia
[2025-06-11T11:48:05.395+0000] {logging_mixin.py:188} INFO - load_date:::::2025-06-11
[2025-06-11T11:48:27.262+0000] {logging_mixin.py:188} INFO - [INFO] Last loaded timestamp: 2025-06-11 02:14:04
[2025-06-11T11:48:30.043+0000] {logging_mixin.py:188} INFO - [INFO] No new records found in asia.categories
[2025-06-11T11:48:31.024+0000] {logging_mixin.py:188} INFO - Starting extraction for table: products in region: asia
[2025-06-11T11:48:31.024+0000] {logging_mixin.py:188} INFO - load_date:::::2025-06-11
[2025-06-11T11:48:33.363+0000] {logging_mixin.py:188} INFO - [INFO] Last loaded timestamp: 2024-01-31 00:00:00
[2025-06-11T11:48:34.458+0000] {logging_mixin.py:188} INFO - [INFO] No new records found in asia.products
[2025-06-11T11:48:35.462+0000] {logging_mixin.py:188} INFO - Starting extraction for table: product_variants in region: asia
[2025-06-11T11:48:35.463+0000] {logging_mixin.py:188} INFO - load_date:::::2025-06-11
[2025-06-11T11:48:38.447+0000] {logging_mixin.py:188} INFO - [INFO] Last loaded timestamp: 2024-11-02 00:00:00
[2025-06-11T11:48:39.471+0000] {logging_mixin.py:188} INFO - [INFO] No new records found in asia.product_variants
[2025-06-11T11:48:40.466+0000] {logging_mixin.py:188} INFO - Starting extraction for table: inventory in region: asia
[2025-06-11T11:48:40.467+0000] {logging_mixin.py:188} INFO - load_date:::::2025-06-11
[2025-06-11T11:48:42.829+0000] {logging_mixin.py:188} INFO - [INFO] Last loaded timestamp: 2024-12-03 00:00:00
[2025-06-11T11:48:43.980+0000] {logging_mixin.py:188} INFO - [INFO] No new records found in asia.inventory
[2025-06-11T11:48:44.959+0000] {logging_mixin.py:188} INFO - Starting extraction for table: customers in region: asia
[2025-06-11T11:48:44.959+0000] {logging_mixin.py:188} INFO - load_date:::::2025-06-11
[2025-06-11T11:48:47.687+0000] {logging_mixin.py:188} INFO - [INFO] Last loaded timestamp: 2024-02-08 12:50:45
[2025-06-11T11:48:48.830+0000] {logging_mixin.py:188} INFO - [INFO] No new records found in asia.customers
[2025-06-11T11:48:49.823+0000] {logging_mixin.py:188} INFO - Starting extraction for table: customer_addresses in region: asia
[2025-06-11T11:48:49.824+0000] {logging_mixin.py:188} INFO - load_date:::::2025-06-11
[2025-06-11T11:48:52.896+0000] {logging_mixin.py:188} INFO - [INFO] Last loaded timestamp: 2025-06-11 02:14:04
[2025-06-11T11:48:53.840+0000] {logging_mixin.py:188} INFO - [INFO] No new records found in asia.customer_addresses
[2025-06-11T11:48:54.844+0000] {logging_mixin.py:188} INFO - Starting extraction for table: marketing_campaigns in region: asia
[2025-06-11T11:48:54.844+0000] {logging_mixin.py:188} INFO - load_date:::::2025-06-11
[2025-06-11T11:48:57.712+0000] {logging_mixin.py:188} INFO - [INFO] Last loaded timestamp: 2024-02-24 00:00:00
[2025-06-11T11:48:58.853+0000] {logging_mixin.py:188} INFO - [INFO] No new records found in asia.marketing_campaigns
[2025-06-11T11:48:59.842+0000] {logging_mixin.py:188} INFO - Starting extraction for table: discounts in region: asia
[2025-06-11T11:48:59.843+0000] {logging_mixin.py:188} INFO - load_date:::::2025-06-11
[2025-06-11T11:49:02.529+0000] {logging_mixin.py:188} INFO - [INFO] Last loaded timestamp: 2024-05-03 00:00:00
[2025-06-11T11:49:03.263+0000] {logging_mixin.py:188} INFO - [INFO] No new records found in asia.discounts
[2025-06-11T11:49:04.264+0000] {logging_mixin.py:188} INFO - Starting extraction for table: shopping_carts in region: asia
[2025-06-11T11:49:04.264+0000] {logging_mixin.py:188} INFO - load_date:::::2025-06-11
[2025-06-11T11:49:06.735+0000] {logging_mixin.py:188} INFO - [INFO] Last loaded timestamp: 2024-03-19 00:00:00
[2025-06-11T11:49:07.519+0000] {logging_mixin.py:188} INFO - [INFO] No new records found in asia.shopping_carts
[2025-06-11T11:49:08.515+0000] {logging_mixin.py:188} INFO - Starting extraction for table: cart_items in region: asia
[2025-06-11T11:49:08.515+0000] {logging_mixin.py:188} INFO - load_date:::::2025-06-11
[2025-06-11T11:49:10.311+0000] {logging_mixin.py:188} INFO - [INFO] Last loaded timestamp: 2024-03-19 08:50:15
[2025-06-11T11:49:11.076+0000] {logging_mixin.py:188} INFO - [INFO] No new records found in asia.cart_items
[2025-06-11T11:49:12.077+0000] {logging_mixin.py:188} INFO - Starting extraction for table: orders in region: asia
[2025-06-11T11:49:12.077+0000] {logging_mixin.py:188} INFO - load_date:::::2025-06-11
[2025-06-11T11:49:14.594+0000] {logging_mixin.py:188} INFO - [INFO] Last loaded timestamp: 2024-10-03 00:00:00
[2025-06-11T11:49:15.759+0000] {logging_mixin.py:188} INFO - [INFO] No new records found in asia.orders
[2025-06-11T11:49:16.764+0000] {logging_mixin.py:188} INFO - Starting extraction for table: order_items in region: asia
[2025-06-11T11:49:16.765+0000] {logging_mixin.py:188} INFO - load_date:::::2025-06-11
[2025-06-11T11:49:18.653+0000] {logging_mixin.py:188} INFO - [INFO] Last loaded timestamp: 2024-03-14 15:30:45
[2025-06-11T11:49:19.098+0000] {logging_mixin.py:188} INFO - [INFO] No new records found in asia.order_items
[2025-06-11T11:49:20.098+0000] {logging_mixin.py:188} INFO - Starting extraction for table: shipments in region: asia
[2025-06-11T11:49:20.099+0000] {logging_mixin.py:188} INFO - load_date:::::2025-06-11
[2025-06-11T11:49:21.866+0000] {logging_mixin.py:188} INFO - [INFO] Last loaded timestamp: 2024-10-03 00:00:00
[2025-06-11T11:49:22.424+0000] {logging_mixin.py:188} INFO - [INFO] No new records found in asia.shipments
[2025-06-11T11:49:23.423+0000] {logging_mixin.py:188} INFO - Starting extraction for table: returns in region: asia
[2025-06-11T11:49:23.423+0000] {logging_mixin.py:188} INFO - load_date:::::2025-06-11
[2025-06-11T11:49:25.584+0000] {logging_mixin.py:188} INFO - [INFO] Last loaded timestamp: 2024-03-16 00:00:00
[2025-06-11T11:49:26.119+0000] {logging_mixin.py:188} INFO - [INFO] No new records found in asia.returns
[2025-06-11T11:49:27.112+0000] {logging_mixin.py:188} INFO - Starting extraction for table: product_reviews in region: asia
[2025-06-11T11:49:27.113+0000] {logging_mixin.py:188} INFO - load_date:::::2025-06-11
[2025-06-11T11:49:28.796+0000] {logging_mixin.py:188} INFO - [INFO] Last loaded timestamp: 2025-06-11 02:14:04
[2025-06-11T11:49:29.222+0000] {logging_mixin.py:188} INFO - [INFO] No new records found in asia.product_reviews
[2025-06-11T11:49:30.221+0000] {logging_mixin.py:188} INFO - Starting extraction for table: payments in region: asia
[2025-06-11T11:49:30.221+0000] {logging_mixin.py:188} INFO - load_date:::::2025-06-11
[2025-06-11T11:49:32.351+0000] {logging_mixin.py:188} INFO - [INFO] Last loaded timestamp: 2024-09-03 00:00:00
[2025-06-11T11:49:33.101+0000] {logging_mixin.py:188} INFO - [INFO] No new records found in asia.payments
[2025-06-11T11:49:34.100+0000] {logging_mixin.py:188} INFO - Starting extraction for table: wishlists in region: asia
[2025-06-11T11:49:34.100+0000] {logging_mixin.py:188} INFO - load_date:::::2025-06-11
[2025-06-11T11:49:36.375+0000] {logging_mixin.py:188} INFO - [INFO] Last loaded timestamp: 2024-03-21 00:00:00
[2025-06-11T11:49:37.059+0000] {logging_mixin.py:188} INFO - [INFO] No new records found in asia.wishlists
[2025-06-11T11:49:38.060+0000] {python.py:201} INFO - Done. Returned value was: None
[2025-06-11T11:49:38.084+0000] {taskinstance.py:1138} INFO - Marking task as SUCCESS. dag_id=extract_postgres_table_to_parquet, task_id=run_extraction_asia, execution_date=20250611T114522, start_date=20250611T114805, end_date=20250611T114938
[2025-06-11T11:49:38.137+0000] {local_task_job_runner.py:234} INFO - Task exited with return code 0
[2025-06-11T11:49:38.182+0000] {taskinstance.py:3280} INFO - 0 downstream tasks scheduled from follow-on schedule check
