[2025-06-11T18:21:22.483+0000] {taskinstance.py:1956} INFO - Dependencies all met for dep_context=non-requeueable deps ti=<TaskInstance: multi_region_transform_staging_v2.process_region_asia.process_products_asia manual__2025-06-11T18:20:09.445349+00:00 [queued]>
[2025-06-11T18:21:22.506+0000] {taskinstance.py:1956} INFO - Dependencies all met for dep_context=requeueable deps ti=<TaskInstance: multi_region_transform_staging_v2.process_region_asia.process_products_asia manual__2025-06-11T18:20:09.445349+00:00 [queued]>
[2025-06-11T18:21:22.507+0000] {taskinstance.py:2170} INFO - Starting attempt 1 of 2
[2025-06-11T18:21:22.661+0000] {taskinstance.py:2191} INFO - Executing <Task(_PythonDecoratedOperator): process_region_asia.process_products_asia> on 2025-06-11 18:20:09.445349+00:00
[2025-06-11T18:21:22.693+0000] {standard_task_runner.py:60} INFO - Started process 4350 to run task
[2025-06-11T18:21:22.700+0000] {standard_task_runner.py:87} INFO - Running: ['airflow', 'tasks', 'run', 'multi_region_transform_staging_v2', 'process_region_asia.process_products_asia', 'manual__2025-06-11T18:20:09.445349+00:00', '--job-id', '613', '--raw', '--subdir', 'DAGS_FOLDER/master_dag.py', '--cfg-path', '/tmp/tmpts4k3hq9']
[2025-06-11T18:21:22.705+0000] {standard_task_runner.py:88} INFO - Job 613: Subtask process_region_asia.process_products_asia
[2025-06-11T18:21:22.838+0000] {task_command.py:423} INFO - Running <TaskInstance: multi_region_transform_staging_v2.process_region_asia.process_products_asia manual__2025-06-11T18:20:09.445349+00:00 [running]> on host 5950010ae7c1
[2025-06-11T18:21:23.054+0000] {taskinstance.py:2480} INFO - Exporting env vars: AIRFLOW_CTX_DAG_OWNER='data-team' AIRFLOW_CTX_DAG_ID='multi_region_transform_staging_v2' AIRFLOW_CTX_TASK_ID='process_region_asia.process_products_asia' AIRFLOW_CTX_EXECUTION_DATE='2025-06-11T18:20:09.445349+00:00' AIRFLOW_CTX_TRY_NUMBER='1' AIRFLOW_CTX_DAG_RUN_ID='manual__2025-06-11T18:20:09.445349+00:00'
[2025-06-11T18:21:37.619+0000] {logging_mixin.py:188} INFO - Debugggg::::Vector(spark://5950010ae7c1:38955/jars/spark-snowflake_2.12-2.16.0-spark_3.2.jar, spark://5950010ae7c1:38955/jars/snowflake-jdbc-3.13.17.jar)
[2025-06-11T18:21:37.620+0000] {logging_mixin.py:188} INFO - Processing products for region asia
[2025-06-11T18:21:37.659+0000] {logging_mixin.py:188} INFO - /opt/airflow/data/raw/region=asia/table=products/load_date=2025-06-11
[2025-06-11T18:22:08.134+0000] {logging_mixin.py:188} INFO - STAGING_ASIA
[2025-06-11T18:22:11.068+0000] {logging_mixin.py:188} INFO - +----------+-----------+----------------+--------------------+-----------+------------------+------------------+---------+------------------+--------+------------------+---------+-------------------+-------+--------+
|product_id|product_sku|    product_name| product_description|category_id|          base_usd|          cost_usd|weight_kg|         length_cm|width_cm|         height_cm|is_active|         created_at|_region| _source|
+----------+-----------+----------------+--------------------+-----------+------------------+------------------+---------+------------------+--------+------------------+---------+-------------------+-------+--------+
|         1|JP-ITEM-001|   Iphone 15 Pro|Latest Apple smar...|          2|           1018.64|             646.0|     0.19|14.669999999999998|    7.15|              0.78|     true|2024-01-15 08:30:45|   asia|postgres|
|         2|JP-ITEM-002|  Macbook Air M2|Apple MacBook Air...|          3|1074.3999999999999|             666.4|     1.24|30.410000000000004|    21.5|1.1300000000000001|     true|2024-01-16 00:00:00|   asia|postgres|
|         3|JP-ITEM-003|   Playstation 5|Sony PlayStation ...|          4|            406.64|285.59999999999997|     4.50|              39.0|    26.0|              10.4|     true|2024-01-17 00:00:00|   asia|postgres|
|         5|JP-ITEM-005|    Summer Dress|Elegant summer dr...|          7|60.519999999999996|23.799999999999997|     0.30|              NULL|    NULL|              NULL|     true|2024-01-19 00:00:00|   asia|postgres|
|         6|JP-ITEM-006|    Leather Sofa|Premium leather 3...|          9|1346.3999999999999|             646.0|    85.00|             220.0|    90.0|              85.0|     true|2024-01-20 00:00:00|   asia|postgres|
|         7|JP-ITEM-007|Manga Collection|Complete manga se...|         10|              85.0|              40.8|     2.50|              18.0|    12.0|              20.0|     true|2024-01-21 00:00:00|   asia|postgres|
|         8|JP-ITEM-008|    Facial Serum|Premium anti-agin...|         11|             66.64|              20.4|     0.05|              12.0|     4.0|               4.0|     true|2024-01-22 00:00:00|   asia|postgres|
|         9|JP-ITEM-009|   Mountain Bike|Professional moun...|         12| 605.1999999999999|             306.0|    12.50|             170.0|    65.0|             110.0|     true|2024-01-23 00:00:00|   asia|postgres|
|        11|JP-ITEM-011|  Pearl Necklace|Cultured pearl ne...|         15|             170.0|              81.6|     0.05|              45.0|    NULL|              NULL|     true|2024-01-25 00:00:00|   asia|postgres|
|        12|JP-ITEM-012|     Rice Cooker|Advanced fuzzy lo...|          8|             125.8|61.199999999999996|     3.50|              25.0|    30.0|              20.0|     true|2024-01-26 12:40:15|   asia|postgres|
+----------+-----------+----------------+--------------------+-----------+------------------+------------------+---------+------------------+--------+------------------+---------+-------------------+-------+--------+
only showing top 10 rows
[2025-06-11T18:22:11.069+0000] {logging_mixin.py:188} INFO - Inserting into snowflake
[2025-06-11T18:22:19.865+0000] {logging_mixin.py:188} INFO - successfully inserted in snowflake
[2025-06-11T18:22:19.877+0000] {crypto.py:82} WARNING - empty cryptography key - values will not be stored encrypted.
[2025-06-11T18:22:20.094+0000] {logging_mixin.py:188} INFO - Successfully processed 14 records for products in asia
[2025-06-11T18:22:22.716+0000] {python.py:201} INFO - Done. Returned value was: {'region': 'asia', 'table': 'products', 'record_count': 14, 'status': 'success'}
[2025-06-11T18:22:22.758+0000] {taskinstance.py:1138} INFO - Marking task as SUCCESS. dag_id=multi_region_transform_staging_v2, task_id=process_region_asia.process_products_asia, execution_date=20250611T182009, start_date=20250611T182122, end_date=20250611T182222
[2025-06-11T18:22:22.818+0000] {local_task_job_runner.py:234} INFO - Task exited with return code 0
[2025-06-11T18:22:22.872+0000] {taskinstance.py:3280} INFO - 3 downstream tasks scheduled from follow-on schedule check
