[2025-06-10T08:38:10.959+0000] {taskinstance.py:1956} INFO - Dependencies all met for dep_context=non-requeueable deps ti=<TaskInstance: multi_region_ods_merge_v2.ods_merge_group.merge_product_variants scheduled__2025-06-09T00:00:00+00:00 [queued]>
[2025-06-10T08:38:10.971+0000] {taskinstance.py:1956} INFO - Dependencies all met for dep_context=requeueable deps ti=<TaskInstance: multi_region_ods_merge_v2.ods_merge_group.merge_product_variants scheduled__2025-06-09T00:00:00+00:00 [queued]>
[2025-06-10T08:38:10.972+0000] {taskinstance.py:2170} INFO - Starting attempt 1 of 2
[2025-06-10T08:38:10.987+0000] {taskinstance.py:2191} INFO - Executing <Task(_PythonDecoratedOperator): ods_merge_group.merge_product_variants> on 2025-06-09 00:00:00+00:00
[2025-06-10T08:38:10.999+0000] {standard_task_runner.py:60} INFO - Started process 3388 to run task
[2025-06-10T08:38:11.002+0000] {standard_task_runner.py:87} INFO - Running: ['airflow', 'tasks', 'run', 'multi_region_ods_merge_v2', 'ods_merge_group.merge_product_variants', 'scheduled__2025-06-09T00:00:00+00:00', '--job-id', '1056', '--raw', '--subdir', 'DAGS_FOLDER/master_ods_dag.py', '--cfg-path', '/tmp/tmpawjn4ew5']
[2025-06-10T08:38:11.004+0000] {standard_task_runner.py:88} INFO - Job 1056: Subtask ods_merge_group.merge_product_variants
[2025-06-10T08:38:11.115+0000] {task_command.py:423} INFO - Running <TaskInstance: multi_region_ods_merge_v2.ods_merge_group.merge_product_variants scheduled__2025-06-09T00:00:00+00:00 [running]> on host 12acfcfc5342
[2025-06-10T08:38:11.260+0000] {taskinstance.py:2480} INFO - Exporting env vars: AIRFLOW_CTX_DAG_OWNER='data-team' AIRFLOW_CTX_DAG_ID='multi_region_ods_merge_v2' AIRFLOW_CTX_TASK_ID='ods_merge_group.merge_product_variants' AIRFLOW_CTX_EXECUTION_DATE='2025-06-09T00:00:00+00:00' AIRFLOW_CTX_TRY_NUMBER='1' AIRFLOW_CTX_DAG_RUN_ID='scheduled__2025-06-09T00:00:00+00:00'
[2025-06-10T08:38:11.265+0000] {connection.py:486} INFO - Snowflake Connector for Python Version: 3.15.0, Python Version: 3.10.13, Platform: Linux-6.11.0-26-generic-x86_64-with-glibc2.36
[2025-06-10T08:38:11.267+0000] {connection.py:1391} INFO - Connecting to GLOBAL Snowflake domain
[2025-06-10T08:38:27.275+0000] {connectionpool.py:824} WARNING - Retrying (Retry(total=0, connect=None, read=None, redirect=None, status=None)) after connection broken by 'NewConnectionError('<snowflake.connector.vendored.urllib3.connection.HTTPSConnection object at 0x714a01bc5e10>: Failed to establish a new connection: [Errno -3] Temporary failure in name resolution')': /session/v1/login-request?request_id=e5d6f368-79f8-4e67-9eb8-764f6cf5452b&databaseName=retail_dwh&schemaName=ODS&warehouse=COMPUTE_WH&request_guid=e5805a91-7b9e-42a0-b5c1-b566a20befea
[2025-06-10T08:38:32.537+0000] {logging_mixin.py:188} INFO - Successfully connected to Snowflake via snowflake.connector.
[2025-06-10T08:38:32.538+0000] {logging_mixin.py:188} INFO - Running merge for product_variants...
[2025-06-10T08:38:32.983+0000] {logging_mixin.py:188} INFO - Error running merge for product_variants: 000904 (42000): 01bceea6-0305-91a9-0008-654b00124672: SQL compilation error: error line 44 at position 12
invalid identifier 'V.PRICE_ADJUSTMENT_USD'
[2025-06-10T08:38:33.697+0000] {taskinstance.py:2698} ERROR - Task failed with exception
Traceback (most recent call last):
  File "/home/airflow/.local/lib/python3.10/site-packages/airflow/models/taskinstance.py", line 433, in _execute_task
    result = execute_callable(context=context, **execute_callable_kwargs)
  File "/home/airflow/.local/lib/python3.10/site-packages/airflow/decorators/base.py", line 241, in execute
    return_value = super().execute(context)
  File "/home/airflow/.local/lib/python3.10/site-packages/airflow/operators/python.py", line 199, in execute
    return_value = self.execute_callable()
  File "/home/airflow/.local/lib/python3.10/site-packages/airflow/operators/python.py", line 216, in execute_callable
    return self.python_callable(*self.op_args, **self.op_kwargs)
  File "/opt/airflow/dags/master_ods_dag.py", line 167, in merge_table
    run_merge_query(t)
  File "/opt/airflow/dags/master_ods_dag.py", line 146, in run_merge_query
    cursor.execute(merge_sql)
  File "/home/airflow/.local/lib/python3.10/site-packages/snowflake/connector/cursor.py", line 1134, in execute
    Error.errorhandler_wrapper(self.connection, self, error_class, errvalue)
  File "/home/airflow/.local/lib/python3.10/site-packages/snowflake/connector/errors.py", line 279, in errorhandler_wrapper
    handed_over = Error.hand_to_other_handler(
  File "/home/airflow/.local/lib/python3.10/site-packages/snowflake/connector/errors.py", line 334, in hand_to_other_handler
    cursor.errorhandler(connection, cursor, error_class, error_value)
  File "/home/airflow/.local/lib/python3.10/site-packages/snowflake/connector/errors.py", line 210, in default_errorhandler
    raise error_class(
snowflake.connector.errors.ProgrammingError: 000904 (42000): 01bceea6-0305-91a9-0008-654b00124672: SQL compilation error: error line 44 at position 12
invalid identifier 'V.PRICE_ADJUSTMENT_USD'
[2025-06-10T08:38:33.711+0000] {taskinstance.py:1138} INFO - Marking task as UP_FOR_RETRY. dag_id=multi_region_ods_merge_v2, task_id=ods_merge_group.merge_product_variants, execution_date=20250609T000000, start_date=20250610T083810, end_date=20250610T083833
[2025-06-10T08:38:33.729+0000] {standard_task_runner.py:107} ERROR - Failed to execute job 1056 for task ods_merge_group.merge_product_variants (000904 (42000): 01bceea6-0305-91a9-0008-654b00124672: SQL compilation error: error line 44 at position 12
invalid identifier 'V.PRICE_ADJUSTMENT_USD'; 3388)
[2025-06-10T08:38:33.769+0000] {local_task_job_runner.py:234} INFO - Task exited with return code 1
[2025-06-10T08:38:33.790+0000] {taskinstance.py:3280} INFO - 0 downstream tasks scheduled from follow-on schedule check
