[2025-06-11T10:15:51.496+0000] {taskinstance.py:1956} INFO - Dependencies all met for dep_context=non-requeueable deps ti=<TaskInstance: master_etl_dag.fetch_postgres_data_to_parquet scheduled__2025-06-10T02:00:00+00:00 [queued]>
[2025-06-11T10:15:51.506+0000] {taskinstance.py:1956} INFO - Dependencies all met for dep_context=requeueable deps ti=<TaskInstance: master_etl_dag.fetch_postgres_data_to_parquet scheduled__2025-06-10T02:00:00+00:00 [queued]>
[2025-06-11T10:15:51.506+0000] {taskinstance.py:2170} INFO - Starting attempt 1 of 2
[2025-06-11T10:15:51.521+0000] {taskinstance.py:2191} INFO - Executing <Task(TriggerDagRunOperator): fetch_postgres_data_to_parquet> on 2025-06-10 02:00:00+00:00
[2025-06-11T10:15:51.526+0000] {standard_task_runner.py:60} INFO - Started process 2500 to run task
[2025-06-11T10:15:51.531+0000] {standard_task_runner.py:87} INFO - Running: ['airflow', 'tasks', 'run', 'master_etl_dag', 'fetch_postgres_data_to_parquet', 'scheduled__2025-06-10T02:00:00+00:00', '--job-id', '1519', '--raw', '--subdir', 'DAGS_FOLDER/dwh/etl_pipeline.py', '--cfg-path', '/tmp/tmp0q_5vtw6']
[2025-06-11T10:15:51.533+0000] {standard_task_runner.py:88} INFO - Job 1519: Subtask fetch_postgres_data_to_parquet
[2025-06-11T10:15:51.552+0000] {logging_mixin.py:188} WARNING - /home/airflow/.local/lib/python3.10/site-packages/airflow/settings.py:194 DeprecationWarning: The sql_alchemy_conn option in [core] has been moved to the sql_alchemy_conn option in [database] - the old setting has been used, but please update your config.
[2025-06-11T10:15:51.602+0000] {task_command.py:423} INFO - Running <TaskInstance: master_etl_dag.fetch_postgres_data_to_parquet scheduled__2025-06-10T02:00:00+00:00 [running]> on host 0290689661db
[2025-06-11T10:15:51.744+0000] {taskinstance.py:2480} INFO - Exporting env vars: AIRFLOW_CTX_DAG_OWNER='data_team' AIRFLOW_CTX_DAG_ID='master_etl_dag' AIRFLOW_CTX_TASK_ID='fetch_postgres_data_to_parquet' AIRFLOW_CTX_EXECUTION_DATE='2025-06-10T02:00:00+00:00' AIRFLOW_CTX_TRY_NUMBER='1' AIRFLOW_CTX_DAG_RUN_ID='scheduled__2025-06-10T02:00:00+00:00'
[2025-06-11T10:15:51.869+0000] {trigger_dagrun.py:210} INFO - Waiting for extract_postgres_table_to_parquet on 2025-06-11 10:15:51.745517+00:00 to become allowed state ['success'] ...
[2025-06-11T10:16:21.910+0000] {trigger_dagrun.py:210} INFO - Waiting for extract_postgres_table_to_parquet on 2025-06-11 10:15:51.745517+00:00 to become allowed state ['success'] ...
[2025-06-11T10:16:51.959+0000] {trigger_dagrun.py:210} INFO - Waiting for extract_postgres_table_to_parquet on 2025-06-11 10:15:51.745517+00:00 to become allowed state ['success'] ...
[2025-06-11T10:17:21.998+0000] {trigger_dagrun.py:210} INFO - Waiting for extract_postgres_table_to_parquet on 2025-06-11 10:15:51.745517+00:00 to become allowed state ['success'] ...
[2025-06-11T10:17:52.038+0000] {trigger_dagrun.py:210} INFO - Waiting for extract_postgres_table_to_parquet on 2025-06-11 10:15:51.745517+00:00 to become allowed state ['success'] ...
[2025-06-11T10:18:22.076+0000] {trigger_dagrun.py:210} INFO - Waiting for extract_postgres_table_to_parquet on 2025-06-11 10:15:51.745517+00:00 to become allowed state ['success'] ...
[2025-06-11T10:18:52.123+0000] {trigger_dagrun.py:210} INFO - Waiting for extract_postgres_table_to_parquet on 2025-06-11 10:15:51.745517+00:00 to become allowed state ['success'] ...
[2025-06-11T10:19:22.164+0000] {trigger_dagrun.py:210} INFO - Waiting for extract_postgres_table_to_parquet on 2025-06-11 10:15:51.745517+00:00 to become allowed state ['success'] ...
[2025-06-11T10:19:52.212+0000] {trigger_dagrun.py:210} INFO - Waiting for extract_postgres_table_to_parquet on 2025-06-11 10:15:51.745517+00:00 to become allowed state ['success'] ...
[2025-06-11T10:20:22.252+0000] {trigger_dagrun.py:210} INFO - Waiting for extract_postgres_table_to_parquet on 2025-06-11 10:15:51.745517+00:00 to become allowed state ['success'] ...
[2025-06-11T10:20:52.294+0000] {trigger_dagrun.py:210} INFO - Waiting for extract_postgres_table_to_parquet on 2025-06-11 10:15:51.745517+00:00 to become allowed state ['success'] ...
[2025-06-11T10:21:22.334+0000] {trigger_dagrun.py:210} INFO - Waiting for extract_postgres_table_to_parquet on 2025-06-11 10:15:51.745517+00:00 to become allowed state ['success'] ...
[2025-06-11T10:21:52.373+0000] {trigger_dagrun.py:210} INFO - Waiting for extract_postgres_table_to_parquet on 2025-06-11 10:15:51.745517+00:00 to become allowed state ['success'] ...
[2025-06-11T10:22:22.415+0000] {trigger_dagrun.py:210} INFO - Waiting for extract_postgres_table_to_parquet on 2025-06-11 10:15:51.745517+00:00 to become allowed state ['success'] ...
[2025-06-11T10:22:52.458+0000] {trigger_dagrun.py:210} INFO - Waiting for extract_postgres_table_to_parquet on 2025-06-11 10:15:51.745517+00:00 to become allowed state ['success'] ...
[2025-06-11T10:23:22.502+0000] {trigger_dagrun.py:210} INFO - Waiting for extract_postgres_table_to_parquet on 2025-06-11 10:15:51.745517+00:00 to become allowed state ['success'] ...
[2025-06-11T10:23:52.543+0000] {trigger_dagrun.py:210} INFO - Waiting for extract_postgres_table_to_parquet on 2025-06-11 10:15:51.745517+00:00 to become allowed state ['success'] ...
[2025-06-11T10:24:22.585+0000] {trigger_dagrun.py:210} INFO - Waiting for extract_postgres_table_to_parquet on 2025-06-11 10:15:51.745517+00:00 to become allowed state ['success'] ...
[2025-06-11T10:24:52.635+0000] {trigger_dagrun.py:210} INFO - Waiting for extract_postgres_table_to_parquet on 2025-06-11 10:15:51.745517+00:00 to become allowed state ['success'] ...
[2025-06-11T10:25:22.698+0000] {trigger_dagrun.py:210} INFO - Waiting for extract_postgres_table_to_parquet on 2025-06-11 10:15:51.745517+00:00 to become allowed state ['success'] ...
[2025-06-11T10:25:52.783+0000] {trigger_dagrun.py:210} INFO - Waiting for extract_postgres_table_to_parquet on 2025-06-11 10:15:51.745517+00:00 to become allowed state ['success'] ...
