[2025-06-10T07:46:57.099+0000] {taskinstance.py:1956} INFO - Dependencies all met for dep_context=non-requeueable deps ti=<TaskInstance: multi_region_to_snowflake.process_region_eu.process_orders_eu manual__2025-06-10T07:44:42.674457+00:00 [queued]>
[2025-06-10T07:46:57.120+0000] {taskinstance.py:1956} INFO - Dependencies all met for dep_context=requeueable deps ti=<TaskInstance: multi_region_to_snowflake.process_region_eu.process_orders_eu manual__2025-06-10T07:44:42.674457+00:00 [queued]>
[2025-06-10T07:46:57.121+0000] {taskinstance.py:2170} INFO - Starting attempt 1 of 2
[2025-06-10T07:46:57.145+0000] {taskinstance.py:2191} INFO - Executing <Task(_PythonDecoratedOperator): process_region_eu.process_orders_eu> on 2025-06-10 07:44:42.674457+00:00
[2025-06-10T07:46:57.153+0000] {standard_task_runner.py:60} INFO - Started process 3560 to run task
[2025-06-10T07:46:57.158+0000] {standard_task_runner.py:87} INFO - Running: ['airflow', 'tasks', 'run', 'multi_region_to_snowflake', 'process_region_eu.process_orders_eu', 'manual__2025-06-10T07:44:42.674457+00:00', '--job-id', '1008', '--raw', '--subdir', 'DAGS_FOLDER/master_dag.py', '--cfg-path', '/tmp/tmp8zva8wdj']
[2025-06-10T07:46:57.161+0000] {standard_task_runner.py:88} INFO - Job 1008: Subtask process_region_eu.process_orders_eu
[2025-06-10T07:46:57.284+0000] {task_command.py:423} INFO - Running <TaskInstance: multi_region_to_snowflake.process_region_eu.process_orders_eu manual__2025-06-10T07:44:42.674457+00:00 [running]> on host b27730b0b8ce
[2025-06-10T07:46:57.586+0000] {taskinstance.py:2480} INFO - Exporting env vars: AIRFLOW_CTX_DAG_OWNER='data-team' AIRFLOW_CTX_DAG_ID='multi_region_to_snowflake' AIRFLOW_CTX_TASK_ID='process_region_eu.process_orders_eu' AIRFLOW_CTX_EXECUTION_DATE='2025-06-10T07:44:42.674457+00:00' AIRFLOW_CTX_TRY_NUMBER='1' AIRFLOW_CTX_DAG_RUN_ID='manual__2025-06-10T07:44:42.674457+00:00'
[2025-06-10T07:47:10.143+0000] {logging_mixin.py:188} INFO - Processing orders for region eu
[2025-06-10T07:47:23.375+0000] {logging_mixin.py:188} INFO - STAGING_EU
[2025-06-10T07:47:32.796+0000] {logging_mixin.py:188} INFO - +--------+---------------+-----------+------------+-------------------+------------+--------------+-------------------+-------------------+----------------+------------------+-------------------+-----------+-----------+----------------+-------------------+-------------------+-------+--------+
|order_id|order_reference|customer_id|order_status|    order_timestamp|subtotal_eur|tax_amount_eur|shipping_amount_eur|discount_amount_eur|total_amount_eur|billing_address_id|shipping_address_id|campaign_id|discount_id|invoice_required|         created_at|         updated_at|_region| _source|
+--------+---------------+-----------+------------+-------------------+------------+--------------+-------------------+-------------------+----------------+------------------+-------------------+-----------+-----------+----------------+-------------------+-------------------+-------+--------+
|       1| EU-2024-001001|          1|   delivered|2025-06-08 19:22:57|     1199.99|        227.99|               9.99|             119.99|         1316.98|                 1|                  2|          1|          1|            true|2025-06-08 19:22:57|2025-06-08 19:22:57|     eu|postgres|
|       2| EU-2024-001002|          2|     shipped|2025-06-08 19:22:57|       89.99|         17.09|              12.99|               0.00|          120.07|                 3|                  3|          2|       NULL|            true|2025-06-08 19:22:57|2025-06-08 19:22:57|     eu|postgres|
|       3| EU-2024-001003|          3|  processing|2025-06-08 19:22:57|     1599.99|        303.99|               0.00|             319.99|         1583.99|                 4|                  5|          3|          3|            true|2025-06-08 19:22:57|2025-06-08 19:22:57|     eu|postgres|
|       4| EU-2024-001004|          4|   delivered|2025-06-08 19:22:57|      249.99|         47.49|               7.99|              24.99|          280.48|                 6|                  6|          4|          4|            true|2025-06-08 19:22:57|2025-06-08 19:22:57|     eu|postgres|
|       5| EU-2024-001005|          5|   cancelled|2025-06-08 19:22:57|      299.99|         56.99|               5.99|               0.00|          362.97|                 7|                  7|          5|       NULL|           false|2025-06-08 19:22:57|2025-06-08 19:22:57|     eu|postgres|
|       6| EU-2024-001006|          6|   delivered|2025-06-08 19:22:57|       79.99|         15.19|               4.99|               7.99|           92.18|                 8|                  8|          6|          6|            true|2025-06-08 19:22:57|2025-06-08 19:22:57|     eu|postgres|
|       7| EU-2024-001007|          7|     shipped|2025-06-08 19:22:57|      899.99|        170.99|              15.99|             134.99|          951.98|                 9|                  9|          7|          7|            true|2025-06-08 19:22:57|2025-06-08 19:22:57|     eu|postgres|
|       8| EU-2024-001008|          8|  processing|2025-06-08 19:22:57|      149.99|         28.49|               8.99|              14.99|          172.48|                10|                 10|          8|          8|            true|2025-06-08 19:22:57|2025-06-08 19:22:57|     eu|postgres|
|       9| EU-2024-001009|          9|   delivered|2025-06-08 19:22:57|     1799.99|        341.99|               0.00|               0.00|         2141.98|                11|                 11|          9|       NULL|            true|2025-06-08 19:22:57|2025-06-08 19:22:57|     eu|postgres|
|      10| EU-2024-001010|         10|    returned|2025-06-08 19:22:57|       39.99|          2.79|               3.99|               3.99|           42.78|                12|                 12|         10|          9|            true|2025-06-08 19:22:57|2025-06-08 19:22:57|     eu|postgres|
+--------+---------------+-----------+------------+-------------------+------------+--------------+-------------------+-------------------+----------------+------------------+-------------------+-----------+-----------+----------------+-------------------+-------------------+-------+--------+
only showing top 10 rows
[2025-06-10T07:47:32.798+0000] {logging_mixin.py:188} INFO - Inserting into snowflake
[2025-06-10T07:47:48.373+0000] {logging_mixin.py:188} INFO - successfully inserted in snowflake
[2025-06-10T07:47:50.417+0000] {logging_mixin.py:188} INFO - Successfully processed 20 records for orders in eu
[2025-06-10T07:47:51.824+0000] {python.py:201} INFO - Done. Returned value was: {'region': 'eu', 'table': 'orders', 'record_count': 20, 'status': 'success'}
[2025-06-10T07:47:51.920+0000] {taskinstance.py:1138} INFO - Marking task as SUCCESS. dag_id=multi_region_to_snowflake, task_id=process_region_eu.process_orders_eu, execution_date=20250610T074442, start_date=20250610T074657, end_date=20250610T074751
[2025-06-10T07:47:51.974+0000] {local_task_job_runner.py:234} INFO - Task exited with return code 0
[2025-06-10T07:47:52.074+0000] {taskinstance.py:3280} INFO - 3 downstream tasks scheduled from follow-on schedule check
