[2025-06-08T16:27:28.654+0000] {taskinstance.py:1956} INFO - Dependencies all met for dep_context=non-requeueable deps ti=<TaskInstance: transform_product_variants.run_transformation_eu scheduled__2025-06-07T01:00:00+00:00 [queued]>
[2025-06-08T16:27:28.705+0000] {taskinstance.py:1956} INFO - Dependencies all met for dep_context=requeueable deps ti=<TaskInstance: transform_product_variants.run_transformation_eu scheduled__2025-06-07T01:00:00+00:00 [queued]>
[2025-06-08T16:27:28.707+0000] {taskinstance.py:2170} INFO - Starting attempt 1 of 1
[2025-06-08T16:27:28.780+0000] {taskinstance.py:2191} INFO - Executing <Task(_PythonDecoratedOperator): run_transformation_eu> on 2025-06-07 01:00:00+00:00
[2025-06-08T16:27:28.793+0000] {standard_task_runner.py:60} INFO - Started process 3979 to run task
[2025-06-08T16:27:28.793+0000] {clientserver.py:543} INFO - Closing down clientserver connection
[2025-06-08T16:27:28.843+0000] {standard_task_runner.py:87} INFO - Running: ['airflow', 'tasks', 'run', 'transform_product_variants', 'run_transformation_eu', 'scheduled__2025-06-07T01:00:00+00:00', '--job-id', '504', '--raw', '--subdir', 'DAGS_FOLDER/staging/product_variants_to_staging.py', '--cfg-path', '/tmp/tmp7egxgycm']
[2025-06-08T16:27:28.845+0000] {standard_task_runner.py:88} INFO - Job 504: Subtask run_transformation_eu
[2025-06-08T16:27:28.993+0000] {logging_mixin.py:188} WARNING - /home/airflow/.local/lib/python3.10/site-packages/airflow/settings.py:194 DeprecationWarning: The sql_alchemy_conn option in [core] has been moved to the sql_alchemy_conn option in [database] - the old setting has been used, but please update your config.
[2025-06-08T16:27:29.164+0000] {task_command.py:423} INFO - Running <TaskInstance: transform_product_variants.run_transformation_eu scheduled__2025-06-07T01:00:00+00:00 [running]> on host c10f2fed82e0
[2025-06-08T16:27:29.718+0000] {taskinstance.py:2480} INFO - Exporting env vars: AIRFLOW_CTX_DAG_OWNER='airflow' AIRFLOW_CTX_DAG_ID='transform_product_variants' AIRFLOW_CTX_TASK_ID='run_transformation_eu' AIRFLOW_CTX_EXECUTION_DATE='2025-06-07T01:00:00+00:00' AIRFLOW_CTX_TRY_NUMBER='1' AIRFLOW_CTX_DAG_RUN_ID='scheduled__2025-06-07T01:00:00+00:00'
[2025-06-08T16:27:29.726+0000] {logging_mixin.py:188} INFO - Starting transformation for table: product_variants in region: eu
[2025-06-08T16:27:29.881+0000] {logging_mixin.py:188} INFO - Reading data from: /opt/airflow/data/raw/region=eu/table=product_variants/load_date=2025-06-06/
[2025-06-08T16:27:55.427+0000] {logging_mixin.py:188} INFO - [INFO] Processing 21 records for eu
[2025-06-08T16:27:55.872+0000] {logging_mixin.py:188} INFO - Sample transformed data for eu:
[2025-06-08T16:28:04.502+0000] {logging_mixin.py:188} INFO - +----------+----------+---------------------------+-------------------------+-------------+-------------+--------------+------------+---------+--------------------------+-------+--------+
|variant_id|product_id|product_sku                |variant_name             |variant_type |variant_value|price_diff_eur|is_active_eu|is_active|created_at                |_region|_source |
+----------+----------+---------------------------+-------------------------+-------------+-------------+--------------+------------+---------+--------------------------+-------+--------+
|1         |1         |EU-SKU-PHONE001-BLACK-128GB|iPhone 15 Pro Black 128GB|color_storage|Black 128GB  |0.00          |1           |true     |2025-06-06 08:01:32.546626|eu     |postgres|
|2         |1         |EU-SKU-PHONE001-BLUE-256GB |iPhone 15 Pro Blue 256GB |color_storage|Blue 256GB   |200.00        |1           |true     |2025-06-06 08:01:32.546626|eu     |postgres|
|3         |1         |EU-SKU-PHONE001-WHITE-512GB|iPhone 15 Pro White 512GB|color_storage|White 512GB  |400.00        |1           |true     |2025-06-06 08:01:32.546626|eu     |postgres|
|4         |2         |EU-SKU-LAPTOP001-SILVER-8GB|MacBook Air Silver 8GB   |color_memory |Silver 8GB   |0.00          |1           |true     |2025-06-06 08:01:32.546626|eu     |postgres|
|5         |2         |EU-SKU-LAPTOP001-GOLD-16GB |MacBook Air Gold 16GB    |color_memory |Gold 16GB    |300.00        |1           |true     |2025-06-06 08:01:32.546626|eu     |postgres|
+----------+----------+---------------------------+-------------------------+-------------+-------------+--------------+------------+---------+--------------------------+-------+--------+
only showing top 5 rows
[2025-06-08T16:28:04.506+0000] {logging_mixin.py:188} INFO - Writing transformed data to: /opt/airflow/data/staging/product_variants/region=eu/load_date=2025-06-06/
[2025-06-08T16:28:08.040+0000] {logging_mixin.py:188} INFO - Successfully transformed 21 records for eu
[2025-06-08T16:30:22.462+0000] {local_task_job_runner.py:302} WARNING - State of this instance has been externally set to failed. Terminating instance.
[2025-06-08T16:30:22.502+0000] {process_utils.py:131} INFO - Sending 15 to group 3979. PIDs of all processes in the group: [3979]
[2025-06-08T16:30:22.505+0000] {process_utils.py:86} INFO - Sending the signal 15 to group 3979
[2025-06-08T16:30:22.514+0000] {taskinstance.py:2450} ERROR - Received SIGTERM. Terminating subprocesses.
[2025-06-08T16:30:23.325+0000] {process_utils.py:79} INFO - Process psutil.Process(pid=3979, status='terminated', exitcode=0, started='16:27:27') (3979) terminated with exit code 0
