[2025-06-11T02:41:05.308+0000] {taskinstance.py:1956} INFO - Dependencies all met for dep_context=non-requeueable deps ti=<TaskInstance: multi_region_to_snowflake.process_region_us.process_shopping_carts_us scheduled__2025-06-10T00:00:00+00:00 [queued]>
[2025-06-11T02:41:05.336+0000] {taskinstance.py:1956} INFO - Dependencies all met for dep_context=requeueable deps ti=<TaskInstance: multi_region_to_snowflake.process_region_us.process_shopping_carts_us scheduled__2025-06-10T00:00:00+00:00 [queued]>
[2025-06-11T02:41:05.338+0000] {taskinstance.py:2170} INFO - Starting attempt 1 of 2
[2025-06-11T02:41:05.375+0000] {taskinstance.py:2191} INFO - Executing <Task(_PythonDecoratedOperator): process_region_us.process_shopping_carts_us> on 2025-06-10 00:00:00+00:00
[2025-06-11T02:41:05.402+0000] {standard_task_runner.py:60} INFO - Started process 41647 to run task
[2025-06-11T02:41:05.415+0000] {standard_task_runner.py:87} INFO - Running: ['airflow', 'tasks', 'run', 'multi_region_to_snowflake', 'process_region_us.process_shopping_carts_us', 'scheduled__2025-06-10T00:00:00+00:00', '--job-id', '1246', '--raw', '--subdir', 'DAGS_FOLDER/master_dag.py', '--cfg-path', '/tmp/tmpk574ez6x']
[2025-06-11T02:41:05.420+0000] {standard_task_runner.py:88} INFO - Job 1246: Subtask process_region_us.process_shopping_carts_us
[2025-06-11T02:41:05.717+0000] {task_command.py:423} INFO - Running <TaskInstance: multi_region_to_snowflake.process_region_us.process_shopping_carts_us scheduled__2025-06-10T00:00:00+00:00 [running]> on host 5039a2bbff84
[2025-06-11T02:41:06.153+0000] {taskinstance.py:2480} INFO - Exporting env vars: AIRFLOW_CTX_DAG_OWNER='data-team' AIRFLOW_CTX_DAG_ID='multi_region_to_snowflake' AIRFLOW_CTX_TASK_ID='process_region_us.process_shopping_carts_us' AIRFLOW_CTX_EXECUTION_DATE='2025-06-10T00:00:00+00:00' AIRFLOW_CTX_TRY_NUMBER='1' AIRFLOW_CTX_DAG_RUN_ID='scheduled__2025-06-10T00:00:00+00:00'
[2025-06-11T02:41:22.150+0000] {logging_mixin.py:188} INFO - Processing shopping_carts for region us
[2025-06-11T02:41:36.796+0000] {logging_mixin.py:188} INFO - STAGING_US
[2025-06-11T02:41:48.964+0000] {logging_mixin.py:188} INFO - +-------+-----------+--------------------+-------------------+-------------------+-------------------+------------+-------+--------+
|cart_id|customer_id|          session_id|         created_at|         updated_at|       abandoned_at|is_abandoned|_region| _source|
+-------+-----------+--------------------+-------------------+-------------------+-------------------+------------+-------+--------+
|      1|          1|sess_us_abc123def456|2025-06-08 19:23:28|2025-06-08 19:23:28|               NULL|       false|     us|postgres|
|      2|          2|sess_us_ghi789jkl012|2025-06-08 19:23:28|2025-06-08 19:23:28|2024-02-01 14:30:00|        true|     us|postgres|
|      3|          3|sess_us_mno345pqr678|2025-06-08 19:23:28|2025-06-08 19:23:28|               NULL|       false|     us|postgres|
|      4|          4|sess_us_stu901vwx234|2025-06-08 19:23:28|2025-06-08 19:23:28|2024-02-02 09:45:00|        true|     us|postgres|
|      5|          5|sess_us_yza567bcd890|2025-06-08 19:23:28|2025-06-08 19:23:28|               NULL|       false|     us|postgres|
|      1|          1|sess_us_abc123def456|2025-06-08 19:23:28|2025-06-08 19:23:28|               NULL|       false|     us|postgres|
|      2|          2|sess_us_ghi789jkl012|2025-06-08 19:23:28|2025-06-08 19:23:28|2024-02-01 14:30:00|        true|     us|postgres|
|      3|          3|sess_us_mno345pqr678|2025-06-08 19:23:28|2025-06-08 19:23:28|               NULL|       false|     us|postgres|
|      4|          4|sess_us_stu901vwx234|2025-06-08 19:23:28|2025-06-08 19:23:28|2024-02-02 09:45:00|        true|     us|postgres|
|      5|          5|sess_us_yza567bcd890|2025-06-08 19:23:28|2025-06-08 19:23:28|               NULL|       false|     us|postgres|
+-------+-----------+--------------------+-------------------+-------------------+-------------------+------------+-------+--------+
[2025-06-11T02:41:48.965+0000] {logging_mixin.py:188} INFO - Inserting into snowflake
[2025-06-11T02:42:02.696+0000] {logging_mixin.py:188} INFO - successfully inserted in snowflake
[2025-06-11T02:42:02.750+0000] {crypto.py:82} WARNING - empty cryptography key - values will not be stored encrypted.
[2025-06-11T02:42:04.304+0000] {logging_mixin.py:188} INFO - Successfully processed 10 records for shopping_carts in us
[2025-06-11T02:42:05.637+0000] {python.py:201} INFO - Done. Returned value was: {'region': 'us', 'table': 'shopping_carts', 'record_count': 10, 'status': 'success'}
[2025-06-11T02:42:05.708+0000] {taskinstance.py:1138} INFO - Marking task as SUCCESS. dag_id=multi_region_to_snowflake, task_id=process_region_us.process_shopping_carts_us, execution_date=20250610T000000, start_date=20250611T024105, end_date=20250611T024205
[2025-06-11T02:42:05.754+0000] {local_task_job_runner.py:234} INFO - Task exited with return code 0
[2025-06-11T02:42:05.845+0000] {taskinstance.py:3280} INFO - 1 downstream tasks scheduled from follow-on schedule check
