[2025-06-11T02:10:39.809+0000] {taskinstance.py:1956} INFO - Dependencies all met for dep_context=non-requeueable deps ti=<TaskInstance: extract_postgres_table_to_parquet.run_extraction_asia manual__2025-06-11T02:05:12.205513+00:00 [queued]>
[2025-06-11T02:10:39.822+0000] {taskinstance.py:1956} INFO - Dependencies all met for dep_context=requeueable deps ti=<TaskInstance: extract_postgres_table_to_parquet.run_extraction_asia manual__2025-06-11T02:05:12.205513+00:00 [queued]>
[2025-06-11T02:10:39.822+0000] {taskinstance.py:2170} INFO - Starting attempt 1 of 1
[2025-06-11T02:10:39.841+0000] {taskinstance.py:2191} INFO - Executing <Task(_PythonDecoratedOperator): run_extraction_asia> on 2025-06-11 02:05:12.205513+00:00
[2025-06-11T02:10:39.848+0000] {standard_task_runner.py:60} INFO - Started process 6107 to run task
[2025-06-11T02:10:39.851+0000] {standard_task_runner.py:87} INFO - Running: ['airflow', 'tasks', 'run', 'extract_postgres_table_to_parquet', 'run_extraction_asia', 'manual__2025-06-11T02:05:12.205513+00:00', '--job-id', '1194', '--raw', '--subdir', 'DAGS_FOLDER/asia/landing.py', '--cfg-path', '/tmp/tmpq0org5jg']
[2025-06-11T02:10:39.853+0000] {standard_task_runner.py:88} INFO - Job 1194: Subtask run_extraction_asia
[2025-06-11T02:10:39.927+0000] {task_command.py:423} INFO - Running <TaskInstance: extract_postgres_table_to_parquet.run_extraction_asia manual__2025-06-11T02:05:12.205513+00:00 [running]> on host 5039a2bbff84
[2025-06-11T02:10:40.053+0000] {taskinstance.py:2480} INFO - Exporting env vars: AIRFLOW_CTX_DAG_OWNER='airflow' AIRFLOW_CTX_DAG_ID='extract_postgres_table_to_parquet' AIRFLOW_CTX_TASK_ID='run_extraction_asia' AIRFLOW_CTX_EXECUTION_DATE='2025-06-11T02:05:12.205513+00:00' AIRFLOW_CTX_TRY_NUMBER='1' AIRFLOW_CTX_DAG_RUN_ID='manual__2025-06-11T02:05:12.205513+00:00'
[2025-06-11T02:10:40.054+0000] {logging_mixin.py:188} INFO - Starting extraction for table: categories in region: asia
[2025-06-11T02:10:40.055+0000] {logging_mixin.py:188} INFO - load_date:::::2025-06-11
[2025-06-11T02:10:56.213+0000] {logging_mixin.py:188} INFO - [INFO] No data found in asia.categories
[2025-06-11T02:10:57.174+0000] {logging_mixin.py:188} INFO - Starting extraction for table: products in region: asia
[2025-06-11T02:10:57.174+0000] {logging_mixin.py:188} INFO - load_date:::::2025-06-11
[2025-06-11T02:10:59.344+0000] {logging_mixin.py:188} INFO - [INFO] No data found in asia.products
[2025-06-11T02:11:00.343+0000] {logging_mixin.py:188} INFO - Starting extraction for table: product_variants in region: asia
[2025-06-11T02:11:00.343+0000] {logging_mixin.py:188} INFO - load_date:::::2025-06-11
[2025-06-11T02:11:03.134+0000] {logging_mixin.py:188} INFO - [INFO] No data found in asia.product_variants
[2025-06-11T02:11:04.152+0000] {logging_mixin.py:188} INFO - Starting extraction for table: inventory in region: asia
[2025-06-11T02:11:04.155+0000] {logging_mixin.py:188} INFO - load_date:::::2025-06-11
[2025-06-11T02:11:06.860+0000] {logging_mixin.py:188} INFO - [INFO] No data found in asia.inventory
[2025-06-11T02:11:07.858+0000] {logging_mixin.py:188} INFO - Starting extraction for table: customers in region: asia
[2025-06-11T02:11:07.859+0000] {logging_mixin.py:188} INFO - load_date:::::2025-06-11
[2025-06-11T02:11:10.109+0000] {logging_mixin.py:188} INFO - [INFO] No data found in asia.customers
[2025-06-11T02:11:11.108+0000] {logging_mixin.py:188} INFO - Starting extraction for table: customer_addresses in region: asia
[2025-06-11T02:11:11.109+0000] {logging_mixin.py:188} INFO - load_date:::::2025-06-11
[2025-06-11T02:11:12.910+0000] {logging_mixin.py:188} INFO - [INFO] No data found in asia.customer_addresses
[2025-06-11T02:11:13.909+0000] {logging_mixin.py:188} INFO - Starting extraction for table: marketing_campaigns in region: asia
[2025-06-11T02:11:13.909+0000] {logging_mixin.py:188} INFO - load_date:::::2025-06-11
[2025-06-11T02:11:15.506+0000] {logging_mixin.py:188} INFO - [INFO] No data found in asia.marketing_campaigns
[2025-06-11T02:11:16.505+0000] {logging_mixin.py:188} INFO - Starting extraction for table: discounts in region: asia
[2025-06-11T02:11:16.505+0000] {logging_mixin.py:188} INFO - load_date:::::2025-06-11
[2025-06-11T02:11:18.944+0000] {logging_mixin.py:188} INFO - [INFO] No data found in asia.discounts
[2025-06-11T02:11:19.942+0000] {logging_mixin.py:188} INFO - Starting extraction for table: shopping_carts in region: asia
[2025-06-11T02:11:19.942+0000] {logging_mixin.py:188} INFO - load_date:::::2025-06-11
[2025-06-11T02:11:21.324+0000] {logging_mixin.py:188} INFO - [INFO] No data found in asia.shopping_carts
[2025-06-11T02:11:22.317+0000] {logging_mixin.py:188} INFO - Starting extraction for table: cart_items in region: asia
[2025-06-11T02:11:22.317+0000] {logging_mixin.py:188} INFO - load_date:::::2025-06-11
[2025-06-11T02:11:24.433+0000] {logging_mixin.py:188} INFO - [INFO] No data found in asia.cart_items
[2025-06-11T02:11:25.431+0000] {logging_mixin.py:188} INFO - Starting extraction for table: orders in region: asia
[2025-06-11T02:11:25.431+0000] {logging_mixin.py:188} INFO - load_date:::::2025-06-11
[2025-06-11T02:11:27.122+0000] {logging_mixin.py:188} INFO - [INFO] No data found in asia.orders
[2025-06-11T02:11:28.116+0000] {logging_mixin.py:188} INFO - Starting extraction for table: order_items in region: asia
[2025-06-11T02:11:28.117+0000] {logging_mixin.py:188} INFO - load_date:::::2025-06-11
[2025-06-11T02:11:30.372+0000] {logging_mixin.py:188} INFO - [INFO] No data found in asia.order_items
[2025-06-11T02:11:31.369+0000] {logging_mixin.py:188} INFO - Starting extraction for table: shipments in region: asia
[2025-06-11T02:11:31.370+0000] {logging_mixin.py:188} INFO - load_date:::::2025-06-11
[2025-06-11T02:11:33.019+0000] {logging_mixin.py:188} INFO - [INFO] No data found in asia.shipments
[2025-06-11T02:11:34.013+0000] {logging_mixin.py:188} INFO - Starting extraction for table: returns in region: asia
[2025-06-11T02:11:34.013+0000] {logging_mixin.py:188} INFO - load_date:::::2025-06-11
[2025-06-11T02:11:35.945+0000] {logging_mixin.py:188} INFO - [INFO] No data found in asia.returns
[2025-06-11T02:11:36.939+0000] {logging_mixin.py:188} INFO - Starting extraction for table: product_reviews in region: asia
[2025-06-11T02:11:36.939+0000] {logging_mixin.py:188} INFO - load_date:::::2025-06-11
[2025-06-11T02:11:38.929+0000] {logging_mixin.py:188} INFO - [INFO] No data found in asia.product_reviews
[2025-06-11T02:11:39.926+0000] {logging_mixin.py:188} INFO - Starting extraction for table: payments in region: asia
[2025-06-11T02:11:39.927+0000] {logging_mixin.py:188} INFO - load_date:::::2025-06-11
[2025-06-11T02:11:41.889+0000] {logging_mixin.py:188} INFO - [INFO] No data found in asia.payments
[2025-06-11T02:11:42.884+0000] {logging_mixin.py:188} INFO - Starting extraction for table: wishlists in region: asia
[2025-06-11T02:11:42.884+0000] {logging_mixin.py:188} INFO - load_date:::::2025-06-11
[2025-06-11T02:11:44.408+0000] {logging_mixin.py:188} INFO - [INFO] No data found in asia.wishlists
[2025-06-11T02:11:45.407+0000] {python.py:201} INFO - Done. Returned value was: None
[2025-06-11T02:11:45.420+0000] {taskinstance.py:1138} INFO - Marking task as SUCCESS. dag_id=extract_postgres_table_to_parquet, task_id=run_extraction_asia, execution_date=20250611T020512, start_date=20250611T021039, end_date=20250611T021145
[2025-06-11T02:11:45.466+0000] {local_task_job_runner.py:234} INFO - Task exited with return code 0
[2025-06-11T02:11:45.489+0000] {taskinstance.py:3280} INFO - 0 downstream tasks scheduled from follow-on schedule check
