[2025-06-10T07:07:44.884+0000] {taskinstance.py:1956} INFO - Dependencies all met for dep_context=non-requeueable deps ti=<TaskInstance: multi_region_to_snowflake.process_region_asia.process_returns_asia scheduled__2025-06-09T00:00:00+00:00 [queued]>
[2025-06-10T07:07:44.912+0000] {taskinstance.py:1956} INFO - Dependencies all met for dep_context=requeueable deps ti=<TaskInstance: multi_region_to_snowflake.process_region_asia.process_returns_asia scheduled__2025-06-09T00:00:00+00:00 [queued]>
[2025-06-10T07:07:44.913+0000] {taskinstance.py:2170} INFO - Starting attempt 1 of 2
[2025-06-10T07:07:44.939+0000] {taskinstance.py:2191} INFO - Executing <Task(_PythonDecoratedOperator): process_region_asia.process_returns_asia> on 2025-06-09 00:00:00+00:00
[2025-06-10T07:07:44.951+0000] {standard_task_runner.py:60} INFO - Started process 12300 to run task
[2025-06-10T07:07:44.956+0000] {standard_task_runner.py:87} INFO - Running: ['airflow', 'tasks', 'run', 'multi_region_to_snowflake', 'process_region_asia.process_returns_asia', 'scheduled__2025-06-09T00:00:00+00:00', '--job-id', '990', '--raw', '--subdir', 'DAGS_FOLDER/master_dag.py', '--cfg-path', '/tmp/tmptchlkozr']
[2025-06-10T07:07:44.959+0000] {standard_task_runner.py:88} INFO - Job 990: Subtask process_region_asia.process_returns_asia
[2025-06-10T07:07:45.105+0000] {task_command.py:423} INFO - Running <TaskInstance: multi_region_to_snowflake.process_region_asia.process_returns_asia scheduled__2025-06-09T00:00:00+00:00 [running]> on host 180d0d52c3ad
[2025-06-10T07:07:45.314+0000] {taskinstance.py:2480} INFO - Exporting env vars: AIRFLOW_CTX_DAG_OWNER='data-team' AIRFLOW_CTX_DAG_ID='multi_region_to_snowflake' AIRFLOW_CTX_TASK_ID='process_region_asia.process_returns_asia' AIRFLOW_CTX_EXECUTION_DATE='2025-06-09T00:00:00+00:00' AIRFLOW_CTX_TRY_NUMBER='1' AIRFLOW_CTX_DAG_RUN_ID='scheduled__2025-06-09T00:00:00+00:00'
[2025-06-10T07:07:53.821+0000] {logging_mixin.py:188} INFO - Processing returns for region asia
[2025-06-10T07:07:59.519+0000] {logging_mixin.py:188} INFO - STAGING_ASIA
[2025-06-10T07:08:04.071+0000] {logging_mixin.py:188} INFO - +---------+--------+-----------------+-------------+-------------------+-------------+-------------------+-------------------+-------+--------+
|return_id|order_id|    return_reason|return_status|   return_timestamp|refund_amount|   refund_timestamp|         created_at|_region| _source|
+---------+--------+-----------------+-------------+-------------------+-------------+-------------------+-------------------+-------+--------+
|        1|       5|     Changed mind|     approved|2024-03-11 10:30:45|        28300|2024-03-12 14:15:30|2024-03-11 10:30:45|   asia|postgres|
|        2|      10|Product defective|   processing|2024-03-16 00:00:00|        13000|               NULL|2024-03-16 00:00:00|   asia|postgres|
|        1|       5|     Changed mind|     approved|2024-03-11 10:30:45|        28300|2024-03-12 14:15:30|2024-03-11 10:30:45|   asia|postgres|
|        2|      10|Product defective|   processing|2024-03-16 00:00:00|        13000|               NULL|2024-03-16 00:00:00|   asia|postgres|
+---------+--------+-----------------+-------------+-------------------+-------------+-------------------+-------------------+-------+--------+
[2025-06-10T07:08:04.072+0000] {logging_mixin.py:188} INFO - Inserting into snowflake
[2025-06-10T07:08:24.118+0000] {logging_mixin.py:188} INFO - successfully inserted in snowflake
[2025-06-10T07:08:24.770+0000] {logging_mixin.py:188} INFO - Successfully processed 4 records for returns in asia
[2025-06-10T07:08:26.011+0000] {python.py:201} INFO - Done. Returned value was: {'region': 'asia', 'table': 'returns', 'record_count': 4, 'status': 'success'}
[2025-06-10T07:08:26.037+0000] {taskinstance.py:1138} INFO - Marking task as SUCCESS. dag_id=multi_region_to_snowflake, task_id=process_region_asia.process_returns_asia, execution_date=20250609T000000, start_date=20250610T070744, end_date=20250610T070826
[2025-06-10T07:08:26.083+0000] {local_task_job_runner.py:234} INFO - Task exited with return code 0
[2025-06-10T07:08:26.104+0000] {taskinstance.py:3280} INFO - 0 downstream tasks scheduled from follow-on schedule check
