[2025-06-10T19:58:32.464+0000] {taskinstance.py:1956} INFO - Dependencies all met for dep_context=non-requeueable deps ti=<TaskInstance: geography_to_snowflake.Load_geography_method manual__2025-06-10T19:58:29.083372+00:00 [queued]>
[2025-06-10T19:58:32.471+0000] {taskinstance.py:1956} INFO - Dependencies all met for dep_context=requeueable deps ti=<TaskInstance: geography_to_snowflake.Load_geography_method manual__2025-06-10T19:58:29.083372+00:00 [queued]>
[2025-06-10T19:58:32.471+0000] {taskinstance.py:2170} INFO - Starting attempt 1 of 2
[2025-06-10T19:58:32.484+0000] {taskinstance.py:2191} INFO - Executing <Task(_PythonDecoratedOperator): Load_geography_method> on 2025-06-10 19:58:29.083372+00:00
[2025-06-10T19:58:32.490+0000] {standard_task_runner.py:60} INFO - Started process 28039 to run task
[2025-06-10T19:58:32.493+0000] {standard_task_runner.py:87} INFO - Running: ['airflow', 'tasks', 'run', 'geography_to_snowflake', 'Load_geography_method', 'manual__2025-06-10T19:58:29.083372+00:00', '--job-id', '1139', '--raw', '--subdir', 'DAGS_FOLDER/star/geography.py', '--cfg-path', '/tmp/tmpx6bsxxtk']
[2025-06-10T19:58:32.495+0000] {standard_task_runner.py:88} INFO - Job 1139: Subtask Load_geography_method
[2025-06-10T19:58:32.555+0000] {task_command.py:423} INFO - Running <TaskInstance: geography_to_snowflake.Load_geography_method manual__2025-06-10T19:58:29.083372+00:00 [running]> on host 9820768629fb
[2025-06-10T19:58:32.740+0000] {taskinstance.py:2480} INFO - Exporting env vars: AIRFLOW_CTX_DAG_OWNER='data-team' AIRFLOW_CTX_DAG_ID='geography_to_snowflake' AIRFLOW_CTX_TASK_ID='Load_geography_method' AIRFLOW_CTX_EXECUTION_DATE='2025-06-10T19:58:29.083372+00:00' AIRFLOW_CTX_TRY_NUMBER='1' AIRFLOW_CTX_DAG_RUN_ID='manual__2025-06-10T19:58:29.083372+00:00'
[2025-06-10T19:58:56.952+0000] {logging_mixin.py:188} INFO - Data written to temporary Snowflake table.
[2025-06-10T19:58:56.953+0000] {connection.py:486} INFO - Snowflake Connector for Python Version: 3.15.0, Python Version: 3.10.13, Platform: Linux-6.11.0-26-generic-x86_64-with-glibc2.36
[2025-06-10T19:58:56.953+0000] {connection.py:1391} INFO - Connecting to GLOBAL Snowflake domain
[2025-06-10T19:59:00.201+0000] {logging_mixin.py:188} INFO - Merge operation completed successfully.
[2025-06-10T19:59:00.781+0000] {connection.py:486} INFO - Snowflake Connector for Python Version: 3.15.0, Python Version: 3.10.13, Platform: Linux-6.11.0-26-generic-x86_64-with-glibc2.36
[2025-06-10T19:59:00.781+0000] {connection.py:1391} INFO - Connecting to GLOBAL Snowflake domain
[2025-06-10T19:59:03.039+0000] {logging_mixin.py:188} INFO - Temporary table STAR.DIM_GEOGRAPHY_TEMP dropped successfully.
[2025-06-10T19:59:03.647+0000] {logging_mixin.py:188} INFO - Upsert completed from Spark CSV to Snowflake.
[2025-06-10T19:59:03.648+0000] {logging_mixin.py:188} INFO - Successfully completed processing.
[2025-06-10T19:59:03.648+0000] {python.py:201} INFO - Done. Returned value was: None
[2025-06-10T19:59:03.662+0000] {taskinstance.py:1138} INFO - Marking task as SUCCESS. dag_id=geography_to_snowflake, task_id=Load_geography_method, execution_date=20250610T195829, start_date=20250610T195832, end_date=20250610T195903
[2025-06-10T19:59:03.712+0000] {local_task_job_runner.py:234} INFO - Task exited with return code 0
[2025-06-10T19:59:03.736+0000] {taskinstance.py:3280} INFO - 0 downstream tasks scheduled from follow-on schedule check
