[2025-06-03T07:13:00.132+0000] {taskinstance.py:1956} INFO - Dependencies all met for dep_context=non-requeueable deps ti=<TaskInstance: ingest_raw_data_asia.extract_asia_asia_discounts manual__2025-06-03T06:07:18.020901+00:00 [queued]>
[2025-06-03T07:13:05.620+0000] {taskinstance.py:1956} INFO - Dependencies all met for dep_context=requeueable deps ti=<TaskInstance: ingest_raw_data_asia.extract_asia_asia_discounts manual__2025-06-03T06:07:18.020901+00:00 [queued]>
[2025-06-03T07:13:05.620+0000] {taskinstance.py:2170} INFO - Starting attempt 1 of 2
[2025-06-03T07:13:09.711+0000] {taskinstance.py:2191} INFO - Executing <Task(BashOperator): extract_asia_asia_discounts> on 2025-06-03 06:07:18.020901+00:00
[2025-06-03T07:13:09.716+0000] {standard_task_runner.py:60} INFO - Started process 3044 to run task
[2025-06-03T07:13:09.789+0000] {standard_task_runner.py:87} INFO - Running: ['airflow', 'tasks', 'run', 'ingest_raw_data_asia', 'extract_asia_asia_discounts', 'manual__2025-06-03T06:07:18.020901+00:00', '--job-id', '256', '--raw', '--subdir', 'DAGS_FOLDER/asia/landing.py', '--cfg-path', '/tmp/tmpj3bp73v6']
[2025-06-03T07:13:09.790+0000] {standard_task_runner.py:88} INFO - Job 256: Subtask extract_asia_asia_discounts
[2025-06-03T07:13:09.907+0000] {logging_mixin.py:188} WARNING - /home/airflow/.local/lib/python3.10/site-packages/airflow/settings.py:194 DeprecationWarning: The sql_alchemy_conn option in [core] has been moved to the sql_alchemy_conn option in [database] - the old setting has been used, but please update your config.
[2025-06-03T07:13:09.936+0000] {task_command.py:423} INFO - Running <TaskInstance: ingest_raw_data_asia.extract_asia_asia_discounts manual__2025-06-03T06:07:18.020901+00:00 [running]> on host 86069ee61878
[2025-06-03T07:13:16.276+0000] {taskinstance.py:2480} INFO - Exporting env vars: AIRFLOW_CTX_DAG_OWNER='airflow' AIRFLOW_CTX_DAG_ID='ingest_raw_data_asia' AIRFLOW_CTX_TASK_ID='extract_asia_asia_discounts' AIRFLOW_CTX_EXECUTION_DATE='2025-06-03T06:07:18.020901+00:00' AIRFLOW_CTX_TRY_NUMBER='1' AIRFLOW_CTX_DAG_RUN_ID='manual__2025-06-03T06:07:18.020901+00:00'
[2025-06-03T07:13:16.441+0000] {subprocess.py:63} INFO - Tmp dir root location: /tmp
[2025-06-03T07:13:16.707+0000] {subprocess.py:75} INFO - Running command: ['/usr/bin/bash', '-c', '\n                spark-submit                     /opt/airflow/scripts/pyspark_jobs/extract_to_parquet.py                     asia.discounts "jdbc:postgresql://retail-postgres:5432/retail_etl" retail-etl retail_etl 2025-06-03\n            ']
[2025-06-03T07:13:16.905+0000] {subprocess.py:86} INFO - Output:
[2025-06-03T07:14:06.842+0000] {subprocess.py:93} INFO - 25/06/03 07:14:06 INFO SparkContext: Running Spark version 3.5.6
[2025-06-03T07:14:07.002+0000] {subprocess.py:93} INFO - 25/06/03 07:14:06 INFO SparkContext: OS info Linux, 6.11.0-26-generic, amd64
[2025-06-03T07:14:07.003+0000] {subprocess.py:93} INFO - 25/06/03 07:14:06 INFO SparkContext: Java version 11.0.24
[2025-06-03T07:14:07.209+0000] {subprocess.py:93} INFO - 25/06/03 07:14:07 WARN NativeCodeLoader: Unable to load native-hadoop library for your platform... using builtin-java classes where applicable
[2025-06-03T07:14:07.626+0000] {subprocess.py:93} INFO - 25/06/03 07:14:07 INFO ResourceUtils: ==============================================================
[2025-06-03T07:14:07.635+0000] {subprocess.py:93} INFO - 25/06/03 07:14:07 INFO ResourceUtils: No custom resources configured for spark.driver.
[2025-06-03T07:14:07.635+0000] {subprocess.py:93} INFO - 25/06/03 07:14:07 INFO ResourceUtils: ==============================================================
[2025-06-03T07:14:07.636+0000] {subprocess.py:93} INFO - 25/06/03 07:14:07 INFO SparkContext: Submitted application: Extract_asia_asia.discounts
[2025-06-03T07:14:07.710+0000] {subprocess.py:93} INFO - 25/06/03 07:14:07 INFO ResourceProfile: Default ResourceProfile created, executor resources: Map(cores -> name: cores, amount: 1, script: , vendor: , memory -> name: memory, amount: 1024, script: , vendor: , offHeap -> name: offHeap, amount: 0, script: , vendor: ), task resources: Map(cpus -> name: cpus, amount: 1.0)
[2025-06-03T07:14:07.765+0000] {subprocess.py:93} INFO - 25/06/03 07:14:07 INFO ResourceProfile: Limiting resource is cpu
[2025-06-03T07:14:07.765+0000] {subprocess.py:93} INFO - 25/06/03 07:14:07 INFO ResourceProfileManager: Added ResourceProfile id: 0
[2025-06-03T07:14:15.127+0000] {subprocess.py:93} INFO - 25/06/03 07:14:15 INFO SecurityManager: Changing view acls to: airflow
[2025-06-03T07:14:15.177+0000] {subprocess.py:93} INFO - 25/06/03 07:14:15 INFO SecurityManager: Changing modify acls to: airflow
[2025-06-03T07:14:15.178+0000] {subprocess.py:93} INFO - 25/06/03 07:14:15 INFO SecurityManager: Changing view acls groups to:
[2025-06-03T07:14:15.178+0000] {subprocess.py:93} INFO - 25/06/03 07:14:15 INFO SecurityManager: Changing modify acls groups to:
[2025-06-03T07:14:15.178+0000] {subprocess.py:93} INFO - 25/06/03 07:14:15 INFO SecurityManager: SecurityManager: authentication disabled; ui acls disabled; users with view permissions: airflow; groups with view permissions: EMPTY; users with modify permissions: airflow; groups with modify permissions: EMPTY
[2025-06-03T07:14:33.553+0000] {subprocess.py:93} INFO - 25/06/03 07:14:33 INFO Utils: Successfully started service 'sparkDriver' on port 39151.
[2025-06-03T07:14:38.111+0000] {subprocess.py:93} INFO - 25/06/03 07:14:38 INFO SparkEnv: Registering MapOutputTracker
[2025-06-03T07:14:39.161+0000] {subprocess.py:93} INFO - 25/06/03 07:14:39 INFO SparkEnv: Registering BlockManagerMaster
[2025-06-03T07:14:39.288+0000] {subprocess.py:93} INFO - 25/06/03 07:14:39 INFO BlockManagerMasterEndpoint: Using org.apache.spark.storage.DefaultTopologyMapper for getting topology information
[2025-06-03T07:14:39.291+0000] {subprocess.py:93} INFO - 25/06/03 07:14:39 INFO BlockManagerMasterEndpoint: BlockManagerMasterEndpoint up
[2025-06-03T07:14:39.302+0000] {subprocess.py:93} INFO - 25/06/03 07:14:39 INFO SparkEnv: Registering BlockManagerMasterHeartbeat
[2025-06-03T07:14:40.162+0000] {subprocess.py:93} INFO - 25/06/03 07:14:40 INFO DiskBlockManager: Created local directory at /tmp/blockmgr-ae00d27c-7def-48f5-99db-4ef23ef26930
[2025-06-03T07:14:42.280+0000] {subprocess.py:93} INFO - 25/06/03 07:14:42 INFO MemoryStore: MemoryStore started with capacity 434.4 MiB
[2025-06-03T07:14:46.593+0000] {subprocess.py:93} INFO - 25/06/03 07:14:46 INFO SparkEnv: Registering OutputCommitCoordinator
[2025-06-03T07:15:06.580+0000] {subprocess.py:93} INFO - 25/06/03 07:15:06 INFO JettyUtils: Start Jetty 0.0.0.0:4040 for SparkUI
[2025-06-03T07:15:10.220+0000] {subprocess.py:93} INFO - 25/06/03 07:15:10 WARN Utils: Service 'SparkUI' could not bind on port 4040. Attempting port 4041.
[2025-06-03T07:15:10.221+0000] {subprocess.py:93} INFO - 25/06/03 07:15:10 WARN Utils: Service 'SparkUI' could not bind on port 4041. Attempting port 4042.
[2025-06-03T07:15:10.224+0000] {subprocess.py:93} INFO - 25/06/03 07:15:10 WARN Utils: Service 'SparkUI' could not bind on port 4042. Attempting port 4043.
[2025-06-03T07:15:10.229+0000] {subprocess.py:93} INFO - 25/06/03 07:15:10 WARN Utils: Service 'SparkUI' could not bind on port 4043. Attempting port 4044.
[2025-06-03T07:15:10.229+0000] {subprocess.py:93} INFO - 25/06/03 07:15:10 WARN Utils: Service 'SparkUI' could not bind on port 4044. Attempting port 4045.
[2025-06-03T07:15:10.233+0000] {subprocess.py:93} INFO - 25/06/03 07:15:10 WARN Utils: Service 'SparkUI' could not bind on port 4045. Attempting port 4046.
[2025-06-03T07:15:10.234+0000] {subprocess.py:93} INFO - 25/06/03 07:15:10 WARN Utils: Service 'SparkUI' could not bind on port 4046. Attempting port 4047.
[2025-06-03T07:15:10.264+0000] {subprocess.py:93} INFO - 25/06/03 07:15:10 INFO Utils: Successfully started service 'SparkUI' on port 4047.
[2025-06-03T07:15:16.607+0000] {subprocess.py:93} INFO - 25/06/03 07:15:16 INFO Executor: Starting executor ID driver on host 86069ee61878
[2025-06-03T07:15:16.608+0000] {subprocess.py:93} INFO - 25/06/03 07:15:16 INFO Executor: OS info Linux, 6.11.0-26-generic, amd64
[2025-06-03T07:15:16.608+0000] {subprocess.py:93} INFO - 25/06/03 07:15:16 INFO Executor: Java version 11.0.24
[2025-06-03T07:15:17.047+0000] {subprocess.py:93} INFO - 25/06/03 07:15:17 INFO Executor: Starting executor with user classpath (userClassPathFirst = false): ''
[2025-06-03T07:15:17.048+0000] {subprocess.py:93} INFO - 25/06/03 07:15:17 INFO Executor: Created or updated repl class loader org.apache.spark.util.MutableURLClassLoader@537966ef for default.
[2025-06-03T07:15:18.105+0000] {subprocess.py:93} INFO - 25/06/03 07:15:18 INFO Utils: Successfully started service 'org.apache.spark.network.netty.NettyBlockTransferService' on port 45773.
[2025-06-03T07:15:18.282+0000] {subprocess.py:93} INFO - 25/06/03 07:15:18 INFO NettyBlockTransferService: Server created on 86069ee61878:45773
[2025-06-03T07:15:18.519+0000] {subprocess.py:93} INFO - 25/06/03 07:15:18 INFO BlockManager: Using org.apache.spark.storage.RandomBlockReplicationPolicy for block replication policy
[2025-06-03T07:15:19.201+0000] {subprocess.py:93} INFO - 25/06/03 07:15:19 INFO BlockManagerMaster: Registering BlockManager BlockManagerId(driver, 86069ee61878, 45773, None)
[2025-06-03T07:15:19.507+0000] {subprocess.py:93} INFO - 25/06/03 07:15:19 INFO BlockManagerMasterEndpoint: Registering block manager 86069ee61878:45773 with 434.4 MiB RAM, BlockManagerId(driver, 86069ee61878, 45773, None)
[2025-06-03T07:15:19.788+0000] {subprocess.py:93} INFO - 25/06/03 07:15:19 INFO BlockManagerMaster: Registered BlockManager BlockManagerId(driver, 86069ee61878, 45773, None)
[2025-06-03T07:15:19.789+0000] {subprocess.py:93} INFO - 25/06/03 07:15:19 INFO BlockManager: Initialized BlockManager: BlockManagerId(driver, 86069ee61878, 45773, None)
[2025-06-03T07:15:26.871+0000] {subprocess.py:93} INFO - 25/06/03 07:15:26 INFO AsyncEventQueue: Process of event SparkListenerResourceProfileAdded(Profile: id = 0, executor resources: cores -> name: cores, amount: 1, script: , vendor: ,memory -> name: memory, amount: 1024, script: , vendor: ,offHeap -> name: offHeap, amount: 0, script: , vendor: , task resources: cpus -> name: cpus, amount: 1.0) by listener AppStatusListener took 1.493336776s.
[2025-06-03T07:15:29.971+0000] {subprocess.py:93} INFO - 25/06/03 07:15:29 INFO AsyncEventQueue: Process of event SparkListenerExecutorAdded(1748934917538,driver,org.apache.spark.scheduler.cluster.ExecutorInfo@91197beb) by listener AppStatusListener took 3.099317073s.
[2025-06-03T07:15:32.309+0000] {subprocess.py:93} INFO - 25/06/03 07:15:32 INFO AsyncEventQueue: Process of event SparkListenerApplicationStart(Extract_asia_asia.discounts,Some(local-1748934913853),1748934846508,airflow,None,None,None) by listener AppStatusListener took 2.33478071s.
