[2025-06-10T08:48:35.491+0000] {taskinstance.py:1956} INFO - Dependencies all met for dep_context=non-requeueable deps ti=<TaskInstance: multi_region_ods_merge_v2.ods_merge_group.merge_categories manual__2025-06-10T08:47:19.722241+00:00 [queued]>
[2025-06-10T08:48:35.498+0000] {taskinstance.py:1956} INFO - Dependencies all met for dep_context=requeueable deps ti=<TaskInstance: multi_region_ods_merge_v2.ods_merge_group.merge_categories manual__2025-06-10T08:47:19.722241+00:00 [queued]>
[2025-06-10T08:48:35.498+0000] {taskinstance.py:2170} INFO - Starting attempt 2 of 2
[2025-06-10T08:48:35.507+0000] {taskinstance.py:2191} INFO - Executing <Task(_PythonDecoratedOperator): ods_merge_group.merge_categories> on 2025-06-10 08:47:19.722241+00:00
[2025-06-10T08:48:35.512+0000] {standard_task_runner.py:60} INFO - Started process 5899 to run task
[2025-06-10T08:48:35.514+0000] {standard_task_runner.py:87} INFO - Running: ['airflow', 'tasks', 'run', 'multi_region_ods_merge_v2', 'ods_merge_group.merge_categories', 'manual__2025-06-10T08:47:19.722241+00:00', '--job-id', '1070', '--raw', '--subdir', 'DAGS_FOLDER/master_ods_dag.py', '--cfg-path', '/tmp/tmpxyiils0b']
[2025-06-10T08:48:35.515+0000] {standard_task_runner.py:88} INFO - Job 1070: Subtask ods_merge_group.merge_categories
[2025-06-10T08:48:35.563+0000] {task_command.py:423} INFO - Running <TaskInstance: multi_region_ods_merge_v2.ods_merge_group.merge_categories manual__2025-06-10T08:47:19.722241+00:00 [running]> on host 12acfcfc5342
[2025-06-10T08:48:35.642+0000] {taskinstance.py:2480} INFO - Exporting env vars: AIRFLOW_CTX_DAG_OWNER='data-team' AIRFLOW_CTX_DAG_ID='multi_region_ods_merge_v2' AIRFLOW_CTX_TASK_ID='ods_merge_group.merge_categories' AIRFLOW_CTX_EXECUTION_DATE='2025-06-10T08:47:19.722241+00:00' AIRFLOW_CTX_TRY_NUMBER='2' AIRFLOW_CTX_DAG_RUN_ID='manual__2025-06-10T08:47:19.722241+00:00'
[2025-06-10T08:48:35.643+0000] {connection.py:486} INFO - Snowflake Connector for Python Version: 3.15.0, Python Version: 3.10.13, Platform: Linux-6.11.0-26-generic-x86_64-with-glibc2.36
[2025-06-10T08:48:35.644+0000] {connection.py:1391} INFO - Connecting to GLOBAL Snowflake domain
[2025-06-10T08:48:41.559+0000] {logging_mixin.py:188} INFO - Successfully connected to Snowflake via snowflake.connector.
[2025-06-10T08:48:41.560+0000] {logging_mixin.py:188} INFO - Running merge for categories...
[2025-06-10T08:48:42.735+0000] {logging_mixin.py:188} INFO - Error running merge for categories: 100090 (42P18): 01bceeb0-0305-91aa-0008-654b0012c506: Duplicate row detected during DML action
Row Values: [1, "Electronics", NULL, "/Electronics", NULL, 0, 1, 1704099600000000000, 1749410586000000000, "ASIA", "postgres"]
[2025-06-10T08:48:43.410+0000] {taskinstance.py:2698} ERROR - Task failed with exception
Traceback (most recent call last):
  File "/home/airflow/.local/lib/python3.10/site-packages/airflow/models/taskinstance.py", line 433, in _execute_task
    result = execute_callable(context=context, **execute_callable_kwargs)
  File "/home/airflow/.local/lib/python3.10/site-packages/airflow/decorators/base.py", line 241, in execute
    return_value = super().execute(context)
  File "/home/airflow/.local/lib/python3.10/site-packages/airflow/operators/python.py", line 199, in execute
    return_value = self.execute_callable()
  File "/home/airflow/.local/lib/python3.10/site-packages/airflow/operators/python.py", line 216, in execute_callable
    return self.python_callable(*self.op_args, **self.op_kwargs)
  File "/opt/airflow/dags/master_ods_dag.py", line 167, in merge_table
    run_merge_query(t)
  File "/opt/airflow/dags/master_ods_dag.py", line 146, in run_merge_query
    cursor.execute(merge_sql)
  File "/home/airflow/.local/lib/python3.10/site-packages/snowflake/connector/cursor.py", line 1134, in execute
    Error.errorhandler_wrapper(self.connection, self, error_class, errvalue)
  File "/home/airflow/.local/lib/python3.10/site-packages/snowflake/connector/errors.py", line 279, in errorhandler_wrapper
    handed_over = Error.hand_to_other_handler(
  File "/home/airflow/.local/lib/python3.10/site-packages/snowflake/connector/errors.py", line 334, in hand_to_other_handler
    cursor.errorhandler(connection, cursor, error_class, error_value)
  File "/home/airflow/.local/lib/python3.10/site-packages/snowflake/connector/errors.py", line 210, in default_errorhandler
    raise error_class(
snowflake.connector.errors.ProgrammingError: 100090 (42P18): 01bceeb0-0305-91aa-0008-654b0012c506: Duplicate row detected during DML action
Row Values: [1, "Electronics", NULL, "/Electronics", NULL, 0, 1, 1704099600000000000, 1749410586000000000, "ASIA", "postgres"]
[2025-06-10T08:48:43.421+0000] {taskinstance.py:1138} INFO - Marking task as FAILED. dag_id=multi_region_ods_merge_v2, task_id=ods_merge_group.merge_categories, execution_date=20250610T084719, start_date=20250610T084835, end_date=20250610T084843
[2025-06-10T08:48:43.432+0000] {standard_task_runner.py:107} ERROR - Failed to execute job 1070 for task ods_merge_group.merge_categories (100090 (42P18): 01bceeb0-0305-91aa-0008-654b0012c506: Duplicate row detected during DML action
Row Values: [1, "Electronics", NULL, "/Electronics", NULL, 0, 1, 1704099600000000000, 1749410586000000000, "ASIA", "postgres"]; 5899)
[2025-06-10T08:48:43.468+0000] {local_task_job_runner.py:234} INFO - Task exited with return code 1
[2025-06-10T08:48:43.495+0000] {taskinstance.py:3280} INFO - 0 downstream tasks scheduled from follow-on schedule check
