[2025-06-02T09:20:24.813+0000] {taskinstance.py:1956} INFO - Dependencies all met for dep_context=non-requeueable deps ti=<TaskInstance: copy_postgres_table_to_table.transfer_table_data scheduled__2025-06-01T00:00:00+00:00 [queued]>
[2025-06-02T09:20:24.818+0000] {taskinstance.py:1956} INFO - Dependencies all met for dep_context=requeueable deps ti=<TaskInstance: copy_postgres_table_to_table.transfer_table_data scheduled__2025-06-01T00:00:00+00:00 [queued]>
[2025-06-02T09:20:24.819+0000] {taskinstance.py:2170} INFO - Starting attempt 1 of 1
[2025-06-02T09:20:24.905+0000] {taskinstance.py:2191} INFO - Executing <Task(_PythonDecoratedOperator): transfer_table_data> on 2025-06-01 00:00:00+00:00
[2025-06-02T09:20:24.909+0000] {standard_task_runner.py:60} INFO - Started process 174 to run task
[2025-06-02T09:20:24.911+0000] {standard_task_runner.py:87} INFO - Running: ['airflow', 'tasks', 'run', 'copy_postgres_table_to_table', 'transfer_table_data', 'scheduled__2025-06-01T00:00:00+00:00', '--job-id', '94', '--raw', '--subdir', 'DAGS_FOLDER/asia/extract_load_staging_asia.py', '--cfg-path', '/tmp/tmp7w_8uopq']
[2025-06-02T09:20:24.912+0000] {standard_task_runner.py:88} INFO - Job 94: Subtask transfer_table_data
[2025-06-02T09:20:24.954+0000] {logging_mixin.py:188} WARNING - /home/airflow/.local/lib/python3.10/site-packages/airflow/settings.py:194 DeprecationWarning: The sql_alchemy_conn option in [core] has been moved to the sql_alchemy_conn option in [database] - the old setting has been used, but please update your config.
[2025-06-02T09:20:24.987+0000] {task_command.py:423} INFO - Running <TaskInstance: copy_postgres_table_to_table.transfer_table_data scheduled__2025-06-01T00:00:00+00:00 [running]> on host dd7ff9e2268d
[2025-06-02T09:20:26.413+0000] {taskinstance.py:2480} INFO - Exporting env vars: AIRFLOW_CTX_DAG_OWNER='airflow' AIRFLOW_CTX_DAG_ID='copy_postgres_table_to_table' AIRFLOW_CTX_TASK_ID='transfer_table_data' AIRFLOW_CTX_EXECUTION_DATE='2025-06-01T00:00:00+00:00' AIRFLOW_CTX_TRY_NUMBER='1' AIRFLOW_CTX_DAG_RUN_ID='scheduled__2025-06-01T00:00:00+00:00'
[2025-06-02T09:20:26.414+0000] {taskinstance.py:2698} ERROR - Task failed with exception
Traceback (most recent call last):
  File "/home/airflow/.local/lib/python3.10/site-packages/airflow/models/taskinstance.py", line 433, in _execute_task
    result = execute_callable(context=context, **execute_callable_kwargs)
  File "/home/airflow/.local/lib/python3.10/site-packages/airflow/decorators/base.py", line 241, in execute
    return_value = super().execute(context)
  File "/home/airflow/.local/lib/python3.10/site-packages/airflow/operators/python.py", line 199, in execute
    return_value = self.execute_callable()
  File "/home/airflow/.local/lib/python3.10/site-packages/airflow/operators/python.py", line 216, in execute_callable
    return self.python_callable(*self.op_args, **self.op_kwargs)
  File "/opt/airflow/dags/asia/extract_load_staging_asia.py", line 28, in transfer_table_data
    "sfURL": os.getenv("SNOWFLAKE_ACCOUNT") + ".snowflakecomputing.com",
TypeError: unsupported operand type(s) for +: 'NoneType' and 'str'
[2025-06-02T09:20:26.424+0000] {taskinstance.py:1138} INFO - Marking task as FAILED. dag_id=copy_postgres_table_to_table, task_id=transfer_table_data, execution_date=20250601T000000, start_date=20250602T092024, end_date=20250602T092026
[2025-06-02T09:20:26.712+0000] {standard_task_runner.py:107} ERROR - Failed to execute job 94 for task transfer_table_data (unsupported operand type(s) for +: 'NoneType' and 'str'; 174)
[2025-06-02T09:20:26.729+0000] {local_task_job_runner.py:234} INFO - Task exited with return code 1
[2025-06-02T09:20:26.749+0000] {taskinstance.py:3280} INFO - 0 downstream tasks scheduled from follow-on schedule check
