[2025-06-10T07:00:24.361+0000] {taskinstance.py:1956} INFO - Dependencies all met for dep_context=non-requeueable deps ti=<TaskInstance: multi_region_to_snowflake.process_region_us.process_products_us scheduled__2025-06-09T00:00:00+00:00 [queued]>
[2025-06-10T07:00:24.399+0000] {taskinstance.py:1956} INFO - Dependencies all met for dep_context=requeueable deps ti=<TaskInstance: multi_region_to_snowflake.process_region_us.process_products_us scheduled__2025-06-09T00:00:00+00:00 [queued]>
[2025-06-10T07:00:24.400+0000] {taskinstance.py:2170} INFO - Starting attempt 1 of 2
[2025-06-10T07:00:24.442+0000] {taskinstance.py:2191} INFO - Executing <Task(_PythonDecoratedOperator): process_region_us.process_products_us> on 2025-06-09 00:00:00+00:00
[2025-06-10T07:00:24.453+0000] {standard_task_runner.py:60} INFO - Started process 1782 to run task
[2025-06-10T07:00:24.465+0000] {standard_task_runner.py:87} INFO - Running: ['airflow', 'tasks', 'run', 'multi_region_to_snowflake', 'process_region_us.process_products_us', 'scheduled__2025-06-09T00:00:00+00:00', '--job-id', '949', '--raw', '--subdir', 'DAGS_FOLDER/master_dag.py', '--cfg-path', '/tmp/tmps1klp3zs']
[2025-06-10T07:00:24.470+0000] {standard_task_runner.py:88} INFO - Job 949: Subtask process_region_us.process_products_us
[2025-06-10T07:00:24.647+0000] {task_command.py:423} INFO - Running <TaskInstance: multi_region_to_snowflake.process_region_us.process_products_us scheduled__2025-06-09T00:00:00+00:00 [running]> on host 180d0d52c3ad
[2025-06-10T07:00:24.975+0000] {taskinstance.py:2480} INFO - Exporting env vars: AIRFLOW_CTX_DAG_OWNER='data-team' AIRFLOW_CTX_DAG_ID='multi_region_to_snowflake' AIRFLOW_CTX_TASK_ID='process_region_us.process_products_us' AIRFLOW_CTX_EXECUTION_DATE='2025-06-09T00:00:00+00:00' AIRFLOW_CTX_TRY_NUMBER='1' AIRFLOW_CTX_DAG_RUN_ID='scheduled__2025-06-09T00:00:00+00:00'
[2025-06-10T07:00:36.040+0000] {logging_mixin.py:188} INFO - Processing products for region us
[2025-06-10T07:00:47.223+0000] {logging_mixin.py:188} INFO - STAGING_US
[2025-06-10T07:00:56.200+0000] {logging_mixin.py:188} INFO - +----------+-----------+--------------------+--------------------+-----------+--------+--------+---------+---------+--------+---------+---------+-------------------+-------------------+-------+--------+
|product_id|product_sku|        product_name| product_description|category_id|base_usd|cost_usd|weight_kg|length_cm|width_cm|height_cm|is_active|         created_at|         updated_at|_region| _source|
+----------+-----------+--------------------+--------------------+-----------+--------+--------+---------+---------+--------+---------+---------+-------------------+-------------------+-------+--------+
|         1|  PRD-12001|       Iphone 15 Pro|Latest Apple smar...|          2|  999.99|  650.00|     0.22|      6.1|     3.0|     0.33|     true|2025-06-08 19:23:28|2025-06-08 19:23:28|     us|postgres|
|         2|  PRD-12002|      Macbook Air M2|Apple MacBook Air...|          3| 1199.99|  800.00|     1.22|    11.97|    8.36|     0.44|     true|2025-06-08 19:23:28|2025-06-08 19:23:28|     us|postgres|
|         3|  PRD-12003|       Playstation 5|Sony PlayStation ...|          4|  499.99|  350.00|     4.49|     15.4|    10.2|      4.1|     true|2025-06-08 19:23:28|2025-06-08 19:23:28|     us|postgres|
|         4|  PRD-12004|      Cotton T-shirt|Premium 100% cott...|          6|   24.99|    8.00|      0.2|     28.0|    20.0|      1.0|     true|2025-06-08 19:23:28|2025-06-08 19:23:28|     us|postgres|
|         5|  PRD-12005|        Summer Dress|Floral print midi...|          7|   79.99|   25.00|      0.3|     36.0|    24.0|      2.0|     true|2025-06-08 19:23:28|2025-06-08 19:23:28|     us|postgres|
|         6|  PRD-12006|    Leather Recliner|Genuine leather p...|          9| 1299.99|  650.00|     85.0|     32.0|    36.0|     40.0|     true|2025-06-08 19:23:28|2025-06-08 19:23:28|     us|postgres|
|         7|  PRD-12007|Data Science Hand...|Complete guide to...|         10|   49.99|   15.00|      0.5|     9.25|     7.5|      1.2|     true|2025-06-08 19:23:28|2025-06-08 19:23:28|     us|postgres|
|         8|  PRD-12008|    Anti Aging Serum|Advanced peptide ...|         11|   89.99|   20.00|     0.05|      4.0|     1.5|      1.5|     true|2025-06-08 19:23:28|2025-06-08 19:23:28|     us|postgres|
|         9|  PRD-12009|       Mountain Bike|Professional 21-s...|         12|  799.99|  400.00|    15.51|     68.0|    44.0|     25.0|     true|2025-06-08 19:23:28|2025-06-08 19:23:28|     us|postgres|
|        10|  PRD-12010|Lego Architecture...|Famous landmarks ...|         14|  199.99|   80.00|     2.09|     15.0|    10.0|      3.0|     true|2025-06-08 19:23:28|2025-06-08 19:23:28|     us|postgres|
+----------+-----------+--------------------+--------------------+-----------+--------+--------+---------+---------+--------+---------+---------+-------------------+-------------------+-------+--------+
only showing top 10 rows
[2025-06-10T07:00:56.201+0000] {logging_mixin.py:188} INFO - Inserting into snowflake
[2025-06-10T07:01:29.464+0000] {logging_mixin.py:188} INFO - Error processing products for us: An error occurred while calling o132.save.
: org.apache.spark.SparkException: Job aborted due to stage failure: Task 1 in stage 2.0 failed 1 times, most recent failure: Lost task 1.0 in stage 2.0 (TID 3) (180d0d52c3ad executor driver): net.snowflake.client.jdbc.internal.amazonaws.SdkClientException: Unable to execute HTTP request: sfc-prod3-ds1-85-customer-stage.s3.us-west-2.amazonaws.com
	at net.snowflake.client.jdbc.internal.amazonaws.http.AmazonHttpClient$RequestExecutor.handleRetryableException(AmazonHttpClient.java:1134)
	at net.snowflake.client.jdbc.internal.amazonaws.http.AmazonHttpClient$RequestExecutor.executeHelper(AmazonHttpClient.java:1080)
	at net.snowflake.client.jdbc.internal.amazonaws.http.AmazonHttpClient$RequestExecutor.doExecute(AmazonHttpClient.java:745)
	at net.snowflake.client.jdbc.internal.amazonaws.http.AmazonHttpClient$RequestExecutor.executeWithTimer(AmazonHttpClient.java:719)
	at net.snowflake.client.jdbc.internal.amazonaws.http.AmazonHttpClient$RequestExecutor.execute(AmazonHttpClient.java:701)
	at net.snowflake.client.jdbc.internal.amazonaws.http.AmazonHttpClient$RequestExecutor.access$500(AmazonHttpClient.java:669)
	at net.snowflake.client.jdbc.internal.amazonaws.http.AmazonHttpClient$RequestExecutionBuilderImpl.execute(AmazonHttpClient.java:651)
	at net.snowflake.client.jdbc.internal.amazonaws.http.AmazonHttpClient.execute(AmazonHttpClient.java:515)
	at net.snowflake.client.jdbc.internal.amazonaws.services.s3.AmazonS3Client.invoke(AmazonS3Client.java:4443)
	at net.snowflake.client.jdbc.internal.amazonaws.services.s3.AmazonS3Client.invoke(AmazonS3Client.java:4390)
	at net.snowflake.client.jdbc.internal.amazonaws.services.s3.AmazonS3Client.putObject(AmazonS3Client.java:1774)
	at net.snowflake.client.jdbc.internal.amazonaws.services.s3.AmazonS3Client.putObject(AmazonS3Client.java:1635)
	at net.snowflake.spark.snowflake.io.S3UploadOutputStream.uploadDataChunk(CloudStorageOperations.scala:2029)
	at net.snowflake.spark.snowflake.io.S3UploadOutputStream.close(CloudStorageOperations.scala:2162)
	at java.base/javax.crypto.CipherOutputStream.close(CipherOutputStream.java:220)
	at java.base/java.util.zip.DeflaterOutputStream.close(DeflaterOutputStream.java:250)
	at net.snowflake.spark.snowflake.io.CloudStorage.doUploadPartition(CloudStorageOperations.scala:703)
	at net.snowflake.spark.snowflake.io.CloudStorage.uploadPartition(CloudStorageOperations.scala:611)
	at net.snowflake.spark.snowflake.io.CloudStorage.uploadPartition$(CloudStorageOperations.scala:594)
	at net.snowflake.spark.snowflake.io.InternalS3Storage.uploadPartition(CloudStorageOperations.scala:1324)
	at net.snowflake.spark.snowflake.io.CloudStorage.$anonfun$uploadRDD$2(CloudStorageOperations.scala:806)
	at net.snowflake.spark.snowflake.io.CloudStorage.$anonfun$uploadRDD$2$adapted(CloudStorageOperations.scala:796)
	at org.apache.spark.rdd.RDD.$anonfun$mapPartitionsWithIndex$2(RDD.scala:910)
	at org.apache.spark.rdd.RDD.$anonfun$mapPartitionsWithIndex$2$adapted(RDD.scala:910)
	at org.apache.spark.rdd.MapPartitionsRDD.compute(MapPartitionsRDD.scala:52)
	at org.apache.spark.rdd.RDD.computeOrReadCheckpoint(RDD.scala:367)
	at org.apache.spark.rdd.RDD.iterator(RDD.scala:331)
	at org.apache.spark.scheduler.ResultTask.runTask(ResultTask.scala:93)
	at org.apache.spark.TaskContext.runTaskWithListeners(TaskContext.scala:166)
	at org.apache.spark.scheduler.Task.run(Task.scala:141)
	at org.apache.spark.executor.Executor$TaskRunner.$anonfun$run$4(Executor.scala:621)
	at org.apache.spark.util.SparkErrorUtils.tryWithSafeFinally(SparkErrorUtils.scala:64)
	at org.apache.spark.util.SparkErrorUtils.tryWithSafeFinally$(SparkErrorUtils.scala:61)
	at org.apache.spark.util.Utils$.tryWithSafeFinally(Utils.scala:94)
	at org.apache.spark.executor.Executor$TaskRunner.run(Executor.scala:624)
	at java.base/java.util.concurrent.ThreadPoolExecutor.runWorker(ThreadPoolExecutor.java:1128)
	at java.base/java.util.concurrent.ThreadPoolExecutor$Worker.run(ThreadPoolExecutor.java:628)
	at java.base/java.lang.Thread.run(Thread.java:829)
Caused by: java.net.UnknownHostException: sfc-prod3-ds1-85-customer-stage.s3.us-west-2.amazonaws.com
	at java.base/java.net.InetAddress$CachedAddresses.get(InetAddress.java:797)
	at java.base/java.net.InetAddress.getAllByName0(InetAddress.java:1533)
	at java.base/java.net.InetAddress.getAllByName(InetAddress.java:1386)
	at java.base/java.net.InetAddress.getAllByName(InetAddress.java:1307)
	at net.snowflake.client.jdbc.internal.amazonaws.SystemDefaultDnsResolver.resolve(SystemDefaultDnsResolver.java:27)
	at net.snowflake.client.jdbc.internal.amazonaws.http.DelegatingDnsResolver.resolve(DelegatingDnsResolver.java:38)
	at net.snowflake.client.jdbc.internal.apache.http.impl.conn.DefaultHttpClientConnectionOperator.connect(DefaultHttpClientConnectionOperator.java:112)
	at net.snowflake.client.jdbc.internal.apache.http.impl.conn.PoolingHttpClientConnectionManager.connect(PoolingHttpClientConnectionManager.java:376)
	at java.base/jdk.internal.reflect.NativeMethodAccessorImpl.invoke0(Native Method)
	at java.base/jdk.internal.reflect.NativeMethodAccessorImpl.invoke(NativeMethodAccessorImpl.java:62)
	at java.base/jdk.internal.reflect.DelegatingMethodAccessorImpl.invoke(DelegatingMethodAccessorImpl.java:43)
	at java.base/java.lang.reflect.Method.invoke(Method.java:566)
	at net.snowflake.client.jdbc.internal.amazonaws.http.conn.ClientConnectionManagerFactory$Handler.invoke(ClientConnectionManagerFactory.java:76)
	at net.snowflake.client.jdbc.internal.amazonaws.http.conn.$Proxy40.connect(Unknown Source)
	at net.snowflake.client.jdbc.internal.apache.http.impl.execchain.MainClientExec.establishRoute(MainClientExec.java:393)
	at net.snowflake.client.jdbc.internal.apache.http.impl.execchain.MainClientExec.execute(MainClientExec.java:236)
	at net.snowflake.client.jdbc.internal.apache.http.impl.execchain.ProtocolExec.execute(ProtocolExec.java:186)
	at net.snowflake.client.jdbc.internal.apache.http.impl.client.InternalHttpClient.doExecute(InternalHttpClient.java:185)
	at net.snowflake.client.jdbc.internal.apache.http.impl.client.CloseableHttpClient.execute(CloseableHttpClient.java:83)
	at net.snowflake.client.jdbc.internal.apache.http.impl.client.CloseableHttpClient.execute(CloseableHttpClient.java:56)
	at net.snowflake.client.jdbc.internal.amazonaws.http.apache.client.impl.SdkHttpClient.execute(SdkHttpClient.java:72)
	at net.snowflake.client.jdbc.internal.amazonaws.http.AmazonHttpClient$RequestExecutor.executeOneRequest(AmazonHttpClient.java:1256)
	at net.snowflake.client.jdbc.internal.amazonaws.http.AmazonHttpClient$RequestExecutor.executeHelper(AmazonHttpClient.java:1072)
	... 36 more

Driver stacktrace:
	at org.apache.spark.scheduler.DAGScheduler.failJobAndIndependentStages(DAGScheduler.scala:2898)
	at org.apache.spark.scheduler.DAGScheduler.$anonfun$abortStage$2(DAGScheduler.scala:2834)
	at org.apache.spark.scheduler.DAGScheduler.$anonfun$abortStage$2$adapted(DAGScheduler.scala:2833)
	at scala.collection.mutable.ResizableArray.foreach(ResizableArray.scala:62)
	at scala.collection.mutable.ResizableArray.foreach$(ResizableArray.scala:55)
	at scala.collection.mutable.ArrayBuffer.foreach(ArrayBuffer.scala:49)
	at org.apache.spark.scheduler.DAGScheduler.abortStage(DAGScheduler.scala:2833)
	at org.apache.spark.scheduler.DAGScheduler.$anonfun$handleTaskSetFailed$1(DAGScheduler.scala:1253)
	at org.apache.spark.scheduler.DAGScheduler.$anonfun$handleTaskSetFailed$1$adapted(DAGScheduler.scala:1253)
	at scala.Option.foreach(Option.scala:407)
	at org.apache.spark.scheduler.DAGScheduler.handleTaskSetFailed(DAGScheduler.scala:1253)
	at org.apache.spark.scheduler.DAGSchedulerEventProcessLoop.doOnReceive(DAGScheduler.scala:3102)
	at org.apache.spark.scheduler.DAGSchedulerEventProcessLoop.onReceive(DAGScheduler.scala:3036)
	at org.apache.spark.scheduler.DAGSchedulerEventProcessLoop.onReceive(DAGScheduler.scala:3025)
	at org.apache.spark.util.EventLoop$$anon$1.run(EventLoop.scala:49)
	at org.apache.spark.scheduler.DAGScheduler.runJob(DAGScheduler.scala:995)
	at org.apache.spark.SparkContext.runJob(SparkContext.scala:2393)
	at org.apache.spark.SparkContext.runJob(SparkContext.scala:2414)
	at org.apache.spark.SparkContext.runJob(SparkContext.scala:2433)
	at org.apache.spark.SparkContext.runJob(SparkContext.scala:2458)
	at org.apache.spark.rdd.RDD.$anonfun$collect$1(RDD.scala:1049)
	at org.apache.spark.rdd.RDDOperationScope$.withScope(RDDOperationScope.scala:151)
	at org.apache.spark.rdd.RDDOperationScope$.withScope(RDDOperationScope.scala:112)
	at org.apache.spark.rdd.RDD.withScope(RDD.scala:410)
	at org.apache.spark.rdd.RDD.collect(RDD.scala:1048)
	at net.snowflake.spark.snowflake.io.CloudStorage.uploadRDD(CloudStorageOperations.scala:813)
	at net.snowflake.spark.snowflake.io.CloudStorage.uploadRDD$(CloudStorageOperations.scala:774)
	at net.snowflake.spark.snowflake.io.InternalS3Storage.uploadRDD(CloudStorageOperations.scala:1324)
	at net.snowflake.spark.snowflake.io.CloudStorage.upload(CloudStorageOperations.scala:566)
	at net.snowflake.spark.snowflake.io.CloudStorage.upload$(CloudStorageOperations.scala:562)
	at net.snowflake.spark.snowflake.io.InternalS3Storage.upload(CloudStorageOperations.scala:1324)
	at net.snowflake.spark.snowflake.io.StageWriter$.writeToStage(StageWriter.scala:219)
	at net.snowflake.spark.snowflake.io.package$.writeRDD(package.scala:51)
	at net.snowflake.spark.snowflake.SnowflakeWriter.save(SnowflakeWriter.scala:73)
	at net.snowflake.spark.snowflake.DefaultSource.createRelation(DefaultSource.scala:137)
	at org.apache.spark.sql.execution.datasources.SaveIntoDataSourceCommand.run(SaveIntoDataSourceCommand.scala:48)
	at org.apache.spark.sql.execution.command.ExecutedCommandExec.sideEffectResult$lzycompute(commands.scala:75)
	at org.apache.spark.sql.execution.command.ExecutedCommandExec.sideEffectResult(commands.scala:73)
	at org.apache.spark.sql.execution.command.ExecutedCommandExec.executeCollect(commands.scala:84)
	at org.apache.spark.sql.execution.QueryExecution$$anonfun$eagerlyExecuteCommands$1.$anonfun$applyOrElse$1(QueryExecution.scala:107)
	at org.apache.spark.sql.execution.SQLExecution$.$anonfun$withNewExecutionId$6(SQLExecution.scala:125)
	at org.apache.spark.sql.execution.SQLExecution$.withSQLConfPropagated(SQLExecution.scala:201)
	at org.apache.spark.sql.execution.SQLExecution$.$anonfun$withNewExecutionId$1(SQLExecution.scala:108)
	at org.apache.spark.sql.SparkSession.withActive(SparkSession.scala:900)
	at org.apache.spark.sql.execution.SQLExecution$.withNewExecutionId(SQLExecution.scala:66)
	at org.apache.spark.sql.execution.QueryExecution$$anonfun$eagerlyExecuteCommands$1.applyOrElse(QueryExecution.scala:107)
	at org.apache.spark.sql.execution.QueryExecution$$anonfun$eagerlyExecuteCommands$1.applyOrElse(QueryExecution.scala:98)
	at org.apache.spark.sql.catalyst.trees.TreeNode.$anonfun$transformDownWithPruning$1(TreeNode.scala:461)
	at org.apache.spark.sql.catalyst.trees.CurrentOrigin$.withOrigin(origin.scala:76)
	at org.apache.spark.sql.catalyst.trees.TreeNode.transformDownWithPruning(TreeNode.scala:461)
	at org.apache.spark.sql.catalyst.plans.logical.LogicalPlan.org$apache$spark$sql$catalyst$plans$logical$AnalysisHelper$$super$transformDownWithPruning(LogicalPlan.scala:32)
	at org.apache.spark.sql.catalyst.plans.logical.AnalysisHelper.transformDownWithPruning(AnalysisHelper.scala:267)
	at org.apache.spark.sql.catalyst.plans.logical.AnalysisHelper.transformDownWithPruning$(AnalysisHelper.scala:263)
	at org.apache.spark.sql.catalyst.plans.logical.LogicalPlan.transformDownWithPruning(LogicalPlan.scala:32)
	at org.apache.spark.sql.catalyst.plans.logical.LogicalPlan.transformDownWithPruning(LogicalPlan.scala:32)
	at org.apache.spark.sql.catalyst.trees.TreeNode.transformDown(TreeNode.scala:437)
	at org.apache.spark.sql.execution.QueryExecution.eagerlyExecuteCommands(QueryExecution.scala:98)
	at org.apache.spark.sql.execution.QueryExecution.commandExecuted$lzycompute(QueryExecution.scala:85)
	at org.apache.spark.sql.execution.QueryExecution.commandExecuted(QueryExecution.scala:83)
	at org.apache.spark.sql.execution.QueryExecution.assertCommandExecuted(QueryExecution.scala:142)
	at org.apache.spark.sql.DataFrameWriter.runCommand(DataFrameWriter.scala:869)
	at org.apache.spark.sql.DataFrameWriter.saveToV1Source(DataFrameWriter.scala:391)
	at org.apache.spark.sql.DataFrameWriter.saveInternal(DataFrameWriter.scala:364)
	at org.apache.spark.sql.DataFrameWriter.save(DataFrameWriter.scala:251)
	at java.base/jdk.internal.reflect.NativeMethodAccessorImpl.invoke0(Native Method)
	at java.base/jdk.internal.reflect.NativeMethodAccessorImpl.invoke(NativeMethodAccessorImpl.java:62)
	at java.base/jdk.internal.reflect.DelegatingMethodAccessorImpl.invoke(DelegatingMethodAccessorImpl.java:43)
	at java.base/java.lang.reflect.Method.invoke(Method.java:566)
	at py4j.reflection.MethodInvoker.invoke(MethodInvoker.java:244)
	at py4j.reflection.ReflectionEngine.invoke(ReflectionEngine.java:374)
	at py4j.Gateway.invoke(Gateway.java:282)
	at py4j.commands.AbstractCommand.invokeMethod(AbstractCommand.java:132)
	at py4j.commands.CallCommand.execute(CallCommand.java:79)
	at py4j.ClientServerConnection.waitForCommands(ClientServerConnection.java:182)
	at py4j.ClientServerConnection.run(ClientServerConnection.java:106)
	at java.base/java.lang.Thread.run(Thread.java:829)
Caused by: net.snowflake.client.jdbc.internal.amazonaws.SdkClientException: Unable to execute HTTP request: sfc-prod3-ds1-85-customer-stage.s3.us-west-2.amazonaws.com
	at net.snowflake.client.jdbc.internal.amazonaws.http.AmazonHttpClient$RequestExecutor.handleRetryableException(AmazonHttpClient.java:1134)
	at net.snowflake.client.jdbc.internal.amazonaws.http.AmazonHttpClient$RequestExecutor.executeHelper(AmazonHttpClient.java:1080)
	at net.snowflake.client.jdbc.internal.amazonaws.http.AmazonHttpClient$RequestExecutor.doExecute(AmazonHttpClient.java:745)
	at net.snowflake.client.jdbc.internal.amazonaws.http.AmazonHttpClient$RequestExecutor.executeWithTimer(AmazonHttpClient.java:719)
	at net.snowflake.client.jdbc.internal.amazonaws.http.AmazonHttpClient$RequestExecutor.execute(AmazonHttpClient.java:701)
	at net.snowflake.client.jdbc.internal.amazonaws.http.AmazonHttpClient$RequestExecutor.access$500(AmazonHttpClient.java:669)
	at net.snowflake.client.jdbc.internal.amazonaws.http.AmazonHttpClient$RequestExecutionBuilderImpl.execute(AmazonHttpClient.java:651)
	at net.snowflake.client.jdbc.internal.amazonaws.http.AmazonHttpClient.execute(AmazonHttpClient.java:515)
	at net.snowflake.client.jdbc.internal.amazonaws.services.s3.AmazonS3Client.invoke(AmazonS3Client.java:4443)
	at net.snowflake.client.jdbc.internal.amazonaws.services.s3.AmazonS3Client.invoke(AmazonS3Client.java:4390)
	at net.snowflake.client.jdbc.internal.amazonaws.services.s3.AmazonS3Client.putObject(AmazonS3Client.java:1774)
	at net.snowflake.client.jdbc.internal.amazonaws.services.s3.AmazonS3Client.putObject(AmazonS3Client.java:1635)
	at net.snowflake.spark.snowflake.io.S3UploadOutputStream.uploadDataChunk(CloudStorageOperations.scala:2029)
	at net.snowflake.spark.snowflake.io.S3UploadOutputStream.close(CloudStorageOperations.scala:2162)
	at java.base/javax.crypto.CipherOutputStream.close(CipherOutputStream.java:220)
	at java.base/java.util.zip.DeflaterOutputStream.close(DeflaterOutputStream.java:250)
	at net.snowflake.spark.snowflake.io.CloudStorage.doUploadPartition(CloudStorageOperations.scala:703)
	at net.snowflake.spark.snowflake.io.CloudStorage.uploadPartition(CloudStorageOperations.scala:611)
	at net.snowflake.spark.snowflake.io.CloudStorage.uploadPartition$(CloudStorageOperations.scala:594)
	at net.snowflake.spark.snowflake.io.InternalS3Storage.uploadPartition(CloudStorageOperations.scala:1324)
	at net.snowflake.spark.snowflake.io.CloudStorage.$anonfun$uploadRDD$2(CloudStorageOperations.scala:806)
	at net.snowflake.spark.snowflake.io.CloudStorage.$anonfun$uploadRDD$2$adapted(CloudStorageOperations.scala:796)
	at org.apache.spark.rdd.RDD.$anonfun$mapPartitionsWithIndex$2(RDD.scala:910)
	at org.apache.spark.rdd.RDD.$anonfun$mapPartitionsWithIndex$2$adapted(RDD.scala:910)
	at org.apache.spark.rdd.MapPartitionsRDD.compute(MapPartitionsRDD.scala:52)
	at org.apache.spark.rdd.RDD.computeOrReadCheckpoint(RDD.scala:367)
	at org.apache.spark.rdd.RDD.iterator(RDD.scala:331)
	at org.apache.spark.scheduler.ResultTask.runTask(ResultTask.scala:93)
	at org.apache.spark.TaskContext.runTaskWithListeners(TaskContext.scala:166)
	at org.apache.spark.scheduler.Task.run(Task.scala:141)
	at org.apache.spark.executor.Executor$TaskRunner.$anonfun$run$4(Executor.scala:621)
	at org.apache.spark.util.SparkErrorUtils.tryWithSafeFinally(SparkErrorUtils.scala:64)
	at org.apache.spark.util.SparkErrorUtils.tryWithSafeFinally$(SparkErrorUtils.scala:61)
	at org.apache.spark.util.Utils$.tryWithSafeFinally(Utils.scala:94)
	at org.apache.spark.executor.Executor$TaskRunner.run(Executor.scala:624)
	at java.base/java.util.concurrent.ThreadPoolExecutor.runWorker(ThreadPoolExecutor.java:1128)
	at java.base/java.util.concurrent.ThreadPoolExecutor$Worker.run(ThreadPoolExecutor.java:628)
	... 1 more
Caused by: java.net.UnknownHostException: sfc-prod3-ds1-85-customer-stage.s3.us-west-2.amazonaws.com
	at java.base/java.net.InetAddress$CachedAddresses.get(InetAddress.java:797)
	at java.base/java.net.InetAddress.getAllByName0(InetAddress.java:1533)
	at java.base/java.net.InetAddress.getAllByName(InetAddress.java:1386)
	at java.base/java.net.InetAddress.getAllByName(InetAddress.java:1307)
	at net.snowflake.client.jdbc.internal.amazonaws.SystemDefaultDnsResolver.resolve(SystemDefaultDnsResolver.java:27)
	at net.snowflake.client.jdbc.internal.amazonaws.http.DelegatingDnsResolver.resolve(DelegatingDnsResolver.java:38)
	at net.snowflake.client.jdbc.internal.apache.http.impl.conn.DefaultHttpClientConnectionOperator.connect(DefaultHttpClientConnectionOperator.java:112)
	at net.snowflake.client.jdbc.internal.apache.http.impl.conn.PoolingHttpClientConnectionManager.connect(PoolingHttpClientConnectionManager.java:376)
	at java.base/jdk.internal.reflect.NativeMethodAccessorImpl.invoke0(Native Method)
	at java.base/jdk.internal.reflect.NativeMethodAccessorImpl.invoke(NativeMethodAccessorImpl.java:62)
	at java.base/jdk.internal.reflect.DelegatingMethodAccessorImpl.invoke(DelegatingMethodAccessorImpl.java:43)
	at java.base/java.lang.reflect.Method.invoke(Method.java:566)
	at net.snowflake.client.jdbc.internal.amazonaws.http.conn.ClientConnectionManagerFactory$Handler.invoke(ClientConnectionManagerFactory.java:76)
	at net.snowflake.client.jdbc.internal.amazonaws.http.conn.$Proxy40.connect(Unknown Source)
	at net.snowflake.client.jdbc.internal.apache.http.impl.execchain.MainClientExec.establishRoute(MainClientExec.java:393)
	at net.snowflake.client.jdbc.internal.apache.http.impl.execchain.MainClientExec.execute(MainClientExec.java:236)
	at net.snowflake.client.jdbc.internal.apache.http.impl.execchain.ProtocolExec.execute(ProtocolExec.java:186)
	at net.snowflake.client.jdbc.internal.apache.http.impl.client.InternalHttpClient.doExecute(InternalHttpClient.java:185)
	at net.snowflake.client.jdbc.internal.apache.http.impl.client.CloseableHttpClient.execute(CloseableHttpClient.java:83)
	at net.snowflake.client.jdbc.internal.apache.http.impl.client.CloseableHttpClient.execute(CloseableHttpClient.java:56)
	at net.snowflake.client.jdbc.internal.amazonaws.http.apache.client.impl.SdkHttpClient.execute(SdkHttpClient.java:72)
	at net.snowflake.client.jdbc.internal.amazonaws.http.AmazonHttpClient$RequestExecutor.executeOneRequest(AmazonHttpClient.java:1256)
	at net.snowflake.client.jdbc.internal.amazonaws.http.AmazonHttpClient$RequestExecutor.executeHelper(AmazonHttpClient.java:1072)
	... 36 more
[2025-06-10T07:01:30.127+0000] {taskinstance.py:2698} ERROR - Task failed with exception
Traceback (most recent call last):
  File "/home/airflow/.local/lib/python3.10/site-packages/airflow/models/taskinstance.py", line 433, in _execute_task
    result = execute_callable(context=context, **execute_callable_kwargs)
  File "/home/airflow/.local/lib/python3.10/site-packages/airflow/decorators/base.py", line 241, in execute
    return_value = super().execute(context)
  File "/home/airflow/.local/lib/python3.10/site-packages/airflow/operators/python.py", line 199, in execute
    return_value = self.execute_callable()
  File "/home/airflow/.local/lib/python3.10/site-packages/airflow/operators/python.py", line 216, in execute_callable
    return self.python_callable(*self.op_args, **self.op_kwargs)
  File "/opt/airflow/dags/master_dag.py", line 209, in process_table
    write_to_snowflake(
  File "/opt/airflow/dags/master_dag.py", line 201, in write_to_snowflake
    ).mode("overwrite").save()
  File "/home/airflow/.local/lib/python3.10/site-packages/pyspark/sql/readwriter.py", line 1461, in save
    self._jwrite.save()
  File "/home/airflow/.local/lib/python3.10/site-packages/py4j/java_gateway.py", line 1322, in __call__
    return_value = get_return_value(
  File "/home/airflow/.local/lib/python3.10/site-packages/pyspark/errors/exceptions/captured.py", line 179, in deco
    return f(*a, **kw)
  File "/home/airflow/.local/lib/python3.10/site-packages/py4j/protocol.py", line 326, in get_return_value
    raise Py4JJavaError(
py4j.protocol.Py4JJavaError: An error occurred while calling o132.save.
: org.apache.spark.SparkException: Job aborted due to stage failure: Task 1 in stage 2.0 failed 1 times, most recent failure: Lost task 1.0 in stage 2.0 (TID 3) (180d0d52c3ad executor driver): net.snowflake.client.jdbc.internal.amazonaws.SdkClientException: Unable to execute HTTP request: sfc-prod3-ds1-85-customer-stage.s3.us-west-2.amazonaws.com
	at net.snowflake.client.jdbc.internal.amazonaws.http.AmazonHttpClient$RequestExecutor.handleRetryableException(AmazonHttpClient.java:1134)
	at net.snowflake.client.jdbc.internal.amazonaws.http.AmazonHttpClient$RequestExecutor.executeHelper(AmazonHttpClient.java:1080)
	at net.snowflake.client.jdbc.internal.amazonaws.http.AmazonHttpClient$RequestExecutor.doExecute(AmazonHttpClient.java:745)
	at net.snowflake.client.jdbc.internal.amazonaws.http.AmazonHttpClient$RequestExecutor.executeWithTimer(AmazonHttpClient.java:719)
	at net.snowflake.client.jdbc.internal.amazonaws.http.AmazonHttpClient$RequestExecutor.execute(AmazonHttpClient.java:701)
	at net.snowflake.client.jdbc.internal.amazonaws.http.AmazonHttpClient$RequestExecutor.access$500(AmazonHttpClient.java:669)
	at net.snowflake.client.jdbc.internal.amazonaws.http.AmazonHttpClient$RequestExecutionBuilderImpl.execute(AmazonHttpClient.java:651)
	at net.snowflake.client.jdbc.internal.amazonaws.http.AmazonHttpClient.execute(AmazonHttpClient.java:515)
	at net.snowflake.client.jdbc.internal.amazonaws.services.s3.AmazonS3Client.invoke(AmazonS3Client.java:4443)
	at net.snowflake.client.jdbc.internal.amazonaws.services.s3.AmazonS3Client.invoke(AmazonS3Client.java:4390)
	at net.snowflake.client.jdbc.internal.amazonaws.services.s3.AmazonS3Client.putObject(AmazonS3Client.java:1774)
	at net.snowflake.client.jdbc.internal.amazonaws.services.s3.AmazonS3Client.putObject(AmazonS3Client.java:1635)
	at net.snowflake.spark.snowflake.io.S3UploadOutputStream.uploadDataChunk(CloudStorageOperations.scala:2029)
	at net.snowflake.spark.snowflake.io.S3UploadOutputStream.close(CloudStorageOperations.scala:2162)
	at java.base/javax.crypto.CipherOutputStream.close(CipherOutputStream.java:220)
	at java.base/java.util.zip.DeflaterOutputStream.close(DeflaterOutputStream.java:250)
	at net.snowflake.spark.snowflake.io.CloudStorage.doUploadPartition(CloudStorageOperations.scala:703)
	at net.snowflake.spark.snowflake.io.CloudStorage.uploadPartition(CloudStorageOperations.scala:611)
	at net.snowflake.spark.snowflake.io.CloudStorage.uploadPartition$(CloudStorageOperations.scala:594)
	at net.snowflake.spark.snowflake.io.InternalS3Storage.uploadPartition(CloudStorageOperations.scala:1324)
	at net.snowflake.spark.snowflake.io.CloudStorage.$anonfun$uploadRDD$2(CloudStorageOperations.scala:806)
	at net.snowflake.spark.snowflake.io.CloudStorage.$anonfun$uploadRDD$2$adapted(CloudStorageOperations.scala:796)
	at org.apache.spark.rdd.RDD.$anonfun$mapPartitionsWithIndex$2(RDD.scala:910)
	at org.apache.spark.rdd.RDD.$anonfun$mapPartitionsWithIndex$2$adapted(RDD.scala:910)
	at org.apache.spark.rdd.MapPartitionsRDD.compute(MapPartitionsRDD.scala:52)
	at org.apache.spark.rdd.RDD.computeOrReadCheckpoint(RDD.scala:367)
	at org.apache.spark.rdd.RDD.iterator(RDD.scala:331)
	at org.apache.spark.scheduler.ResultTask.runTask(ResultTask.scala:93)
	at org.apache.spark.TaskContext.runTaskWithListeners(TaskContext.scala:166)
	at org.apache.spark.scheduler.Task.run(Task.scala:141)
	at org.apache.spark.executor.Executor$TaskRunner.$anonfun$run$4(Executor.scala:621)
	at org.apache.spark.util.SparkErrorUtils.tryWithSafeFinally(SparkErrorUtils.scala:64)
	at org.apache.spark.util.SparkErrorUtils.tryWithSafeFinally$(SparkErrorUtils.scala:61)
	at org.apache.spark.util.Utils$.tryWithSafeFinally(Utils.scala:94)
	at org.apache.spark.executor.Executor$TaskRunner.run(Executor.scala:624)
	at java.base/java.util.concurrent.ThreadPoolExecutor.runWorker(ThreadPoolExecutor.java:1128)
	at java.base/java.util.concurrent.ThreadPoolExecutor$Worker.run(ThreadPoolExecutor.java:628)
	at java.base/java.lang.Thread.run(Thread.java:829)
Caused by: java.net.UnknownHostException: sfc-prod3-ds1-85-customer-stage.s3.us-west-2.amazonaws.com
	at java.base/java.net.InetAddress$CachedAddresses.get(InetAddress.java:797)
	at java.base/java.net.InetAddress.getAllByName0(InetAddress.java:1533)
	at java.base/java.net.InetAddress.getAllByName(InetAddress.java:1386)
	at java.base/java.net.InetAddress.getAllByName(InetAddress.java:1307)
	at net.snowflake.client.jdbc.internal.amazonaws.SystemDefaultDnsResolver.resolve(SystemDefaultDnsResolver.java:27)
	at net.snowflake.client.jdbc.internal.amazonaws.http.DelegatingDnsResolver.resolve(DelegatingDnsResolver.java:38)
	at net.snowflake.client.jdbc.internal.apache.http.impl.conn.DefaultHttpClientConnectionOperator.connect(DefaultHttpClientConnectionOperator.java:112)
	at net.snowflake.client.jdbc.internal.apache.http.impl.conn.PoolingHttpClientConnectionManager.connect(PoolingHttpClientConnectionManager.java:376)
	at java.base/jdk.internal.reflect.NativeMethodAccessorImpl.invoke0(Native Method)
	at java.base/jdk.internal.reflect.NativeMethodAccessorImpl.invoke(NativeMethodAccessorImpl.java:62)
	at java.base/jdk.internal.reflect.DelegatingMethodAccessorImpl.invoke(DelegatingMethodAccessorImpl.java:43)
	at java.base/java.lang.reflect.Method.invoke(Method.java:566)
	at net.snowflake.client.jdbc.internal.amazonaws.http.conn.ClientConnectionManagerFactory$Handler.invoke(ClientConnectionManagerFactory.java:76)
	at net.snowflake.client.jdbc.internal.amazonaws.http.conn.$Proxy40.connect(Unknown Source)
	at net.snowflake.client.jdbc.internal.apache.http.impl.execchain.MainClientExec.establishRoute(MainClientExec.java:393)
	at net.snowflake.client.jdbc.internal.apache.http.impl.execchain.MainClientExec.execute(MainClientExec.java:236)
	at net.snowflake.client.jdbc.internal.apache.http.impl.execchain.ProtocolExec.execute(ProtocolExec.java:186)
	at net.snowflake.client.jdbc.internal.apache.http.impl.client.InternalHttpClient.doExecute(InternalHttpClient.java:185)
	at net.snowflake.client.jdbc.internal.apache.http.impl.client.CloseableHttpClient.execute(CloseableHttpClient.java:83)
	at net.snowflake.client.jdbc.internal.apache.http.impl.client.CloseableHttpClient.execute(CloseableHttpClient.java:56)
	at net.snowflake.client.jdbc.internal.amazonaws.http.apache.client.impl.SdkHttpClient.execute(SdkHttpClient.java:72)
	at net.snowflake.client.jdbc.internal.amazonaws.http.AmazonHttpClient$RequestExecutor.executeOneRequest(AmazonHttpClient.java:1256)
	at net.snowflake.client.jdbc.internal.amazonaws.http.AmazonHttpClient$RequestExecutor.executeHelper(AmazonHttpClient.java:1072)
	... 36 more

Driver stacktrace:
	at org.apache.spark.scheduler.DAGScheduler.failJobAndIndependentStages(DAGScheduler.scala:2898)
	at org.apache.spark.scheduler.DAGScheduler.$anonfun$abortStage$2(DAGScheduler.scala:2834)
	at org.apache.spark.scheduler.DAGScheduler.$anonfun$abortStage$2$adapted(DAGScheduler.scala:2833)
	at scala.collection.mutable.ResizableArray.foreach(ResizableArray.scala:62)
	at scala.collection.mutable.ResizableArray.foreach$(ResizableArray.scala:55)
	at scala.collection.mutable.ArrayBuffer.foreach(ArrayBuffer.scala:49)
	at org.apache.spark.scheduler.DAGScheduler.abortStage(DAGScheduler.scala:2833)
	at org.apache.spark.scheduler.DAGScheduler.$anonfun$handleTaskSetFailed$1(DAGScheduler.scala:1253)
	at org.apache.spark.scheduler.DAGScheduler.$anonfun$handleTaskSetFailed$1$adapted(DAGScheduler.scala:1253)
	at scala.Option.foreach(Option.scala:407)
	at org.apache.spark.scheduler.DAGScheduler.handleTaskSetFailed(DAGScheduler.scala:1253)
	at org.apache.spark.scheduler.DAGSchedulerEventProcessLoop.doOnReceive(DAGScheduler.scala:3102)
	at org.apache.spark.scheduler.DAGSchedulerEventProcessLoop.onReceive(DAGScheduler.scala:3036)
	at org.apache.spark.scheduler.DAGSchedulerEventProcessLoop.onReceive(DAGScheduler.scala:3025)
	at org.apache.spark.util.EventLoop$$anon$1.run(EventLoop.scala:49)
	at org.apache.spark.scheduler.DAGScheduler.runJob(DAGScheduler.scala:995)
	at org.apache.spark.SparkContext.runJob(SparkContext.scala:2393)
	at org.apache.spark.SparkContext.runJob(SparkContext.scala:2414)
	at org.apache.spark.SparkContext.runJob(SparkContext.scala:2433)
	at org.apache.spark.SparkContext.runJob(SparkContext.scala:2458)
	at org.apache.spark.rdd.RDD.$anonfun$collect$1(RDD.scala:1049)
	at org.apache.spark.rdd.RDDOperationScope$.withScope(RDDOperationScope.scala:151)
	at org.apache.spark.rdd.RDDOperationScope$.withScope(RDDOperationScope.scala:112)
	at org.apache.spark.rdd.RDD.withScope(RDD.scala:410)
	at org.apache.spark.rdd.RDD.collect(RDD.scala:1048)
	at net.snowflake.spark.snowflake.io.CloudStorage.uploadRDD(CloudStorageOperations.scala:813)
	at net.snowflake.spark.snowflake.io.CloudStorage.uploadRDD$(CloudStorageOperations.scala:774)
	at net.snowflake.spark.snowflake.io.InternalS3Storage.uploadRDD(CloudStorageOperations.scala:1324)
	at net.snowflake.spark.snowflake.io.CloudStorage.upload(CloudStorageOperations.scala:566)
	at net.snowflake.spark.snowflake.io.CloudStorage.upload$(CloudStorageOperations.scala:562)
	at net.snowflake.spark.snowflake.io.InternalS3Storage.upload(CloudStorageOperations.scala:1324)
	at net.snowflake.spark.snowflake.io.StageWriter$.writeToStage(StageWriter.scala:219)
	at net.snowflake.spark.snowflake.io.package$.writeRDD(package.scala:51)
	at net.snowflake.spark.snowflake.SnowflakeWriter.save(SnowflakeWriter.scala:73)
	at net.snowflake.spark.snowflake.DefaultSource.createRelation(DefaultSource.scala:137)
	at org.apache.spark.sql.execution.datasources.SaveIntoDataSourceCommand.run(SaveIntoDataSourceCommand.scala:48)
	at org.apache.spark.sql.execution.command.ExecutedCommandExec.sideEffectResult$lzycompute(commands.scala:75)
	at org.apache.spark.sql.execution.command.ExecutedCommandExec.sideEffectResult(commands.scala:73)
	at org.apache.spark.sql.execution.command.ExecutedCommandExec.executeCollect(commands.scala:84)
	at org.apache.spark.sql.execution.QueryExecution$$anonfun$eagerlyExecuteCommands$1.$anonfun$applyOrElse$1(QueryExecution.scala:107)
	at org.apache.spark.sql.execution.SQLExecution$.$anonfun$withNewExecutionId$6(SQLExecution.scala:125)
	at org.apache.spark.sql.execution.SQLExecution$.withSQLConfPropagated(SQLExecution.scala:201)
	at org.apache.spark.sql.execution.SQLExecution$.$anonfun$withNewExecutionId$1(SQLExecution.scala:108)
	at org.apache.spark.sql.SparkSession.withActive(SparkSession.scala:900)
	at org.apache.spark.sql.execution.SQLExecution$.withNewExecutionId(SQLExecution.scala:66)
	at org.apache.spark.sql.execution.QueryExecution$$anonfun$eagerlyExecuteCommands$1.applyOrElse(QueryExecution.scala:107)
	at org.apache.spark.sql.execution.QueryExecution$$anonfun$eagerlyExecuteCommands$1.applyOrElse(QueryExecution.scala:98)
	at org.apache.spark.sql.catalyst.trees.TreeNode.$anonfun$transformDownWithPruning$1(TreeNode.scala:461)
	at org.apache.spark.sql.catalyst.trees.CurrentOrigin$.withOrigin(origin.scala:76)
	at org.apache.spark.sql.catalyst.trees.TreeNode.transformDownWithPruning(TreeNode.scala:461)
	at org.apache.spark.sql.catalyst.plans.logical.LogicalPlan.org$apache$spark$sql$catalyst$plans$logical$AnalysisHelper$$super$transformDownWithPruning(LogicalPlan.scala:32)
	at org.apache.spark.sql.catalyst.plans.logical.AnalysisHelper.transformDownWithPruning(AnalysisHelper.scala:267)
	at org.apache.spark.sql.catalyst.plans.logical.AnalysisHelper.transformDownWithPruning$(AnalysisHelper.scala:263)
	at org.apache.spark.sql.catalyst.plans.logical.LogicalPlan.transformDownWithPruning(LogicalPlan.scala:32)
	at org.apache.spark.sql.catalyst.plans.logical.LogicalPlan.transformDownWithPruning(LogicalPlan.scala:32)
	at org.apache.spark.sql.catalyst.trees.TreeNode.transformDown(TreeNode.scala:437)
	at org.apache.spark.sql.execution.QueryExecution.eagerlyExecuteCommands(QueryExecution.scala:98)
	at org.apache.spark.sql.execution.QueryExecution.commandExecuted$lzycompute(QueryExecution.scala:85)
	at org.apache.spark.sql.execution.QueryExecution.commandExecuted(QueryExecution.scala:83)
	at org.apache.spark.sql.execution.QueryExecution.assertCommandExecuted(QueryExecution.scala:142)
	at org.apache.spark.sql.DataFrameWriter.runCommand(DataFrameWriter.scala:869)
	at org.apache.spark.sql.DataFrameWriter.saveToV1Source(DataFrameWriter.scala:391)
	at org.apache.spark.sql.DataFrameWriter.saveInternal(DataFrameWriter.scala:364)
	at org.apache.spark.sql.DataFrameWriter.save(DataFrameWriter.scala:251)
	at java.base/jdk.internal.reflect.NativeMethodAccessorImpl.invoke0(Native Method)
	at java.base/jdk.internal.reflect.NativeMethodAccessorImpl.invoke(NativeMethodAccessorImpl.java:62)
	at java.base/jdk.internal.reflect.DelegatingMethodAccessorImpl.invoke(DelegatingMethodAccessorImpl.java:43)
	at java.base/java.lang.reflect.Method.invoke(Method.java:566)
	at py4j.reflection.MethodInvoker.invoke(MethodInvoker.java:244)
	at py4j.reflection.ReflectionEngine.invoke(ReflectionEngine.java:374)
	at py4j.Gateway.invoke(Gateway.java:282)
	at py4j.commands.AbstractCommand.invokeMethod(AbstractCommand.java:132)
	at py4j.commands.CallCommand.execute(CallCommand.java:79)
	at py4j.ClientServerConnection.waitForCommands(ClientServerConnection.java:182)
	at py4j.ClientServerConnection.run(ClientServerConnection.java:106)
	at java.base/java.lang.Thread.run(Thread.java:829)
Caused by: net.snowflake.client.jdbc.internal.amazonaws.SdkClientException: Unable to execute HTTP request: sfc-prod3-ds1-85-customer-stage.s3.us-west-2.amazonaws.com
	at net.snowflake.client.jdbc.internal.amazonaws.http.AmazonHttpClient$RequestExecutor.handleRetryableException(AmazonHttpClient.java:1134)
	at net.snowflake.client.jdbc.internal.amazonaws.http.AmazonHttpClient$RequestExecutor.executeHelper(AmazonHttpClient.java:1080)
	at net.snowflake.client.jdbc.internal.amazonaws.http.AmazonHttpClient$RequestExecutor.doExecute(AmazonHttpClient.java:745)
	at net.snowflake.client.jdbc.internal.amazonaws.http.AmazonHttpClient$RequestExecutor.executeWithTimer(AmazonHttpClient.java:719)
	at net.snowflake.client.jdbc.internal.amazonaws.http.AmazonHttpClient$RequestExecutor.execute(AmazonHttpClient.java:701)
	at net.snowflake.client.jdbc.internal.amazonaws.http.AmazonHttpClient$RequestExecutor.access$500(AmazonHttpClient.java:669)
	at net.snowflake.client.jdbc.internal.amazonaws.http.AmazonHttpClient$RequestExecutionBuilderImpl.execute(AmazonHttpClient.java:651)
	at net.snowflake.client.jdbc.internal.amazonaws.http.AmazonHttpClient.execute(AmazonHttpClient.java:515)
	at net.snowflake.client.jdbc.internal.amazonaws.services.s3.AmazonS3Client.invoke(AmazonS3Client.java:4443)
	at net.snowflake.client.jdbc.internal.amazonaws.services.s3.AmazonS3Client.invoke(AmazonS3Client.java:4390)
	at net.snowflake.client.jdbc.internal.amazonaws.services.s3.AmazonS3Client.putObject(AmazonS3Client.java:1774)
	at net.snowflake.client.jdbc.internal.amazonaws.services.s3.AmazonS3Client.putObject(AmazonS3Client.java:1635)
	at net.snowflake.spark.snowflake.io.S3UploadOutputStream.uploadDataChunk(CloudStorageOperations.scala:2029)
	at net.snowflake.spark.snowflake.io.S3UploadOutputStream.close(CloudStorageOperations.scala:2162)
	at java.base/javax.crypto.CipherOutputStream.close(CipherOutputStream.java:220)
	at java.base/java.util.zip.DeflaterOutputStream.close(DeflaterOutputStream.java:250)
	at net.snowflake.spark.snowflake.io.CloudStorage.doUploadPartition(CloudStorageOperations.scala:703)
	at net.snowflake.spark.snowflake.io.CloudStorage.uploadPartition(CloudStorageOperations.scala:611)
	at net.snowflake.spark.snowflake.io.CloudStorage.uploadPartition$(CloudStorageOperations.scala:594)
	at net.snowflake.spark.snowflake.io.InternalS3Storage.uploadPartition(CloudStorageOperations.scala:1324)
	at net.snowflake.spark.snowflake.io.CloudStorage.$anonfun$uploadRDD$2(CloudStorageOperations.scala:806)
	at net.snowflake.spark.snowflake.io.CloudStorage.$anonfun$uploadRDD$2$adapted(CloudStorageOperations.scala:796)
	at org.apache.spark.rdd.RDD.$anonfun$mapPartitionsWithIndex$2(RDD.scala:910)
	at org.apache.spark.rdd.RDD.$anonfun$mapPartitionsWithIndex$2$adapted(RDD.scala:910)
	at org.apache.spark.rdd.MapPartitionsRDD.compute(MapPartitionsRDD.scala:52)
	at org.apache.spark.rdd.RDD.computeOrReadCheckpoint(RDD.scala:367)
	at org.apache.spark.rdd.RDD.iterator(RDD.scala:331)
	at org.apache.spark.scheduler.ResultTask.runTask(ResultTask.scala:93)
	at org.apache.spark.TaskContext.runTaskWithListeners(TaskContext.scala:166)
	at org.apache.spark.scheduler.Task.run(Task.scala:141)
	at org.apache.spark.executor.Executor$TaskRunner.$anonfun$run$4(Executor.scala:621)
	at org.apache.spark.util.SparkErrorUtils.tryWithSafeFinally(SparkErrorUtils.scala:64)
	at org.apache.spark.util.SparkErrorUtils.tryWithSafeFinally$(SparkErrorUtils.scala:61)
	at org.apache.spark.util.Utils$.tryWithSafeFinally(Utils.scala:94)
	at org.apache.spark.executor.Executor$TaskRunner.run(Executor.scala:624)
	at java.base/java.util.concurrent.ThreadPoolExecutor.runWorker(ThreadPoolExecutor.java:1128)
	at java.base/java.util.concurrent.ThreadPoolExecutor$Worker.run(ThreadPoolExecutor.java:628)
	... 1 more
Caused by: java.net.UnknownHostException: sfc-prod3-ds1-85-customer-stage.s3.us-west-2.amazonaws.com
	at java.base/java.net.InetAddress$CachedAddresses.get(InetAddress.java:797)
	at java.base/java.net.InetAddress.getAllByName0(InetAddress.java:1533)
	at java.base/java.net.InetAddress.getAllByName(InetAddress.java:1386)
	at java.base/java.net.InetAddress.getAllByName(InetAddress.java:1307)
	at net.snowflake.client.jdbc.internal.amazonaws.SystemDefaultDnsResolver.resolve(SystemDefaultDnsResolver.java:27)
	at net.snowflake.client.jdbc.internal.amazonaws.http.DelegatingDnsResolver.resolve(DelegatingDnsResolver.java:38)
	at net.snowflake.client.jdbc.internal.apache.http.impl.conn.DefaultHttpClientConnectionOperator.connect(DefaultHttpClientConnectionOperator.java:112)
	at net.snowflake.client.jdbc.internal.apache.http.impl.conn.PoolingHttpClientConnectionManager.connect(PoolingHttpClientConnectionManager.java:376)
	at java.base/jdk.internal.reflect.NativeMethodAccessorImpl.invoke0(Native Method)
	at java.base/jdk.internal.reflect.NativeMethodAccessorImpl.invoke(NativeMethodAccessorImpl.java:62)
	at java.base/jdk.internal.reflect.DelegatingMethodAccessorImpl.invoke(DelegatingMethodAccessorImpl.java:43)
	at java.base/java.lang.reflect.Method.invoke(Method.java:566)
	at net.snowflake.client.jdbc.internal.amazonaws.http.conn.ClientConnectionManagerFactory$Handler.invoke(ClientConnectionManagerFactory.java:76)
	at net.snowflake.client.jdbc.internal.amazonaws.http.conn.$Proxy40.connect(Unknown Source)
	at net.snowflake.client.jdbc.internal.apache.http.impl.execchain.MainClientExec.establishRoute(MainClientExec.java:393)
	at net.snowflake.client.jdbc.internal.apache.http.impl.execchain.MainClientExec.execute(MainClientExec.java:236)
	at net.snowflake.client.jdbc.internal.apache.http.impl.execchain.ProtocolExec.execute(ProtocolExec.java:186)
	at net.snowflake.client.jdbc.internal.apache.http.impl.client.InternalHttpClient.doExecute(InternalHttpClient.java:185)
	at net.snowflake.client.jdbc.internal.apache.http.impl.client.CloseableHttpClient.execute(CloseableHttpClient.java:83)
	at net.snowflake.client.jdbc.internal.apache.http.impl.client.CloseableHttpClient.execute(CloseableHttpClient.java:56)
	at net.snowflake.client.jdbc.internal.amazonaws.http.apache.client.impl.SdkHttpClient.execute(SdkHttpClient.java:72)
	at net.snowflake.client.jdbc.internal.amazonaws.http.AmazonHttpClient$RequestExecutor.executeOneRequest(AmazonHttpClient.java:1256)
	at net.snowflake.client.jdbc.internal.amazonaws.http.AmazonHttpClient$RequestExecutor.executeHelper(AmazonHttpClient.java:1072)
	... 36 more

[2025-06-10T07:01:30.272+0000] {taskinstance.py:1138} INFO - Marking task as UP_FOR_RETRY. dag_id=multi_region_to_snowflake, task_id=process_region_us.process_products_us, execution_date=20250609T000000, start_date=20250610T070024, end_date=20250610T070130
[2025-06-10T07:01:30.505+0000] {standard_task_runner.py:107} ERROR - Failed to execute job 949 for task process_region_us.process_products_us (An error occurred while calling o132.save.
: org.apache.spark.SparkException: Job aborted due to stage failure: Task 1 in stage 2.0 failed 1 times, most recent failure: Lost task 1.0 in stage 2.0 (TID 3) (180d0d52c3ad executor driver): net.snowflake.client.jdbc.internal.amazonaws.SdkClientException: Unable to execute HTTP request: sfc-prod3-ds1-85-customer-stage.s3.us-west-2.amazonaws.com
	at net.snowflake.client.jdbc.internal.amazonaws.http.AmazonHttpClient$RequestExecutor.handleRetryableException(AmazonHttpClient.java:1134)
	at net.snowflake.client.jdbc.internal.amazonaws.http.AmazonHttpClient$RequestExecutor.executeHelper(AmazonHttpClient.java:1080)
	at net.snowflake.client.jdbc.internal.amazonaws.http.AmazonHttpClient$RequestExecutor.doExecute(AmazonHttpClient.java:745)
	at net.snowflake.client.jdbc.internal.amazonaws.http.AmazonHttpClient$RequestExecutor.executeWithTimer(AmazonHttpClient.java:719)
	at net.snowflake.client.jdbc.internal.amazonaws.http.AmazonHttpClient$RequestExecutor.execute(AmazonHttpClient.java:701)
	at net.snowflake.client.jdbc.internal.amazonaws.http.AmazonHttpClient$RequestExecutor.access$500(AmazonHttpClient.java:669)
	at net.snowflake.client.jdbc.internal.amazonaws.http.AmazonHttpClient$RequestExecutionBuilderImpl.execute(AmazonHttpClient.java:651)
	at net.snowflake.client.jdbc.internal.amazonaws.http.AmazonHttpClient.execute(AmazonHttpClient.java:515)
	at net.snowflake.client.jdbc.internal.amazonaws.services.s3.AmazonS3Client.invoke(AmazonS3Client.java:4443)
	at net.snowflake.client.jdbc.internal.amazonaws.services.s3.AmazonS3Client.invoke(AmazonS3Client.java:4390)
	at net.snowflake.client.jdbc.internal.amazonaws.services.s3.AmazonS3Client.putObject(AmazonS3Client.java:1774)
	at net.snowflake.client.jdbc.internal.amazonaws.services.s3.AmazonS3Client.putObject(AmazonS3Client.java:1635)
	at net.snowflake.spark.snowflake.io.S3UploadOutputStream.uploadDataChunk(CloudStorageOperations.scala:2029)
	at net.snowflake.spark.snowflake.io.S3UploadOutputStream.close(CloudStorageOperations.scala:2162)
	at java.base/javax.crypto.CipherOutputStream.close(CipherOutputStream.java:220)
	at java.base/java.util.zip.DeflaterOutputStream.close(DeflaterOutputStream.java:250)
	at net.snowflake.spark.snowflake.io.CloudStorage.doUploadPartition(CloudStorageOperations.scala:703)
	at net.snowflake.spark.snowflake.io.CloudStorage.uploadPartition(CloudStorageOperations.scala:611)
	at net.snowflake.spark.snowflake.io.CloudStorage.uploadPartition$(CloudStorageOperations.scala:594)
	at net.snowflake.spark.snowflake.io.InternalS3Storage.uploadPartition(CloudStorageOperations.scala:1324)
	at net.snowflake.spark.snowflake.io.CloudStorage.$anonfun$uploadRDD$2(CloudStorageOperations.scala:806)
	at net.snowflake.spark.snowflake.io.CloudStorage.$anonfun$uploadRDD$2$adapted(CloudStorageOperations.scala:796)
	at org.apache.spark.rdd.RDD.$anonfun$mapPartitionsWithIndex$2(RDD.scala:910)
	at org.apache.spark.rdd.RDD.$anonfun$mapPartitionsWithIndex$2$adapted(RDD.scala:910)
	at org.apache.spark.rdd.MapPartitionsRDD.compute(MapPartitionsRDD.scala:52)
	at org.apache.spark.rdd.RDD.computeOrReadCheckpoint(RDD.scala:367)
	at org.apache.spark.rdd.RDD.iterator(RDD.scala:331)
	at org.apache.spark.scheduler.ResultTask.runTask(ResultTask.scala:93)
	at org.apache.spark.TaskContext.runTaskWithListeners(TaskContext.scala:166)
	at org.apache.spark.scheduler.Task.run(Task.scala:141)
	at org.apache.spark.executor.Executor$TaskRunner.$anonfun$run$4(Executor.scala:621)
	at org.apache.spark.util.SparkErrorUtils.tryWithSafeFinally(SparkErrorUtils.scala:64)
	at org.apache.spark.util.SparkErrorUtils.tryWithSafeFinally$(SparkErrorUtils.scala:61)
	at org.apache.spark.util.Utils$.tryWithSafeFinally(Utils.scala:94)
	at org.apache.spark.executor.Executor$TaskRunner.run(Executor.scala:624)
	at java.base/java.util.concurrent.ThreadPoolExecutor.runWorker(ThreadPoolExecutor.java:1128)
	at java.base/java.util.concurrent.ThreadPoolExecutor$Worker.run(ThreadPoolExecutor.java:628)
	at java.base/java.lang.Thread.run(Thread.java:829)
Caused by: java.net.UnknownHostException: sfc-prod3-ds1-85-customer-stage.s3.us-west-2.amazonaws.com
	at java.base/java.net.InetAddress$CachedAddresses.get(InetAddress.java:797)
	at java.base/java.net.InetAddress.getAllByName0(InetAddress.java:1533)
	at java.base/java.net.InetAddress.getAllByName(InetAddress.java:1386)
	at java.base/java.net.InetAddress.getAllByName(InetAddress.java:1307)
	at net.snowflake.client.jdbc.internal.amazonaws.SystemDefaultDnsResolver.resolve(SystemDefaultDnsResolver.java:27)
	at net.snowflake.client.jdbc.internal.amazonaws.http.DelegatingDnsResolver.resolve(DelegatingDnsResolver.java:38)
	at net.snowflake.client.jdbc.internal.apache.http.impl.conn.DefaultHttpClientConnectionOperator.connect(DefaultHttpClientConnectionOperator.java:112)
	at net.snowflake.client.jdbc.internal.apache.http.impl.conn.PoolingHttpClientConnectionManager.connect(PoolingHttpClientConnectionManager.java:376)
	at java.base/jdk.internal.reflect.NativeMethodAccessorImpl.invoke0(Native Method)
	at java.base/jdk.internal.reflect.NativeMethodAccessorImpl.invoke(NativeMethodAccessorImpl.java:62)
	at java.base/jdk.internal.reflect.DelegatingMethodAccessorImpl.invoke(DelegatingMethodAccessorImpl.java:43)
	at java.base/java.lang.reflect.Method.invoke(Method.java:566)
	at net.snowflake.client.jdbc.internal.amazonaws.http.conn.ClientConnectionManagerFactory$Handler.invoke(ClientConnectionManagerFactory.java:76)
	at net.snowflake.client.jdbc.internal.amazonaws.http.conn.$Proxy40.connect(Unknown Source)
	at net.snowflake.client.jdbc.internal.apache.http.impl.execchain.MainClientExec.establishRoute(MainClientExec.java:393)
	at net.snowflake.client.jdbc.internal.apache.http.impl.execchain.MainClientExec.execute(MainClientExec.java:236)
	at net.snowflake.client.jdbc.internal.apache.http.impl.execchain.ProtocolExec.execute(ProtocolExec.java:186)
	at net.snowflake.client.jdbc.internal.apache.http.impl.client.InternalHttpClient.doExecute(InternalHttpClient.java:185)
	at net.snowflake.client.jdbc.internal.apache.http.impl.client.CloseableHttpClient.execute(CloseableHttpClient.java:83)
	at net.snowflake.client.jdbc.internal.apache.http.impl.client.CloseableHttpClient.execute(CloseableHttpClient.java:56)
	at net.snowflake.client.jdbc.internal.amazonaws.http.apache.client.impl.SdkHttpClient.execute(SdkHttpClient.java:72)
	at net.snowflake.client.jdbc.internal.amazonaws.http.AmazonHttpClient$RequestExecutor.executeOneRequest(AmazonHttpClient.java:1256)
	at net.snowflake.client.jdbc.internal.amazonaws.http.AmazonHttpClient$RequestExecutor.executeHelper(AmazonHttpClient.java:1072)
	... 36 more

Driver stacktrace:
	at org.apache.spark.scheduler.DAGScheduler.failJobAndIndependentStages(DAGScheduler.scala:2898)
	at org.apache.spark.scheduler.DAGScheduler.$anonfun$abortStage$2(DAGScheduler.scala:2834)
	at org.apache.spark.scheduler.DAGScheduler.$anonfun$abortStage$2$adapted(DAGScheduler.scala:2833)
	at scala.collection.mutable.ResizableArray.foreach(ResizableArray.scala:62)
	at scala.collection.mutable.ResizableArray.foreach$(ResizableArray.scala:55)
	at scala.collection.mutable.ArrayBuffer.foreach(ArrayBuffer.scala:49)
	at org.apache.spark.scheduler.DAGScheduler.abortStage(DAGScheduler.scala:2833)
	at org.apache.spark.scheduler.DAGScheduler.$anonfun$handleTaskSetFailed$1(DAGScheduler.scala:1253)
	at org.apache.spark.scheduler.DAGScheduler.$anonfun$handleTaskSetFailed$1$adapted(DAGScheduler.scala:1253)
	at scala.Option.foreach(Option.scala:407)
	at org.apache.spark.scheduler.DAGScheduler.handleTaskSetFailed(DAGScheduler.scala:1253)
	at org.apache.spark.scheduler.DAGSchedulerEventProcessLoop.doOnReceive(DAGScheduler.scala:3102)
	at org.apache.spark.scheduler.DAGSchedulerEventProcessLoop.onReceive(DAGScheduler.scala:3036)
	at org.apache.spark.scheduler.DAGSchedulerEventProcessLoop.onReceive(DAGScheduler.scala:3025)
	at org.apache.spark.util.EventLoop$$anon$1.run(EventLoop.scala:49)
	at org.apache.spark.scheduler.DAGScheduler.runJob(DAGScheduler.scala:995)
	at org.apache.spark.SparkContext.runJob(SparkContext.scala:2393)
	at org.apache.spark.SparkContext.runJob(SparkContext.scala:2414)
	at org.apache.spark.SparkContext.runJob(SparkContext.scala:2433)
	at org.apache.spark.SparkContext.runJob(SparkContext.scala:2458)
	at org.apache.spark.rdd.RDD.$anonfun$collect$1(RDD.scala:1049)
	at org.apache.spark.rdd.RDDOperationScope$.withScope(RDDOperationScope.scala:151)
	at org.apache.spark.rdd.RDDOperationScope$.withScope(RDDOperationScope.scala:112)
	at org.apache.spark.rdd.RDD.withScope(RDD.scala:410)
	at org.apache.spark.rdd.RDD.collect(RDD.scala:1048)
	at net.snowflake.spark.snowflake.io.CloudStorage.uploadRDD(CloudStorageOperations.scala:813)
	at net.snowflake.spark.snowflake.io.CloudStorage.uploadRDD$(CloudStorageOperations.scala:774)
	at net.snowflake.spark.snowflake.io.InternalS3Storage.uploadRDD(CloudStorageOperations.scala:1324)
	at net.snowflake.spark.snowflake.io.CloudStorage.upload(CloudStorageOperations.scala:566)
	at net.snowflake.spark.snowflake.io.CloudStorage.upload$(CloudStorageOperations.scala:562)
	at net.snowflake.spark.snowflake.io.InternalS3Storage.upload(CloudStorageOperations.scala:1324)
	at net.snowflake.spark.snowflake.io.StageWriter$.writeToStage(StageWriter.scala:219)
	at net.snowflake.spark.snowflake.io.package$.writeRDD(package.scala:51)
	at net.snowflake.spark.snowflake.SnowflakeWriter.save(SnowflakeWriter.scala:73)
	at net.snowflake.spark.snowflake.DefaultSource.createRelation(DefaultSource.scala:137)
	at org.apache.spark.sql.execution.datasources.SaveIntoDataSourceCommand.run(SaveIntoDataSourceCommand.scala:48)
	at org.apache.spark.sql.execution.command.ExecutedCommandExec.sideEffectResult$lzycompute(commands.scala:75)
	at org.apache.spark.sql.execution.command.ExecutedCommandExec.sideEffectResult(commands.scala:73)
	at org.apache.spark.sql.execution.command.ExecutedCommandExec.executeCollect(commands.scala:84)
	at org.apache.spark.sql.execution.QueryExecution$$anonfun$eagerlyExecuteCommands$1.$anonfun$applyOrElse$1(QueryExecution.scala:107)
	at org.apache.spark.sql.execution.SQLExecution$.$anonfun$withNewExecutionId$6(SQLExecution.scala:125)
	at org.apache.spark.sql.execution.SQLExecution$.withSQLConfPropagated(SQLExecution.scala:201)
	at org.apache.spark.sql.execution.SQLExecution$.$anonfun$withNewExecutionId$1(SQLExecution.scala:108)
	at org.apache.spark.sql.SparkSession.withActive(SparkSession.scala:900)
	at org.apache.spark.sql.execution.SQLExecution$.withNewExecutionId(SQLExecution.scala:66)
	at org.apache.spark.sql.execution.QueryExecution$$anonfun$eagerlyExecuteCommands$1.applyOrElse(QueryExecution.scala:107)
	at org.apache.spark.sql.execution.QueryExecution$$anonfun$eagerlyExecuteCommands$1.applyOrElse(QueryExecution.scala:98)
	at org.apache.spark.sql.catalyst.trees.TreeNode.$anonfun$transformDownWithPruning$1(TreeNode.scala:461)
	at org.apache.spark.sql.catalyst.trees.CurrentOrigin$.withOrigin(origin.scala:76)
	at org.apache.spark.sql.catalyst.trees.TreeNode.transformDownWithPruning(TreeNode.scala:461)
	at org.apache.spark.sql.catalyst.plans.logical.LogicalPlan.org$apache$spark$sql$catalyst$plans$logical$AnalysisHelper$$super$transformDownWithPruning(LogicalPlan.scala:32)
	at org.apache.spark.sql.catalyst.plans.logical.AnalysisHelper.transformDownWithPruning(AnalysisHelper.scala:267)
	at org.apache.spark.sql.catalyst.plans.logical.AnalysisHelper.transformDownWithPruning$(AnalysisHelper.scala:263)
	at org.apache.spark.sql.catalyst.plans.logical.LogicalPlan.transformDownWithPruning(LogicalPlan.scala:32)
	at org.apache.spark.sql.catalyst.plans.logical.LogicalPlan.transformDownWithPruning(LogicalPlan.scala:32)
	at org.apache.spark.sql.catalyst.trees.TreeNode.transformDown(TreeNode.scala:437)
	at org.apache.spark.sql.execution.QueryExecution.eagerlyExecuteCommands(QueryExecution.scala:98)
	at org.apache.spark.sql.execution.QueryExecution.commandExecuted$lzycompute(QueryExecution.scala:85)
	at org.apache.spark.sql.execution.QueryExecution.commandExecuted(QueryExecution.scala:83)
	at org.apache.spark.sql.execution.QueryExecution.assertCommandExecuted(QueryExecution.scala:142)
	at org.apache.spark.sql.DataFrameWriter.runCommand(DataFrameWriter.scala:869)
	at org.apache.spark.sql.DataFrameWriter.saveToV1Source(DataFrameWriter.scala:391)
	at org.apache.spark.sql.DataFrameWriter.saveInternal(DataFrameWriter.scala:364)
	at org.apache.spark.sql.DataFrameWriter.save(DataFrameWriter.scala:251)
	at java.base/jdk.internal.reflect.NativeMethodAccessorImpl.invoke0(Native Method)
	at java.base/jdk.internal.reflect.NativeMethodAccessorImpl.invoke(NativeMethodAccessorImpl.java:62)
	at java.base/jdk.internal.reflect.DelegatingMethodAccessorImpl.invoke(DelegatingMethodAccessorImpl.java:43)
	at java.base/java.lang.reflect.Method.invoke(Method.java:566)
	at py4j.reflection.MethodInvoker.invoke(MethodInvoker.java:244)
	at py4j.reflection.ReflectionEngine.invoke(ReflectionEngine.java:374)
	at py4j.Gateway.invoke(Gateway.java:282)
	at py4j.commands.AbstractCommand.invokeMethod(AbstractCommand.java:132)
	at py4j.commands.CallCommand.execute(CallCommand.java:79)
	at py4j.ClientServerConnection.waitForCommands(ClientServerConnection.java:182)
	at py4j.ClientServerConnection.run(ClientServerConnection.java:106)
	at java.base/java.lang.Thread.run(Thread.java:829)
Caused by: net.snowflake.client.jdbc.internal.amazonaws.SdkClientException: Unable to execute HTTP request: sfc-prod3-ds1-85-customer-stage.s3.us-west-2.amazonaws.com
	at net.snowflake.client.jdbc.internal.amazonaws.http.AmazonHttpClient$RequestExecutor.handleRetryableException(AmazonHttpClient.java:1134)
	at net.snowflake.client.jdbc.internal.amazonaws.http.AmazonHttpClient$RequestExecutor.executeHelper(AmazonHttpClient.java:1080)
	at net.snowflake.client.jdbc.internal.amazonaws.http.AmazonHttpClient$RequestExecutor.doExecute(AmazonHttpClient.java:745)
	at net.snowflake.client.jdbc.internal.amazonaws.http.AmazonHttpClient$RequestExecutor.executeWithTimer(AmazonHttpClient.java:719)
	at net.snowflake.client.jdbc.internal.amazonaws.http.AmazonHttpClient$RequestExecutor.execute(AmazonHttpClient.java:701)
	at net.snowflake.client.jdbc.internal.amazonaws.http.AmazonHttpClient$RequestExecutor.access$500(AmazonHttpClient.java:669)
	at net.snowflake.client.jdbc.internal.amazonaws.http.AmazonHttpClient$RequestExecutionBuilderImpl.execute(AmazonHttpClient.java:651)
	at net.snowflake.client.jdbc.internal.amazonaws.http.AmazonHttpClient.execute(AmazonHttpClient.java:515)
	at net.snowflake.client.jdbc.internal.amazonaws.services.s3.AmazonS3Client.invoke(AmazonS3Client.java:4443)
	at net.snowflake.client.jdbc.internal.amazonaws.services.s3.AmazonS3Client.invoke(AmazonS3Client.java:4390)
	at net.snowflake.client.jdbc.internal.amazonaws.services.s3.AmazonS3Client.putObject(AmazonS3Client.java:1774)
	at net.snowflake.client.jdbc.internal.amazonaws.services.s3.AmazonS3Client.putObject(AmazonS3Client.java:1635)
	at net.snowflake.spark.snowflake.io.S3UploadOutputStream.uploadDataChunk(CloudStorageOperations.scala:2029)
	at net.snowflake.spark.snowflake.io.S3UploadOutputStream.close(CloudStorageOperations.scala:2162)
	at java.base/javax.crypto.CipherOutputStream.close(CipherOutputStream.java:220)
	at java.base/java.util.zip.DeflaterOutputStream.close(DeflaterOutputStream.java:250)
	at net.snowflake.spark.snowflake.io.CloudStorage.doUploadPartition(CloudStorageOperations.scala:703)
	at net.snowflake.spark.snowflake.io.CloudStorage.uploadPartition(CloudStorageOperations.scala:611)
	at net.snowflake.spark.snowflake.io.CloudStorage.uploadPartition$(CloudStorageOperations.scala:594)
	at net.snowflake.spark.snowflake.io.InternalS3Storage.uploadPartition(CloudStorageOperations.scala:1324)
	at net.snowflake.spark.snowflake.io.CloudStorage.$anonfun$uploadRDD$2(CloudStorageOperations.scala:806)
	at net.snowflake.spark.snowflake.io.CloudStorage.$anonfun$uploadRDD$2$adapted(CloudStorageOperations.scala:796)
	at org.apache.spark.rdd.RDD.$anonfun$mapPartitionsWithIndex$2(RDD.scala:910)
	at org.apache.spark.rdd.RDD.$anonfun$mapPartitionsWithIndex$2$adapted(RDD.scala:910)
	at org.apache.spark.rdd.MapPartitionsRDD.compute(MapPartitionsRDD.scala:52)
	at org.apache.spark.rdd.RDD.computeOrReadCheckpoint(RDD.scala:367)
	at org.apache.spark.rdd.RDD.iterator(RDD.scala:331)
	at org.apache.spark.scheduler.ResultTask.runTask(ResultTask.scala:93)
	at org.apache.spark.TaskContext.runTaskWithListeners(TaskContext.scala:166)
	at org.apache.spark.scheduler.Task.run(Task.scala:141)
	at org.apache.spark.executor.Executor$TaskRunner.$anonfun$run$4(Executor.scala:621)
	at org.apache.spark.util.SparkErrorUtils.tryWithSafeFinally(SparkErrorUtils.scala:64)
	at org.apache.spark.util.SparkErrorUtils.tryWithSafeFinally$(SparkErrorUtils.scala:61)
	at org.apache.spark.util.Utils$.tryWithSafeFinally(Utils.scala:94)
	at org.apache.spark.executor.Executor$TaskRunner.run(Executor.scala:624)
	at java.base/java.util.concurrent.ThreadPoolExecutor.runWorker(ThreadPoolExecutor.java:1128)
	at java.base/java.util.concurrent.ThreadPoolExecutor$Worker.run(ThreadPoolExecutor.java:628)
	... 1 more
Caused by: java.net.UnknownHostException: sfc-prod3-ds1-85-customer-stage.s3.us-west-2.amazonaws.com
	at java.base/java.net.InetAddress$CachedAddresses.get(InetAddress.java:797)
	at java.base/java.net.InetAddress.getAllByName0(InetAddress.java:1533)
	at java.base/java.net.InetAddress.getAllByName(InetAddress.java:1386)
	at java.base/java.net.InetAddress.getAllByName(InetAddress.java:1307)
	at net.snowflake.client.jdbc.internal.amazonaws.SystemDefaultDnsResolver.resolve(SystemDefaultDnsResolver.java:27)
	at net.snowflake.client.jdbc.internal.amazonaws.http.DelegatingDnsResolver.resolve(DelegatingDnsResolver.java:38)
	at net.snowflake.client.jdbc.internal.apache.http.impl.conn.DefaultHttpClientConnectionOperator.connect(DefaultHttpClientConnectionOperator.java:112)
	at net.snowflake.client.jdbc.internal.apache.http.impl.conn.PoolingHttpClientConnectionManager.connect(PoolingHttpClientConnectionManager.java:376)
	at java.base/jdk.internal.reflect.NativeMethodAccessorImpl.invoke0(Native Method)
	at java.base/jdk.internal.reflect.NativeMethodAccessorImpl.invoke(NativeMethodAccessorImpl.java:62)
	at java.base/jdk.internal.reflect.DelegatingMethodAccessorImpl.invoke(DelegatingMethodAccessorImpl.java:43)
	at java.base/java.lang.reflect.Method.invoke(Method.java:566)
	at net.snowflake.client.jdbc.internal.amazonaws.http.conn.ClientConnectionManagerFactory$Handler.invoke(ClientConnectionManagerFactory.java:76)
	at net.snowflake.client.jdbc.internal.amazonaws.http.conn.$Proxy40.connect(Unknown Source)
	at net.snowflake.client.jdbc.internal.apache.http.impl.execchain.MainClientExec.establishRoute(MainClientExec.java:393)
	at net.snowflake.client.jdbc.internal.apache.http.impl.execchain.MainClientExec.execute(MainClientExec.java:236)
	at net.snowflake.client.jdbc.internal.apache.http.impl.execchain.ProtocolExec.execute(ProtocolExec.java:186)
	at net.snowflake.client.jdbc.internal.apache.http.impl.client.InternalHttpClient.doExecute(InternalHttpClient.java:185)
	at net.snowflake.client.jdbc.internal.apache.http.impl.client.CloseableHttpClient.execute(CloseableHttpClient.java:83)
	at net.snowflake.client.jdbc.internal.apache.http.impl.client.CloseableHttpClient.execute(CloseableHttpClient.java:56)
	at net.snowflake.client.jdbc.internal.amazonaws.http.apache.client.impl.SdkHttpClient.execute(SdkHttpClient.java:72)
	at net.snowflake.client.jdbc.internal.amazonaws.http.AmazonHttpClient$RequestExecutor.executeOneRequest(AmazonHttpClient.java:1256)
	at net.snowflake.client.jdbc.internal.amazonaws.http.AmazonHttpClient$RequestExecutor.executeHelper(AmazonHttpClient.java:1072)
	... 36 more
; 1782)
[2025-06-10T07:01:30.598+0000] {local_task_job_runner.py:234} INFO - Task exited with return code 1
[2025-06-10T07:01:30.747+0000] {taskinstance.py:3280} INFO - 0 downstream tasks scheduled from follow-on schedule check
