[2025-06-10T07:02:33.355+0000] {taskinstance.py:1956} INFO - Dependencies all met for dep_context=non-requeueable deps ti=<TaskInstance: multi_region_to_snowflake.process_region_us.process_products_us scheduled__2025-06-09T00:00:00+00:00 [queued]>
[2025-06-10T07:02:33.394+0000] {taskinstance.py:1956} INFO - Dependencies all met for dep_context=requeueable deps ti=<TaskInstance: multi_region_to_snowflake.process_region_us.process_products_us scheduled__2025-06-09T00:00:00+00:00 [queued]>
[2025-06-10T07:02:33.396+0000] {taskinstance.py:2170} INFO - Starting attempt 2 of 2
[2025-06-10T07:02:33.490+0000] {taskinstance.py:2191} INFO - Executing <Task(_PythonDecoratedOperator): process_region_us.process_products_us> on 2025-06-09 00:00:00+00:00
[2025-06-10T07:02:33.504+0000] {standard_task_runner.py:60} INFO - Started process 5070 to run task
[2025-06-10T07:02:33.523+0000] {standard_task_runner.py:87} INFO - Running: ['airflow', 'tasks', 'run', 'multi_region_to_snowflake', 'process_region_us.process_products_us', 'scheduled__2025-06-09T00:00:00+00:00', '--job-id', '962', '--raw', '--subdir', 'DAGS_FOLDER/master_dag.py', '--cfg-path', '/tmp/tmpd2unxyhn']
[2025-06-10T07:02:33.529+0000] {standard_task_runner.py:88} INFO - Job 962: Subtask process_region_us.process_products_us
[2025-06-10T07:02:33.753+0000] {task_command.py:423} INFO - Running <TaskInstance: multi_region_to_snowflake.process_region_us.process_products_us scheduled__2025-06-09T00:00:00+00:00 [running]> on host 180d0d52c3ad
[2025-06-10T07:02:34.151+0000] {taskinstance.py:2480} INFO - Exporting env vars: AIRFLOW_CTX_DAG_OWNER='data-team' AIRFLOW_CTX_DAG_ID='multi_region_to_snowflake' AIRFLOW_CTX_TASK_ID='process_region_us.process_products_us' AIRFLOW_CTX_EXECUTION_DATE='2025-06-09T00:00:00+00:00' AIRFLOW_CTX_TRY_NUMBER='2' AIRFLOW_CTX_DAG_RUN_ID='scheduled__2025-06-09T00:00:00+00:00'
[2025-06-10T07:02:43.691+0000] {logging_mixin.py:188} INFO - Processing products for region us
[2025-06-10T07:02:50.326+0000] {logging_mixin.py:188} INFO - STAGING_US
[2025-06-10T07:02:55.349+0000] {logging_mixin.py:188} INFO - +----------+-----------+--------------------+--------------------+-----------+--------+--------+---------+---------+--------+---------+---------+-------------------+-------------------+-------+--------+
|product_id|product_sku|        product_name| product_description|category_id|base_usd|cost_usd|weight_kg|length_cm|width_cm|height_cm|is_active|         created_at|         updated_at|_region| _source|
+----------+-----------+--------------------+--------------------+-----------+--------+--------+---------+---------+--------+---------+---------+-------------------+-------------------+-------+--------+
|         1|  PRD-12001|       Iphone 15 Pro|Latest Apple smar...|          2|  999.99|  650.00|     0.22|      6.1|     3.0|     0.33|     true|2025-06-08 19:23:28|2025-06-08 19:23:28|     us|postgres|
|         2|  PRD-12002|      Macbook Air M2|Apple MacBook Air...|          3| 1199.99|  800.00|     1.22|    11.97|    8.36|     0.44|     true|2025-06-08 19:23:28|2025-06-08 19:23:28|     us|postgres|
|         3|  PRD-12003|       Playstation 5|Sony PlayStation ...|          4|  499.99|  350.00|     4.49|     15.4|    10.2|      4.1|     true|2025-06-08 19:23:28|2025-06-08 19:23:28|     us|postgres|
|         4|  PRD-12004|      Cotton T-shirt|Premium 100% cott...|          6|   24.99|    8.00|      0.2|     28.0|    20.0|      1.0|     true|2025-06-08 19:23:28|2025-06-08 19:23:28|     us|postgres|
|         5|  PRD-12005|        Summer Dress|Floral print midi...|          7|   79.99|   25.00|      0.3|     36.0|    24.0|      2.0|     true|2025-06-08 19:23:28|2025-06-08 19:23:28|     us|postgres|
|         6|  PRD-12006|    Leather Recliner|Genuine leather p...|          9| 1299.99|  650.00|     85.0|     32.0|    36.0|     40.0|     true|2025-06-08 19:23:28|2025-06-08 19:23:28|     us|postgres|
|         7|  PRD-12007|Data Science Hand...|Complete guide to...|         10|   49.99|   15.00|      0.5|     9.25|     7.5|      1.2|     true|2025-06-08 19:23:28|2025-06-08 19:23:28|     us|postgres|
|         8|  PRD-12008|    Anti Aging Serum|Advanced peptide ...|         11|   89.99|   20.00|     0.05|      4.0|     1.5|      1.5|     true|2025-06-08 19:23:28|2025-06-08 19:23:28|     us|postgres|
|         9|  PRD-12009|       Mountain Bike|Professional 21-s...|         12|  799.99|  400.00|    15.51|     68.0|    44.0|     25.0|     true|2025-06-08 19:23:28|2025-06-08 19:23:28|     us|postgres|
|        10|  PRD-12010|Lego Architecture...|Famous landmarks ...|         14|  199.99|   80.00|     2.09|     15.0|    10.0|      3.0|     true|2025-06-08 19:23:28|2025-06-08 19:23:28|     us|postgres|
+----------+-----------+--------------------+--------------------+-----------+--------+--------+---------+---------+--------+---------+---------+-------------------+-------------------+-------+--------+
only showing top 10 rows
[2025-06-10T07:02:55.350+0000] {logging_mixin.py:188} INFO - Inserting into snowflake
[2025-06-10T07:03:22.795+0000] {logging_mixin.py:188} INFO - successfully inserted in snowflake
[2025-06-10T07:03:23.620+0000] {logging_mixin.py:188} INFO - Successfully processed 30 records for products in us
[2025-06-10T07:03:24.885+0000] {python.py:201} INFO - Done. Returned value was: {'region': 'us', 'table': 'products', 'record_count': 30, 'status': 'success'}
[2025-06-10T07:03:25.013+0000] {taskinstance.py:1138} INFO - Marking task as SUCCESS. dag_id=multi_region_to_snowflake, task_id=process_region_us.process_products_us, execution_date=20250609T000000, start_date=20250610T070233, end_date=20250610T070325
[2025-06-10T07:03:25.152+0000] {local_task_job_runner.py:234} INFO - Task exited with return code 0
[2025-06-10T07:03:25.212+0000] {taskinstance.py:3280} INFO - 0 downstream tasks scheduled from follow-on schedule check
