[2025-06-11T11:42:42.719+0000] {taskinstance.py:1956} INFO - Dependencies all met for dep_context=non-requeueable deps ti=<TaskInstance: master_etl_dag_v4.fetch_postgres_data_to_parquet scheduled__2025-06-10T02:00:00+00:00 [queued]>
[2025-06-11T11:42:42.772+0000] {taskinstance.py:1956} INFO - Dependencies all met for dep_context=requeueable deps ti=<TaskInstance: master_etl_dag_v4.fetch_postgres_data_to_parquet scheduled__2025-06-10T02:00:00+00:00 [queued]>
[2025-06-11T11:42:42.772+0000] {taskinstance.py:2170} INFO - Starting attempt 1 of 2
[2025-06-11T11:42:42.823+0000] {taskinstance.py:2191} INFO - Executing <Task(TriggerDagRunOperator): fetch_postgres_data_to_parquet> on 2025-06-10 02:00:00+00:00
[2025-06-11T11:42:42.838+0000] {standard_task_runner.py:60} INFO - Started process 28930 to run task
[2025-06-11T11:42:42.847+0000] {standard_task_runner.py:87} INFO - Running: ['airflow', 'tasks', 'run', 'master_etl_dag_v4', 'fetch_postgres_data_to_parquet', 'scheduled__2025-06-10T02:00:00+00:00', '--job-id', '1618', '--raw', '--subdir', 'DAGS_FOLDER/dwh/etl_pipeline.py', '--cfg-path', '/tmp/tmp3e79te_o']
[2025-06-11T11:42:42.852+0000] {standard_task_runner.py:88} INFO - Job 1618: Subtask fetch_postgres_data_to_parquet
[2025-06-11T11:42:42.911+0000] {logging_mixin.py:188} WARNING - /home/airflow/.local/lib/python3.10/site-packages/airflow/settings.py:194 DeprecationWarning: The sql_alchemy_conn option in [core] has been moved to the sql_alchemy_conn option in [database] - the old setting has been used, but please update your config.
[2025-06-11T11:42:43.021+0000] {task_command.py:423} INFO - Running <TaskInstance: master_etl_dag_v4.fetch_postgres_data_to_parquet scheduled__2025-06-10T02:00:00+00:00 [running]> on host 8b0a421f0af7
[2025-06-11T11:42:43.246+0000] {taskinstance.py:2480} INFO - Exporting env vars: AIRFLOW_CTX_DAG_OWNER='data_team' AIRFLOW_CTX_DAG_ID='master_etl_dag_v4' AIRFLOW_CTX_TASK_ID='fetch_postgres_data_to_parquet' AIRFLOW_CTX_EXECUTION_DATE='2025-06-10T02:00:00+00:00' AIRFLOW_CTX_TRY_NUMBER='1' AIRFLOW_CTX_DAG_RUN_ID='scheduled__2025-06-10T02:00:00+00:00'
[2025-06-11T11:42:43.560+0000] {trigger_dagrun.py:210} INFO - Waiting for extract_postgres_table_to_parquet on 2025-06-11 11:42:43.248872+00:00 to become allowed state ['success'] ...
[2025-06-11T14:38:35.384+0000] {taskinstance.py:1956} INFO - Dependencies all met for dep_context=non-requeueable deps ti=<TaskInstance: master_etl_dag_v4.fetch_postgres_data_to_parquet scheduled__2025-06-10T02:00:00+00:00 [queued]>
[2025-06-11T14:38:35.398+0000] {taskinstance.py:1956} INFO - Dependencies all met for dep_context=requeueable deps ti=<TaskInstance: master_etl_dag_v4.fetch_postgres_data_to_parquet scheduled__2025-06-10T02:00:00+00:00 [queued]>
[2025-06-11T14:38:35.398+0000] {taskinstance.py:2170} INFO - Starting attempt 1 of 2
[2025-06-11T14:38:35.416+0000] {taskinstance.py:2191} INFO - Executing <Task(TriggerDagRunOperator): fetch_postgres_data_to_parquet> on 2025-06-10 02:00:00+00:00
[2025-06-11T14:38:35.424+0000] {standard_task_runner.py:60} INFO - Started process 1137 to run task
[2025-06-11T14:38:35.429+0000] {standard_task_runner.py:87} INFO - Running: ['airflow', 'tasks', 'run', 'master_etl_dag_v4', 'fetch_postgres_data_to_parquet', 'scheduled__2025-06-10T02:00:00+00:00', '--job-id', '2', '--raw', '--subdir', 'DAGS_FOLDER/dwh/etl_pipeline.py', '--cfg-path', '/tmp/tmp4u56xupt']
[2025-06-11T14:38:35.431+0000] {standard_task_runner.py:88} INFO - Job 2: Subtask fetch_postgres_data_to_parquet
[2025-06-11T14:38:35.455+0000] {logging_mixin.py:188} WARNING - /home/airflow/.local/lib/python3.10/site-packages/airflow/settings.py:194 DeprecationWarning: The sql_alchemy_conn option in [core] has been moved to the sql_alchemy_conn option in [database] - the old setting has been used, but please update your config.
[2025-06-11T14:38:35.507+0000] {task_command.py:423} INFO - Running <TaskInstance: master_etl_dag_v4.fetch_postgres_data_to_parquet scheduled__2025-06-10T02:00:00+00:00 [running]> on host 94d2ab00ac05
[2025-06-11T14:38:35.628+0000] {taskinstance.py:2480} INFO - Exporting env vars: AIRFLOW_CTX_DAG_OWNER='data_team' AIRFLOW_CTX_DAG_ID='master_etl_dag_v4' AIRFLOW_CTX_TASK_ID='fetch_postgres_data_to_parquet' AIRFLOW_CTX_EXECUTION_DATE='2025-06-10T02:00:00+00:00' AIRFLOW_CTX_TRY_NUMBER='1' AIRFLOW_CTX_DAG_RUN_ID='scheduled__2025-06-10T02:00:00+00:00'
[2025-06-11T14:38:35.763+0000] {trigger_dagrun.py:210} INFO - Waiting for extract_postgres_table_to_parquet on 2025-06-11 14:38:35.628873+00:00 to become allowed state ['success'] ...
[2025-06-11T14:39:05.918+0000] {trigger_dagrun.py:210} INFO - Waiting for extract_postgres_table_to_parquet on 2025-06-11 14:38:35.628873+00:00 to become allowed state ['success'] ...
[2025-06-11T14:40:00.408+0000] {trigger_dagrun.py:210} INFO - Waiting for extract_postgres_table_to_parquet on 2025-06-11 14:38:35.628873+00:00 to become allowed state ['success'] ...
