[2025-06-11T16:28:43.696+0000] {taskinstance.py:1956} INFO - Dependencies all met for dep_context=non-requeueable deps ti=<TaskInstance: multi_region_transform_staging_v2.process_region_us.process_returns_us manual__2025-06-11T16:23:03.913561+00:00 [queued]>
[2025-06-11T16:28:43.705+0000] {taskinstance.py:1956} INFO - Dependencies all met for dep_context=requeueable deps ti=<TaskInstance: multi_region_transform_staging_v2.process_region_us.process_returns_us manual__2025-06-11T16:23:03.913561+00:00 [queued]>
[2025-06-11T16:28:43.705+0000] {taskinstance.py:2170} INFO - Starting attempt 2 of 2
[2025-06-11T16:28:43.715+0000] {taskinstance.py:2191} INFO - Executing <Task(_PythonDecoratedOperator): process_region_us.process_returns_us> on 2025-06-11 16:23:03.913561+00:00
[2025-06-11T16:28:43.721+0000] {standard_task_runner.py:60} INFO - Started process 60945 to run task
[2025-06-11T16:28:43.723+0000] {standard_task_runner.py:87} INFO - Running: ['airflow', 'tasks', 'run', 'multi_region_transform_staging_v2', 'process_region_us.process_returns_us', 'manual__2025-06-11T16:23:03.913561+00:00', '--job-id', '345', '--raw', '--subdir', 'DAGS_FOLDER/master_dag.py', '--cfg-path', '/tmp/tmppm7hs2kr']
[2025-06-11T16:28:43.724+0000] {standard_task_runner.py:88} INFO - Job 345: Subtask process_region_us.process_returns_us
[2025-06-11T16:28:43.769+0000] {task_command.py:423} INFO - Running <TaskInstance: multi_region_transform_staging_v2.process_region_us.process_returns_us manual__2025-06-11T16:23:03.913561+00:00 [running]> on host 5950010ae7c1
[2025-06-11T16:28:43.862+0000] {taskinstance.py:2480} INFO - Exporting env vars: AIRFLOW_CTX_DAG_OWNER='data-team' AIRFLOW_CTX_DAG_ID='multi_region_transform_staging_v2' AIRFLOW_CTX_TASK_ID='process_region_us.process_returns_us' AIRFLOW_CTX_EXECUTION_DATE='2025-06-11T16:23:03.913561+00:00' AIRFLOW_CTX_TRY_NUMBER='2' AIRFLOW_CTX_DAG_RUN_ID='manual__2025-06-11T16:23:03.913561+00:00'
[2025-06-11T16:28:47.559+0000] {logging_mixin.py:188} INFO - Debugggg::::Vector(spark://5950010ae7c1:38581/jars/snowflake-jdbc-3.13.17.jar, spark://5950010ae7c1:38581/jars/spark-snowflake_2.12-2.16.0-spark_3.2.jar)
[2025-06-11T16:28:47.560+0000] {logging_mixin.py:188} INFO - Processing returns for region us
[2025-06-11T16:28:47.574+0000] {logging_mixin.py:188} INFO - /opt/airflow/data/raw/region=us/table=returns/load_date=2025-06-11
[2025-06-11T16:28:59.839+0000] {logging_mixin.py:188} INFO - STAGING_US
[2025-06-11T16:29:00.671+0000] {logging_mixin.py:188} INFO - +---------+--------+-----------------+-------------+--------------------+-------------+-------------------+--------------------+-------+--------+
|return_id|order_id|    return_reason|return_status|    return_timestamp|refund_amount|   refund_timestamp|          created_at|_region| _source|
+---------+--------+-----------------+-------------+--------------------+-------------+-------------------+--------------------+-------+--------+
|        1|       5|     Changed mind|     approved|2025-06-11 02:14:...|       279.85|2024-01-25 13:30:00|2025-06-11 02:14:...|     us|postgres|
|        2|      10|Product defective|   processing|2025-06-11 02:14:...|        49.36|               NULL|2025-06-11 02:14:...|     us|postgres|
+---------+--------+-----------------+-------------+--------------------+-------------+-------------------+--------------------+-------+--------+
[2025-06-11T16:29:00.671+0000] {logging_mixin.py:188} INFO - Inserting into snowflake
[2025-06-11T16:29:09.173+0000] {logging_mixin.py:188} INFO - successfully inserted in snowflake
[2025-06-11T16:29:09.184+0000] {crypto.py:82} WARNING - empty cryptography key - values will not be stored encrypted.
[2025-06-11T16:29:09.424+0000] {logging_mixin.py:188} INFO - Successfully processed 2 records for returns in us
[2025-06-11T16:29:11.928+0000] {python.py:201} INFO - Done. Returned value was: {'region': 'us', 'table': 'returns', 'record_count': 2, 'status': 'success'}
[2025-06-11T16:29:11.966+0000] {taskinstance.py:1138} INFO - Marking task as SUCCESS. dag_id=multi_region_transform_staging_v2, task_id=process_region_us.process_returns_us, execution_date=20250611T162303, start_date=20250611T162843, end_date=20250611T162911
[2025-06-11T16:29:12.007+0000] {local_task_job_runner.py:234} INFO - Task exited with return code 0
[2025-06-11T16:29:12.036+0000] {taskinstance.py:3280} INFO - 0 downstream tasks scheduled from follow-on schedule check
