[2025-06-11T15:55:58.473+0000] {taskinstance.py:1956} INFO - Dependencies all met for dep_context=non-requeueable deps ti=<TaskInstance: payment_method_to_snowflake.Load_payment_method manual__2025-06-11T15:04:44.517648+00:00 [queued]>
[2025-06-11T15:55:58.490+0000] {taskinstance.py:1956} INFO - Dependencies all met for dep_context=requeueable deps ti=<TaskInstance: payment_method_to_snowflake.Load_payment_method manual__2025-06-11T15:04:44.517648+00:00 [queued]>
[2025-06-11T15:55:58.490+0000] {taskinstance.py:2170} INFO - Starting attempt 1 of 2
[2025-06-11T15:55:58.512+0000] {taskinstance.py:2191} INFO - Executing <Task(_PythonDecoratedOperator): Load_payment_method> on 2025-06-11 15:04:44.517648+00:00
[2025-06-11T15:55:58.525+0000] {standard_task_runner.py:60} INFO - Started process 4987 to run task
[2025-06-11T15:55:58.530+0000] {standard_task_runner.py:87} INFO - Running: ['airflow', 'tasks', 'run', 'payment_method_to_snowflake', 'Load_payment_method', 'manual__2025-06-11T15:04:44.517648+00:00', '--job-id', '140', '--raw', '--subdir', 'DAGS_FOLDER/star/payment_dim.py', '--cfg-path', '/tmp/tmpszdv5mgs']
[2025-06-11T15:55:58.534+0000] {standard_task_runner.py:88} INFO - Job 140: Subtask Load_payment_method
[2025-06-11T15:55:58.666+0000] {task_command.py:423} INFO - Running <TaskInstance: payment_method_to_snowflake.Load_payment_method manual__2025-06-11T15:04:44.517648+00:00 [running]> on host 5950010ae7c1
[2025-06-11T15:55:59.042+0000] {taskinstance.py:2480} INFO - Exporting env vars: AIRFLOW_CTX_DAG_OWNER='data-team' AIRFLOW_CTX_DAG_ID='payment_method_to_snowflake' AIRFLOW_CTX_TASK_ID='Load_payment_method' AIRFLOW_CTX_EXECUTION_DATE='2025-06-11T15:04:44.517648+00:00' AIRFLOW_CTX_TRY_NUMBER='1' AIRFLOW_CTX_DAG_RUN_ID='manual__2025-06-11T15:04:44.517648+00:00'
[2025-06-11T15:56:47.348+0000] {logging_mixin.py:188} INFO - Data written to temporary Snowflake table.
[2025-06-11T15:56:47.357+0000] {connection.py:486} INFO - Snowflake Connector for Python Version: 3.15.0, Python Version: 3.10.13, Platform: Linux-6.11.0-26-generic-x86_64-with-glibc2.36
[2025-06-11T15:56:47.363+0000] {connection.py:1391} INFO - Connecting to GLOBAL Snowflake domain
[2025-06-11T15:56:51.139+0000] {logging_mixin.py:188} INFO - Merge operation completed successfully.
[2025-06-11T15:56:51.844+0000] {connection.py:486} INFO - Snowflake Connector for Python Version: 3.15.0, Python Version: 3.10.13, Platform: Linux-6.11.0-26-generic-x86_64-with-glibc2.36
[2025-06-11T15:56:51.845+0000] {connection.py:1391} INFO - Connecting to GLOBAL Snowflake domain
[2025-06-11T15:56:54.106+0000] {logging_mixin.py:188} INFO - Temporary table STAR.DIM_PAYMENT_METHOD_TEMP_STAGE_20250611155626696331 dropped successfully.
[2025-06-11T15:56:54.825+0000] {logging_mixin.py:188} INFO - Upsert completed from Spark CSV to Snowflake.
[2025-06-11T15:56:54.827+0000] {logging_mixin.py:188} INFO - Successfully completed processing.
[2025-06-11T15:56:54.866+0000] {python.py:201} INFO - Done. Returned value was: None
[2025-06-11T15:56:55.733+0000] {taskinstance.py:1138} INFO - Marking task as SUCCESS. dag_id=payment_method_to_snowflake, task_id=Load_payment_method, execution_date=20250611T150444, start_date=20250611T155558, end_date=20250611T155655
[2025-06-11T15:56:56.477+0000] {local_task_job_runner.py:234} INFO - Task exited with return code 0
[2025-06-11T15:56:56.970+0000] {taskinstance.py:3280} INFO - 0 downstream tasks scheduled from follow-on schedule check
