[2025-06-09T08:50:01.592+0000] {taskinstance.py:1956} INFO - Dependencies all met for dep_context=non-requeueable deps ti=<TaskInstance: multi_region_processor_7.process_region_asia.process_product_reviews_asia manual__2025-06-09T08:34:23.510298+00:00 [queued]>
[2025-06-09T08:50:01.633+0000] {taskinstance.py:1956} INFO - Dependencies all met for dep_context=requeueable deps ti=<TaskInstance: multi_region_processor_7.process_region_asia.process_product_reviews_asia manual__2025-06-09T08:34:23.510298+00:00 [queued]>
[2025-06-09T08:50:01.634+0000] {taskinstance.py:2170} INFO - Starting attempt 1 of 2
[2025-06-09T08:50:01.683+0000] {taskinstance.py:2191} INFO - Executing <Task(_PythonDecoratedOperator): process_region_asia.process_product_reviews_asia> on 2025-06-09 08:34:23.510298+00:00
[2025-06-09T08:50:01.710+0000] {standard_task_runner.py:60} INFO - Started process 10556 to run task
[2025-06-09T08:50:01.721+0000] {standard_task_runner.py:87} INFO - Running: ['airflow', 'tasks', 'run', 'multi_region_processor_7', 'process_region_asia.process_product_reviews_asia', 'manual__2025-06-09T08:34:23.510298+00:00', '--job-id', '708', '--raw', '--subdir', 'DAGS_FOLDER/master2.py', '--cfg-path', '/tmp/tmp177esvu6']
[2025-06-09T08:50:01.735+0000] {standard_task_runner.py:88} INFO - Job 708: Subtask process_region_asia.process_product_reviews_asia
[2025-06-09T08:50:01.920+0000] {task_command.py:423} INFO - Running <TaskInstance: multi_region_processor_7.process_region_asia.process_product_reviews_asia manual__2025-06-09T08:34:23.510298+00:00 [running]> on host afcdbcf38bc0
[2025-06-09T08:50:02.180+0000] {taskinstance.py:2480} INFO - Exporting env vars: AIRFLOW_CTX_DAG_OWNER='data-team' AIRFLOW_CTX_DAG_ID='multi_region_processor_7' AIRFLOW_CTX_TASK_ID='process_region_asia.process_product_reviews_asia' AIRFLOW_CTX_EXECUTION_DATE='2025-06-09T08:34:23.510298+00:00' AIRFLOW_CTX_TRY_NUMBER='1' AIRFLOW_CTX_DAG_RUN_ID='manual__2025-06-09T08:34:23.510298+00:00'
[2025-06-09T08:50:12.007+0000] {logging_mixin.py:188} INFO - Processing product_reviews for region asia
[2025-06-09T08:50:18.609+0000] {logging_mixin.py:188} INFO - STAGING_ASIA
[2025-06-09T08:50:27.666+0000] {logging_mixin.py:188} INFO - +---------+----------+-----------+--------+------+------------------+--------------------+--------------------+-------------+-------------------+-------+--------+
|review_id|product_id|customer_id|order_id|rating|      review_title|         review_text|is_verified_purchase|helpful_votes|         created_at|_region| _source|
+---------+----------+-----------+--------+------+------------------+--------------------+--------------------+-------------+-------------------+-------+--------+
|        1|         1|          1|       1|     5|  EXCELLENT PHONE!|Amazing camera qu...|                true|           15|2025-06-08 19:23:07|   asia|postgres|
|        2|         5|          2|       2|     4|   beautiful dress|Nice fabric and f...|                true|            8|2025-06-08 19:23:07|   asia|postgres|
|        3|         6|          3|       3|     5|      Perfect Sofa|Comfortable and w...|                true|           22|2025-06-08 19:23:07|   asia|postgres|
|        4|        14|          4|       4|     3|   AVERAGE EARBUDS|Sound quality is ...|                true|            5|2025-06-08 19:23:07|   asia|postgres|
|        5|         7|         10|      10|     1|poor quality manga|Pages were damage...|                true|            2|2025-06-08 19:23:07|   asia|postgres|
|        6|         1|          5|    NULL|     4|Good but expensive|Great phone but o...|               false|            3|2025-06-08 19:23:07|   asia|postgres|
|        7|         9|          7|       7|     5|     AMAZING BIKE!|Perfect for mount...|                true|           18|2025-06-08 19:23:07|   asia|postgres|
|        8|        10|          8|       8|     4|     fun model kit|Great detail but ...|                true|            7|2025-06-08 19:23:07|   asia|postgres|
|        1|         1|          1|       1|     5|  EXCELLENT PHONE!|Amazing camera qu...|                true|           15|2025-06-08 19:23:07|   asia|postgres|
|        2|         5|          2|       2|     4|   beautiful dress|Nice fabric and f...|                true|            8|2025-06-08 19:23:07|   asia|postgres|
+---------+----------+-----------+--------+------+------------------+--------------------+--------------------+-------------+-------------------+-------+--------+
only showing top 10 rows
[2025-06-09T08:50:27.667+0000] {logging_mixin.py:188} INFO - Inserting into snowflake
[2025-06-09T08:50:48.606+0000] {logging_mixin.py:188} INFO - successfully inserted in snowflake
[2025-06-09T08:50:50.878+0000] {logging_mixin.py:188} INFO - Successfully processed 16 records for product_reviews in asia
[2025-06-09T08:50:52.417+0000] {python.py:201} INFO - Done. Returned value was: {'region': 'asia', 'table': 'product_reviews', 'record_count': 16, 'status': 'success'}
[2025-06-09T08:50:52.582+0000] {taskinstance.py:1138} INFO - Marking task as SUCCESS. dag_id=multi_region_processor_7, task_id=process_region_asia.process_product_reviews_asia, execution_date=20250609T083423, start_date=20250609T085001, end_date=20250609T085052
[2025-06-09T08:50:52.798+0000] {local_task_job_runner.py:234} INFO - Task exited with return code 0
[2025-06-09T08:50:52.929+0000] {taskinstance.py:3280} INFO - 0 downstream tasks scheduled from follow-on schedule check
