[2025-06-11T18:28:22.390+0000] {taskinstance.py:1956} INFO - Dependencies all met for dep_context=non-requeueable deps ti=<TaskInstance: multi_region_transform_staging_v2.process_region_asia.process_shipments_asia manual__2025-06-11T18:20:09.445349+00:00 [queued]>
[2025-06-11T18:28:22.410+0000] {taskinstance.py:1956} INFO - Dependencies all met for dep_context=requeueable deps ti=<TaskInstance: multi_region_transform_staging_v2.process_region_asia.process_shipments_asia manual__2025-06-11T18:20:09.445349+00:00 [queued]>
[2025-06-11T18:28:22.411+0000] {taskinstance.py:2170} INFO - Starting attempt 1 of 2
[2025-06-11T18:28:22.429+0000] {taskinstance.py:2191} INFO - Executing <Task(_PythonDecoratedOperator): process_region_asia.process_shipments_asia> on 2025-06-11 18:20:09.445349+00:00
[2025-06-11T18:28:22.438+0000] {standard_task_runner.py:60} INFO - Started process 17059 to run task
[2025-06-11T18:28:22.442+0000] {standard_task_runner.py:87} INFO - Running: ['airflow', 'tasks', 'run', 'multi_region_transform_staging_v2', 'process_region_asia.process_shipments_asia', 'manual__2025-06-11T18:20:09.445349+00:00', '--job-id', '657', '--raw', '--subdir', 'DAGS_FOLDER/master_dag.py', '--cfg-path', '/tmp/tmpqmu052za']
[2025-06-11T18:28:22.445+0000] {standard_task_runner.py:88} INFO - Job 657: Subtask process_region_asia.process_shipments_asia
[2025-06-11T18:28:22.547+0000] {task_command.py:423} INFO - Running <TaskInstance: multi_region_transform_staging_v2.process_region_asia.process_shipments_asia manual__2025-06-11T18:20:09.445349+00:00 [running]> on host 5950010ae7c1
[2025-06-11T18:28:22.719+0000] {taskinstance.py:2480} INFO - Exporting env vars: AIRFLOW_CTX_DAG_OWNER='data-team' AIRFLOW_CTX_DAG_ID='multi_region_transform_staging_v2' AIRFLOW_CTX_TASK_ID='process_region_asia.process_shipments_asia' AIRFLOW_CTX_EXECUTION_DATE='2025-06-11T18:20:09.445349+00:00' AIRFLOW_CTX_TRY_NUMBER='1' AIRFLOW_CTX_DAG_RUN_ID='manual__2025-06-11T18:20:09.445349+00:00'
[2025-06-11T18:28:29.658+0000] {logging_mixin.py:188} INFO - Debugggg::::Vector(spark://5950010ae7c1:42949/jars/snowflake-jdbc-3.13.17.jar, spark://5950010ae7c1:42949/jars/spark-snowflake_2.12-2.16.0-spark_3.2.jar)
[2025-06-11T18:28:29.659+0000] {logging_mixin.py:188} INFO - Processing shipments for region asia
[2025-06-11T18:28:29.679+0000] {logging_mixin.py:188} INFO - /opt/airflow/data/raw/region=asia/table=shipments/load_date=2025-06-11
[2025-06-11T18:28:45.338+0000] {logging_mixin.py:188} INFO - STAGING_ASIA
[2025-06-11T18:28:46.774+0000] {logging_mixin.py:188} INFO - +-----------+--------+---------------+----------+---------------+-------------------+-----------------------+-------------------------+---------------+-------------------+-------------------+-------+--------+
|shipment_id|order_id|tracking_number|   carrier|shipping_method|  shipped_timestamp|estimated_delivery_date|actual_delivery_timestamp|shipment_status|         created_at|         updated_at|_region| _source|
+-----------+--------+---------------+----------+---------------+-------------------+-----------------------+-------------------------+---------------+-------------------+-------------------+-------+--------+
|          1|       1| YMT123456789JP|    Yamato|       Standard|2024-03-06 10:30:45|    2024-03-08 00:00:00|      2024-03-08 14:15:30|      delivered|2024-03-06 10:30:45|2024-03-08 14:15:30|   asia|postgres|
|          2|       2| SGW987654321JP|    Sagawa|        Express|2024-03-07 00:00:00|    2024-03-09 00:00:00|                     NULL|     in_transit|2024-03-07 00:00:00|2024-03-07 00:00:00|   asia|postgres|
|          3|       3|           NULL|Japan Post|       Standard|               NULL|                   NULL|                     NULL|      preparing|2024-03-07 00:00:00|2024-03-07 00:00:00|   asia|postgres|
|          5|       6| SGW234567890JP|    Sagawa|       Same Day|2024-10-03 00:00:00|    2024-10-03 00:00:00|      2024-10-03 00:00:00|      delivered|2024-10-03 00:00:00|2024-10-03 00:00:00|   asia|postgres|
|          6|       7| YMT345678901JP|    Yamato|       Standard|2024-03-12 13:40:15|    2024-03-14 00:00:00|                     NULL|     in_transit|2024-03-12 13:40:15|2024-03-12 13:40:15|   asia|postgres|
|          7|       8| SGW456789012JP|    Sagawa|        Express|2024-03-13 00:00:00|    2024-03-15 00:00:00|                     NULL|     in_transit|2024-03-13 00:00:00|2024-03-13 00:00:00|   asia|postgres|
|          8|       9| YMT567890123JP|    Yamato|       Standard|2024-03-14 00:00:00|    2024-03-16 00:00:00|      2024-03-16 00:00:00|      delivered|2024-03-14 00:00:00|2024-03-16 00:00:00|   asia|postgres|
+-----------+--------+---------------+----------+---------------+-------------------+-----------------------+-------------------------+---------------+-------------------+-------------------+-------+--------+
[2025-06-11T18:28:46.774+0000] {logging_mixin.py:188} INFO - Inserting into snowflake
[2025-06-11T18:28:55.395+0000] {logging_mixin.py:188} INFO - successfully inserted in snowflake
[2025-06-11T18:28:55.406+0000] {crypto.py:82} WARNING - empty cryptography key - values will not be stored encrypted.
[2025-06-11T18:28:55.677+0000] {logging_mixin.py:188} INFO - Successfully processed 7 records for shipments in asia
[2025-06-11T18:28:58.376+0000] {python.py:201} INFO - Done. Returned value was: {'region': 'asia', 'table': 'shipments', 'record_count': 7, 'status': 'success'}
[2025-06-11T18:28:58.407+0000] {taskinstance.py:1138} INFO - Marking task as SUCCESS. dag_id=multi_region_transform_staging_v2, task_id=process_region_asia.process_shipments_asia, execution_date=20250611T182009, start_date=20250611T182822, end_date=20250611T182858
[2025-06-11T18:28:58.437+0000] {local_task_job_runner.py:234} INFO - Task exited with return code 0
[2025-06-11T18:28:58.466+0000] {taskinstance.py:3280} INFO - 1 downstream tasks scheduled from follow-on schedule check
