[2025-06-09T11:25:45.099+0000] {taskinstance.py:1956} INFO - Dependencies all met for dep_context=non-requeueable deps ti=<TaskInstance: multi_region_to_snowflake.process_region_us.process_customer_addresses_us manual__2025-06-09T11:22:33.329920+00:00 [queued]>
[2025-06-09T11:25:45.127+0000] {taskinstance.py:1956} INFO - Dependencies all met for dep_context=requeueable deps ti=<TaskInstance: multi_region_to_snowflake.process_region_us.process_customer_addresses_us manual__2025-06-09T11:22:33.329920+00:00 [queued]>
[2025-06-09T11:25:45.128+0000] {taskinstance.py:2170} INFO - Starting attempt 1 of 2
[2025-06-09T11:25:45.171+0000] {taskinstance.py:2191} INFO - Executing <Task(_PythonDecoratedOperator): process_region_us.process_customer_addresses_us> on 2025-06-09 11:22:33.329920+00:00
[2025-06-09T11:25:45.188+0000] {standard_task_runner.py:60} INFO - Started process 14441 to run task
[2025-06-09T11:25:45.195+0000] {standard_task_runner.py:87} INFO - Running: ['airflow', 'tasks', 'run', 'multi_region_to_snowflake', 'process_region_us.process_customer_addresses_us', 'manual__2025-06-09T11:22:33.329920+00:00', '--job-id', '740', '--raw', '--subdir', 'DAGS_FOLDER/master_dag.py', '--cfg-path', '/tmp/tmpks4_aqr4']
[2025-06-09T11:25:45.198+0000] {standard_task_runner.py:88} INFO - Job 740: Subtask process_region_us.process_customer_addresses_us
[2025-06-09T11:25:45.390+0000] {task_command.py:423} INFO - Running <TaskInstance: multi_region_to_snowflake.process_region_us.process_customer_addresses_us manual__2025-06-09T11:22:33.329920+00:00 [running]> on host 7fa6630d536c
[2025-06-09T11:25:45.690+0000] {taskinstance.py:2480} INFO - Exporting env vars: AIRFLOW_CTX_DAG_OWNER='data-team' AIRFLOW_CTX_DAG_ID='multi_region_to_snowflake' AIRFLOW_CTX_TASK_ID='process_region_us.process_customer_addresses_us' AIRFLOW_CTX_EXECUTION_DATE='2025-06-09T11:22:33.329920+00:00' AIRFLOW_CTX_TRY_NUMBER='1' AIRFLOW_CTX_DAG_RUN_ID='manual__2025-06-09T11:22:33.329920+00:00'
[2025-06-09T11:25:59.911+0000] {logging_mixin.py:188} INFO - Processing customer_addresses for region us
[2025-06-09T11:26:15.930+0000] {logging_mixin.py:188} INFO - STAGING_US
[2025-06-09T11:26:26.730+0000] {logging_mixin.py:188} INFO - +----------+-----------+------------+-----------------+------------+------------+-----------+-------+----------+-------------------+-------+--------+
|address_id|customer_id|address_type|   street_address|        city|      region|postal_code|country|is_default|         created_at|_region| _source|
+----------+-----------+------------+-----------------+------------+------------+-----------+-------+----------+-------------------+-------+--------+
|         1|          1|     billing|  123 Main Street|    New York|    New York|      10001|    USA|      true|2025-06-08 19:23:28|     us|postgres|
|         2|          1|    shipping| 456 Broadway Ave|    New York|    New York|      10002|    USA|     false|2025-06-08 19:23:28|     us|postgres|
|         3|          2|     billing|  789 Sunset Blvd| Los Angeles|  California|      90210|    USA|      true|2025-06-08 19:23:28|     us|postgres|
|         4|          3|     billing|   321 Oak Street|     Chicago|    Illinois|      60601|    USA|      true|2025-06-08 19:23:28|     us|postgres|
|         5|          3|    shipping|  654 Pine Avenue|     Chicago|    Illinois|      60602|    USA|     false|2025-06-08 19:23:28|     us|postgres|
|         6|          4|     billing|    987 Elm Drive|     Houston|       Texas|      77001|    USA|      true|2025-06-08 19:23:28|     us|postgres|
|         7|          5|     billing|   147 Maple Lane|     Phoenix|     Arizona|      85001|    USA|      true|2025-06-08 19:23:28|     us|postgres|
|         8|          6|     billing|  258 Cedar Court|Philadelphia|Pennsylvania|      19101|    USA|      true|2025-06-08 19:23:28|     us|postgres|
|         9|          7|     billing|   369 Birch Road| San Antonio|       Texas|      78201|    USA|      true|2025-06-08 19:23:28|     us|postgres|
|        10|          8|     billing|741 Walnut Street|   San Diego|  California|      92101|    USA|      true|2025-06-08 19:23:28|     us|postgres|
+----------+-----------+------------+-----------------+------------+------------+-----------+-------+----------+-------------------+-------+--------+
only showing top 10 rows
[2025-06-09T11:26:26.732+0000] {logging_mixin.py:188} INFO - Inserting into snowflake
[2025-06-09T11:26:42.219+0000] {logging_mixin.py:188} INFO - successfully inserted in snowflake
[2025-06-09T11:26:42.819+0000] {logging_mixin.py:188} INFO - Successfully processed 54 records for customer_addresses in us
[2025-06-09T11:26:44.397+0000] {python.py:201} INFO - Done. Returned value was: {'region': 'us', 'table': 'customer_addresses', 'record_count': 54, 'status': 'success'}
[2025-06-09T11:26:44.497+0000] {taskinstance.py:1138} INFO - Marking task as SUCCESS. dag_id=multi_region_to_snowflake, task_id=process_region_us.process_customer_addresses_us, execution_date=20250609T112233, start_date=20250609T112545, end_date=20250609T112644
[2025-06-09T11:26:44.675+0000] {local_task_job_runner.py:234} INFO - Task exited with return code 0
[2025-06-09T11:26:44.801+0000] {taskinstance.py:3280} INFO - 1 downstream tasks scheduled from follow-on schedule check
