[2025-06-04T20:38:20.353+0000] {taskinstance.py:1956} INFO - Dependencies all met for dep_context=non-requeueable deps ti=<TaskInstance: schema_evolution_framework.run_schema_evolution manual__2025-06-04T20:38:14+00:00 [queued]>
[2025-06-04T20:38:20.361+0000] {taskinstance.py:1956} INFO - Dependencies all met for dep_context=requeueable deps ti=<TaskInstance: schema_evolution_framework.run_schema_evolution manual__2025-06-04T20:38:14+00:00 [queued]>
[2025-06-04T20:38:20.361+0000] {taskinstance.py:2170} INFO - Starting attempt 1 of 2
[2025-06-04T20:38:20.377+0000] {taskinstance.py:2191} INFO - Executing <Task(BashOperator): run_schema_evolution> on 2025-06-04 20:38:14+00:00
[2025-06-04T20:38:20.382+0000] {standard_task_runner.py:60} INFO - Started process 8633 to run task
[2025-06-04T20:38:20.386+0000] {standard_task_runner.py:87} INFO - Running: ['airflow', 'tasks', 'run', 'schema_evolution_framework', 'run_schema_evolution', 'manual__2025-06-04T20:38:14+00:00', '--job-id', '76', '--raw', '--subdir', 'DAGS_FOLDER/schema_drift/schema_drift.py', '--cfg-path', '/tmp/tmpo8x70cs6']
[2025-06-04T20:38:20.388+0000] {standard_task_runner.py:88} INFO - Job 76: Subtask run_schema_evolution
[2025-06-04T20:38:20.407+0000] {logging_mixin.py:188} WARNING - /home/airflow/.local/lib/python3.10/site-packages/airflow/settings.py:194 DeprecationWarning: The sql_alchemy_conn option in [core] has been moved to the sql_alchemy_conn option in [database] - the old setting has been used, but please update your config.
[2025-06-04T20:38:20.456+0000] {task_command.py:423} INFO - Running <TaskInstance: schema_evolution_framework.run_schema_evolution manual__2025-06-04T20:38:14+00:00 [running]> on host d21a88c59131
[2025-06-04T20:38:20.564+0000] {taskinstance.py:2480} INFO - Exporting env vars: AIRFLOW_CTX_DAG_OWNER='airflow' AIRFLOW_CTX_DAG_ID='schema_evolution_framework' AIRFLOW_CTX_TASK_ID='run_schema_evolution' AIRFLOW_CTX_EXECUTION_DATE='2025-06-04T20:38:14+00:00' AIRFLOW_CTX_TRY_NUMBER='1' AIRFLOW_CTX_DAG_RUN_ID='manual__2025-06-04T20:38:14+00:00'
[2025-06-04T20:38:20.566+0000] {subprocess.py:63} INFO - Tmp dir root location: /tmp
[2025-06-04T20:38:20.567+0000] {subprocess.py:75} INFO - Running command: ['/usr/bin/bash', '-c', 'spark-submit /opt/airflow/scripts/pyspark_jobs/schema_evolution.py --region asia --table customers1 --load_date 2025-06-04']
[2025-06-04T20:38:20.578+0000] {subprocess.py:86} INFO - Output:
[2025-06-04T20:38:22.950+0000] {subprocess.py:93} INFO - 25/06/04 20:38:22 INFO SparkContext: Running Spark version 3.5.6
[2025-06-04T20:38:22.952+0000] {subprocess.py:93} INFO - 25/06/04 20:38:22 INFO SparkContext: OS info Linux, 6.11.0-26-generic, amd64
[2025-06-04T20:38:22.952+0000] {subprocess.py:93} INFO - 25/06/04 20:38:22 INFO SparkContext: Java version 11.0.24
[2025-06-04T20:38:22.994+0000] {subprocess.py:93} INFO - 25/06/04 20:38:22 WARN NativeCodeLoader: Unable to load native-hadoop library for your platform... using builtin-java classes where applicable
[2025-06-04T20:38:23.067+0000] {subprocess.py:93} INFO - 25/06/04 20:38:23 INFO ResourceUtils: ==============================================================
[2025-06-04T20:38:23.068+0000] {subprocess.py:93} INFO - 25/06/04 20:38:23 INFO ResourceUtils: No custom resources configured for spark.driver.
[2025-06-04T20:38:23.068+0000] {subprocess.py:93} INFO - 25/06/04 20:38:23 INFO ResourceUtils: ==============================================================
[2025-06-04T20:38:23.068+0000] {subprocess.py:93} INFO - 25/06/04 20:38:23 INFO SparkContext: Submitted application: Schema Evolution Framework
[2025-06-04T20:38:23.093+0000] {subprocess.py:93} INFO - 25/06/04 20:38:23 INFO ResourceProfile: Default ResourceProfile created, executor resources: Map(cores -> name: cores, amount: 1, script: , vendor: , memory -> name: memory, amount: 1024, script: , vendor: , offHeap -> name: offHeap, amount: 0, script: , vendor: ), task resources: Map(cpus -> name: cpus, amount: 1.0)
[2025-06-04T20:38:23.106+0000] {subprocess.py:93} INFO - 25/06/04 20:38:23 INFO ResourceProfile: Limiting resource is cpu
[2025-06-04T20:38:23.107+0000] {subprocess.py:93} INFO - 25/06/04 20:38:23 INFO ResourceProfileManager: Added ResourceProfile id: 0
[2025-06-04T20:38:23.157+0000] {subprocess.py:93} INFO - 25/06/04 20:38:23 INFO SecurityManager: Changing view acls to: airflow
[2025-06-04T20:38:23.157+0000] {subprocess.py:93} INFO - 25/06/04 20:38:23 INFO SecurityManager: Changing modify acls to: airflow
[2025-06-04T20:38:23.157+0000] {subprocess.py:93} INFO - 25/06/04 20:38:23 INFO SecurityManager: Changing view acls groups to:
[2025-06-04T20:38:23.158+0000] {subprocess.py:93} INFO - 25/06/04 20:38:23 INFO SecurityManager: Changing modify acls groups to:
[2025-06-04T20:38:23.158+0000] {subprocess.py:93} INFO - 25/06/04 20:38:23 INFO SecurityManager: SecurityManager: authentication disabled; ui acls disabled; users with view permissions: airflow; groups with view permissions: EMPTY; users with modify permissions: airflow; groups with modify permissions: EMPTY
[2025-06-04T20:38:23.353+0000] {subprocess.py:93} INFO - 25/06/04 20:38:23 INFO Utils: Successfully started service 'sparkDriver' on port 34543.
[2025-06-04T20:38:23.382+0000] {subprocess.py:93} INFO - 25/06/04 20:38:23 INFO SparkEnv: Registering MapOutputTracker
[2025-06-04T20:38:23.408+0000] {subprocess.py:93} INFO - 25/06/04 20:38:23 INFO SparkEnv: Registering BlockManagerMaster
[2025-06-04T20:38:23.424+0000] {subprocess.py:93} INFO - 25/06/04 20:38:23 INFO BlockManagerMasterEndpoint: Using org.apache.spark.storage.DefaultTopologyMapper for getting topology information
[2025-06-04T20:38:23.424+0000] {subprocess.py:93} INFO - 25/06/04 20:38:23 INFO BlockManagerMasterEndpoint: BlockManagerMasterEndpoint up
[2025-06-04T20:38:23.427+0000] {subprocess.py:93} INFO - 25/06/04 20:38:23 INFO SparkEnv: Registering BlockManagerMasterHeartbeat
[2025-06-04T20:38:23.458+0000] {subprocess.py:93} INFO - 25/06/04 20:38:23 INFO DiskBlockManager: Created local directory at /tmp/blockmgr-0ae7bb2a-eb0f-470a-86c5-af8dabc845e8
[2025-06-04T20:38:23.474+0000] {subprocess.py:93} INFO - 25/06/04 20:38:23 INFO MemoryStore: MemoryStore started with capacity 434.4 MiB
[2025-06-04T20:38:23.488+0000] {subprocess.py:93} INFO - 25/06/04 20:38:23 INFO SparkEnv: Registering OutputCommitCoordinator
[2025-06-04T20:38:23.638+0000] {subprocess.py:93} INFO - 25/06/04 20:38:23 INFO JettyUtils: Start Jetty 0.0.0.0:4040 for SparkUI
[2025-06-04T20:38:23.714+0000] {subprocess.py:93} INFO - 25/06/04 20:38:23 INFO Utils: Successfully started service 'SparkUI' on port 4040.
[2025-06-04T20:38:23.812+0000] {subprocess.py:93} INFO - 25/06/04 20:38:23 INFO Executor: Starting executor ID driver on host d21a88c59131
[2025-06-04T20:38:23.812+0000] {subprocess.py:93} INFO - 25/06/04 20:38:23 INFO Executor: OS info Linux, 6.11.0-26-generic, amd64
[2025-06-04T20:38:23.812+0000] {subprocess.py:93} INFO - 25/06/04 20:38:23 INFO Executor: Java version 11.0.24
[2025-06-04T20:38:23.818+0000] {subprocess.py:93} INFO - 25/06/04 20:38:23 INFO Executor: Starting executor with user classpath (userClassPathFirst = false): ''
[2025-06-04T20:38:23.819+0000] {subprocess.py:93} INFO - 25/06/04 20:38:23 INFO Executor: Created or updated repl class loader org.apache.spark.util.MutableURLClassLoader@2a772be3 for default.
[2025-06-04T20:38:23.836+0000] {subprocess.py:93} INFO - 25/06/04 20:38:23 INFO Utils: Successfully started service 'org.apache.spark.network.netty.NettyBlockTransferService' on port 46281.
[2025-06-04T20:38:23.837+0000] {subprocess.py:93} INFO - 25/06/04 20:38:23 INFO NettyBlockTransferService: Server created on d21a88c59131:46281
[2025-06-04T20:38:23.839+0000] {subprocess.py:93} INFO - 25/06/04 20:38:23 INFO BlockManager: Using org.apache.spark.storage.RandomBlockReplicationPolicy for block replication policy
[2025-06-04T20:38:23.845+0000] {subprocess.py:93} INFO - 25/06/04 20:38:23 INFO BlockManagerMaster: Registering BlockManager BlockManagerId(driver, d21a88c59131, 46281, None)
[2025-06-04T20:38:23.848+0000] {subprocess.py:93} INFO - 25/06/04 20:38:23 INFO BlockManagerMasterEndpoint: Registering block manager d21a88c59131:46281 with 434.4 MiB RAM, BlockManagerId(driver, d21a88c59131, 46281, None)
[2025-06-04T20:38:23.851+0000] {subprocess.py:93} INFO - 25/06/04 20:38:23 INFO BlockManagerMaster: Registered BlockManager BlockManagerId(driver, d21a88c59131, 46281, None)
[2025-06-04T20:38:23.852+0000] {subprocess.py:93} INFO - 25/06/04 20:38:23 INFO BlockManager: Initialized BlockManager: BlockManagerId(driver, d21a88c59131, 46281, None)
[2025-06-04T20:38:24.277+0000] {subprocess.py:93} INFO - 25/06/04 20:38:24 INFO SharedState: Setting hive.metastore.warehouse.dir ('null') to the value of spark.sql.warehouse.dir.
[2025-06-04T20:38:24.285+0000] {subprocess.py:93} INFO - 25/06/04 20:38:24 INFO SharedState: Warehouse path is 'file:/tmp/airflowtmp_oclqwvc/spark-warehouse'.
[2025-06-04T20:38:25.340+0000] {subprocess.py:93} INFO - Traceback (most recent call last):
[2025-06-04T20:38:25.340+0000] {subprocess.py:93} INFO -   File "/opt/airflow/scripts/pyspark_jobs/schema_evolution.py", line 258, in <module>
[2025-06-04T20:38:25.341+0000] {subprocess.py:93} INFO -     result = process_table_with_schema_evolution(region, table, load_date)
[2025-06-04T20:38:25.341+0000] {subprocess.py:93} INFO -   File "/opt/airflow/scripts/pyspark_jobs/schema_evolution.py", line 194, in process_table_with_schema_evolution
[2025-06-04T20:38:25.341+0000] {subprocess.py:93} INFO -     raw_df = spark.read.parquet(source_path)
[2025-06-04T20:38:25.341+0000] {subprocess.py:93} INFO -   File "/usr/local/spark/python/lib/pyspark.zip/pyspark/sql/readwriter.py", line 544, in parquet
[2025-06-04T20:38:25.341+0000] {subprocess.py:93} INFO -   File "/usr/local/spark/python/lib/py4j-0.10.9.7-src.zip/py4j/java_gateway.py", line 1322, in __call__
[2025-06-04T20:38:25.342+0000] {subprocess.py:93} INFO -   File "/usr/local/spark/python/lib/pyspark.zip/pyspark/errors/exceptions/captured.py", line 185, in deco
[2025-06-04T20:38:25.348+0000] {subprocess.py:93} INFO - pyspark.errors.exceptions.captured.AnalysisException: [PATH_NOT_FOUND] Path does not exist: file:/opt/airflow/data/raw/region=asia/table=customers1/load_date=2025-06-04 20:31:44.869.
[2025-06-04T20:38:25.386+0000] {subprocess.py:93} INFO - 25/06/04 20:38:25 INFO SparkContext: Invoking stop() from shutdown hook
[2025-06-04T20:38:25.386+0000] {subprocess.py:93} INFO - 25/06/04 20:38:25 INFO SparkContext: SparkContext is stopping with exitCode 0.
[2025-06-04T20:38:25.395+0000] {subprocess.py:93} INFO - 25/06/04 20:38:25 INFO SparkUI: Stopped Spark web UI at http://d21a88c59131:4040
[2025-06-04T20:38:25.406+0000] {subprocess.py:93} INFO - 25/06/04 20:38:25 INFO MapOutputTrackerMasterEndpoint: MapOutputTrackerMasterEndpoint stopped!
[2025-06-04T20:38:25.414+0000] {subprocess.py:93} INFO - 25/06/04 20:38:25 INFO MemoryStore: MemoryStore cleared
[2025-06-04T20:38:25.414+0000] {subprocess.py:93} INFO - 25/06/04 20:38:25 INFO BlockManager: BlockManager stopped
[2025-06-04T20:38:25.421+0000] {subprocess.py:93} INFO - 25/06/04 20:38:25 INFO BlockManagerMaster: BlockManagerMaster stopped
[2025-06-04T20:38:25.424+0000] {subprocess.py:93} INFO - 25/06/04 20:38:25 INFO OutputCommitCoordinator$OutputCommitCoordinatorEndpoint: OutputCommitCoordinator stopped!
[2025-06-04T20:38:25.430+0000] {subprocess.py:93} INFO - 25/06/04 20:38:25 INFO SparkContext: Successfully stopped SparkContext
[2025-06-04T20:38:25.431+0000] {subprocess.py:93} INFO - 25/06/04 20:38:25 INFO ShutdownHookManager: Shutdown hook called
[2025-06-04T20:38:25.431+0000] {subprocess.py:93} INFO - 25/06/04 20:38:25 INFO ShutdownHookManager: Deleting directory /tmp/spark-103816c8-4935-443c-a32e-12b34eea9b36/pyspark-1718d7d6-8713-499d-99ec-a383edddbdfb
[2025-06-04T20:38:25.433+0000] {subprocess.py:93} INFO - 25/06/04 20:38:25 INFO ShutdownHookManager: Deleting directory /tmp/spark-103816c8-4935-443c-a32e-12b34eea9b36
[2025-06-04T20:38:25.436+0000] {subprocess.py:93} INFO - 25/06/04 20:38:25 INFO ShutdownHookManager: Deleting directory /tmp/spark-08f665df-7f2f-40bf-92b2-0fa352331d1f
[2025-06-04T20:38:25.474+0000] {subprocess.py:97} INFO - Command exited with return code 1
[2025-06-04T20:38:25.487+0000] {taskinstance.py:2698} ERROR - Task failed with exception
Traceback (most recent call last):
  File "/home/airflow/.local/lib/python3.10/site-packages/airflow/models/taskinstance.py", line 433, in _execute_task
    result = execute_callable(context=context, **execute_callable_kwargs)
  File "/home/airflow/.local/lib/python3.10/site-packages/airflow/operators/bash.py", line 212, in execute
    raise AirflowException(
airflow.exceptions.AirflowException: Bash command failed. The command returned a non-zero exit code 1.
[2025-06-04T20:38:25.489+0000] {taskinstance.py:1138} INFO - Marking task as UP_FOR_RETRY. dag_id=schema_evolution_framework, task_id=run_schema_evolution, execution_date=20250604T203814, start_date=20250604T203820, end_date=20250604T203825
[2025-06-04T20:38:25.499+0000] {standard_task_runner.py:107} ERROR - Failed to execute job 76 for task run_schema_evolution (Bash command failed. The command returned a non-zero exit code 1.; 8633)
[2025-06-04T20:38:25.542+0000] {local_task_job_runner.py:234} INFO - Task exited with return code 1
[2025-06-04T20:38:25.591+0000] {taskinstance.py:3280} INFO - 0 downstream tasks scheduled from follow-on schedule check
