[2025-06-08T18:52:46.506+0000] {taskinstance.py:1956} INFO - Dependencies all met for dep_context=non-requeueable deps ti=<TaskInstance: transform_cart_items.run_transformation_us manual__2025-06-08T18:52:25.238887+00:00 [queued]>
[2025-06-08T18:52:46.520+0000] {taskinstance.py:1956} INFO - Dependencies all met for dep_context=requeueable deps ti=<TaskInstance: transform_cart_items.run_transformation_us manual__2025-06-08T18:52:25.238887+00:00 [queued]>
[2025-06-08T18:52:46.520+0000] {taskinstance.py:2170} INFO - Starting attempt 1 of 1
[2025-06-08T18:52:46.544+0000] {taskinstance.py:2191} INFO - Executing <Task(_PythonDecoratedOperator): run_transformation_us> on 2025-06-08 18:52:25.238887+00:00
[2025-06-08T18:52:46.551+0000] {clientserver.py:543} INFO - Closing down clientserver connection
[2025-06-08T18:52:46.551+0000] {standard_task_runner.py:60} INFO - Started process 94224 to run task
[2025-06-08T18:52:46.556+0000] {standard_task_runner.py:87} INFO - Running: ['airflow', 'tasks', 'run', 'transform_cart_items', 'run_transformation_us', 'manual__2025-06-08T18:52:25.238887+00:00', '--job-id', '620', '--raw', '--subdir', 'DAGS_FOLDER/staging/cart_items_to_staging.py', '--cfg-path', '/tmp/tmpzupgegp7']
[2025-06-08T18:52:46.558+0000] {standard_task_runner.py:88} INFO - Job 620: Subtask run_transformation_us
[2025-06-08T18:52:46.588+0000] {logging_mixin.py:188} WARNING - /home/airflow/.local/lib/python3.10/site-packages/airflow/settings.py:194 DeprecationWarning: The sql_alchemy_conn option in [core] has been moved to the sql_alchemy_conn option in [database] - the old setting has been used, but please update your config.
[2025-06-08T18:52:46.669+0000] {task_command.py:423} INFO - Running <TaskInstance: transform_cart_items.run_transformation_us manual__2025-06-08T18:52:25.238887+00:00 [running]> on host 6ecd1ae3f40b
[2025-06-08T18:52:46.877+0000] {taskinstance.py:2480} INFO - Exporting env vars: AIRFLOW_CTX_DAG_OWNER='airflow' AIRFLOW_CTX_DAG_ID='transform_cart_items' AIRFLOW_CTX_TASK_ID='run_transformation_us' AIRFLOW_CTX_EXECUTION_DATE='2025-06-08T18:52:25.238887+00:00' AIRFLOW_CTX_TRY_NUMBER='1' AIRFLOW_CTX_DAG_RUN_ID='manual__2025-06-08T18:52:25.238887+00:00'
[2025-06-08T18:52:46.879+0000] {logging_mixin.py:188} INFO - Starting transformation for table: cart_items in region: us
[2025-06-08T18:52:46.916+0000] {logging_mixin.py:188} INFO - Reading data from: /opt/airflow/data/raw/region=us/table=cart_items/load_date=2025-06-06/
[2025-06-08T18:52:56.077+0000] {logging_mixin.py:188} INFO - [INFO] Processing 6 records for us
[2025-06-08T18:52:57.025+0000] {logging_mixin.py:188} INFO - Sample transformed data for us:
[2025-06-08T18:53:01.599+0000] {logging_mixin.py:188} INFO - +------------+-------+----------+--------+--------------+-------------------+-------------------+-------+--------+
|cart_item_id|cart_id|variant_id|quantity|unit_price_usd|added_at           |updated_at         |_region|_source |
+------------+-------+----------+--------+--------------+-------------------+-------------------+-------+--------+
|1           |1      |2         |1       |1199.99       |2025-06-06 08:00:56|2025-06-06 08:00:56|us     |postgres|
|2           |1      |8         |2       |24.99         |2025-06-06 08:00:56|2025-06-06 08:00:56|us     |postgres|
|3           |2      |15        |1       |1449.99       |2025-06-06 08:00:56|2025-06-06 08:00:56|us     |postgres|
|4           |3      |19        |1       |129.99        |2025-06-06 08:00:56|2025-06-06 08:00:56|us     |postgres|
|5           |4      |6         |1       |399.99        |2025-06-06 08:00:56|2025-06-06 08:00:56|us     |postgres|
+------------+-------+----------+--------+--------------+-------------------+-------------------+-------+--------+
only showing top 5 rows
[2025-06-08T18:53:01.600+0000] {logging_mixin.py:188} INFO - Writing transformed data to: /opt/airflow/data/staging/cart_items/region=us/load_date=2025-06-06/
[2025-06-08T18:53:03.030+0000] {logging_mixin.py:188} INFO - Successfully transformed 6 records for us
[2025-06-08T18:55:13.753+0000] {local_task_job_runner.py:302} WARNING - State of this instance has been externally set to failed. Terminating instance.
[2025-06-08T18:55:13.762+0000] {process_utils.py:131} INFO - Sending 15 to group 94224. PIDs of all processes in the group: [94224]
[2025-06-08T18:55:13.763+0000] {process_utils.py:86} INFO - Sending the signal 15 to group 94224
[2025-06-08T18:55:13.765+0000] {taskinstance.py:2450} ERROR - Received SIGTERM. Terminating subprocesses.
[2025-06-08T18:55:13.897+0000] {process_utils.py:79} INFO - Process psutil.Process(pid=94224, status='terminated', exitcode=0, started='18:52:46') (94224) terminated with exit code 0
