[2025-06-04T20:09:23.632+0000] {taskinstance.py:1956} INFO - Dependencies all met for dep_context=non-requeueable deps ti=<TaskInstance: schema_evolution_framework.run_schema_evolution manual__2025-06-04T20:08:54+00:00 [queued]>
[2025-06-04T20:09:23.638+0000] {taskinstance.py:1956} INFO - Dependencies all met for dep_context=requeueable deps ti=<TaskInstance: schema_evolution_framework.run_schema_evolution manual__2025-06-04T20:08:54+00:00 [queued]>
[2025-06-04T20:09:23.639+0000] {taskinstance.py:2170} INFO - Starting attempt 1 of 2
[2025-06-04T20:09:23.650+0000] {taskinstance.py:2191} INFO - Executing <Task(BashOperator): run_schema_evolution> on 2025-06-04 20:08:54+00:00
[2025-06-04T20:09:23.654+0000] {standard_task_runner.py:60} INFO - Started process 5667 to run task
[2025-06-04T20:09:23.657+0000] {standard_task_runner.py:87} INFO - Running: ['airflow', 'tasks', 'run', 'schema_evolution_framework', 'run_schema_evolution', 'manual__2025-06-04T20:08:54+00:00', '--job-id', '67', '--raw', '--subdir', 'DAGS_FOLDER/schema_drift/schema_drift.py', '--cfg-path', '/tmp/tmpvpntxgu1']
[2025-06-04T20:09:23.658+0000] {standard_task_runner.py:88} INFO - Job 67: Subtask run_schema_evolution
[2025-06-04T20:09:23.677+0000] {logging_mixin.py:188} WARNING - /home/airflow/.local/lib/python3.10/site-packages/airflow/settings.py:194 DeprecationWarning: The sql_alchemy_conn option in [core] has been moved to the sql_alchemy_conn option in [database] - the old setting has been used, but please update your config.
[2025-06-04T20:09:23.718+0000] {task_command.py:423} INFO - Running <TaskInstance: schema_evolution_framework.run_schema_evolution manual__2025-06-04T20:08:54+00:00 [running]> on host d21a88c59131
[2025-06-04T20:09:23.810+0000] {taskinstance.py:2480} INFO - Exporting env vars: AIRFLOW_CTX_DAG_OWNER='airflow' AIRFLOW_CTX_DAG_ID='schema_evolution_framework' AIRFLOW_CTX_TASK_ID='run_schema_evolution' AIRFLOW_CTX_EXECUTION_DATE='2025-06-04T20:08:54+00:00' AIRFLOW_CTX_TRY_NUMBER='1' AIRFLOW_CTX_DAG_RUN_ID='manual__2025-06-04T20:08:54+00:00'
[2025-06-04T20:09:23.811+0000] {subprocess.py:63} INFO - Tmp dir root location: /tmp
[2025-06-04T20:09:23.811+0000] {subprocess.py:75} INFO - Running command: ['/usr/bin/bash', '-c', 'spark-submit /opt/airflow/scripts/pyspark_jobs/schema_evolution.py --region asia --table customers --load_date 2025-06-04']
[2025-06-04T20:09:23.820+0000] {subprocess.py:86} INFO - Output:
[2025-06-04T20:09:26.122+0000] {subprocess.py:93} INFO - 25/06/04 20:09:26 INFO SparkContext: Running Spark version 3.5.6
[2025-06-04T20:09:26.124+0000] {subprocess.py:93} INFO - 25/06/04 20:09:26 INFO SparkContext: OS info Linux, 6.11.0-26-generic, amd64
[2025-06-04T20:09:26.124+0000] {subprocess.py:93} INFO - 25/06/04 20:09:26 INFO SparkContext: Java version 11.0.24
[2025-06-04T20:09:26.166+0000] {subprocess.py:93} INFO - 25/06/04 20:09:26 WARN NativeCodeLoader: Unable to load native-hadoop library for your platform... using builtin-java classes where applicable
[2025-06-04T20:09:26.240+0000] {subprocess.py:93} INFO - 25/06/04 20:09:26 INFO ResourceUtils: ==============================================================
[2025-06-04T20:09:26.241+0000] {subprocess.py:93} INFO - 25/06/04 20:09:26 INFO ResourceUtils: No custom resources configured for spark.driver.
[2025-06-04T20:09:26.241+0000] {subprocess.py:93} INFO - 25/06/04 20:09:26 INFO ResourceUtils: ==============================================================
[2025-06-04T20:09:26.241+0000] {subprocess.py:93} INFO - 25/06/04 20:09:26 INFO SparkContext: Submitted application: Schema Evolution Framework
[2025-06-04T20:09:26.263+0000] {subprocess.py:93} INFO - 25/06/04 20:09:26 INFO ResourceProfile: Default ResourceProfile created, executor resources: Map(cores -> name: cores, amount: 1, script: , vendor: , memory -> name: memory, amount: 1024, script: , vendor: , offHeap -> name: offHeap, amount: 0, script: , vendor: ), task resources: Map(cpus -> name: cpus, amount: 1.0)
[2025-06-04T20:09:26.275+0000] {subprocess.py:93} INFO - 25/06/04 20:09:26 INFO ResourceProfile: Limiting resource is cpu
[2025-06-04T20:09:26.276+0000] {subprocess.py:93} INFO - 25/06/04 20:09:26 INFO ResourceProfileManager: Added ResourceProfile id: 0
[2025-06-04T20:09:26.339+0000] {subprocess.py:93} INFO - 25/06/04 20:09:26 INFO SecurityManager: Changing view acls to: airflow
[2025-06-04T20:09:26.339+0000] {subprocess.py:93} INFO - 25/06/04 20:09:26 INFO SecurityManager: Changing modify acls to: airflow
[2025-06-04T20:09:26.340+0000] {subprocess.py:93} INFO - 25/06/04 20:09:26 INFO SecurityManager: Changing view acls groups to:
[2025-06-04T20:09:26.340+0000] {subprocess.py:93} INFO - 25/06/04 20:09:26 INFO SecurityManager: Changing modify acls groups to:
[2025-06-04T20:09:26.341+0000] {subprocess.py:93} INFO - 25/06/04 20:09:26 INFO SecurityManager: SecurityManager: authentication disabled; ui acls disabled; users with view permissions: airflow; groups with view permissions: EMPTY; users with modify permissions: airflow; groups with modify permissions: EMPTY
[2025-06-04T20:09:26.540+0000] {subprocess.py:93} INFO - 25/06/04 20:09:26 INFO Utils: Successfully started service 'sparkDriver' on port 43903.
[2025-06-04T20:09:26.561+0000] {subprocess.py:93} INFO - 25/06/04 20:09:26 INFO SparkEnv: Registering MapOutputTracker
[2025-06-04T20:09:26.588+0000] {subprocess.py:93} INFO - 25/06/04 20:09:26 INFO SparkEnv: Registering BlockManagerMaster
[2025-06-04T20:09:26.604+0000] {subprocess.py:93} INFO - 25/06/04 20:09:26 INFO BlockManagerMasterEndpoint: Using org.apache.spark.storage.DefaultTopologyMapper for getting topology information
[2025-06-04T20:09:26.604+0000] {subprocess.py:93} INFO - 25/06/04 20:09:26 INFO BlockManagerMasterEndpoint: BlockManagerMasterEndpoint up
[2025-06-04T20:09:26.607+0000] {subprocess.py:93} INFO - 25/06/04 20:09:26 INFO SparkEnv: Registering BlockManagerMasterHeartbeat
[2025-06-04T20:09:26.625+0000] {subprocess.py:93} INFO - 25/06/04 20:09:26 INFO DiskBlockManager: Created local directory at /tmp/blockmgr-854e7270-16f4-4385-8eb5-7b3ff9d53092
[2025-06-04T20:09:26.636+0000] {subprocess.py:93} INFO - 25/06/04 20:09:26 INFO MemoryStore: MemoryStore started with capacity 434.4 MiB
[2025-06-04T20:09:26.648+0000] {subprocess.py:93} INFO - 25/06/04 20:09:26 INFO SparkEnv: Registering OutputCommitCoordinator
[2025-06-04T20:09:26.771+0000] {subprocess.py:93} INFO - 25/06/04 20:09:26 INFO JettyUtils: Start Jetty 0.0.0.0:4040 for SparkUI
[2025-06-04T20:09:26.833+0000] {subprocess.py:93} INFO - 25/06/04 20:09:26 INFO Utils: Successfully started service 'SparkUI' on port 4040.
[2025-06-04T20:09:26.966+0000] {subprocess.py:93} INFO - 25/06/04 20:09:26 INFO Executor: Starting executor ID driver on host d21a88c59131
[2025-06-04T20:09:26.966+0000] {subprocess.py:93} INFO - 25/06/04 20:09:26 INFO Executor: OS info Linux, 6.11.0-26-generic, amd64
[2025-06-04T20:09:26.967+0000] {subprocess.py:93} INFO - 25/06/04 20:09:26 INFO Executor: Java version 11.0.24
[2025-06-04T20:09:26.973+0000] {subprocess.py:93} INFO - 25/06/04 20:09:26 INFO Executor: Starting executor with user classpath (userClassPathFirst = false): ''
[2025-06-04T20:09:26.973+0000] {subprocess.py:93} INFO - 25/06/04 20:09:26 INFO Executor: Created or updated repl class loader org.apache.spark.util.MutableURLClassLoader@b35acde for default.
[2025-06-04T20:09:26.991+0000] {subprocess.py:93} INFO - 25/06/04 20:09:26 INFO Utils: Successfully started service 'org.apache.spark.network.netty.NettyBlockTransferService' on port 33625.
[2025-06-04T20:09:26.992+0000] {subprocess.py:93} INFO - 25/06/04 20:09:26 INFO NettyBlockTransferService: Server created on d21a88c59131:33625
[2025-06-04T20:09:26.993+0000] {subprocess.py:93} INFO - 25/06/04 20:09:26 INFO BlockManager: Using org.apache.spark.storage.RandomBlockReplicationPolicy for block replication policy
[2025-06-04T20:09:27.000+0000] {subprocess.py:93} INFO - 25/06/04 20:09:27 INFO BlockManagerMaster: Registering BlockManager BlockManagerId(driver, d21a88c59131, 33625, None)
[2025-06-04T20:09:27.003+0000] {subprocess.py:93} INFO - 25/06/04 20:09:27 INFO BlockManagerMasterEndpoint: Registering block manager d21a88c59131:33625 with 434.4 MiB RAM, BlockManagerId(driver, d21a88c59131, 33625, None)
[2025-06-04T20:09:27.005+0000] {subprocess.py:93} INFO - 25/06/04 20:09:27 INFO BlockManagerMaster: Registered BlockManager BlockManagerId(driver, d21a88c59131, 33625, None)
[2025-06-04T20:09:27.006+0000] {subprocess.py:93} INFO - 25/06/04 20:09:27 INFO BlockManager: Initialized BlockManager: BlockManagerId(driver, d21a88c59131, 33625, None)
[2025-06-04T20:09:27.338+0000] {subprocess.py:93} INFO - 25/06/04 20:09:27 INFO SharedState: Setting hive.metastore.warehouse.dir ('null') to the value of spark.sql.warehouse.dir.
[2025-06-04T20:09:27.343+0000] {subprocess.py:93} INFO - 25/06/04 20:09:27 INFO SharedState: Warehouse path is 'file:/tmp/airflowtmpt5vzmk8b/spark-warehouse'.
[2025-06-04T20:09:28.104+0000] {subprocess.py:93} INFO - 25/06/04 20:09:28 INFO InMemoryFileIndex: It took 52 ms to list leaf files for 1 paths.
[2025-06-04T20:09:28.560+0000] {subprocess.py:93} INFO - 25/06/04 20:09:28 INFO SparkContext: Starting job: parquet at NativeMethodAccessorImpl.java:0
[2025-06-04T20:09:28.578+0000] {subprocess.py:93} INFO - 25/06/04 20:09:28 INFO DAGScheduler: Got job 0 (parquet at NativeMethodAccessorImpl.java:0) with 1 output partitions
[2025-06-04T20:09:28.578+0000] {subprocess.py:93} INFO - 25/06/04 20:09:28 INFO DAGScheduler: Final stage: ResultStage 0 (parquet at NativeMethodAccessorImpl.java:0)
[2025-06-04T20:09:28.578+0000] {subprocess.py:93} INFO - 25/06/04 20:09:28 INFO DAGScheduler: Parents of final stage: List()
[2025-06-04T20:09:28.579+0000] {subprocess.py:93} INFO - 25/06/04 20:09:28 INFO DAGScheduler: Missing parents: List()
[2025-06-04T20:09:28.583+0000] {subprocess.py:93} INFO - 25/06/04 20:09:28 INFO DAGScheduler: Submitting ResultStage 0 (MapPartitionsRDD[1] at parquet at NativeMethodAccessorImpl.java:0), which has no missing parents
[2025-06-04T20:09:28.664+0000] {subprocess.py:93} INFO - 25/06/04 20:09:28 INFO MemoryStore: Block broadcast_0 stored as values in memory (estimated size 103.3 KiB, free 434.3 MiB)
[2025-06-04T20:09:28.698+0000] {subprocess.py:93} INFO - 25/06/04 20:09:28 INFO MemoryStore: Block broadcast_0_piece0 stored as bytes in memory (estimated size 37.3 KiB, free 434.3 MiB)
[2025-06-04T20:09:28.700+0000] {subprocess.py:93} INFO - 25/06/04 20:09:28 INFO BlockManagerInfo: Added broadcast_0_piece0 in memory on d21a88c59131:33625 (size: 37.3 KiB, free: 434.4 MiB)
[2025-06-04T20:09:28.706+0000] {subprocess.py:93} INFO - 25/06/04 20:09:28 INFO SparkContext: Created broadcast 0 from broadcast at DAGScheduler.scala:1611
[2025-06-04T20:09:28.729+0000] {subprocess.py:93} INFO - 25/06/04 20:09:28 INFO DAGScheduler: Submitting 1 missing tasks from ResultStage 0 (MapPartitionsRDD[1] at parquet at NativeMethodAccessorImpl.java:0) (first 15 tasks are for partitions Vector(0))
[2025-06-04T20:09:28.730+0000] {subprocess.py:93} INFO - 25/06/04 20:09:28 INFO TaskSchedulerImpl: Adding task set 0.0 with 1 tasks resource profile 0
[2025-06-04T20:09:28.797+0000] {subprocess.py:93} INFO - 25/06/04 20:09:28 INFO TaskSetManager: Starting task 0.0 in stage 0.0 (TID 0) (d21a88c59131, executor driver, partition 0, PROCESS_LOCAL, 9237 bytes)
[2025-06-04T20:09:28.810+0000] {subprocess.py:93} INFO - 25/06/04 20:09:28 INFO Executor: Running task 0.0 in stage 0.0 (TID 0)
[2025-06-04T20:09:29.168+0000] {subprocess.py:93} INFO - 25/06/04 20:09:29 INFO Executor: Finished task 0.0 in stage 0.0 (TID 0). 3137 bytes result sent to driver
[2025-06-04T20:09:29.177+0000] {subprocess.py:93} INFO - 25/06/04 20:09:29 INFO TaskSetManager: Finished task 0.0 in stage 0.0 (TID 0) in 409 ms on d21a88c59131 (executor driver) (1/1)
[2025-06-04T20:09:29.178+0000] {subprocess.py:93} INFO - 25/06/04 20:09:29 INFO TaskSchedulerImpl: Removed TaskSet 0.0, whose tasks have all completed, from pool
[2025-06-04T20:09:29.182+0000] {subprocess.py:93} INFO - 25/06/04 20:09:29 INFO DAGScheduler: ResultStage 0 (parquet at NativeMethodAccessorImpl.java:0) finished in 0.577 s
[2025-06-04T20:09:29.184+0000] {subprocess.py:93} INFO - 25/06/04 20:09:29 INFO DAGScheduler: Job 0 is finished. Cancelling potential speculative or zombie tasks for this job
[2025-06-04T20:09:29.184+0000] {subprocess.py:93} INFO - 25/06/04 20:09:29 INFO TaskSchedulerImpl: Killing all running tasks in stage 0: Stage finished
[2025-06-04T20:09:29.186+0000] {subprocess.py:93} INFO - 25/06/04 20:09:29 INFO DAGScheduler: Job 0 finished: parquet at NativeMethodAccessorImpl.java:0, took 0.625432 s
[2025-06-04T20:09:29.714+0000] {subprocess.py:93} INFO - 25/06/04 20:09:29 INFO BlockManagerInfo: Removed broadcast_0_piece0 on d21a88c59131:33625 in memory (size: 37.3 KiB, free: 434.4 MiB)
[2025-06-04T20:09:29.980+0000] {subprocess.py:93} INFO - Schema evolution detected for customers. Updated to version 3.
[2025-06-04T20:09:31.114+0000] {subprocess.py:93} INFO - 25/06/04 20:09:31 INFO FileSourceStrategy: Pushed Filters:
[2025-06-04T20:09:31.115+0000] {subprocess.py:93} INFO - 25/06/04 20:09:31 INFO FileSourceStrategy: Post-Scan Filters:
[2025-06-04T20:09:31.215+0000] {subprocess.py:93} INFO - 25/06/04 20:09:31 INFO ParquetUtils: Using default output committer for Parquet: org.apache.parquet.hadoop.ParquetOutputCommitter
[2025-06-04T20:09:31.228+0000] {subprocess.py:93} INFO - 25/06/04 20:09:31 INFO FileOutputCommitter: File Output Committer Algorithm version is 1
[2025-06-04T20:09:31.228+0000] {subprocess.py:93} INFO - 25/06/04 20:09:31 INFO FileOutputCommitter: FileOutputCommitter skip cleanup _temporary folders under output directory:false, ignore cleanup failures: false
[2025-06-04T20:09:31.229+0000] {subprocess.py:93} INFO - 25/06/04 20:09:31 INFO SQLHadoopMapReduceCommitProtocol: Using user defined output committer class org.apache.parquet.hadoop.ParquetOutputCommitter
[2025-06-04T20:09:31.229+0000] {subprocess.py:93} INFO - 25/06/04 20:09:31 INFO FileOutputCommitter: File Output Committer Algorithm version is 1
[2025-06-04T20:09:31.229+0000] {subprocess.py:93} INFO - 25/06/04 20:09:31 INFO FileOutputCommitter: FileOutputCommitter skip cleanup _temporary folders under output directory:false, ignore cleanup failures: false
[2025-06-04T20:09:31.230+0000] {subprocess.py:93} INFO - 25/06/04 20:09:31 INFO SQLHadoopMapReduceCommitProtocol: Using output committer class org.apache.parquet.hadoop.ParquetOutputCommitter
[2025-06-04T20:09:31.614+0000] {subprocess.py:93} INFO - 25/06/04 20:09:31 INFO CodeGenerator: Code generated in 306.040331 ms
[2025-06-04T20:09:31.628+0000] {subprocess.py:93} INFO - 25/06/04 20:09:31 INFO MemoryStore: Block broadcast_1 stored as values in memory (estimated size 203.9 KiB, free 434.2 MiB)
[2025-06-04T20:09:31.645+0000] {subprocess.py:93} INFO - 25/06/04 20:09:31 INFO MemoryStore: Block broadcast_1_piece0 stored as bytes in memory (estimated size 35.7 KiB, free 434.2 MiB)
[2025-06-04T20:09:31.645+0000] {subprocess.py:93} INFO - 25/06/04 20:09:31 INFO BlockManagerInfo: Added broadcast_1_piece0 in memory on d21a88c59131:33625 (size: 35.7 KiB, free: 434.4 MiB)
[2025-06-04T20:09:31.646+0000] {subprocess.py:93} INFO - 25/06/04 20:09:31 INFO SparkContext: Created broadcast 1 from parquet at NativeMethodAccessorImpl.java:0
[2025-06-04T20:09:31.666+0000] {subprocess.py:93} INFO - 25/06/04 20:09:31 INFO FileSourceScanExec: Planning scan with bin packing, max size: 4194304 bytes, open cost is considered as scanning 4194304 bytes.
[2025-06-04T20:09:31.759+0000] {subprocess.py:93} INFO - 25/06/04 20:09:31 INFO SparkContext: Starting job: parquet at NativeMethodAccessorImpl.java:0
[2025-06-04T20:09:31.760+0000] {subprocess.py:93} INFO - 25/06/04 20:09:31 INFO DAGScheduler: Got job 1 (parquet at NativeMethodAccessorImpl.java:0) with 1 output partitions
[2025-06-04T20:09:31.761+0000] {subprocess.py:93} INFO - 25/06/04 20:09:31 INFO DAGScheduler: Final stage: ResultStage 1 (parquet at NativeMethodAccessorImpl.java:0)
[2025-06-04T20:09:31.761+0000] {subprocess.py:93} INFO - 25/06/04 20:09:31 INFO DAGScheduler: Parents of final stage: List()
[2025-06-04T20:09:31.761+0000] {subprocess.py:93} INFO - 25/06/04 20:09:31 INFO DAGScheduler: Missing parents: List()
[2025-06-04T20:09:31.762+0000] {subprocess.py:93} INFO - 25/06/04 20:09:31 INFO DAGScheduler: Submitting ResultStage 1 (MapPartitionsRDD[5] at parquet at NativeMethodAccessorImpl.java:0), which has no missing parents
[2025-06-04T20:09:31.798+0000] {subprocess.py:93} INFO - 25/06/04 20:09:31 INFO MemoryStore: Block broadcast_2 stored as values in memory (estimated size 242.4 KiB, free 433.9 MiB)
[2025-06-04T20:09:31.803+0000] {subprocess.py:93} INFO - 25/06/04 20:09:31 INFO MemoryStore: Block broadcast_2_piece0 stored as bytes in memory (estimated size 86.9 KiB, free 433.8 MiB)
[2025-06-04T20:09:31.804+0000] {subprocess.py:93} INFO - 25/06/04 20:09:31 INFO BlockManagerInfo: Added broadcast_2_piece0 in memory on d21a88c59131:33625 (size: 86.9 KiB, free: 434.3 MiB)
[2025-06-04T20:09:31.805+0000] {subprocess.py:93} INFO - 25/06/04 20:09:31 INFO SparkContext: Created broadcast 2 from broadcast at DAGScheduler.scala:1611
[2025-06-04T20:09:31.806+0000] {subprocess.py:93} INFO - 25/06/04 20:09:31 INFO DAGScheduler: Submitting 1 missing tasks from ResultStage 1 (MapPartitionsRDD[5] at parquet at NativeMethodAccessorImpl.java:0) (first 15 tasks are for partitions Vector(0))
[2025-06-04T20:09:31.806+0000] {subprocess.py:93} INFO - 25/06/04 20:09:31 INFO TaskSchedulerImpl: Adding task set 1.0 with 1 tasks resource profile 0
[2025-06-04T20:09:31.810+0000] {subprocess.py:93} INFO - 25/06/04 20:09:31 INFO TaskSetManager: Starting task 0.0 in stage 1.0 (TID 1) (d21a88c59131, executor driver, partition 0, PROCESS_LOCAL, 9707 bytes)
[2025-06-04T20:09:31.811+0000] {subprocess.py:93} INFO - 25/06/04 20:09:31 INFO Executor: Running task 0.0 in stage 1.0 (TID 1)
[2025-06-04T20:09:31.955+0000] {subprocess.py:93} INFO - 25/06/04 20:09:31 INFO CodeGenerator: Code generated in 63.472823 ms
[2025-06-04T20:09:31.983+0000] {subprocess.py:93} INFO - 25/06/04 20:09:31 INFO CodeGenerator: Code generated in 16.248533 ms
[2025-06-04T20:09:32.005+0000] {subprocess.py:93} INFO - 25/06/04 20:09:32 INFO CodeGenerator: Code generated in 10.815361 ms
[2025-06-04T20:09:32.016+0000] {subprocess.py:93} INFO - 25/06/04 20:09:32 INFO FileOutputCommitter: File Output Committer Algorithm version is 1
[2025-06-04T20:09:32.016+0000] {subprocess.py:93} INFO - 25/06/04 20:09:32 INFO FileOutputCommitter: FileOutputCommitter skip cleanup _temporary folders under output directory:false, ignore cleanup failures: false
[2025-06-04T20:09:32.017+0000] {subprocess.py:93} INFO - 25/06/04 20:09:32 INFO SQLHadoopMapReduceCommitProtocol: Using user defined output committer class org.apache.parquet.hadoop.ParquetOutputCommitter
[2025-06-04T20:09:32.017+0000] {subprocess.py:93} INFO - 25/06/04 20:09:32 INFO FileOutputCommitter: File Output Committer Algorithm version is 1
[2025-06-04T20:09:32.017+0000] {subprocess.py:93} INFO - 25/06/04 20:09:32 INFO FileOutputCommitter: FileOutputCommitter skip cleanup _temporary folders under output directory:false, ignore cleanup failures: false
[2025-06-04T20:09:32.017+0000] {subprocess.py:93} INFO - 25/06/04 20:09:32 INFO SQLHadoopMapReduceCommitProtocol: Using output committer class org.apache.parquet.hadoop.ParquetOutputCommitter
[2025-06-04T20:09:32.048+0000] {subprocess.py:93} INFO - 25/06/04 20:09:32 INFO CodeGenerator: Code generated in 18.205366 ms
[2025-06-04T20:09:32.051+0000] {subprocess.py:93} INFO - 25/06/04 20:09:32 INFO FileScanRDD: Reading File path: file:///opt/airflow/data/raw/region=asia/table=customers/load_date=2025-06-04/part-00000-9906fe87-fe5b-4533-8ad4-29bf0dc3e6ce-c000.snappy.parquet, range: 0-4510, partition values: [empty row]
[2025-06-04T20:09:32.167+0000] {subprocess.py:93} INFO - 25/06/04 20:09:32 INFO CodecPool: Got brand-new decompressor [.snappy]
[2025-06-04T20:09:32.346+0000] {subprocess.py:93} INFO - 25/06/04 20:09:32 INFO CodeGenerator: Code generated in 5.615938 ms
[2025-06-04T20:09:32.381+0000] {subprocess.py:93} INFO - 25/06/04 20:09:32 INFO CodeGenerator: Code generated in 19.525249 ms
[2025-06-04T20:09:32.390+0000] {subprocess.py:93} INFO - 25/06/04 20:09:32 INFO CodecConfig: Compression: SNAPPY
[2025-06-04T20:09:32.393+0000] {subprocess.py:93} INFO - 25/06/04 20:09:32 INFO CodecConfig: Compression: SNAPPY
[2025-06-04T20:09:32.409+0000] {subprocess.py:93} INFO - 25/06/04 20:09:32 INFO ParquetOutputFormat: ParquetRecordWriter [block size: 134217728b, row group padding size: 8388608b, validating: false]
[2025-06-04T20:09:32.419+0000] {subprocess.py:93} INFO - 25/06/04 20:09:32 INFO ParquetWriteSupport: Initialized Parquet WriteSupport with Catalyst schema:
[2025-06-04T20:09:32.419+0000] {subprocess.py:93} INFO - {
[2025-06-04T20:09:32.419+0000] {subprocess.py:93} INFO -   "type" : "struct",
[2025-06-04T20:09:32.420+0000] {subprocess.py:93} INFO -   "fields" : [ {
[2025-06-04T20:09:32.420+0000] {subprocess.py:93} INFO -     "name" : "cust_id",
[2025-06-04T20:09:32.420+0000] {subprocess.py:93} INFO -     "type" : "integer",
[2025-06-04T20:09:32.420+0000] {subprocess.py:93} INFO -     "nullable" : true,
[2025-06-04T20:09:32.420+0000] {subprocess.py:93} INFO -     "metadata" : {
[2025-06-04T20:09:32.421+0000] {subprocess.py:93} INFO -       "isSigned" : true,
[2025-06-04T20:09:32.421+0000] {subprocess.py:93} INFO -       "scale" : 0
[2025-06-04T20:09:32.421+0000] {subprocess.py:93} INFO -     }
[2025-06-04T20:09:32.421+0000] {subprocess.py:93} INFO -   }, {
[2025-06-04T20:09:32.422+0000] {subprocess.py:93} INFO -     "name" : "email",
[2025-06-04T20:09:32.422+0000] {subprocess.py:93} INFO -     "type" : "string",
[2025-06-04T20:09:32.422+0000] {subprocess.py:93} INFO -     "nullable" : true,
[2025-06-04T20:09:32.422+0000] {subprocess.py:93} INFO -     "metadata" : {
[2025-06-04T20:09:32.422+0000] {subprocess.py:93} INFO -       "__CHAR_VARCHAR_TYPE_STRING" : "varchar(255)",
[2025-06-04T20:09:32.423+0000] {subprocess.py:93} INFO -       "isSigned" : false,
[2025-06-04T20:09:32.423+0000] {subprocess.py:93} INFO -       "scale" : 0
[2025-06-04T20:09:32.423+0000] {subprocess.py:93} INFO -     }
[2025-06-04T20:09:32.423+0000] {subprocess.py:93} INFO -   }, {
[2025-06-04T20:09:32.424+0000] {subprocess.py:93} INFO -     "name" : "fname",
[2025-06-04T20:09:32.424+0000] {subprocess.py:93} INFO -     "type" : "string",
[2025-06-04T20:09:32.424+0000] {subprocess.py:93} INFO -     "nullable" : true,
[2025-06-04T20:09:32.424+0000] {subprocess.py:93} INFO -     "metadata" : {
[2025-06-04T20:09:32.424+0000] {subprocess.py:93} INFO -       "__CHAR_VARCHAR_TYPE_STRING" : "varchar(100)",
[2025-06-04T20:09:32.425+0000] {subprocess.py:93} INFO -       "isSigned" : false,
[2025-06-04T20:09:32.425+0000] {subprocess.py:93} INFO -       "scale" : 0
[2025-06-04T20:09:32.425+0000] {subprocess.py:93} INFO -     }
[2025-06-04T20:09:32.425+0000] {subprocess.py:93} INFO -   }, {
[2025-06-04T20:09:32.425+0000] {subprocess.py:93} INFO -     "name" : "lname",
[2025-06-04T20:09:32.425+0000] {subprocess.py:93} INFO -     "type" : "string",
[2025-06-04T20:09:32.425+0000] {subprocess.py:93} INFO -     "nullable" : true,
[2025-06-04T20:09:32.426+0000] {subprocess.py:93} INFO -     "metadata" : {
[2025-06-04T20:09:32.426+0000] {subprocess.py:93} INFO -       "__CHAR_VARCHAR_TYPE_STRING" : "varchar(100)",
[2025-06-04T20:09:32.426+0000] {subprocess.py:93} INFO -       "isSigned" : false,
[2025-06-04T20:09:32.426+0000] {subprocess.py:93} INFO -       "scale" : 0
[2025-06-04T20:09:32.426+0000] {subprocess.py:93} INFO -     }
[2025-06-04T20:09:32.426+0000] {subprocess.py:93} INFO -   }, {
[2025-06-04T20:09:32.426+0000] {subprocess.py:93} INFO -     "name" : "phone",
[2025-06-04T20:09:32.427+0000] {subprocess.py:93} INFO -     "type" : "string",
[2025-06-04T20:09:32.427+0000] {subprocess.py:93} INFO -     "nullable" : true,
[2025-06-04T20:09:32.427+0000] {subprocess.py:93} INFO -     "metadata" : {
[2025-06-04T20:09:32.427+0000] {subprocess.py:93} INFO -       "__CHAR_VARCHAR_TYPE_STRING" : "varchar(50)",
[2025-06-04T20:09:32.427+0000] {subprocess.py:93} INFO -       "isSigned" : false,
[2025-06-04T20:09:32.427+0000] {subprocess.py:93} INFO -       "scale" : 0
[2025-06-04T20:09:32.428+0000] {subprocess.py:93} INFO -     }
[2025-06-04T20:09:32.428+0000] {subprocess.py:93} INFO -   }, {
[2025-06-04T20:09:32.428+0000] {subprocess.py:93} INFO -     "name" : "birth_date",
[2025-06-04T20:09:32.428+0000] {subprocess.py:93} INFO -     "type" : "date",
[2025-06-04T20:09:32.428+0000] {subprocess.py:93} INFO -     "nullable" : true,
[2025-06-04T20:09:32.428+0000] {subprocess.py:93} INFO -     "metadata" : {
[2025-06-04T20:09:32.429+0000] {subprocess.py:93} INFO -       "isSigned" : false,
[2025-06-04T20:09:32.429+0000] {subprocess.py:93} INFO -       "scale" : 0
[2025-06-04T20:09:32.429+0000] {subprocess.py:93} INFO -     }
[2025-06-04T20:09:32.429+0000] {subprocess.py:93} INFO -   }, {
[2025-06-04T20:09:32.429+0000] {subprocess.py:93} INFO -     "name" : "sex",
[2025-06-04T20:09:32.429+0000] {subprocess.py:93} INFO -     "type" : "string",
[2025-06-04T20:09:32.429+0000] {subprocess.py:93} INFO -     "nullable" : true,
[2025-06-04T20:09:32.430+0000] {subprocess.py:93} INFO -     "metadata" : {
[2025-06-04T20:09:32.430+0000] {subprocess.py:93} INFO -       "__CHAR_VARCHAR_TYPE_STRING" : "varchar(20)",
[2025-06-04T20:09:32.430+0000] {subprocess.py:93} INFO -       "isSigned" : false,
[2025-06-04T20:09:32.430+0000] {subprocess.py:93} INFO -       "scale" : 0
[2025-06-04T20:09:32.430+0000] {subprocess.py:93} INFO -     }
[2025-06-04T20:09:32.430+0000] {subprocess.py:93} INFO -   }, {
[2025-06-04T20:09:32.431+0000] {subprocess.py:93} INFO -     "name" : "reg_date",
[2025-06-04T20:09:32.431+0000] {subprocess.py:93} INFO -     "type" : "timestamp",
[2025-06-04T20:09:32.431+0000] {subprocess.py:93} INFO -     "nullable" : true,
[2025-06-04T20:09:32.431+0000] {subprocess.py:93} INFO -     "metadata" : {
[2025-06-04T20:09:32.431+0000] {subprocess.py:93} INFO -       "isSigned" : false,
[2025-06-04T20:09:32.431+0000] {subprocess.py:93} INFO -       "scale" : 6
[2025-06-04T20:09:32.432+0000] {subprocess.py:93} INFO -     }
[2025-06-04T20:09:32.432+0000] {subprocess.py:93} INFO -   }, {
[2025-06-04T20:09:32.432+0000] {subprocess.py:93} INFO -     "name" : "login_time",
[2025-06-04T20:09:32.432+0000] {subprocess.py:93} INFO -     "type" : "timestamp",
[2025-06-04T20:09:32.432+0000] {subprocess.py:93} INFO -     "nullable" : true,
[2025-06-04T20:09:32.432+0000] {subprocess.py:93} INFO -     "metadata" : {
[2025-06-04T20:09:32.432+0000] {subprocess.py:93} INFO -       "isSigned" : false,
[2025-06-04T20:09:32.433+0000] {subprocess.py:93} INFO -       "scale" : 6
[2025-06-04T20:09:32.433+0000] {subprocess.py:93} INFO -     }
[2025-06-04T20:09:32.433+0000] {subprocess.py:93} INFO -   }, {
[2025-06-04T20:09:32.433+0000] {subprocess.py:93} INFO -     "name" : "segment",
[2025-06-04T20:09:32.433+0000] {subprocess.py:93} INFO -     "type" : "string",
[2025-06-04T20:09:32.433+0000] {subprocess.py:93} INFO -     "nullable" : true,
[2025-06-04T20:09:32.433+0000] {subprocess.py:93} INFO -     "metadata" : {
[2025-06-04T20:09:32.434+0000] {subprocess.py:93} INFO -       "__CHAR_VARCHAR_TYPE_STRING" : "varchar(50)",
[2025-06-04T20:09:32.434+0000] {subprocess.py:93} INFO -       "isSigned" : false,
[2025-06-04T20:09:32.434+0000] {subprocess.py:93} INFO -       "scale" : 0
[2025-06-04T20:09:32.434+0000] {subprocess.py:93} INFO -     }
[2025-06-04T20:09:32.434+0000] {subprocess.py:93} INFO -   }, {
[2025-06-04T20:09:32.434+0000] {subprocess.py:93} INFO -     "name" : "source",
[2025-06-04T20:09:32.435+0000] {subprocess.py:93} INFO -     "type" : "string",
[2025-06-04T20:09:32.435+0000] {subprocess.py:93} INFO -     "nullable" : true,
[2025-06-04T20:09:32.435+0000] {subprocess.py:93} INFO -     "metadata" : {
[2025-06-04T20:09:32.435+0000] {subprocess.py:93} INFO -       "__CHAR_VARCHAR_TYPE_STRING" : "varchar(100)",
[2025-06-04T20:09:32.435+0000] {subprocess.py:93} INFO -       "isSigned" : false,
[2025-06-04T20:09:32.435+0000] {subprocess.py:93} INFO -       "scale" : 0
[2025-06-04T20:09:32.436+0000] {subprocess.py:93} INFO -     }
[2025-06-04T20:09:32.436+0000] {subprocess.py:93} INFO -   }, {
[2025-06-04T20:09:32.436+0000] {subprocess.py:93} INFO -     "name" : "created",
[2025-06-04T20:09:32.436+0000] {subprocess.py:93} INFO -     "type" : "timestamp",
[2025-06-04T20:09:32.436+0000] {subprocess.py:93} INFO -     "nullable" : true,
[2025-06-04T20:09:32.436+0000] {subprocess.py:93} INFO -     "metadata" : {
[2025-06-04T20:09:32.436+0000] {subprocess.py:93} INFO -       "isSigned" : false,
[2025-06-04T20:09:32.437+0000] {subprocess.py:93} INFO -       "scale" : 6
[2025-06-04T20:09:32.437+0000] {subprocess.py:93} INFO -     }
[2025-06-04T20:09:32.437+0000] {subprocess.py:93} INFO -   }, {
[2025-06-04T20:09:32.437+0000] {subprocess.py:93} INFO -     "name" : "_region",
[2025-06-04T20:09:32.437+0000] {subprocess.py:93} INFO -     "type" : "string",
[2025-06-04T20:09:32.437+0000] {subprocess.py:93} INFO -     "nullable" : true,
[2025-06-04T20:09:32.438+0000] {subprocess.py:93} INFO -     "metadata" : { }
[2025-06-04T20:09:32.438+0000] {subprocess.py:93} INFO -   }, {
[2025-06-04T20:09:32.438+0000] {subprocess.py:93} INFO -     "name" : "_source",
[2025-06-04T20:09:32.439+0000] {subprocess.py:93} INFO -     "type" : "string",
[2025-06-04T20:09:32.439+0000] {subprocess.py:93} INFO -     "nullable" : true,
[2025-06-04T20:09:32.439+0000] {subprocess.py:93} INFO -     "metadata" : { }
[2025-06-04T20:09:32.439+0000] {subprocess.py:93} INFO -   }, {
[2025-06-04T20:09:32.439+0000] {subprocess.py:93} INFO -     "name" : "id",
[2025-06-04T20:09:32.440+0000] {subprocess.py:93} INFO -     "type" : "integer",
[2025-06-04T20:09:32.440+0000] {subprocess.py:93} INFO -     "nullable" : true,
[2025-06-04T20:09:32.440+0000] {subprocess.py:93} INFO -     "metadata" : { }
[2025-06-04T20:09:32.440+0000] {subprocess.py:93} INFO -   }, {
[2025-06-04T20:09:32.440+0000] {subprocess.py:93} INFO -     "name" : "name",
[2025-06-04T20:09:32.440+0000] {subprocess.py:93} INFO -     "type" : "string",
[2025-06-04T20:09:32.441+0000] {subprocess.py:93} INFO -     "nullable" : true,
[2025-06-04T20:09:32.441+0000] {subprocess.py:93} INFO -     "metadata" : { }
[2025-06-04T20:09:32.441+0000] {subprocess.py:93} INFO -   }, {
[2025-06-04T20:09:32.441+0000] {subprocess.py:93} INFO -     "name" : "salary",
[2025-06-04T20:09:32.441+0000] {subprocess.py:93} INFO -     "type" : "integer",
[2025-06-04T20:09:32.441+0000] {subprocess.py:93} INFO -     "nullable" : true,
[2025-06-04T20:09:32.441+0000] {subprocess.py:93} INFO -     "metadata" : { }
[2025-06-04T20:09:32.442+0000] {subprocess.py:93} INFO -   }, {
[2025-06-04T20:09:32.442+0000] {subprocess.py:93} INFO -     "name" : "processing_timestamp",
[2025-06-04T20:09:32.442+0000] {subprocess.py:93} INFO -     "type" : "timestamp",
[2025-06-04T20:09:32.442+0000] {subprocess.py:93} INFO -     "nullable" : false,
[2025-06-04T20:09:32.442+0000] {subprocess.py:93} INFO -     "metadata" : { }
[2025-06-04T20:09:32.442+0000] {subprocess.py:93} INFO -   } ]
[2025-06-04T20:09:32.443+0000] {subprocess.py:93} INFO - }
[2025-06-04T20:09:32.443+0000] {subprocess.py:93} INFO - and corresponding Parquet message type:
[2025-06-04T20:09:32.443+0000] {subprocess.py:93} INFO - message spark_schema {
[2025-06-04T20:09:32.443+0000] {subprocess.py:93} INFO -   optional int32 cust_id;
[2025-06-04T20:09:32.443+0000] {subprocess.py:93} INFO -   optional binary email (STRING);
[2025-06-04T20:09:32.443+0000] {subprocess.py:93} INFO -   optional binary fname (STRING);
[2025-06-04T20:09:32.444+0000] {subprocess.py:93} INFO -   optional binary lname (STRING);
[2025-06-04T20:09:32.444+0000] {subprocess.py:93} INFO -   optional binary phone (STRING);
[2025-06-04T20:09:32.444+0000] {subprocess.py:93} INFO -   optional int32 birth_date (DATE);
[2025-06-04T20:09:32.444+0000] {subprocess.py:93} INFO -   optional binary sex (STRING);
[2025-06-04T20:09:32.444+0000] {subprocess.py:93} INFO -   optional int96 reg_date;
[2025-06-04T20:09:32.444+0000] {subprocess.py:93} INFO -   optional int96 login_time;
[2025-06-04T20:09:32.444+0000] {subprocess.py:93} INFO -   optional binary segment (STRING);
[2025-06-04T20:09:32.445+0000] {subprocess.py:93} INFO -   optional binary source (STRING);
[2025-06-04T20:09:32.445+0000] {subprocess.py:93} INFO -   optional int96 created;
[2025-06-04T20:09:32.445+0000] {subprocess.py:93} INFO -   optional binary _region (STRING);
[2025-06-04T20:09:32.445+0000] {subprocess.py:93} INFO -   optional binary _source (STRING);
[2025-06-04T20:09:32.445+0000] {subprocess.py:93} INFO -   optional int32 id;
[2025-06-04T20:09:32.445+0000] {subprocess.py:93} INFO -   optional binary name (STRING);
[2025-06-04T20:09:32.446+0000] {subprocess.py:93} INFO -   optional int32 salary;
[2025-06-04T20:09:32.446+0000] {subprocess.py:93} INFO -   required int96 processing_timestamp;
[2025-06-04T20:09:32.446+0000] {subprocess.py:93} INFO - }
[2025-06-04T20:09:32.446+0000] {subprocess.py:93} INFO - 
[2025-06-04T20:09:32.446+0000] {subprocess.py:93} INFO - 
[2025-06-04T20:09:32.449+0000] {subprocess.py:93} INFO - 25/06/04 20:09:32 INFO CodecPool: Got brand-new compressor [.snappy]
[2025-06-04T20:09:32.649+0000] {subprocess.py:93} INFO - 25/06/04 20:09:32 INFO FileOutputCommitter: Saved output of task 'attempt_20250604200931931812122300513678_0001_m_000000_1' to file:/opt/airflow/data/processed/table=customers/_temporary/0/task_20250604200931931812122300513678_0001_m_000000
[2025-06-04T20:09:32.650+0000] {subprocess.py:93} INFO - 25/06/04 20:09:32 INFO SparkHadoopMapRedUtil: attempt_20250604200931931812122300513678_0001_m_000000_1: Committed. Elapsed time: 1 ms.
[2025-06-04T20:09:32.661+0000] {subprocess.py:93} INFO - 25/06/04 20:09:32 INFO Executor: Finished task 0.0 in stage 1.0 (TID 1). 3599 bytes result sent to driver
[2025-06-04T20:09:32.663+0000] {subprocess.py:93} INFO - 25/06/04 20:09:32 INFO TaskSetManager: Finished task 0.0 in stage 1.0 (TID 1) in 856 ms on d21a88c59131 (executor driver) (1/1)
[2025-06-04T20:09:32.663+0000] {subprocess.py:93} INFO - 25/06/04 20:09:32 INFO TaskSchedulerImpl: Removed TaskSet 1.0, whose tasks have all completed, from pool
[2025-06-04T20:09:32.664+0000] {subprocess.py:93} INFO - 25/06/04 20:09:32 INFO DAGScheduler: ResultStage 1 (parquet at NativeMethodAccessorImpl.java:0) finished in 0.900 s
[2025-06-04T20:09:32.664+0000] {subprocess.py:93} INFO - 25/06/04 20:09:32 INFO DAGScheduler: Job 1 is finished. Cancelling potential speculative or zombie tasks for this job
[2025-06-04T20:09:32.665+0000] {subprocess.py:93} INFO - 25/06/04 20:09:32 INFO TaskSchedulerImpl: Killing all running tasks in stage 1: Stage finished
[2025-06-04T20:09:32.665+0000] {subprocess.py:93} INFO - 25/06/04 20:09:32 INFO DAGScheduler: Job 1 finished: parquet at NativeMethodAccessorImpl.java:0, took 0.906429 s
[2025-06-04T20:09:32.669+0000] {subprocess.py:93} INFO - 25/06/04 20:09:32 INFO FileFormatWriter: Start to commit write Job 39e35c67-003a-4869-8c4b-1321af9d45c9.
[2025-06-04T20:09:32.684+0000] {subprocess.py:93} INFO - 25/06/04 20:09:32 INFO FileFormatWriter: Write Job 39e35c67-003a-4869-8c4b-1321af9d45c9 committed. Elapsed time: 13 ms.
[2025-06-04T20:09:32.687+0000] {subprocess.py:93} INFO - 25/06/04 20:09:32 INFO FileFormatWriter: Finished processing stats for write job 39e35c67-003a-4869-8c4b-1321af9d45c9.
[2025-06-04T20:09:32.758+0000] {subprocess.py:93} INFO - 25/06/04 20:09:32 INFO FileSourceStrategy: Pushed Filters:
[2025-06-04T20:09:32.758+0000] {subprocess.py:93} INFO - 25/06/04 20:09:32 INFO FileSourceStrategy: Post-Scan Filters:
[2025-06-04T20:09:32.849+0000] {subprocess.py:93} INFO - 25/06/04 20:09:32 INFO CodeGenerator: Code generated in 14.893056 ms
[2025-06-04T20:09:32.857+0000] {subprocess.py:93} INFO - 25/06/04 20:09:32 INFO MemoryStore: Block broadcast_3 stored as values in memory (estimated size 200.9 KiB, free 433.6 MiB)
[2025-06-04T20:09:32.868+0000] {subprocess.py:93} INFO - 25/06/04 20:09:32 INFO MemoryStore: Block broadcast_3_piece0 stored as bytes in memory (estimated size 34.8 KiB, free 433.6 MiB)
[2025-06-04T20:09:32.869+0000] {subprocess.py:93} INFO - 25/06/04 20:09:32 INFO BlockManagerInfo: Added broadcast_3_piece0 in memory on d21a88c59131:33625 (size: 34.8 KiB, free: 434.2 MiB)
[2025-06-04T20:09:32.870+0000] {subprocess.py:93} INFO - 25/06/04 20:09:32 INFO SparkContext: Created broadcast 3 from count at NativeMethodAccessorImpl.java:0
[2025-06-04T20:09:32.871+0000] {subprocess.py:93} INFO - 25/06/04 20:09:32 INFO FileSourceScanExec: Planning scan with bin packing, max size: 4194304 bytes, open cost is considered as scanning 4194304 bytes.
[2025-06-04T20:09:32.892+0000] {subprocess.py:93} INFO - 25/06/04 20:09:32 INFO DAGScheduler: Registering RDD 9 (count at NativeMethodAccessorImpl.java:0) as input to shuffle 0
[2025-06-04T20:09:32.895+0000] {subprocess.py:93} INFO - 25/06/04 20:09:32 INFO DAGScheduler: Got map stage job 2 (count at NativeMethodAccessorImpl.java:0) with 1 output partitions
[2025-06-04T20:09:32.896+0000] {subprocess.py:93} INFO - 25/06/04 20:09:32 INFO DAGScheduler: Final stage: ShuffleMapStage 2 (count at NativeMethodAccessorImpl.java:0)
[2025-06-04T20:09:32.896+0000] {subprocess.py:93} INFO - 25/06/04 20:09:32 INFO DAGScheduler: Parents of final stage: List()
[2025-06-04T20:09:32.897+0000] {subprocess.py:93} INFO - 25/06/04 20:09:32 INFO DAGScheduler: Missing parents: List()
[2025-06-04T20:09:32.898+0000] {subprocess.py:93} INFO - 25/06/04 20:09:32 INFO DAGScheduler: Submitting ShuffleMapStage 2 (MapPartitionsRDD[9] at count at NativeMethodAccessorImpl.java:0), which has no missing parents
[2025-06-04T20:09:32.909+0000] {subprocess.py:93} INFO - 25/06/04 20:09:32 INFO MemoryStore: Block broadcast_4 stored as values in memory (estimated size 17.0 KiB, free 433.6 MiB)
[2025-06-04T20:09:32.910+0000] {subprocess.py:93} INFO - 25/06/04 20:09:32 INFO MemoryStore: Block broadcast_4_piece0 stored as bytes in memory (estimated size 7.8 KiB, free 433.6 MiB)
[2025-06-04T20:09:32.911+0000] {subprocess.py:93} INFO - 25/06/04 20:09:32 INFO BlockManagerInfo: Added broadcast_4_piece0 in memory on d21a88c59131:33625 (size: 7.8 KiB, free: 434.2 MiB)
[2025-06-04T20:09:32.911+0000] {subprocess.py:93} INFO - 25/06/04 20:09:32 INFO SparkContext: Created broadcast 4 from broadcast at DAGScheduler.scala:1611
[2025-06-04T20:09:32.913+0000] {subprocess.py:93} INFO - 25/06/04 20:09:32 INFO DAGScheduler: Submitting 1 missing tasks from ShuffleMapStage 2 (MapPartitionsRDD[9] at count at NativeMethodAccessorImpl.java:0) (first 15 tasks are for partitions Vector(0))
[2025-06-04T20:09:32.913+0000] {subprocess.py:93} INFO - 25/06/04 20:09:32 INFO TaskSchedulerImpl: Adding task set 2.0 with 1 tasks resource profile 0
[2025-06-04T20:09:32.915+0000] {subprocess.py:93} INFO - 25/06/04 20:09:32 INFO TaskSetManager: Starting task 0.0 in stage 2.0 (TID 2) (d21a88c59131, executor driver, partition 0, PROCESS_LOCAL, 9696 bytes)
[2025-06-04T20:09:32.915+0000] {subprocess.py:93} INFO - 25/06/04 20:09:32 INFO Executor: Running task 0.0 in stage 2.0 (TID 2)
[2025-06-04T20:09:32.938+0000] {subprocess.py:93} INFO - 25/06/04 20:09:32 INFO CodeGenerator: Code generated in 8.632963 ms
[2025-06-04T20:09:32.947+0000] {subprocess.py:93} INFO - 25/06/04 20:09:32 INFO FileScanRDD: Reading File path: file:///opt/airflow/data/raw/region=asia/table=customers/load_date=2025-06-04/part-00000-9906fe87-fe5b-4533-8ad4-29bf0dc3e6ce-c000.snappy.parquet, range: 0-4510, partition values: [empty row]
[2025-06-04T20:09:32.981+0000] {subprocess.py:93} INFO - 25/06/04 20:09:32 INFO Executor: Finished task 0.0 in stage 2.0 (TID 2). 2222 bytes result sent to driver
[2025-06-04T20:09:32.984+0000] {subprocess.py:93} INFO - 25/06/04 20:09:32 INFO TaskSetManager: Finished task 0.0 in stage 2.0 (TID 2) in 69 ms on d21a88c59131 (executor driver) (1/1)
[2025-06-04T20:09:32.984+0000] {subprocess.py:93} INFO - 25/06/04 20:09:32 INFO TaskSchedulerImpl: Removed TaskSet 2.0, whose tasks have all completed, from pool
[2025-06-04T20:09:32.986+0000] {subprocess.py:93} INFO - 25/06/04 20:09:32 INFO DAGScheduler: ShuffleMapStage 2 (count at NativeMethodAccessorImpl.java:0) finished in 0.085 s
[2025-06-04T20:09:32.987+0000] {subprocess.py:93} INFO - 25/06/04 20:09:32 INFO DAGScheduler: looking for newly runnable stages
[2025-06-04T20:09:32.988+0000] {subprocess.py:93} INFO - 25/06/04 20:09:32 INFO DAGScheduler: running: Set()
[2025-06-04T20:09:32.988+0000] {subprocess.py:93} INFO - 25/06/04 20:09:32 INFO DAGScheduler: waiting: Set()
[2025-06-04T20:09:32.988+0000] {subprocess.py:93} INFO - 25/06/04 20:09:32 INFO DAGScheduler: failed: Set()
[2025-06-04T20:09:33.011+0000] {subprocess.py:93} INFO - 25/06/04 20:09:33 INFO BlockManagerInfo: Removed broadcast_2_piece0 on d21a88c59131:33625 in memory (size: 86.9 KiB, free: 434.3 MiB)
[2025-06-04T20:09:33.031+0000] {subprocess.py:93} INFO - 25/06/04 20:09:33 INFO CodeGenerator: Code generated in 11.033344 ms
[2025-06-04T20:09:33.064+0000] {subprocess.py:93} INFO - 25/06/04 20:09:33 INFO SparkContext: Starting job: count at NativeMethodAccessorImpl.java:0
[2025-06-04T20:09:33.066+0000] {subprocess.py:93} INFO - 25/06/04 20:09:33 INFO DAGScheduler: Got job 3 (count at NativeMethodAccessorImpl.java:0) with 1 output partitions
[2025-06-04T20:09:33.066+0000] {subprocess.py:93} INFO - 25/06/04 20:09:33 INFO DAGScheduler: Final stage: ResultStage 4 (count at NativeMethodAccessorImpl.java:0)
[2025-06-04T20:09:33.067+0000] {subprocess.py:93} INFO - 25/06/04 20:09:33 INFO DAGScheduler: Parents of final stage: List(ShuffleMapStage 3)
[2025-06-04T20:09:33.067+0000] {subprocess.py:93} INFO - 25/06/04 20:09:33 INFO DAGScheduler: Missing parents: List()
[2025-06-04T20:09:33.068+0000] {subprocess.py:93} INFO - 25/06/04 20:09:33 INFO DAGScheduler: Submitting ResultStage 4 (MapPartitionsRDD[12] at count at NativeMethodAccessorImpl.java:0), which has no missing parents
[2025-06-04T20:09:33.074+0000] {subprocess.py:93} INFO - 25/06/04 20:09:33 INFO MemoryStore: Block broadcast_5 stored as values in memory (estimated size 12.5 KiB, free 433.9 MiB)
[2025-06-04T20:09:33.076+0000] {subprocess.py:93} INFO - 25/06/04 20:09:33 INFO MemoryStore: Block broadcast_5_piece0 stored as bytes in memory (estimated size 5.9 KiB, free 433.9 MiB)
[2025-06-04T20:09:33.076+0000] {subprocess.py:93} INFO - 25/06/04 20:09:33 INFO BlockManagerInfo: Added broadcast_5_piece0 in memory on d21a88c59131:33625 (size: 5.9 KiB, free: 434.3 MiB)
[2025-06-04T20:09:33.077+0000] {subprocess.py:93} INFO - 25/06/04 20:09:33 INFO SparkContext: Created broadcast 5 from broadcast at DAGScheduler.scala:1611
[2025-06-04T20:09:33.077+0000] {subprocess.py:93} INFO - 25/06/04 20:09:33 INFO DAGScheduler: Submitting 1 missing tasks from ResultStage 4 (MapPartitionsRDD[12] at count at NativeMethodAccessorImpl.java:0) (first 15 tasks are for partitions Vector(0))
[2025-06-04T20:09:33.077+0000] {subprocess.py:93} INFO - 25/06/04 20:09:33 INFO TaskSchedulerImpl: Adding task set 4.0 with 1 tasks resource profile 0
[2025-06-04T20:09:33.082+0000] {subprocess.py:93} INFO - 25/06/04 20:09:33 INFO TaskSetManager: Starting task 0.0 in stage 4.0 (TID 3) (d21a88c59131, executor driver, partition 0, NODE_LOCAL, 8999 bytes)
[2025-06-04T20:09:33.083+0000] {subprocess.py:93} INFO - 25/06/04 20:09:33 INFO Executor: Running task 0.0 in stage 4.0 (TID 3)
[2025-06-04T20:09:33.112+0000] {subprocess.py:93} INFO - 25/06/04 20:09:33 INFO ShuffleBlockFetcherIterator: Getting 1 (60.0 B) non-empty blocks including 1 (60.0 B) local and 0 (0.0 B) host-local and 0 (0.0 B) push-merged-local and 0 (0.0 B) remote blocks
[2025-06-04T20:09:33.113+0000] {subprocess.py:93} INFO - 25/06/04 20:09:33 INFO ShuffleBlockFetcherIterator: Started 0 remote fetches in 7 ms
[2025-06-04T20:09:33.127+0000] {subprocess.py:93} INFO - 25/06/04 20:09:33 INFO CodeGenerator: Code generated in 11.121107 ms
[2025-06-04T20:09:33.141+0000] {subprocess.py:93} INFO - 25/06/04 20:09:33 INFO Executor: Finished task 0.0 in stage 4.0 (TID 3). 4038 bytes result sent to driver
[2025-06-04T20:09:33.144+0000] {subprocess.py:93} INFO - 25/06/04 20:09:33 INFO TaskSetManager: Finished task 0.0 in stage 4.0 (TID 3) in 63 ms on d21a88c59131 (executor driver) (1/1)
[2025-06-04T20:09:33.144+0000] {subprocess.py:93} INFO - 25/06/04 20:09:33 INFO TaskSchedulerImpl: Removed TaskSet 4.0, whose tasks have all completed, from pool
[2025-06-04T20:09:33.145+0000] {subprocess.py:93} INFO - 25/06/04 20:09:33 INFO DAGScheduler: ResultStage 4 (count at NativeMethodAccessorImpl.java:0) finished in 0.072 s
[2025-06-04T20:09:33.146+0000] {subprocess.py:93} INFO - 25/06/04 20:09:33 INFO DAGScheduler: Job 3 is finished. Cancelling potential speculative or zombie tasks for this job
[2025-06-04T20:09:33.146+0000] {subprocess.py:93} INFO - 25/06/04 20:09:33 INFO TaskSchedulerImpl: Killing all running tasks in stage 4: Stage finished
[2025-06-04T20:09:33.146+0000] {subprocess.py:93} INFO - 25/06/04 20:09:33 INFO DAGScheduler: Job 3 finished: count at NativeMethodAccessorImpl.java:0, took 0.082181 s
[2025-06-04T20:09:33.150+0000] {subprocess.py:93} INFO - Processing result: {
[2025-06-04T20:09:33.151+0000] {subprocess.py:93} INFO -   "table": "customers",
[2025-06-04T20:09:33.151+0000] {subprocess.py:93} INFO -   "region": "asia",
[2025-06-04T20:09:33.151+0000] {subprocess.py:93} INFO -   "load_date": "2025-06-04",
[2025-06-04T20:09:33.152+0000] {subprocess.py:93} INFO -   "schema_changed": true,
[2025-06-04T20:09:33.152+0000] {subprocess.py:93} INFO -   "record_count": 3
[2025-06-04T20:09:33.152+0000] {subprocess.py:93} INFO - }
[2025-06-04T20:09:33.217+0000] {subprocess.py:93} INFO - 25/06/04 20:09:33 INFO SparkContext: Invoking stop() from shutdown hook
[2025-06-04T20:09:33.218+0000] {subprocess.py:93} INFO - 25/06/04 20:09:33 INFO SparkContext: SparkContext is stopping with exitCode 0.
[2025-06-04T20:09:33.232+0000] {subprocess.py:93} INFO - 25/06/04 20:09:33 INFO SparkUI: Stopped Spark web UI at http://d21a88c59131:4040
[2025-06-04T20:09:33.248+0000] {subprocess.py:93} INFO - 25/06/04 20:09:33 INFO MapOutputTrackerMasterEndpoint: MapOutputTrackerMasterEndpoint stopped!
[2025-06-04T20:09:33.262+0000] {subprocess.py:93} INFO - 25/06/04 20:09:33 INFO MemoryStore: MemoryStore cleared
[2025-06-04T20:09:33.262+0000] {subprocess.py:93} INFO - 25/06/04 20:09:33 INFO BlockManager: BlockManager stopped
[2025-06-04T20:09:33.265+0000] {subprocess.py:93} INFO - 25/06/04 20:09:33 INFO BlockManagerMaster: BlockManagerMaster stopped
[2025-06-04T20:09:33.268+0000] {subprocess.py:93} INFO - 25/06/04 20:09:33 INFO OutputCommitCoordinator$OutputCommitCoordinatorEndpoint: OutputCommitCoordinator stopped!
[2025-06-04T20:09:33.277+0000] {subprocess.py:93} INFO - 25/06/04 20:09:33 INFO SparkContext: Successfully stopped SparkContext
[2025-06-04T20:09:33.277+0000] {subprocess.py:93} INFO - 25/06/04 20:09:33 INFO ShutdownHookManager: Shutdown hook called
[2025-06-04T20:09:33.278+0000] {subprocess.py:93} INFO - 25/06/04 20:09:33 INFO ShutdownHookManager: Deleting directory /tmp/spark-5752ede3-6db0-487f-bb24-54b940e394a2
[2025-06-04T20:09:33.281+0000] {subprocess.py:93} INFO - 25/06/04 20:09:33 INFO ShutdownHookManager: Deleting directory /tmp/spark-39f7ed27-b954-434d-8b93-b3c7637f3e19
[2025-06-04T20:09:33.284+0000] {subprocess.py:93} INFO - 25/06/04 20:09:33 INFO ShutdownHookManager: Deleting directory /tmp/spark-5752ede3-6db0-487f-bb24-54b940e394a2/pyspark-25878982-55e6-4793-ae3a-5743066721ca
[2025-06-04T20:09:33.364+0000] {subprocess.py:97} INFO - Command exited with return code 0
[2025-06-04T20:09:33.430+0000] {taskinstance.py:1138} INFO - Marking task as SUCCESS. dag_id=schema_evolution_framework, task_id=run_schema_evolution, execution_date=20250604T200854, start_date=20250604T200923, end_date=20250604T200933
[2025-06-04T20:09:33.471+0000] {local_task_job_runner.py:234} INFO - Task exited with return code 0
[2025-06-04T20:09:33.497+0000] {taskinstance.py:3280} INFO - 0 downstream tasks scheduled from follow-on schedule check
