[2025-06-08T16:53:12.743+0000] {taskinstance.py:1956} INFO - Dependencies all met for dep_context=non-requeueable deps ti=<TaskInstance: master_transform_parallel_dag.trigger_transform_wishlists manual__2025-06-08T16:53:10.451239+00:00 [queued]>
[2025-06-08T16:53:12.807+0000] {taskinstance.py:1956} INFO - Dependencies all met for dep_context=requeueable deps ti=<TaskInstance: master_transform_parallel_dag.trigger_transform_wishlists manual__2025-06-08T16:53:10.451239+00:00 [queued]>
[2025-06-08T16:53:12.814+0000] {taskinstance.py:2170} INFO - Starting attempt 1 of 1
[2025-06-08T16:53:12.906+0000] {taskinstance.py:2191} INFO - Executing <Task(TriggerDagRunOperator): trigger_transform_wishlists> on 2025-06-08 16:53:10.451239+00:00
[2025-06-08T16:53:12.934+0000] {standard_task_runner.py:60} INFO - Started process 1610 to run task
[2025-06-08T16:53:12.969+0000] {standard_task_runner.py:87} INFO - Running: ['airflow', 'tasks', 'run', 'master_transform_parallel_dag', 'trigger_transform_wishlists', 'manual__2025-06-08T16:53:10.451239+00:00', '--job-id', '542', '--raw', '--subdir', 'DAGS_FOLDER/master_staging.py', '--cfg-path', '/tmp/tmp4luw0q9o']
[2025-06-08T16:53:12.984+0000] {standard_task_runner.py:88} INFO - Job 542: Subtask trigger_transform_wishlists
[2025-06-08T16:53:13.099+0000] {logging_mixin.py:188} WARNING - /home/airflow/.local/lib/python3.10/site-packages/airflow/settings.py:194 DeprecationWarning: The sql_alchemy_conn option in [core] has been moved to the sql_alchemy_conn option in [database] - the old setting has been used, but please update your config.
[2025-06-08T16:53:13.517+0000] {task_command.py:423} INFO - Running <TaskInstance: master_transform_parallel_dag.trigger_transform_wishlists manual__2025-06-08T16:53:10.451239+00:00 [running]> on host ca4d96b31043
[2025-06-08T16:53:14.149+0000] {taskinstance.py:2480} INFO - Exporting env vars: AIRFLOW_CTX_DAG_OWNER='airflow' AIRFLOW_CTX_DAG_ID='master_transform_parallel_dag' AIRFLOW_CTX_TASK_ID='trigger_transform_wishlists' AIRFLOW_CTX_EXECUTION_DATE='2025-06-08T16:53:10.451239+00:00' AIRFLOW_CTX_TRY_NUMBER='1' AIRFLOW_CTX_DAG_RUN_ID='manual__2025-06-08T16:53:10.451239+00:00'
[2025-06-08T16:53:14.346+0000] {taskinstance.py:2698} ERROR - Task failed with exception
Traceback (most recent call last):
  File "/home/airflow/.local/lib/python3.10/site-packages/airflow/models/taskinstance.py", line 433, in _execute_task
    result = execute_callable(context=context, **execute_callable_kwargs)
  File "/home/airflow/.local/lib/python3.10/site-packages/airflow/operators/trigger_dagrun.py", line 165, in execute
    dag_run = trigger_dag(
  File "/home/airflow/.local/lib/python3.10/site-packages/airflow/api/common/trigger_dag.py", line 122, in trigger_dag
    raise DagNotFound(f"Dag id {dag_id} not found in DagModel")
airflow.exceptions.DagNotFound: Dag id transform_wishlists not found in DagModel
[2025-06-08T16:53:14.370+0000] {taskinstance.py:1138} INFO - Marking task as FAILED. dag_id=master_transform_parallel_dag, task_id=trigger_transform_wishlists, execution_date=20250608T165310, start_date=20250608T165312, end_date=20250608T165314
[2025-06-08T16:53:14.478+0000] {standard_task_runner.py:107} ERROR - Failed to execute job 542 for task trigger_transform_wishlists (Dag id transform_wishlists not found in DagModel; 1610)
[2025-06-08T16:53:14.570+0000] {local_task_job_runner.py:234} INFO - Task exited with return code 1
[2025-06-08T16:53:14.730+0000] {taskinstance.py:3280} INFO - 0 downstream tasks scheduled from follow-on schedule check
