[2025-06-08T18:32:13.703+0000] {taskinstance.py:1956} INFO - Dependencies all met for dep_context=non-requeueable deps ti=<TaskInstance: transform_categories.run_transformation_us manual__2025-06-08T00:00:00+00:00 [queued]>
[2025-06-08T18:32:13.720+0000] {taskinstance.py:1956} INFO - Dependencies all met for dep_context=requeueable deps ti=<TaskInstance: transform_categories.run_transformation_us manual__2025-06-08T00:00:00+00:00 [queued]>
[2025-06-08T18:32:13.721+0000] {taskinstance.py:2170} INFO - Starting attempt 1 of 1
[2025-06-08T18:32:13.745+0000] {taskinstance.py:2191} INFO - Executing <Task(_PythonDecoratedOperator): run_transformation_us> on 2025-06-08 00:00:00+00:00
[2025-06-08T18:32:13.753+0000] {standard_task_runner.py:60} INFO - Started process 31314 to run task
[2025-06-08T18:32:13.755+0000] {clientserver.py:543} INFO - Closing down clientserver connection
[2025-06-08T18:32:13.762+0000] {standard_task_runner.py:87} INFO - Running: ['airflow', 'tasks', 'run', 'transform_categories', 'run_transformation_us', 'manual__2025-06-08T00:00:00+00:00', '--job-id', '609', '--raw', '--subdir', 'DAGS_FOLDER/staging/categories_to_staging.py', '--cfg-path', '/tmp/tmpgkbd6m7r']
[2025-06-08T18:32:13.764+0000] {standard_task_runner.py:88} INFO - Job 609: Subtask run_transformation_us
[2025-06-08T18:32:13.798+0000] {logging_mixin.py:188} WARNING - /home/airflow/.local/lib/python3.10/site-packages/airflow/settings.py:194 DeprecationWarning: The sql_alchemy_conn option in [core] has been moved to the sql_alchemy_conn option in [database] - the old setting has been used, but please update your config.
[2025-06-08T18:32:13.891+0000] {task_command.py:423} INFO - Running <TaskInstance: transform_categories.run_transformation_us manual__2025-06-08T00:00:00+00:00 [running]> on host 6ecd1ae3f40b
[2025-06-08T18:32:14.096+0000] {taskinstance.py:2480} INFO - Exporting env vars: AIRFLOW_CTX_DAG_OWNER='airflow' AIRFLOW_CTX_DAG_ID='transform_categories' AIRFLOW_CTX_TASK_ID='run_transformation_us' AIRFLOW_CTX_EXECUTION_DATE='2025-06-08T00:00:00+00:00' AIRFLOW_CTX_TRY_NUMBER='1' AIRFLOW_CTX_DAG_RUN_ID='manual__2025-06-08T00:00:00+00:00'
[2025-06-08T18:32:14.097+0000] {logging_mixin.py:188} INFO - Starting transformation for table: categories in region: us
[2025-06-08T18:32:14.148+0000] {logging_mixin.py:188} INFO - Reading data from: /opt/airflow/data/raw/region=us/table=categories/load_date=2025-06-06/
[2025-06-08T18:32:23.844+0000] {logging_mixin.py:188} INFO - [INFO] Processing 15 records for us
[2025-06-08T18:32:24.384+0000] {logging_mixin.py:188} INFO - Sample transformed data for us:
[2025-06-08T18:32:28.795+0000] {logging_mixin.py:188} INFO - +-----------+---------------+------------------+------------------------+---------+-------------------+-------------------+-------+--------+
|category_id|category_name  |parent_category_id|category_path           |is_active|created_at         |updated_at         |_region|_source |
+-----------+---------------+------------------+------------------------+---------+-------------------+-------------------+-------+--------+
|1          |Electronics    |NULL              |/Electronics            |true     |2025-06-06 08:00:56|2025-06-06 08:00:56|us     |postgres|
|2          |Smartphones    |1                 |/Electronics/Smartphones|true     |2025-06-06 08:00:56|2025-06-06 08:00:56|us     |postgres|
|3          |Laptops        |1                 |/Electronics/Laptops    |true     |2025-06-06 08:00:56|2025-06-06 08:00:56|us     |postgres|
|4          |Gaming Consoles|1                 |/Electronics/Gaming     |true     |2025-06-06 08:00:56|2025-06-06 08:00:56|us     |postgres|
|5          |Clothing       |NULL              |/Clothing               |true     |2025-06-06 08:00:56|2025-06-06 08:00:56|us     |postgres|
+-----------+---------------+------------------+------------------------+---------+-------------------+-------------------+-------+--------+
only showing top 5 rows
[2025-06-08T18:32:28.796+0000] {logging_mixin.py:188} INFO - Writing transformed data to: /opt/airflow/data/staging/categories/region=us/load_date=2025-06-06/
[2025-06-08T18:32:30.205+0000] {logging_mixin.py:188} INFO - Successfully transformed 15 records for us
[2025-06-08T18:34:35.925+0000] {local_task_job_runner.py:302} WARNING - State of this instance has been externally set to failed. Terminating instance.
[2025-06-08T18:34:35.946+0000] {process_utils.py:131} INFO - Sending 15 to group 31314. PIDs of all processes in the group: [31314]
[2025-06-08T18:34:35.946+0000] {process_utils.py:86} INFO - Sending the signal 15 to group 31314
[2025-06-08T18:34:35.947+0000] {taskinstance.py:2450} ERROR - Received SIGTERM. Terminating subprocesses.
[2025-06-08T18:34:36.092+0000] {process_utils.py:79} INFO - Process psutil.Process(pid=31314, status='terminated', exitcode=0, started='18:32:13') (31314) terminated with exit code 0
