[2025-06-09T07:25:37.429+0000] {taskinstance.py:1956} INFO - Dependencies all met for dep_context=non-requeueable deps ti=<TaskInstance: multi_region_processor_7.process_region_asia.process_orders_asia manual__2025-06-09T07:23:36.480089+00:00 [queued]>
[2025-06-09T07:25:37.445+0000] {taskinstance.py:1956} INFO - Dependencies all met for dep_context=requeueable deps ti=<TaskInstance: multi_region_processor_7.process_region_asia.process_orders_asia manual__2025-06-09T07:23:36.480089+00:00 [queued]>
[2025-06-09T07:25:37.445+0000] {taskinstance.py:2170} INFO - Starting attempt 1 of 2
[2025-06-09T07:25:37.464+0000] {taskinstance.py:2191} INFO - Executing <Task(_PythonDecoratedOperator): process_region_asia.process_orders_asia> on 2025-06-09 07:23:36.480089+00:00
[2025-06-09T07:25:37.478+0000] {standard_task_runner.py:60} INFO - Started process 66656 to run task
[2025-06-09T07:25:37.484+0000] {standard_task_runner.py:87} INFO - Running: ['airflow', 'tasks', 'run', 'multi_region_processor_7', 'process_region_asia.process_orders_asia', 'manual__2025-06-09T07:23:36.480089+00:00', '--job-id', '534', '--raw', '--subdir', 'DAGS_FOLDER/master2.py', '--cfg-path', '/tmp/tmp3p8i_78a']
[2025-06-09T07:25:37.487+0000] {standard_task_runner.py:88} INFO - Job 534: Subtask process_region_asia.process_orders_asia
[2025-06-09T07:25:37.521+0000] {logging_mixin.py:188} WARNING - /home/airflow/.local/lib/python3.10/site-packages/airflow/settings.py:194 DeprecationWarning: The sql_alchemy_conn option in [core] has been moved to the sql_alchemy_conn option in [database] - the old setting has been used, but please update your config.
[2025-06-09T07:25:37.604+0000] {task_command.py:423} INFO - Running <TaskInstance: multi_region_processor_7.process_region_asia.process_orders_asia manual__2025-06-09T07:23:36.480089+00:00 [running]> on host afcdbcf38bc0
[2025-06-09T07:25:37.801+0000] {taskinstance.py:2480} INFO - Exporting env vars: AIRFLOW_CTX_DAG_OWNER='data-team' AIRFLOW_CTX_DAG_ID='multi_region_processor_7' AIRFLOW_CTX_TASK_ID='process_region_asia.process_orders_asia' AIRFLOW_CTX_EXECUTION_DATE='2025-06-09T07:23:36.480089+00:00' AIRFLOW_CTX_TRY_NUMBER='1' AIRFLOW_CTX_DAG_RUN_ID='manual__2025-06-09T07:23:36.480089+00:00'
[2025-06-09T07:25:50.153+0000] {logging_mixin.py:188} INFO - Processing orders for region asia
[2025-06-09T07:26:12.671+0000] {logging_mixin.py:188} INFO - +--------+---------------+-----------+------------+-------------------+------------+--------------+-------------------+-------------------+----------------+------------------+-------------------+-----------+-----------+-------------------+-------+--------+
|order_id|order_reference|customer_id|order_status|    order_timestamp|subtotal_usd|tax_amount_jpy|shipping_amount_jpy|discount_amount_jpy|total_amount_jpy|billing_address_id|shipping_address_id|campaign_id|discount_id|         created_at|_region| _source|
+--------+---------------+-----------+------------+-------------------+------------+--------------+-------------------+-------------------+----------------+------------------+-------------------+-----------+-----------+-------------------+-------+--------+
|       1|  JP-ORD-100001|          1|   delivered|2024-03-05 13:30:25|      149800|         14980|               1000|              14980|          150800|                 1|                  2|          1|          1|2024-03-06 09:15:40|   asia|postgres|
|       2|  JP-ORD-100002|          2|     shipped|2024-03-06 00:00:00|        8900|           890|                800|                  0|           10590|                 3|                  3|          2|       NULL|2024/03/07 11:30:15|   asia|postgres|
|       3|  JP-ORD-100003|          3|  processing|2024-03-07 00:00:00|      198000|         19800|                  0|              49500|          168300|                 4|                  5|          3|          3|08-03-2024 13:45:30|   asia|postgres|
|       4|  JP-ORD-100004|          4|   delivered|               NULL|       19800|          1980|               1000|               4950|           17830|                 6|                  6|          4|          4|2024.03.09 15:20:45|   asia|postgres|
|       5|  JP-ORD-100005|          5|   cancelled|2024-09-03 00:00:00|       25000|          2500|                800|                  0|           28300|                 7|                  7|          5|       NULL|10/03/2024 08:40:20|   asia|postgres|
|       6|  JP-ORD-100006|          6|   delivered|2024-03-10 15:15:20|        9800|           980|                500|               1470|            9810|                 8|                  8|          6|          6|2024-03-11 10:15:35|   asia|postgres|
|       7|  JP-ORD-100007|          7|     shipped|2024-03-11 00:00:00|       89000|          8900|               1500|              22250|           77150|                 9|                  9|          7|          7|2024/03/12 12:30:50|   asia|postgres|
|       8|  JP-ORD-100008|          8|  processing|2024-03-12 00:00:00|        4500|           450|                800|                900|            4850|                10|                 10|          8|          8|13-03-2024 14:45:15|   asia|postgres|
|       9|  JP-ORD-100009|          9|   delivered|               NULL|      158000|         15800|                  0|                  0|          173800|                11|                 11|          9|       NULL|2024.03.14 16:20:30|   asia|postgres|
|      10|  JP-ORD-100010|         10|    returned|2024-03-14 00:00:00|       12500|          1250|                500|               1250|           13000|                12|                 12|         10|          9|15/03/2024 09:35:45|   asia|postgres|
+--------+---------------+-----------+------------+-------------------+------------+--------------+-------------------+-------------------+----------------+------------------+-------------------+-----------+-----------+-------------------+-------+--------+
only showing top 10 rows
[2025-06-09T07:26:16.836+0000] {logging_mixin.py:188} INFO - Successfully processed 20 records for orders in asia
[2025-06-09T07:26:17.349+0000] {python.py:201} INFO - Done. Returned value was: {'region': 'asia', 'table': 'orders', 'record_count': 20, 'status': 'success'}
[2025-06-09T07:26:17.423+0000] {taskinstance.py:1138} INFO - Marking task as SUCCESS. dag_id=multi_region_processor_7, task_id=process_region_asia.process_orders_asia, execution_date=20250609T072336, start_date=20250609T072537, end_date=20250609T072617
[2025-06-09T07:26:17.482+0000] {local_task_job_runner.py:234} INFO - Task exited with return code 0
[2025-06-09T07:26:17.591+0000] {taskinstance.py:3280} INFO - 3 downstream tasks scheduled from follow-on schedule check
