[2025-06-09T07:02:54.622+0000] {taskinstance.py:1956} INFO - Dependencies all met for dep_context=non-requeueable deps ti=<TaskInstance: transform_inventory.run_transformation_us manual__2025-06-09T07:02:32.083464+00:00 [queued]>
[2025-06-09T07:02:54.630+0000] {taskinstance.py:1956} INFO - Dependencies all met for dep_context=requeueable deps ti=<TaskInstance: transform_inventory.run_transformation_us manual__2025-06-09T07:02:32.083464+00:00 [queued]>
[2025-06-09T07:02:54.630+0000] {taskinstance.py:2170} INFO - Starting attempt 1 of 1
[2025-06-09T07:02:54.641+0000] {taskinstance.py:2191} INFO - Executing <Task(_PythonDecoratedOperator): run_transformation_us> on 2025-06-09 07:02:32.083464+00:00
[2025-06-09T07:02:54.646+0000] {standard_task_runner.py:60} INFO - Started process 44755 to run task
[2025-06-09T07:02:54.648+0000] {standard_task_runner.py:87} INFO - Running: ['airflow', 'tasks', 'run', 'transform_inventory', 'run_transformation_us', 'manual__2025-06-09T07:02:32.083464+00:00', '--job-id', '446', '--raw', '--subdir', 'DAGS_FOLDER/staging/inventory_to_staging.py', '--cfg-path', '/tmp/tmpr_vww3vq']
[2025-06-09T07:02:54.650+0000] {standard_task_runner.py:88} INFO - Job 446: Subtask run_transformation_us
[2025-06-09T07:02:54.667+0000] {logging_mixin.py:188} WARNING - /home/airflow/.local/lib/python3.10/site-packages/airflow/settings.py:194 DeprecationWarning: The sql_alchemy_conn option in [core] has been moved to the sql_alchemy_conn option in [database] - the old setting has been used, but please update your config.
[2025-06-09T07:02:54.713+0000] {task_command.py:423} INFO - Running <TaskInstance: transform_inventory.run_transformation_us manual__2025-06-09T07:02:32.083464+00:00 [running]> on host afcdbcf38bc0
[2025-06-09T07:02:54.821+0000] {taskinstance.py:2480} INFO - Exporting env vars: AIRFLOW_CTX_DAG_OWNER='airflow' AIRFLOW_CTX_DAG_ID='transform_inventory' AIRFLOW_CTX_TASK_ID='run_transformation_us' AIRFLOW_CTX_EXECUTION_DATE='2025-06-09T07:02:32.083464+00:00' AIRFLOW_CTX_TRY_NUMBER='1' AIRFLOW_CTX_DAG_RUN_ID='manual__2025-06-09T07:02:32.083464+00:00'
[2025-06-09T07:02:54.822+0000] {logging_mixin.py:188} INFO - Starting transformation for table: inventory in region: us
[2025-06-09T07:03:00.929+0000] {logging_mixin.py:188} INFO - Reading data from: /opt/airflow/data/raw/region=us/table=inventory/load_date=2025-06-08/
[2025-06-09T07:03:09.076+0000] {logging_mixin.py:188} INFO - [INFO] Processing 40 records for us
[2025-06-09T07:03:09.493+0000] {logging_mixin.py:188} INFO - Sample transformed data for us:
[2025-06-09T07:03:12.481+0000] {logging_mixin.py:188} INFO - +------------+----------+------------------+------------------+-----------------+-------------+-------------------+-------------------+-------+--------+
|inventory_id|variant_id|warehouse_location|quantity_available|quantity_reserved|reorder_level|last_restocked_at  |updated_at         |_region|_source |
+------------+----------+------------------+------------------+-----------------+-------------+-------------------+-------------------+-------+--------+
|1           |1         |US-WEST-01        |125               |20               |40           |2024-01-15 08:30:00|2025-06-08 19:23:28|us     |postgres|
|2           |2         |US-WEST-01        |85                |15               |25           |2024-01-18 10:15:00|2025-06-08 19:23:28|us     |postgres|
|3           |3         |US-EAST-02        |65                |12               |20           |2024-01-20 14:45:00|2025-06-08 19:23:28|us     |postgres|
|4           |4         |US-CENTRAL-03     |200               |35               |60           |2024-01-22 09:20:00|2025-06-08 19:23:28|us     |postgres|
|5           |5         |US-CENTRAL-03     |150               |25               |50           |2024-01-25 11:30:00|2025-06-08 19:23:28|us     |postgres|
+------------+----------+------------------+------------------+-----------------+-------------+-------------------+-------------------+-------+--------+
only showing top 5 rows
[2025-06-09T07:03:12.482+0000] {logging_mixin.py:188} INFO - Writing transformed data to: /opt/airflow/data/staging/inventory/region=us/load_date=2025-06-08/
[2025-06-09T07:03:13.519+0000] {logging_mixin.py:188} INFO - Successfully transformed 40 records for us
[2025-06-09T07:03:14.175+0000] {logging_mixin.py:188} INFO - Finished transformation for inventory in region us
[2025-06-09T07:03:14.175+0000] {python.py:201} INFO - Done. Returned value was: None
[2025-06-09T07:03:14.204+0000] {taskinstance.py:1138} INFO - Marking task as SUCCESS. dag_id=transform_inventory, task_id=run_transformation_us, execution_date=20250609T070232, start_date=20250609T070254, end_date=20250609T070314
[2025-06-09T07:03:14.256+0000] {local_task_job_runner.py:234} INFO - Task exited with return code 0
[2025-06-09T07:03:14.288+0000] {taskinstance.py:3280} INFO - 0 downstream tasks scheduled from follow-on schedule check
