[2025-06-04T08:10:51.333+0000] {taskinstance.py:1956} INFO - Dependencies all met for dep_context=non-requeueable deps ti=<TaskInstance: store_exchange_rates_to_snowflake.run_exchange_script manual__2025-06-04T08:10:50.505036+00:00 [queued]>
[2025-06-04T08:10:51.342+0000] {taskinstance.py:1956} INFO - Dependencies all met for dep_context=requeueable deps ti=<TaskInstance: store_exchange_rates_to_snowflake.run_exchange_script manual__2025-06-04T08:10:50.505036+00:00 [queued]>
[2025-06-04T08:10:51.342+0000] {taskinstance.py:2170} INFO - Starting attempt 1 of 1
[2025-06-04T08:10:51.362+0000] {taskinstance.py:2191} INFO - Executing <Task(_PythonDecoratedOperator): run_exchange_script> on 2025-06-04 08:10:50.505036+00:00
[2025-06-04T08:10:51.373+0000] {standard_task_runner.py:60} INFO - Started process 607 to run task
[2025-06-04T08:10:51.378+0000] {standard_task_runner.py:87} INFO - Running: ['airflow', 'tasks', 'run', 'store_exchange_rates_to_snowflake', 'run_exchange_script', 'manual__2025-06-04T08:10:50.505036+00:00', '--job-id', '11', '--raw', '--subdir', 'DAGS_FOLDER/asia/curr_exchange_to_snowflake.py', '--cfg-path', '/tmp/tmp4q1uko3d']
[2025-06-04T08:10:51.380+0000] {standard_task_runner.py:88} INFO - Job 11: Subtask run_exchange_script
[2025-06-04T08:10:51.440+0000] {task_command.py:423} INFO - Running <TaskInstance: store_exchange_rates_to_snowflake.run_exchange_script manual__2025-06-04T08:10:50.505036+00:00 [running]> on host bfc87edc9706
[2025-06-04T08:10:51.526+0000] {taskinstance.py:2480} INFO - Exporting env vars: AIRFLOW_CTX_DAG_OWNER='airflow' AIRFLOW_CTX_DAG_ID='store_exchange_rates_to_snowflake' AIRFLOW_CTX_TASK_ID='run_exchange_script' AIRFLOW_CTX_EXECUTION_DATE='2025-06-04T08:10:50.505036+00:00' AIRFLOW_CTX_TRY_NUMBER='1' AIRFLOW_CTX_DAG_RUN_ID='manual__2025-06-04T08:10:50.505036+00:00'
[2025-06-04T08:10:52.651+0000] {taskinstance.py:2698} ERROR - Task failed with exception
Traceback (most recent call last):
  File "/home/airflow/.local/lib/python3.10/site-packages/airflow/models/taskinstance.py", line 433, in _execute_task
    result = execute_callable(context=context, **execute_callable_kwargs)
  File "/home/airflow/.local/lib/python3.10/site-packages/airflow/decorators/base.py", line 241, in execute
    return_value = super().execute(context)
  File "/home/airflow/.local/lib/python3.10/site-packages/airflow/operators/python.py", line 199, in execute
    return_value = self.execute_callable()
  File "/home/airflow/.local/lib/python3.10/site-packages/airflow/operators/python.py", line 216, in execute_callable
    return self.python_callable(*self.op_args, **self.op_kwargs)
  File "/opt/airflow/dags/asia/curr_exchange_to_snowflake.py", line 31, in run_exchange_script
    raise RuntimeError(f"Script failed: {result.stderr}")
RuntimeError: Script failed: Traceback (most recent call last):
  File "/opt/airflow/scripts/pyspark_jobs/exchange_rate.py", line 63, in <module>
    rates = {symbol: get_price(symbol) for symbol in SYMBOLS}
  File "/opt/airflow/scripts/pyspark_jobs/exchange_rate.py", line 63, in <dictcomp>
    rates = {symbol: get_price(symbol) for symbol in SYMBOLS}
  File "/opt/airflow/scripts/pyspark_jobs/exchange_rate.py", line 29, in get_price
    raise Exception(f"Failed to fetch price for {symbol}: {data}")
Exception: Failed to fetch price for EUR/USD: {'code': 401, 'message': '**apikey** parameter is incorrect or not specified. You can get your free API key instantly following this link: https://twelvedata.com/pricing. If you believe that everything is correct, you can contact us at https://twelvedata.com/contact/customer', 'status': 'error'}

[2025-06-04T08:10:52.663+0000] {taskinstance.py:1138} INFO - Marking task as FAILED. dag_id=store_exchange_rates_to_snowflake, task_id=run_exchange_script, execution_date=20250604T081050, start_date=20250604T081051, end_date=20250604T081052
[2025-06-04T08:10:52.673+0000] {standard_task_runner.py:107} ERROR - Failed to execute job 11 for task run_exchange_script (Script failed: Traceback (most recent call last):
  File "/opt/airflow/scripts/pyspark_jobs/exchange_rate.py", line 63, in <module>
    rates = {symbol: get_price(symbol) for symbol in SYMBOLS}
  File "/opt/airflow/scripts/pyspark_jobs/exchange_rate.py", line 63, in <dictcomp>
    rates = {symbol: get_price(symbol) for symbol in SYMBOLS}
  File "/opt/airflow/scripts/pyspark_jobs/exchange_rate.py", line 29, in get_price
    raise Exception(f"Failed to fetch price for {symbol}: {data}")
Exception: Failed to fetch price for EUR/USD: {'code': 401, 'message': '**apikey** parameter is incorrect or not specified. You can get your free API key instantly following this link: https://twelvedata.com/pricing. If you believe that everything is correct, you can contact us at https://twelvedata.com/contact/customer', 'status': 'error'}
; 607)
[2025-06-04T08:10:52.713+0000] {local_task_job_runner.py:234} INFO - Task exited with return code 1
[2025-06-04T08:10:52.731+0000] {taskinstance.py:3280} INFO - 0 downstream tasks scheduled from follow-on schedule check
