[2025-06-03T12:41:18.958+0000] {taskinstance.py:1956} INFO - Dependencies all met for dep_context=non-requeueable deps ti=<TaskInstance: load_parquet_to_snowflake_staging.load_latest_data manual__2025-06-03T12:41:16.339346+00:00 [queued]>
[2025-06-03T12:41:18.971+0000] {taskinstance.py:1956} INFO - Dependencies all met for dep_context=requeueable deps ti=<TaskInstance: load_parquet_to_snowflake_staging.load_latest_data manual__2025-06-03T12:41:16.339346+00:00 [queued]>
[2025-06-03T12:41:18.971+0000] {taskinstance.py:2170} INFO - Starting attempt 1 of 1
[2025-06-03T12:41:19.115+0000] {taskinstance.py:2191} INFO - Executing <Task(_PythonDecoratedOperator): load_latest_data> on 2025-06-03 12:41:16.339346+00:00
[2025-06-03T12:41:19.122+0000] {standard_task_runner.py:60} INFO - Started process 3647 to run task
[2025-06-03T12:41:19.125+0000] {standard_task_runner.py:87} INFO - Running: ['airflow', 'tasks', 'run', 'load_parquet_to_snowflake_staging', 'load_latest_data', 'manual__2025-06-03T12:41:16.339346+00:00', '--job-id', '326', '--raw', '--subdir', 'DAGS_FOLDER/asia/staging_dag.py', '--cfg-path', '/tmp/tmpp19z0hnv']
[2025-06-03T12:41:19.126+0000] {standard_task_runner.py:88} INFO - Job 326: Subtask load_latest_data
[2025-06-03T12:41:20.117+0000] {task_command.py:423} INFO - Running <TaskInstance: load_parquet_to_snowflake_staging.load_latest_data manual__2025-06-03T12:41:16.339346+00:00 [running]> on host fbffe4c27949
[2025-06-03T12:41:20.614+0000] {taskinstance.py:2480} INFO - Exporting env vars: AIRFLOW_CTX_DAG_OWNER='airflow' AIRFLOW_CTX_DAG_ID='load_parquet_to_snowflake_staging' AIRFLOW_CTX_TASK_ID='load_latest_data' AIRFLOW_CTX_EXECUTION_DATE='2025-06-03T12:41:16.339346+00:00' AIRFLOW_CTX_TRY_NUMBER='1' AIRFLOW_CTX_DAG_RUN_ID='manual__2025-06-03T12:41:16.339346+00:00'
[2025-06-03T12:41:20.659+0000] {logging_mixin.py:188} INFO - [INFO] Last loaded timestamp: 2025-06-05 12:08:08.276242
[2025-06-03T12:41:25.565+0000] {logging_mixin.py:188} INFO - [INFO] Reading Parquet from: /opt/airflow/data/raw/region=asia/table=customers/load_date=2025-06-06/
[2025-06-03T12:41:31.138+0000] {logging_mixin.py:188} INFO - +-------+------------------+-----+-----+----------------+----------+---+--------------------+----------+-------+------+--------------------+-------+--------+
|cust_id|             email|fname|lname|           phone|birth_date|sex|            reg_date|login_time|segment|source|             created|_region| _source|
+-------+------------------+-----+-----+----------------+----------+---+--------------------+----------+-------+------+--------------------+-------+--------+
|      7|yamada@example1.jp| Ram2| josh|+81-80-9999-8888|1988-02-14|  M|2025-06-03 12:40:...|      NULL|Regular|Online|2025-06-06 12:08:...|   asia|postgres|
+-------+------------------+-----+-----+----------------+----------+---+--------------------+----------+-------+------+--------------------+-------+--------+
[2025-06-03T12:41:31.138+0000] {logging_mixin.py:188} INFO - [INFO] Number of new records to load: 1
[2025-06-03T12:41:31.139+0000] {logging_mixin.py:188} INFO - [INFO] Writing to Snowflake table: staging.customers
[2025-06-03T12:41:43.425+0000] {crypto.py:82} WARNING - empty cryptography key - values will not be stored encrypted.
[2025-06-03T12:41:43.444+0000] {logging_mixin.py:188} INFO - [INFO] Updated Airflow variable 'last_loaded_timestamp_asia_customers' = 2025-06-06 12:08:08.276
[2025-06-03T12:41:44.961+0000] {python.py:201} INFO - Done. Returned value was: None
[2025-06-03T12:41:44.980+0000] {taskinstance.py:1138} INFO - Marking task as SUCCESS. dag_id=load_parquet_to_snowflake_staging, task_id=load_latest_data, execution_date=20250603T124116, start_date=20250603T124118, end_date=20250603T124144
[2025-06-03T12:41:45.037+0000] {local_task_job_runner.py:234} INFO - Task exited with return code 0
[2025-06-03T12:41:45.056+0000] {taskinstance.py:3280} INFO - 0 downstream tasks scheduled from follow-on schedule check
