[2025-06-11T11:56:59.366+0000] {taskinstance.py:1956} INFO - Dependencies all met for dep_context=non-requeueable deps ti=<TaskInstance: multi_region_transform_staging_v2.process_region_us.process_categories_us manual__2025-06-11T11:54:57.302297+00:00 [queued]>
[2025-06-11T11:56:59.382+0000] {taskinstance.py:1956} INFO - Dependencies all met for dep_context=requeueable deps ti=<TaskInstance: multi_region_transform_staging_v2.process_region_us.process_categories_us manual__2025-06-11T11:54:57.302297+00:00 [queued]>
[2025-06-11T11:56:59.382+0000] {taskinstance.py:2170} INFO - Starting attempt 1 of 2
[2025-06-11T11:56:59.415+0000] {taskinstance.py:2191} INFO - Executing <Task(_PythonDecoratedOperator): process_region_us.process_categories_us> on 2025-06-11 11:54:57.302297+00:00
[2025-06-11T11:56:59.432+0000] {standard_task_runner.py:60} INFO - Started process 23583 to run task
[2025-06-11T11:56:59.432+0000] {clientserver.py:543} INFO - Closing down clientserver connection
[2025-06-11T11:56:59.440+0000] {standard_task_runner.py:87} INFO - Running: ['airflow', 'tasks', 'run', 'multi_region_transform_staging_v2', 'process_region_us.process_categories_us', 'manual__2025-06-11T11:54:57.302297+00:00', '--job-id', '1678', '--raw', '--subdir', 'DAGS_FOLDER/master_dag.py', '--cfg-path', '/tmp/tmp4g830n0y']
[2025-06-11T11:56:59.444+0000] {standard_task_runner.py:88} INFO - Job 1678: Subtask process_region_us.process_categories_us
[2025-06-11T11:56:59.634+0000] {task_command.py:423} INFO - Running <TaskInstance: multi_region_transform_staging_v2.process_region_us.process_categories_us manual__2025-06-11T11:54:57.302297+00:00 [running]> on host 8b0a421f0af7
[2025-06-11T11:56:59.962+0000] {taskinstance.py:2480} INFO - Exporting env vars: AIRFLOW_CTX_DAG_OWNER='data-team' AIRFLOW_CTX_DAG_ID='multi_region_transform_staging_v2' AIRFLOW_CTX_TASK_ID='process_region_us.process_categories_us' AIRFLOW_CTX_EXECUTION_DATE='2025-06-11T11:54:57.302297+00:00' AIRFLOW_CTX_TRY_NUMBER='1' AIRFLOW_CTX_DAG_RUN_ID='manual__2025-06-11T11:54:57.302297+00:00'
[2025-06-11T11:57:00.023+0000] {logging_mixin.py:188} INFO - Processing categories for region us
[2025-06-11T11:57:00.088+0000] {logging_mixin.py:188} INFO - /opt/airflow/data/raw/region=us/table=categories/load_date=2025-06-11
[2025-06-11T11:57:08.374+0000] {logging_mixin.py:188} INFO - Error processing categories for us: An error occurred while calling o41.load.
: org.apache.spark.SparkClassNotFoundException: [DATA_SOURCE_NOT_FOUND] Failed to find the data source: snowflake. Please find packages at `https://spark.apache.org/third-party-projects.html`.
	at org.apache.spark.sql.errors.QueryExecutionErrors$.dataSourceNotFoundError(QueryExecutionErrors.scala:725)
	at org.apache.spark.sql.execution.datasources.DataSource$.lookupDataSource(DataSource.scala:647)
	at org.apache.spark.sql.execution.datasources.DataSource$.lookupDataSourceV2(DataSource.scala:697)
	at org.apache.spark.sql.DataFrameReader.load(DataFrameReader.scala:208)
	at org.apache.spark.sql.DataFrameReader.load(DataFrameReader.scala:172)
	at java.base/jdk.internal.reflect.NativeMethodAccessorImpl.invoke0(Native Method)
	at java.base/jdk.internal.reflect.NativeMethodAccessorImpl.invoke(NativeMethodAccessorImpl.java:62)
	at java.base/jdk.internal.reflect.DelegatingMethodAccessorImpl.invoke(DelegatingMethodAccessorImpl.java:43)
	at java.base/java.lang.reflect.Method.invoke(Method.java:566)
	at py4j.reflection.MethodInvoker.invoke(MethodInvoker.java:244)
	at py4j.reflection.ReflectionEngine.invoke(ReflectionEngine.java:374)
	at py4j.Gateway.invoke(Gateway.java:282)
	at py4j.commands.AbstractCommand.invokeMethod(AbstractCommand.java:132)
	at py4j.commands.CallCommand.execute(CallCommand.java:79)
	at py4j.ClientServerConnection.waitForCommands(ClientServerConnection.java:182)
	at py4j.ClientServerConnection.run(ClientServerConnection.java:106)
	at java.base/java.lang.Thread.run(Thread.java:829)
Caused by: java.lang.ClassNotFoundException: snowflake.DefaultSource
	at java.base/java.net.URLClassLoader.findClass(URLClassLoader.java:476)
	at java.base/java.lang.ClassLoader.loadClass(ClassLoader.java:594)
	at java.base/java.lang.ClassLoader.loadClass(ClassLoader.java:527)
	at org.apache.spark.sql.execution.datasources.DataSource$.$anonfun$lookupDataSource$5(DataSource.scala:633)
	at scala.util.Try$.apply(Try.scala:213)
	at org.apache.spark.sql.execution.datasources.DataSource$.$anonfun$lookupDataSource$4(DataSource.scala:633)
	at scala.util.Failure.orElse(Try.scala:224)
	at org.apache.spark.sql.execution.datasources.DataSource$.lookupDataSource(DataSource.scala:633)
	... 15 more
[2025-06-11T12:01:37.826+0000] {local_task_job_runner.py:302} WARNING - State of this instance has been externally set to failed. Terminating instance.
[2025-06-11T12:01:37.830+0000] {process_utils.py:131} INFO - Sending 15 to group 23583. PIDs of all processes in the group: [23583]
[2025-06-11T12:01:37.830+0000] {process_utils.py:86} INFO - Sending the signal 15 to group 23583
[2025-06-11T12:01:37.831+0000] {taskinstance.py:2450} ERROR - Received SIGTERM. Terminating subprocesses.
[2025-06-11T12:01:37.883+0000] {process_utils.py:79} INFO - Process psutil.Process(pid=23583, status='terminated', exitcode=0, started='11:56:58') (23583) terminated with exit code 0
