[2025-06-08T14:52:42.808+0000] {taskinstance.py:1956} INFO - Dependencies all met for dep_context=non-requeueable deps ti=<TaskInstance: transform_customers_csv.run_transformation_eu scheduled__2025-06-02T00:00:00+00:00 [queued]>
[2025-06-08T14:52:42.848+0000] {taskinstance.py:1956} INFO - Dependencies all met for dep_context=requeueable deps ti=<TaskInstance: transform_customers_csv.run_transformation_eu scheduled__2025-06-02T00:00:00+00:00 [queued]>
[2025-06-08T14:52:42.849+0000] {taskinstance.py:2170} INFO - Starting attempt 1 of 1
[2025-06-08T14:52:42.910+0000] {taskinstance.py:2191} INFO - Executing <Task(_PythonDecoratedOperator): run_transformation_eu> on 2025-06-02 00:00:00+00:00
[2025-06-08T14:52:42.928+0000] {standard_task_runner.py:60} INFO - Started process 25785 to run task
[2025-06-08T14:52:42.940+0000] {standard_task_runner.py:87} INFO - Running: ['airflow', 'tasks', 'run', 'transform_customers_csv', 'run_transformation_eu', 'scheduled__2025-06-02T00:00:00+00:00', '--job-id', '422', '--raw', '--subdir', 'DAGS_FOLDER/staging/customer_to_staging.py', '--cfg-path', '/tmp/tmplh3pa0or']
[2025-06-08T14:52:42.945+0000] {standard_task_runner.py:88} INFO - Job 422: Subtask run_transformation_eu
[2025-06-08T14:52:43.020+0000] {logging_mixin.py:188} WARNING - /home/airflow/.local/lib/python3.10/site-packages/airflow/settings.py:194 DeprecationWarning: The sql_alchemy_conn option in [core] has been moved to the sql_alchemy_conn option in [database] - the old setting has been used, but please update your config.
[2025-06-08T14:52:43.163+0000] {task_command.py:423} INFO - Running <TaskInstance: transform_customers_csv.run_transformation_eu scheduled__2025-06-02T00:00:00+00:00 [running]> on host f7e9b9614623
[2025-06-08T14:52:43.809+0000] {taskinstance.py:2480} INFO - Exporting env vars: AIRFLOW_CTX_DAG_OWNER='airflow' AIRFLOW_CTX_DAG_ID='transform_customers_csv' AIRFLOW_CTX_TASK_ID='run_transformation_eu' AIRFLOW_CTX_EXECUTION_DATE='2025-06-02T00:00:00+00:00' AIRFLOW_CTX_TRY_NUMBER='1' AIRFLOW_CTX_DAG_RUN_ID='scheduled__2025-06-02T00:00:00+00:00'
[2025-06-08T14:52:43.811+0000] {logging_mixin.py:188} INFO - Starting transformation for table: customers in region: eu
[2025-06-08T14:53:12.723+0000] {logging_mixin.py:188} INFO - Reading data from: /opt/airflow/data/raw/region=eu/table=customers/load_date=2025-06-06/
[2025-06-08T14:53:51.284+0000] {logging_mixin.py:188} INFO - [INFO] Processing 25 records for eu
[2025-06-08T14:53:52.466+0000] {local_task_job_runner.py:296} WARNING - DagRun timed out after 1:00:04.361950.
[2025-06-08T14:53:57.220+0000] {logging_mixin.py:188} INFO - Sample transformed data for eu:
[2025-06-08T14:53:57.747+0000] {local_task_job_runner.py:296} WARNING - DagRun timed out after 1:00:09.655362.
[2025-06-08T14:53:57.774+0000] {local_task_job_runner.py:302} WARNING - State of this instance has been externally set to skipped. Terminating instance.
[2025-06-08T14:53:57.879+0000] {process_utils.py:131} INFO - Sending 15 to group 25785. PIDs of all processes in the group: [25812, 25840, 25785]
[2025-06-08T14:53:57.884+0000] {process_utils.py:86} INFO - Sending the signal 15 to group 25785
[2025-06-08T14:53:57.893+0000] {taskinstance.py:2450} ERROR - Received SIGTERM. Terminating subprocesses.
[2025-06-08T14:53:57.901+0000] {clientserver.py:538} INFO - Error while receiving.
Traceback (most recent call last):
  File "/home/airflow/.local/lib/python3.10/site-packages/py4j/clientserver.py", line 511, in send_command
    answer = smart_decode(self.stream.readline()[:-1])
  File "/usr/local/lib/python3.10/socket.py", line 705, in readinto
    return self._sock.recv_into(b)
  File "/home/airflow/.local/lib/python3.10/site-packages/airflow/models/taskinstance.py", line 2452, in signal_handler
    raise AirflowException("Task received SIGTERM signal")
airflow.exceptions.AirflowException: Task received SIGTERM signal
[2025-06-08T14:53:57.912+0000] {clientserver.py:543} INFO - Closing down clientserver connection
[2025-06-08T14:53:57.918+0000] {java_gateway.py:1055} ERROR - Exception while sending command.
Traceback (most recent call last):
  File "/home/airflow/.local/lib/python3.10/site-packages/py4j/clientserver.py", line 511, in send_command
    answer = smart_decode(self.stream.readline()[:-1])
  File "/usr/local/lib/python3.10/socket.py", line 705, in readinto
    return self._sock.recv_into(b)
  File "/home/airflow/.local/lib/python3.10/site-packages/airflow/models/taskinstance.py", line 2452, in signal_handler
    raise AirflowException("Task received SIGTERM signal")
airflow.exceptions.AirflowException: Task received SIGTERM signal

During handling of the above exception, another exception occurred:

Traceback (most recent call last):
  File "/home/airflow/.local/lib/python3.10/site-packages/py4j/java_gateway.py", line 1038, in send_command
    response = connection.send_command(command)
  File "/home/airflow/.local/lib/python3.10/site-packages/py4j/clientserver.py", line 539, in send_command
    raise Py4JNetworkError(
py4j.protocol.Py4JNetworkError: Error while sending or receiving
[2025-06-08T14:53:57.932+0000] {clientserver.py:543} INFO - Closing down clientserver connection
[2025-06-08T14:53:57.939+0000] {logging_mixin.py:188} INFO - Error transforming data for eu: An error occurred while calling o227.showString
[2025-06-08T14:53:59.084+0000] {clientserver.py:538} INFO - Error while receiving.
Traceback (most recent call last):
  File "/opt/airflow/scripts/pyspark_jobs/customer.py", line 68, in transform_customers_table
    raise e
  File "/opt/airflow/scripts/pyspark_jobs/customer.py", line 54, in transform_customers_table
    df_transformed.show(5, truncate=False)
  File "/home/airflow/.local/lib/python3.10/site-packages/pyspark/sql/dataframe.py", line 945, in show
    print(self._show_string(n, truncate, vertical))
  File "/home/airflow/.local/lib/python3.10/site-packages/pyspark/sql/dataframe.py", line 976, in _show_string
    return self._jdf.showString(n, int_truncate, vertical)
  File "/home/airflow/.local/lib/python3.10/site-packages/py4j/java_gateway.py", line 1322, in __call__
    return_value = get_return_value(
  File "/home/airflow/.local/lib/python3.10/site-packages/pyspark/errors/exceptions/captured.py", line 179, in deco
    return f(*a, **kw)
  File "/home/airflow/.local/lib/python3.10/site-packages/py4j/protocol.py", line 334, in get_return_value
    raise Py4JError(
py4j.protocol.Py4JError: An error occurred while calling o227.showString

During handling of the above exception, another exception occurred:

Traceback (most recent call last):
  File "/home/airflow/.local/lib/python3.10/site-packages/py4j/clientserver.py", line 516, in send_command
    raise Py4JNetworkError("Answer from Java side is empty")
py4j.protocol.Py4JNetworkError: Answer from Java side is empty
[2025-06-08T14:53:59.125+0000] {clientserver.py:543} INFO - Closing down clientserver connection
[2025-06-08T14:53:59.134+0000] {java_gateway.py:1055} ERROR - Exception while sending command.
Traceback (most recent call last):
  File "/opt/airflow/scripts/pyspark_jobs/customer.py", line 68, in transform_customers_table
    raise e
  File "/opt/airflow/scripts/pyspark_jobs/customer.py", line 54, in transform_customers_table
    df_transformed.show(5, truncate=False)
  File "/home/airflow/.local/lib/python3.10/site-packages/pyspark/sql/dataframe.py", line 945, in show
    print(self._show_string(n, truncate, vertical))
  File "/home/airflow/.local/lib/python3.10/site-packages/pyspark/sql/dataframe.py", line 976, in _show_string
    return self._jdf.showString(n, int_truncate, vertical)
  File "/home/airflow/.local/lib/python3.10/site-packages/py4j/java_gateway.py", line 1322, in __call__
    return_value = get_return_value(
  File "/home/airflow/.local/lib/python3.10/site-packages/pyspark/errors/exceptions/captured.py", line 179, in deco
    return f(*a, **kw)
  File "/home/airflow/.local/lib/python3.10/site-packages/py4j/protocol.py", line 334, in get_return_value
    raise Py4JError(
py4j.protocol.Py4JError: An error occurred while calling o227.showString

During handling of the above exception, another exception occurred:

Traceback (most recent call last):
  File "/home/airflow/.local/lib/python3.10/site-packages/py4j/clientserver.py", line 516, in send_command
    raise Py4JNetworkError("Answer from Java side is empty")
py4j.protocol.Py4JNetworkError: Answer from Java side is empty

During handling of the above exception, another exception occurred:

Traceback (most recent call last):
  File "/home/airflow/.local/lib/python3.10/site-packages/py4j/java_gateway.py", line 1038, in send_command
    response = connection.send_command(command)
  File "/home/airflow/.local/lib/python3.10/site-packages/py4j/clientserver.py", line 539, in send_command
    raise Py4JNetworkError(
py4j.protocol.Py4JNetworkError: Error while sending or receiving
[2025-06-08T14:53:59.137+0000] {clientserver.py:543} INFO - Closing down clientserver connection
[2025-06-08T14:53:59.199+0000] {logging_mixin.py:188} WARNING - /home/airflow/.local/lib/python3.10/site-packages/pyspark/context.py:657 RuntimeWarning: Unable to cleanly shutdown Spark JVM process. It is possible that the process has crashed, been killed or may also be in a zombie state.
[2025-06-08T14:53:59.296+0000] {clientserver.py:543} INFO - Closing down clientserver connection
[2025-06-08T14:53:59.310+0000] {taskinstance.py:2698} ERROR - Task failed with exception
Traceback (most recent call last):
  File "/opt/airflow/scripts/pyspark_jobs/customer.py", line 68, in transform_customers_table
    raise e
  File "/opt/airflow/scripts/pyspark_jobs/customer.py", line 54, in transform_customers_table
    df_transformed.show(5, truncate=False)
  File "/home/airflow/.local/lib/python3.10/site-packages/pyspark/sql/dataframe.py", line 945, in show
    print(self._show_string(n, truncate, vertical))
  File "/home/airflow/.local/lib/python3.10/site-packages/pyspark/sql/dataframe.py", line 976, in _show_string
    return self._jdf.showString(n, int_truncate, vertical)
  File "/home/airflow/.local/lib/python3.10/site-packages/py4j/java_gateway.py", line 1322, in __call__
    return_value = get_return_value(
  File "/home/airflow/.local/lib/python3.10/site-packages/pyspark/errors/exceptions/captured.py", line 179, in deco
    return f(*a, **kw)
  File "/home/airflow/.local/lib/python3.10/site-packages/py4j/protocol.py", line 334, in get_return_value
    raise Py4JError(
py4j.protocol.Py4JError: An error occurred while calling o227.showString

During handling of the above exception, another exception occurred:

Traceback (most recent call last):
  File "/home/airflow/.local/lib/python3.10/site-packages/airflow/models/taskinstance.py", line 433, in _execute_task
    result = execute_callable(context=context, **execute_callable_kwargs)
  File "/home/airflow/.local/lib/python3.10/site-packages/airflow/decorators/base.py", line 241, in execute
    return_value = super().execute(context)
  File "/home/airflow/.local/lib/python3.10/site-packages/airflow/operators/python.py", line 199, in execute
    return_value = self.execute_callable()
  File "/home/airflow/.local/lib/python3.10/site-packages/airflow/operators/python.py", line 216, in execute_callable
    return self.python_callable(*self.op_args, **self.op_kwargs)
  File "/opt/airflow/dags/staging/customer_to_staging.py", line 91, in run_transformation_eu
    transform_customers_table(
  File "/opt/airflow/scripts/pyspark_jobs/customer.py", line 70, in transform_customers_table
    spark.stop()
  File "/home/airflow/.local/lib/python3.10/site-packages/pyspark/sql/session.py", line 1799, in stop
    self._jvm.SparkSession.clearDefaultSession()
  File "/home/airflow/.local/lib/python3.10/site-packages/py4j/java_gateway.py", line 1712, in __getattr__
    answer = self._gateway_client.send_command(
  File "/home/airflow/.local/lib/python3.10/site-packages/py4j/java_gateway.py", line 1036, in send_command
    connection = self._get_connection()
  File "/home/airflow/.local/lib/python3.10/site-packages/py4j/clientserver.py", line 284, in _get_connection
    connection = self._create_new_connection()
  File "/home/airflow/.local/lib/python3.10/site-packages/py4j/clientserver.py", line 291, in _create_new_connection
    connection.connect_to_java_server()
  File "/home/airflow/.local/lib/python3.10/site-packages/py4j/clientserver.py", line 438, in connect_to_java_server
    self.socket.connect((self.java_address, self.java_port))
ConnectionRefusedError: [Errno 111] Connection refused
[2025-06-08T14:53:59.548+0000] {taskinstance.py:1138} INFO - Marking task as FAILED. dag_id=transform_customers_csv, task_id=run_transformation_eu, execution_date=20250602T000000, start_date=20250608T145242, end_date=20250608T145359
[2025-06-08T14:53:59.621+0000] {process_utils.py:79} INFO - Process psutil.Process(pid=25840, status='terminated', started='14:52:44') (25840) terminated with exit code None
[2025-06-08T14:53:59.748+0000] {standard_task_runner.py:107} ERROR - Failed to execute job 422 for task run_transformation_eu ([Errno 111] Connection refused; 25785)
[2025-06-08T14:53:59.810+0000] {process_utils.py:79} INFO - Process psutil.Process(pid=25785, status='terminated', exitcode=1, started='14:52:42') (25785) terminated with exit code 1
[2025-06-08T14:53:59.812+0000] {process_utils.py:79} INFO - Process psutil.Process(pid=25812, status='terminated', started='14:52:44') (25812) terminated with exit code None
