[2025-06-11T16:11:23.322+0000] {taskinstance.py:1956} INFO - Dependencies all met for dep_context=non-requeueable deps ti=<TaskInstance: multi_region_transform_staging_v2.process_region_asia.process_order_items_asia manual__2025-06-11T16:08:10.701979+00:00 [queued]>
[2025-06-11T16:11:23.350+0000] {taskinstance.py:1956} INFO - Dependencies all met for dep_context=requeueable deps ti=<TaskInstance: multi_region_transform_staging_v2.process_region_asia.process_order_items_asia manual__2025-06-11T16:08:10.701979+00:00 [queued]>
[2025-06-11T16:11:23.352+0000] {taskinstance.py:2170} INFO - Starting attempt 1 of 2
[2025-06-11T16:11:23.397+0000] {taskinstance.py:2191} INFO - Executing <Task(_PythonDecoratedOperator): process_region_asia.process_order_items_asia> on 2025-06-11 16:08:10.701979+00:00
[2025-06-11T16:11:23.413+0000] {standard_task_runner.py:60} INFO - Started process 28619 to run task
[2025-06-11T16:11:23.423+0000] {standard_task_runner.py:87} INFO - Running: ['airflow', 'tasks', 'run', 'multi_region_transform_staging_v2', 'process_region_asia.process_order_items_asia', 'manual__2025-06-11T16:08:10.701979+00:00', '--job-id', '207', '--raw', '--subdir', 'DAGS_FOLDER/master_dag.py', '--cfg-path', '/tmp/tmpm65dbkky']
[2025-06-11T16:11:23.427+0000] {standard_task_runner.py:88} INFO - Job 207: Subtask process_region_asia.process_order_items_asia
[2025-06-11T16:11:23.623+0000] {task_command.py:423} INFO - Running <TaskInstance: multi_region_transform_staging_v2.process_region_asia.process_order_items_asia manual__2025-06-11T16:08:10.701979+00:00 [running]> on host 5950010ae7c1
[2025-06-11T16:11:23.947+0000] {taskinstance.py:2480} INFO - Exporting env vars: AIRFLOW_CTX_DAG_OWNER='data-team' AIRFLOW_CTX_DAG_ID='multi_region_transform_staging_v2' AIRFLOW_CTX_TASK_ID='process_region_asia.process_order_items_asia' AIRFLOW_CTX_EXECUTION_DATE='2025-06-11T16:08:10.701979+00:00' AIRFLOW_CTX_TRY_NUMBER='1' AIRFLOW_CTX_DAG_RUN_ID='manual__2025-06-11T16:08:10.701979+00:00'
[2025-06-11T16:11:36.426+0000] {logging_mixin.py:188} INFO - Debugggg::::Vector(spark://5950010ae7c1:35817/jars/snowflake-jdbc-3.13.17.jar, spark://5950010ae7c1:35817/jars/spark-snowflake_2.12-2.16.0-spark_3.2.jar)
[2025-06-11T16:11:36.427+0000] {logging_mixin.py:188} INFO - Processing order_items for region asia
[2025-06-11T16:11:36.468+0000] {logging_mixin.py:188} INFO - /opt/airflow/data/raw/region=asia/table=order_items/load_date=2025-06-11
[2025-06-11T16:12:06.362+0000] {logging_mixin.py:188} INFO - STAGING_ASIA
[2025-06-11T16:12:09.245+0000] {logging_mixin.py:188} INFO - +-------------+--------+----------+--------+------------------+------------------+-------------------+-------+--------+
|order_item_id|order_id|variant_id|quantity|    unit_price_usd|   total_price_usd|         created_at|_region| _source|
+-------------+--------+----------+--------+------------------+------------------+-------------------+-------+--------+
|            1|       1|         1|       1|           1018.64|           1018.64|2024-03-05 13:35:40|   asia|postgres|
|            2|       2|        11|       1|60.519999999999996|60.519999999999996|2024-03-06 15:50:25|   asia|postgres|
|            3|       3|        14|       1|1346.3999999999999|1346.3999999999999|2024-03-07 08:25:30|   asia|postgres|
|            4|       4|        14|       1|            134.64|            134.64|2024-03-08 10:40:45|   asia|postgres|
|            5|       5|        11|       1|             170.0|             170.0|2024-03-09 12:55:20|   asia|postgres|
|            6|       6|        18|       1|             66.64|             66.64|2024-03-10 15:20:35|   asia|postgres|
|            7|       7|        20|       1| 605.1999999999999| 605.1999999999999|2024-03-11 08:35:50|   asia|postgres|
|            8|       8|        10|       1|30.599999999999998|30.599999999999998|2024-03-12 10:50:15|   asia|postgres|
|            9|       9|         4|       1|1074.3999999999999|1074.3999999999999|2024-03-13 13:15:30|   asia|postgres|
|           10|      10|        16|       1|              85.0|              85.0|2024-03-14 15:30:45|   asia|postgres|
+-------------+--------+----------+--------+------------------+------------------+-------------------+-------+--------+
[2025-06-11T16:12:09.249+0000] {logging_mixin.py:188} INFO - Inserting into snowflake
[2025-06-11T16:12:19.639+0000] {logging_mixin.py:188} INFO - successfully inserted in snowflake
[2025-06-11T16:12:19.671+0000] {crypto.py:82} WARNING - empty cryptography key - values will not be stored encrypted.
[2025-06-11T16:12:20.169+0000] {logging_mixin.py:188} INFO - Successfully processed 10 records for order_items in asia
[2025-06-11T16:12:23.133+0000] {python.py:201} INFO - Done. Returned value was: {'region': 'asia', 'table': 'order_items', 'record_count': 10, 'status': 'success'}
[2025-06-11T16:12:23.226+0000] {taskinstance.py:1138} INFO - Marking task as SUCCESS. dag_id=multi_region_transform_staging_v2, task_id=process_region_asia.process_order_items_asia, execution_date=20250611T160810, start_date=20250611T161123, end_date=20250611T161223
[2025-06-11T16:12:23.364+0000] {local_task_job_runner.py:234} INFO - Task exited with return code 0
[2025-06-11T16:12:23.539+0000] {taskinstance.py:3280} INFO - 1 downstream tasks scheduled from follow-on schedule check
