[2025-06-11T16:09:18.401+0000] {taskinstance.py:1956} INFO - Dependencies all met for dep_context=non-requeueable deps ti=<TaskInstance: multi_region_transform_staging_v2.process_region_asia.process_customer_addresses_asia manual__2025-06-11T16:08:10.701979+00:00 [queued]>
[2025-06-11T16:09:18.423+0000] {taskinstance.py:1956} INFO - Dependencies all met for dep_context=requeueable deps ti=<TaskInstance: multi_region_transform_staging_v2.process_region_asia.process_customer_addresses_asia manual__2025-06-11T16:08:10.701979+00:00 [queued]>
[2025-06-11T16:09:18.424+0000] {taskinstance.py:2170} INFO - Starting attempt 1 of 2
[2025-06-11T16:09:18.456+0000] {taskinstance.py:2191} INFO - Executing <Task(_PythonDecoratedOperator): process_region_asia.process_customer_addresses_asia> on 2025-06-11 16:08:10.701979+00:00
[2025-06-11T16:09:18.471+0000] {standard_task_runner.py:60} INFO - Started process 24968 to run task
[2025-06-11T16:09:18.476+0000] {standard_task_runner.py:87} INFO - Running: ['airflow', 'tasks', 'run', 'multi_region_transform_staging_v2', 'process_region_asia.process_customer_addresses_asia', 'manual__2025-06-11T16:08:10.701979+00:00', '--job-id', '194', '--raw', '--subdir', 'DAGS_FOLDER/master_dag.py', '--cfg-path', '/tmp/tmpl5kov0ch']
[2025-06-11T16:09:18.481+0000] {standard_task_runner.py:88} INFO - Job 194: Subtask process_region_asia.process_customer_addresses_asia
[2025-06-11T16:09:18.638+0000] {task_command.py:423} INFO - Running <TaskInstance: multi_region_transform_staging_v2.process_region_asia.process_customer_addresses_asia manual__2025-06-11T16:08:10.701979+00:00 [running]> on host 5950010ae7c1
[2025-06-11T16:09:18.926+0000] {taskinstance.py:2480} INFO - Exporting env vars: AIRFLOW_CTX_DAG_OWNER='data-team' AIRFLOW_CTX_DAG_ID='multi_region_transform_staging_v2' AIRFLOW_CTX_TASK_ID='process_region_asia.process_customer_addresses_asia' AIRFLOW_CTX_EXECUTION_DATE='2025-06-11T16:08:10.701979+00:00' AIRFLOW_CTX_TRY_NUMBER='1' AIRFLOW_CTX_DAG_RUN_ID='manual__2025-06-11T16:08:10.701979+00:00'
[2025-06-11T16:09:30.442+0000] {logging_mixin.py:188} INFO - Debugggg::::Vector(spark://5950010ae7c1:37979/jars/snowflake-jdbc-3.13.17.jar, spark://5950010ae7c1:37979/jars/spark-snowflake_2.12-2.16.0-spark_3.2.jar)
[2025-06-11T16:09:30.444+0000] {logging_mixin.py:188} INFO - Processing customer_addresses for region asia
[2025-06-11T16:09:30.481+0000] {logging_mixin.py:188} INFO - /opt/airflow/data/raw/region=asia/table=customer_addresses/load_date=2025-06-11
[2025-06-11T16:09:59.631+0000] {logging_mixin.py:188} INFO - STAGING_ASIA
[2025-06-11T16:10:02.872+0000] {logging_mixin.py:188} INFO - +----------+-----------+------------+-----------------+--------+--------+-----------+-------+----------+-------------------+-------+--------+
|address_id|customer_id|address_type|   street_address|    city|  region|postal_code|country|is_default|         created_at|_region| _source|
+----------+-----------+------------+-----------------+--------+--------+-----------+-------+----------+-------------------+-------+--------+
|         1|          1|     Billing|    1-2-3 Chiyoda|   Tokyo|   Tokyo|   100-0001|  Japan|      true|2025-06-11 02:14:04|   asia|postgres|
|         2|          1|    Shipping|     4-5-6 Minato|   Tokyo|   Tokyo|   105-0001|  Japan|     false|2025-06-11 02:14:04|   asia|postgres|
|         3|          2|     Billing|     7-8-9 Naniwa|   Osaka|   Osaka|   556-0001|  Japan|      true|2025-06-11 02:14:04|   asia|postgres|
|         4|          3|     Billing|10-11-12 Nakamura|  Nagoya|   Aichi|   450-0001|  Japan|      true|2025-06-11 02:14:04|   asia|postgres|
|         5|          3|    Shipping| 13-14-15 Higashi|  Nagoya|   Aichi|   461-0001|  Japan|     false|2025-06-11 02:14:04|   asia|postgres|
|         6|          4|     Billing|  16-17-18 Hakata| Fukuoka| Fukuoka|   812-0011|  Japan|      true|2025-06-11 02:14:04|   asia|postgres|
|         7|          5|     Billing|    19-20-21 Chuo| Sapporo|Hokkaido|   060-0001|  Japan|      true|2025-06-11 02:14:04|   asia|postgres|
|         8|          6|     Billing|    22-23-24 Aoba|Yokohama|Kanagawa|   225-0001|  Japan|      true|2025-06-11 02:14:04|   asia|postgres|
|         9|          7|     Billing|   25-26-27 Nishi|    Kobe|   Hyogo|   651-0001|  Japan|      true|2025-06-11 02:14:04|   asia|postgres|
|        10|          8|     Billing|    28-29-30 Kita|   Kyoto|   Kyoto|   603-8001|  Japan|      true|2025-06-11 02:14:04|   asia|postgres|
+----------+-----------+------------+-----------------+--------+--------+-----------+-------+----------+-------------------+-------+--------+
only showing top 10 rows
[2025-06-11T16:10:02.877+0000] {logging_mixin.py:188} INFO - Inserting into snowflake
[2025-06-11T16:10:13.297+0000] {logging_mixin.py:188} INFO - successfully inserted in snowflake
[2025-06-11T16:10:13.308+0000] {crypto.py:82} WARNING - empty cryptography key - values will not be stored encrypted.
[2025-06-11T16:10:13.517+0000] {logging_mixin.py:188} INFO - Successfully processed 27 records for customer_addresses in asia
[2025-06-11T16:10:16.032+0000] {python.py:201} INFO - Done. Returned value was: {'region': 'asia', 'table': 'customer_addresses', 'record_count': 27, 'status': 'success'}
[2025-06-11T16:10:16.067+0000] {taskinstance.py:1138} INFO - Marking task as SUCCESS. dag_id=multi_region_transform_staging_v2, task_id=process_region_asia.process_customer_addresses_asia, execution_date=20250611T160810, start_date=20250611T160918, end_date=20250611T161016
[2025-06-11T16:10:16.109+0000] {local_task_job_runner.py:234} INFO - Task exited with return code 0
[2025-06-11T16:10:16.161+0000] {taskinstance.py:3280} INFO - 0 downstream tasks scheduled from follow-on schedule check
