[2025-06-08T11:55:57.269+0000] {taskinstance.py:1956} INFO - Dependencies all met for dep_context=non-requeueable deps ti=<TaskInstance: transform_customers_csv.run_customer_transform manual__2025-06-08T11:55:48.278835+00:00 [queued]>
[2025-06-08T11:55:57.283+0000] {taskinstance.py:1956} INFO - Dependencies all met for dep_context=requeueable deps ti=<TaskInstance: transform_customers_csv.run_customer_transform manual__2025-06-08T11:55:48.278835+00:00 [queued]>
[2025-06-08T11:55:57.284+0000] {taskinstance.py:2170} INFO - Starting attempt 1 of 1
[2025-06-08T11:55:57.303+0000] {taskinstance.py:2191} INFO - Executing <Task(_PythonDecoratedOperator): run_customer_transform> on 2025-06-08 11:55:48.278835+00:00
[2025-06-08T11:55:57.309+0000] {standard_task_runner.py:60} INFO - Started process 1175 to run task
[2025-06-08T11:55:57.310+0000] {clientserver.py:543} INFO - Closing down clientserver connection
[2025-06-08T11:55:57.315+0000] {standard_task_runner.py:87} INFO - Running: ['airflow', 'tasks', 'run', 'transform_customers_csv', 'run_customer_transform', 'manual__2025-06-08T11:55:48.278835+00:00', '--job-id', '132', '--raw', '--subdir', 'DAGS_FOLDER/asia/load_to_staging.py', '--cfg-path', '/tmp/tmpkuyip9t3']
[2025-06-08T11:55:57.317+0000] {standard_task_runner.py:88} INFO - Job 132: Subtask run_customer_transform
[2025-06-08T11:55:57.339+0000] {logging_mixin.py:188} WARNING - /home/airflow/.local/lib/python3.10/site-packages/airflow/settings.py:194 DeprecationWarning: The sql_alchemy_conn option in [core] has been moved to the sql_alchemy_conn option in [database] - the old setting has been used, but please update your config.
[2025-06-08T11:55:57.393+0000] {task_command.py:423} INFO - Running <TaskInstance: transform_customers_csv.run_customer_transform manual__2025-06-08T11:55:48.278835+00:00 [running]> on host bb0cc6f4f4fc
[2025-06-08T11:55:57.531+0000] {clientserver.py:505} INFO - Error while sending or receiving.
Traceback (most recent call last):
  File "/home/airflow/.local/lib/python3.10/site-packages/py4j/clientserver.py", line 503, in send_command
    self.socket.sendall(command.encode("utf-8"))
ConnectionResetError: [Errno 104] Connection reset by peer
[2025-06-08T11:55:57.532+0000] {clientserver.py:543} INFO - Closing down clientserver connection
[2025-06-08T11:55:57.533+0000] {java_gateway.py:1052} INFO - Exception while sending command.
Traceback (most recent call last):
  File "/home/airflow/.local/lib/python3.10/site-packages/py4j/clientserver.py", line 503, in send_command
    self.socket.sendall(command.encode("utf-8"))
ConnectionResetError: [Errno 104] Connection reset by peer

During handling of the above exception, another exception occurred:

Traceback (most recent call last):
  File "/home/airflow/.local/lib/python3.10/site-packages/py4j/java_gateway.py", line 1038, in send_command
    response = connection.send_command(command)
  File "/home/airflow/.local/lib/python3.10/site-packages/py4j/clientserver.py", line 506, in send_command
    raise Py4JNetworkError(
py4j.protocol.Py4JNetworkError: Error while sending
[2025-06-08T11:55:57.536+0000] {clientserver.py:543} INFO - Closing down clientserver connection
[2025-06-08T11:55:57.546+0000] {taskinstance.py:2480} INFO - Exporting env vars: AIRFLOW_CTX_DAG_OWNER='airflow' AIRFLOW_CTX_DAG_ID='transform_customers_csv' AIRFLOW_CTX_TASK_ID='run_customer_transform' AIRFLOW_CTX_EXECUTION_DATE='2025-06-08T11:55:48.278835+00:00' AIRFLOW_CTX_TRY_NUMBER='1' AIRFLOW_CTX_DAG_RUN_ID='manual__2025-06-08T11:55:48.278835+00:00'
[2025-06-08T12:02:28.556+0000] {local_task_job_runner.py:302} WARNING - State of this instance has been externally set to failed. Terminating instance.
[2025-06-08T12:02:28.561+0000] {process_utils.py:131} INFO - Sending 15 to group 1175. PIDs of all processes in the group: [1175]
[2025-06-08T12:02:28.562+0000] {process_utils.py:86} INFO - Sending the signal 15 to group 1175
[2025-06-08T12:02:28.563+0000] {taskinstance.py:2450} ERROR - Received SIGTERM. Terminating subprocesses.
[2025-06-08T12:02:28.655+0000] {process_utils.py:79} INFO - Process psutil.Process(pid=1175, status='terminated', exitcode=0, started='11:55:57') (1175) terminated with exit code 0
