[2025-06-09T07:28:56.483+0000] {taskinstance.py:1956} INFO - Dependencies all met for dep_context=non-requeueable deps ti=<TaskInstance: multi_region_processor_7.process_region_eu.process_customers_eu manual__2025-06-09T07:28:55.367695+00:00 [queued]>
[2025-06-09T07:28:56.503+0000] {taskinstance.py:1956} INFO - Dependencies all met for dep_context=requeueable deps ti=<TaskInstance: multi_region_processor_7.process_region_eu.process_customers_eu manual__2025-06-09T07:28:55.367695+00:00 [queued]>
[2025-06-09T07:28:56.503+0000] {taskinstance.py:2170} INFO - Starting attempt 1 of 2
[2025-06-09T07:28:56.526+0000] {taskinstance.py:2191} INFO - Executing <Task(_PythonDecoratedOperator): process_region_eu.process_customers_eu> on 2025-06-09 07:28:55.367695+00:00
[2025-06-09T07:28:56.537+0000] {standard_task_runner.py:60} INFO - Started process 72847 to run task
[2025-06-09T07:28:56.541+0000] {standard_task_runner.py:87} INFO - Running: ['airflow', 'tasks', 'run', 'multi_region_processor_7', 'process_region_eu.process_customers_eu', 'manual__2025-06-09T07:28:55.367695+00:00', '--job-id', '558', '--raw', '--subdir', 'DAGS_FOLDER/master2.py', '--cfg-path', '/tmp/tmpxk3yee_t']
[2025-06-09T07:28:56.544+0000] {standard_task_runner.py:88} INFO - Job 558: Subtask process_region_eu.process_customers_eu
[2025-06-09T07:28:56.581+0000] {logging_mixin.py:188} WARNING - /home/airflow/.local/lib/python3.10/site-packages/airflow/settings.py:194 DeprecationWarning: The sql_alchemy_conn option in [core] has been moved to the sql_alchemy_conn option in [database] - the old setting has been used, but please update your config.
[2025-06-09T07:28:56.672+0000] {task_command.py:423} INFO - Running <TaskInstance: multi_region_processor_7.process_region_eu.process_customers_eu manual__2025-06-09T07:28:55.367695+00:00 [running]> on host afcdbcf38bc0
[2025-06-09T07:28:56.863+0000] {taskinstance.py:2480} INFO - Exporting env vars: AIRFLOW_CTX_DAG_OWNER='data-team' AIRFLOW_CTX_DAG_ID='multi_region_processor_7' AIRFLOW_CTX_TASK_ID='process_region_eu.process_customers_eu' AIRFLOW_CTX_EXECUTION_DATE='2025-06-09T07:28:55.367695+00:00' AIRFLOW_CTX_TRY_NUMBER='1' AIRFLOW_CTX_DAG_RUN_ID='manual__2025-06-09T07:28:55.367695+00:00'
[2025-06-09T07:29:09.888+0000] {logging_mixin.py:188} INFO - Processing customers for region eu
[2025-06-09T07:29:35.121+0000] {logging_mixin.py:188} INFO - +-----------+--------------------+----------+---------+-----------------+------------+-------------------+----------+----------------------------------------------------------------------------------------------+----------------+-------------------+--------------------+-------------------+-------------------+-------------------+-------+--------+
|customer_id|               email|first_name|last_name|            phone|country_code|  registration_date|last_login|CASE WHEN (status_code = 1) THEN true WHEN (status_code IN (0, 2, 3)) THEN false ELSE NULL END|customer_segment|  gdpr_consent_date|data_retention_until|acquisition_channel|         created_at|         updated_at|_region| _source|
+-----------+--------------------+----------+---------+-----------------+------------+-------------------+----------+----------------------------------------------------------------------------------------------+----------------+-------------------+--------------------+-------------------+-------------------+-------------------+-------+--------+
|          1|55f537baf75630a85...|      J***|     D***| +49-***-***-5678|          DE|2025-06-08 19:22:57|      NULL|                                                                                          true|         premium|2024-01-15 09:30:00| 2027-01-15 00:00:00|            organic|2025-06-08 19:22:57|2025-06-08 19:22:57|     eu|postgres|
|          2|8384b028d4f6ef2ac...|      M***|     G***| +34-***-***-4567|          ES|2025-06-08 19:22:57|      NULL|                                                                                          true|        standard|2024-01-16 10:45:00| 2027-01-16 00:00:00|       social_media|2025-06-08 19:22:57|2025-06-08 19:22:57|     eu|postgres|
|          3|d9ff2965224667fd5...|      P***|     M***| +33-***-***-8901|          FR|2025-06-08 19:22:57|      NULL|                                                                                          true|      enterprise|2024-01-17 08:20:00| 2027-01-17 00:00:00|           referral|2025-06-08 19:22:57|2025-06-08 19:22:57|     eu|postgres|
|          4|c797cfbb6e65ecf5d...|      A***|     R***| +39-***-***-4321|          IT|2025-06-08 19:22:57|      NULL|                                                                                          true|        standard|2024-01-18 13:15:00| 2027-01-18 00:00:00|           paid_ads|2025-06-08 19:22:57|2025-06-08 19:22:57|     eu|postgres|
|          5|3e8f559f81c2fe033...|      L***|     N***| +45-***-***-3456|          DK|2025-06-08 19:22:57|      NULL|                                                                                          true|         premium|2024-01-19 15:30:00| 2027-01-19 00:00:00|            organic|2025-06-08 19:22:57|2025-06-08 19:22:57|     eu|postgres|
|          6|                NULL|      S***|     D***| +33-***-***-7890|          FR|2025-06-08 19:22:57|      NULL|                                                                                          true|        standard|2024-01-20 11:45:00| 2027-01-20 00:00:00|     email_campaign|2025-06-08 19:22:57|2025-06-08 19:22:57|     eu|postgres|
|          7|                NULL|      H***|     M***| +49-***-***-6543|          DE|2025-06-08 19:22:57|      NULL|                                                                                          true|        standard|2024-01-21 07:30:00| 2027-01-21 00:00:00|            organic|2025-06-08 19:22:57|2025-06-08 19:22:57|     eu|postgres|
|          8|                NULL|      E***|     P***|+359-***-***-4567|          BG|2025-06-08 19:22:57|      NULL|                                                                                          true|         premium|2024-01-22 14:20:00| 2027-01-22 00:00:00|           referral|2025-06-08 19:22:57|2025-06-08 19:22:57|     eu|postgres|
|          9|                NULL|      M***|     B***| +39-***-***-3344|          IT|2025-06-08 19:22:57|      NULL|                                                                                          true|        standard|2024-01-23 10:10:00| 2027-01-23 00:00:00|       social_media|2025-06-08 19:22:57|2025-06-08 19:22:57|     eu|postgres|
|         10|                NULL|      I***|     L***| +46-***-***-6778|          SE|2025-06-08 19:22:57|      NULL|                                                                                          true|      enterprise|2024-01-24 12:55:00| 2027-01-24 00:00:00|           paid_ads|2025-06-08 19:22:57|2025-06-08 19:22:57|     eu|postgres|
+-----------+--------------------+----------+---------+-----------------+------------+-------------------+----------+----------------------------------------------------------------------------------------------+----------------+-------------------+--------------------+-------------------+-------------------+-------------------+-------+--------+
only showing top 10 rows
[2025-06-09T07:29:40.104+0000] {logging_mixin.py:188} INFO - Successfully processed 50 records for customers in eu
[2025-06-09T07:29:41.172+0000] {python.py:201} INFO - Done. Returned value was: {'region': 'eu', 'table': 'customers', 'record_count': 50, 'status': 'success'}
[2025-06-09T07:29:41.245+0000] {taskinstance.py:1138} INFO - Marking task as SUCCESS. dag_id=multi_region_processor_7, task_id=process_region_eu.process_customers_eu, execution_date=20250609T072855, start_date=20250609T072856, end_date=20250609T072941
[2025-06-09T07:29:41.284+0000] {local_task_job_runner.py:234} INFO - Task exited with return code 0
[2025-06-09T07:29:41.366+0000] {taskinstance.py:3280} INFO - 2 downstream tasks scheduled from follow-on schedule check
