[2025-06-11T10:25:14.082+0000] {taskinstance.py:1956} INFO - Dependencies all met for dep_context=non-requeueable deps ti=<TaskInstance: extract_postgres_table_to_parquet.run_extraction_us manual__2025-06-11T10:15:51.745517+00:00 [queued]>
[2025-06-11T10:25:14.094+0000] {taskinstance.py:1956} INFO - Dependencies all met for dep_context=requeueable deps ti=<TaskInstance: extract_postgres_table_to_parquet.run_extraction_us manual__2025-06-11T10:15:51.745517+00:00 [queued]>
[2025-06-11T10:25:14.094+0000] {taskinstance.py:2170} INFO - Starting attempt 1 of 1
[2025-06-11T10:25:14.114+0000] {taskinstance.py:2191} INFO - Executing <Task(_PythonDecoratedOperator): run_extraction_us> on 2025-06-11 10:15:51.745517+00:00
[2025-06-11T10:25:14.122+0000] {standard_task_runner.py:60} INFO - Started process 7704 to run task
[2025-06-11T10:25:14.127+0000] {standard_task_runner.py:87} INFO - Running: ['airflow', 'tasks', 'run', 'extract_postgres_table_to_parquet', 'run_extraction_us', 'manual__2025-06-11T10:15:51.745517+00:00', '--job-id', '1527', '--raw', '--subdir', 'DAGS_FOLDER/asia/landing.py', '--cfg-path', '/tmp/tmpk2dy1kbw']
[2025-06-11T10:25:14.129+0000] {standard_task_runner.py:88} INFO - Job 1527: Subtask run_extraction_us
[2025-06-11T10:25:14.217+0000] {task_command.py:423} INFO - Running <TaskInstance: extract_postgres_table_to_parquet.run_extraction_us manual__2025-06-11T10:15:51.745517+00:00 [running]> on host 0290689661db
[2025-06-11T10:25:14.366+0000] {taskinstance.py:2480} INFO - Exporting env vars: AIRFLOW_CTX_DAG_OWNER='airflow' AIRFLOW_CTX_DAG_ID='extract_postgres_table_to_parquet' AIRFLOW_CTX_TASK_ID='run_extraction_us' AIRFLOW_CTX_EXECUTION_DATE='2025-06-11T10:15:51.745517+00:00' AIRFLOW_CTX_TRY_NUMBER='1' AIRFLOW_CTX_DAG_RUN_ID='manual__2025-06-11T10:15:51.745517+00:00'
[2025-06-11T10:25:14.367+0000] {logging_mixin.py:188} INFO - Starting extraction for table: categories in region: us
[2025-06-11T10:25:14.367+0000] {logging_mixin.py:188} INFO - load_date:::::2025-06-11
[2025-06-11T10:25:39.721+0000] {logging_mixin.py:188} INFO - [INFO] Last loaded timestamp: 2000-01-01 00:00:00.000
[2025-06-11T10:25:46.187+0000] {crypto.py:82} WARNING - empty cryptography key - values will not be stored encrypted.
[2025-06-11T10:25:46.196+0000] {logging_mixin.py:188} INFO - [INFO] Updated Airflow Variable last_extracted_parquet_timestamp_us_categories to 2025-06-11 02:14:19
[2025-06-11T10:25:46.306+0000] {logging_mixin.py:188} INFO - Writing data to /opt/airflow/data/raw/region=us/table=categories/load_date=2025-06-11/
[2025-06-11T10:25:54.309+0000] {logging_mixin.py:188} INFO - +-----------+-----------------+------------------+--------------------+---------+--------------------+--------------------+-------+--------+
|category_id|    category_name|parent_category_id|       category_path|is_active|          created_at|          updated_at|_region| _source|
+-----------+-----------------+------------------+--------------------+---------+--------------------+--------------------+-------+--------+
|          1|      Electronics|              NULL|        /Electronics|     true|2025-06-11 02:14:...|2025-06-11 02:14:...|     us|postgres|
|          2|      SMARTPHONES|                 1|/Electronics/Smar...|     true|2025-06-11 02:14:...|2025-06-11 02:14:...|     us|postgres|
|          3|          laptops|                 1|/Electronics/Laptops|     true|2025-06-11 02:14:...|2025-06-11 02:14:...|     us|postgres|
|          4|  Gaming Consoles|                 1| /Electronics/Gaming|     true|2025-06-11 02:14:...|2025-06-11 02:14:...|     us|postgres|
|          5|         CLOTHING|              NULL|           /Clothing|     true|2025-06-11 02:14:...|2025-06-11 02:14:...|     us|postgres|
|          6|     mens apparel|                 5|      /Clothing/Mens|     true|2025-06-11 02:14:...|2025-06-11 02:14:...|     us|postgres|
|          7|   WOMENS APPAREL|                 5|    /Clothing/Womens|     true|2025-06-11 02:14:...|2025-06-11 02:14:...|     us|postgres|
|          8|    Home & Garden|              NULL|        /Home-Garden|     true|2025-06-11 02:14:...|2025-06-11 02:14:...|     us|postgres|
|          9|        furniture|                 8|/Home-Garden/Furn...|     true|2025-06-11 02:14:...|2025-06-11 02:14:...|     us|postgres|
|         10|            BOOKS|              NULL|              /Books|     true|2025-06-11 02:14:...|2025-06-11 02:14:...|     us|postgres|
|         11|  health & beauty|              NULL|      /Health-Beauty|     true|2025-06-11 02:14:...|2025-06-11 02:14:...|     us|postgres|
|         12|Sports & Outdoors|              NULL|             /Sports|     true|2025-06-11 02:14:...|2025-06-11 02:14:...|     us|postgres|
|         13|       automotive|              NULL|         /Automotive|    false|2025-06-11 02:14:...|2025-06-11 02:14:...|     us|postgres|
|         14|     TOYS & GAMES|              NULL|               /Toys|     true|2025-06-11 02:14:...|2025-06-11 02:14:...|     us|postgres|
|         15|jewelry & watches|              NULL|            /Jewelry|     true|2025-06-11 02:14:...|2025-06-11 02:14:...|     us|postgres|
+-----------+-----------------+------------------+--------------------+---------+--------------------+--------------------+-------+--------+
[2025-06-11T10:25:54.942+0000] {logging_mixin.py:188} INFO - Finished extraction for categories
[2025-06-11T10:25:54.945+0000] {logging_mixin.py:188} INFO - Starting extraction for table: products in region: us
[2025-06-11T10:25:54.946+0000] {logging_mixin.py:188} INFO - load_date:::::2025-06-11
[2025-06-11T10:25:58.738+0000] {logging_mixin.py:188} INFO - [INFO] Last loaded timestamp: 2000-01-01 00:00:00.000
[2025-06-11T10:26:01.139+0000] {logging_mixin.py:188} INFO - [INFO] Updated Airflow Variable last_extracted_parquet_timestamp_us_products to 2025-06-11 02:14:19
[2025-06-11T10:26:01.242+0000] {logging_mixin.py:188} INFO - Writing data to /opt/airflow/data/raw/region=us/table=products/load_date=2025-06-11/
[2025-06-11T10:26:03.409+0000] {logging_mixin.py:188} INFO - +----------+------------+--------------------+--------------------+-----------+--------------+--------------+----------+-------------------+---------+--------------------+--------------------+-------+--------+
|product_id|product_code|        product_name| product_description|category_id|base_price_usd|cost_price_usd|weight_lbs|  dimensions_inches|is_active|          created_at|          updated_at|_region| _source|
+----------+------------+--------------------+--------------------+-----------+--------------+--------------+----------+-------------------+---------+--------------------+--------------------+-------+--------+
|         1|   PRD-12001|       iPhone 15 Pro|Latest Apple smar...|          2|        999.99|        650.00|     0.487|   6.1 x 3.0 x 0.33|     true|2025-06-11 02:14:...|2025-06-11 02:14:...|     us|postgres|
|         2|   PRD-12002|      MACBOOK AIR M2|Apple MacBook Air...|          3|       1199.99|        800.00|     2.700|11.97 x 8.36 x 0.44|     true|2025-06-11 02:14:...|2025-06-11 02:14:...|     us|postgres|
|         3|   PRD-12003|       playstation 5|Sony PlayStation ...|          4|        499.99|        350.00|     9.900|  15.4 x 10.2 x 4.1|     true|2025-06-11 02:14:...|2025-06-11 02:14:...|     us|postgres|
|         4|   PRD-12004|      Cotton T-Shirt|Premium 100% cott...|          6|         24.99|          8.00|     0.440|        28 x 20 x 1|     true|2025-06-11 02:14:...|2025-06-11 02:14:...|     us|postgres|
|         5|   PRD-12005|        SUMMER DRESS|Floral print midi...|          7|         79.99|         25.00|     0.660|        36 x 24 x 2|     true|2025-06-11 02:14:...|2025-06-11 02:14:...|     us|postgres|
|         6|   PRD-12006|    leather recliner|Genuine leather p...|          9|       1299.99|        650.00|   187.400|       32 x 36 x 40|     true|2025-06-11 02:14:...|2025-06-11 02:14:...|     us|postgres|
|         7|   PRD-12007|DATA SCIENCE HAND...|Complete guide to...|         10|         49.99|         15.00|     1.100|   9.25 x 7.5 x 1.2|     true|2025-06-11 02:14:...|2025-06-11 02:14:...|     us|postgres|
|         8|   PRD-12008|    anti aging serum|Advanced peptide ...|         11|         89.99|         20.00|     0.110|      4 x 1.5 x 1.5|     true|2025-06-11 02:14:...|2025-06-11 02:14:...|     us|postgres|
|         9|   PRD-12009|       MOUNTAIN BIKE|Professional 21-s...|         12|        799.99|        400.00|    34.200|       68 x 44 x 25|     true|2025-06-11 02:14:...|2025-06-11 02:14:...|     us|postgres|
|        10|   PRD-12010|lego architecture...|Famous landmarks ...|         14|        199.99|         80.00|     4.600|        15 x 10 x 3|     true|2025-06-11 02:14:...|2025-06-11 02:14:...|     us|postgres|
|        11|   PRD-12011|         SMART WATCH|Fitness tracking ...|         15|        249.99|        100.00|     0.099| 1.77 x 1.57 x 0.43|     true|2025-06-11 02:14:...|2025-06-11 02:14:...|     us|postgres|
|        12|   PRD-12012|stainless steel r...|Energy Star certi...|          8|       1599.99|        800.00|   297.600| 35.75 x 69.88 x 36|     true|2025-06-11 02:14:...|2025-06-11 02:14:...|     us|postgres|
|        13|   PRD-12013|  SAMSUNG GALAXY S24|Latest Samsung fl...|          2|        899.99|        550.00|     0.432| 5.94 x 2.78 x 0.30|     true|2025-06-11 02:14:...|2025-06-11 02:14:...|     us|postgres|
|        14|   PRD-12014| wireless headphones|Noise-cancelling ...|          1|        299.99|        120.00|     0.550|    7.3 x 6.7 x 3.3|     true|2025-06-11 02:14:...|2025-06-11 02:14:...|     us|postgres|
|        15|   PRD-12015|          TABLET PRO|High-performance ...|          1|        899.99|        500.00|     1.500|11.04 x 8.46 x 0.25|     true|2025-06-11 02:14:...|2025-06-11 02:14:...|     us|postgres|
+----------+------------+--------------------+--------------------+-----------+--------------+--------------+----------+-------------------+---------+--------------------+--------------------+-------+--------+
[2025-06-11T10:26:03.827+0000] {logging_mixin.py:188} INFO - Finished extraction for products
[2025-06-11T10:26:03.827+0000] {logging_mixin.py:188} INFO - Starting extraction for table: product_variants in region: us
[2025-06-11T10:26:03.828+0000] {logging_mixin.py:188} INFO - load_date:::::2025-06-11
[2025-06-11T10:26:08.229+0000] {logging_mixin.py:188} INFO - [INFO] Last loaded timestamp: 2000-01-01 00:00:00.000
[2025-06-11T10:26:10.552+0000] {logging_mixin.py:188} INFO - [INFO] Updated Airflow Variable last_extracted_parquet_timestamp_us_product_variants to 2025-06-11 02:14:19
[2025-06-11T10:26:10.694+0000] {logging_mixin.py:188} INFO - Writing data to /opt/airflow/data/raw/region=us/table=product_variants/load_date=2025-06-11/
[2025-06-11T10:26:12.154+0000] {logging_mixin.py:188} INFO - +----------+----------+--------------------+--------------------+-------------+-------------+--------------------+---------+--------------------+-------+--------+
|variant_id|product_id|                 sku|        variant_name| variant_type|variant_value|price_adjustment_usd|is_active|          created_at|_region| _source|
+----------+----------+--------------------+--------------------+-------------+-------------+--------------------+---------+--------------------+-------+--------+
|         1|         1|PRD-12001-BLACK-1...|iPhone 15 Pro Bla...|color_storage|  Black 128GB|                0.00|     true|2025-06-11 02:14:...|     us|postgres|
|         2|         1|PRD-12001-BLUE-256GB|iPhone 15 Pro Blu...|color_storage|   Blue 256GB|              200.00|     true|2025-06-11 02:14:...|     us|postgres|
|         3|         1|PRD-12001-WHITE-5...|iPhone 15 Pro Whi...|color_storage|  White 512GB|              400.00|     true|2025-06-11 02:14:...|     us|postgres|
|         4|         2|PRD-12002-SILVER-8GB|MacBook Air Silve...| color_memory|   Silver 8GB|                0.00|     true|2025-06-11 02:14:...|     us|postgres|
|         5|         2| PRD-12002-GOLD-16GB|MacBook Air Gold ...| color_memory|    Gold 16GB|              300.00|     true|2025-06-11 02:14:...|     us|postgres|
|         6|         3|  PRD-12003-STANDARD|PlayStation 5 Sta...|      edition|     Standard|                0.00|     true|2025-06-11 02:14:...|     us|postgres|
|         7|         3|   PRD-12003-DIGITAL|PlayStation 5 Dig...|      edition|      Digital|             -100.00|     true|2025-06-11 02:14:...|     us|postgres|
|         8|         4|     PRD-12004-RED-M|Cotton T-Shirt Re...|   color_size|        Red M|                0.00|     true|2025-06-11 02:14:...|     us|postgres|
|         9|         4|    PRD-12004-BLUE-L|Cotton T-Shirt Bl...|   color_size|       Blue L|                2.00|     true|2025-06-11 02:14:...|     us|postgres|
|        10|         4|  PRD-12004-BLACK-XL|Cotton T-Shirt Bl...|   color_size|     Black XL|                4.00|     true|2025-06-11 02:14:...|     us|postgres|
|        11|         5|  PRD-12005-FLORAL-S|Summer Dress Flor...| pattern_size|     Floral S|                0.00|     true|2025-06-11 02:14:...|     us|postgres|
|        12|         5|   PRD-12005-SOLID-M|Summer Dress Soli...| pattern_size|      Solid M|                0.00|     true|2025-06-11 02:14:...|     us|postgres|
|        13|         5|  PRD-12005-STRIPE-L|Summer Dress Stri...| pattern_size|     Stripe L|               10.00|     true|2025-06-11 02:14:...|     us|postgres|
|        14|         6|     PRD-12006-BROWN|Leather Recliner ...|        color|        Brown|                0.00|     true|2025-06-11 02:14:...|     us|postgres|
|        15|         6|     PRD-12006-BLACK|Leather Recliner ...|        color|        Black|              150.00|     true|2025-06-11 02:14:...|     us|postgres|
|        16|         7| PRD-12007-HARDCOVER|Data Science Hand...|       format|    Hardcover|                0.00|     true|2025-06-11 02:14:...|     us|postgres|
|        17|         7| PRD-12007-PAPERBACK|Data Science Hand...|       format|    Paperback|              -15.00|     true|2025-06-11 02:14:...|     us|postgres|
|        18|         8|      PRD-12008-30ML|Anti Aging Serum ...|         size|         30ml|                0.00|     true|2025-06-11 02:14:...|     us|postgres|
|        19|         8|      PRD-12008-60ML|Anti Aging Serum ...|         size|         60ml|               40.00|     true|2025-06-11 02:14:...|     us|postgres|
|        20|         9|     PRD-12009-RED-M|Mountain Bike Red...|   color_size|        Red M|                0.00|     true|2025-06-11 02:14:...|     us|postgres|
+----------+----------+--------------------+--------------------+-------------+-------------+--------------------+---------+--------------------+-------+--------+
only showing top 20 rows
[2025-06-11T10:26:12.434+0000] {logging_mixin.py:188} INFO - Finished extraction for product_variants
[2025-06-11T10:26:12.434+0000] {logging_mixin.py:188} INFO - Starting extraction for table: inventory in region: us
[2025-06-11T10:26:12.435+0000] {logging_mixin.py:188} INFO - load_date:::::2025-06-11
[2025-06-11T10:26:16.606+0000] {logging_mixin.py:188} INFO - [INFO] Last loaded timestamp: 2000-01-01 00:00:00.000
[2025-06-11T10:26:18.660+0000] {logging_mixin.py:188} INFO - [INFO] Updated Airflow Variable last_extracted_parquet_timestamp_us_inventory to 2025-06-11 02:14:19
[2025-06-11T10:26:18.734+0000] {logging_mixin.py:188} INFO - Writing data to /opt/airflow/data/raw/region=us/table=inventory/load_date=2025-06-11/
