[2025-06-11T16:11:21.096+0000] {taskinstance.py:1956} INFO - Dependencies all met for dep_context=non-requeueable deps ti=<TaskInstance: multi_region_transform_staging_v2.process_region_us.process_orders_us manual__2025-06-11T16:08:10.701979+00:00 [queued]>
[2025-06-11T16:11:21.119+0000] {taskinstance.py:1956} INFO - Dependencies all met for dep_context=requeueable deps ti=<TaskInstance: multi_region_transform_staging_v2.process_region_us.process_orders_us manual__2025-06-11T16:08:10.701979+00:00 [queued]>
[2025-06-11T16:11:21.120+0000] {taskinstance.py:2170} INFO - Starting attempt 1 of 2
[2025-06-11T16:11:21.169+0000] {taskinstance.py:2191} INFO - Executing <Task(_PythonDecoratedOperator): process_region_us.process_orders_us> on 2025-06-11 16:08:10.701979+00:00
[2025-06-11T16:11:21.186+0000] {standard_task_runner.py:60} INFO - Started process 28446 to run task
[2025-06-11T16:11:21.192+0000] {standard_task_runner.py:87} INFO - Running: ['airflow', 'tasks', 'run', 'multi_region_transform_staging_v2', 'process_region_us.process_orders_us', 'manual__2025-06-11T16:08:10.701979+00:00', '--job-id', '204', '--raw', '--subdir', 'DAGS_FOLDER/master_dag.py', '--cfg-path', '/tmp/tmpgqgz86ir']
[2025-06-11T16:11:21.201+0000] {standard_task_runner.py:88} INFO - Job 204: Subtask process_region_us.process_orders_us
[2025-06-11T16:11:21.335+0000] {task_command.py:423} INFO - Running <TaskInstance: multi_region_transform_staging_v2.process_region_us.process_orders_us manual__2025-06-11T16:08:10.701979+00:00 [running]> on host 5950010ae7c1
[2025-06-11T16:11:21.567+0000] {taskinstance.py:2480} INFO - Exporting env vars: AIRFLOW_CTX_DAG_OWNER='data-team' AIRFLOW_CTX_DAG_ID='multi_region_transform_staging_v2' AIRFLOW_CTX_TASK_ID='process_region_us.process_orders_us' AIRFLOW_CTX_EXECUTION_DATE='2025-06-11T16:08:10.701979+00:00' AIRFLOW_CTX_TRY_NUMBER='1' AIRFLOW_CTX_DAG_RUN_ID='manual__2025-06-11T16:08:10.701979+00:00'
[2025-06-11T16:11:34.047+0000] {logging_mixin.py:188} INFO - Debugggg::::Vector(spark://5950010ae7c1:38537/jars/snowflake-jdbc-3.13.17.jar, spark://5950010ae7c1:38537/jars/spark-snowflake_2.12-2.16.0-spark_3.2.jar)
[2025-06-11T16:11:34.049+0000] {logging_mixin.py:188} INFO - Processing orders for region us
[2025-06-11T16:11:34.102+0000] {logging_mixin.py:188} INFO - /opt/airflow/data/raw/region=us/table=orders/load_date=2025-06-11
[2025-06-11T16:12:02.982+0000] {logging_mixin.py:188} INFO - Error processing orders for us: transform_orders_us() takes 1 positional argument but 2 were given
[2025-06-11T16:12:04.687+0000] {taskinstance.py:2698} ERROR - Task failed with exception
Traceback (most recent call last):
  File "/home/airflow/.local/lib/python3.10/site-packages/airflow/models/taskinstance.py", line 433, in _execute_task
    result = execute_callable(context=context, **execute_callable_kwargs)
  File "/home/airflow/.local/lib/python3.10/site-packages/airflow/decorators/base.py", line 241, in execute
    return_value = super().execute(context)
  File "/home/airflow/.local/lib/python3.10/site-packages/airflow/operators/python.py", line 199, in execute
    return_value = self.execute_callable()
  File "/home/airflow/.local/lib/python3.10/site-packages/airflow/operators/python.py", line 216, in execute_callable
    return self.python_callable(*self.op_args, **self.op_kwargs)
  File "/opt/airflow/dags/master_dag.py", line 242, in process_table
    df_transformed = transform_func(df_raw, region,exchange_rates)
  File "/opt/airflow/scripts/etl/transform/orders.py", line 258, in transform_order
    return transform_orders_us(df, exchange_rates)
TypeError: transform_orders_us() takes 1 positional argument but 2 were given
[2025-06-11T16:12:04.737+0000] {taskinstance.py:1138} INFO - Marking task as UP_FOR_RETRY. dag_id=multi_region_transform_staging_v2, task_id=process_region_us.process_orders_us, execution_date=20250611T160810, start_date=20250611T161121, end_date=20250611T161204
[2025-06-11T16:12:04.787+0000] {standard_task_runner.py:107} ERROR - Failed to execute job 204 for task process_region_us.process_orders_us (transform_orders_us() takes 1 positional argument but 2 were given; 28446)
[2025-06-11T16:12:04.830+0000] {local_task_job_runner.py:234} INFO - Task exited with return code 1
[2025-06-11T16:12:04.936+0000] {taskinstance.py:3280} INFO - 0 downstream tasks scheduled from follow-on schedule check
