[2025-06-09T07:13:29.034+0000] {taskinstance.py:1956} INFO - Dependencies all met for dep_context=non-requeueable deps ti=<TaskInstance: multi_region_processor_7.process_region_us.process_customers_us manual__2025-06-09T07:13:27.516305+00:00 [queued]>
[2025-06-09T07:13:29.051+0000] {taskinstance.py:1956} INFO - Dependencies all met for dep_context=requeueable deps ti=<TaskInstance: multi_region_processor_7.process_region_us.process_customers_us manual__2025-06-09T07:13:27.516305+00:00 [queued]>
[2025-06-09T07:13:29.052+0000] {taskinstance.py:2170} INFO - Starting attempt 1 of 2
[2025-06-09T07:13:29.074+0000] {taskinstance.py:2191} INFO - Executing <Task(_PythonDecoratedOperator): process_region_us.process_customers_us> on 2025-06-09 07:13:27.516305+00:00
[2025-06-09T07:13:29.086+0000] {standard_task_runner.py:60} INFO - Started process 51387 to run task
[2025-06-09T07:13:29.089+0000] {standard_task_runner.py:87} INFO - Running: ['airflow', 'tasks', 'run', 'multi_region_processor_7', 'process_region_us.process_customers_us', 'manual__2025-06-09T07:13:27.516305+00:00', '--job-id', '481', '--raw', '--subdir', 'DAGS_FOLDER/master2.py', '--cfg-path', '/tmp/tmp28f0h00u']
[2025-06-09T07:13:29.092+0000] {standard_task_runner.py:88} INFO - Job 481: Subtask process_region_us.process_customers_us
[2025-06-09T07:13:29.126+0000] {logging_mixin.py:188} WARNING - /home/airflow/.local/lib/python3.10/site-packages/airflow/settings.py:194 DeprecationWarning: The sql_alchemy_conn option in [core] has been moved to the sql_alchemy_conn option in [database] - the old setting has been used, but please update your config.
[2025-06-09T07:13:29.194+0000] {task_command.py:423} INFO - Running <TaskInstance: multi_region_processor_7.process_region_us.process_customers_us manual__2025-06-09T07:13:27.516305+00:00 [running]> on host afcdbcf38bc0
[2025-06-09T07:13:29.385+0000] {taskinstance.py:2480} INFO - Exporting env vars: AIRFLOW_CTX_DAG_OWNER='data-team' AIRFLOW_CTX_DAG_ID='multi_region_processor_7' AIRFLOW_CTX_TASK_ID='process_region_us.process_customers_us' AIRFLOW_CTX_EXECUTION_DATE='2025-06-09T07:13:27.516305+00:00' AIRFLOW_CTX_TRY_NUMBER='1' AIRFLOW_CTX_DAG_RUN_ID='manual__2025-06-09T07:13:27.516305+00:00'
[2025-06-09T07:13:39.995+0000] {logging_mixin.py:188} INFO - Processing customers for region us
[2025-06-09T07:14:04.513+0000] {logging_mixin.py:188} INFO - +-----------+--------------------+-----------+---------+-----+----------+------+-------------------+----------+----------------+-------------------+-------------------+-------------------+---------+-------+--------+
|customer_id|               email| first_name|last_name|phone|birth_date|gender|  registration_date|last_login|customer_segment|acquisition_channel|         created_at|         updated_at|is_active|_region| _source|
+-----------+--------------------+-----------+---------+-----+----------+------+-------------------+----------+----------------+-------------------+-------------------+-------------------+---------+-------+--------+
|          1|john.smith@email.com|       John|    Smith| NULL|1985-03-15|  Male|2025-06-08 19:23:28|      NULL|             vip|         google_ads|2025-06-08 19:23:28|2025-06-08 19:23:28|     true|     us|postgres|
|          2|maria.gonzalez@gm...|      Maria| Gonzalez| NULL|1990-07-22|Female|2025-06-08 19:23:28|      NULL|         regular|           facebook|2025-06-08 19:23:28|2025-06-08 19:23:28|     true|     us|postgres|
|          3|david.johnson@yah...|      David|  Johnson| NULL|1982-11-08|  Male|2025-06-08 19:23:28|      NULL|             new|           referral|2025-06-08 19:23:28|2025-06-08 19:23:28|     true|     us|postgres|
|          4|sarah.williams@ho...|      Sarah| Williams| NULL|1988-05-12|Female|2025-06-08 19:23:28|      NULL|         regular|            organic|2025-06-08 19:23:28|2025-06-08 19:23:28|     true|     us|postgres|
|          5|michael.brown@out...|    Michael|    Brown| NULL|1975-09-30|  Male|2025-06-08 19:23:28|      NULL|             vip|     email_campaign|2025-06-08 19:23:28|2025-06-08 19:23:28|     true|     us|postgres|
|          6|                NULL|   Jennifer|    Davis| NULL|1992-01-18|Female|2025-06-08 19:23:28|      NULL|         regular|       social_media|2025-06-08 19:23:28|2025-06-08 19:23:28|     true|     us|postgres|
|          7|                NULL|     Robert|   Miller| NULL|1980-12-05|  Male|2025-06-08 19:23:28|      NULL|             new|         google_ads|2025-06-08 19:23:28|2025-06-08 19:23:28|     true|     us|postgres|
|          8|                NULL|       Lisa|   Wilson| NULL|1987-04-25|Female|2025-06-08 19:23:28|      NULL|         regular|           referral|2025-06-08 19:23:28|2025-06-08 19:23:28|     true|     us|postgres|
|          9|                NULL|Christopher|    Moore| NULL|1983-08-14|  Male|2025-06-08 19:23:28|      NULL|             vip|           facebook|2025-06-08 19:23:28|2025-06-08 19:23:28|     true|     us|postgres|
|         10|                NULL|     Amanda|   Taylor| NULL|1991-06-03|Female|2025-06-08 19:23:28|      NULL|         regular|            organic|2025-06-08 19:23:28|2025-06-08 19:23:28|     true|     us|postgres|
+-----------+--------------------+-----------+---------+-----+----------+------+-------------------+----------+----------------+-------------------+-------------------+-------------------+---------+-------+--------+
only showing top 10 rows
[2025-06-09T07:14:09.128+0000] {logging_mixin.py:188} INFO - Successfully processed 50 records for customers in us
[2025-06-09T07:14:09.292+0000] {python.py:201} INFO - Done. Returned value was: {'region': 'us', 'table': 'customers', 'record_count': 50, 'status': 'success'}
[2025-06-09T07:14:09.372+0000] {taskinstance.py:1138} INFO - Marking task as SUCCESS. dag_id=multi_region_processor_7, task_id=process_region_us.process_customers_us, execution_date=20250609T071327, start_date=20250609T071329, end_date=20250609T071409
[2025-06-09T07:14:09.430+0000] {local_task_job_runner.py:234} INFO - Task exited with return code 0
[2025-06-09T07:14:09.534+0000] {taskinstance.py:3280} INFO - 2 downstream tasks scheduled from follow-on schedule check
