[2025-06-11T11:48:05.113+0000] {taskinstance.py:1956} INFO - Dependencies all met for dep_context=non-requeueable deps ti=<TaskInstance: extract_postgres_table_to_parquet.run_extraction_eu manual__2025-06-11T11:45:22.876396+00:00 [queued]>
[2025-06-11T11:48:05.126+0000] {taskinstance.py:1956} INFO - Dependencies all met for dep_context=requeueable deps ti=<TaskInstance: extract_postgres_table_to_parquet.run_extraction_eu manual__2025-06-11T11:45:22.876396+00:00 [queued]>
[2025-06-11T11:48:05.127+0000] {taskinstance.py:2170} INFO - Starting attempt 1 of 1
[2025-06-11T11:48:05.142+0000] {taskinstance.py:2191} INFO - Executing <Task(_PythonDecoratedOperator): run_extraction_eu> on 2025-06-11 11:45:22.876396+00:00
[2025-06-11T11:48:05.149+0000] {standard_task_runner.py:60} INFO - Started process 10941 to run task
[2025-06-11T11:48:05.153+0000] {standard_task_runner.py:87} INFO - Running: ['airflow', 'tasks', 'run', 'extract_postgres_table_to_parquet', 'run_extraction_eu', 'manual__2025-06-11T11:45:22.876396+00:00', '--job-id', '1665', '--raw', '--subdir', 'DAGS_FOLDER/asia/landing.py', '--cfg-path', '/tmp/tmpv34424t3']
[2025-06-11T11:48:05.156+0000] {standard_task_runner.py:88} INFO - Job 1665: Subtask run_extraction_eu
[2025-06-11T11:48:05.240+0000] {task_command.py:423} INFO - Running <TaskInstance: extract_postgres_table_to_parquet.run_extraction_eu manual__2025-06-11T11:45:22.876396+00:00 [running]> on host 8b0a421f0af7
[2025-06-11T11:48:05.396+0000] {taskinstance.py:2480} INFO - Exporting env vars: AIRFLOW_CTX_DAG_OWNER='airflow' AIRFLOW_CTX_DAG_ID='extract_postgres_table_to_parquet' AIRFLOW_CTX_TASK_ID='run_extraction_eu' AIRFLOW_CTX_EXECUTION_DATE='2025-06-11T11:45:22.876396+00:00' AIRFLOW_CTX_TRY_NUMBER='1' AIRFLOW_CTX_DAG_RUN_ID='manual__2025-06-11T11:45:22.876396+00:00'
[2025-06-11T11:48:05.398+0000] {logging_mixin.py:188} INFO - Starting extraction for table: categories in region: eu
[2025-06-11T11:48:05.398+0000] {logging_mixin.py:188} INFO - load_date:::::2025-06-11
[2025-06-11T11:48:27.164+0000] {logging_mixin.py:188} INFO - [INFO] Last loaded timestamp: 2025-06-11 02:14:31
[2025-06-11T11:48:30.191+0000] {logging_mixin.py:188} INFO - [INFO] No new records found in eu.categories
[2025-06-11T11:48:31.172+0000] {logging_mixin.py:188} INFO - Starting extraction for table: products in region: eu
[2025-06-11T11:48:31.173+0000] {logging_mixin.py:188} INFO - load_date:::::2025-06-11
[2025-06-11T11:48:34.176+0000] {logging_mixin.py:188} INFO - [INFO] Last loaded timestamp: 2025-06-11 02:14:31
[2025-06-11T11:48:35.826+0000] {logging_mixin.py:188} INFO - [INFO] No new records found in eu.products
[2025-06-11T11:48:36.827+0000] {logging_mixin.py:188} INFO - Starting extraction for table: product_variants in region: eu
[2025-06-11T11:48:36.829+0000] {logging_mixin.py:188} INFO - load_date:::::2025-06-11
[2025-06-11T11:48:39.613+0000] {logging_mixin.py:188} INFO - [INFO] Last loaded timestamp: 2025-06-11 02:14:31
[2025-06-11T11:48:40.503+0000] {logging_mixin.py:188} INFO - [INFO] No new records found in eu.product_variants
[2025-06-11T11:48:41.498+0000] {logging_mixin.py:188} INFO - Starting extraction for table: inventory in region: eu
[2025-06-11T11:48:41.499+0000] {logging_mixin.py:188} INFO - load_date:::::2025-06-11
[2025-06-11T11:48:44.451+0000] {logging_mixin.py:188} INFO - [INFO] Last loaded timestamp: 2025-06-11 02:14:31
[2025-06-11T11:48:45.300+0000] {logging_mixin.py:188} INFO - [INFO] No new records found in eu.inventory
[2025-06-11T11:48:46.312+0000] {logging_mixin.py:188} INFO - Starting extraction for table: customers in region: eu
[2025-06-11T11:48:46.314+0000] {logging_mixin.py:188} INFO - load_date:::::2025-06-11
[2025-06-11T11:48:49.989+0000] {logging_mixin.py:188} INFO - [INFO] Last loaded timestamp: 2025-06-11 02:14:31
[2025-06-11T11:48:51.199+0000] {logging_mixin.py:188} INFO - [INFO] No new records found in eu.customers
[2025-06-11T11:48:52.198+0000] {logging_mixin.py:188} INFO - Starting extraction for table: customer_addresses in region: eu
[2025-06-11T11:48:52.198+0000] {logging_mixin.py:188} INFO - load_date:::::2025-06-11
[2025-06-11T11:48:55.131+0000] {logging_mixin.py:188} INFO - [INFO] Last loaded timestamp: 2025-06-11 02:14:31
[2025-06-11T11:48:56.242+0000] {logging_mixin.py:188} INFO - [INFO] No new records found in eu.customer_addresses
[2025-06-11T11:48:57.230+0000] {logging_mixin.py:188} INFO - Starting extraction for table: marketing_campaigns in region: eu
[2025-06-11T11:48:57.231+0000] {logging_mixin.py:188} INFO - load_date:::::2025-06-11
[2025-06-11T11:49:00.054+0000] {logging_mixin.py:188} INFO - [INFO] Last loaded timestamp: 2025-06-11 02:14:31
[2025-06-11T11:49:00.853+0000] {logging_mixin.py:188} INFO - [INFO] No new records found in eu.marketing_campaigns
[2025-06-11T11:49:01.853+0000] {logging_mixin.py:188} INFO - Starting extraction for table: discounts in region: eu
[2025-06-11T11:49:01.853+0000] {logging_mixin.py:188} INFO - load_date:::::2025-06-11
[2025-06-11T11:49:04.202+0000] {logging_mixin.py:188} INFO - [INFO] Last loaded timestamp: 2025-06-11 02:14:31
[2025-06-11T11:49:05.053+0000] {logging_mixin.py:188} INFO - [INFO] No new records found in eu.discounts
[2025-06-11T11:49:06.054+0000] {logging_mixin.py:188} INFO - Starting extraction for table: shopping_carts in region: eu
[2025-06-11T11:49:06.055+0000] {logging_mixin.py:188} INFO - load_date:::::2025-06-11
[2025-06-11T11:49:08.213+0000] {logging_mixin.py:188} INFO - [INFO] Last loaded timestamp: 2025-06-11 02:14:31
[2025-06-11T11:49:08.695+0000] {logging_mixin.py:188} INFO - [INFO] No new records found in eu.shopping_carts
[2025-06-11T11:49:09.694+0000] {logging_mixin.py:188} INFO - Starting extraction for table: cart_items in region: eu
[2025-06-11T11:49:09.695+0000] {logging_mixin.py:188} INFO - load_date:::::2025-06-11
[2025-06-11T11:49:11.749+0000] {logging_mixin.py:188} INFO - [INFO] Last loaded timestamp: 2025-06-11 02:14:31
[2025-06-11T11:49:12.330+0000] {logging_mixin.py:188} INFO - [INFO] No new records found in eu.cart_items
[2025-06-11T11:49:13.331+0000] {logging_mixin.py:188} INFO - Starting extraction for table: orders in region: eu
[2025-06-11T11:49:13.331+0000] {logging_mixin.py:188} INFO - load_date:::::2025-06-11
[2025-06-11T11:49:15.998+0000] {logging_mixin.py:188} INFO - [INFO] Last loaded timestamp: 2025-06-11 02:14:31
[2025-06-11T11:49:16.698+0000] {logging_mixin.py:188} INFO - [INFO] No new records found in eu.orders
[2025-06-11T11:49:17.697+0000] {logging_mixin.py:188} INFO - Starting extraction for table: order_items in region: eu
[2025-06-11T11:49:17.697+0000] {logging_mixin.py:188} INFO - load_date:::::2025-06-11
[2025-06-11T11:49:19.330+0000] {logging_mixin.py:188} INFO - [INFO] Last loaded timestamp: 2025-06-11 02:14:31
[2025-06-11T11:49:19.711+0000] {logging_mixin.py:188} INFO - [INFO] No new records found in eu.order_items
[2025-06-11T11:49:20.713+0000] {logging_mixin.py:188} INFO - Starting extraction for table: shipments in region: eu
[2025-06-11T11:49:20.714+0000] {logging_mixin.py:188} INFO - load_date:::::2025-06-11
[2025-06-11T11:49:22.795+0000] {logging_mixin.py:188} INFO - [INFO] Last loaded timestamp: 2025-06-11 02:14:31
[2025-06-11T11:49:23.285+0000] {logging_mixin.py:188} INFO - [INFO] No new records found in eu.shipments
[2025-06-11T11:49:24.294+0000] {logging_mixin.py:188} INFO - Starting extraction for table: returns in region: eu
[2025-06-11T11:49:24.294+0000] {logging_mixin.py:188} INFO - load_date:::::2025-06-11
[2025-06-11T11:49:26.264+0000] {logging_mixin.py:188} INFO - [INFO] Last loaded timestamp: 2025-06-11 02:14:31
[2025-06-11T11:49:26.868+0000] {logging_mixin.py:188} INFO - [INFO] No new records found in eu.returns
[2025-06-11T11:49:27.867+0000] {logging_mixin.py:188} INFO - Starting extraction for table: product_reviews in region: eu
[2025-06-11T11:49:27.868+0000] {logging_mixin.py:188} INFO - load_date:::::2025-06-11
[2025-06-11T11:49:29.547+0000] {logging_mixin.py:188} INFO - [INFO] Last loaded timestamp: 2025-06-11 02:14:31
[2025-06-11T11:49:29.976+0000] {logging_mixin.py:188} INFO - [INFO] No new records found in eu.product_reviews
[2025-06-11T11:49:30.980+0000] {logging_mixin.py:188} INFO - Starting extraction for table: payments in region: eu
[2025-06-11T11:49:30.980+0000] {logging_mixin.py:188} INFO - load_date:::::2025-06-11
[2025-06-11T11:49:33.342+0000] {logging_mixin.py:188} INFO - [INFO] Last loaded timestamp: 2025-06-11 02:14:31
[2025-06-11T11:49:33.951+0000] {logging_mixin.py:188} INFO - [INFO] No new records found in eu.payments
[2025-06-11T11:49:34.954+0000] {logging_mixin.py:188} INFO - Starting extraction for table: wishlists in region: eu
[2025-06-11T11:49:34.955+0000] {logging_mixin.py:188} INFO - load_date:::::2025-06-11
[2025-06-11T11:49:37.181+0000] {logging_mixin.py:188} INFO - [INFO] Last loaded timestamp: 2025-06-11 02:14:31
[2025-06-11T11:49:38.018+0000] {logging_mixin.py:188} INFO - [INFO] No new records found in eu.wishlists
[2025-06-11T11:49:39.020+0000] {python.py:201} INFO - Done. Returned value was: None
[2025-06-11T11:49:39.057+0000] {taskinstance.py:1138} INFO - Marking task as SUCCESS. dag_id=extract_postgres_table_to_parquet, task_id=run_extraction_eu, execution_date=20250611T114522, start_date=20250611T114805, end_date=20250611T114939
[2025-06-11T11:49:39.115+0000] {local_task_job_runner.py:234} INFO - Task exited with return code 0
[2025-06-11T11:49:39.165+0000] {taskinstance.py:3280} INFO - 0 downstream tasks scheduled from follow-on schedule check
