[2025-06-10T08:38:10.926+0000] {taskinstance.py:1956} INFO - Dependencies all met for dep_context=non-requeueable deps ti=<TaskInstance: multi_region_ods_merge_v2.ods_merge_group.merge_wishlists scheduled__2025-06-09T00:00:00+00:00 [queued]>
[2025-06-10T08:38:10.936+0000] {taskinstance.py:1956} INFO - Dependencies all met for dep_context=requeueable deps ti=<TaskInstance: multi_region_ods_merge_v2.ods_merge_group.merge_wishlists scheduled__2025-06-09T00:00:00+00:00 [queued]>
[2025-06-10T08:38:10.937+0000] {taskinstance.py:2170} INFO - Starting attempt 1 of 2
[2025-06-10T08:38:10.955+0000] {taskinstance.py:2191} INFO - Executing <Task(_PythonDecoratedOperator): ods_merge_group.merge_wishlists> on 2025-06-09 00:00:00+00:00
[2025-06-10T08:38:10.966+0000] {standard_task_runner.py:60} INFO - Started process 3386 to run task
[2025-06-10T08:38:10.969+0000] {standard_task_runner.py:87} INFO - Running: ['airflow', 'tasks', 'run', 'multi_region_ods_merge_v2', 'ods_merge_group.merge_wishlists', 'scheduled__2025-06-09T00:00:00+00:00', '--job-id', '1054', '--raw', '--subdir', 'DAGS_FOLDER/master_ods_dag.py', '--cfg-path', '/tmp/tmp2fhw_s4g']
[2025-06-10T08:38:10.971+0000] {standard_task_runner.py:88} INFO - Job 1054: Subtask ods_merge_group.merge_wishlists
[2025-06-10T08:38:11.069+0000] {task_command.py:423} INFO - Running <TaskInstance: multi_region_ods_merge_v2.ods_merge_group.merge_wishlists scheduled__2025-06-09T00:00:00+00:00 [running]> on host 12acfcfc5342
[2025-06-10T08:38:11.231+0000] {taskinstance.py:2480} INFO - Exporting env vars: AIRFLOW_CTX_DAG_OWNER='data-team' AIRFLOW_CTX_DAG_ID='multi_region_ods_merge_v2' AIRFLOW_CTX_TASK_ID='ods_merge_group.merge_wishlists' AIRFLOW_CTX_EXECUTION_DATE='2025-06-09T00:00:00+00:00' AIRFLOW_CTX_TRY_NUMBER='1' AIRFLOW_CTX_DAG_RUN_ID='scheduled__2025-06-09T00:00:00+00:00'
[2025-06-10T08:38:11.233+0000] {connection.py:486} INFO - Snowflake Connector for Python Version: 3.15.0, Python Version: 3.10.13, Platform: Linux-6.11.0-26-generic-x86_64-with-glibc2.36
[2025-06-10T08:38:11.234+0000] {connection.py:1391} INFO - Connecting to GLOBAL Snowflake domain
[2025-06-10T08:38:27.243+0000] {connectionpool.py:824} WARNING - Retrying (Retry(total=0, connect=None, read=None, redirect=None, status=None)) after connection broken by 'NewConnectionError('<snowflake.connector.vendored.urllib3.connection.HTTPSConnection object at 0x714a01bc7700>: Failed to establish a new connection: [Errno -3] Temporary failure in name resolution')': /session/v1/login-request?request_id=4993f3c5-4375-4063-8dc6-95b66892fb5f&databaseName=retail_dwh&schemaName=ODS&warehouse=COMPUTE_WH&request_guid=eb59dd3a-20cf-421a-b209-dea5148d9298
[2025-06-10T08:38:32.497+0000] {logging_mixin.py:188} INFO - Successfully connected to Snowflake via snowflake.connector.
[2025-06-10T08:38:32.497+0000] {logging_mixin.py:188} INFO - Running merge for wishlists...
[2025-06-10T08:38:33.700+0000] {logging_mixin.py:188} INFO - Error running merge for wishlists: 100090 (42P18): 01bceea6-0305-91a7-0008-654b0012063a: Duplicate row detected during DML action
Row Values: [1, 1, 2, 1710667845000000000, "ASIA", "postgres"]
[2025-06-10T08:38:34.409+0000] {taskinstance.py:2698} ERROR - Task failed with exception
Traceback (most recent call last):
  File "/home/airflow/.local/lib/python3.10/site-packages/airflow/models/taskinstance.py", line 433, in _execute_task
    result = execute_callable(context=context, **execute_callable_kwargs)
  File "/home/airflow/.local/lib/python3.10/site-packages/airflow/decorators/base.py", line 241, in execute
    return_value = super().execute(context)
  File "/home/airflow/.local/lib/python3.10/site-packages/airflow/operators/python.py", line 199, in execute
    return_value = self.execute_callable()
  File "/home/airflow/.local/lib/python3.10/site-packages/airflow/operators/python.py", line 216, in execute_callable
    return self.python_callable(*self.op_args, **self.op_kwargs)
  File "/opt/airflow/dags/master_ods_dag.py", line 167, in merge_table
    run_merge_query(t)
  File "/opt/airflow/dags/master_ods_dag.py", line 146, in run_merge_query
    cursor.execute(merge_sql)
  File "/home/airflow/.local/lib/python3.10/site-packages/snowflake/connector/cursor.py", line 1134, in execute
    Error.errorhandler_wrapper(self.connection, self, error_class, errvalue)
  File "/home/airflow/.local/lib/python3.10/site-packages/snowflake/connector/errors.py", line 279, in errorhandler_wrapper
    handed_over = Error.hand_to_other_handler(
  File "/home/airflow/.local/lib/python3.10/site-packages/snowflake/connector/errors.py", line 334, in hand_to_other_handler
    cursor.errorhandler(connection, cursor, error_class, error_value)
  File "/home/airflow/.local/lib/python3.10/site-packages/snowflake/connector/errors.py", line 210, in default_errorhandler
    raise error_class(
snowflake.connector.errors.ProgrammingError: 100090 (42P18): 01bceea6-0305-91a7-0008-654b0012063a: Duplicate row detected during DML action
Row Values: [1, 1, 2, 1710667845000000000, "ASIA", "postgres"]
[2025-06-10T08:38:34.422+0000] {taskinstance.py:1138} INFO - Marking task as UP_FOR_RETRY. dag_id=multi_region_ods_merge_v2, task_id=ods_merge_group.merge_wishlists, execution_date=20250609T000000, start_date=20250610T083810, end_date=20250610T083834
[2025-06-10T08:38:34.431+0000] {standard_task_runner.py:107} ERROR - Failed to execute job 1054 for task ods_merge_group.merge_wishlists (100090 (42P18): 01bceea6-0305-91a7-0008-654b0012063a: Duplicate row detected during DML action
Row Values: [1, 1, 2, 1710667845000000000, "ASIA", "postgres"]; 3386)
[2025-06-10T08:38:34.441+0000] {local_task_job_runner.py:234} INFO - Task exited with return code 1
[2025-06-10T08:38:34.458+0000] {taskinstance.py:3280} INFO - 0 downstream tasks scheduled from follow-on schedule check
