[2025-06-11T16:12:24.569+0000] {taskinstance.py:1956} INFO - Dependencies all met for dep_context=non-requeueable deps ti=<TaskInstance: multi_region_transform_staging_v2.process_region_eu.process_inventory_eu manual__2025-06-11T16:08:10.701979+00:00 [queued]>
[2025-06-11T16:12:24.601+0000] {taskinstance.py:1956} INFO - Dependencies all met for dep_context=requeueable deps ti=<TaskInstance: multi_region_transform_staging_v2.process_region_eu.process_inventory_eu manual__2025-06-11T16:08:10.701979+00:00 [queued]>
[2025-06-11T16:12:24.601+0000] {taskinstance.py:2170} INFO - Starting attempt 1 of 2
[2025-06-11T16:12:24.639+0000] {taskinstance.py:2191} INFO - Executing <Task(_PythonDecoratedOperator): process_region_eu.process_inventory_eu> on 2025-06-11 16:08:10.701979+00:00
[2025-06-11T16:12:24.665+0000] {standard_task_runner.py:60} INFO - Started process 30431 to run task
[2025-06-11T16:12:24.674+0000] {standard_task_runner.py:87} INFO - Running: ['airflow', 'tasks', 'run', 'multi_region_transform_staging_v2', 'process_region_eu.process_inventory_eu', 'manual__2025-06-11T16:08:10.701979+00:00', '--job-id', '211', '--raw', '--subdir', 'DAGS_FOLDER/master_dag.py', '--cfg-path', '/tmp/tmp1pn4k1uc']
[2025-06-11T16:12:24.679+0000] {standard_task_runner.py:88} INFO - Job 211: Subtask process_region_eu.process_inventory_eu
[2025-06-11T16:12:24.857+0000] {task_command.py:423} INFO - Running <TaskInstance: multi_region_transform_staging_v2.process_region_eu.process_inventory_eu manual__2025-06-11T16:08:10.701979+00:00 [running]> on host 5950010ae7c1
[2025-06-11T16:12:25.091+0000] {taskinstance.py:2480} INFO - Exporting env vars: AIRFLOW_CTX_DAG_OWNER='data-team' AIRFLOW_CTX_DAG_ID='multi_region_transform_staging_v2' AIRFLOW_CTX_TASK_ID='process_region_eu.process_inventory_eu' AIRFLOW_CTX_EXECUTION_DATE='2025-06-11T16:08:10.701979+00:00' AIRFLOW_CTX_TRY_NUMBER='1' AIRFLOW_CTX_DAG_RUN_ID='manual__2025-06-11T16:08:10.701979+00:00'
[2025-06-11T16:12:36.698+0000] {logging_mixin.py:188} INFO - Debugggg::::Vector(spark://5950010ae7c1:43097/jars/spark-snowflake_2.12-2.16.0-spark_3.2.jar, spark://5950010ae7c1:43097/jars/snowflake-jdbc-3.13.17.jar)
[2025-06-11T16:12:36.699+0000] {logging_mixin.py:188} INFO - Processing inventory for region eu
[2025-06-11T16:12:36.764+0000] {logging_mixin.py:188} INFO - /opt/airflow/data/raw/region=eu/table=inventory/load_date=2025-06-11
[2025-06-11T16:13:03.577+0000] {logging_mixin.py:188} INFO - STAGING_EU
[2025-06-11T16:13:04.922+0000] {logging_mixin.py:188} INFO - +------------+----------+------------------+------------------+-----------------+-------------+-------------------+-------------------+-------+--------+
|inventory_id|variant_id|warehouse_location|quantity_available|quantity_reserved|reorder_level|  last_restocked_at|         updated_at|_region| _source|
+------------+----------+------------------+------------------+-----------------+-------------+-------------------+-------------------+-------+--------+
|           1|         1|          EU-DE-01|               150|               25|           50|2024-01-15 09:30:00|2025-06-11 02:14:31|     eu|postgres|
|           2|         2|          EU-DE-01|                75|               15|           30|2024-01-20 13:15:00|2025-06-11 02:14:31|     eu|postgres|
|           3|         3|          EU-NL-02|                45|                8|           20|2024-01-18 08:45:00|2025-06-11 02:14:31|     eu|postgres|
|           4|         4|          EU-FR-03|               200|               35|           75|2024-01-22 10:20:00|2025-06-11 02:14:31|     eu|postgres|
|           5|         5|          EU-FR-03|               120|               20|           40|2024-01-25 15:30:00|2025-06-11 02:14:31|     eu|postgres|
|           6|         6|          EU-DE-01|                85|               12|           25|2024-01-19 12:45:00|2025-06-11 02:14:31|     eu|postgres|
|           7|         7|          EU-IT-04|                65|               10|           20|2024-01-21 07:15:00|2025-06-11 02:14:31|     eu|postgres|
|           8|         8|          EU-NL-02|               300|               45|          100|2024-01-23 11:00:00|2025-06-11 02:14:31|     eu|postgres|
|           9|         9|          EU-DE-01|               180|               30|           60|2024-01-24 14:20:00|2025-06-11 02:14:31|     eu|postgres|
|          10|        10|          EU-FR-03|               220|               40|           80|2024-01-26 09:45:00|2025-06-11 02:14:31|     eu|postgres|
+------------+----------+------------------+------------------+-----------------+-------------+-------------------+-------------------+-------+--------+
only showing top 10 rows
[2025-06-11T16:13:04.922+0000] {logging_mixin.py:188} INFO - Inserting into snowflake
[2025-06-11T16:13:14.594+0000] {logging_mixin.py:188} INFO - successfully inserted in snowflake
[2025-06-11T16:13:14.611+0000] {crypto.py:82} WARNING - empty cryptography key - values will not be stored encrypted.
[2025-06-11T16:13:15.151+0000] {logging_mixin.py:188} INFO - Successfully processed 20 records for inventory in eu
[2025-06-11T16:13:17.721+0000] {python.py:201} INFO - Done. Returned value was: {'region': 'eu', 'table': 'inventory', 'record_count': 20, 'status': 'success'}
[2025-06-11T16:13:17.814+0000] {taskinstance.py:1138} INFO - Marking task as SUCCESS. dag_id=multi_region_transform_staging_v2, task_id=process_region_eu.process_inventory_eu, execution_date=20250611T160810, start_date=20250611T161224, end_date=20250611T161317
[2025-06-11T16:13:17.888+0000] {local_task_job_runner.py:234} INFO - Task exited with return code 0
[2025-06-11T16:13:17.982+0000] {taskinstance.py:3280} INFO - 0 downstream tasks scheduled from follow-on schedule check
