[2025-06-04T17:53:49.742+0000] {taskinstance.py:1956} INFO - Dependencies all met for dep_context=non-requeueable deps ti=<TaskInstance: schema_evolution_framework.run_schema_evolution manual__2025-06-04T17:53:42+00:00 [queued]>
[2025-06-04T17:53:49.751+0000] {taskinstance.py:1956} INFO - Dependencies all met for dep_context=requeueable deps ti=<TaskInstance: schema_evolution_framework.run_schema_evolution manual__2025-06-04T17:53:42+00:00 [queued]>
[2025-06-04T17:53:49.752+0000] {taskinstance.py:2170} INFO - Starting attempt 1 of 2
[2025-06-04T17:53:49.762+0000] {taskinstance.py:2191} INFO - Executing <Task(BashOperator): run_schema_evolution> on 2025-06-04 17:53:42+00:00
[2025-06-04T17:53:49.769+0000] {standard_task_runner.py:60} INFO - Started process 987 to run task
[2025-06-04T17:53:49.771+0000] {standard_task_runner.py:87} INFO - Running: ['airflow', 'tasks', 'run', 'schema_evolution_framework', 'run_schema_evolution', 'manual__2025-06-04T17:53:42+00:00', '--job-id', '62', '--raw', '--subdir', 'DAGS_FOLDER/schema_drift/schema_drift.py', '--cfg-path', '/tmp/tmppb56qbd2']
[2025-06-04T17:53:49.772+0000] {standard_task_runner.py:88} INFO - Job 62: Subtask run_schema_evolution
[2025-06-04T17:53:49.788+0000] {logging_mixin.py:188} WARNING - /home/airflow/.local/lib/python3.10/site-packages/airflow/settings.py:194 DeprecationWarning: The sql_alchemy_conn option in [core] has been moved to the sql_alchemy_conn option in [database] - the old setting has been used, but please update your config.
[2025-06-04T17:53:49.831+0000] {task_command.py:423} INFO - Running <TaskInstance: schema_evolution_framework.run_schema_evolution manual__2025-06-04T17:53:42+00:00 [running]> on host 96233e9a0e62
[2025-06-04T17:53:49.931+0000] {taskinstance.py:2480} INFO - Exporting env vars: AIRFLOW_CTX_DAG_OWNER='airflow' AIRFLOW_CTX_DAG_ID='schema_evolution_framework' AIRFLOW_CTX_TASK_ID='run_schema_evolution' AIRFLOW_CTX_EXECUTION_DATE='2025-06-04T17:53:42+00:00' AIRFLOW_CTX_TRY_NUMBER='1' AIRFLOW_CTX_DAG_RUN_ID='manual__2025-06-04T17:53:42+00:00'
[2025-06-04T17:53:49.932+0000] {subprocess.py:63} INFO - Tmp dir root location: /tmp
[2025-06-04T17:53:49.933+0000] {subprocess.py:75} INFO - Running command: ['/usr/bin/bash', '-c', 'spark-submit /opt/airflow/scripts/pyspark_jobs/schema_evolution.py --region asia --table customers --load_date 2025-06-03']
[2025-06-04T17:53:49.942+0000] {subprocess.py:86} INFO - Output:
[2025-06-04T17:53:52.606+0000] {subprocess.py:93} INFO - 25/06/04 17:53:52 INFO SparkContext: Running Spark version 3.5.6
[2025-06-04T17:53:52.609+0000] {subprocess.py:93} INFO - 25/06/04 17:53:52 INFO SparkContext: OS info Linux, 6.11.0-26-generic, amd64
[2025-06-04T17:53:52.609+0000] {subprocess.py:93} INFO - 25/06/04 17:53:52 INFO SparkContext: Java version 11.0.24
[2025-06-04T17:53:52.660+0000] {subprocess.py:93} INFO - 25/06/04 17:53:52 WARN NativeCodeLoader: Unable to load native-hadoop library for your platform... using builtin-java classes where applicable
[2025-06-04T17:53:52.734+0000] {subprocess.py:93} INFO - 25/06/04 17:53:52 INFO ResourceUtils: ==============================================================
[2025-06-04T17:53:52.734+0000] {subprocess.py:93} INFO - 25/06/04 17:53:52 INFO ResourceUtils: No custom resources configured for spark.driver.
[2025-06-04T17:53:52.734+0000] {subprocess.py:93} INFO - 25/06/04 17:53:52 INFO ResourceUtils: ==============================================================
[2025-06-04T17:53:52.735+0000] {subprocess.py:93} INFO - 25/06/04 17:53:52 INFO SparkContext: Submitted application: Schema Evolution Framework
[2025-06-04T17:53:52.753+0000] {subprocess.py:93} INFO - 25/06/04 17:53:52 INFO ResourceProfile: Default ResourceProfile created, executor resources: Map(cores -> name: cores, amount: 1, script: , vendor: , memory -> name: memory, amount: 1024, script: , vendor: , offHeap -> name: offHeap, amount: 0, script: , vendor: ), task resources: Map(cpus -> name: cpus, amount: 1.0)
[2025-06-04T17:53:52.765+0000] {subprocess.py:93} INFO - 25/06/04 17:53:52 INFO ResourceProfile: Limiting resource is cpu
[2025-06-04T17:53:52.765+0000] {subprocess.py:93} INFO - 25/06/04 17:53:52 INFO ResourceProfileManager: Added ResourceProfile id: 0
[2025-06-04T17:53:52.829+0000] {subprocess.py:93} INFO - 25/06/04 17:53:52 INFO SecurityManager: Changing view acls to: airflow
[2025-06-04T17:53:52.829+0000] {subprocess.py:93} INFO - 25/06/04 17:53:52 INFO SecurityManager: Changing modify acls to: airflow
[2025-06-04T17:53:52.830+0000] {subprocess.py:93} INFO - 25/06/04 17:53:52 INFO SecurityManager: Changing view acls groups to:
[2025-06-04T17:53:52.831+0000] {subprocess.py:93} INFO - 25/06/04 17:53:52 INFO SecurityManager: Changing modify acls groups to:
[2025-06-04T17:53:52.832+0000] {subprocess.py:93} INFO - 25/06/04 17:53:52 INFO SecurityManager: SecurityManager: authentication disabled; ui acls disabled; users with view permissions: airflow; groups with view permissions: EMPTY; users with modify permissions: airflow; groups with modify permissions: EMPTY
[2025-06-04T17:53:53.102+0000] {subprocess.py:93} INFO - 25/06/04 17:53:53 INFO Utils: Successfully started service 'sparkDriver' on port 40065.
[2025-06-04T17:53:53.129+0000] {subprocess.py:93} INFO - 25/06/04 17:53:53 INFO SparkEnv: Registering MapOutputTracker
[2025-06-04T17:53:53.158+0000] {subprocess.py:93} INFO - 25/06/04 17:53:53 INFO SparkEnv: Registering BlockManagerMaster
[2025-06-04T17:53:53.177+0000] {subprocess.py:93} INFO - 25/06/04 17:53:53 INFO BlockManagerMasterEndpoint: Using org.apache.spark.storage.DefaultTopologyMapper for getting topology information
[2025-06-04T17:53:53.179+0000] {subprocess.py:93} INFO - 25/06/04 17:53:53 INFO BlockManagerMasterEndpoint: BlockManagerMasterEndpoint up
[2025-06-04T17:53:53.183+0000] {subprocess.py:93} INFO - 25/06/04 17:53:53 INFO SparkEnv: Registering BlockManagerMasterHeartbeat
[2025-06-04T17:53:53.206+0000] {subprocess.py:93} INFO - 25/06/04 17:53:53 INFO DiskBlockManager: Created local directory at /tmp/blockmgr-21e7e739-78a6-4f7c-9207-9f318cb45734
[2025-06-04T17:53:53.222+0000] {subprocess.py:93} INFO - 25/06/04 17:53:53 INFO MemoryStore: MemoryStore started with capacity 434.4 MiB
[2025-06-04T17:53:53.239+0000] {subprocess.py:93} INFO - 25/06/04 17:53:53 INFO SparkEnv: Registering OutputCommitCoordinator
[2025-06-04T17:53:53.388+0000] {subprocess.py:93} INFO - 25/06/04 17:53:53 INFO JettyUtils: Start Jetty 0.0.0.0:4040 for SparkUI
[2025-06-04T17:53:53.454+0000] {subprocess.py:93} INFO - 25/06/04 17:53:53 INFO Utils: Successfully started service 'SparkUI' on port 4040.
[2025-06-04T17:53:53.547+0000] {subprocess.py:93} INFO - 25/06/04 17:53:53 INFO Executor: Starting executor ID driver on host 96233e9a0e62
[2025-06-04T17:53:53.547+0000] {subprocess.py:93} INFO - 25/06/04 17:53:53 INFO Executor: OS info Linux, 6.11.0-26-generic, amd64
[2025-06-04T17:53:53.547+0000] {subprocess.py:93} INFO - 25/06/04 17:53:53 INFO Executor: Java version 11.0.24
[2025-06-04T17:53:53.552+0000] {subprocess.py:93} INFO - 25/06/04 17:53:53 INFO Executor: Starting executor with user classpath (userClassPathFirst = false): ''
[2025-06-04T17:53:53.553+0000] {subprocess.py:93} INFO - 25/06/04 17:53:53 INFO Executor: Created or updated repl class loader org.apache.spark.util.MutableURLClassLoader@59f97ef5 for default.
[2025-06-04T17:53:53.569+0000] {subprocess.py:93} INFO - 25/06/04 17:53:53 INFO Utils: Successfully started service 'org.apache.spark.network.netty.NettyBlockTransferService' on port 41025.
[2025-06-04T17:53:53.569+0000] {subprocess.py:93} INFO - 25/06/04 17:53:53 INFO NettyBlockTransferService: Server created on 96233e9a0e62:41025
[2025-06-04T17:53:53.570+0000] {subprocess.py:93} INFO - 25/06/04 17:53:53 INFO BlockManager: Using org.apache.spark.storage.RandomBlockReplicationPolicy for block replication policy
[2025-06-04T17:53:53.575+0000] {subprocess.py:93} INFO - 25/06/04 17:53:53 INFO BlockManagerMaster: Registering BlockManager BlockManagerId(driver, 96233e9a0e62, 41025, None)
[2025-06-04T17:53:53.578+0000] {subprocess.py:93} INFO - 25/06/04 17:53:53 INFO BlockManagerMasterEndpoint: Registering block manager 96233e9a0e62:41025 with 434.4 MiB RAM, BlockManagerId(driver, 96233e9a0e62, 41025, None)
[2025-06-04T17:53:53.580+0000] {subprocess.py:93} INFO - 25/06/04 17:53:53 INFO BlockManagerMaster: Registered BlockManager BlockManagerId(driver, 96233e9a0e62, 41025, None)
[2025-06-04T17:53:53.581+0000] {subprocess.py:93} INFO - 25/06/04 17:53:53 INFO BlockManager: Initialized BlockManager: BlockManagerId(driver, 96233e9a0e62, 41025, None)
[2025-06-04T17:53:54.041+0000] {subprocess.py:93} INFO - 25/06/04 17:53:54 INFO SharedState: Setting hive.metastore.warehouse.dir ('null') to the value of spark.sql.warehouse.dir.
[2025-06-04T17:53:54.049+0000] {subprocess.py:93} INFO - 25/06/04 17:53:54 INFO SharedState: Warehouse path is 'file:/tmp/airflowtmp4un1uf2u/spark-warehouse'.
[2025-06-04T17:53:55.150+0000] {subprocess.py:93} INFO - 25/06/04 17:53:55 INFO InMemoryFileIndex: It took 60 ms to list leaf files for 1 paths.
[2025-06-04T17:53:55.751+0000] {subprocess.py:93} INFO - 25/06/04 17:53:55 INFO SparkContext: Starting job: parquet at NativeMethodAccessorImpl.java:0
[2025-06-04T17:53:55.769+0000] {subprocess.py:93} INFO - 25/06/04 17:53:55 INFO DAGScheduler: Got job 0 (parquet at NativeMethodAccessorImpl.java:0) with 1 output partitions
[2025-06-04T17:53:55.770+0000] {subprocess.py:93} INFO - 25/06/04 17:53:55 INFO DAGScheduler: Final stage: ResultStage 0 (parquet at NativeMethodAccessorImpl.java:0)
[2025-06-04T17:53:55.770+0000] {subprocess.py:93} INFO - 25/06/04 17:53:55 INFO DAGScheduler: Parents of final stage: List()
[2025-06-04T17:53:55.771+0000] {subprocess.py:93} INFO - 25/06/04 17:53:55 INFO DAGScheduler: Missing parents: List()
[2025-06-04T17:53:55.774+0000] {subprocess.py:93} INFO - 25/06/04 17:53:55 INFO DAGScheduler: Submitting ResultStage 0 (MapPartitionsRDD[1] at parquet at NativeMethodAccessorImpl.java:0), which has no missing parents
[2025-06-04T17:53:55.860+0000] {subprocess.py:93} INFO - 25/06/04 17:53:55 INFO MemoryStore: Block broadcast_0 stored as values in memory (estimated size 103.3 KiB, free 434.3 MiB)
[2025-06-04T17:53:55.898+0000] {subprocess.py:93} INFO - 25/06/04 17:53:55 INFO MemoryStore: Block broadcast_0_piece0 stored as bytes in memory (estimated size 37.3 KiB, free 434.3 MiB)
[2025-06-04T17:53:55.900+0000] {subprocess.py:93} INFO - 25/06/04 17:53:55 INFO BlockManagerInfo: Added broadcast_0_piece0 in memory on 96233e9a0e62:41025 (size: 37.3 KiB, free: 434.4 MiB)
[2025-06-04T17:53:55.903+0000] {subprocess.py:93} INFO - 25/06/04 17:53:55 INFO SparkContext: Created broadcast 0 from broadcast at DAGScheduler.scala:1611
[2025-06-04T17:53:55.918+0000] {subprocess.py:93} INFO - 25/06/04 17:53:55 INFO DAGScheduler: Submitting 1 missing tasks from ResultStage 0 (MapPartitionsRDD[1] at parquet at NativeMethodAccessorImpl.java:0) (first 15 tasks are for partitions Vector(0))
[2025-06-04T17:53:55.918+0000] {subprocess.py:93} INFO - 25/06/04 17:53:55 INFO TaskSchedulerImpl: Adding task set 0.0 with 1 tasks resource profile 0
[2025-06-04T17:53:55.974+0000] {subprocess.py:93} INFO - 25/06/04 17:53:55 INFO TaskSetManager: Starting task 0.0 in stage 0.0 (TID 0) (96233e9a0e62, executor driver, partition 0, PROCESS_LOCAL, 9237 bytes)
[2025-06-04T17:53:55.997+0000] {subprocess.py:93} INFO - 25/06/04 17:53:55 INFO Executor: Running task 0.0 in stage 0.0 (TID 0)
[2025-06-04T17:53:56.491+0000] {subprocess.py:93} INFO - 25/06/04 17:53:56 INFO Executor: Finished task 0.0 in stage 0.0 (TID 0). 3094 bytes result sent to driver
[2025-06-04T17:53:56.507+0000] {subprocess.py:93} INFO - 25/06/04 17:53:56 INFO TaskSetManager: Finished task 0.0 in stage 0.0 (TID 0) in 556 ms on 96233e9a0e62 (executor driver) (1/1)
[2025-06-04T17:53:56.509+0000] {subprocess.py:93} INFO - 25/06/04 17:53:56 INFO TaskSchedulerImpl: Removed TaskSet 0.0, whose tasks have all completed, from pool
[2025-06-04T17:53:56.514+0000] {subprocess.py:93} INFO - 25/06/04 17:53:56 INFO DAGScheduler: ResultStage 0 (parquet at NativeMethodAccessorImpl.java:0) finished in 0.724 s
[2025-06-04T17:53:56.517+0000] {subprocess.py:93} INFO - 25/06/04 17:53:56 INFO DAGScheduler: Job 0 is finished. Cancelling potential speculative or zombie tasks for this job
[2025-06-04T17:53:56.517+0000] {subprocess.py:93} INFO - 25/06/04 17:53:56 INFO TaskSchedulerImpl: Killing all running tasks in stage 0: Stage finished
[2025-06-04T17:53:56.518+0000] {subprocess.py:93} INFO - 25/06/04 17:53:56 INFO DAGScheduler: Job 0 finished: parquet at NativeMethodAccessorImpl.java:0, took 0.766976 s
[2025-06-04T17:53:57.293+0000] {subprocess.py:93} INFO - Schema evolution detected for customers. Updated to version 1.
[2025-06-04T17:53:57.409+0000] {subprocess.py:93} INFO - 25/06/04 17:53:57 INFO BlockManagerInfo: Removed broadcast_0_piece0 on 96233e9a0e62:41025 in memory (size: 37.3 KiB, free: 434.4 MiB)
[2025-06-04T17:53:57.616+0000] {subprocess.py:93} INFO - 25/06/04 17:53:57 INFO FileSourceStrategy: Pushed Filters:
[2025-06-04T17:53:57.618+0000] {subprocess.py:93} INFO - 25/06/04 17:53:57 INFO FileSourceStrategy: Post-Scan Filters:
[2025-06-04T17:53:58.048+0000] {subprocess.py:93} INFO - 25/06/04 17:53:58 INFO CodeGenerator: Code generated in 315.691449 ms
[2025-06-04T17:53:58.070+0000] {subprocess.py:93} INFO - 25/06/04 17:53:58 INFO MemoryStore: Block broadcast_1 stored as values in memory (estimated size 203.9 KiB, free 434.2 MiB)
[2025-06-04T17:53:58.081+0000] {subprocess.py:93} INFO - 25/06/04 17:53:58 INFO MemoryStore: Block broadcast_1_piece0 stored as bytes in memory (estimated size 35.7 KiB, free 434.2 MiB)
[2025-06-04T17:53:58.081+0000] {subprocess.py:93} INFO - 25/06/04 17:53:58 INFO BlockManagerInfo: Added broadcast_1_piece0 in memory on 96233e9a0e62:41025 (size: 35.7 KiB, free: 434.4 MiB)
[2025-06-04T17:53:58.082+0000] {subprocess.py:93} INFO - 25/06/04 17:53:58 INFO SparkContext: Created broadcast 1 from javaToPython at NativeMethodAccessorImpl.java:0
[2025-06-04T17:53:58.093+0000] {subprocess.py:93} INFO - 25/06/04 17:53:58 INFO FileSourceScanExec: Planning scan with bin packing, max size: 4194304 bytes, open cost is considered as scanning 4194304 bytes.
[2025-06-04T17:54:00.152+0000] {subprocess.py:93} INFO - 25/06/04 17:54:00 INFO ParquetUtils: Using default output committer for Parquet: org.apache.parquet.hadoop.ParquetOutputCommitter
[2025-06-04T17:54:00.193+0000] {subprocess.py:93} INFO - 25/06/04 17:54:00 INFO FileOutputCommitter: File Output Committer Algorithm version is 1
[2025-06-04T17:54:00.193+0000] {subprocess.py:93} INFO - 25/06/04 17:54:00 INFO FileOutputCommitter: FileOutputCommitter skip cleanup _temporary folders under output directory:false, ignore cleanup failures: false
[2025-06-04T17:54:00.194+0000] {subprocess.py:93} INFO - 25/06/04 17:54:00 INFO SQLHadoopMapReduceCommitProtocol: Using user defined output committer class org.apache.parquet.hadoop.ParquetOutputCommitter
[2025-06-04T17:54:00.194+0000] {subprocess.py:93} INFO - 25/06/04 17:54:00 INFO FileOutputCommitter: File Output Committer Algorithm version is 1
[2025-06-04T17:54:00.194+0000] {subprocess.py:93} INFO - 25/06/04 17:54:00 INFO FileOutputCommitter: FileOutputCommitter skip cleanup _temporary folders under output directory:false, ignore cleanup failures: false
[2025-06-04T17:54:00.195+0000] {subprocess.py:93} INFO - 25/06/04 17:54:00 INFO SQLHadoopMapReduceCommitProtocol: Using output committer class org.apache.parquet.hadoop.ParquetOutputCommitter
[2025-06-04T17:54:00.268+0000] {subprocess.py:93} INFO - 25/06/04 17:54:00 INFO CodeGenerator: Code generated in 28.540314 ms
[2025-06-04T17:54:00.297+0000] {subprocess.py:93} INFO - 25/06/04 17:54:00 INFO SparkContext: Starting job: parquet at NativeMethodAccessorImpl.java:0
[2025-06-04T17:54:00.299+0000] {subprocess.py:93} INFO - 25/06/04 17:54:00 INFO DAGScheduler: Got job 1 (parquet at NativeMethodAccessorImpl.java:0) with 1 output partitions
[2025-06-04T17:54:00.299+0000] {subprocess.py:93} INFO - 25/06/04 17:54:00 INFO DAGScheduler: Final stage: ResultStage 1 (parquet at NativeMethodAccessorImpl.java:0)
[2025-06-04T17:54:00.299+0000] {subprocess.py:93} INFO - 25/06/04 17:54:00 INFO DAGScheduler: Parents of final stage: List()
[2025-06-04T17:54:00.301+0000] {subprocess.py:93} INFO - 25/06/04 17:54:00 INFO DAGScheduler: Missing parents: List()
[2025-06-04T17:54:00.302+0000] {subprocess.py:93} INFO - 25/06/04 17:54:00 INFO DAGScheduler: Submitting ResultStage 1 (MapPartitionsRDD[13] at parquet at NativeMethodAccessorImpl.java:0), which has no missing parents
[2025-06-04T17:54:00.364+0000] {subprocess.py:93} INFO - 25/06/04 17:54:00 INFO MemoryStore: Block broadcast_2 stored as values in memory (estimated size 265.0 KiB, free 433.9 MiB)
[2025-06-04T17:54:00.366+0000] {subprocess.py:93} INFO - 25/06/04 17:54:00 INFO MemoryStore: Block broadcast_2_piece0 stored as bytes in memory (estimated size 95.4 KiB, free 433.8 MiB)
[2025-06-04T17:54:00.367+0000] {subprocess.py:93} INFO - 25/06/04 17:54:00 INFO BlockManagerInfo: Added broadcast_2_piece0 in memory on 96233e9a0e62:41025 (size: 95.4 KiB, free: 434.3 MiB)
[2025-06-04T17:54:00.368+0000] {subprocess.py:93} INFO - 25/06/04 17:54:00 INFO SparkContext: Created broadcast 2 from broadcast at DAGScheduler.scala:1611
[2025-06-04T17:54:00.368+0000] {subprocess.py:93} INFO - 25/06/04 17:54:00 INFO DAGScheduler: Submitting 1 missing tasks from ResultStage 1 (MapPartitionsRDD[13] at parquet at NativeMethodAccessorImpl.java:0) (first 15 tasks are for partitions Vector(0))
[2025-06-04T17:54:00.368+0000] {subprocess.py:93} INFO - 25/06/04 17:54:00 INFO TaskSchedulerImpl: Adding task set 1.0 with 1 tasks resource profile 0
[2025-06-04T17:54:00.372+0000] {subprocess.py:93} INFO - 25/06/04 17:54:00 INFO TaskSetManager: Starting task 0.0 in stage 1.0 (TID 1) (96233e9a0e62, executor driver, partition 0, PROCESS_LOCAL, 9707 bytes)
[2025-06-04T17:54:00.373+0000] {subprocess.py:93} INFO - 25/06/04 17:54:00 INFO Executor: Running task 0.0 in stage 1.0 (TID 1)
[2025-06-04T17:54:00.502+0000] {subprocess.py:93} INFO - 25/06/04 17:54:00 INFO CodeGenerator: Code generated in 29.454029 ms
[2025-06-04T17:54:01.171+0000] {subprocess.py:93} INFO - 25/06/04 17:54:01 INFO FileScanRDD: Reading File path: file:///opt/airflow/data/raw/region=asia/table=customers/load_date=2025-06-03/part-00000-ca917640-09f1-4f57-b7dd-1eb82c4e7fe0-c000.snappy.parquet, range: 0-4692, partition values: [empty row]
[2025-06-04T17:54:01.196+0000] {subprocess.py:93} INFO - 25/06/04 17:54:01 INFO CodeGenerator: Code generated in 24.404885 ms
[2025-06-04T17:54:01.216+0000] {subprocess.py:93} INFO - 25/06/04 17:54:01 INFO CodeGenerator: Code generated in 12.157259 ms
[2025-06-04T17:54:01.237+0000] {subprocess.py:93} INFO - 25/06/04 17:54:01 INFO CodeGenerator: Code generated in 10.050698 ms
[2025-06-04T17:54:01.247+0000] {subprocess.py:93} INFO - 25/06/04 17:54:01 INFO FileOutputCommitter: File Output Committer Algorithm version is 1
[2025-06-04T17:54:01.248+0000] {subprocess.py:93} INFO - 25/06/04 17:54:01 INFO FileOutputCommitter: FileOutputCommitter skip cleanup _temporary folders under output directory:false, ignore cleanup failures: false
[2025-06-04T17:54:01.248+0000] {subprocess.py:93} INFO - 25/06/04 17:54:01 INFO SQLHadoopMapReduceCommitProtocol: Using user defined output committer class org.apache.parquet.hadoop.ParquetOutputCommitter
[2025-06-04T17:54:01.248+0000] {subprocess.py:93} INFO - 25/06/04 17:54:01 INFO FileOutputCommitter: File Output Committer Algorithm version is 1
[2025-06-04T17:54:01.249+0000] {subprocess.py:93} INFO - 25/06/04 17:54:01 INFO FileOutputCommitter: FileOutputCommitter skip cleanup _temporary folders under output directory:false, ignore cleanup failures: false
[2025-06-04T17:54:01.249+0000] {subprocess.py:93} INFO - 25/06/04 17:54:01 INFO SQLHadoopMapReduceCommitProtocol: Using output committer class org.apache.parquet.hadoop.ParquetOutputCommitter
[2025-06-04T17:54:01.279+0000] {subprocess.py:93} INFO - 25/06/04 17:54:01 INFO CodeGenerator: Code generated in 15.122454 ms
[2025-06-04T17:54:01.296+0000] {subprocess.py:93} INFO - 25/06/04 17:54:01 INFO CodecPool: Got brand-new decompressor [.snappy]
[2025-06-04T17:54:01.478+0000] {subprocess.py:93} INFO - 25/06/04 17:54:01 INFO PythonRunner: Times: total = 959, boot = 652, init = 306, finish = 1
[2025-06-04T17:54:01.495+0000] {subprocess.py:93} INFO - 25/06/04 17:54:01 INFO CodeGenerator: Code generated in 6.243094 ms
[2025-06-04T17:54:01.532+0000] {subprocess.py:93} INFO - 25/06/04 17:54:01 INFO CodeGenerator: Code generated in 19.35984 ms
[2025-06-04T17:54:01.541+0000] {subprocess.py:93} INFO - 25/06/04 17:54:01 INFO CodecConfig: Compression: SNAPPY
[2025-06-04T17:54:01.544+0000] {subprocess.py:93} INFO - 25/06/04 17:54:01 INFO CodecConfig: Compression: SNAPPY
[2025-06-04T17:54:01.559+0000] {subprocess.py:93} INFO - 25/06/04 17:54:01 INFO ParquetOutputFormat: ParquetRecordWriter [block size: 134217728b, row group padding size: 8388608b, validating: false]
[2025-06-04T17:54:01.568+0000] {subprocess.py:93} INFO - 25/06/04 17:54:01 INFO ParquetWriteSupport: Initialized Parquet WriteSupport with Catalyst schema:
[2025-06-04T17:54:01.569+0000] {subprocess.py:93} INFO - {
[2025-06-04T17:54:01.569+0000] {subprocess.py:93} INFO -   "type" : "struct",
[2025-06-04T17:54:01.569+0000] {subprocess.py:93} INFO -   "fields" : [ {
[2025-06-04T17:54:01.569+0000] {subprocess.py:93} INFO -     "name" : "cust_id",
[2025-06-04T17:54:01.569+0000] {subprocess.py:93} INFO -     "type" : "integer",
[2025-06-04T17:54:01.569+0000] {subprocess.py:93} INFO -     "nullable" : true,
[2025-06-04T17:54:01.570+0000] {subprocess.py:93} INFO -     "metadata" : {
[2025-06-04T17:54:01.570+0000] {subprocess.py:93} INFO -       "isSigned" : true,
[2025-06-04T17:54:01.570+0000] {subprocess.py:93} INFO -       "scale" : 0
[2025-06-04T17:54:01.570+0000] {subprocess.py:93} INFO -     }
[2025-06-04T17:54:01.570+0000] {subprocess.py:93} INFO -   }, {
[2025-06-04T17:54:01.570+0000] {subprocess.py:93} INFO -     "name" : "email",
[2025-06-04T17:54:01.570+0000] {subprocess.py:93} INFO -     "type" : "string",
[2025-06-04T17:54:01.571+0000] {subprocess.py:93} INFO -     "nullable" : true,
[2025-06-04T17:54:01.571+0000] {subprocess.py:93} INFO -     "metadata" : {
[2025-06-04T17:54:01.571+0000] {subprocess.py:93} INFO -       "__CHAR_VARCHAR_TYPE_STRING" : "varchar(255)",
[2025-06-04T17:54:01.571+0000] {subprocess.py:93} INFO -       "isSigned" : false,
[2025-06-04T17:54:01.571+0000] {subprocess.py:93} INFO -       "scale" : 0
[2025-06-04T17:54:01.571+0000] {subprocess.py:93} INFO -     }
[2025-06-04T17:54:01.572+0000] {subprocess.py:93} INFO -   }, {
[2025-06-04T17:54:01.572+0000] {subprocess.py:93} INFO -     "name" : "fname",
[2025-06-04T17:54:01.572+0000] {subprocess.py:93} INFO -     "type" : "string",
[2025-06-04T17:54:01.572+0000] {subprocess.py:93} INFO -     "nullable" : true,
[2025-06-04T17:54:01.573+0000] {subprocess.py:93} INFO -     "metadata" : {
[2025-06-04T17:54:01.573+0000] {subprocess.py:93} INFO -       "__CHAR_VARCHAR_TYPE_STRING" : "varchar(100)",
[2025-06-04T17:54:01.573+0000] {subprocess.py:93} INFO -       "isSigned" : false,
[2025-06-04T17:54:01.573+0000] {subprocess.py:93} INFO -       "scale" : 0
[2025-06-04T17:54:01.573+0000] {subprocess.py:93} INFO -     }
[2025-06-04T17:54:01.573+0000] {subprocess.py:93} INFO -   }, {
[2025-06-04T17:54:01.573+0000] {subprocess.py:93} INFO -     "name" : "lname",
[2025-06-04T17:54:01.574+0000] {subprocess.py:93} INFO -     "type" : "string",
[2025-06-04T17:54:01.574+0000] {subprocess.py:93} INFO -     "nullable" : true,
[2025-06-04T17:54:01.574+0000] {subprocess.py:93} INFO -     "metadata" : {
[2025-06-04T17:54:01.574+0000] {subprocess.py:93} INFO -       "__CHAR_VARCHAR_TYPE_STRING" : "varchar(100)",
[2025-06-04T17:54:01.574+0000] {subprocess.py:93} INFO -       "isSigned" : false,
[2025-06-04T17:54:01.574+0000] {subprocess.py:93} INFO -       "scale" : 0
[2025-06-04T17:54:01.575+0000] {subprocess.py:93} INFO -     }
[2025-06-04T17:54:01.575+0000] {subprocess.py:93} INFO -   }, {
[2025-06-04T17:54:01.575+0000] {subprocess.py:93} INFO -     "name" : "phone",
[2025-06-04T17:54:01.575+0000] {subprocess.py:93} INFO -     "type" : "string",
[2025-06-04T17:54:01.575+0000] {subprocess.py:93} INFO -     "nullable" : true,
[2025-06-04T17:54:01.576+0000] {subprocess.py:93} INFO -     "metadata" : {
[2025-06-04T17:54:01.576+0000] {subprocess.py:93} INFO -       "__CHAR_VARCHAR_TYPE_STRING" : "varchar(50)",
[2025-06-04T17:54:01.576+0000] {subprocess.py:93} INFO -       "isSigned" : false,
[2025-06-04T17:54:01.576+0000] {subprocess.py:93} INFO -       "scale" : 0
[2025-06-04T17:54:01.576+0000] {subprocess.py:93} INFO -     }
[2025-06-04T17:54:01.576+0000] {subprocess.py:93} INFO -   }, {
[2025-06-04T17:54:01.576+0000] {subprocess.py:93} INFO -     "name" : "birth_date",
[2025-06-04T17:54:01.577+0000] {subprocess.py:93} INFO -     "type" : "date",
[2025-06-04T17:54:01.577+0000] {subprocess.py:93} INFO -     "nullable" : true,
[2025-06-04T17:54:01.577+0000] {subprocess.py:93} INFO -     "metadata" : {
[2025-06-04T17:54:01.577+0000] {subprocess.py:93} INFO -       "isSigned" : false,
[2025-06-04T17:54:01.577+0000] {subprocess.py:93} INFO -       "scale" : 0
[2025-06-04T17:54:01.577+0000] {subprocess.py:93} INFO -     }
[2025-06-04T17:54:01.578+0000] {subprocess.py:93} INFO -   }, {
[2025-06-04T17:54:01.578+0000] {subprocess.py:93} INFO -     "name" : "sex",
[2025-06-04T17:54:01.578+0000] {subprocess.py:93} INFO -     "type" : "string",
[2025-06-04T17:54:01.578+0000] {subprocess.py:93} INFO -     "nullable" : true,
[2025-06-04T17:54:01.578+0000] {subprocess.py:93} INFO -     "metadata" : {
[2025-06-04T17:54:01.578+0000] {subprocess.py:93} INFO -       "__CHAR_VARCHAR_TYPE_STRING" : "varchar(20)",
[2025-06-04T17:54:01.578+0000] {subprocess.py:93} INFO -       "isSigned" : false,
[2025-06-04T17:54:01.579+0000] {subprocess.py:93} INFO -       "scale" : 0
[2025-06-04T17:54:01.579+0000] {subprocess.py:93} INFO -     }
[2025-06-04T17:54:01.579+0000] {subprocess.py:93} INFO -   }, {
[2025-06-04T17:54:01.579+0000] {subprocess.py:93} INFO -     "name" : "reg_date",
[2025-06-04T17:54:01.579+0000] {subprocess.py:93} INFO -     "type" : "timestamp",
[2025-06-04T17:54:01.579+0000] {subprocess.py:93} INFO -     "nullable" : true,
[2025-06-04T17:54:01.579+0000] {subprocess.py:93} INFO -     "metadata" : {
[2025-06-04T17:54:01.580+0000] {subprocess.py:93} INFO -       "isSigned" : false,
[2025-06-04T17:54:01.580+0000] {subprocess.py:93} INFO -       "scale" : 6
[2025-06-04T17:54:01.580+0000] {subprocess.py:93} INFO -     }
[2025-06-04T17:54:01.580+0000] {subprocess.py:93} INFO -   }, {
[2025-06-04T17:54:01.580+0000] {subprocess.py:93} INFO -     "name" : "login_time",
[2025-06-04T17:54:01.580+0000] {subprocess.py:93} INFO -     "type" : "timestamp",
[2025-06-04T17:54:01.580+0000] {subprocess.py:93} INFO -     "nullable" : true,
[2025-06-04T17:54:01.581+0000] {subprocess.py:93} INFO -     "metadata" : {
[2025-06-04T17:54:01.581+0000] {subprocess.py:93} INFO -       "isSigned" : false,
[2025-06-04T17:54:01.581+0000] {subprocess.py:93} INFO -       "scale" : 6
[2025-06-04T17:54:01.581+0000] {subprocess.py:93} INFO -     }
[2025-06-04T17:54:01.581+0000] {subprocess.py:93} INFO -   }, {
[2025-06-04T17:54:01.581+0000] {subprocess.py:93} INFO -     "name" : "segment",
[2025-06-04T17:54:01.581+0000] {subprocess.py:93} INFO -     "type" : "string",
[2025-06-04T17:54:01.582+0000] {subprocess.py:93} INFO -     "nullable" : true,
[2025-06-04T17:54:01.582+0000] {subprocess.py:93} INFO -     "metadata" : {
[2025-06-04T17:54:01.582+0000] {subprocess.py:93} INFO -       "__CHAR_VARCHAR_TYPE_STRING" : "varchar(50)",
[2025-06-04T17:54:01.582+0000] {subprocess.py:93} INFO -       "isSigned" : false,
[2025-06-04T17:54:01.582+0000] {subprocess.py:93} INFO -       "scale" : 0
[2025-06-04T17:54:01.582+0000] {subprocess.py:93} INFO -     }
[2025-06-04T17:54:01.583+0000] {subprocess.py:93} INFO -   }, {
[2025-06-04T17:54:01.583+0000] {subprocess.py:93} INFO -     "name" : "source",
[2025-06-04T17:54:01.583+0000] {subprocess.py:93} INFO -     "type" : "string",
[2025-06-04T17:54:01.583+0000] {subprocess.py:93} INFO -     "nullable" : true,
[2025-06-04T17:54:01.583+0000] {subprocess.py:93} INFO -     "metadata" : {
[2025-06-04T17:54:01.583+0000] {subprocess.py:93} INFO -       "__CHAR_VARCHAR_TYPE_STRING" : "varchar(100)",
[2025-06-04T17:54:01.583+0000] {subprocess.py:93} INFO -       "isSigned" : false,
[2025-06-04T17:54:01.584+0000] {subprocess.py:93} INFO -       "scale" : 0
[2025-06-04T17:54:01.584+0000] {subprocess.py:93} INFO -     }
[2025-06-04T17:54:01.584+0000] {subprocess.py:93} INFO -   }, {
[2025-06-04T17:54:01.584+0000] {subprocess.py:93} INFO -     "name" : "created",
[2025-06-04T17:54:01.584+0000] {subprocess.py:93} INFO -     "type" : "timestamp",
[2025-06-04T17:54:01.584+0000] {subprocess.py:93} INFO -     "nullable" : true,
[2025-06-04T17:54:01.584+0000] {subprocess.py:93} INFO -     "metadata" : {
[2025-06-04T17:54:01.585+0000] {subprocess.py:93} INFO -       "isSigned" : false,
[2025-06-04T17:54:01.585+0000] {subprocess.py:93} INFO -       "scale" : 6
[2025-06-04T17:54:01.585+0000] {subprocess.py:93} INFO -     }
[2025-06-04T17:54:01.585+0000] {subprocess.py:93} INFO -   }, {
[2025-06-04T17:54:01.585+0000] {subprocess.py:93} INFO -     "name" : "_region",
[2025-06-04T17:54:01.586+0000] {subprocess.py:93} INFO -     "type" : "string",
[2025-06-04T17:54:01.586+0000] {subprocess.py:93} INFO -     "nullable" : true,
[2025-06-04T17:54:01.586+0000] {subprocess.py:93} INFO -     "metadata" : { }
[2025-06-04T17:54:01.586+0000] {subprocess.py:93} INFO -   }, {
[2025-06-04T17:54:01.586+0000] {subprocess.py:93} INFO -     "name" : "_source",
[2025-06-04T17:54:01.587+0000] {subprocess.py:93} INFO -     "type" : "string",
[2025-06-04T17:54:01.587+0000] {subprocess.py:93} INFO -     "nullable" : true,
[2025-06-04T17:54:01.587+0000] {subprocess.py:93} INFO -     "metadata" : { }
[2025-06-04T17:54:01.587+0000] {subprocess.py:93} INFO -   }, {
[2025-06-04T17:54:01.588+0000] {subprocess.py:93} INFO -     "name" : "processing_timestamp",
[2025-06-04T17:54:01.588+0000] {subprocess.py:93} INFO -     "type" : "timestamp",
[2025-06-04T17:54:01.588+0000] {subprocess.py:93} INFO -     "nullable" : false,
[2025-06-04T17:54:01.588+0000] {subprocess.py:93} INFO -     "metadata" : { }
[2025-06-04T17:54:01.589+0000] {subprocess.py:93} INFO -   } ]
[2025-06-04T17:54:01.589+0000] {subprocess.py:93} INFO - }
[2025-06-04T17:54:01.589+0000] {subprocess.py:93} INFO - and corresponding Parquet message type:
[2025-06-04T17:54:01.589+0000] {subprocess.py:93} INFO - message spark_schema {
[2025-06-04T17:54:01.590+0000] {subprocess.py:93} INFO -   optional int32 cust_id;
[2025-06-04T17:54:01.590+0000] {subprocess.py:93} INFO -   optional binary email (STRING);
[2025-06-04T17:54:01.590+0000] {subprocess.py:93} INFO -   optional binary fname (STRING);
[2025-06-04T17:54:01.590+0000] {subprocess.py:93} INFO -   optional binary lname (STRING);
[2025-06-04T17:54:01.591+0000] {subprocess.py:93} INFO -   optional binary phone (STRING);
[2025-06-04T17:54:01.591+0000] {subprocess.py:93} INFO -   optional int32 birth_date (DATE);
[2025-06-04T17:54:01.591+0000] {subprocess.py:93} INFO -   optional binary sex (STRING);
[2025-06-04T17:54:01.591+0000] {subprocess.py:93} INFO -   optional int96 reg_date;
[2025-06-04T17:54:01.592+0000] {subprocess.py:93} INFO -   optional int96 login_time;
[2025-06-04T17:54:01.592+0000] {subprocess.py:93} INFO -   optional binary segment (STRING);
[2025-06-04T17:54:01.592+0000] {subprocess.py:93} INFO -   optional binary source (STRING);
[2025-06-04T17:54:01.592+0000] {subprocess.py:93} INFO -   optional int96 created;
[2025-06-04T17:54:01.593+0000] {subprocess.py:93} INFO -   optional binary _region (STRING);
[2025-06-04T17:54:01.593+0000] {subprocess.py:93} INFO -   optional binary _source (STRING);
[2025-06-04T17:54:01.593+0000] {subprocess.py:93} INFO -   required int96 processing_timestamp;
[2025-06-04T17:54:01.593+0000] {subprocess.py:93} INFO - }
[2025-06-04T17:54:01.594+0000] {subprocess.py:93} INFO - 
[2025-06-04T17:54:01.594+0000] {subprocess.py:93} INFO - 
[2025-06-04T17:54:01.608+0000] {subprocess.py:93} INFO - 25/06/04 17:54:01 INFO CodecPool: Got brand-new compressor [.snappy]
[2025-06-04T17:54:01.828+0000] {subprocess.py:93} INFO - 25/06/04 17:54:01 INFO FileOutputCommitter: Saved output of task 'attempt_202506041754009203475255146476539_0001_m_000000_1' to file:/opt/airflow/data/processed/table=customers/_temporary/0/task_202506041754009203475255146476539_0001_m_000000
[2025-06-04T17:54:01.829+0000] {subprocess.py:93} INFO - 25/06/04 17:54:01 INFO SparkHadoopMapRedUtil: attempt_202506041754009203475255146476539_0001_m_000000_1: Committed. Elapsed time: 1 ms.
[2025-06-04T17:54:01.839+0000] {subprocess.py:93} INFO - 25/06/04 17:54:01 INFO Executor: Finished task 0.0 in stage 1.0 (TID 1). 3914 bytes result sent to driver
[2025-06-04T17:54:01.841+0000] {subprocess.py:93} INFO - 25/06/04 17:54:01 INFO TaskSetManager: Finished task 0.0 in stage 1.0 (TID 1) in 1472 ms on 96233e9a0e62 (executor driver) (1/1)
[2025-06-04T17:54:01.842+0000] {subprocess.py:93} INFO - 25/06/04 17:54:01 INFO TaskSchedulerImpl: Removed TaskSet 1.0, whose tasks have all completed, from pool
[2025-06-04T17:54:01.843+0000] {subprocess.py:93} INFO - 25/06/04 17:54:01 INFO PythonAccumulatorV2: Connected to AccumulatorServer at host: 127.0.0.1 port: 36919
[2025-06-04T17:54:01.844+0000] {subprocess.py:93} INFO - 25/06/04 17:54:01 INFO DAGScheduler: ResultStage 1 (parquet at NativeMethodAccessorImpl.java:0) finished in 1.539 s
[2025-06-04T17:54:01.845+0000] {subprocess.py:93} INFO - 25/06/04 17:54:01 INFO DAGScheduler: Job 1 is finished. Cancelling potential speculative or zombie tasks for this job
[2025-06-04T17:54:01.845+0000] {subprocess.py:93} INFO - 25/06/04 17:54:01 INFO TaskSchedulerImpl: Killing all running tasks in stage 1: Stage finished
[2025-06-04T17:54:01.845+0000] {subprocess.py:93} INFO - 25/06/04 17:54:01 INFO DAGScheduler: Job 1 finished: parquet at NativeMethodAccessorImpl.java:0, took 1.547880 s
[2025-06-04T17:54:01.848+0000] {subprocess.py:93} INFO - 25/06/04 17:54:01 INFO FileFormatWriter: Start to commit write Job 948174d5-4404-4b97-994d-b8446e5c2f6f.
[2025-06-04T17:54:01.862+0000] {subprocess.py:93} INFO - 25/06/04 17:54:01 INFO FileFormatWriter: Write Job 948174d5-4404-4b97-994d-b8446e5c2f6f committed. Elapsed time: 13 ms.
[2025-06-04T17:54:01.866+0000] {subprocess.py:93} INFO - 25/06/04 17:54:01 INFO FileFormatWriter: Finished processing stats for write job 948174d5-4404-4b97-994d-b8446e5c2f6f.
[2025-06-04T17:54:02.036+0000] {subprocess.py:93} INFO - 25/06/04 17:54:02 INFO CodeGenerator: Code generated in 10.919584 ms
[2025-06-04T17:54:02.067+0000] {subprocess.py:93} INFO - 25/06/04 17:54:02 INFO DAGScheduler: Registering RDD 15 (count at NativeMethodAccessorImpl.java:0) as input to shuffle 0
[2025-06-04T17:54:02.071+0000] {subprocess.py:93} INFO - 25/06/04 17:54:02 INFO DAGScheduler: Got map stage job 2 (count at NativeMethodAccessorImpl.java:0) with 1 output partitions
[2025-06-04T17:54:02.072+0000] {subprocess.py:93} INFO - 25/06/04 17:54:02 INFO DAGScheduler: Final stage: ShuffleMapStage 2 (count at NativeMethodAccessorImpl.java:0)
[2025-06-04T17:54:02.072+0000] {subprocess.py:93} INFO - 25/06/04 17:54:02 INFO DAGScheduler: Parents of final stage: List()
[2025-06-04T17:54:02.073+0000] {subprocess.py:93} INFO - 25/06/04 17:54:02 INFO DAGScheduler: Missing parents: List()
[2025-06-04T17:54:02.075+0000] {subprocess.py:93} INFO - 25/06/04 17:54:02 INFO DAGScheduler: Submitting ShuffleMapStage 2 (MapPartitionsRDD[15] at count at NativeMethodAccessorImpl.java:0), which has no missing parents
[2025-06-04T17:54:02.087+0000] {subprocess.py:93} INFO - 25/06/04 17:54:02 INFO MemoryStore: Block broadcast_3 stored as values in memory (estimated size 48.4 KiB, free 433.8 MiB)
[2025-06-04T17:54:02.090+0000] {subprocess.py:93} INFO - 25/06/04 17:54:02 INFO MemoryStore: Block broadcast_3_piece0 stored as bytes in memory (estimated size 18.8 KiB, free 433.7 MiB)
[2025-06-04T17:54:02.091+0000] {subprocess.py:93} INFO - 25/06/04 17:54:02 INFO BlockManagerInfo: Added broadcast_3_piece0 in memory on 96233e9a0e62:41025 (size: 18.8 KiB, free: 434.3 MiB)
[2025-06-04T17:54:02.091+0000] {subprocess.py:93} INFO - 25/06/04 17:54:02 INFO SparkContext: Created broadcast 3 from broadcast at DAGScheduler.scala:1611
[2025-06-04T17:54:02.093+0000] {subprocess.py:93} INFO - 25/06/04 17:54:02 INFO DAGScheduler: Submitting 1 missing tasks from ShuffleMapStage 2 (MapPartitionsRDD[15] at count at NativeMethodAccessorImpl.java:0) (first 15 tasks are for partitions Vector(0))
[2025-06-04T17:54:02.093+0000] {subprocess.py:93} INFO - 25/06/04 17:54:02 INFO TaskSchedulerImpl: Adding task set 2.0 with 1 tasks resource profile 0
[2025-06-04T17:54:02.095+0000] {subprocess.py:93} INFO - 25/06/04 17:54:02 INFO TaskSetManager: Starting task 0.0 in stage 2.0 (TID 2) (96233e9a0e62, executor driver, partition 0, PROCESS_LOCAL, 9696 bytes)
[2025-06-04T17:54:02.096+0000] {subprocess.py:93} INFO - 25/06/04 17:54:02 INFO Executor: Running task 0.0 in stage 2.0 (TID 2)
[2025-06-04T17:54:02.114+0000] {subprocess.py:93} INFO - 25/06/04 17:54:02 INFO FileScanRDD: Reading File path: file:///opt/airflow/data/raw/region=asia/table=customers/load_date=2025-06-03/part-00000-ca917640-09f1-4f57-b7dd-1eb82c4e7fe0-c000.snappy.parquet, range: 0-4692, partition values: [empty row]
[2025-06-04T17:54:02.121+0000] {subprocess.py:93} INFO - 25/06/04 17:54:02 INFO CodeGenerator: Code generated in 7.17766 ms
[2025-06-04T17:54:02.230+0000] {subprocess.py:93} INFO - 25/06/04 17:54:02 INFO PythonRunner: Times: total = 117, boot = -631, init = 747, finish = 1
[2025-06-04T17:54:02.244+0000] {subprocess.py:93} INFO - 25/06/04 17:54:02 INFO BlockManagerInfo: Removed broadcast_2_piece0 on 96233e9a0e62:41025 in memory (size: 95.4 KiB, free: 434.3 MiB)
[2025-06-04T17:54:02.266+0000] {subprocess.py:93} INFO - 25/06/04 17:54:02 INFO Executor: Finished task 0.0 in stage 2.0 (TID 2). 2768 bytes result sent to driver
[2025-06-04T17:54:02.268+0000] {subprocess.py:93} INFO - 25/06/04 17:54:02 INFO TaskSetManager: Finished task 0.0 in stage 2.0 (TID 2) in 174 ms on 96233e9a0e62 (executor driver) (1/1)
[2025-06-04T17:54:02.268+0000] {subprocess.py:93} INFO - 25/06/04 17:54:02 INFO TaskSchedulerImpl: Removed TaskSet 2.0, whose tasks have all completed, from pool
[2025-06-04T17:54:02.270+0000] {subprocess.py:93} INFO - 25/06/04 17:54:02 INFO DAGScheduler: ShuffleMapStage 2 (count at NativeMethodAccessorImpl.java:0) finished in 0.192 s
[2025-06-04T17:54:02.271+0000] {subprocess.py:93} INFO - 25/06/04 17:54:02 INFO DAGScheduler: looking for newly runnable stages
[2025-06-04T17:54:02.271+0000] {subprocess.py:93} INFO - 25/06/04 17:54:02 INFO DAGScheduler: running: Set()
[2025-06-04T17:54:02.272+0000] {subprocess.py:93} INFO - 25/06/04 17:54:02 INFO DAGScheduler: waiting: Set()
[2025-06-04T17:54:02.272+0000] {subprocess.py:93} INFO - 25/06/04 17:54:02 INFO DAGScheduler: failed: Set()
[2025-06-04T17:54:02.302+0000] {subprocess.py:93} INFO - 25/06/04 17:54:02 INFO CodeGenerator: Code generated in 6.904866 ms
[2025-06-04T17:54:02.325+0000] {subprocess.py:93} INFO - 25/06/04 17:54:02 INFO SparkContext: Starting job: count at NativeMethodAccessorImpl.java:0
[2025-06-04T17:54:02.327+0000] {subprocess.py:93} INFO - 25/06/04 17:54:02 INFO DAGScheduler: Got job 3 (count at NativeMethodAccessorImpl.java:0) with 1 output partitions
[2025-06-04T17:54:02.327+0000] {subprocess.py:93} INFO - 25/06/04 17:54:02 INFO DAGScheduler: Final stage: ResultStage 4 (count at NativeMethodAccessorImpl.java:0)
[2025-06-04T17:54:02.328+0000] {subprocess.py:93} INFO - 25/06/04 17:54:02 INFO DAGScheduler: Parents of final stage: List(ShuffleMapStage 3)
[2025-06-04T17:54:02.328+0000] {subprocess.py:93} INFO - 25/06/04 17:54:02 INFO DAGScheduler: Missing parents: List()
[2025-06-04T17:54:02.328+0000] {subprocess.py:93} INFO - 25/06/04 17:54:02 INFO DAGScheduler: Submitting ResultStage 4 (MapPartitionsRDD[18] at count at NativeMethodAccessorImpl.java:0), which has no missing parents
[2025-06-04T17:54:02.336+0000] {subprocess.py:93} INFO - 25/06/04 17:54:02 INFO MemoryStore: Block broadcast_4 stored as values in memory (estimated size 12.5 KiB, free 434.1 MiB)
[2025-06-04T17:54:02.338+0000] {subprocess.py:93} INFO - 25/06/04 17:54:02 INFO MemoryStore: Block broadcast_4_piece0 stored as bytes in memory (estimated size 5.9 KiB, free 434.1 MiB)
[2025-06-04T17:54:02.339+0000] {subprocess.py:93} INFO - 25/06/04 17:54:02 INFO BlockManagerInfo: Added broadcast_4_piece0 in memory on 96233e9a0e62:41025 (size: 5.9 KiB, free: 434.3 MiB)
[2025-06-04T17:54:02.340+0000] {subprocess.py:93} INFO - 25/06/04 17:54:02 INFO SparkContext: Created broadcast 4 from broadcast at DAGScheduler.scala:1611
[2025-06-04T17:54:02.341+0000] {subprocess.py:93} INFO - 25/06/04 17:54:02 INFO DAGScheduler: Submitting 1 missing tasks from ResultStage 4 (MapPartitionsRDD[18] at count at NativeMethodAccessorImpl.java:0) (first 15 tasks are for partitions Vector(0))
[2025-06-04T17:54:02.341+0000] {subprocess.py:93} INFO - 25/06/04 17:54:02 INFO TaskSchedulerImpl: Adding task set 4.0 with 1 tasks resource profile 0
[2025-06-04T17:54:02.347+0000] {subprocess.py:93} INFO - 25/06/04 17:54:02 INFO TaskSetManager: Starting task 0.0 in stage 4.0 (TID 3) (96233e9a0e62, executor driver, partition 0, NODE_LOCAL, 8999 bytes)
[2025-06-04T17:54:02.348+0000] {subprocess.py:93} INFO - 25/06/04 17:54:02 INFO Executor: Running task 0.0 in stage 4.0 (TID 3)
[2025-06-04T17:54:02.389+0000] {subprocess.py:93} INFO - 25/06/04 17:54:02 INFO ShuffleBlockFetcherIterator: Getting 1 (60.0 B) non-empty blocks including 1 (60.0 B) local and 0 (0.0 B) host-local and 0 (0.0 B) push-merged-local and 0 (0.0 B) remote blocks
[2025-06-04T17:54:02.391+0000] {subprocess.py:93} INFO - 25/06/04 17:54:02 INFO ShuffleBlockFetcherIterator: Started 0 remote fetches in 8 ms
[2025-06-04T17:54:02.404+0000] {subprocess.py:93} INFO - 25/06/04 17:54:02 INFO CodeGenerator: Code generated in 6.30613 ms
[2025-06-04T17:54:02.421+0000] {subprocess.py:93} INFO - 25/06/04 17:54:02 INFO Executor: Finished task 0.0 in stage 4.0 (TID 3). 4038 bytes result sent to driver
[2025-06-04T17:54:02.423+0000] {subprocess.py:93} INFO - 25/06/04 17:54:02 INFO TaskSetManager: Finished task 0.0 in stage 4.0 (TID 3) in 78 ms on 96233e9a0e62 (executor driver) (1/1)
[2025-06-04T17:54:02.424+0000] {subprocess.py:93} INFO - 25/06/04 17:54:02 INFO TaskSchedulerImpl: Removed TaskSet 4.0, whose tasks have all completed, from pool
[2025-06-04T17:54:02.426+0000] {subprocess.py:93} INFO - 25/06/04 17:54:02 INFO DAGScheduler: ResultStage 4 (count at NativeMethodAccessorImpl.java:0) finished in 0.091 s
[2025-06-04T17:54:02.428+0000] {subprocess.py:93} INFO - 25/06/04 17:54:02 INFO DAGScheduler: Job 3 is finished. Cancelling potential speculative or zombie tasks for this job
[2025-06-04T17:54:02.428+0000] {subprocess.py:93} INFO - 25/06/04 17:54:02 INFO TaskSchedulerImpl: Killing all running tasks in stage 4: Stage finished
[2025-06-04T17:54:02.429+0000] {subprocess.py:93} INFO - 25/06/04 17:54:02 INFO DAGScheduler: Job 3 finished: count at NativeMethodAccessorImpl.java:0, took 0.102622 s
[2025-06-04T17:54:02.432+0000] {subprocess.py:93} INFO - Processing result: {
[2025-06-04T17:54:02.432+0000] {subprocess.py:93} INFO -   "table": "customers",
[2025-06-04T17:54:02.433+0000] {subprocess.py:93} INFO -   "region": "asia",
[2025-06-04T17:54:02.433+0000] {subprocess.py:93} INFO -   "load_date": "2025-06-03",
[2025-06-04T17:54:02.433+0000] {subprocess.py:93} INFO -   "schema_changed": true,
[2025-06-04T17:54:02.433+0000] {subprocess.py:93} INFO -   "record_count": 5
[2025-06-04T17:54:02.433+0000] {subprocess.py:93} INFO - }
[2025-06-04T17:54:02.556+0000] {subprocess.py:93} INFO - 25/06/04 17:54:02 INFO SparkContext: Invoking stop() from shutdown hook
[2025-06-04T17:54:02.557+0000] {subprocess.py:93} INFO - 25/06/04 17:54:02 INFO SparkContext: SparkContext is stopping with exitCode 0.
[2025-06-04T17:54:02.570+0000] {subprocess.py:93} INFO - 25/06/04 17:54:02 INFO SparkUI: Stopped Spark web UI at http://96233e9a0e62:4040
[2025-06-04T17:54:02.584+0000] {subprocess.py:93} INFO - 25/06/04 17:54:02 INFO MapOutputTrackerMasterEndpoint: MapOutputTrackerMasterEndpoint stopped!
[2025-06-04T17:54:02.598+0000] {subprocess.py:93} INFO - 25/06/04 17:54:02 INFO MemoryStore: MemoryStore cleared
[2025-06-04T17:54:02.599+0000] {subprocess.py:93} INFO - 25/06/04 17:54:02 INFO BlockManager: BlockManager stopped
[2025-06-04T17:54:02.603+0000] {subprocess.py:93} INFO - 25/06/04 17:54:02 INFO BlockManagerMaster: BlockManagerMaster stopped
[2025-06-04T17:54:02.606+0000] {subprocess.py:93} INFO - 25/06/04 17:54:02 INFO OutputCommitCoordinator$OutputCommitCoordinatorEndpoint: OutputCommitCoordinator stopped!
[2025-06-04T17:54:02.615+0000] {subprocess.py:93} INFO - 25/06/04 17:54:02 INFO SparkContext: Successfully stopped SparkContext
[2025-06-04T17:54:02.616+0000] {subprocess.py:93} INFO - 25/06/04 17:54:02 INFO ShutdownHookManager: Shutdown hook called
[2025-06-04T17:54:02.616+0000] {subprocess.py:93} INFO - 25/06/04 17:54:02 INFO ShutdownHookManager: Deleting directory /tmp/spark-cb012d00-2c44-469d-ab53-ea616b854e21
[2025-06-04T17:54:02.619+0000] {subprocess.py:93} INFO - 25/06/04 17:54:02 INFO ShutdownHookManager: Deleting directory /tmp/spark-6ae4aef5-fb9b-4de7-a076-afe929527741
[2025-06-04T17:54:02.623+0000] {subprocess.py:93} INFO - 25/06/04 17:54:02 INFO ShutdownHookManager: Deleting directory /tmp/spark-6ae4aef5-fb9b-4de7-a076-afe929527741/pyspark-9e2c450f-4625-412b-9c72-8c0376e446f5
[2025-06-04T17:54:02.696+0000] {subprocess.py:97} INFO - Command exited with return code 0
[2025-06-04T17:54:02.733+0000] {taskinstance.py:1138} INFO - Marking task as SUCCESS. dag_id=schema_evolution_framework, task_id=run_schema_evolution, execution_date=20250604T175342, start_date=20250604T175349, end_date=20250604T175402
[2025-06-04T17:54:02.761+0000] {local_task_job_runner.py:234} INFO - Task exited with return code 0
[2025-06-04T17:54:02.780+0000] {taskinstance.py:3280} INFO - 0 downstream tasks scheduled from follow-on schedule check
