[2025-06-11T11:42:42.729+0000] {taskinstance.py:1956} INFO - Dependencies all met for dep_context=non-requeueable deps ti=<TaskInstance: master_etl_dag_v4.load_dim_payment_method scheduled__2025-06-10T02:00:00+00:00 [queued]>
[2025-06-11T11:42:42.772+0000] {taskinstance.py:1956} INFO - Dependencies all met for dep_context=requeueable deps ti=<TaskInstance: master_etl_dag_v4.load_dim_payment_method scheduled__2025-06-10T02:00:00+00:00 [queued]>
[2025-06-11T11:42:42.773+0000] {taskinstance.py:2170} INFO - Starting attempt 1 of 2
[2025-06-11T11:42:42.828+0000] {taskinstance.py:2191} INFO - Executing <Task(TriggerDagRunOperator): load_dim_payment_method> on 2025-06-10 02:00:00+00:00
[2025-06-11T11:42:42.844+0000] {standard_task_runner.py:60} INFO - Started process 28932 to run task
[2025-06-11T11:42:42.855+0000] {standard_task_runner.py:87} INFO - Running: ['airflow', 'tasks', 'run', 'master_etl_dag_v4', 'load_dim_payment_method', 'scheduled__2025-06-10T02:00:00+00:00', '--job-id', '1621', '--raw', '--subdir', 'DAGS_FOLDER/dwh/etl_pipeline.py', '--cfg-path', '/tmp/tmpqm22ic3a']
[2025-06-11T11:42:42.860+0000] {standard_task_runner.py:88} INFO - Job 1621: Subtask load_dim_payment_method
[2025-06-11T11:42:42.911+0000] {logging_mixin.py:188} WARNING - /home/airflow/.local/lib/python3.10/site-packages/airflow/settings.py:194 DeprecationWarning: The sql_alchemy_conn option in [core] has been moved to the sql_alchemy_conn option in [database] - the old setting has been used, but please update your config.
[2025-06-11T11:42:42.997+0000] {task_command.py:423} INFO - Running <TaskInstance: master_etl_dag_v4.load_dim_payment_method scheduled__2025-06-10T02:00:00+00:00 [running]> on host 8b0a421f0af7
[2025-06-11T11:42:43.254+0000] {taskinstance.py:2480} INFO - Exporting env vars: AIRFLOW_CTX_DAG_OWNER='data_team' AIRFLOW_CTX_DAG_ID='master_etl_dag_v4' AIRFLOW_CTX_TASK_ID='load_dim_payment_method' AIRFLOW_CTX_EXECUTION_DATE='2025-06-10T02:00:00+00:00' AIRFLOW_CTX_TRY_NUMBER='1' AIRFLOW_CTX_DAG_RUN_ID='scheduled__2025-06-10T02:00:00+00:00'
[2025-06-11T11:42:43.557+0000] {trigger_dagrun.py:210} INFO - Waiting for payment_method_to_snowflake on 2025-06-11 11:42:43.255469+00:00 to become allowed state ['success'] ...
[2025-06-11T14:38:35.384+0000] {taskinstance.py:1956} INFO - Dependencies all met for dep_context=non-requeueable deps ti=<TaskInstance: master_etl_dag_v4.load_dim_payment_method scheduled__2025-06-10T02:00:00+00:00 [queued]>
[2025-06-11T14:38:35.397+0000] {taskinstance.py:1956} INFO - Dependencies all met for dep_context=requeueable deps ti=<TaskInstance: master_etl_dag_v4.load_dim_payment_method scheduled__2025-06-10T02:00:00+00:00 [queued]>
[2025-06-11T14:38:35.397+0000] {taskinstance.py:2170} INFO - Starting attempt 1 of 2
[2025-06-11T14:38:35.412+0000] {taskinstance.py:2191} INFO - Executing <Task(TriggerDagRunOperator): load_dim_payment_method> on 2025-06-10 02:00:00+00:00
[2025-06-11T14:38:35.420+0000] {standard_task_runner.py:60} INFO - Started process 1134 to run task
[2025-06-11T14:38:35.424+0000] {standard_task_runner.py:87} INFO - Running: ['airflow', 'tasks', 'run', 'master_etl_dag_v4', 'load_dim_payment_method', 'scheduled__2025-06-10T02:00:00+00:00', '--job-id', '5', '--raw', '--subdir', 'DAGS_FOLDER/dwh/etl_pipeline.py', '--cfg-path', '/tmp/tmphfqsaq_8']
[2025-06-11T14:38:35.428+0000] {standard_task_runner.py:88} INFO - Job 5: Subtask load_dim_payment_method
[2025-06-11T14:38:35.453+0000] {logging_mixin.py:188} WARNING - /home/airflow/.local/lib/python3.10/site-packages/airflow/settings.py:194 DeprecationWarning: The sql_alchemy_conn option in [core] has been moved to the sql_alchemy_conn option in [database] - the old setting has been used, but please update your config.
[2025-06-11T14:38:35.516+0000] {task_command.py:423} INFO - Running <TaskInstance: master_etl_dag_v4.load_dim_payment_method scheduled__2025-06-10T02:00:00+00:00 [running]> on host 94d2ab00ac05
[2025-06-11T14:38:35.635+0000] {taskinstance.py:2480} INFO - Exporting env vars: AIRFLOW_CTX_DAG_OWNER='data_team' AIRFLOW_CTX_DAG_ID='master_etl_dag_v4' AIRFLOW_CTX_TASK_ID='load_dim_payment_method' AIRFLOW_CTX_EXECUTION_DATE='2025-06-10T02:00:00+00:00' AIRFLOW_CTX_TRY_NUMBER='1' AIRFLOW_CTX_DAG_RUN_ID='scheduled__2025-06-10T02:00:00+00:00'
[2025-06-11T14:38:35.761+0000] {trigger_dagrun.py:210} INFO - Waiting for payment_method_to_snowflake on 2025-06-11 14:38:35.636355+00:00 to become allowed state ['success'] ...
[2025-06-11T14:39:05.920+0000] {trigger_dagrun.py:210} INFO - Waiting for payment_method_to_snowflake on 2025-06-11 14:38:35.636355+00:00 to become allowed state ['success'] ...
[2025-06-11T14:40:00.231+0000] {trigger_dagrun.py:210} INFO - Waiting for payment_method_to_snowflake on 2025-06-11 14:38:35.636355+00:00 to become allowed state ['success'] ...
