[2025-06-11T10:32:10.523+0000] {taskinstance.py:1956} INFO - Dependencies all met for dep_context=non-requeueable deps ti=<TaskInstance: master_etl_dag_v2.fetch_postgres_data_to_parquet scheduled__2025-06-10T02:00:00+00:00 [queued]>
[2025-06-11T10:32:10.557+0000] {taskinstance.py:1956} INFO - Dependencies all met for dep_context=requeueable deps ti=<TaskInstance: master_etl_dag_v2.fetch_postgres_data_to_parquet scheduled__2025-06-10T02:00:00+00:00 [queued]>
[2025-06-11T10:32:10.562+0000] {taskinstance.py:2170} INFO - Starting attempt 2 of 2
[2025-06-11T10:32:10.638+0000] {taskinstance.py:2191} INFO - Executing <Task(TriggerDagRunOperator): fetch_postgres_data_to_parquet> on 2025-06-10 02:00:00+00:00
[2025-06-11T10:32:10.654+0000] {standard_task_runner.py:60} INFO - Started process 231 to run task
[2025-06-11T10:32:10.663+0000] {standard_task_runner.py:87} INFO - Running: ['airflow', 'tasks', 'run', 'master_etl_dag_v2', 'fetch_postgres_data_to_parquet', 'scheduled__2025-06-10T02:00:00+00:00', '--job-id', '1563', '--raw', '--subdir', 'DAGS_FOLDER/dwh/etl_pipeline.py', '--cfg-path', '/tmp/tmp4l7_vwxd']
[2025-06-11T10:32:10.672+0000] {standard_task_runner.py:88} INFO - Job 1563: Subtask fetch_postgres_data_to_parquet
[2025-06-11T10:32:10.730+0000] {logging_mixin.py:188} WARNING - /home/airflow/.local/lib/python3.10/site-packages/airflow/settings.py:194 DeprecationWarning: The sql_alchemy_conn option in [core] has been moved to the sql_alchemy_conn option in [database] - the old setting has been used, but please update your config.
[2025-06-11T10:32:10.912+0000] {task_command.py:423} INFO - Running <TaskInstance: master_etl_dag_v2.fetch_postgres_data_to_parquet scheduled__2025-06-10T02:00:00+00:00 [running]> on host 0290689661db
[2025-06-11T10:32:11.315+0000] {taskinstance.py:2480} INFO - Exporting env vars: AIRFLOW_CTX_DAG_OWNER='data_team' AIRFLOW_CTX_DAG_ID='master_etl_dag_v2' AIRFLOW_CTX_TASK_ID='fetch_postgres_data_to_parquet' AIRFLOW_CTX_EXECUTION_DATE='2025-06-10T02:00:00+00:00' AIRFLOW_CTX_TRY_NUMBER='2' AIRFLOW_CTX_DAG_RUN_ID='scheduled__2025-06-10T02:00:00+00:00'
[2025-06-11T10:32:11.895+0000] {trigger_dagrun.py:210} INFO - Waiting for extract_postgres_table_to_parquet on 2025-06-11 10:32:11.318648+00:00 to become allowed state ['success'] ...
[2025-06-11T10:32:41.970+0000] {trigger_dagrun.py:210} INFO - Waiting for extract_postgres_table_to_parquet on 2025-06-11 10:32:11.318648+00:00 to become allowed state ['success'] ...
[2025-06-11T10:33:12.056+0000] {trigger_dagrun.py:210} INFO - Waiting for extract_postgres_table_to_parquet on 2025-06-11 10:32:11.318648+00:00 to become allowed state ['success'] ...
[2025-06-11T10:33:42.216+0000] {trigger_dagrun.py:210} INFO - Waiting for extract_postgres_table_to_parquet on 2025-06-11 10:32:11.318648+00:00 to become allowed state ['success'] ...
[2025-06-11T10:34:12.292+0000] {trigger_dagrun.py:210} INFO - Waiting for extract_postgres_table_to_parquet on 2025-06-11 10:32:11.318648+00:00 to become allowed state ['success'] ...
[2025-06-11T10:34:42.355+0000] {trigger_dagrun.py:210} INFO - Waiting for extract_postgres_table_to_parquet on 2025-06-11 10:32:11.318648+00:00 to become allowed state ['success'] ...
[2025-06-11T10:35:12.457+0000] {trigger_dagrun.py:210} INFO - Waiting for extract_postgres_table_to_parquet on 2025-06-11 10:32:11.318648+00:00 to become allowed state ['success'] ...
[2025-06-11T10:35:42.515+0000] {trigger_dagrun.py:210} INFO - Waiting for extract_postgres_table_to_parquet on 2025-06-11 10:32:11.318648+00:00 to become allowed state ['success'] ...
[2025-06-11T10:36:12.601+0000] {trigger_dagrun.py:210} INFO - Waiting for extract_postgres_table_to_parquet on 2025-06-11 10:32:11.318648+00:00 to become allowed state ['success'] ...
[2025-06-11T10:36:42.664+0000] {trigger_dagrun.py:210} INFO - Waiting for extract_postgres_table_to_parquet on 2025-06-11 10:32:11.318648+00:00 to become allowed state ['success'] ...
[2025-06-11T10:37:12.760+0000] {trigger_dagrun.py:210} INFO - Waiting for extract_postgres_table_to_parquet on 2025-06-11 10:32:11.318648+00:00 to become allowed state ['success'] ...
[2025-06-11T10:37:42.855+0000] {trigger_dagrun.py:210} INFO - Waiting for extract_postgres_table_to_parquet on 2025-06-11 10:32:11.318648+00:00 to become allowed state ['success'] ...
[2025-06-11T10:38:12.903+0000] {trigger_dagrun.py:210} INFO - Waiting for extract_postgres_table_to_parquet on 2025-06-11 10:32:11.318648+00:00 to become allowed state ['success'] ...
[2025-06-11T10:38:42.957+0000] {trigger_dagrun.py:223} INFO - extract_postgres_table_to_parquet finished with allowed state success
[2025-06-11T10:38:43.092+0000] {taskinstance.py:1138} INFO - Marking task as SUCCESS. dag_id=master_etl_dag_v2, task_id=fetch_postgres_data_to_parquet, execution_date=20250610T020000, start_date=20250611T103210, end_date=20250611T103843
[2025-06-11T10:38:43.351+0000] {local_task_job_runner.py:234} INFO - Task exited with return code 0
[2025-06-11T10:38:43.854+0000] {taskinstance.py:3280} INFO - 0 downstream tasks scheduled from follow-on schedule check
