[2025-06-11T10:20:48.255+0000] {taskinstance.py:1956} INFO - Dependencies all met for dep_context=non-requeueable deps ti=<TaskInstance: master_etl_dag_v2.fetch_postgres_data_to_parquet scheduled__2025-06-10T02:00:00+00:00 [queued]>
[2025-06-11T10:20:48.269+0000] {taskinstance.py:1956} INFO - Dependencies all met for dep_context=requeueable deps ti=<TaskInstance: master_etl_dag_v2.fetch_postgres_data_to_parquet scheduled__2025-06-10T02:00:00+00:00 [queued]>
[2025-06-11T10:20:48.270+0000] {taskinstance.py:2170} INFO - Starting attempt 1 of 2
[2025-06-11T10:20:48.292+0000] {taskinstance.py:2191} INFO - Executing <Task(TriggerDagRunOperator): fetch_postgres_data_to_parquet> on 2025-06-10 02:00:00+00:00
[2025-06-11T10:20:48.299+0000] {standard_task_runner.py:60} INFO - Started process 5274 to run task
[2025-06-11T10:20:48.305+0000] {standard_task_runner.py:87} INFO - Running: ['airflow', 'tasks', 'run', 'master_etl_dag_v2', 'fetch_postgres_data_to_parquet', 'scheduled__2025-06-10T02:00:00+00:00', '--job-id', '1523', '--raw', '--subdir', 'DAGS_FOLDER/dwh/etl_pipeline.py', '--cfg-path', '/tmp/tmp4a6ecvg6']
[2025-06-11T10:20:48.307+0000] {standard_task_runner.py:88} INFO - Job 1523: Subtask fetch_postgres_data_to_parquet
[2025-06-11T10:20:48.339+0000] {logging_mixin.py:188} WARNING - /home/airflow/.local/lib/python3.10/site-packages/airflow/settings.py:194 DeprecationWarning: The sql_alchemy_conn option in [core] has been moved to the sql_alchemy_conn option in [database] - the old setting has been used, but please update your config.
[2025-06-11T10:20:48.417+0000] {task_command.py:423} INFO - Running <TaskInstance: master_etl_dag_v2.fetch_postgres_data_to_parquet scheduled__2025-06-10T02:00:00+00:00 [running]> on host 0290689661db
[2025-06-11T10:20:48.607+0000] {taskinstance.py:2480} INFO - Exporting env vars: AIRFLOW_CTX_DAG_OWNER='data_team' AIRFLOW_CTX_DAG_ID='master_etl_dag_v2' AIRFLOW_CTX_TASK_ID='fetch_postgres_data_to_parquet' AIRFLOW_CTX_EXECUTION_DATE='2025-06-10T02:00:00+00:00' AIRFLOW_CTX_TRY_NUMBER='1' AIRFLOW_CTX_DAG_RUN_ID='scheduled__2025-06-10T02:00:00+00:00'
[2025-06-11T10:20:48.792+0000] {trigger_dagrun.py:210} INFO - Waiting for extract_postgres_table_to_parquet on 2025-06-11 10:20:48.608384+00:00 to become allowed state ['success'] ...
[2025-06-11T10:21:18.809+0000] {trigger_dagrun.py:210} INFO - Waiting for extract_postgres_table_to_parquet on 2025-06-11 10:20:48.608384+00:00 to become allowed state ['success'] ...
[2025-06-11T10:21:48.849+0000] {trigger_dagrun.py:210} INFO - Waiting for extract_postgres_table_to_parquet on 2025-06-11 10:20:48.608384+00:00 to become allowed state ['success'] ...
[2025-06-11T10:22:18.889+0000] {trigger_dagrun.py:210} INFO - Waiting for extract_postgres_table_to_parquet on 2025-06-11 10:20:48.608384+00:00 to become allowed state ['success'] ...
[2025-06-11T10:22:48.929+0000] {trigger_dagrun.py:210} INFO - Waiting for extract_postgres_table_to_parquet on 2025-06-11 10:20:48.608384+00:00 to become allowed state ['success'] ...
[2025-06-11T10:23:18.978+0000] {trigger_dagrun.py:210} INFO - Waiting for extract_postgres_table_to_parquet on 2025-06-11 10:20:48.608384+00:00 to become allowed state ['success'] ...
[2025-06-11T10:23:49.023+0000] {trigger_dagrun.py:210} INFO - Waiting for extract_postgres_table_to_parquet on 2025-06-11 10:20:48.608384+00:00 to become allowed state ['success'] ...
[2025-06-11T10:24:19.067+0000] {trigger_dagrun.py:210} INFO - Waiting for extract_postgres_table_to_parquet on 2025-06-11 10:20:48.608384+00:00 to become allowed state ['success'] ...
[2025-06-11T10:24:49.110+0000] {trigger_dagrun.py:210} INFO - Waiting for extract_postgres_table_to_parquet on 2025-06-11 10:20:48.608384+00:00 to become allowed state ['success'] ...
[2025-06-11T10:25:19.171+0000] {trigger_dagrun.py:210} INFO - Waiting for extract_postgres_table_to_parquet on 2025-06-11 10:20:48.608384+00:00 to become allowed state ['success'] ...
[2025-06-11T10:25:49.360+0000] {trigger_dagrun.py:210} INFO - Waiting for extract_postgres_table_to_parquet on 2025-06-11 10:20:48.608384+00:00 to become allowed state ['success'] ...
