[2025-06-11T02:42:25.866+0000] {taskinstance.py:1956} INFO - Dependencies all met for dep_context=non-requeueable deps ti=<TaskInstance: multi_region_to_snowflake.process_region_eu.process_inventory_eu scheduled__2025-06-10T00:00:00+00:00 [queued]>
[2025-06-11T02:42:25.896+0000] {taskinstance.py:1956} INFO - Dependencies all met for dep_context=requeueable deps ti=<TaskInstance: multi_region_to_snowflake.process_region_eu.process_inventory_eu scheduled__2025-06-10T00:00:00+00:00 [queued]>
[2025-06-11T02:42:25.897+0000] {taskinstance.py:2170} INFO - Starting attempt 1 of 2
[2025-06-11T02:42:25.935+0000] {taskinstance.py:2191} INFO - Executing <Task(_PythonDecoratedOperator): process_region_eu.process_inventory_eu> on 2025-06-10 00:00:00+00:00
[2025-06-11T02:42:25.960+0000] {standard_task_runner.py:60} INFO - Started process 44197 to run task
[2025-06-11T02:42:25.966+0000] {standard_task_runner.py:87} INFO - Running: ['airflow', 'tasks', 'run', 'multi_region_to_snowflake', 'process_region_eu.process_inventory_eu', 'scheduled__2025-06-10T00:00:00+00:00', '--job-id', '1255', '--raw', '--subdir', 'DAGS_FOLDER/master_dag.py', '--cfg-path', '/tmp/tmpn9jgg751']
[2025-06-11T02:42:25.971+0000] {standard_task_runner.py:88} INFO - Job 1255: Subtask process_region_eu.process_inventory_eu
[2025-06-11T02:42:26.155+0000] {task_command.py:423} INFO - Running <TaskInstance: multi_region_to_snowflake.process_region_eu.process_inventory_eu scheduled__2025-06-10T00:00:00+00:00 [running]> on host 5039a2bbff84
[2025-06-11T02:42:26.474+0000] {taskinstance.py:2480} INFO - Exporting env vars: AIRFLOW_CTX_DAG_OWNER='data-team' AIRFLOW_CTX_DAG_ID='multi_region_to_snowflake' AIRFLOW_CTX_TASK_ID='process_region_eu.process_inventory_eu' AIRFLOW_CTX_EXECUTION_DATE='2025-06-10T00:00:00+00:00' AIRFLOW_CTX_TRY_NUMBER='1' AIRFLOW_CTX_DAG_RUN_ID='scheduled__2025-06-10T00:00:00+00:00'
[2025-06-11T02:42:39.641+0000] {logging_mixin.py:188} INFO - Processing inventory for region eu
[2025-06-11T02:42:52.579+0000] {logging_mixin.py:188} INFO - STAGING_EU
[2025-06-11T02:43:03.664+0000] {logging_mixin.py:188} INFO - +------------+----------+------------------+------------------+-----------------+-------------+-------------------+-------------------+-------+--------+
|inventory_id|variant_id|warehouse_location|quantity_available|quantity_reserved|reorder_level|  last_restocked_at|         updated_at|_region| _source|
+------------+----------+------------------+------------------+-----------------+-------------+-------------------+-------------------+-------+--------+
|           1|         1|          EU-DE-01|               150|               25|           50|2024-01-15 09:30:00|2025-06-08 19:22:57|     eu|postgres|
|           2|         2|          EU-DE-01|                75|               15|           30|2024-01-20 13:15:00|2025-06-08 19:22:57|     eu|postgres|
|           3|         3|          EU-NL-02|                45|                8|           20|2024-01-18 08:45:00|2025-06-08 19:22:57|     eu|postgres|
|           4|         4|          EU-FR-03|               200|               35|           75|2024-01-22 10:20:00|2025-06-08 19:22:57|     eu|postgres|
|           5|         5|          EU-FR-03|               120|               20|           40|2024-01-25 15:30:00|2025-06-08 19:22:57|     eu|postgres|
|           6|         6|          EU-DE-01|                85|               12|           25|2024-01-19 12:45:00|2025-06-08 19:22:57|     eu|postgres|
|           7|         7|          EU-IT-04|                65|               10|           20|2024-01-21 07:15:00|2025-06-08 19:22:57|     eu|postgres|
|           8|         8|          EU-NL-02|               300|               45|          100|2024-01-23 11:00:00|2025-06-08 19:22:57|     eu|postgres|
|           9|         9|          EU-DE-01|               180|               30|           60|2024-01-24 14:20:00|2025-06-08 19:22:57|     eu|postgres|
|          10|        10|          EU-FR-03|               220|               40|           80|2024-01-26 09:45:00|2025-06-08 19:22:57|     eu|postgres|
+------------+----------+------------------+------------------+-----------------+-------------+-------------------+-------------------+-------+--------+
only showing top 10 rows
[2025-06-11T02:43:03.665+0000] {logging_mixin.py:188} INFO - Inserting into snowflake
[2025-06-11T02:43:19.121+0000] {logging_mixin.py:188} INFO - successfully inserted in snowflake
[2025-06-11T02:43:19.152+0000] {crypto.py:82} WARNING - empty cryptography key - values will not be stored encrypted.
[2025-06-11T02:43:21.074+0000] {logging_mixin.py:188} INFO - Successfully processed 40 records for inventory in eu
[2025-06-11T02:43:22.350+0000] {python.py:201} INFO - Done. Returned value was: {'region': 'eu', 'table': 'inventory', 'record_count': 40, 'status': 'success'}
[2025-06-11T02:43:22.422+0000] {taskinstance.py:1138} INFO - Marking task as SUCCESS. dag_id=multi_region_to_snowflake, task_id=process_region_eu.process_inventory_eu, execution_date=20250610T000000, start_date=20250611T024225, end_date=20250611T024322
[2025-06-11T02:43:22.495+0000] {local_task_job_runner.py:234} INFO - Task exited with return code 0
[2025-06-11T02:43:22.543+0000] {taskinstance.py:3280} INFO - 0 downstream tasks scheduled from follow-on schedule check
