[2025-06-04T20:18:30.318+0000] {taskinstance.py:1956} INFO - Dependencies all met for dep_context=non-requeueable deps ti=<TaskInstance: schema_evolution_framework.run_schema_evolution manual__2025-06-04T20:17:32+00:00 [queued]>
[2025-06-04T20:18:30.326+0000] {taskinstance.py:1956} INFO - Dependencies all met for dep_context=requeueable deps ti=<TaskInstance: schema_evolution_framework.run_schema_evolution manual__2025-06-04T20:17:32+00:00 [queued]>
[2025-06-04T20:18:30.326+0000] {taskinstance.py:2170} INFO - Starting attempt 1 of 2
[2025-06-04T20:18:30.340+0000] {taskinstance.py:2191} INFO - Executing <Task(BashOperator): run_schema_evolution> on 2025-06-04 20:17:32+00:00
[2025-06-04T20:18:30.344+0000] {standard_task_runner.py:60} INFO - Started process 6526 to run task
[2025-06-04T20:18:30.348+0000] {standard_task_runner.py:87} INFO - Running: ['airflow', 'tasks', 'run', 'schema_evolution_framework', 'run_schema_evolution', 'manual__2025-06-04T20:17:32+00:00', '--job-id', '69', '--raw', '--subdir', 'DAGS_FOLDER/schema_drift/schema_drift.py', '--cfg-path', '/tmp/tmpw6xewuj3']
[2025-06-04T20:18:30.349+0000] {standard_task_runner.py:88} INFO - Job 69: Subtask run_schema_evolution
[2025-06-04T20:18:30.365+0000] {logging_mixin.py:188} WARNING - /home/airflow/.local/lib/python3.10/site-packages/airflow/settings.py:194 DeprecationWarning: The sql_alchemy_conn option in [core] has been moved to the sql_alchemy_conn option in [database] - the old setting has been used, but please update your config.
[2025-06-04T20:18:30.414+0000] {task_command.py:423} INFO - Running <TaskInstance: schema_evolution_framework.run_schema_evolution manual__2025-06-04T20:17:32+00:00 [running]> on host d21a88c59131
[2025-06-04T20:18:30.519+0000] {taskinstance.py:2480} INFO - Exporting env vars: AIRFLOW_CTX_DAG_OWNER='airflow' AIRFLOW_CTX_DAG_ID='schema_evolution_framework' AIRFLOW_CTX_TASK_ID='run_schema_evolution' AIRFLOW_CTX_EXECUTION_DATE='2025-06-04T20:17:32+00:00' AIRFLOW_CTX_TRY_NUMBER='1' AIRFLOW_CTX_DAG_RUN_ID='manual__2025-06-04T20:17:32+00:00'
[2025-06-04T20:18:30.519+0000] {subprocess.py:63} INFO - Tmp dir root location: /tmp
[2025-06-04T20:18:30.520+0000] {subprocess.py:75} INFO - Running command: ['/usr/bin/bash', '-c', 'spark-submit /opt/airflow/scripts/pyspark_jobs/schema_evolution.py --region asia --table customers --load_date 2025-06-05']
[2025-06-04T20:18:30.527+0000] {subprocess.py:86} INFO - Output:
[2025-06-04T20:18:32.860+0000] {subprocess.py:93} INFO - 25/06/04 20:18:32 INFO SparkContext: Running Spark version 3.5.6
[2025-06-04T20:18:32.864+0000] {subprocess.py:93} INFO - 25/06/04 20:18:32 INFO SparkContext: OS info Linux, 6.11.0-26-generic, amd64
[2025-06-04T20:18:32.865+0000] {subprocess.py:93} INFO - 25/06/04 20:18:32 INFO SparkContext: Java version 11.0.24
[2025-06-04T20:18:32.908+0000] {subprocess.py:93} INFO - 25/06/04 20:18:32 WARN NativeCodeLoader: Unable to load native-hadoop library for your platform... using builtin-java classes where applicable
[2025-06-04T20:18:32.983+0000] {subprocess.py:93} INFO - 25/06/04 20:18:32 INFO ResourceUtils: ==============================================================
[2025-06-04T20:18:32.983+0000] {subprocess.py:93} INFO - 25/06/04 20:18:32 INFO ResourceUtils: No custom resources configured for spark.driver.
[2025-06-04T20:18:32.983+0000] {subprocess.py:93} INFO - 25/06/04 20:18:32 INFO ResourceUtils: ==============================================================
[2025-06-04T20:18:32.983+0000] {subprocess.py:93} INFO - 25/06/04 20:18:32 INFO SparkContext: Submitted application: Schema Evolution Framework
[2025-06-04T20:18:33.003+0000] {subprocess.py:93} INFO - 25/06/04 20:18:33 INFO ResourceProfile: Default ResourceProfile created, executor resources: Map(cores -> name: cores, amount: 1, script: , vendor: , memory -> name: memory, amount: 1024, script: , vendor: , offHeap -> name: offHeap, amount: 0, script: , vendor: ), task resources: Map(cpus -> name: cpus, amount: 1.0)
[2025-06-04T20:18:33.018+0000] {subprocess.py:93} INFO - 25/06/04 20:18:33 INFO ResourceProfile: Limiting resource is cpu
[2025-06-04T20:18:33.018+0000] {subprocess.py:93} INFO - 25/06/04 20:18:33 INFO ResourceProfileManager: Added ResourceProfile id: 0
[2025-06-04T20:18:33.074+0000] {subprocess.py:93} INFO - 25/06/04 20:18:33 INFO SecurityManager: Changing view acls to: airflow
[2025-06-04T20:18:33.075+0000] {subprocess.py:93} INFO - 25/06/04 20:18:33 INFO SecurityManager: Changing modify acls to: airflow
[2025-06-04T20:18:33.075+0000] {subprocess.py:93} INFO - 25/06/04 20:18:33 INFO SecurityManager: Changing view acls groups to:
[2025-06-04T20:18:33.075+0000] {subprocess.py:93} INFO - 25/06/04 20:18:33 INFO SecurityManager: Changing modify acls groups to:
[2025-06-04T20:18:33.076+0000] {subprocess.py:93} INFO - 25/06/04 20:18:33 INFO SecurityManager: SecurityManager: authentication disabled; ui acls disabled; users with view permissions: airflow; groups with view permissions: EMPTY; users with modify permissions: airflow; groups with modify permissions: EMPTY
[2025-06-04T20:18:33.460+0000] {subprocess.py:93} INFO - 25/06/04 20:18:33 INFO Utils: Successfully started service 'sparkDriver' on port 37009.
[2025-06-04T20:18:33.498+0000] {subprocess.py:93} INFO - 25/06/04 20:18:33 INFO SparkEnv: Registering MapOutputTracker
[2025-06-04T20:18:33.543+0000] {subprocess.py:93} INFO - 25/06/04 20:18:33 INFO SparkEnv: Registering BlockManagerMaster
[2025-06-04T20:18:33.594+0000] {subprocess.py:93} INFO - 25/06/04 20:18:33 INFO BlockManagerMasterEndpoint: Using org.apache.spark.storage.DefaultTopologyMapper for getting topology information
[2025-06-04T20:18:33.595+0000] {subprocess.py:93} INFO - 25/06/04 20:18:33 INFO BlockManagerMasterEndpoint: BlockManagerMasterEndpoint up
[2025-06-04T20:18:33.603+0000] {subprocess.py:93} INFO - 25/06/04 20:18:33 INFO SparkEnv: Registering BlockManagerMasterHeartbeat
[2025-06-04T20:18:33.641+0000] {subprocess.py:93} INFO - 25/06/04 20:18:33 INFO DiskBlockManager: Created local directory at /tmp/blockmgr-649935c1-9706-485d-9c99-5bbfdf06f716
[2025-06-04T20:18:33.665+0000] {subprocess.py:93} INFO - 25/06/04 20:18:33 INFO MemoryStore: MemoryStore started with capacity 434.4 MiB
[2025-06-04T20:18:33.687+0000] {subprocess.py:93} INFO - 25/06/04 20:18:33 INFO SparkEnv: Registering OutputCommitCoordinator
[2025-06-04T20:18:33.916+0000] {subprocess.py:93} INFO - 25/06/04 20:18:33 INFO JettyUtils: Start Jetty 0.0.0.0:4040 for SparkUI
[2025-06-04T20:18:33.983+0000] {subprocess.py:93} INFO - 25/06/04 20:18:33 INFO Utils: Successfully started service 'SparkUI' on port 4040.
[2025-06-04T20:18:34.086+0000] {subprocess.py:93} INFO - 25/06/04 20:18:34 INFO Executor: Starting executor ID driver on host d21a88c59131
[2025-06-04T20:18:34.087+0000] {subprocess.py:93} INFO - 25/06/04 20:18:34 INFO Executor: OS info Linux, 6.11.0-26-generic, amd64
[2025-06-04T20:18:34.087+0000] {subprocess.py:93} INFO - 25/06/04 20:18:34 INFO Executor: Java version 11.0.24
[2025-06-04T20:18:34.095+0000] {subprocess.py:93} INFO - 25/06/04 20:18:34 INFO Executor: Starting executor with user classpath (userClassPathFirst = false): ''
[2025-06-04T20:18:34.096+0000] {subprocess.py:93} INFO - 25/06/04 20:18:34 INFO Executor: Created or updated repl class loader org.apache.spark.util.MutableURLClassLoader@54960c4e for default.
[2025-06-04T20:18:34.127+0000] {subprocess.py:93} INFO - 25/06/04 20:18:34 INFO Utils: Successfully started service 'org.apache.spark.network.netty.NettyBlockTransferService' on port 33087.
[2025-06-04T20:18:34.128+0000] {subprocess.py:93} INFO - 25/06/04 20:18:34 INFO NettyBlockTransferService: Server created on d21a88c59131:33087
[2025-06-04T20:18:34.131+0000] {subprocess.py:93} INFO - 25/06/04 20:18:34 INFO BlockManager: Using org.apache.spark.storage.RandomBlockReplicationPolicy for block replication policy
[2025-06-04T20:18:34.143+0000] {subprocess.py:93} INFO - 25/06/04 20:18:34 INFO BlockManagerMaster: Registering BlockManager BlockManagerId(driver, d21a88c59131, 33087, None)
[2025-06-04T20:18:34.149+0000] {subprocess.py:93} INFO - 25/06/04 20:18:34 INFO BlockManagerMasterEndpoint: Registering block manager d21a88c59131:33087 with 434.4 MiB RAM, BlockManagerId(driver, d21a88c59131, 33087, None)
[2025-06-04T20:18:34.154+0000] {subprocess.py:93} INFO - 25/06/04 20:18:34 INFO BlockManagerMaster: Registered BlockManager BlockManagerId(driver, d21a88c59131, 33087, None)
[2025-06-04T20:18:34.155+0000] {subprocess.py:93} INFO - 25/06/04 20:18:34 INFO BlockManager: Initialized BlockManager: BlockManagerId(driver, d21a88c59131, 33087, None)
[2025-06-04T20:18:34.602+0000] {subprocess.py:93} INFO - 25/06/04 20:18:34 INFO SharedState: Setting hive.metastore.warehouse.dir ('null') to the value of spark.sql.warehouse.dir.
[2025-06-04T20:18:34.607+0000] {subprocess.py:93} INFO - 25/06/04 20:18:34 INFO SharedState: Warehouse path is 'file:/tmp/airflowtmpif571zlw/spark-warehouse'.
[2025-06-04T20:18:35.528+0000] {subprocess.py:93} INFO - 25/06/04 20:18:35 INFO InMemoryFileIndex: It took 63 ms to list leaf files for 1 paths.
[2025-06-04T20:18:35.994+0000] {subprocess.py:93} INFO - 25/06/04 20:18:35 INFO SparkContext: Starting job: parquet at NativeMethodAccessorImpl.java:0
[2025-06-04T20:18:36.008+0000] {subprocess.py:93} INFO - 25/06/04 20:18:36 INFO DAGScheduler: Got job 0 (parquet at NativeMethodAccessorImpl.java:0) with 1 output partitions
[2025-06-04T20:18:36.009+0000] {subprocess.py:93} INFO - 25/06/04 20:18:36 INFO DAGScheduler: Final stage: ResultStage 0 (parquet at NativeMethodAccessorImpl.java:0)
[2025-06-04T20:18:36.009+0000] {subprocess.py:93} INFO - 25/06/04 20:18:36 INFO DAGScheduler: Parents of final stage: List()
[2025-06-04T20:18:36.010+0000] {subprocess.py:93} INFO - 25/06/04 20:18:36 INFO DAGScheduler: Missing parents: List()
[2025-06-04T20:18:36.013+0000] {subprocess.py:93} INFO - 25/06/04 20:18:36 INFO DAGScheduler: Submitting ResultStage 0 (MapPartitionsRDD[1] at parquet at NativeMethodAccessorImpl.java:0), which has no missing parents
[2025-06-04T20:18:36.075+0000] {subprocess.py:93} INFO - 25/06/04 20:18:36 INFO MemoryStore: Block broadcast_0 stored as values in memory (estimated size 103.3 KiB, free 434.3 MiB)
[2025-06-04T20:18:36.103+0000] {subprocess.py:93} INFO - 25/06/04 20:18:36 INFO MemoryStore: Block broadcast_0_piece0 stored as bytes in memory (estimated size 37.3 KiB, free 434.3 MiB)
[2025-06-04T20:18:36.105+0000] {subprocess.py:93} INFO - 25/06/04 20:18:36 INFO BlockManagerInfo: Added broadcast_0_piece0 in memory on d21a88c59131:33087 (size: 37.3 KiB, free: 434.4 MiB)
[2025-06-04T20:18:36.108+0000] {subprocess.py:93} INFO - 25/06/04 20:18:36 INFO SparkContext: Created broadcast 0 from broadcast at DAGScheduler.scala:1611
[2025-06-04T20:18:36.122+0000] {subprocess.py:93} INFO - 25/06/04 20:18:36 INFO DAGScheduler: Submitting 1 missing tasks from ResultStage 0 (MapPartitionsRDD[1] at parquet at NativeMethodAccessorImpl.java:0) (first 15 tasks are for partitions Vector(0))
[2025-06-04T20:18:36.123+0000] {subprocess.py:93} INFO - 25/06/04 20:18:36 INFO TaskSchedulerImpl: Adding task set 0.0 with 1 tasks resource profile 0
[2025-06-04T20:18:36.169+0000] {subprocess.py:93} INFO - 25/06/04 20:18:36 INFO TaskSetManager: Starting task 0.0 in stage 0.0 (TID 0) (d21a88c59131, executor driver, partition 0, PROCESS_LOCAL, 9237 bytes)
[2025-06-04T20:18:36.181+0000] {subprocess.py:93} INFO - 25/06/04 20:18:36 INFO Executor: Running task 0.0 in stage 0.0 (TID 0)
[2025-06-04T20:18:36.515+0000] {subprocess.py:93} INFO - 25/06/04 20:18:36 INFO Executor: Finished task 0.0 in stage 0.0 (TID 0). 3137 bytes result sent to driver
[2025-06-04T20:18:36.524+0000] {subprocess.py:93} INFO - 25/06/04 20:18:36 INFO TaskSetManager: Finished task 0.0 in stage 0.0 (TID 0) in 373 ms on d21a88c59131 (executor driver) (1/1)
[2025-06-04T20:18:36.526+0000] {subprocess.py:93} INFO - 25/06/04 20:18:36 INFO TaskSchedulerImpl: Removed TaskSet 0.0, whose tasks have all completed, from pool
[2025-06-04T20:18:36.530+0000] {subprocess.py:93} INFO - 25/06/04 20:18:36 INFO DAGScheduler: ResultStage 0 (parquet at NativeMethodAccessorImpl.java:0) finished in 0.507 s
[2025-06-04T20:18:36.533+0000] {subprocess.py:93} INFO - 25/06/04 20:18:36 INFO DAGScheduler: Job 0 is finished. Cancelling potential speculative or zombie tasks for this job
[2025-06-04T20:18:36.533+0000] {subprocess.py:93} INFO - 25/06/04 20:18:36 INFO TaskSchedulerImpl: Killing all running tasks in stage 0: Stage finished
[2025-06-04T20:18:36.535+0000] {subprocess.py:93} INFO - 25/06/04 20:18:36 INFO DAGScheduler: Job 0 finished: parquet at NativeMethodAccessorImpl.java:0, took 0.540138 s
[2025-06-04T20:18:37.230+0000] {subprocess.py:93} INFO - 25/06/04 20:18:37 INFO BlockManagerInfo: Removed broadcast_0_piece0 on d21a88c59131:33087 in memory (size: 37.3 KiB, free: 434.4 MiB)
[2025-06-04T20:18:37.238+0000] {subprocess.py:93} INFO - Traceback (most recent call last):
[2025-06-04T20:18:37.238+0000] {subprocess.py:93} INFO -   File "/opt/airflow/scripts/pyspark_jobs/schema_evolution.py", line 268, in <module>
[2025-06-04T20:18:37.239+0000] {subprocess.py:93} INFO -     result = process_table_with_schema_evolution(args.region, args.table, args.load_date)
[2025-06-04T20:18:37.239+0000] {subprocess.py:93} INFO -   File "/opt/airflow/scripts/pyspark_jobs/schema_evolution.py", line 200, in process_table_with_schema_evolution
[2025-06-04T20:18:37.239+0000] {subprocess.py:93} INFO -     latest_schema = get_latest_schema(table)
[2025-06-04T20:18:37.239+0000] {subprocess.py:93} INFO -   File "/opt/airflow/scripts/pyspark_jobs/schema_evolution.py", line 63, in get_latest_schema
[2025-06-04T20:18:37.240+0000] {subprocess.py:93} INFO -     dataType=eval(field['type'])(),
[2025-06-04T20:18:37.240+0000] {subprocess.py:93} INFO -   File "<string>", line 1, in <module>
[2025-06-04T20:18:37.240+0000] {subprocess.py:93} INFO - NameError: name 'DateType' is not defined. Did you mean: 'datetime'?
[2025-06-04T20:18:37.284+0000] {subprocess.py:93} INFO - 25/06/04 20:18:37 INFO SparkContext: Invoking stop() from shutdown hook
[2025-06-04T20:18:37.284+0000] {subprocess.py:93} INFO - 25/06/04 20:18:37 INFO SparkContext: SparkContext is stopping with exitCode 0.
[2025-06-04T20:18:37.296+0000] {subprocess.py:93} INFO - 25/06/04 20:18:37 INFO SparkUI: Stopped Spark web UI at http://d21a88c59131:4040
[2025-06-04T20:18:37.307+0000] {subprocess.py:93} INFO - 25/06/04 20:18:37 INFO MapOutputTrackerMasterEndpoint: MapOutputTrackerMasterEndpoint stopped!
[2025-06-04T20:18:37.317+0000] {subprocess.py:93} INFO - 25/06/04 20:18:37 INFO MemoryStore: MemoryStore cleared
[2025-06-04T20:18:37.317+0000] {subprocess.py:93} INFO - 25/06/04 20:18:37 INFO BlockManager: BlockManager stopped
[2025-06-04T20:18:37.320+0000] {subprocess.py:93} INFO - 25/06/04 20:18:37 INFO BlockManagerMaster: BlockManagerMaster stopped
[2025-06-04T20:18:37.322+0000] {subprocess.py:93} INFO - 25/06/04 20:18:37 INFO OutputCommitCoordinator$OutputCommitCoordinatorEndpoint: OutputCommitCoordinator stopped!
[2025-06-04T20:18:37.329+0000] {subprocess.py:93} INFO - 25/06/04 20:18:37 INFO SparkContext: Successfully stopped SparkContext
[2025-06-04T20:18:37.329+0000] {subprocess.py:93} INFO - 25/06/04 20:18:37 INFO ShutdownHookManager: Shutdown hook called
[2025-06-04T20:18:37.330+0000] {subprocess.py:93} INFO - 25/06/04 20:18:37 INFO ShutdownHookManager: Deleting directory /tmp/spark-7760ab8f-1ec6-437d-aeab-5bf5a9127ef9
[2025-06-04T20:18:37.333+0000] {subprocess.py:93} INFO - 25/06/04 20:18:37 INFO ShutdownHookManager: Deleting directory /tmp/spark-c7d0cdee-08b8-48c6-8f22-49c51916ed85
[2025-06-04T20:18:37.336+0000] {subprocess.py:93} INFO - 25/06/04 20:18:37 INFO ShutdownHookManager: Deleting directory /tmp/spark-7760ab8f-1ec6-437d-aeab-5bf5a9127ef9/pyspark-f6a39b82-97c2-4538-a1af-be5ec0119c2d
[2025-06-04T20:18:37.397+0000] {subprocess.py:97} INFO - Command exited with return code 1
[2025-06-04T20:18:37.411+0000] {taskinstance.py:2698} ERROR - Task failed with exception
Traceback (most recent call last):
  File "/home/airflow/.local/lib/python3.10/site-packages/airflow/models/taskinstance.py", line 433, in _execute_task
    result = execute_callable(context=context, **execute_callable_kwargs)
  File "/home/airflow/.local/lib/python3.10/site-packages/airflow/operators/bash.py", line 212, in execute
    raise AirflowException(
airflow.exceptions.AirflowException: Bash command failed. The command returned a non-zero exit code 1.
[2025-06-04T20:18:37.414+0000] {taskinstance.py:1138} INFO - Marking task as UP_FOR_RETRY. dag_id=schema_evolution_framework, task_id=run_schema_evolution, execution_date=20250604T201732, start_date=20250604T201830, end_date=20250604T201837
[2025-06-04T20:18:37.424+0000] {standard_task_runner.py:107} ERROR - Failed to execute job 69 for task run_schema_evolution (Bash command failed. The command returned a non-zero exit code 1.; 6526)
[2025-06-04T20:18:37.440+0000] {local_task_job_runner.py:234} INFO - Task exited with return code 1
[2025-06-04T20:18:37.457+0000] {taskinstance.py:3280} INFO - 0 downstream tasks scheduled from follow-on schedule check
