[2025-06-11T11:48:05.113+0000] {taskinstance.py:1956} INFO - Dependencies all met for dep_context=non-requeueable deps ti=<TaskInstance: extract_postgres_table_to_parquet.run_extraction_us manual__2025-06-11T11:45:22.876396+00:00 [queued]>
[2025-06-11T11:48:05.124+0000] {taskinstance.py:1956} INFO - Dependencies all met for dep_context=requeueable deps ti=<TaskInstance: extract_postgres_table_to_parquet.run_extraction_us manual__2025-06-11T11:45:22.876396+00:00 [queued]>
[2025-06-11T11:48:05.125+0000] {taskinstance.py:2170} INFO - Starting attempt 1 of 1
[2025-06-11T11:48:05.139+0000] {taskinstance.py:2191} INFO - Executing <Task(_PythonDecoratedOperator): run_extraction_us> on 2025-06-11 11:45:22.876396+00:00
[2025-06-11T11:48:05.146+0000] {standard_task_runner.py:60} INFO - Started process 10940 to run task
[2025-06-11T11:48:05.149+0000] {standard_task_runner.py:87} INFO - Running: ['airflow', 'tasks', 'run', 'extract_postgres_table_to_parquet', 'run_extraction_us', 'manual__2025-06-11T11:45:22.876396+00:00', '--job-id', '1666', '--raw', '--subdir', 'DAGS_FOLDER/asia/landing.py', '--cfg-path', '/tmp/tmpny3g4a9k']
[2025-06-11T11:48:05.152+0000] {standard_task_runner.py:88} INFO - Job 1666: Subtask run_extraction_us
[2025-06-11T11:48:05.240+0000] {task_command.py:423} INFO - Running <TaskInstance: extract_postgres_table_to_parquet.run_extraction_us manual__2025-06-11T11:45:22.876396+00:00 [running]> on host 8b0a421f0af7
[2025-06-11T11:48:05.410+0000] {taskinstance.py:2480} INFO - Exporting env vars: AIRFLOW_CTX_DAG_OWNER='airflow' AIRFLOW_CTX_DAG_ID='extract_postgres_table_to_parquet' AIRFLOW_CTX_TASK_ID='run_extraction_us' AIRFLOW_CTX_EXECUTION_DATE='2025-06-11T11:45:22.876396+00:00' AIRFLOW_CTX_TRY_NUMBER='1' AIRFLOW_CTX_DAG_RUN_ID='manual__2025-06-11T11:45:22.876396+00:00'
[2025-06-11T11:48:05.411+0000] {logging_mixin.py:188} INFO - Starting extraction for table: categories in region: us
[2025-06-11T11:48:05.411+0000] {logging_mixin.py:188} INFO - load_date:::::2025-06-11
[2025-06-11T11:48:27.335+0000] {logging_mixin.py:188} INFO - [INFO] Last loaded timestamp: 2025-06-11 02:14:19
[2025-06-11T11:48:30.053+0000] {logging_mixin.py:188} INFO - [INFO] No new records found in us.categories
[2025-06-11T11:48:31.032+0000] {logging_mixin.py:188} INFO - Starting extraction for table: products in region: us
[2025-06-11T11:48:31.032+0000] {logging_mixin.py:188} INFO - load_date:::::2025-06-11
[2025-06-11T11:48:33.500+0000] {logging_mixin.py:188} INFO - [INFO] Last loaded timestamp: 2025-06-11 02:14:19
[2025-06-11T11:48:34.865+0000] {logging_mixin.py:188} INFO - [INFO] No new records found in us.products
[2025-06-11T11:48:35.887+0000] {logging_mixin.py:188} INFO - Starting extraction for table: product_variants in region: us
[2025-06-11T11:48:35.889+0000] {logging_mixin.py:188} INFO - load_date:::::2025-06-11
[2025-06-11T11:48:38.580+0000] {logging_mixin.py:188} INFO - [INFO] Last loaded timestamp: 2025-06-11 02:14:19
[2025-06-11T11:48:39.731+0000] {logging_mixin.py:188} INFO - [INFO] No new records found in us.product_variants
[2025-06-11T11:48:40.725+0000] {logging_mixin.py:188} INFO - Starting extraction for table: inventory in region: us
[2025-06-11T11:48:40.726+0000] {logging_mixin.py:188} INFO - load_date:::::2025-06-11
[2025-06-11T11:48:43.520+0000] {logging_mixin.py:188} INFO - [INFO] Last loaded timestamp: 2025-06-11 02:14:19
[2025-06-11T11:48:44.829+0000] {logging_mixin.py:188} INFO - [INFO] No new records found in us.inventory
[2025-06-11T11:48:45.829+0000] {logging_mixin.py:188} INFO - Starting extraction for table: customers in region: us
[2025-06-11T11:48:45.829+0000] {logging_mixin.py:188} INFO - load_date:::::2025-06-11
[2025-06-11T11:48:49.104+0000] {logging_mixin.py:188} INFO - [INFO] Last loaded timestamp: 2025-06-11 02:14:19
[2025-06-11T11:48:50.456+0000] {logging_mixin.py:188} INFO - [INFO] No new records found in us.customers
[2025-06-11T11:48:51.358+0000] {logging_mixin.py:188} INFO - Starting extraction for table: customer_addresses in region: us
[2025-06-11T11:48:51.358+0000] {logging_mixin.py:188} INFO - load_date:::::2025-06-11
[2025-06-11T11:48:54.095+0000] {logging_mixin.py:188} INFO - [INFO] Last loaded timestamp: 2025-06-11 02:14:19
[2025-06-11T11:48:55.081+0000] {logging_mixin.py:188} INFO - [INFO] No new records found in us.customer_addresses
[2025-06-11T11:48:56.083+0000] {logging_mixin.py:188} INFO - Starting extraction for table: marketing_campaigns in region: us
[2025-06-11T11:48:56.084+0000] {logging_mixin.py:188} INFO - load_date:::::2025-06-11
[2025-06-11T11:48:58.833+0000] {logging_mixin.py:188} INFO - [INFO] Last loaded timestamp: 2025-06-11 02:14:19
[2025-06-11T11:48:59.873+0000] {logging_mixin.py:188} INFO - [INFO] No new records found in us.marketing_campaigns
[2025-06-11T11:49:00.863+0000] {logging_mixin.py:188} INFO - Starting extraction for table: discounts in region: us
[2025-06-11T11:49:00.864+0000] {logging_mixin.py:188} INFO - load_date:::::2025-06-11
[2025-06-11T11:49:03.382+0000] {logging_mixin.py:188} INFO - [INFO] Last loaded timestamp: 2025-06-11 02:14:19
[2025-06-11T11:49:04.128+0000] {logging_mixin.py:188} INFO - [INFO] No new records found in us.discounts
[2025-06-11T11:49:05.133+0000] {logging_mixin.py:188} INFO - Starting extraction for table: shopping_carts in region: us
[2025-06-11T11:49:05.134+0000] {logging_mixin.py:188} INFO - load_date:::::2025-06-11
[2025-06-11T11:49:07.375+0000] {logging_mixin.py:188} INFO - [INFO] Last loaded timestamp: 2025-06-11 02:14:19
[2025-06-11T11:49:08.080+0000] {logging_mixin.py:188} INFO - [INFO] No new records found in us.shopping_carts
[2025-06-11T11:49:09.080+0000] {logging_mixin.py:188} INFO - Starting extraction for table: cart_items in region: us
[2025-06-11T11:49:09.080+0000] {logging_mixin.py:188} INFO - load_date:::::2025-06-11
[2025-06-11T11:49:10.900+0000] {logging_mixin.py:188} INFO - [INFO] Last loaded timestamp: 2025-06-11 02:14:19
[2025-06-11T11:49:11.522+0000] {logging_mixin.py:188} INFO - [INFO] No new records found in us.cart_items
[2025-06-11T11:49:12.521+0000] {logging_mixin.py:188} INFO - Starting extraction for table: orders in region: us
[2025-06-11T11:49:12.521+0000] {logging_mixin.py:188} INFO - load_date:::::2025-06-11
[2025-06-11T11:49:14.594+0000] {logging_mixin.py:188} INFO - [INFO] Last loaded timestamp: 2025-06-11 02:14:19
[2025-06-11T11:49:15.707+0000] {logging_mixin.py:188} INFO - [INFO] No new records found in us.orders
[2025-06-11T11:49:16.707+0000] {logging_mixin.py:188} INFO - Starting extraction for table: order_items in region: us
[2025-06-11T11:49:16.708+0000] {logging_mixin.py:188} INFO - load_date:::::2025-06-11
[2025-06-11T11:49:18.675+0000] {logging_mixin.py:188} INFO - [INFO] Last loaded timestamp: 2025-06-11 02:14:19
[2025-06-11T11:49:19.158+0000] {logging_mixin.py:188} INFO - [INFO] No new records found in us.order_items
[2025-06-11T11:49:20.156+0000] {logging_mixin.py:188} INFO - Starting extraction for table: shipments in region: us
[2025-06-11T11:49:20.156+0000] {logging_mixin.py:188} INFO - load_date:::::2025-06-11
[2025-06-11T11:49:22.110+0000] {logging_mixin.py:188} INFO - [INFO] Last loaded timestamp: 2025-06-11 02:14:19
[2025-06-11T11:49:22.642+0000] {logging_mixin.py:188} INFO - [INFO] No new records found in us.shipments
[2025-06-11T11:49:23.644+0000] {logging_mixin.py:188} INFO - Starting extraction for table: returns in region: us
[2025-06-11T11:49:23.644+0000] {logging_mixin.py:188} INFO - load_date:::::2025-06-11
[2025-06-11T11:49:25.805+0000] {logging_mixin.py:188} INFO - [INFO] Last loaded timestamp: 2025-06-11 02:14:19
[2025-06-11T11:49:26.477+0000] {logging_mixin.py:188} INFO - [INFO] No new records found in us.returns
[2025-06-11T11:49:27.476+0000] {logging_mixin.py:188} INFO - Starting extraction for table: product_reviews in region: us
[2025-06-11T11:49:27.476+0000] {logging_mixin.py:188} INFO - load_date:::::2025-06-11
[2025-06-11T11:49:29.102+0000] {logging_mixin.py:188} INFO - [INFO] Last loaded timestamp: 2025-06-11 02:14:19
[2025-06-11T11:49:29.579+0000] {logging_mixin.py:188} INFO - [INFO] No new records found in us.product_reviews
[2025-06-11T11:49:30.580+0000] {logging_mixin.py:188} INFO - Starting extraction for table: payments in region: us
[2025-06-11T11:49:30.581+0000] {logging_mixin.py:188} INFO - load_date:::::2025-06-11
[2025-06-11T11:49:32.754+0000] {logging_mixin.py:188} INFO - [INFO] Last loaded timestamp: 2025-06-11 02:14:19
[2025-06-11T11:49:33.382+0000] {logging_mixin.py:188} INFO - [INFO] No new records found in us.payments
[2025-06-11T11:49:34.379+0000] {logging_mixin.py:188} INFO - Starting extraction for table: wishlists in region: us
[2025-06-11T11:49:34.379+0000] {logging_mixin.py:188} INFO - load_date:::::2025-06-11
[2025-06-11T11:49:36.645+0000] {logging_mixin.py:188} INFO - [INFO] Last loaded timestamp: 2025-06-11 02:14:19
[2025-06-11T11:49:37.467+0000] {logging_mixin.py:188} INFO - [INFO] No new records found in us.wishlists
[2025-06-11T11:49:38.468+0000] {python.py:201} INFO - Done. Returned value was: None
[2025-06-11T11:49:38.498+0000] {taskinstance.py:1138} INFO - Marking task as SUCCESS. dag_id=extract_postgres_table_to_parquet, task_id=run_extraction_us, execution_date=20250611T114522, start_date=20250611T114805, end_date=20250611T114938
[2025-06-11T11:49:38.555+0000] {local_task_job_runner.py:234} INFO - Task exited with return code 0
[2025-06-11T11:49:38.602+0000] {taskinstance.py:3280} INFO - 0 downstream tasks scheduled from follow-on schedule check
