[2025-06-09T07:26:28.462+0000] {taskinstance.py:1956} INFO - Dependencies all met for dep_context=non-requeueable deps ti=<TaskInstance: multi_region_processor_7.process_region_us.process_shipments_us manual__2025-06-09T07:23:36.480089+00:00 [queued]>
[2025-06-09T07:26:28.491+0000] {taskinstance.py:1956} INFO - Dependencies all met for dep_context=requeueable deps ti=<TaskInstance: multi_region_processor_7.process_region_us.process_shipments_us manual__2025-06-09T07:23:36.480089+00:00 [queued]>
[2025-06-09T07:26:28.492+0000] {taskinstance.py:2170} INFO - Starting attempt 1 of 2
[2025-06-09T07:26:28.534+0000] {taskinstance.py:2191} INFO - Executing <Task(_PythonDecoratedOperator): process_region_us.process_shipments_us> on 2025-06-09 07:23:36.480089+00:00
[2025-06-09T07:26:28.549+0000] {standard_task_runner.py:60} INFO - Started process 68793 to run task
[2025-06-09T07:26:28.554+0000] {standard_task_runner.py:87} INFO - Running: ['airflow', 'tasks', 'run', 'multi_region_processor_7', 'process_region_us.process_shipments_us', 'manual__2025-06-09T07:23:36.480089+00:00', '--job-id', '543', '--raw', '--subdir', 'DAGS_FOLDER/master2.py', '--cfg-path', '/tmp/tmp8jnsolj6']
[2025-06-09T07:26:28.557+0000] {standard_task_runner.py:88} INFO - Job 543: Subtask process_region_us.process_shipments_us
[2025-06-09T07:26:28.609+0000] {logging_mixin.py:188} WARNING - /home/airflow/.local/lib/python3.10/site-packages/airflow/settings.py:194 DeprecationWarning: The sql_alchemy_conn option in [core] has been moved to the sql_alchemy_conn option in [database] - the old setting has been used, but please update your config.
[2025-06-09T07:26:28.735+0000] {task_command.py:423} INFO - Running <TaskInstance: multi_region_processor_7.process_region_us.process_shipments_us manual__2025-06-09T07:23:36.480089+00:00 [running]> on host afcdbcf38bc0
[2025-06-09T07:26:29.036+0000] {taskinstance.py:2480} INFO - Exporting env vars: AIRFLOW_CTX_DAG_OWNER='data-team' AIRFLOW_CTX_DAG_ID='multi_region_processor_7' AIRFLOW_CTX_TASK_ID='process_region_us.process_shipments_us' AIRFLOW_CTX_EXECUTION_DATE='2025-06-09T07:23:36.480089+00:00' AIRFLOW_CTX_TRY_NUMBER='1' AIRFLOW_CTX_DAG_RUN_ID='manual__2025-06-09T07:23:36.480089+00:00'
[2025-06-09T07:26:41.037+0000] {logging_mixin.py:188} INFO - Processing shipments for region us
[2025-06-09T07:26:59.402+0000] {logging_mixin.py:188} INFO - +-----------+--------+--------------------+-------+---------------+-------------------+-----------------------+-------------------------+---------------+--------------------+--------------------+-------+--------+
|shipment_id|order_id|     tracking_number|carrier|shipping_method|  shipped_timestamp|estimated_delivery_date|actual_delivery_timestamp|shipment_status|          created_at|          updated_at|_region| _source|
+-----------+--------+--------------------+-------+---------------+-------------------+-----------------------+-------------------------+---------------+--------------------+--------------------+-------+--------+
|          1|       1|   1Z999AA1234567890|    UPS|         Ground|2024-01-16 13:30:00|             2024-01-18|      2024-01-18 15:45:00|      delivered|2025-06-08 19:23:...|2025-06-08 19:23:...|     us|postgres|
|          2|       2|    7749123456789012|  FedEx|      2-Day Air|2024-01-17 09:15:00|             2024-01-19|                     NULL|     in_transit|2025-06-08 19:23:...|2025-06-08 19:23:...|     us|postgres|
|          3|       3|94001234567890123...|   USPS|  Priority Mail|               NULL|                   NULL|                     NULL|      preparing|2025-06-08 19:23:...|2025-06-08 19:23:...|     us|postgres|
|          4|       4|   1Z999AA9876543210|    UPS|   Next Day Air|2024-01-18 08:45:00|             2024-01-19|      2024-01-19 13:20:00|      delivered|2025-06-08 19:23:...|2025-06-08 19:23:...|     us|postgres|
|          5|       6|    7749987654321098|  FedEx|       Same Day|2024-01-19 10:30:00|             2024-01-19|      2024-01-19 17:15:00|      delivered|2025-06-08 19:23:...|2025-06-08 19:23:...|     us|postgres|
|          6|       7|   1Z999AA5555666677|    UPS|         Ground|2024-01-20 12:20:00|             2024-01-22|                     NULL|     in_transit|2025-06-08 19:23:...|2025-06-08 19:23:...|     us|postgres|
|          7|       8|    7749111122223333|  FedEx|        Express|2024-01-21 14:45:00|             2024-01-23|                     NULL|     in_transit|2025-06-08 19:23:...|2025-06-08 19:23:...|     us|postgres|
|          8|       9|   1Z999AA4444555566|    UPS|         Ground|2024-01-22 07:30:00|             2024-01-24|      2024-01-24 11:10:00|      delivered|2025-06-08 19:23:...|2025-06-08 19:23:...|     us|postgres|
|          1|       1|   1Z999AA1234567890|    UPS|         Ground|2024-01-16 13:30:00|             2024-01-18|      2024-01-18 15:45:00|      delivered|2025-06-08 19:23:...|2025-06-08 19:23:...|     us|postgres|
|          2|       2|    7749123456789012|  FedEx|      2-Day Air|2024-01-17 09:15:00|             2024-01-19|                     NULL|     in_transit|2025-06-08 19:23:...|2025-06-08 19:23:...|     us|postgres|
+-----------+--------+--------------------+-------+---------------+-------------------+-----------------------+-------------------------+---------------+--------------------+--------------------+-------+--------+
only showing top 10 rows
[2025-06-09T07:27:03.261+0000] {logging_mixin.py:188} INFO - Successfully processed 16 records for shipments in us
[2025-06-09T07:27:03.677+0000] {python.py:201} INFO - Done. Returned value was: {'region': 'us', 'table': 'shipments', 'record_count': 16, 'status': 'success'}
[2025-06-09T07:27:03.831+0000] {taskinstance.py:1138} INFO - Marking task as SUCCESS. dag_id=multi_region_processor_7, task_id=process_region_us.process_shipments_us, execution_date=20250609T072336, start_date=20250609T072628, end_date=20250609T072703
[2025-06-09T07:27:03.886+0000] {local_task_job_runner.py:234} INFO - Task exited with return code 0
[2025-06-09T07:27:03.963+0000] {taskinstance.py:3280} INFO - 0 downstream tasks scheduled from follow-on schedule check
