[2025-06-10T14:42:59.079+0000] {taskinstance.py:1956} INFO - Dependencies all met for dep_context=non-requeueable deps ti=<TaskInstance: marketing_performance_to_snowflake.process_marketing_data manual__2025-06-10T14:42:57.678759+00:00 [queued]>
[2025-06-10T14:42:59.086+0000] {taskinstance.py:1956} INFO - Dependencies all met for dep_context=requeueable deps ti=<TaskInstance: marketing_performance_to_snowflake.process_marketing_data manual__2025-06-10T14:42:57.678759+00:00 [queued]>
[2025-06-10T14:42:59.086+0000] {taskinstance.py:2170} INFO - Starting attempt 1 of 2
[2025-06-10T14:42:59.095+0000] {taskinstance.py:2191} INFO - Executing <Task(_PythonDecoratedOperator): process_marketing_data> on 2025-06-10 14:42:57.678759+00:00
[2025-06-10T14:42:59.101+0000] {standard_task_runner.py:60} INFO - Started process 23819 to run task
[2025-06-10T14:42:59.104+0000] {standard_task_runner.py:87} INFO - Running: ['airflow', 'tasks', 'run', 'marketing_performance_to_snowflake', 'process_marketing_data', 'manual__2025-06-10T14:42:57.678759+00:00', '--job-id', '1100', '--raw', '--subdir', 'DAGS_FOLDER/csv_to_snowflake_dag.py', '--cfg-path', '/tmp/tmp5jt6gqdi']
[2025-06-10T14:42:59.105+0000] {standard_task_runner.py:88} INFO - Job 1100: Subtask process_marketing_data
[2025-06-10T14:42:59.161+0000] {task_command.py:423} INFO - Running <TaskInstance: marketing_performance_to_snowflake.process_marketing_data manual__2025-06-10T14:42:57.678759+00:00 [running]> on host 2a1e0c00bfff
[2025-06-10T14:42:59.258+0000] {taskinstance.py:2480} INFO - Exporting env vars: AIRFLOW_CTX_DAG_OWNER='data-team' AIRFLOW_CTX_DAG_ID='marketing_performance_to_snowflake' AIRFLOW_CTX_TASK_ID='process_marketing_data' AIRFLOW_CTX_EXECUTION_DATE='2025-06-10T14:42:57.678759+00:00' AIRFLOW_CTX_TRY_NUMBER='1' AIRFLOW_CTX_DAG_RUN_ID='manual__2025-06-10T14:42:57.678759+00:00'
[2025-06-10T14:42:59.259+0000] {logging_mixin.py:188} INFO - Starting marketing performance data processing for date: 2025-06-08
[2025-06-10T14:42:59.259+0000] {logging_mixin.py:188} INFO - Starting CSV load for table: MARKETING_PERFORMANCE for date: 2025-06-08
[2025-06-10T14:43:03.269+0000] {logging_mixin.py:188} INFO - Processing csv for date 2025-06-08
[2025-06-10T14:43:08.451+0000] {logging_mixin.py:188} INFO - [INFO] Found 4 records in CSV file
[2025-06-10T14:43:08.452+0000] {logging_mixin.py:188} INFO - Sample data:
[2025-06-10T14:43:08.752+0000] {logging_mixin.py:188} INFO - +-----------+------------------+------------+---------------+-----------+-----------+------+---------+-----------+--------------------+-------------+---------------------+----------+----------+
|campaign_id|ad_platform       |ad_id       |ad_group_id    |record_date|impressions|clicks|spend_usd|conversions|conversion_value_usd|source_region|source_system        |created_at|updated_at|
+-----------+------------------+------------+---------------+-----------+-----------+------+---------+-----------+--------------------+-------------+---------------------+----------+----------+
|10         | 'Google Ads'     | 'GA_AD_001'| 'GA_ADGRP_001'| 2024-06-01|5000.0     |100.0 |50.0     |5.0        |250.0               | 'EU'        | 'google_ads_api'    |2025-06-08|2025-06-08|
|10         | 'Facebook Ads'   | 'FB_AD_002'| 'FB_ADGRP_002'| 2024-06-01|8000.0     |120.0 |60.0     |7.0        |350.0               | 'EU'        | 'facebook_ads_api'  |2025-06-08|2025-06-08|
|11         | 'Google Ads'     | 'GA_AD_003'| 'GA_ADGRP_003'| 2024-06-05|3000.0     |80.0  |40.0     |3.0        |150.0               | 'US'        | 'google_ads_api'    |2025-06-08|2025-06-08|
|11         | 'Email Marketing'| 'EMAIL_001'| NULL          | 2024-06-05|10000.0    |150.0 |0.0      |10.0       |600.0               | 'US'        | 'email_platform_api'|2025-06-08|2025-06-09|
+-----------+------------------+------------+---------------+-----------+-----------+------+---------+-----------+--------------------+-------------+---------------------+----------+----------+
[2025-06-10T14:43:08.752+0000] {logging_mixin.py:188} INFO - Loading data to Snowflake table: MARKETING_PERFORMANCE using UPSERT...
[2025-06-10T14:43:08.753+0000] {connection.py:486} INFO - Snowflake Connector for Python Version: 3.15.0, Python Version: 3.10.13, Platform: Linux-6.11.0-26-generic-x86_64-with-glibc2.36
[2025-06-10T14:43:08.753+0000] {connection.py:1391} INFO - Connecting to GLOBAL Snowflake domain
[2025-06-10T14:43:10.820+0000] {logging_mixin.py:188} INFO - Writing data to temporary staging table: ODS.MARKETING_PERFORMANCE_TEMP_STAGE_20250610144308752745
[2025-06-10T14:43:22.900+0000] {logging_mixin.py:188} INFO - Data successfully written to temporary staging table: ODS.MARKETING_PERFORMANCE_TEMP_STAGE_20250610144308752745
[2025-06-10T14:43:22.916+0000] {logging_mixin.py:188} INFO - Executing MERGE statement for ODS.MARKETING_PERFORMANCE from staging table...
[2025-06-10T14:43:22.917+0000] {logging_mixin.py:188} INFO - MERGE SQL: 
            MERGE INTO ODS.MARKETING_PERFORMANCE AS target
            USING ODS.MARKETING_PERFORMANCE_TEMP_STAGE_20250610144308752745 AS source
            ON target.CAMPAIGN_ID = source.CAMPAIGN_ID AND target.SOURCE_REGION = source.SOURCE_REGION
            WHEN MATCHED THEN
                UPDATE SET
                    target.AD_PLATFORM = source.AD_PLATFORM, target.AD_ID = source.AD_ID, target.AD_GROUP_ID = source.AD_GROUP_ID, target.RECORD_DATE = source.RECORD_DATE, target.IMPRESSIONS = source.IMPRESSIONS, target.CLICKS = source.CLICKS, target.SPEND_USD = source.SPEND_USD, target.CONVERSIONS = source.CONVERSIONS, target.CONVERSION_VALUE_USD = source.CONVERSION_VALUE_USD, target.SOURCE_SYSTEM = source.SOURCE_SYSTEM, target.CREATED_AT = source.CREATED_AT, target.UPDATED_AT = source.UPDATED_AT
            WHEN NOT MATCHED THEN
                INSERT (CAMPAIGN_ID, AD_PLATFORM, AD_ID, AD_GROUP_ID, RECORD_DATE, IMPRESSIONS, CLICKS, SPEND_USD, CONVERSIONS, CONVERSION_VALUE_USD, SOURCE_REGION, SOURCE_SYSTEM, CREATED_AT, UPDATED_AT)
                VALUES (source.CAMPAIGN_ID, source.AD_PLATFORM, source.AD_ID, source.AD_GROUP_ID, source.RECORD_DATE, source.IMPRESSIONS, source.CLICKS, source.SPEND_USD, source.CONVERSIONS, source.CONVERSION_VALUE_USD, source.SOURCE_REGION, source.SOURCE_SYSTEM, source.CREATED_AT, source.UPDATED_AT);
        
[2025-06-10T14:43:23.922+0000] {logging_mixin.py:188} INFO - Error during merge operation: 100090 (42P18): 01bcf013-0305-9667-0008-654b0012e052: Duplicate row detected during DML action
Row Values: [10, " 'Google Ads'", " 'GA_AD_001'", " 'GA_ADGRP_001'", 19875, 5000, 100, 5000, 5, 25000, " 'EU'", " 'google_ads_api'", 1749340800000000000, 1749340800000000000]
[2025-06-10T14:43:24.230+0000] {logging_mixin.py:188} INFO - Error in load_dataframe_to_snowflake_with_merge: 100090 (42P18): 01bcf013-0305-9667-0008-654b0012e052: Duplicate row detected during DML action
Row Values: [10, " 'Google Ads'", " 'GA_AD_001'", " 'GA_ADGRP_001'", 19875, 5000, 100, 5000, 5, 25000, " 'EU'", " 'google_ads_api'", 1749340800000000000, 1749340800000000000]
[2025-06-10T14:43:25.046+0000] {connection.py:486} INFO - Snowflake Connector for Python Version: 3.15.0, Python Version: 3.10.13, Platform: Linux-6.11.0-26-generic-x86_64-with-glibc2.36
[2025-06-10T14:43:25.047+0000] {connection.py:1391} INFO - Connecting to GLOBAL Snowflake domain
[2025-06-10T14:43:27.153+0000] {logging_mixin.py:188} INFO - Temporary staging table ODS.MARKETING_PERFORMANCE_TEMP_STAGE_20250610144308752745 dropped successfully.
[2025-06-10T14:43:27.912+0000] {logging_mixin.py:188} INFO - [ERROR] Failed to load data to Snowflake: 100090 (42P18): 01bcf013-0305-9667-0008-654b0012e052: Duplicate row detected during DML action
Row Values: [10, " 'Google Ads'", " 'GA_AD_001'", " 'GA_ADGRP_001'", 19875, 5000, 100, 5000, 5, 25000, " 'EU'", " 'google_ads_api'", 1749340800000000000, 1749340800000000000]
[2025-06-10T14:43:29.661+0000] {logging_mixin.py:188} INFO - Error processing marketing data: 100090 (42P18): 01bcf013-0305-9667-0008-654b0012e052: Duplicate row detected during DML action
Row Values: [10, " 'Google Ads'", " 'GA_AD_001'", " 'GA_ADGRP_001'", 19875, 5000, 100, 5000, 5, 25000, " 'EU'", " 'google_ads_api'", 1749340800000000000, 1749340800000000000]
[2025-06-10T14:43:29.662+0000] {taskinstance.py:2698} ERROR - Task failed with exception
Traceback (most recent call last):
  File "/home/airflow/.local/lib/python3.10/site-packages/airflow/models/taskinstance.py", line 433, in _execute_task
    result = execute_callable(context=context, **execute_callable_kwargs)
  File "/home/airflow/.local/lib/python3.10/site-packages/airflow/decorators/base.py", line 241, in execute
    return_value = super().execute(context)
  File "/home/airflow/.local/lib/python3.10/site-packages/airflow/operators/python.py", line 199, in execute
    return_value = self.execute_callable()
  File "/home/airflow/.local/lib/python3.10/site-packages/airflow/operators/python.py", line 216, in execute_callable
    return self.python_callable(*self.op_args, **self.op_kwargs)
  File "/opt/airflow/dags/csv_to_snowflake_dag.py", line 75, in process_marketing_data
    raise e
  File "/opt/airflow/dags/csv_to_snowflake_dag.py", line 66, in process_marketing_data
    load_csv_to_snowflake(
  File "/opt/airflow/scripts/pyspark_jobs/csv_ods_draft.py", line 236, in load_csv_to_snowflake
    raise e
  File "/opt/airflow/scripts/pyspark_jobs/csv_ods_draft.py", line 225, in load_csv_to_snowflake
    load_dataframe_to_snowflake_with_merge(
  File "/opt/airflow/scripts/pyspark_jobs/csv_ods_draft.py", line 144, in load_dataframe_to_snowflake_with_merge
    perform_merge_from_temp_table(
  File "/opt/airflow/scripts/pyspark_jobs/csv_ods_draft.py", line 76, in perform_merge_from_temp_table
    cur.execute(merge_sql)
  File "/home/airflow/.local/lib/python3.10/site-packages/snowflake/connector/cursor.py", line 1134, in execute
    Error.errorhandler_wrapper(self.connection, self, error_class, errvalue)
  File "/home/airflow/.local/lib/python3.10/site-packages/snowflake/connector/errors.py", line 279, in errorhandler_wrapper
    handed_over = Error.hand_to_other_handler(
  File "/home/airflow/.local/lib/python3.10/site-packages/snowflake/connector/errors.py", line 334, in hand_to_other_handler
    cursor.errorhandler(connection, cursor, error_class, error_value)
  File "/home/airflow/.local/lib/python3.10/site-packages/snowflake/connector/errors.py", line 210, in default_errorhandler
    raise error_class(
snowflake.connector.errors.ProgrammingError: 100090 (42P18): 01bcf013-0305-9667-0008-654b0012e052: Duplicate row detected during DML action
Row Values: [10, " 'Google Ads'", " 'GA_AD_001'", " 'GA_ADGRP_001'", 19875, 5000, 100, 5000, 5, 25000, " 'EU'", " 'google_ads_api'", 1749340800000000000, 1749340800000000000]
[2025-06-10T14:43:29.673+0000] {taskinstance.py:1138} INFO - Marking task as UP_FOR_RETRY. dag_id=marketing_performance_to_snowflake, task_id=process_marketing_data, execution_date=20250610T144257, start_date=20250610T144259, end_date=20250610T144329
[2025-06-10T14:43:29.683+0000] {standard_task_runner.py:107} ERROR - Failed to execute job 1100 for task process_marketing_data (100090 (42P18): 01bcf013-0305-9667-0008-654b0012e052: Duplicate row detected during DML action
Row Values: [10, " 'Google Ads'", " 'GA_AD_001'", " 'GA_ADGRP_001'", 19875, 5000, 100, 5000, 5, 25000, " 'EU'", " 'google_ads_api'", 1749340800000000000, 1749340800000000000]; 23819)
[2025-06-10T14:43:29.702+0000] {local_task_job_runner.py:234} INFO - Task exited with return code 1
[2025-06-10T14:43:29.722+0000] {taskinstance.py:3280} INFO - 0 downstream tasks scheduled from follow-on schedule check
