[2025-06-11T16:10:17.803+0000] {taskinstance.py:1956} INFO - Dependencies all met for dep_context=non-requeueable deps ti=<TaskInstance: multi_region_transform_staging_v2.process_region_eu.process_product_variants_eu manual__2025-06-11T16:08:10.701979+00:00 [queued]>
[2025-06-11T16:10:17.838+0000] {taskinstance.py:1956} INFO - Dependencies all met for dep_context=requeueable deps ti=<TaskInstance: multi_region_transform_staging_v2.process_region_eu.process_product_variants_eu manual__2025-06-11T16:08:10.701979+00:00 [queued]>
[2025-06-11T16:10:17.839+0000] {taskinstance.py:2170} INFO - Starting attempt 1 of 2
[2025-06-11T16:10:17.873+0000] {taskinstance.py:2191} INFO - Executing <Task(_PythonDecoratedOperator): process_region_eu.process_product_variants_eu> on 2025-06-11 16:08:10.701979+00:00
[2025-06-11T16:10:17.890+0000] {standard_task_runner.py:60} INFO - Started process 26630 to run task
[2025-06-11T16:10:17.895+0000] {standard_task_runner.py:87} INFO - Running: ['airflow', 'tasks', 'run', 'multi_region_transform_staging_v2', 'process_region_eu.process_product_variants_eu', 'manual__2025-06-11T16:08:10.701979+00:00', '--job-id', '197', '--raw', '--subdir', 'DAGS_FOLDER/master_dag.py', '--cfg-path', '/tmp/tmp73myc2he']
[2025-06-11T16:10:17.899+0000] {standard_task_runner.py:88} INFO - Job 197: Subtask process_region_eu.process_product_variants_eu
[2025-06-11T16:10:18.035+0000] {task_command.py:423} INFO - Running <TaskInstance: multi_region_transform_staging_v2.process_region_eu.process_product_variants_eu manual__2025-06-11T16:08:10.701979+00:00 [running]> on host 5950010ae7c1
[2025-06-11T16:10:18.206+0000] {taskinstance.py:2480} INFO - Exporting env vars: AIRFLOW_CTX_DAG_OWNER='data-team' AIRFLOW_CTX_DAG_ID='multi_region_transform_staging_v2' AIRFLOW_CTX_TASK_ID='process_region_eu.process_product_variants_eu' AIRFLOW_CTX_EXECUTION_DATE='2025-06-11T16:08:10.701979+00:00' AIRFLOW_CTX_TRY_NUMBER='1' AIRFLOW_CTX_DAG_RUN_ID='manual__2025-06-11T16:08:10.701979+00:00'
[2025-06-11T16:10:32.005+0000] {logging_mixin.py:188} INFO - Debugggg::::Vector(spark://5950010ae7c1:41507/jars/spark-snowflake_2.12-2.16.0-spark_3.2.jar, spark://5950010ae7c1:41507/jars/snowflake-jdbc-3.13.17.jar)
[2025-06-11T16:10:32.006+0000] {logging_mixin.py:188} INFO - Processing product_variants for region eu
[2025-06-11T16:10:32.044+0000] {logging_mixin.py:188} INFO - /opt/airflow/data/raw/region=eu/table=product_variants/load_date=2025-06-11
[2025-06-11T16:11:04.146+0000] {logging_mixin.py:188} INFO - STAGING_EU
[2025-06-11T16:11:07.454+0000] {logging_mixin.py:188} INFO - +----------+----------+--------------------+--------------------+-------------+-------------+--------------+------------+---------+--------------------+-------+--------+
|variant_id|product_id|         product_sku|        variant_name| variant_type|variant_value|price_diff_usd|is_active_eu|is_active|          created_at|_region| _source|
+----------+----------+--------------------+--------------------+-------------+-------------+--------------+------------+---------+--------------------+-------+--------+
|         1|         1|EU-SKU-PHONE001-B...|iPhone 15 Pro Bla...|color_storage|  Black 128GB|           0.0|           1|     true|2025-06-11 02:14:...|     eu|postgres|
|         2|         1|EU-SKU-PHONE001-B...|iPhone 15 Pro Blu...|color_storage|   Blue 256GB|         216.0|           1|     true|2025-06-11 02:14:...|     eu|postgres|
|         3|         1|EU-SKU-PHONE001-W...|iPhone 15 Pro Whi...|color_storage|  White 512GB|         432.0|           1|     true|2025-06-11 02:14:...|     eu|postgres|
|         4|         2|EU-SKU-LAPTOP001-...|MacBook Air Silve...| color_memory|   Silver 8GB|           0.0|           1|     true|2025-06-11 02:14:...|     eu|postgres|
|         5|         2|EU-SKU-LAPTOP001-...|MacBook Air Gold ...| color_memory|    Gold 16GB|         324.0|           1|     true|2025-06-11 02:14:...|     eu|postgres|
|         6|         3|EU-SKU-GAME001-ST...|PlayStation 5 Sta...|      edition|     Standard|           0.0|           1|     true|2025-06-11 02:14:...|     eu|postgres|
|         7|         3|EU-SKU-GAME001-DI...|PlayStation 5 Dig...|      edition|      Digital|        -108.0|           1|     true|2025-06-11 02:14:...|     eu|postgres|
|         8|         4|EU-SKU-SHIRT001-R...|Cotton T-Shirt Re...|   color_size|        Red M|           0.0|           1|     true|2025-06-11 02:14:...|     eu|postgres|
|         9|         4|EU-SKU-SHIRT001-B...|Cotton T-Shirt Bl...|   color_size|       Blue L|           5.4|           1|     true|2025-06-11 02:14:...|     eu|postgres|
|        10|         4|EU-SKU-SHIRT001-B...|Cotton T-Shirt Bl...|   color_size|     Black XL|          10.8|           1|     true|2025-06-11 02:14:...|     eu|postgres|
+----------+----------+--------------------+--------------------+-------------+-------------+--------------+------------+---------+--------------------+-------+--------+
only showing top 10 rows
[2025-06-11T16:11:07.454+0000] {logging_mixin.py:188} INFO - Inserting into snowflake
[2025-06-11T16:11:16.499+0000] {logging_mixin.py:188} INFO - successfully inserted in snowflake
[2025-06-11T16:11:16.518+0000] {crypto.py:82} WARNING - empty cryptography key - values will not be stored encrypted.
[2025-06-11T16:11:17.029+0000] {logging_mixin.py:188} INFO - Successfully processed 21 records for product_variants in eu
[2025-06-11T16:11:19.488+0000] {python.py:201} INFO - Done. Returned value was: {'region': 'eu', 'table': 'product_variants', 'record_count': 21, 'status': 'success'}
[2025-06-11T16:11:19.546+0000] {taskinstance.py:1138} INFO - Marking task as SUCCESS. dag_id=multi_region_transform_staging_v2, task_id=process_region_eu.process_product_variants_eu, execution_date=20250611T160810, start_date=20250611T161017, end_date=20250611T161119
[2025-06-11T16:11:19.585+0000] {local_task_job_runner.py:234} INFO - Task exited with return code 0
[2025-06-11T16:11:19.665+0000] {taskinstance.py:3280} INFO - 1 downstream tasks scheduled from follow-on schedule check
