[2025-06-11T16:05:56.614+0000] {taskinstance.py:1956} INFO - Dependencies all met for dep_context=non-requeueable deps ti=<TaskInstance: multi_region_transform_staging_v2.process_region_asia.process_categories_asia manual__2025-06-11T16:03:34.479895+00:00 [queued]>
[2025-06-11T16:05:56.640+0000] {taskinstance.py:1956} INFO - Dependencies all met for dep_context=requeueable deps ti=<TaskInstance: multi_region_transform_staging_v2.process_region_asia.process_categories_asia manual__2025-06-11T16:03:34.479895+00:00 [queued]>
[2025-06-11T16:05:56.641+0000] {taskinstance.py:2170} INFO - Starting attempt 2 of 2
[2025-06-11T16:05:56.718+0000] {taskinstance.py:2191} INFO - Executing <Task(_PythonDecoratedOperator): process_region_asia.process_categories_asia> on 2025-06-11 16:03:34.479895+00:00
[2025-06-11T16:05:56.750+0000] {standard_task_runner.py:60} INFO - Started process 20684 to run task
[2025-06-11T16:05:56.775+0000] {standard_task_runner.py:87} INFO - Running: ['airflow', 'tasks', 'run', 'multi_region_transform_staging_v2', 'process_region_asia.process_categories_asia', 'manual__2025-06-11T16:03:34.479895+00:00', '--job-id', '178', '--raw', '--subdir', 'DAGS_FOLDER/master_dag.py', '--cfg-path', '/tmp/tmpfmwkxe_b']
[2025-06-11T16:05:56.790+0000] {standard_task_runner.py:88} INFO - Job 178: Subtask process_region_asia.process_categories_asia
[2025-06-11T16:05:56.988+0000] {task_command.py:423} INFO - Running <TaskInstance: multi_region_transform_staging_v2.process_region_asia.process_categories_asia manual__2025-06-11T16:03:34.479895+00:00 [running]> on host 5950010ae7c1
[2025-06-11T16:05:57.279+0000] {taskinstance.py:2480} INFO - Exporting env vars: AIRFLOW_CTX_DAG_OWNER='data-team' AIRFLOW_CTX_DAG_ID='multi_region_transform_staging_v2' AIRFLOW_CTX_TASK_ID='process_region_asia.process_categories_asia' AIRFLOW_CTX_EXECUTION_DATE='2025-06-11T16:03:34.479895+00:00' AIRFLOW_CTX_TRY_NUMBER='2' AIRFLOW_CTX_DAG_RUN_ID='manual__2025-06-11T16:03:34.479895+00:00'
[2025-06-11T16:06:11.929+0000] {logging_mixin.py:188} INFO - Debugggg::::Vector(spark://5950010ae7c1:43959/jars/spark-snowflake_2.12-2.16.0-spark_3.2.jar, spark://5950010ae7c1:43959/jars/snowflake-jdbc-3.13.17.jar)
[2025-06-11T16:06:11.930+0000] {logging_mixin.py:188} INFO - Processing categories for region asia
[2025-06-11T16:06:11.970+0000] {logging_mixin.py:188} INFO - /opt/airflow/data/raw/region=asia/table=categories/load_date=2025-06-11
[2025-06-11T16:06:41.237+0000] {logging_mixin.py:188} INFO - Error processing categories for asia: transform_categories() takes 2 positional arguments but 3 were given
[2025-06-11T16:06:44.150+0000] {taskinstance.py:2698} ERROR - Task failed with exception
Traceback (most recent call last):
  File "/home/airflow/.local/lib/python3.10/site-packages/airflow/models/taskinstance.py", line 433, in _execute_task
    result = execute_callable(context=context, **execute_callable_kwargs)
  File "/home/airflow/.local/lib/python3.10/site-packages/airflow/decorators/base.py", line 241, in execute
    return_value = super().execute(context)
  File "/home/airflow/.local/lib/python3.10/site-packages/airflow/operators/python.py", line 199, in execute
    return_value = self.execute_callable()
  File "/home/airflow/.local/lib/python3.10/site-packages/airflow/operators/python.py", line 216, in execute_callable
    return self.python_callable(*self.op_args, **self.op_kwargs)
  File "/opt/airflow/dags/master_dag.py", line 242, in process_table
    df_transformed = transform_func(df_raw, region,exchange_rates)
TypeError: transform_categories() takes 2 positional arguments but 3 were given
[2025-06-11T16:06:44.188+0000] {taskinstance.py:1138} INFO - Marking task as FAILED. dag_id=multi_region_transform_staging_v2, task_id=process_region_asia.process_categories_asia, execution_date=20250611T160334, start_date=20250611T160556, end_date=20250611T160644
[2025-06-11T16:06:44.222+0000] {standard_task_runner.py:107} ERROR - Failed to execute job 178 for task process_region_asia.process_categories_asia (transform_categories() takes 2 positional arguments but 3 were given; 20684)
[2025-06-11T16:06:44.253+0000] {local_task_job_runner.py:234} INFO - Task exited with return code 1
[2025-06-11T16:06:44.361+0000] {taskinstance.py:3280} INFO - 0 downstream tasks scheduled from follow-on schedule check
