[2025-06-11T18:24:23.273+0000] {taskinstance.py:1956} INFO - Dependencies all met for dep_context=non-requeueable deps ti=<TaskInstance: multi_region_transform_staging_v2.process_region_us.process_discounts_us manual__2025-06-11T18:20:09.445349+00:00 [queued]>
[2025-06-11T18:24:23.288+0000] {taskinstance.py:1956} INFO - Dependencies all met for dep_context=requeueable deps ti=<TaskInstance: multi_region_transform_staging_v2.process_region_us.process_discounts_us manual__2025-06-11T18:20:09.445349+00:00 [queued]>
[2025-06-11T18:24:23.289+0000] {taskinstance.py:2170} INFO - Starting attempt 1 of 2
[2025-06-11T18:24:23.312+0000] {taskinstance.py:2191} INFO - Executing <Task(_PythonDecoratedOperator): process_region_us.process_discounts_us> on 2025-06-11 18:20:09.445349+00:00
[2025-06-11T18:24:23.325+0000] {standard_task_runner.py:60} INFO - Started process 9567 to run task
[2025-06-11T18:24:23.331+0000] {standard_task_runner.py:87} INFO - Running: ['airflow', 'tasks', 'run', 'multi_region_transform_staging_v2', 'process_region_us.process_discounts_us', 'manual__2025-06-11T18:20:09.445349+00:00', '--job-id', '632', '--raw', '--subdir', 'DAGS_FOLDER/master_dag.py', '--cfg-path', '/tmp/tmpj41cpvra']
[2025-06-11T18:24:23.333+0000] {standard_task_runner.py:88} INFO - Job 632: Subtask process_region_us.process_discounts_us
[2025-06-11T18:24:23.456+0000] {task_command.py:423} INFO - Running <TaskInstance: multi_region_transform_staging_v2.process_region_us.process_discounts_us manual__2025-06-11T18:20:09.445349+00:00 [running]> on host 5950010ae7c1
[2025-06-11T18:24:23.669+0000] {taskinstance.py:2480} INFO - Exporting env vars: AIRFLOW_CTX_DAG_OWNER='data-team' AIRFLOW_CTX_DAG_ID='multi_region_transform_staging_v2' AIRFLOW_CTX_TASK_ID='process_region_us.process_discounts_us' AIRFLOW_CTX_EXECUTION_DATE='2025-06-11T18:20:09.445349+00:00' AIRFLOW_CTX_TRY_NUMBER='1' AIRFLOW_CTX_DAG_RUN_ID='manual__2025-06-11T18:20:09.445349+00:00'
[2025-06-11T18:24:33.769+0000] {logging_mixin.py:188} INFO - Debugggg::::Vector(spark://5950010ae7c1:37495/jars/spark-snowflake_2.12-2.16.0-spark_3.2.jar, spark://5950010ae7c1:37495/jars/snowflake-jdbc-3.13.17.jar)
[2025-06-11T18:24:33.770+0000] {logging_mixin.py:188} INFO - Processing discounts for region us
[2025-06-11T18:24:33.814+0000] {logging_mixin.py:188} INFO - /opt/airflow/data/raw/region=us/table=discounts/load_date=2025-06-11
[2025-06-11T18:25:04.035+0000] {logging_mixin.py:188} INFO - STAGING_US
[2025-06-11T18:25:08.233+0000] {logging_mixin.py:188} INFO - +-----------+-------------+--------------------+-------------+--------------+--------------------+-----------------------+-----------+-----------+-------------------+-------------------+---------+-------------------+-------+--------+
|discount_id|discount_code|       discount_name|discount_type|discount_value|minimum_order_amount|maximum_discount_amount|usage_limit|usage_count|         start_date|           end_date|is_active|         created_at|_region| _source|
+-----------+-------------+--------------------+-------------+--------------+--------------------+-----------------------+-----------+-----------+-------------------+-------------------+---------+-------------------+-------+--------+
|          1|    WELCOME15|New Customer Welcome|   percentage|          15.0|                50.0|                  150.0|       1000|        287|2024-01-01 00:00:00|2024-12-31 23:59:59|     true|2025-06-11 02:14:19|     us|postgres|
|          2|    SAVE25NOW|      Save 25% Today|   percentage|          25.0|               100.0|                  250.0|        500|        198|2024-03-01 00:00:00|2024-03-31 23:59:59|    false|2025-06-11 02:14:19|     us|postgres|
|          3|   FREESHIP75|Free Shipping Ove...|free_shipping|           0.0|                75.0|                   25.0|          0|       1234|2024-01-01 00:00:00|2024-12-31 23:59:59|     true|2025-06-11 02:14:19|     us|postgres|
|          4|    FLAT50OFF|        Flat $50 Off| fixed_amount|          50.0|               200.0|                   50.0|        300|        156|2024-02-01 00:00:00|2024-02-29 23:59:59|    false|2025-06-11 02:14:19|     us|postgres|
|          5|BLACKFRIDAY40|Black Friday 40% Off|   percentage|          40.0|               150.0|                  400.0|       2000|       1876|2024-11-25 00:00:00|2024-11-29 23:59:59|    false|2025-06-11 02:14:19|     us|postgres|
|          6|    STUDENT20|    Student Discount|   percentage|          20.0|                25.0|                  200.0|          0|        456|2024-01-01 00:00:00|2024-12-31 23:59:59|     true|2025-06-11 02:14:19|     us|postgres|
|          7|     VIP30OFF|  VIP Member 30% Off|   percentage|          30.0|               100.0|                  300.0|       1000|        567|2024-01-01 00:00:00|2024-12-31 23:59:59|     true|2025-06-11 02:14:19|     us|postgres|
|          8|     SUMMER20|  Summer Special 20%|   percentage|          20.0|                80.0|                  160.0|        750|        423|2024-06-01 00:00:00|2024-08-31 23:59:59|     true|2025-06-11 02:14:19|     us|postgres|
|          9| FIRST100SAVE|First 100 Custome...| fixed_amount|          30.0|               100.0|                   30.0|        100|        100|2024-01-01 00:00:00|2024-01-31 23:59:59|    false|2025-06-11 02:14:19|     us|postgres|
|         10|    WEEKEND12| Weekend Special 12%|   percentage|          12.0|                60.0|                  100.0|          0|        789|2024-01-01 00:00:00|2024-12-31 23:59:59|     true|2025-06-11 02:14:19|     us|postgres|
+-----------+-------------+--------------------+-------------+--------------+--------------------+-----------------------+-----------+-----------+-------------------+-------------------+---------+-------------------+-------+--------+
[2025-06-11T18:25:08.234+0000] {logging_mixin.py:188} INFO - Inserting into snowflake
[2025-06-11T18:25:18.580+0000] {logging_mixin.py:188} INFO - successfully inserted in snowflake
[2025-06-11T18:25:18.601+0000] {crypto.py:82} WARNING - empty cryptography key - values will not be stored encrypted.
[2025-06-11T18:25:18.995+0000] {logging_mixin.py:188} INFO - Successfully processed 10 records for discounts in us
[2025-06-11T18:25:21.436+0000] {python.py:201} INFO - Done. Returned value was: {'region': 'us', 'table': 'discounts', 'record_count': 10, 'status': 'success'}
[2025-06-11T18:25:21.470+0000] {taskinstance.py:1138} INFO - Marking task as SUCCESS. dag_id=multi_region_transform_staging_v2, task_id=process_region_us.process_discounts_us, execution_date=20250611T182009, start_date=20250611T182423, end_date=20250611T182521
[2025-06-11T18:25:21.524+0000] {local_task_job_runner.py:234} INFO - Task exited with return code 0
[2025-06-11T18:25:21.561+0000] {taskinstance.py:3280} INFO - 0 downstream tasks scheduled from follow-on schedule check
