[2025-06-09T11:35:58.836+0000] {taskinstance.py:1956} INFO - Dependencies all met for dep_context=non-requeueable deps ti=<TaskInstance: multi_region_to_snowflake.process_region_us.process_cart_items_us manual__2025-06-09T11:22:33.329920+00:00 [queued]>
[2025-06-09T11:35:58.868+0000] {taskinstance.py:1956} INFO - Dependencies all met for dep_context=requeueable deps ti=<TaskInstance: multi_region_to_snowflake.process_region_us.process_cart_items_us manual__2025-06-09T11:22:33.329920+00:00 [queued]>
[2025-06-09T11:35:58.869+0000] {taskinstance.py:2170} INFO - Starting attempt 1 of 2
[2025-06-09T11:35:58.898+0000] {taskinstance.py:2191} INFO - Executing <Task(_PythonDecoratedOperator): process_region_us.process_cart_items_us> on 2025-06-09 11:22:33.329920+00:00
[2025-06-09T11:35:58.915+0000] {standard_task_runner.py:60} INFO - Started process 29258 to run task
[2025-06-09T11:35:58.930+0000] {standard_task_runner.py:87} INFO - Running: ['airflow', 'tasks', 'run', 'multi_region_to_snowflake', 'process_region_us.process_cart_items_us', 'manual__2025-06-09T11:22:33.329920+00:00', '--job-id', '795', '--raw', '--subdir', 'DAGS_FOLDER/master_dag.py', '--cfg-path', '/tmp/tmpeehkokah']
[2025-06-09T11:35:58.936+0000] {standard_task_runner.py:88} INFO - Job 795: Subtask process_region_us.process_cart_items_us
[2025-06-09T11:35:59.179+0000] {task_command.py:423} INFO - Running <TaskInstance: multi_region_to_snowflake.process_region_us.process_cart_items_us manual__2025-06-09T11:22:33.329920+00:00 [running]> on host 7fa6630d536c
[2025-06-09T11:35:59.515+0000] {taskinstance.py:2480} INFO - Exporting env vars: AIRFLOW_CTX_DAG_OWNER='data-team' AIRFLOW_CTX_DAG_ID='multi_region_to_snowflake' AIRFLOW_CTX_TASK_ID='process_region_us.process_cart_items_us' AIRFLOW_CTX_EXECUTION_DATE='2025-06-09T11:22:33.329920+00:00' AIRFLOW_CTX_TRY_NUMBER='1' AIRFLOW_CTX_DAG_RUN_ID='manual__2025-06-09T11:22:33.329920+00:00'
[2025-06-09T11:36:16.385+0000] {logging_mixin.py:188} INFO - Processing cart_items for region us
[2025-06-09T11:36:27.100+0000] {logging_mixin.py:188} INFO - STAGING_US
[2025-06-09T11:36:38.292+0000] {logging_mixin.py:188} INFO - +------------+-------+----------+--------+--------------+-------------------+-------------------+-------+--------+
|cart_item_id|cart_id|variant_id|quantity|unit_price_usd|           added_at|         updated_at|_region| _source|
+------------+-------+----------+--------+--------------+-------------------+-------------------+-------+--------+
|           1|      1|         2|       1|       1199.99|2025-06-08 19:23:28|2025-06-08 19:23:28|     us|postgres|
|           2|      1|         8|       2|         24.99|2025-06-08 19:23:28|2025-06-08 19:23:28|     us|postgres|
|           3|      2|        15|       1|       1449.99|2025-06-08 19:23:28|2025-06-08 19:23:28|     us|postgres|
|           4|      3|        19|       1|        129.99|2025-06-08 19:23:28|2025-06-08 19:23:28|     us|postgres|
|           5|      4|         6|       1|        399.99|2025-06-08 19:23:28|2025-06-08 19:23:28|     us|postgres|
|           6|      5|        13|       1|        899.99|2025-06-08 19:23:28|2025-06-08 19:23:28|     us|postgres|
|           1|      1|         2|       1|       1199.99|2025-06-08 19:23:28|2025-06-08 19:23:28|     us|postgres|
|           2|      1|         8|       2|         24.99|2025-06-08 19:23:28|2025-06-08 19:23:28|     us|postgres|
|           3|      2|        15|       1|       1449.99|2025-06-08 19:23:28|2025-06-08 19:23:28|     us|postgres|
|           4|      3|        19|       1|        129.99|2025-06-08 19:23:28|2025-06-08 19:23:28|     us|postgres|
+------------+-------+----------+--------+--------------+-------------------+-------------------+-------+--------+
only showing top 10 rows
[2025-06-09T11:36:38.294+0000] {logging_mixin.py:188} INFO - Inserting into snowflake
[2025-06-09T11:36:54.945+0000] {logging_mixin.py:188} INFO - successfully inserted in snowflake
[2025-06-09T11:36:57.378+0000] {logging_mixin.py:188} INFO - Successfully processed 12 records for cart_items in us
[2025-06-09T11:38:01.836+0000] {python.py:201} INFO - Done. Returned value was: {'region': 'us', 'table': 'cart_items', 'record_count': 12, 'status': 'success'}
[2025-06-09T11:38:02.364+0000] {taskinstance.py:1138} INFO - Marking task as SUCCESS. dag_id=multi_region_to_snowflake, task_id=process_region_us.process_cart_items_us, execution_date=20250609T112233, start_date=20250609T113558, end_date=20250609T113802
[2025-06-09T11:38:02.552+0000] {local_task_job_runner.py:234} INFO - Task exited with return code 0
[2025-06-09T11:38:02.632+0000] {taskinstance.py:3280} INFO - 0 downstream tasks scheduled from follow-on schedule check
