[2025-06-11T16:14:27.546+0000] {taskinstance.py:1956} INFO - Dependencies all met for dep_context=non-requeueable deps ti=<TaskInstance: multi_region_transform_staging_v2.process_region_us.process_wishlists_us manual__2025-06-11T16:08:10.701979+00:00 [queued]>
[2025-06-11T16:14:27.585+0000] {taskinstance.py:1956} INFO - Dependencies all met for dep_context=requeueable deps ti=<TaskInstance: multi_region_transform_staging_v2.process_region_us.process_wishlists_us manual__2025-06-11T16:08:10.701979+00:00 [queued]>
[2025-06-11T16:14:27.586+0000] {taskinstance.py:2170} INFO - Starting attempt 1 of 2
[2025-06-11T16:14:27.624+0000] {taskinstance.py:2191} INFO - Executing <Task(_PythonDecoratedOperator): process_region_us.process_wishlists_us> on 2025-06-11 16:08:10.701979+00:00
[2025-06-11T16:14:27.644+0000] {standard_task_runner.py:60} INFO - Started process 34214 to run task
[2025-06-11T16:14:27.653+0000] {standard_task_runner.py:87} INFO - Running: ['airflow', 'tasks', 'run', 'multi_region_transform_staging_v2', 'process_region_us.process_wishlists_us', 'manual__2025-06-11T16:08:10.701979+00:00', '--job-id', '225', '--raw', '--subdir', 'DAGS_FOLDER/master_dag.py', '--cfg-path', '/tmp/tmpp5z8gn_e']
[2025-06-11T16:14:27.659+0000] {standard_task_runner.py:88} INFO - Job 225: Subtask process_region_us.process_wishlists_us
[2025-06-11T16:14:27.837+0000] {task_command.py:423} INFO - Running <TaskInstance: multi_region_transform_staging_v2.process_region_us.process_wishlists_us manual__2025-06-11T16:08:10.701979+00:00 [running]> on host 5950010ae7c1
[2025-06-11T16:14:28.158+0000] {taskinstance.py:2480} INFO - Exporting env vars: AIRFLOW_CTX_DAG_OWNER='data-team' AIRFLOW_CTX_DAG_ID='multi_region_transform_staging_v2' AIRFLOW_CTX_TASK_ID='process_region_us.process_wishlists_us' AIRFLOW_CTX_EXECUTION_DATE='2025-06-11T16:08:10.701979+00:00' AIRFLOW_CTX_TRY_NUMBER='1' AIRFLOW_CTX_DAG_RUN_ID='manual__2025-06-11T16:08:10.701979+00:00'
[2025-06-11T16:14:39.877+0000] {logging_mixin.py:188} INFO - Debugggg::::Vector(spark://5950010ae7c1:41895/jars/snowflake-jdbc-3.13.17.jar, spark://5950010ae7c1:41895/jars/spark-snowflake_2.12-2.16.0-spark_3.2.jar)
[2025-06-11T16:14:39.879+0000] {logging_mixin.py:188} INFO - Processing wishlists for region us
[2025-06-11T16:14:39.917+0000] {logging_mixin.py:188} INFO - /opt/airflow/data/raw/region=us/table=wishlists/load_date=2025-06-11
[2025-06-11T16:15:07.562+0000] {logging_mixin.py:188} INFO - STAGING_US
[2025-06-11T16:15:10.112+0000] {logging_mixin.py:188} INFO - +-----------+-----------+----------+--------------------+-------+--------+
|wishlist_id|customer_id|product_id|            added_at|_region| _source|
+-----------+-----------+----------+--------------------+-------+--------+
|          1|          1|         2|2025-06-11 02:14:...|     us|postgres|
|          2|          1|         9|2025-06-11 02:14:...|     us|postgres|
|          3|          1|        11|2025-06-11 02:14:...|     us|postgres|
|          4|          2|         1|2025-06-11 02:14:...|     us|postgres|
|          5|          2|         6|2025-06-11 02:14:...|     us|postgres|
|          6|          2|         8|2025-06-11 02:14:...|     us|postgres|
|          7|          3|         4|2025-06-11 02:14:...|     us|postgres|
|          8|          3|         7|2025-06-11 02:14:...|     us|postgres|
|          9|          3|        12|2025-06-11 02:14:...|     us|postgres|
|         10|          4|         3|2025-06-11 02:14:...|     us|postgres|
+-----------+-----------+----------+--------------------+-------+--------+
only showing top 10 rows
[2025-06-11T16:15:10.114+0000] {logging_mixin.py:188} INFO - Inserting into snowflake
[2025-06-11T16:15:20.298+0000] {logging_mixin.py:188} INFO - successfully inserted in snowflake
[2025-06-11T16:15:20.328+0000] {crypto.py:82} WARNING - empty cryptography key - values will not be stored encrypted.
[2025-06-11T16:15:20.958+0000] {logging_mixin.py:188} INFO - Successfully processed 30 records for wishlists in us
[2025-06-11T16:15:24.061+0000] {python.py:201} INFO - Done. Returned value was: {'region': 'us', 'table': 'wishlists', 'record_count': 30, 'status': 'success'}
[2025-06-11T16:15:24.192+0000] {taskinstance.py:1138} INFO - Marking task as SUCCESS. dag_id=multi_region_transform_staging_v2, task_id=process_region_us.process_wishlists_us, execution_date=20250611T160810, start_date=20250611T161427, end_date=20250611T161524
[2025-06-11T16:15:24.298+0000] {local_task_job_runner.py:234} INFO - Task exited with return code 0
[2025-06-11T16:15:24.393+0000] {taskinstance.py:3280} INFO - 0 downstream tasks scheduled from follow-on schedule check
