[2025-06-09T07:13:28.929+0000] {taskinstance.py:1956} INFO - Dependencies all met for dep_context=non-requeueable deps ti=<TaskInstance: multi_region_processor_7.process_region_asia.process_categories_asia manual__2025-06-09T07:13:27.516305+00:00 [queued]>
[2025-06-09T07:13:28.945+0000] {taskinstance.py:1956} INFO - Dependencies all met for dep_context=requeueable deps ti=<TaskInstance: multi_region_processor_7.process_region_asia.process_categories_asia manual__2025-06-09T07:13:27.516305+00:00 [queued]>
[2025-06-09T07:13:28.946+0000] {taskinstance.py:2170} INFO - Starting attempt 1 of 2
[2025-06-09T07:13:28.967+0000] {taskinstance.py:2191} INFO - Executing <Task(_PythonDecoratedOperator): process_region_asia.process_categories_asia> on 2025-06-09 07:13:27.516305+00:00
[2025-06-09T07:13:28.978+0000] {standard_task_runner.py:60} INFO - Started process 51383 to run task
[2025-06-09T07:13:28.984+0000] {standard_task_runner.py:87} INFO - Running: ['airflow', 'tasks', 'run', 'multi_region_processor_7', 'process_region_asia.process_categories_asia', 'manual__2025-06-09T07:13:27.516305+00:00', '--job-id', '477', '--raw', '--subdir', 'DAGS_FOLDER/master2.py', '--cfg-path', '/tmp/tmpt04t1l2_']
[2025-06-09T07:13:28.986+0000] {standard_task_runner.py:88} INFO - Job 477: Subtask process_region_asia.process_categories_asia
[2025-06-09T07:13:29.019+0000] {logging_mixin.py:188} WARNING - /home/airflow/.local/lib/python3.10/site-packages/airflow/settings.py:194 DeprecationWarning: The sql_alchemy_conn option in [core] has been moved to the sql_alchemy_conn option in [database] - the old setting has been used, but please update your config.
[2025-06-09T07:13:29.100+0000] {task_command.py:423} INFO - Running <TaskInstance: multi_region_processor_7.process_region_asia.process_categories_asia manual__2025-06-09T07:13:27.516305+00:00 [running]> on host afcdbcf38bc0
[2025-06-09T07:13:29.276+0000] {taskinstance.py:2480} INFO - Exporting env vars: AIRFLOW_CTX_DAG_OWNER='data-team' AIRFLOW_CTX_DAG_ID='multi_region_processor_7' AIRFLOW_CTX_TASK_ID='process_region_asia.process_categories_asia' AIRFLOW_CTX_EXECUTION_DATE='2025-06-09T07:13:27.516305+00:00' AIRFLOW_CTX_TRY_NUMBER='1' AIRFLOW_CTX_DAG_RUN_ID='manual__2025-06-09T07:13:27.516305+00:00'
[2025-06-09T07:13:39.866+0000] {logging_mixin.py:188} INFO - Processing categories for region asia
[2025-06-09T07:14:00.366+0000] {logging_mixin.py:188} INFO - +-------------+--------------+------------------+--------------------+---------+-------------------+-------------------+-------+--------+
|categories_id| category_name|parent_category_id|       category_path|is_active|         created_at|         updated_at|_region| _source|
+-------------+--------------+------------------+--------------------+---------+-------------------+-------------------+-------+--------+
|            1|   Electronics|              NULL|        /Electronics|     true|2024-01-01 09:00:00|2025-06-08 19:23:06|   asia|postgres|
|            2|   Smartphones|                 1|/Electronics/Smar...|     true|2024-01-02 00:00:00|2025-06-08 19:23:06|   asia|postgres|
|            3|       Laptops|                 1|/Electronics/Laptops|     true|2024-03-01 00:00:00|2025-06-08 19:23:06|   asia|postgres|
|            4|Gaming Devices|                 1| /Electronics/Gaming|     true|               NULL|2025-06-08 19:23:06|   asia|postgres|
|            5|      Clothing|              NULL|           /Clothing|     true|2024-05-01 00:00:00|2025-06-08 19:23:06|   asia|postgres|
|            6|  Mens Fashion|                 5|      /Clothing/Mens|     true|2024-01-06 00:00:00|2025-06-08 19:23:06|   asia|postgres|
|            7|Womens Fashion|                 5|    /Clothing/Womens|     true|2024-07-01 00:00:00|2025-06-08 19:23:06|   asia|postgres|
|            8| Home & Living|              NULL|        /Home-Living|     true|2024-01-08 11:20:15|2025-06-08 19:23:06|   asia|postgres|
|            9|     Furniture|                 8|/Home-Living/Furn...|     true|2024-01-09 00:00:00|2025-06-08 19:23:06|   asia|postgres|
|           10|         Books|              NULL|              /Books|     true|2024-01-10 00:00:00|2025-06-08 19:23:06|   asia|postgres|
+-------------+--------------+------------------+--------------------+---------+-------------------+-------------------+-------+--------+
only showing top 10 rows
[2025-06-09T07:14:04.310+0000] {logging_mixin.py:188} INFO - Successfully processed 30 records for categories in asia
[2025-06-09T07:14:05.047+0000] {python.py:201} INFO - Done. Returned value was: {'region': 'asia', 'table': 'categories', 'record_count': 30, 'status': 'success'}
[2025-06-09T07:14:05.154+0000] {taskinstance.py:1138} INFO - Marking task as SUCCESS. dag_id=multi_region_processor_7, task_id=process_region_asia.process_categories_asia, execution_date=20250609T071327, start_date=20250609T071328, end_date=20250609T071405
[2025-06-09T07:14:05.244+0000] {local_task_job_runner.py:234} INFO - Task exited with return code 0
[2025-06-09T07:14:05.474+0000] {taskinstance.py:3280} INFO - 1 downstream tasks scheduled from follow-on schedule check
