[2025-06-11T10:20:48.293+0000] {taskinstance.py:1956} INFO - Dependencies all met for dep_context=non-requeueable deps ti=<TaskInstance: master_etl_dag_v2.fetch_currency_rates scheduled__2025-06-10T02:00:00+00:00 [queued]>
[2025-06-11T10:20:48.310+0000] {taskinstance.py:1956} INFO - Dependencies all met for dep_context=requeueable deps ti=<TaskInstance: master_etl_dag_v2.fetch_currency_rates scheduled__2025-06-10T02:00:00+00:00 [queued]>
[2025-06-11T10:20:48.310+0000] {taskinstance.py:2170} INFO - Starting attempt 1 of 2
[2025-06-11T10:20:48.331+0000] {taskinstance.py:2191} INFO - Executing <Task(TriggerDagRunOperator): fetch_currency_rates> on 2025-06-10 02:00:00+00:00
[2025-06-11T10:20:48.341+0000] {standard_task_runner.py:60} INFO - Started process 5276 to run task
[2025-06-11T10:20:48.346+0000] {standard_task_runner.py:87} INFO - Running: ['airflow', 'tasks', 'run', 'master_etl_dag_v2', 'fetch_currency_rates', 'scheduled__2025-06-10T02:00:00+00:00', '--job-id', '1524', '--raw', '--subdir', 'DAGS_FOLDER/dwh/etl_pipeline.py', '--cfg-path', '/tmp/tmphbz0iukj']
[2025-06-11T10:20:48.348+0000] {standard_task_runner.py:88} INFO - Job 1524: Subtask fetch_currency_rates
[2025-06-11T10:20:48.380+0000] {logging_mixin.py:188} WARNING - /home/airflow/.local/lib/python3.10/site-packages/airflow/settings.py:194 DeprecationWarning: The sql_alchemy_conn option in [core] has been moved to the sql_alchemy_conn option in [database] - the old setting has been used, but please update your config.
[2025-06-11T10:20:48.457+0000] {task_command.py:423} INFO - Running <TaskInstance: master_etl_dag_v2.fetch_currency_rates scheduled__2025-06-10T02:00:00+00:00 [running]> on host 0290689661db
[2025-06-11T10:20:48.629+0000] {taskinstance.py:2480} INFO - Exporting env vars: AIRFLOW_CTX_DAG_OWNER='data_team' AIRFLOW_CTX_DAG_ID='master_etl_dag_v2' AIRFLOW_CTX_TASK_ID='fetch_currency_rates' AIRFLOW_CTX_EXECUTION_DATE='2025-06-10T02:00:00+00:00' AIRFLOW_CTX_TRY_NUMBER='1' AIRFLOW_CTX_DAG_RUN_ID='scheduled__2025-06-10T02:00:00+00:00'
[2025-06-11T10:20:48.809+0000] {trigger_dagrun.py:210} INFO - Waiting for store_exchange_rates_to_snowflake on 2025-06-11 10:20:48.630568+00:00 to become allowed state ['success'] ...
[2025-06-11T10:21:18.851+0000] {trigger_dagrun.py:210} INFO - Waiting for store_exchange_rates_to_snowflake on 2025-06-11 10:20:48.630568+00:00 to become allowed state ['success'] ...
[2025-06-11T10:21:48.891+0000] {trigger_dagrun.py:210} INFO - Waiting for store_exchange_rates_to_snowflake on 2025-06-11 10:20:48.630568+00:00 to become allowed state ['success'] ...
[2025-06-11T10:22:18.931+0000] {trigger_dagrun.py:210} INFO - Waiting for store_exchange_rates_to_snowflake on 2025-06-11 10:20:48.630568+00:00 to become allowed state ['success'] ...
[2025-06-11T10:22:48.972+0000] {trigger_dagrun.py:210} INFO - Waiting for store_exchange_rates_to_snowflake on 2025-06-11 10:20:48.630568+00:00 to become allowed state ['success'] ...
[2025-06-11T10:23:19.017+0000] {trigger_dagrun.py:210} INFO - Waiting for store_exchange_rates_to_snowflake on 2025-06-11 10:20:48.630568+00:00 to become allowed state ['success'] ...
[2025-06-11T10:23:49.041+0000] {trigger_dagrun.py:210} INFO - Waiting for store_exchange_rates_to_snowflake on 2025-06-11 10:20:48.630568+00:00 to become allowed state ['success'] ...
[2025-06-11T10:24:19.080+0000] {trigger_dagrun.py:210} INFO - Waiting for store_exchange_rates_to_snowflake on 2025-06-11 10:20:48.630568+00:00 to become allowed state ['success'] ...
[2025-06-11T10:24:49.123+0000] {trigger_dagrun.py:210} INFO - Waiting for store_exchange_rates_to_snowflake on 2025-06-11 10:20:48.630568+00:00 to become allowed state ['success'] ...
[2025-06-11T10:25:19.202+0000] {trigger_dagrun.py:210} INFO - Waiting for store_exchange_rates_to_snowflake on 2025-06-11 10:20:48.630568+00:00 to become allowed state ['success'] ...
[2025-06-11T10:25:49.291+0000] {trigger_dagrun.py:210} INFO - Waiting for store_exchange_rates_to_snowflake on 2025-06-11 10:20:48.630568+00:00 to become allowed state ['success'] ...
