[2025-06-10T07:50:51.351+0000] {taskinstance.py:1956} INFO - Dependencies all met for dep_context=non-requeueable deps ti=<TaskInstance: multi_region_to_snowflake.process_region_eu.process_wishlists_eu manual__2025-06-10T07:44:42.674457+00:00 [queued]>
[2025-06-10T07:50:51.373+0000] {taskinstance.py:1956} INFO - Dependencies all met for dep_context=requeueable deps ti=<TaskInstance: multi_region_to_snowflake.process_region_eu.process_wishlists_eu manual__2025-06-10T07:44:42.674457+00:00 [queued]>
[2025-06-10T07:50:51.374+0000] {taskinstance.py:2170} INFO - Starting attempt 1 of 2
[2025-06-10T07:50:51.418+0000] {taskinstance.py:2191} INFO - Executing <Task(_PythonDecoratedOperator): process_region_eu.process_wishlists_eu> on 2025-06-10 07:44:42.674457+00:00
[2025-06-10T07:50:51.431+0000] {standard_task_runner.py:60} INFO - Started process 9396 to run task
[2025-06-10T07:50:51.436+0000] {standard_task_runner.py:87} INFO - Running: ['airflow', 'tasks', 'run', 'multi_region_to_snowflake', 'process_region_eu.process_wishlists_eu', 'manual__2025-06-10T07:44:42.674457+00:00', '--job-id', '1029', '--raw', '--subdir', 'DAGS_FOLDER/master_dag.py', '--cfg-path', '/tmp/tmpvpfjo4qb']
[2025-06-10T07:50:51.441+0000] {standard_task_runner.py:88} INFO - Job 1029: Subtask process_region_eu.process_wishlists_eu
[2025-06-10T07:50:51.548+0000] {task_command.py:423} INFO - Running <TaskInstance: multi_region_to_snowflake.process_region_eu.process_wishlists_eu manual__2025-06-10T07:44:42.674457+00:00 [running]> on host b27730b0b8ce
[2025-06-10T07:50:51.709+0000] {taskinstance.py:2480} INFO - Exporting env vars: AIRFLOW_CTX_DAG_OWNER='data-team' AIRFLOW_CTX_DAG_ID='multi_region_to_snowflake' AIRFLOW_CTX_TASK_ID='process_region_eu.process_wishlists_eu' AIRFLOW_CTX_EXECUTION_DATE='2025-06-10T07:44:42.674457+00:00' AIRFLOW_CTX_TRY_NUMBER='1' AIRFLOW_CTX_DAG_RUN_ID='manual__2025-06-10T07:44:42.674457+00:00'
[2025-06-10T07:51:04.136+0000] {logging_mixin.py:188} INFO - Processing wishlists for region eu
[2025-06-10T07:51:17.648+0000] {logging_mixin.py:188} INFO - STAGING_EU
[2025-06-10T07:51:29.006+0000] {logging_mixin.py:188} INFO - +-----------+-----------+----------+--------------------+-------+--------+
|wishlist_id|customer_id|product_id|            added_at|_region| _source|
+-----------+-----------+----------+--------------------+-------+--------+
|          1|          1|         2|2025-06-08 19:22:...|     eu|postgres|
|          2|          1|         9|2025-06-08 19:22:...|     eu|postgres|
|          3|          1|        11|2025-06-08 19:22:...|     eu|postgres|
|          4|          2|         1|2025-06-08 19:22:...|     eu|postgres|
|          5|          2|         6|2025-06-08 19:22:...|     eu|postgres|
|          6|          2|         8|2025-06-08 19:22:...|     eu|postgres|
|          7|          3|         4|2025-06-08 19:22:...|     eu|postgres|
|          8|          3|         7|2025-06-08 19:22:...|     eu|postgres|
|          9|          3|        12|2025-06-08 19:22:...|     eu|postgres|
|         10|          4|         3|2025-06-08 19:22:...|     eu|postgres|
+-----------+-----------+----------+--------------------+-------+--------+
only showing top 10 rows
[2025-06-10T07:51:29.006+0000] {logging_mixin.py:188} INFO - Inserting into snowflake
[2025-06-10T07:51:48.171+0000] {logging_mixin.py:188} INFO - successfully inserted in snowflake
[2025-06-10T07:51:49.986+0000] {logging_mixin.py:188} INFO - Successfully processed 60 records for wishlists in eu
[2025-06-10T07:51:51.195+0000] {python.py:201} INFO - Done. Returned value was: {'region': 'eu', 'table': 'wishlists', 'record_count': 60, 'status': 'success'}
[2025-06-10T07:51:51.236+0000] {taskinstance.py:1138} INFO - Marking task as SUCCESS. dag_id=multi_region_to_snowflake, task_id=process_region_eu.process_wishlists_eu, execution_date=20250610T074442, start_date=20250610T075051, end_date=20250610T075151
[2025-06-10T07:51:51.266+0000] {local_task_job_runner.py:234} INFO - Task exited with return code 0
[2025-06-10T07:51:51.307+0000] {taskinstance.py:3280} INFO - 0 downstream tasks scheduled from follow-on schedule check
