[2025-06-01T17:38:04.176+0000] {taskinstance.py:1956} INFO - Dependencies all met for dep_context=non-requeueable deps ti=<TaskInstance: copy_postgres_table_to_table.transfer_table_data manual__2025-06-01T17:38:00.838890+00:00 [queued]>
[2025-06-01T17:38:04.189+0000] {taskinstance.py:1956} INFO - Dependencies all met for dep_context=requeueable deps ti=<TaskInstance: copy_postgres_table_to_table.transfer_table_data manual__2025-06-01T17:38:00.838890+00:00 [queued]>
[2025-06-01T17:38:04.189+0000] {taskinstance.py:2170} INFO - Starting attempt 1 of 1
[2025-06-01T17:38:04.249+0000] {taskinstance.py:2191} INFO - Executing <Task(_PythonDecoratedOperator): transfer_table_data> on 2025-06-01 17:38:00.838890+00:00
[2025-06-01T17:38:04.254+0000] {standard_task_runner.py:60} INFO - Started process 189 to run task
[2025-06-01T17:38:04.256+0000] {standard_task_runner.py:87} INFO - Running: ['airflow', 'tasks', 'run', 'copy_postgres_table_to_table', 'transfer_table_data', 'manual__2025-06-01T17:38:00.838890+00:00', '--job-id', '82', '--raw', '--subdir', 'DAGS_FOLDER/asia/extract_load_staging_asia.py', '--cfg-path', '/tmp/tmpvwf11w3v']
[2025-06-01T17:38:04.257+0000] {standard_task_runner.py:88} INFO - Job 82: Subtask transfer_table_data
[2025-06-01T17:38:04.376+0000] {logging_mixin.py:188} WARNING - /home/airflow/.local/lib/python3.10/site-packages/airflow/settings.py:194 DeprecationWarning: The sql_alchemy_conn option in [core] has been moved to the sql_alchemy_conn option in [database] - the old setting has been used, but please update your config.
[2025-06-01T17:38:04.414+0000] {task_command.py:423} INFO - Running <TaskInstance: copy_postgres_table_to_table.transfer_table_data manual__2025-06-01T17:38:00.838890+00:00 [running]> on host 4dc12702b1ac
[2025-06-01T17:38:04.892+0000] {taskinstance.py:2480} INFO - Exporting env vars: AIRFLOW_CTX_DAG_OWNER='airflow' AIRFLOW_CTX_DAG_ID='copy_postgres_table_to_table' AIRFLOW_CTX_TASK_ID='transfer_table_data' AIRFLOW_CTX_EXECUTION_DATE='2025-06-01T17:38:00.838890+00:00' AIRFLOW_CTX_TRY_NUMBER='1' AIRFLOW_CTX_DAG_RUN_ID='manual__2025-06-01T17:38:00.838890+00:00'
[2025-06-01T17:38:05.781+0000] {taskinstance.py:2698} ERROR - Task failed with exception
Traceback (most recent call last):
  File "/home/airflow/.local/lib/python3.10/site-packages/airflow/models/taskinstance.py", line 433, in _execute_task
    result = execute_callable(context=context, **execute_callable_kwargs)
  File "/home/airflow/.local/lib/python3.10/site-packages/airflow/decorators/base.py", line 241, in execute
    return_value = super().execute(context)
  File "/home/airflow/.local/lib/python3.10/site-packages/airflow/operators/python.py", line 199, in execute
    return_value = self.execute_callable()
  File "/home/airflow/.local/lib/python3.10/site-packages/airflow/operators/python.py", line 216, in execute_callable
    return self.python_callable(*self.op_args, **self.op_kwargs)
  File "/opt/airflow/dags/asia/extract_load_staging_asia.py", line 29, in transfer_table_data
    .getOrCreate()
  File "/home/airflow/.local/lib/python3.10/site-packages/pyspark/sql/session.py", line 497, in getOrCreate
    sc = SparkContext.getOrCreate(sparkConf)
  File "/home/airflow/.local/lib/python3.10/site-packages/pyspark/context.py", line 515, in getOrCreate
    SparkContext(conf=conf or SparkConf())
  File "/home/airflow/.local/lib/python3.10/site-packages/pyspark/context.py", line 201, in __init__
    SparkContext._ensure_initialized(self, gateway=gateway, conf=conf)
  File "/home/airflow/.local/lib/python3.10/site-packages/pyspark/context.py", line 436, in _ensure_initialized
    SparkContext._gateway = gateway or launch_gateway(conf)
  File "/home/airflow/.local/lib/python3.10/site-packages/pyspark/java_gateway.py", line 107, in launch_gateway
    raise PySparkRuntimeError(
pyspark.errors.exceptions.base.PySparkRuntimeError: [JAVA_GATEWAY_EXITED] Java gateway process exited before sending its port number.
[2025-06-01T17:38:05.799+0000] {taskinstance.py:1138} INFO - Marking task as FAILED. dag_id=copy_postgres_table_to_table, task_id=transfer_table_data, execution_date=20250601T173800, start_date=20250601T173804, end_date=20250601T173805
[2025-06-01T17:38:06.029+0000] {standard_task_runner.py:107} ERROR - Failed to execute job 82 for task transfer_table_data ([JAVA_GATEWAY_EXITED] Java gateway process exited before sending its port number.; 189)
[2025-06-01T17:38:06.074+0000] {local_task_job_runner.py:234} INFO - Task exited with return code 1
[2025-06-01T17:38:06.119+0000] {taskinstance.py:3280} INFO - 0 downstream tasks scheduled from follow-on schedule check
