[2025-06-03T08:02:46.629+0000] {taskinstance.py:1956} INFO - Dependencies all met for dep_context=non-requeueable deps ti=<TaskInstance: ingest_raw_data_asia.extract_asia_asia_customer_addresses manual__2025-06-03T06:07:18.020901+00:00 [queued]>
[2025-06-03T08:02:47.268+0000] {taskinstance.py:1956} INFO - Dependencies all met for dep_context=requeueable deps ti=<TaskInstance: ingest_raw_data_asia.extract_asia_asia_customer_addresses manual__2025-06-03T06:07:18.020901+00:00 [queued]>
[2025-06-03T08:02:47.268+0000] {taskinstance.py:2170} INFO - Starting attempt 1 of 2
[2025-06-03T08:02:49.379+0000] {taskinstance.py:2191} INFO - Executing <Task(BashOperator): extract_asia_asia_customer_addresses> on 2025-06-03 06:07:18.020901+00:00
[2025-06-03T08:02:49.382+0000] {standard_task_runner.py:60} INFO - Started process 3012 to run task
[2025-06-03T08:02:49.384+0000] {standard_task_runner.py:87} INFO - Running: ['airflow', 'tasks', 'run', 'ingest_raw_data_asia', 'extract_asia_asia_customer_addresses', 'manual__2025-06-03T06:07:18.020901+00:00', '--job-id', '284', '--raw', '--subdir', 'DAGS_FOLDER/asia/landing.py', '--cfg-path', '/tmp/tmprcroqdwr']
[2025-06-03T08:02:49.385+0000] {standard_task_runner.py:88} INFO - Job 284: Subtask extract_asia_asia_customer_addresses
[2025-06-03T08:02:53.171+0000] {logging_mixin.py:188} WARNING - /home/airflow/.local/lib/python3.10/site-packages/airflow/settings.py:194 DeprecationWarning: The sql_alchemy_conn option in [core] has been moved to the sql_alchemy_conn option in [database] - the old setting has been used, but please update your config.
[2025-06-03T08:02:53.225+0000] {task_command.py:423} INFO - Running <TaskInstance: ingest_raw_data_asia.extract_asia_asia_customer_addresses manual__2025-06-03T06:07:18.020901+00:00 [running]> on host 86069ee61878
[2025-06-03T08:02:56.292+0000] {taskinstance.py:2480} INFO - Exporting env vars: AIRFLOW_CTX_DAG_OWNER='airflow' AIRFLOW_CTX_DAG_ID='ingest_raw_data_asia' AIRFLOW_CTX_TASK_ID='extract_asia_asia_customer_addresses' AIRFLOW_CTX_EXECUTION_DATE='2025-06-03T06:07:18.020901+00:00' AIRFLOW_CTX_TRY_NUMBER='1' AIRFLOW_CTX_DAG_RUN_ID='manual__2025-06-03T06:07:18.020901+00:00'
[2025-06-03T08:02:56.676+0000] {subprocess.py:63} INFO - Tmp dir root location: /tmp
[2025-06-03T08:02:57.473+0000] {subprocess.py:75} INFO - Running command: ['/usr/bin/bash', '-c', '\n                spark-submit                     /opt/airflow/scripts/pyspark_jobs/extract_to_parquet.py                     asia.customer_addresses "jdbc:postgresql://retail-postgres:5432/retail_etl" retail-etl retail_etl 2025-06-03\n            ']
[2025-06-03T08:02:58.007+0000] {subprocess.py:86} INFO - Output:
[2025-06-03T08:03:34.183+0000] {subprocess.py:93} INFO - 25/06/03 08:03:34 INFO SparkContext: Running Spark version 3.5.6
[2025-06-03T08:03:34.189+0000] {subprocess.py:93} INFO - 25/06/03 08:03:34 INFO SparkContext: OS info Linux, 6.11.0-26-generic, amd64
[2025-06-03T08:03:34.194+0000] {subprocess.py:93} INFO - 25/06/03 08:03:34 INFO SparkContext: Java version 11.0.24
[2025-06-03T08:03:34.643+0000] {subprocess.py:93} INFO - 25/06/03 08:03:34 WARN NativeCodeLoader: Unable to load native-hadoop library for your platform... using builtin-java classes where applicable
[2025-06-03T08:03:35.251+0000] {subprocess.py:93} INFO - 25/06/03 08:03:35 INFO ResourceUtils: ==============================================================
[2025-06-03T08:03:35.253+0000] {subprocess.py:93} INFO - 25/06/03 08:03:35 INFO ResourceUtils: No custom resources configured for spark.driver.
[2025-06-03T08:03:35.255+0000] {subprocess.py:93} INFO - 25/06/03 08:03:35 INFO ResourceUtils: ==============================================================
[2025-06-03T08:03:35.261+0000] {subprocess.py:93} INFO - 25/06/03 08:03:35 INFO SparkContext: Submitted application: Extract_asia_asia.customer_addresses
[2025-06-03T08:03:35.373+0000] {subprocess.py:93} INFO - 25/06/03 08:03:35 INFO ResourceProfile: Default ResourceProfile created, executor resources: Map(cores -> name: cores, amount: 1, script: , vendor: , memory -> name: memory, amount: 1024, script: , vendor: , offHeap -> name: offHeap, amount: 0, script: , vendor: ), task resources: Map(cpus -> name: cpus, amount: 1.0)
[2025-06-03T08:03:35.440+0000] {subprocess.py:93} INFO - 25/06/03 08:03:35 INFO ResourceProfile: Limiting resource is cpu
[2025-06-03T08:03:35.444+0000] {subprocess.py:93} INFO - 25/06/03 08:03:35 INFO ResourceProfileManager: Added ResourceProfile id: 0
[2025-06-03T08:03:35.695+0000] {subprocess.py:93} INFO - 25/06/03 08:03:35 INFO SecurityManager: Changing view acls to: airflow
[2025-06-03T08:03:35.696+0000] {subprocess.py:93} INFO - 25/06/03 08:03:35 INFO SecurityManager: Changing modify acls to: airflow
[2025-06-03T08:03:35.696+0000] {subprocess.py:93} INFO - 25/06/03 08:03:35 INFO SecurityManager: Changing view acls groups to:
[2025-06-03T08:03:35.696+0000] {subprocess.py:93} INFO - 25/06/03 08:03:35 INFO SecurityManager: Changing modify acls groups to:
[2025-06-03T08:03:35.696+0000] {subprocess.py:93} INFO - 25/06/03 08:03:35 INFO SecurityManager: SecurityManager: authentication disabled; ui acls disabled; users with view permissions: airflow; groups with view permissions: EMPTY; users with modify permissions: airflow; groups with modify permissions: EMPTY
[2025-06-03T08:03:38.002+0000] {subprocess.py:93} INFO - 25/06/03 08:03:38 INFO Utils: Successfully started service 'sparkDriver' on port 46159.
[2025-06-03T08:03:38.341+0000] {subprocess.py:93} INFO - 25/06/03 08:03:38 INFO SparkEnv: Registering MapOutputTracker
[2025-06-03T08:03:38.744+0000] {subprocess.py:93} INFO - 25/06/03 08:03:38 INFO SparkEnv: Registering BlockManagerMaster
[2025-06-03T08:03:38.948+0000] {subprocess.py:93} INFO - 25/06/03 08:03:38 INFO BlockManagerMasterEndpoint: Using org.apache.spark.storage.DefaultTopologyMapper for getting topology information
[2025-06-03T08:03:38.949+0000] {subprocess.py:93} INFO - 25/06/03 08:03:38 INFO BlockManagerMasterEndpoint: BlockManagerMasterEndpoint up
[2025-06-03T08:03:38.980+0000] {subprocess.py:93} INFO - 25/06/03 08:03:38 INFO SparkEnv: Registering BlockManagerMasterHeartbeat
[2025-06-03T08:03:39.146+0000] {subprocess.py:93} INFO - 25/06/03 08:03:39 INFO DiskBlockManager: Created local directory at /tmp/blockmgr-8e5c8ebf-42c8-49c4-901a-ea42d307789c
[2025-06-03T08:03:39.302+0000] {subprocess.py:93} INFO - 25/06/03 08:03:39 INFO MemoryStore: MemoryStore started with capacity 434.4 MiB
[2025-06-03T08:03:39.431+0000] {subprocess.py:93} INFO - 25/06/03 08:03:39 INFO SparkEnv: Registering OutputCommitCoordinator
[2025-06-03T08:03:41.740+0000] {subprocess.py:93} INFO - 25/06/03 08:03:41 INFO JettyUtils: Start Jetty 0.0.0.0:4040 for SparkUI
[2025-06-03T08:03:41.883+0000] {subprocess.py:93} INFO - 25/06/03 08:03:41 WARN Utils: Service 'SparkUI' could not bind on port 4040. Attempting port 4041.
[2025-06-03T08:03:41.892+0000] {subprocess.py:93} INFO - 25/06/03 08:03:41 WARN Utils: Service 'SparkUI' could not bind on port 4041. Attempting port 4042.
[2025-06-03T08:03:41.892+0000] {subprocess.py:93} INFO - 25/06/03 08:03:41 WARN Utils: Service 'SparkUI' could not bind on port 4042. Attempting port 4043.
[2025-06-03T08:03:41.896+0000] {subprocess.py:93} INFO - 25/06/03 08:03:41 WARN Utils: Service 'SparkUI' could not bind on port 4043. Attempting port 4044.
[2025-06-03T08:03:41.902+0000] {subprocess.py:93} INFO - 25/06/03 08:03:41 WARN Utils: Service 'SparkUI' could not bind on port 4044. Attempting port 4045.
[2025-06-03T08:03:41.903+0000] {subprocess.py:93} INFO - 25/06/03 08:03:41 WARN Utils: Service 'SparkUI' could not bind on port 4045. Attempting port 4046.
[2025-06-03T08:03:41.906+0000] {subprocess.py:93} INFO - 25/06/03 08:03:41 WARN Utils: Service 'SparkUI' could not bind on port 4046. Attempting port 4047.
[2025-06-03T08:03:41.909+0000] {subprocess.py:93} INFO - 25/06/03 08:03:41 WARN Utils: Service 'SparkUI' could not bind on port 4047. Attempting port 4048.
[2025-06-03T08:03:41.915+0000] {subprocess.py:93} INFO - 25/06/03 08:03:41 WARN Utils: Service 'SparkUI' could not bind on port 4048. Attempting port 4049.
[2025-06-03T08:03:41.944+0000] {subprocess.py:93} INFO - 25/06/03 08:03:41 INFO Utils: Successfully started service 'SparkUI' on port 4049.
[2025-06-03T08:03:43.363+0000] {subprocess.py:93} INFO - 25/06/03 08:03:43 INFO Executor: Starting executor ID driver on host 86069ee61878
[2025-06-03T08:03:43.364+0000] {subprocess.py:93} INFO - 25/06/03 08:03:43 INFO Executor: OS info Linux, 6.11.0-26-generic, amd64
[2025-06-03T08:03:43.364+0000] {subprocess.py:93} INFO - 25/06/03 08:03:43 INFO Executor: Java version 11.0.24
[2025-06-03T08:03:43.380+0000] {subprocess.py:93} INFO - 25/06/03 08:03:43 INFO Executor: Starting executor with user classpath (userClassPathFirst = false): ''
[2025-06-03T08:03:43.381+0000] {subprocess.py:93} INFO - 25/06/03 08:03:43 INFO Executor: Created or updated repl class loader org.apache.spark.util.MutableURLClassLoader@1ec8ed86 for default.
[2025-06-03T08:03:43.422+0000] {subprocess.py:93} INFO - 25/06/03 08:03:43 INFO Utils: Successfully started service 'org.apache.spark.network.netty.NettyBlockTransferService' on port 45203.
[2025-06-03T08:03:43.423+0000] {subprocess.py:93} INFO - 25/06/03 08:03:43 INFO NettyBlockTransferService: Server created on 86069ee61878:45203
[2025-06-03T08:03:43.425+0000] {subprocess.py:93} INFO - 25/06/03 08:03:43 INFO BlockManager: Using org.apache.spark.storage.RandomBlockReplicationPolicy for block replication policy
[2025-06-03T08:03:43.436+0000] {subprocess.py:93} INFO - 25/06/03 08:03:43 INFO BlockManagerMaster: Registering BlockManager BlockManagerId(driver, 86069ee61878, 45203, None)
[2025-06-03T08:03:43.442+0000] {subprocess.py:93} INFO - 25/06/03 08:03:43 INFO BlockManagerMasterEndpoint: Registering block manager 86069ee61878:45203 with 434.4 MiB RAM, BlockManagerId(driver, 86069ee61878, 45203, None)
[2025-06-03T08:03:43.445+0000] {subprocess.py:93} INFO - 25/06/03 08:03:43 INFO BlockManagerMaster: Registered BlockManager BlockManagerId(driver, 86069ee61878, 45203, None)
[2025-06-03T08:03:43.447+0000] {subprocess.py:93} INFO - 25/06/03 08:03:43 INFO BlockManager: Initialized BlockManager: BlockManagerId(driver, 86069ee61878, 45203, None)
[2025-06-03T08:03:46.870+0000] {subprocess.py:93} INFO - 25/06/03 08:03:46 INFO AsyncEventQueue: Process of event SparkListenerResourceProfileAdded(Profile: id = 0, executor resources: cores -> name: cores, amount: 1, script: , vendor: ,memory -> name: memory, amount: 1024, script: , vendor: ,offHeap -> name: offHeap, amount: 0, script: , vendor: , task resources: cpus -> name: cpus, amount: 1.0) by listener AppStatusListener took 1.771863901s.
[2025-06-03T08:03:48.491+0000] {subprocess.py:93} INFO - 25/06/03 08:03:48 INFO SharedState: Setting hive.metastore.warehouse.dir ('null') to the value of spark.sql.warehouse.dir.
[2025-06-03T08:03:48.513+0000] {subprocess.py:93} INFO - 25/06/03 08:03:48 INFO SharedState: Warehouse path is 'file:/tmp/airflowtmp6qlljtte/spark-warehouse'.
[2025-06-03T08:04:48.856+0000] {subprocess.py:93} INFO - Traceback (most recent call last):
[2025-06-03T08:04:49.002+0000] {subprocess.py:93} INFO -   File "/opt/airflow/scripts/pyspark_jobs/extract_to_parquet.py", line 24, in <module>
[2025-06-03T08:04:49.002+0000] {subprocess.py:93} INFO -     .load()
[2025-06-03T08:04:49.003+0000] {subprocess.py:93} INFO -   File "/usr/local/spark/python/lib/pyspark.zip/pyspark/sql/readwriter.py", line 314, in load
[2025-06-03T08:04:49.412+0000] {subprocess.py:93} INFO -   File "/usr/local/spark/python/lib/py4j-0.10.9.7-src.zip/py4j/java_gateway.py", line 1322, in __call__
[2025-06-03T08:04:49.412+0000] {subprocess.py:93} INFO -   File "/usr/local/spark/python/lib/pyspark.zip/pyspark/errors/exceptions/captured.py", line 179, in deco
[2025-06-03T08:04:49.412+0000] {subprocess.py:93} INFO -   File "/usr/local/spark/python/lib/py4j-0.10.9.7-src.zip/py4j/protocol.py", line 326, in get_return_value
[2025-06-03T08:04:49.412+0000] {subprocess.py:93} INFO - py4j.protocol.Py4JJavaError: An error occurred while calling o30.load.
[2025-06-03T08:04:49.412+0000] {subprocess.py:93} INFO - : java.lang.ClassNotFoundException: org.postgresql.Driver
[2025-06-03T08:04:49.412+0000] {subprocess.py:93} INFO - 	at java.base/java.net.URLClassLoader.findClass(URLClassLoader.java:476)
[2025-06-03T08:04:49.413+0000] {subprocess.py:93} INFO - 	at java.base/java.lang.ClassLoader.loadClass(ClassLoader.java:594)
[2025-06-03T08:04:49.413+0000] {subprocess.py:93} INFO - 	at java.base/java.lang.ClassLoader.loadClass(ClassLoader.java:527)
[2025-06-03T08:04:49.413+0000] {subprocess.py:93} INFO - 	at org.apache.spark.sql.execution.datasources.jdbc.DriverRegistry$.register(DriverRegistry.scala:46)
[2025-06-03T08:04:49.413+0000] {subprocess.py:93} INFO - 	at org.apache.spark.sql.execution.datasources.jdbc.JDBCOptions.$anonfun$driverClass$1(JDBCOptions.scala:103)
[2025-06-03T08:04:49.413+0000] {subprocess.py:93} INFO - 	at org.apache.spark.sql.execution.datasources.jdbc.JDBCOptions.$anonfun$driverClass$1$adapted(JDBCOptions.scala:103)
[2025-06-03T08:04:49.413+0000] {subprocess.py:93} INFO - 	at scala.Option.foreach(Option.scala:407)
[2025-06-03T08:04:49.413+0000] {subprocess.py:93} INFO - 	at org.apache.spark.sql.execution.datasources.jdbc.JDBCOptions.<init>(JDBCOptions.scala:103)
[2025-06-03T08:04:49.413+0000] {subprocess.py:93} INFO - 	at org.apache.spark.sql.execution.datasources.jdbc.JDBCOptions.<init>(JDBCOptions.scala:41)
[2025-06-03T08:04:49.413+0000] {subprocess.py:93} INFO - 	at org.apache.spark.sql.execution.datasources.jdbc.JdbcRelationProvider.createRelation(JdbcRelationProvider.scala:34)
[2025-06-03T08:04:49.413+0000] {subprocess.py:93} INFO - 	at org.apache.spark.sql.execution.datasources.DataSource.resolveRelation(DataSource.scala:346)
[2025-06-03T08:04:49.414+0000] {subprocess.py:93} INFO - 	at org.apache.spark.sql.DataFrameReader.loadV1Source(DataFrameReader.scala:229)
[2025-06-03T08:04:49.414+0000] {subprocess.py:93} INFO - 	at org.apache.spark.sql.DataFrameReader.$anonfun$load$2(DataFrameReader.scala:211)
[2025-06-03T08:04:49.414+0000] {subprocess.py:93} INFO - 	at scala.Option.getOrElse(Option.scala:189)
[2025-06-03T08:04:49.414+0000] {subprocess.py:93} INFO - 	at org.apache.spark.sql.DataFrameReader.load(DataFrameReader.scala:211)
[2025-06-03T08:04:49.414+0000] {subprocess.py:93} INFO - 	at org.apache.spark.sql.DataFrameReader.load(DataFrameReader.scala:172)
[2025-06-03T08:04:49.414+0000] {subprocess.py:93} INFO - 	at java.base/jdk.internal.reflect.NativeMethodAccessorImpl.invoke0(Native Method)
[2025-06-03T08:04:49.414+0000] {subprocess.py:93} INFO - 	at java.base/jdk.internal.reflect.NativeMethodAccessorImpl.invoke(NativeMethodAccessorImpl.java:62)
[2025-06-03T08:04:49.414+0000] {subprocess.py:93} INFO - 	at java.base/jdk.internal.reflect.DelegatingMethodAccessorImpl.invoke(DelegatingMethodAccessorImpl.java:43)
[2025-06-03T08:04:49.414+0000] {subprocess.py:93} INFO - 	at java.base/java.lang.reflect.Method.invoke(Method.java:566)
[2025-06-03T08:04:49.414+0000] {subprocess.py:93} INFO - 	at py4j.reflection.MethodInvoker.invoke(MethodInvoker.java:244)
[2025-06-03T08:04:49.414+0000] {subprocess.py:93} INFO - 	at py4j.reflection.ReflectionEngine.invoke(ReflectionEngine.java:374)
[2025-06-03T08:04:49.415+0000] {subprocess.py:93} INFO - 	at py4j.Gateway.invoke(Gateway.java:282)
[2025-06-03T08:04:49.415+0000] {subprocess.py:93} INFO - 	at py4j.commands.AbstractCommand.invokeMethod(AbstractCommand.java:132)
[2025-06-03T08:04:49.415+0000] {subprocess.py:93} INFO - 	at py4j.commands.CallCommand.execute(CallCommand.java:79)
[2025-06-03T08:04:49.415+0000] {subprocess.py:93} INFO - 	at py4j.ClientServerConnection.waitForCommands(ClientServerConnection.java:182)
[2025-06-03T08:04:49.415+0000] {subprocess.py:93} INFO - 	at py4j.ClientServerConnection.run(ClientServerConnection.java:106)
[2025-06-03T08:04:49.415+0000] {subprocess.py:93} INFO - 	at java.base/java.lang.Thread.run(Thread.java:829)
[2025-06-03T08:04:49.415+0000] {subprocess.py:93} INFO - 
[2025-06-03T08:04:55.915+0000] {subprocess.py:93} INFO - 25/06/03 08:04:55 INFO SparkContext: Invoking stop() from shutdown hook
[2025-06-03T08:04:55.917+0000] {subprocess.py:93} INFO - 25/06/03 08:04:55 INFO SparkContext: SparkContext is stopping with exitCode 0.
[2025-06-03T08:04:56.438+0000] {subprocess.py:93} INFO - 25/06/03 08:04:56 INFO SparkUI: Stopped Spark web UI at http://86069ee61878:4049
[2025-06-03T08:04:57.655+0000] {subprocess.py:93} INFO - 25/06/03 08:04:57 INFO MapOutputTrackerMasterEndpoint: MapOutputTrackerMasterEndpoint stopped!
[2025-06-03T08:04:58.038+0000] {subprocess.py:93} INFO - 25/06/03 08:04:58 INFO MemoryStore: MemoryStore cleared
[2025-06-03T08:04:58.038+0000] {subprocess.py:93} INFO - 25/06/03 08:04:58 INFO BlockManager: BlockManager stopped
[2025-06-03T08:04:58.283+0000] {subprocess.py:93} INFO - 25/06/03 08:04:58 INFO BlockManagerMaster: BlockManagerMaster stopped
[2025-06-03T08:04:58.297+0000] {subprocess.py:93} INFO - 25/06/03 08:04:58 INFO OutputCommitCoordinator$OutputCommitCoordinatorEndpoint: OutputCommitCoordinator stopped!
[2025-06-03T08:04:58.369+0000] {subprocess.py:93} INFO - 25/06/03 08:04:58 INFO SparkContext: Successfully stopped SparkContext
[2025-06-03T08:04:58.370+0000] {subprocess.py:93} INFO - 25/06/03 08:04:58 INFO ShutdownHookManager: Shutdown hook called
[2025-06-03T08:04:58.391+0000] {subprocess.py:93} INFO - 25/06/03 08:04:58 INFO ShutdownHookManager: Deleting directory /tmp/spark-71c336e1-2254-4ba0-9cbc-ee452b7ecbb0
[2025-06-03T08:04:58.413+0000] {subprocess.py:93} INFO - 25/06/03 08:04:58 INFO ShutdownHookManager: Deleting directory /tmp/spark-9410bf10-0953-4cd0-8d18-68ba9515bf4b
[2025-06-03T08:04:58.434+0000] {subprocess.py:93} INFO - 25/06/03 08:04:58 INFO ShutdownHookManager: Deleting directory /tmp/spark-9410bf10-0953-4cd0-8d18-68ba9515bf4b/pyspark-a45662e0-7553-4ed1-8830-bfb6c72ab04d
[2025-06-03T08:04:59.862+0000] {subprocess.py:97} INFO - Command exited with return code 1
