[2025-06-11T16:09:20.570+0000] {taskinstance.py:1956} INFO - Dependencies all met for dep_context=non-requeueable deps ti=<TaskInstance: multi_region_transform_staging_v2.process_region_asia.process_shopping_carts_asia manual__2025-06-11T16:08:10.701979+00:00 [queued]>
[2025-06-11T16:09:20.599+0000] {taskinstance.py:1956} INFO - Dependencies all met for dep_context=requeueable deps ti=<TaskInstance: multi_region_transform_staging_v2.process_region_asia.process_shopping_carts_asia manual__2025-06-11T16:08:10.701979+00:00 [queued]>
[2025-06-11T16:09:20.600+0000] {taskinstance.py:2170} INFO - Starting attempt 1 of 2
[2025-06-11T16:09:20.648+0000] {taskinstance.py:2191} INFO - Executing <Task(_PythonDecoratedOperator): process_region_asia.process_shopping_carts_asia> on 2025-06-11 16:08:10.701979+00:00
[2025-06-11T16:09:20.678+0000] {standard_task_runner.py:60} INFO - Started process 25024 to run task
[2025-06-11T16:09:20.688+0000] {standard_task_runner.py:87} INFO - Running: ['airflow', 'tasks', 'run', 'multi_region_transform_staging_v2', 'process_region_asia.process_shopping_carts_asia', 'manual__2025-06-11T16:08:10.701979+00:00', '--job-id', '195', '--raw', '--subdir', 'DAGS_FOLDER/master_dag.py', '--cfg-path', '/tmp/tmp_frrcf6j']
[2025-06-11T16:09:20.695+0000] {standard_task_runner.py:88} INFO - Job 195: Subtask process_region_asia.process_shopping_carts_asia
[2025-06-11T16:09:20.835+0000] {task_command.py:423} INFO - Running <TaskInstance: multi_region_transform_staging_v2.process_region_asia.process_shopping_carts_asia manual__2025-06-11T16:08:10.701979+00:00 [running]> on host 5950010ae7c1
[2025-06-11T16:09:21.101+0000] {taskinstance.py:2480} INFO - Exporting env vars: AIRFLOW_CTX_DAG_OWNER='data-team' AIRFLOW_CTX_DAG_ID='multi_region_transform_staging_v2' AIRFLOW_CTX_TASK_ID='process_region_asia.process_shopping_carts_asia' AIRFLOW_CTX_EXECUTION_DATE='2025-06-11T16:08:10.701979+00:00' AIRFLOW_CTX_TRY_NUMBER='1' AIRFLOW_CTX_DAG_RUN_ID='manual__2025-06-11T16:08:10.701979+00:00'
[2025-06-11T16:09:32.566+0000] {logging_mixin.py:188} INFO - Debugggg::::Vector(spark://5950010ae7c1:41429/jars/snowflake-jdbc-3.13.17.jar, spark://5950010ae7c1:41429/jars/spark-snowflake_2.12-2.16.0-spark_3.2.jar)
[2025-06-11T16:09:32.567+0000] {logging_mixin.py:188} INFO - Processing shopping_carts for region asia
[2025-06-11T16:09:32.609+0000] {logging_mixin.py:188} INFO - /opt/airflow/data/raw/region=asia/table=shopping_carts/load_date=2025-06-11
[2025-06-11T16:10:00.429+0000] {logging_mixin.py:188} INFO - STAGING_ASIA
[2025-06-11T16:10:03.956+0000] {logging_mixin.py:188} INFO - +-------+-----------+--------------------+-------------------+-------------------+-------------------+-------+--------+
|cart_id|customer_id|          session_id|         created_at|         updated_at|       abandoned_at|_region| _source|
+-------+-----------+--------------------+-------------------+-------------------+-------------------+-------+--------+
|      1|          1|sess_jp_abc123def456|2024-03-15 09:30:45|2024-03-15 10:45:20|               NULL|   asia|postgres|
|      2|          2|sess_jp_ghi789jkl012|2024-03-16 00:00:00|2024-03-16 00:00:00|2024-03-16 00:00:00|   asia|postgres|
|      3|          3|sess_jp_mno345pqr678|2024-03-17 00:00:00|2024-03-17 00:00:00|               NULL|   asia|postgres|
|      5|          5|sess_jp_yza567bcd890|2024-03-19 00:00:00|2024-03-19 00:00:00|               NULL|   asia|postgres|
+-------+-----------+--------------------+-------------------+-------------------+-------------------+-------+--------+
[2025-06-11T16:10:03.958+0000] {logging_mixin.py:188} INFO - Inserting into snowflake
[2025-06-11T16:10:14.299+0000] {logging_mixin.py:188} INFO - successfully inserted in snowflake
[2025-06-11T16:10:14.312+0000] {crypto.py:82} WARNING - empty cryptography key - values will not be stored encrypted.
[2025-06-11T16:10:14.775+0000] {logging_mixin.py:188} INFO - Successfully processed 4 records for shopping_carts in asia
[2025-06-11T16:10:17.301+0000] {python.py:201} INFO - Done. Returned value was: {'region': 'asia', 'table': 'shopping_carts', 'record_count': 4, 'status': 'success'}
[2025-06-11T16:10:17.381+0000] {taskinstance.py:1138} INFO - Marking task as SUCCESS. dag_id=multi_region_transform_staging_v2, task_id=process_region_asia.process_shopping_carts_asia, execution_date=20250611T160810, start_date=20250611T160920, end_date=20250611T161017
[2025-06-11T16:10:17.462+0000] {local_task_job_runner.py:234} INFO - Task exited with return code 0
[2025-06-11T16:10:17.630+0000] {taskinstance.py:3280} INFO - 0 downstream tasks scheduled from follow-on schedule check
