[2025-06-10T07:47:48.623+0000] {taskinstance.py:1956} INFO - Dependencies all met for dep_context=non-requeueable deps ti=<TaskInstance: multi_region_to_snowflake.process_region_asia.process_shopping_carts_asia manual__2025-06-10T07:44:42.674457+00:00 [queued]>
[2025-06-10T07:47:48.649+0000] {taskinstance.py:1956} INFO - Dependencies all met for dep_context=requeueable deps ti=<TaskInstance: multi_region_to_snowflake.process_region_asia.process_shopping_carts_asia manual__2025-06-10T07:44:42.674457+00:00 [queued]>
[2025-06-10T07:47:48.650+0000] {taskinstance.py:2170} INFO - Starting attempt 1 of 2
[2025-06-10T07:47:48.681+0000] {taskinstance.py:2191} INFO - Executing <Task(_PythonDecoratedOperator): process_region_asia.process_shopping_carts_asia> on 2025-06-10 07:44:42.674457+00:00
[2025-06-10T07:47:48.693+0000] {standard_task_runner.py:60} INFO - Started process 4826 to run task
[2025-06-10T07:47:48.703+0000] {standard_task_runner.py:87} INFO - Running: ['airflow', 'tasks', 'run', 'multi_region_to_snowflake', 'process_region_asia.process_shopping_carts_asia', 'manual__2025-06-10T07:44:42.674457+00:00', '--job-id', '1012', '--raw', '--subdir', 'DAGS_FOLDER/master_dag.py', '--cfg-path', '/tmp/tmp_7hu9v1s']
[2025-06-10T07:47:48.710+0000] {standard_task_runner.py:88} INFO - Job 1012: Subtask process_region_asia.process_shopping_carts_asia
[2025-06-10T07:47:48.877+0000] {task_command.py:423} INFO - Running <TaskInstance: multi_region_to_snowflake.process_region_asia.process_shopping_carts_asia manual__2025-06-10T07:44:42.674457+00:00 [running]> on host b27730b0b8ce
[2025-06-10T07:47:49.401+0000] {taskinstance.py:2480} INFO - Exporting env vars: AIRFLOW_CTX_DAG_OWNER='data-team' AIRFLOW_CTX_DAG_ID='multi_region_to_snowflake' AIRFLOW_CTX_TASK_ID='process_region_asia.process_shopping_carts_asia' AIRFLOW_CTX_EXECUTION_DATE='2025-06-10T07:44:42.674457+00:00' AIRFLOW_CTX_TRY_NUMBER='1' AIRFLOW_CTX_DAG_RUN_ID='manual__2025-06-10T07:44:42.674457+00:00'
[2025-06-10T07:48:02.686+0000] {logging_mixin.py:188} INFO - Processing shopping_carts for region asia
[2025-06-10T07:48:14.404+0000] {logging_mixin.py:188} INFO - STAGING_ASIA
[2025-06-10T07:48:27.392+0000] {logging_mixin.py:188} INFO - +-------+-----------+--------------------+-------------------+-------------------+-------------------+-------+--------+
|cart_id|customer_id|          session_id|         created_at|         updated_at|       abandoned_at|_region| _source|
+-------+-----------+--------------------+-------------------+-------------------+-------------------+-------+--------+
|      1|          1|sess_jp_abc123def456|2024-03-15 09:30:45|2024-03-15 10:45:20|               NULL|   asia|postgres|
|      2|          2|sess_jp_ghi789jkl012|2024-03-16 00:00:00|2024-03-16 00:00:00|2024-03-16 00:00:00|   asia|postgres|
|      3|          3|sess_jp_mno345pqr678|2024-03-17 00:00:00|2024-03-17 00:00:00|               NULL|   asia|postgres|
|      4|          4|sess_jp_stu901vwx234|               NULL|               NULL|               NULL|   asia|postgres|
|      5|          5|sess_jp_yza567bcd890|2024-03-19 00:00:00|2024-03-19 00:00:00|               NULL|   asia|postgres|
|      1|          1|sess_jp_abc123def456|2024-03-15 09:30:45|2024-03-15 10:45:20|               NULL|   asia|postgres|
|      2|          2|sess_jp_ghi789jkl012|2024-03-16 00:00:00|2024-03-16 00:00:00|2024-03-16 00:00:00|   asia|postgres|
|      3|          3|sess_jp_mno345pqr678|2024-03-17 00:00:00|2024-03-17 00:00:00|               NULL|   asia|postgres|
|      4|          4|sess_jp_stu901vwx234|               NULL|               NULL|               NULL|   asia|postgres|
|      5|          5|sess_jp_yza567bcd890|2024-03-19 00:00:00|2024-03-19 00:00:00|               NULL|   asia|postgres|
+-------+-----------+--------------------+-------------------+-------------------+-------------------+-------+--------+
[2025-06-10T07:48:27.394+0000] {logging_mixin.py:188} INFO - Inserting into snowflake
[2025-06-10T07:48:44.396+0000] {logging_mixin.py:188} INFO - successfully inserted in snowflake
[2025-06-10T07:48:46.588+0000] {logging_mixin.py:188} INFO - Successfully processed 10 records for shopping_carts in asia
[2025-06-10T07:48:47.807+0000] {python.py:201} INFO - Done. Returned value was: {'region': 'asia', 'table': 'shopping_carts', 'record_count': 10, 'status': 'success'}
[2025-06-10T07:48:47.878+0000] {taskinstance.py:1138} INFO - Marking task as SUCCESS. dag_id=multi_region_to_snowflake, task_id=process_region_asia.process_shopping_carts_asia, execution_date=20250610T074442, start_date=20250610T074748, end_date=20250610T074847
[2025-06-10T07:48:47.912+0000] {local_task_job_runner.py:234} INFO - Task exited with return code 0
[2025-06-10T07:48:47.999+0000] {taskinstance.py:3280} INFO - 1 downstream tasks scheduled from follow-on schedule check
