[2025-06-09T08:01:53.953+0000] {taskinstance.py:1956} INFO - Dependencies all met for dep_context=non-requeueable deps ti=<TaskInstance: multi_region_processor_7.process_region_asia.process_returns_asia manual__2025-06-09T07:57:43.664622+00:00 [queued]>
[2025-06-09T08:01:53.961+0000] {taskinstance.py:1956} INFO - Dependencies all met for dep_context=requeueable deps ti=<TaskInstance: multi_region_processor_7.process_region_asia.process_returns_asia manual__2025-06-09T07:57:43.664622+00:00 [queued]>
[2025-06-09T08:01:53.962+0000] {taskinstance.py:2170} INFO - Starting attempt 1 of 2
[2025-06-09T08:01:53.972+0000] {taskinstance.py:2191} INFO - Executing <Task(_PythonDecoratedOperator): process_region_asia.process_returns_asia> on 2025-06-09 07:57:43.664622+00:00
[2025-06-09T08:01:53.976+0000] {standard_task_runner.py:60} INFO - Started process 98499 to run task
[2025-06-09T08:01:53.978+0000] {standard_task_runner.py:87} INFO - Running: ['airflow', 'tasks', 'run', 'multi_region_processor_7', 'process_region_asia.process_returns_asia', 'manual__2025-06-09T07:57:43.664622+00:00', '--job-id', '639', '--raw', '--subdir', 'DAGS_FOLDER/master2.py', '--cfg-path', '/tmp/tmpptu7jmum']
[2025-06-09T08:01:53.979+0000] {standard_task_runner.py:88} INFO - Job 639: Subtask process_region_asia.process_returns_asia
[2025-06-09T08:01:53.993+0000] {logging_mixin.py:188} WARNING - /home/airflow/.local/lib/python3.10/site-packages/airflow/settings.py:194 DeprecationWarning: The sql_alchemy_conn option in [core] has been moved to the sql_alchemy_conn option in [database] - the old setting has been used, but please update your config.
[2025-06-09T08:01:54.025+0000] {task_command.py:423} INFO - Running <TaskInstance: multi_region_processor_7.process_region_asia.process_returns_asia manual__2025-06-09T07:57:43.664622+00:00 [running]> on host afcdbcf38bc0
[2025-06-09T08:01:54.106+0000] {taskinstance.py:2480} INFO - Exporting env vars: AIRFLOW_CTX_DAG_OWNER='data-team' AIRFLOW_CTX_DAG_ID='multi_region_processor_7' AIRFLOW_CTX_TASK_ID='process_region_asia.process_returns_asia' AIRFLOW_CTX_EXECUTION_DATE='2025-06-09T07:57:43.664622+00:00' AIRFLOW_CTX_TRY_NUMBER='1' AIRFLOW_CTX_DAG_RUN_ID='manual__2025-06-09T07:57:43.664622+00:00'
[2025-06-09T08:01:57.393+0000] {logging_mixin.py:188} INFO - Processing returns for region asia
[2025-06-09T08:02:02.486+0000] {logging_mixin.py:188} INFO - +---------+--------+-----------------+-------------+-------------------+-------------+-------------------+-------------------+-------+--------+
|return_id|order_id|    return_reason|return_status|   return_timestamp|refund_amount|   refund_timestamp|         created_at|_region| _source|
+---------+--------+-----------------+-------------+-------------------+-------------+-------------------+-------------------+-------+--------+
|        1|       5|     Changed mind|     approved|2024-03-11 10:30:45|        28300|2024-03-12 14:15:30|2024-03-11 10:30:45|   asia|postgres|
|        2|      10|Product defective|   processing|2024-03-16 00:00:00|        13000|               NULL|2024-03-16 00:00:00|   asia|postgres|
|        1|       5|     Changed mind|     approved|2024-03-11 10:30:45|        28300|2024-03-12 14:15:30|2024-03-11 10:30:45|   asia|postgres|
|        2|      10|Product defective|   processing|2024-03-16 00:00:00|        13000|               NULL|2024-03-16 00:00:00|   asia|postgres|
+---------+--------+-----------------+-------------+-------------------+-------------+-------------------+-------------------+-------+--------+
[2025-06-09T08:02:02.487+0000] {logging_mixin.py:188} INFO - Inserting into snowflake
[2025-06-09T08:02:15.028+0000] {logging_mixin.py:188} INFO - successfully inserted in snowflake
[2025-06-09T08:02:15.503+0000] {logging_mixin.py:188} INFO - Successfully processed 4 records for returns in asia
[2025-06-09T08:02:18.288+0000] {python.py:201} INFO - Done. Returned value was: {'region': 'asia', 'table': 'returns', 'record_count': 4, 'status': 'success'}
[2025-06-09T08:02:18.316+0000] {taskinstance.py:1138} INFO - Marking task as SUCCESS. dag_id=multi_region_processor_7, task_id=process_region_asia.process_returns_asia, execution_date=20250609T075743, start_date=20250609T080153, end_date=20250609T080218
[2025-06-09T08:02:18.362+0000] {local_task_job_runner.py:234} INFO - Task exited with return code 0
[2025-06-09T08:02:18.382+0000] {taskinstance.py:3280} INFO - 1 downstream tasks scheduled from follow-on schedule check
