[2025-06-11T16:27:01.073+0000] {taskinstance.py:1956} INFO - Dependencies all met for dep_context=non-requeueable deps ti=<TaskInstance: multi_region_transform_staging_v2.process_region_us.process_cart_items_us manual__2025-06-11T16:23:03.913561+00:00 [queued]>
[2025-06-11T16:27:01.109+0000] {taskinstance.py:1956} INFO - Dependencies all met for dep_context=requeueable deps ti=<TaskInstance: multi_region_transform_staging_v2.process_region_us.process_cart_items_us manual__2025-06-11T16:23:03.913561+00:00 [queued]>
[2025-06-11T16:27:01.112+0000] {taskinstance.py:2170} INFO - Starting attempt 2 of 2
[2025-06-11T16:27:01.154+0000] {taskinstance.py:2191} INFO - Executing <Task(_PythonDecoratedOperator): process_region_us.process_cart_items_us> on 2025-06-11 16:23:03.913561+00:00
[2025-06-11T16:27:01.172+0000] {standard_task_runner.py:60} INFO - Started process 59108 to run task
[2025-06-11T16:27:01.177+0000] {standard_task_runner.py:87} INFO - Running: ['airflow', 'tasks', 'run', 'multi_region_transform_staging_v2', 'process_region_us.process_cart_items_us', 'manual__2025-06-11T16:23:03.913561+00:00', '--job-id', '340', '--raw', '--subdir', 'DAGS_FOLDER/master_dag.py', '--cfg-path', '/tmp/tmp5jnrgyr9']
[2025-06-11T16:27:01.183+0000] {standard_task_runner.py:88} INFO - Job 340: Subtask process_region_us.process_cart_items_us
[2025-06-11T16:27:01.376+0000] {task_command.py:423} INFO - Running <TaskInstance: multi_region_transform_staging_v2.process_region_us.process_cart_items_us manual__2025-06-11T16:23:03.913561+00:00 [running]> on host 5950010ae7c1
[2025-06-11T16:27:01.668+0000] {taskinstance.py:2480} INFO - Exporting env vars: AIRFLOW_CTX_DAG_OWNER='data-team' AIRFLOW_CTX_DAG_ID='multi_region_transform_staging_v2' AIRFLOW_CTX_TASK_ID='process_region_us.process_cart_items_us' AIRFLOW_CTX_EXECUTION_DATE='2025-06-11T16:23:03.913561+00:00' AIRFLOW_CTX_TRY_NUMBER='2' AIRFLOW_CTX_DAG_RUN_ID='manual__2025-06-11T16:23:03.913561+00:00'
[2025-06-11T16:27:07.972+0000] {logging_mixin.py:188} INFO - Debugggg::::Vector(spark://5950010ae7c1:34771/jars/spark-snowflake_2.12-2.16.0-spark_3.2.jar, spark://5950010ae7c1:34771/jars/snowflake-jdbc-3.13.17.jar)
[2025-06-11T16:27:07.973+0000] {logging_mixin.py:188} INFO - Processing cart_items for region us
[2025-06-11T16:27:07.994+0000] {logging_mixin.py:188} INFO - /opt/airflow/data/raw/region=us/table=cart_items/load_date=2025-06-11
[2025-06-11T16:27:27.583+0000] {logging_mixin.py:188} INFO - STAGING_US
[2025-06-11T16:27:29.478+0000] {logging_mixin.py:188} INFO - +------------+-------+----------+--------+--------------+-------------------+-------------------+-------+--------+
|cart_item_id|cart_id|variant_id|quantity|unit_price_usd|           added_at|         updated_at|_region| _source|
+------------+-------+----------+--------+--------------+-------------------+-------------------+-------+--------+
|           1|      1|         2|       1|       1199.99|2025-06-11 02:14:19|2025-06-11 02:14:19|     us|postgres|
|           2|      1|         8|       2|         24.99|2025-06-11 02:14:19|2025-06-11 02:14:19|     us|postgres|
|           3|      2|        15|       1|       1449.99|2025-06-11 02:14:19|2025-06-11 02:14:19|     us|postgres|
|           4|      3|        19|       1|        129.99|2025-06-11 02:14:19|2025-06-11 02:14:19|     us|postgres|
|           5|      4|         6|       1|        399.99|2025-06-11 02:14:19|2025-06-11 02:14:19|     us|postgres|
|           6|      5|        13|       1|        899.99|2025-06-11 02:14:19|2025-06-11 02:14:19|     us|postgres|
+------------+-------+----------+--------+--------------+-------------------+-------------------+-------+--------+
[2025-06-11T16:27:29.480+0000] {logging_mixin.py:188} INFO - Inserting into snowflake
[2025-06-11T16:27:38.066+0000] {logging_mixin.py:188} INFO - successfully inserted in snowflake
[2025-06-11T16:27:38.088+0000] {crypto.py:82} WARNING - empty cryptography key - values will not be stored encrypted.
[2025-06-11T16:27:39.105+0000] {logging_mixin.py:188} INFO - Successfully processed 6 records for cart_items in us
[2025-06-11T16:27:41.809+0000] {python.py:201} INFO - Done. Returned value was: {'region': 'us', 'table': 'cart_items', 'record_count': 6, 'status': 'success'}
[2025-06-11T16:27:41.879+0000] {taskinstance.py:1138} INFO - Marking task as SUCCESS. dag_id=multi_region_transform_staging_v2, task_id=process_region_us.process_cart_items_us, execution_date=20250611T162303, start_date=20250611T162701, end_date=20250611T162741
[2025-06-11T16:27:41.918+0000] {local_task_job_runner.py:234} INFO - Task exited with return code 0
[2025-06-11T16:27:41.997+0000] {taskinstance.py:3280} INFO - 0 downstream tasks scheduled from follow-on schedule check
