[2025-06-11T10:25:39.478+0000] {taskinstance.py:1956} INFO - Dependencies all met for dep_context=non-requeueable deps ti=<TaskInstance: marketing_performance_to_snowflake.process_marketing_data scheduled__2025-06-10T00:00:00+00:00 [queued]>
[2025-06-11T10:25:39.505+0000] {taskinstance.py:1956} INFO - Dependencies all met for dep_context=requeueable deps ti=<TaskInstance: marketing_performance_to_snowflake.process_marketing_data scheduled__2025-06-10T00:00:00+00:00 [queued]>
[2025-06-11T10:25:39.506+0000] {taskinstance.py:2170} INFO - Starting attempt 1 of 2
[2025-06-11T10:25:39.554+0000] {taskinstance.py:2191} INFO - Executing <Task(_PythonDecoratedOperator): process_marketing_data> on 2025-06-10 00:00:00+00:00
[2025-06-11T10:25:39.579+0000] {standard_task_runner.py:60} INFO - Started process 8329 to run task
[2025-06-11T10:25:39.586+0000] {standard_task_runner.py:87} INFO - Running: ['airflow', 'tasks', 'run', 'marketing_performance_to_snowflake', 'process_marketing_data', 'scheduled__2025-06-10T00:00:00+00:00', '--job-id', '1532', '--raw', '--subdir', 'DAGS_FOLDER/csv_to_snowflake_dag.py', '--cfg-path', '/tmp/tmpl1fmh0_1']
[2025-06-11T10:25:39.598+0000] {standard_task_runner.py:88} INFO - Job 1532: Subtask process_marketing_data
[2025-06-11T10:25:39.793+0000] {task_command.py:423} INFO - Running <TaskInstance: marketing_performance_to_snowflake.process_marketing_data scheduled__2025-06-10T00:00:00+00:00 [running]> on host 0290689661db
[2025-06-11T10:25:40.125+0000] {taskinstance.py:2480} INFO - Exporting env vars: AIRFLOW_CTX_DAG_OWNER='data-team' AIRFLOW_CTX_DAG_ID='marketing_performance_to_snowflake' AIRFLOW_CTX_TASK_ID='process_marketing_data' AIRFLOW_CTX_EXECUTION_DATE='2025-06-10T00:00:00+00:00' AIRFLOW_CTX_TRY_NUMBER='1' AIRFLOW_CTX_DAG_RUN_ID='scheduled__2025-06-10T00:00:00+00:00'
[2025-06-11T10:25:40.128+0000] {logging_mixin.py:188} INFO - Starting marketing performance data processing for date: 2025-06-08
[2025-06-11T10:25:40.129+0000] {logging_mixin.py:188} INFO - Starting CSV load for table: MARKETING_PERFORMANCE for date: 2025-06-08
[2025-06-11T10:25:58.118+0000] {logging_mixin.py:188} INFO - Processing csv for date 2025-06-08
[2025-06-11T10:25:58.142+0000] {logging_mixin.py:188} INFO - [INFO] Last loaded timestamp: 2000-01-01
[2025-06-11T14:38:54.864+0000] {taskinstance.py:1956} INFO - Dependencies all met for dep_context=non-requeueable deps ti=<TaskInstance: marketing_performance_to_snowflake.process_marketing_data scheduled__2025-06-10T00:00:00+00:00 [queued]>
[2025-06-11T14:38:54.895+0000] {taskinstance.py:1956} INFO - Dependencies all met for dep_context=requeueable deps ti=<TaskInstance: marketing_performance_to_snowflake.process_marketing_data scheduled__2025-06-10T00:00:00+00:00 [queued]>
[2025-06-11T14:38:54.896+0000] {taskinstance.py:2170} INFO - Starting attempt 1 of 2
[2025-06-11T14:38:54.927+0000] {taskinstance.py:2191} INFO - Executing <Task(_PythonDecoratedOperator): process_marketing_data> on 2025-06-10 00:00:00+00:00
[2025-06-11T14:38:54.945+0000] {standard_task_runner.py:60} INFO - Started process 1775 to run task
[2025-06-11T14:38:54.950+0000] {standard_task_runner.py:87} INFO - Running: ['airflow', 'tasks', 'run', 'marketing_performance_to_snowflake', 'process_marketing_data', 'scheduled__2025-06-10T00:00:00+00:00', '--job-id', '14', '--raw', '--subdir', 'DAGS_FOLDER/csv_to_snowflake_dag.py', '--cfg-path', '/tmp/tmp_pq44t7y']
[2025-06-11T14:38:54.954+0000] {standard_task_runner.py:88} INFO - Job 14: Subtask process_marketing_data
[2025-06-11T14:38:55.097+0000] {task_command.py:423} INFO - Running <TaskInstance: marketing_performance_to_snowflake.process_marketing_data scheduled__2025-06-10T00:00:00+00:00 [running]> on host 94d2ab00ac05
[2025-06-11T14:38:55.430+0000] {taskinstance.py:2480} INFO - Exporting env vars: AIRFLOW_CTX_DAG_OWNER='data-team' AIRFLOW_CTX_DAG_ID='marketing_performance_to_snowflake' AIRFLOW_CTX_TASK_ID='process_marketing_data' AIRFLOW_CTX_EXECUTION_DATE='2025-06-10T00:00:00+00:00' AIRFLOW_CTX_TRY_NUMBER='1' AIRFLOW_CTX_DAG_RUN_ID='scheduled__2025-06-10T00:00:00+00:00'
[2025-06-11T14:38:55.433+0000] {logging_mixin.py:188} INFO - Starting marketing performance data processing for date: 2025-06-08
[2025-06-11T14:38:55.434+0000] {logging_mixin.py:188} INFO - Starting CSV load for table: MARKETING_PERFORMANCE for date: 2025-06-08
[2025-06-11T14:39:14.808+0000] {logging_mixin.py:188} INFO - Processing csv for date 2025-06-08
[2025-06-11T14:39:14.860+0000] {logging_mixin.py:188} INFO - [INFO] Last loaded timestamp: 2000-01-01
[2025-06-11T14:41:05.220+0000] {job.py:213} ERROR - Job heartbeat got an exception
Traceback (most recent call last):
  File "/home/airflow/.local/lib/python3.10/site-packages/sqlalchemy/engine/base.py", line 3371, in _wrap_pool_connect
    return fn()
  File "/home/airflow/.local/lib/python3.10/site-packages/sqlalchemy/pool/base.py", line 327, in connect
    return _ConnectionFairy._checkout(self)
  File "/home/airflow/.local/lib/python3.10/site-packages/sqlalchemy/pool/base.py", line 894, in _checkout
    fairy = _ConnectionRecord.checkout(pool)
  File "/home/airflow/.local/lib/python3.10/site-packages/sqlalchemy/pool/base.py", line 493, in checkout
    rec = pool._do_get()
  File "/home/airflow/.local/lib/python3.10/site-packages/sqlalchemy/pool/impl.py", line 256, in _do_get
    return self._create_connection()
  File "/home/airflow/.local/lib/python3.10/site-packages/sqlalchemy/pool/base.py", line 273, in _create_connection
    return _ConnectionRecord(self)
  File "/home/airflow/.local/lib/python3.10/site-packages/sqlalchemy/pool/base.py", line 388, in __init__
    self.__connect()
  File "/home/airflow/.local/lib/python3.10/site-packages/sqlalchemy/pool/base.py", line 690, in __connect
    with util.safe_reraise():
  File "/home/airflow/.local/lib/python3.10/site-packages/sqlalchemy/util/langhelpers.py", line 70, in __exit__
    compat.raise_(
  File "/home/airflow/.local/lib/python3.10/site-packages/sqlalchemy/util/compat.py", line 211, in raise_
    raise exception
  File "/home/airflow/.local/lib/python3.10/site-packages/sqlalchemy/pool/base.py", line 686, in __connect
    self.dbapi_connection = connection = pool._invoke_creator(self)
  File "/home/airflow/.local/lib/python3.10/site-packages/sqlalchemy/engine/create.py", line 574, in connect
    return dialect.connect(*cargs, **cparams)
  File "/home/airflow/.local/lib/python3.10/site-packages/sqlalchemy/engine/default.py", line 598, in connect
    return self.dbapi.connect(*cargs, **cparams)
  File "/home/airflow/.local/lib/python3.10/site-packages/psycopg2/__init__.py", line 122, in connect
    conn = _connect(dsn, connection_factory=connection_factory, **kwasync)
psycopg2.OperationalError: could not translate host name "postgres" to address: Temporary failure in name resolution


The above exception was the direct cause of the following exception:

Traceback (most recent call last):
  File "/home/airflow/.local/lib/python3.10/site-packages/airflow/jobs/job.py", line 208, in heartbeat
    heartbeat_callback(session)
  File "/home/airflow/.local/lib/python3.10/site-packages/airflow/utils/session.py", line 76, in wrapper
    return func(*args, **kwargs)
  File "/home/airflow/.local/lib/python3.10/site-packages/airflow/jobs/local_task_job_runner.py", line 252, in heartbeat_callback
    self.task_instance.refresh_from_db()
  File "/home/airflow/.local/lib/python3.10/site-packages/airflow/utils/session.py", line 79, in wrapper
    return func(*args, session=session, **kwargs)
  File "/home/airflow/.local/lib/python3.10/site-packages/airflow/models/taskinstance.py", line 1725, in refresh_from_db
    _refresh_from_db(task_instance=self, session=session, lock_for_update=lock_for_update)
  File "/home/airflow/.local/lib/python3.10/site-packages/airflow/models/taskinstance.py", line 464, in _refresh_from_db
    ti = TaskInstance.get_task_instance(
  File "/home/airflow/.local/lib/python3.10/site-packages/airflow/api_internal/internal_api_call.py", line 114, in wrapper
    return func(*args, **kwargs)
  File "/home/airflow/.local/lib/python3.10/site-packages/airflow/utils/session.py", line 76, in wrapper
    return func(*args, **kwargs)
  File "/home/airflow/.local/lib/python3.10/site-packages/airflow/models/taskinstance.py", line 1711, in get_task_instance
    return query.one_or_none()
  File "/home/airflow/.local/lib/python3.10/site-packages/sqlalchemy/orm/query.py", line 2850, in one_or_none
    return self._iter().one_or_none()
  File "/home/airflow/.local/lib/python3.10/site-packages/sqlalchemy/orm/query.py", line 2916, in _iter
    result = self.session.execute(
  File "/home/airflow/.local/lib/python3.10/site-packages/sqlalchemy/orm/session.py", line 1716, in execute
    conn = self._connection_for_bind(bind)
  File "/home/airflow/.local/lib/python3.10/site-packages/sqlalchemy/orm/session.py", line 1555, in _connection_for_bind
    return self._transaction._connection_for_bind(
  File "/home/airflow/.local/lib/python3.10/site-packages/sqlalchemy/orm/session.py", line 750, in _connection_for_bind
    conn = bind.connect()
  File "/home/airflow/.local/lib/python3.10/site-packages/sqlalchemy/future/engine.py", line 412, in connect
    return super(Engine, self).connect()
  File "/home/airflow/.local/lib/python3.10/site-packages/sqlalchemy/engine/base.py", line 3325, in connect
    return self._connection_cls(self, close_with_result=close_with_result)
  File "/home/airflow/.local/lib/python3.10/site-packages/sqlalchemy/engine/base.py", line 96, in __init__
    else engine.raw_connection()
  File "/home/airflow/.local/lib/python3.10/site-packages/sqlalchemy/engine/base.py", line 3404, in raw_connection
    return self._wrap_pool_connect(self.pool.connect, _connection)
  File "/home/airflow/.local/lib/python3.10/site-packages/sqlalchemy/engine/base.py", line 3374, in _wrap_pool_connect
    Connection._handle_dbapi_exception_noconnection(
  File "/home/airflow/.local/lib/python3.10/site-packages/sqlalchemy/engine/base.py", line 2208, in _handle_dbapi_exception_noconnection
    util.raise_(
  File "/home/airflow/.local/lib/python3.10/site-packages/sqlalchemy/util/compat.py", line 211, in raise_
    raise exception
  File "/home/airflow/.local/lib/python3.10/site-packages/sqlalchemy/engine/base.py", line 3371, in _wrap_pool_connect
    return fn()
  File "/home/airflow/.local/lib/python3.10/site-packages/sqlalchemy/pool/base.py", line 327, in connect
    return _ConnectionFairy._checkout(self)
  File "/home/airflow/.local/lib/python3.10/site-packages/sqlalchemy/pool/base.py", line 894, in _checkout
    fairy = _ConnectionRecord.checkout(pool)
  File "/home/airflow/.local/lib/python3.10/site-packages/sqlalchemy/pool/base.py", line 493, in checkout
    rec = pool._do_get()
  File "/home/airflow/.local/lib/python3.10/site-packages/sqlalchemy/pool/impl.py", line 256, in _do_get
    return self._create_connection()
  File "/home/airflow/.local/lib/python3.10/site-packages/sqlalchemy/pool/base.py", line 273, in _create_connection
    return _ConnectionRecord(self)
  File "/home/airflow/.local/lib/python3.10/site-packages/sqlalchemy/pool/base.py", line 388, in __init__
    self.__connect()
  File "/home/airflow/.local/lib/python3.10/site-packages/sqlalchemy/pool/base.py", line 690, in __connect
    with util.safe_reraise():
  File "/home/airflow/.local/lib/python3.10/site-packages/sqlalchemy/util/langhelpers.py", line 70, in __exit__
    compat.raise_(
  File "/home/airflow/.local/lib/python3.10/site-packages/sqlalchemy/util/compat.py", line 211, in raise_
    raise exception
  File "/home/airflow/.local/lib/python3.10/site-packages/sqlalchemy/pool/base.py", line 686, in __connect
    self.dbapi_connection = connection = pool._invoke_creator(self)
  File "/home/airflow/.local/lib/python3.10/site-packages/sqlalchemy/engine/create.py", line 574, in connect
    return dialect.connect(*cargs, **cparams)
  File "/home/airflow/.local/lib/python3.10/site-packages/sqlalchemy/engine/default.py", line 598, in connect
    return self.dbapi.connect(*cargs, **cparams)
  File "/home/airflow/.local/lib/python3.10/site-packages/psycopg2/__init__.py", line 122, in connect
    conn = _connect(dsn, connection_factory=connection_factory, **kwasync)
sqlalchemy.exc.OperationalError: (psycopg2.OperationalError) could not translate host name "postgres" to address: Temporary failure in name resolution

(Background on this error at: https://sqlalche.me/e/14/e3q8)
[2025-06-11T14:41:08.536+0000] {job.py:221} ERROR - Job heartbeat failed with error. Scheduler is in unhealthy state
