[2025-06-11T10:32:12.600+0000] {taskinstance.py:1956} INFO - Dependencies all met for dep_context=non-requeueable deps ti=<TaskInstance: marketing_performance_to_snowflake.process_marketing_data scheduled__2025-06-10T00:00:00+00:00 [queued]>
[2025-06-11T10:32:12.626+0000] {taskinstance.py:1956} INFO - Dependencies all met for dep_context=requeueable deps ti=<TaskInstance: marketing_performance_to_snowflake.process_marketing_data scheduled__2025-06-10T00:00:00+00:00 [queued]>
[2025-06-11T10:32:12.628+0000] {taskinstance.py:2170} INFO - Starting attempt 2 of 2
[2025-06-11T10:32:12.671+0000] {taskinstance.py:2191} INFO - Executing <Task(_PythonDecoratedOperator): process_marketing_data> on 2025-06-10 00:00:00+00:00
[2025-06-11T10:32:12.687+0000] {standard_task_runner.py:60} INFO - Started process 355 to run task
[2025-06-11T10:32:12.695+0000] {standard_task_runner.py:87} INFO - Running: ['airflow', 'tasks', 'run', 'marketing_performance_to_snowflake', 'process_marketing_data', 'scheduled__2025-06-10T00:00:00+00:00', '--job-id', '1568', '--raw', '--subdir', 'DAGS_FOLDER/csv_to_snowflake_dag.py', '--cfg-path', '/tmp/tmparpam0sp']
[2025-06-11T10:32:12.703+0000] {standard_task_runner.py:88} INFO - Job 1568: Subtask process_marketing_data
[2025-06-11T10:32:12.880+0000] {task_command.py:423} INFO - Running <TaskInstance: marketing_performance_to_snowflake.process_marketing_data scheduled__2025-06-10T00:00:00+00:00 [running]> on host 0290689661db
[2025-06-11T10:32:13.259+0000] {taskinstance.py:2480} INFO - Exporting env vars: AIRFLOW_CTX_DAG_OWNER='data-team' AIRFLOW_CTX_DAG_ID='marketing_performance_to_snowflake' AIRFLOW_CTX_TASK_ID='process_marketing_data' AIRFLOW_CTX_EXECUTION_DATE='2025-06-10T00:00:00+00:00' AIRFLOW_CTX_TRY_NUMBER='2' AIRFLOW_CTX_DAG_RUN_ID='scheduled__2025-06-10T00:00:00+00:00'
[2025-06-11T10:32:13.265+0000] {logging_mixin.py:188} INFO - Starting marketing performance data processing for date: 2025-06-08
[2025-06-11T10:32:13.266+0000] {logging_mixin.py:188} INFO - Starting CSV load for table: MARKETING_PERFORMANCE for date: 2025-06-08
[2025-06-11T10:32:35.544+0000] {logging_mixin.py:188} INFO - Processing csv for date 2025-06-08
[2025-06-11T10:32:35.632+0000] {logging_mixin.py:188} INFO - [INFO] Last loaded timestamp: 2000-01-01
[2025-06-11T10:33:00.288+0000] {logging_mixin.py:188} INFO - [INFO] Found 4 records in CSV file
[2025-06-11T10:33:00.298+0000] {logging_mixin.py:188} INFO - Sample data:
[2025-06-11T10:33:00.586+0000] {logging_mixin.py:188} INFO - +-----------+------------------+------------+---------------+-----------+-----------+------+---------+-----------+--------------------+-------------+---------------------+----------+----------+
|campaign_id|ad_platform       |ad_id       |ad_group_id    |record_date|impressions|clicks|spend_usd|conversions|conversion_value_usd|source_region|source_system        |created_at|updated_at|
+-----------+------------------+------------+---------------+-----------+-----------+------+---------+-----------+--------------------+-------------+---------------------+----------+----------+
|10         | 'Google Ads'     | 'GA_AD_001'| 'GA_ADGRP_001'| 2024-06-01|5000.0     |100.0 |50.0     |5.0        |250.0               | 'EU'        | 'google_ads_api'    |2025-06-08|2025-06-08|
|11         | 'Facebook Ads'   | 'FB_AD_002'| 'FB_ADGRP_002'| 2024-06-01|8000.0     |120.0 |60.0     |7.0        |350.0               | 'EU'        | 'facebook_ads_api'  |2025-06-08|2025-06-08|
|11         | 'Google Ads'     | 'GA_AD_003'| 'GA_ADGRP_003'| 2024-06-05|3000.0     |80.0  |40.0     |3.0        |150.0               | 'US'        | 'google_ads_api'    |2025-06-08|2025-06-08|
|12         | 'Email Marketing'| 'EMAIL_001'| NULL          | 2024-06-05|10000.0    |150.0 |0.0      |10.0       |600.0               | 'US'        | 'email_platform_api'|2025-06-08|2025-06-09|
+-----------+------------------+------------+---------------+-----------+-----------+------+---------+-----------+--------------------+-------------+---------------------+----------+----------+
[2025-06-11T10:33:00.597+0000] {logging_mixin.py:188} INFO - Loading data to Snowflake table: MARKETING_PERFORMANCE using UPSERT...
[2025-06-11T10:33:00.604+0000] {connection.py:486} INFO - Snowflake Connector for Python Version: 3.15.0, Python Version: 3.10.13, Platform: Linux-6.11.0-26-generic-x86_64-with-glibc2.36
[2025-06-11T10:33:00.606+0000] {connection.py:1391} INFO - Connecting to GLOBAL Snowflake domain
[2025-06-11T10:33:04.722+0000] {logging_mixin.py:188} INFO - Writing data to temporary staging table: ODS.MARKETING_PERFORMANCE_TEMP_STAGE_20250611103300597728
[2025-06-11T10:33:19.698+0000] {logging_mixin.py:188} INFO - Data successfully written to temporary staging table: ODS.MARKETING_PERFORMANCE_TEMP_STAGE_20250611103300597728
[2025-06-11T10:33:19.706+0000] {logging_mixin.py:188} INFO - Executing MERGE statement for ODS.MARKETING_PERFORMANCE from staging table...
[2025-06-11T10:33:19.706+0000] {logging_mixin.py:188} INFO - MERGE SQL: 
            MERGE INTO ODS.MARKETING_PERFORMANCE AS target
            USING ODS.MARKETING_PERFORMANCE_TEMP_STAGE_20250611103300597728 AS source
            ON target.CAMPAIGN_ID = source.CAMPAIGN_ID AND target.SOURCE_REGION = source.SOURCE_REGION
            WHEN MATCHED THEN
                UPDATE SET
                    target.AD_PLATFORM = source.AD_PLATFORM, target.AD_ID = source.AD_ID, target.AD_GROUP_ID = source.AD_GROUP_ID, target.RECORD_DATE = source.RECORD_DATE, target.IMPRESSIONS = source.IMPRESSIONS, target.CLICKS = source.CLICKS, target.SPEND_USD = source.SPEND_USD, target.CONVERSIONS = source.CONVERSIONS, target.CONVERSION_VALUE_USD = source.CONVERSION_VALUE_USD, target.SOURCE_SYSTEM = source.SOURCE_SYSTEM, target.CREATED_AT = source.CREATED_AT, target.UPDATED_AT = source.UPDATED_AT
            WHEN NOT MATCHED THEN
                INSERT (CAMPAIGN_ID, AD_PLATFORM, AD_ID, AD_GROUP_ID, RECORD_DATE, IMPRESSIONS, CLICKS, SPEND_USD, CONVERSIONS, CONVERSION_VALUE_USD, SOURCE_REGION, SOURCE_SYSTEM, CREATED_AT, UPDATED_AT)
                VALUES (source.CAMPAIGN_ID, source.AD_PLATFORM, source.AD_ID, source.AD_GROUP_ID, source.RECORD_DATE, source.IMPRESSIONS, source.CLICKS, source.SPEND_USD, source.CONVERSIONS, source.CONVERSION_VALUE_USD, source.SOURCE_REGION, source.SOURCE_SYSTEM, source.CREATED_AT, source.UPDATED_AT);
        
[2025-06-11T10:33:21.134+0000] {logging_mixin.py:188} INFO - Data successfully MERGED into ODS.MARKETING_PERFORMANCE from staging table.
[2025-06-11T10:33:21.137+0000] {logging_mixin.py:188} INFO - Successfully completed UPSERT operation for table: ODS.MARKETING_PERFORMANCE
[2025-06-11T10:33:22.056+0000] {connection.py:486} INFO - Snowflake Connector for Python Version: 3.15.0, Python Version: 3.10.13, Platform: Linux-6.11.0-26-generic-x86_64-with-glibc2.36
[2025-06-11T10:33:22.058+0000] {connection.py:1391} INFO - Connecting to GLOBAL Snowflake domain
[2025-06-11T10:33:23.884+0000] {logging_mixin.py:188} INFO - Temporary staging table ODS.MARKETING_PERFORMANCE_TEMP_STAGE_20250611103300597728 dropped successfully.
[2025-06-11T10:33:24.454+0000] {logging_mixin.py:188} INFO - [SUCCESS] Successfully loaded 4 records to MARKETING_PERFORMANCE using UPSERT
[2025-06-11T10:33:24.485+0000] {crypto.py:82} WARNING - empty cryptography key - values will not be stored encrypted.
[2025-06-11T10:33:24.502+0000] {logging_mixin.py:188} INFO - [INFO] Updated Airflow variable 'last_loaded_timestamp' = 2025-06-09 00:00:00.000
[2025-06-11T10:33:27.289+0000] {logging_mixin.py:188} INFO - Finished loading for date 2025-06-08
[2025-06-11T10:33:27.289+0000] {logging_mixin.py:188} INFO - Successfully completed processing for date: 2025-06-08
[2025-06-11T10:33:27.290+0000] {python.py:201} INFO - Done. Returned value was: None
[2025-06-11T10:33:27.350+0000] {taskinstance.py:1138} INFO - Marking task as SUCCESS. dag_id=marketing_performance_to_snowflake, task_id=process_marketing_data, execution_date=20250610T000000, start_date=20250611T103212, end_date=20250611T103327
[2025-06-11T10:33:27.502+0000] {local_task_job_runner.py:234} INFO - Task exited with return code 0
[2025-06-11T10:33:27.684+0000] {taskinstance.py:3280} INFO - 0 downstream tasks scheduled from follow-on schedule check
[2025-06-11T14:51:18.015+0000] {taskinstance.py:1956} INFO - Dependencies all met for dep_context=non-requeueable deps ti=<TaskInstance: marketing_performance_to_snowflake.process_marketing_data scheduled__2025-06-10T00:00:00+00:00 [queued]>
[2025-06-11T14:51:18.062+0000] {taskinstance.py:1956} INFO - Dependencies all met for dep_context=requeueable deps ti=<TaskInstance: marketing_performance_to_snowflake.process_marketing_data scheduled__2025-06-10T00:00:00+00:00 [queued]>
[2025-06-11T14:51:18.064+0000] {taskinstance.py:2170} INFO - Starting attempt 2 of 2
[2025-06-11T14:51:18.129+0000] {taskinstance.py:2191} INFO - Executing <Task(_PythonDecoratedOperator): process_marketing_data> on 2025-06-10 00:00:00+00:00
[2025-06-11T14:51:18.165+0000] {standard_task_runner.py:60} INFO - Started process 302 to run task
[2025-06-11T14:51:18.188+0000] {standard_task_runner.py:87} INFO - Running: ['airflow', 'tasks', 'run', 'marketing_performance_to_snowflake', 'process_marketing_data', 'scheduled__2025-06-10T00:00:00+00:00', '--job-id', '41', '--raw', '--subdir', 'DAGS_FOLDER/csv_to_snowflake_dag.py', '--cfg-path', '/tmp/tmpb7u4ldn2']
[2025-06-11T14:51:18.196+0000] {standard_task_runner.py:88} INFO - Job 41: Subtask process_marketing_data
[2025-06-11T14:51:18.519+0000] {task_command.py:423} INFO - Running <TaskInstance: marketing_performance_to_snowflake.process_marketing_data scheduled__2025-06-10T00:00:00+00:00 [running]> on host 94d2ab00ac05
[2025-06-11T14:51:18.936+0000] {taskinstance.py:2480} INFO - Exporting env vars: AIRFLOW_CTX_DAG_OWNER='data-team' AIRFLOW_CTX_DAG_ID='marketing_performance_to_snowflake' AIRFLOW_CTX_TASK_ID='process_marketing_data' AIRFLOW_CTX_EXECUTION_DATE='2025-06-10T00:00:00+00:00' AIRFLOW_CTX_TRY_NUMBER='2' AIRFLOW_CTX_DAG_RUN_ID='scheduled__2025-06-10T00:00:00+00:00'
[2025-06-11T14:51:18.948+0000] {logging_mixin.py:188} INFO - Starting marketing performance data processing for date: 2025-06-08
[2025-06-11T14:51:18.948+0000] {logging_mixin.py:188} INFO - Starting CSV load for table: MARKETING_PERFORMANCE for date: 2025-06-08
[2025-06-11T14:52:00.256+0000] {logging_mixin.py:188} INFO - Processing csv for date 2025-06-08
[2025-06-11T14:52:00.964+0000] {logging_mixin.py:188} INFO - [INFO] Last loaded timestamp: 2000-01-01
