[2025-06-09T11:27:49.144+0000] {taskinstance.py:1956} INFO - Dependencies all met for dep_context=non-requeueable deps ti=<TaskInstance: multi_region_to_snowflake.process_region_eu.process_orders_eu manual__2025-06-09T11:22:33.329920+00:00 [queued]>
[2025-06-09T11:27:49.161+0000] {taskinstance.py:1956} INFO - Dependencies all met for dep_context=requeueable deps ti=<TaskInstance: multi_region_to_snowflake.process_region_eu.process_orders_eu manual__2025-06-09T11:22:33.329920+00:00 [queued]>
[2025-06-09T11:27:49.161+0000] {taskinstance.py:2170} INFO - Starting attempt 1 of 2
[2025-06-09T11:27:49.185+0000] {taskinstance.py:2191} INFO - Executing <Task(_PythonDecoratedOperator): process_region_eu.process_orders_eu> on 2025-06-09 11:22:33.329920+00:00
[2025-06-09T11:27:49.196+0000] {standard_task_runner.py:60} INFO - Started process 17297 to run task
[2025-06-09T11:27:49.203+0000] {standard_task_runner.py:87} INFO - Running: ['airflow', 'tasks', 'run', 'multi_region_to_snowflake', 'process_region_eu.process_orders_eu', 'manual__2025-06-09T11:22:33.329920+00:00', '--job-id', '751', '--raw', '--subdir', 'DAGS_FOLDER/master_dag.py', '--cfg-path', '/tmp/tmpbhu8ncc_']
[2025-06-09T11:27:49.206+0000] {standard_task_runner.py:88} INFO - Job 751: Subtask process_region_eu.process_orders_eu
[2025-06-09T11:27:49.323+0000] {task_command.py:423} INFO - Running <TaskInstance: multi_region_to_snowflake.process_region_eu.process_orders_eu manual__2025-06-09T11:22:33.329920+00:00 [running]> on host 7fa6630d536c
[2025-06-09T11:27:49.548+0000] {taskinstance.py:2480} INFO - Exporting env vars: AIRFLOW_CTX_DAG_OWNER='data-team' AIRFLOW_CTX_DAG_ID='multi_region_to_snowflake' AIRFLOW_CTX_TASK_ID='process_region_eu.process_orders_eu' AIRFLOW_CTX_EXECUTION_DATE='2025-06-09T11:22:33.329920+00:00' AIRFLOW_CTX_TRY_NUMBER='1' AIRFLOW_CTX_DAG_RUN_ID='manual__2025-06-09T11:22:33.329920+00:00'
[2025-06-09T11:28:07.427+0000] {logging_mixin.py:188} INFO - Processing orders for region eu
[2025-06-09T11:28:21.641+0000] {logging_mixin.py:188} INFO - STAGING_EU
[2025-06-09T11:28:31.369+0000] {logging_mixin.py:188} INFO - +--------+---------------+-----------+------------+--------------------+------------+--------------+-------------------+-------------------+----------------+------------------+-------------------+-----------+-----------+----------------+--------------------+--------------------+-------+--------+
|order_id|order_reference|customer_id|order_status|     order_timestamp|subtotal_eur|tax_amount_eur|shipping_amount_eur|discount_amount_eur|total_amount_eur|billing_address_id|shipping_address_id|campaign_id|discount_id|invoice_required|          created_at|          updated_at|_region| _source|
+--------+---------------+-----------+------------+--------------------+------------+--------------+-------------------+-------------------+----------------+------------------+-------------------+-----------+-----------+----------------+--------------------+--------------------+-------+--------+
|       1| EU-2024-001001|          1|   delivered|2025-06-08 19:22:...|     1199.99|        227.99|               9.99|             119.99|         1316.98|                 1|                  2|          1|          1|            true|2025-06-08 19:22:...|2025-06-08 19:22:...|     eu|postgres|
|       2| EU-2024-001002|          2|     shipped|2025-06-08 19:22:...|       89.99|         17.09|              12.99|               0.00|          120.07|                 3|                  3|          2|       NULL|            true|2025-06-08 19:22:...|2025-06-08 19:22:...|     eu|postgres|
|       3| EU-2024-001003|          3|  processing|2025-06-08 19:22:...|     1599.99|        303.99|               0.00|             319.99|         1583.99|                 4|                  5|          3|          3|            true|2025-06-08 19:22:...|2025-06-08 19:22:...|     eu|postgres|
|       4| EU-2024-001004|          4|   delivered|2025-06-08 19:22:...|      249.99|         47.49|               7.99|              24.99|          280.48|                 6|                  6|          4|          4|            true|2025-06-08 19:22:...|2025-06-08 19:22:...|     eu|postgres|
|       5| EU-2024-001005|          5|   cancelled|2025-06-08 19:22:...|      299.99|         56.99|               5.99|               0.00|          362.97|                 7|                  7|          5|       NULL|           false|2025-06-08 19:22:...|2025-06-08 19:22:...|     eu|postgres|
|       6| EU-2024-001006|          6|   delivered|2025-06-08 19:22:...|       79.99|         15.19|               4.99|               7.99|           92.18|                 8|                  8|          6|          6|            true|2025-06-08 19:22:...|2025-06-08 19:22:...|     eu|postgres|
|       7| EU-2024-001007|          7|     shipped|2025-06-08 19:22:...|      899.99|        170.99|              15.99|             134.99|          951.98|                 9|                  9|          7|          7|            true|2025-06-08 19:22:...|2025-06-08 19:22:...|     eu|postgres|
|       8| EU-2024-001008|          8|  processing|2025-06-08 19:22:...|      149.99|         28.49|               8.99|              14.99|          172.48|                10|                 10|          8|          8|            true|2025-06-08 19:22:...|2025-06-08 19:22:...|     eu|postgres|
|       9| EU-2024-001009|          9|   delivered|2025-06-08 19:22:...|     1799.99|        341.99|               0.00|               0.00|         2141.98|                11|                 11|          9|       NULL|            true|2025-06-08 19:22:...|2025-06-08 19:22:...|     eu|postgres|
|      10| EU-2024-001010|         10|    returned|2025-06-08 19:22:...|       39.99|          2.79|               3.99|               3.99|           42.78|                12|                 12|         10|          9|            true|2025-06-08 19:22:...|2025-06-08 19:22:...|     eu|postgres|
+--------+---------------+-----------+------------+--------------------+------------+--------------+-------------------+-------------------+----------------+------------------+-------------------+-----------+-----------+----------------+--------------------+--------------------+-------+--------+
only showing top 10 rows
[2025-06-09T11:28:31.374+0000] {logging_mixin.py:188} INFO - Inserting into snowflake
[2025-06-09T11:28:53.690+0000] {logging_mixin.py:188} INFO - successfully inserted in snowflake
[2025-06-09T11:28:54.372+0000] {logging_mixin.py:188} INFO - Successfully processed 20 records for orders in eu
[2025-06-09T11:28:55.517+0000] {python.py:201} INFO - Done. Returned value was: {'region': 'eu', 'table': 'orders', 'record_count': 20, 'status': 'success'}
[2025-06-09T11:28:55.640+0000] {taskinstance.py:1138} INFO - Marking task as SUCCESS. dag_id=multi_region_to_snowflake, task_id=process_region_eu.process_orders_eu, execution_date=20250609T112233, start_date=20250609T112749, end_date=20250609T112855
[2025-06-09T11:28:55.710+0000] {local_task_job_runner.py:234} INFO - Task exited with return code 0
[2025-06-09T11:28:55.861+0000] {taskinstance.py:3280} INFO - 2 downstream tasks scheduled from follow-on schedule check
