[2025-06-11T10:33:31.732+0000] {taskinstance.py:1956} INFO - Dependencies all met for dep_context=non-requeueable deps ti=<TaskInstance: geography_to_snowflake.Load_geography_method manual__2025-06-11T10:20:48.604297+00:00 [queued]>
[2025-06-11T10:33:31.780+0000] {taskinstance.py:1956} INFO - Dependencies all met for dep_context=requeueable deps ti=<TaskInstance: geography_to_snowflake.Load_geography_method manual__2025-06-11T10:20:48.604297+00:00 [queued]>
[2025-06-11T10:33:31.782+0000] {taskinstance.py:2170} INFO - Starting attempt 1 of 2
[2025-06-11T10:33:31.835+0000] {taskinstance.py:2191} INFO - Executing <Task(_PythonDecoratedOperator): Load_geography_method> on 2025-06-11 10:20:48.604297+00:00
[2025-06-11T10:33:31.866+0000] {standard_task_runner.py:60} INFO - Started process 3467 to run task
[2025-06-11T10:33:31.881+0000] {standard_task_runner.py:87} INFO - Running: ['airflow', 'tasks', 'run', 'geography_to_snowflake', 'Load_geography_method', 'manual__2025-06-11T10:20:48.604297+00:00', '--job-id', '1570', '--raw', '--subdir', 'DAGS_FOLDER/star/geography.py', '--cfg-path', '/tmp/tmptze8ooj7']
[2025-06-11T10:33:31.887+0000] {standard_task_runner.py:88} INFO - Job 1570: Subtask Load_geography_method
[2025-06-11T10:33:32.183+0000] {task_command.py:423} INFO - Running <TaskInstance: geography_to_snowflake.Load_geography_method manual__2025-06-11T10:20:48.604297+00:00 [running]> on host 0290689661db
[2025-06-11T10:33:32.765+0000] {taskinstance.py:2480} INFO - Exporting env vars: AIRFLOW_CTX_DAG_OWNER='data-team' AIRFLOW_CTX_DAG_ID='geography_to_snowflake' AIRFLOW_CTX_TASK_ID='Load_geography_method' AIRFLOW_CTX_EXECUTION_DATE='2025-06-11T10:20:48.604297+00:00' AIRFLOW_CTX_TRY_NUMBER='1' AIRFLOW_CTX_DAG_RUN_ID='manual__2025-06-11T10:20:48.604297+00:00'
[2025-06-11T10:34:30.151+0000] {logging_mixin.py:188} INFO - Data written to temporary Snowflake table.
[2025-06-11T10:34:30.153+0000] {connection.py:486} INFO - Snowflake Connector for Python Version: 3.15.0, Python Version: 3.10.13, Platform: Linux-6.11.0-26-generic-x86_64-with-glibc2.36
[2025-06-11T10:34:30.155+0000] {connection.py:1391} INFO - Connecting to GLOBAL Snowflake domain
[2025-06-11T10:34:33.530+0000] {logging_mixin.py:188} INFO - Merge operation completed successfully.
[2025-06-11T10:34:34.275+0000] {connection.py:486} INFO - Snowflake Connector for Python Version: 3.15.0, Python Version: 3.10.13, Platform: Linux-6.11.0-26-generic-x86_64-with-glibc2.36
[2025-06-11T10:34:34.277+0000] {connection.py:1391} INFO - Connecting to GLOBAL Snowflake domain
[2025-06-11T10:34:46.326+0000] {logging_mixin.py:188} INFO - Temporary table STAR.DIM_GEOGRAPHY_TEMP dropped successfully.
[2025-06-11T10:34:46.947+0000] {logging_mixin.py:188} INFO - Upsert completed from Spark CSV to Snowflake.
[2025-06-11T10:34:46.950+0000] {logging_mixin.py:188} INFO - Successfully completed processing.
[2025-06-11T10:34:46.955+0000] {python.py:201} INFO - Done. Returned value was: None
[2025-06-11T10:34:47.252+0000] {taskinstance.py:1138} INFO - Marking task as SUCCESS. dag_id=geography_to_snowflake, task_id=Load_geography_method, execution_date=20250611T102048, start_date=20250611T103331, end_date=20250611T103447
[2025-06-11T10:34:47.503+0000] {local_task_job_runner.py:234} INFO - Task exited with return code 0
[2025-06-11T10:34:47.730+0000] {taskinstance.py:3280} INFO - 0 downstream tasks scheduled from follow-on schedule check
