[2025-06-11T18:27:20.482+0000] {taskinstance.py:1956} INFO - Dependencies all met for dep_context=non-requeueable deps ti=<TaskInstance: multi_region_transform_staging_v2.process_region_eu.process_wishlists_eu manual__2025-06-11T18:20:09.445349+00:00 [queued]>
[2025-06-11T18:27:20.502+0000] {taskinstance.py:1956} INFO - Dependencies all met for dep_context=requeueable deps ti=<TaskInstance: multi_region_transform_staging_v2.process_region_eu.process_wishlists_eu manual__2025-06-11T18:20:09.445349+00:00 [queued]>
[2025-06-11T18:27:20.503+0000] {taskinstance.py:2170} INFO - Starting attempt 1 of 2
[2025-06-11T18:27:20.519+0000] {taskinstance.py:2191} INFO - Executing <Task(_PythonDecoratedOperator): process_region_eu.process_wishlists_eu> on 2025-06-11 18:20:09.445349+00:00
[2025-06-11T18:27:20.528+0000] {standard_task_runner.py:60} INFO - Started process 14889 to run task
[2025-06-11T18:27:20.531+0000] {standard_task_runner.py:87} INFO - Running: ['airflow', 'tasks', 'run', 'multi_region_transform_staging_v2', 'process_region_eu.process_wishlists_eu', 'manual__2025-06-11T18:20:09.445349+00:00', '--job-id', '650', '--raw', '--subdir', 'DAGS_FOLDER/master_dag.py', '--cfg-path', '/tmp/tmpyvf5qjk7']
[2025-06-11T18:27:20.533+0000] {standard_task_runner.py:88} INFO - Job 650: Subtask process_region_eu.process_wishlists_eu
[2025-06-11T18:27:20.612+0000] {task_command.py:423} INFO - Running <TaskInstance: multi_region_transform_staging_v2.process_region_eu.process_wishlists_eu manual__2025-06-11T18:20:09.445349+00:00 [running]> on host 5950010ae7c1
[2025-06-11T18:27:20.748+0000] {taskinstance.py:2480} INFO - Exporting env vars: AIRFLOW_CTX_DAG_OWNER='data-team' AIRFLOW_CTX_DAG_ID='multi_region_transform_staging_v2' AIRFLOW_CTX_TASK_ID='process_region_eu.process_wishlists_eu' AIRFLOW_CTX_EXECUTION_DATE='2025-06-11T18:20:09.445349+00:00' AIRFLOW_CTX_TRY_NUMBER='1' AIRFLOW_CTX_DAG_RUN_ID='manual__2025-06-11T18:20:09.445349+00:00'
[2025-06-11T18:27:30.876+0000] {logging_mixin.py:188} INFO - Debugggg::::Vector(spark://5950010ae7c1:40295/jars/spark-snowflake_2.12-2.16.0-spark_3.2.jar, spark://5950010ae7c1:40295/jars/snowflake-jdbc-3.13.17.jar)
[2025-06-11T18:27:30.878+0000] {logging_mixin.py:188} INFO - Processing wishlists for region eu
[2025-06-11T18:27:30.931+0000] {logging_mixin.py:188} INFO - /opt/airflow/data/raw/region=eu/table=wishlists/load_date=2025-06-11
[2025-06-11T18:27:58.905+0000] {logging_mixin.py:188} INFO - STAGING_EU
[2025-06-11T18:28:00.540+0000] {logging_mixin.py:188} INFO - +-----------+-----------+----------+--------------------+-------+--------+
|wishlist_id|customer_id|product_id|            added_at|_region| _source|
+-----------+-----------+----------+--------------------+-------+--------+
|          1|          1|         2|2025-06-11 02:14:...|     eu|postgres|
|          2|          1|         9|2025-06-11 02:14:...|     eu|postgres|
|          3|          1|        11|2025-06-11 02:14:...|     eu|postgres|
|          4|          2|         1|2025-06-11 02:14:...|     eu|postgres|
|          5|          2|         6|2025-06-11 02:14:...|     eu|postgres|
|          6|          2|         8|2025-06-11 02:14:...|     eu|postgres|
|          7|          3|         4|2025-06-11 02:14:...|     eu|postgres|
|          8|          3|         7|2025-06-11 02:14:...|     eu|postgres|
|          9|          3|        12|2025-06-11 02:14:...|     eu|postgres|
|         10|          4|         3|2025-06-11 02:14:...|     eu|postgres|
+-----------+-----------+----------+--------------------+-------+--------+
only showing top 10 rows
[2025-06-11T18:28:00.542+0000] {logging_mixin.py:188} INFO - Inserting into snowflake
[2025-06-11T18:28:10.066+0000] {logging_mixin.py:188} INFO - successfully inserted in snowflake
[2025-06-11T18:28:10.105+0000] {crypto.py:82} WARNING - empty cryptography key - values will not be stored encrypted.
[2025-06-11T18:28:10.790+0000] {logging_mixin.py:188} INFO - Successfully processed 30 records for wishlists in eu
[2025-06-11T18:28:13.515+0000] {python.py:201} INFO - Done. Returned value was: {'region': 'eu', 'table': 'wishlists', 'record_count': 30, 'status': 'success'}
[2025-06-11T18:28:13.607+0000] {taskinstance.py:1138} INFO - Marking task as SUCCESS. dag_id=multi_region_transform_staging_v2, task_id=process_region_eu.process_wishlists_eu, execution_date=20250611T182009, start_date=20250611T182720, end_date=20250611T182813
[2025-06-11T18:28:13.670+0000] {local_task_job_runner.py:234} INFO - Task exited with return code 0
[2025-06-11T18:28:13.742+0000] {taskinstance.py:3280} INFO - 0 downstream tasks scheduled from follow-on schedule check
