[2025-06-08T20:24:39.727+0000] {taskinstance.py:1956} INFO - Dependencies all met for dep_context=non-requeueable deps ti=<TaskInstance: multi_region_processor.process_region_eu.process_customers_eu scheduled__2025-06-07T00:00:00+00:00 [queued]>
[2025-06-08T20:24:39.750+0000] {taskinstance.py:1956} INFO - Dependencies all met for dep_context=requeueable deps ti=<TaskInstance: multi_region_processor.process_region_eu.process_customers_eu scheduled__2025-06-07T00:00:00+00:00 [queued]>
[2025-06-08T20:24:39.751+0000] {taskinstance.py:2170} INFO - Starting attempt 1 of 3
[2025-06-08T20:24:39.798+0000] {taskinstance.py:2191} INFO - Executing <Task(_PythonDecoratedOperator): process_region_eu.process_customers_eu> on 2025-06-07 00:00:00+00:00
[2025-06-08T20:24:39.807+0000] {standard_task_runner.py:60} INFO - Started process 200569 to run task
[2025-06-08T20:24:39.807+0000] {clientserver.py:543} INFO - Closing down clientserver connection
[2025-06-08T20:24:39.819+0000] {standard_task_runner.py:87} INFO - Running: ['airflow', 'tasks', 'run', 'multi_region_processor', 'process_region_eu.process_customers_eu', 'scheduled__2025-06-07T00:00:00+00:00', '--job-id', '14', '--raw', '--subdir', 'DAGS_FOLDER/master2.py', '--cfg-path', '/tmp/tmpmsje040j']
[2025-06-08T20:24:39.822+0000] {standard_task_runner.py:88} INFO - Job 14: Subtask process_region_eu.process_customers_eu
[2025-06-08T20:24:39.831+0000] {clientserver.py:505} INFO - Error while sending or receiving.
Traceback (most recent call last):
  File "/home/airflow/.local/lib/python3.10/site-packages/py4j/clientserver.py", line 503, in send_command
    self.socket.sendall(command.encode("utf-8"))
ConnectionResetError: [Errno 104] Connection reset by peer
[2025-06-08T20:24:39.835+0000] {clientserver.py:543} INFO - Closing down clientserver connection
[2025-06-08T20:24:39.836+0000] {java_gateway.py:1052} INFO - Exception while sending command.
Traceback (most recent call last):
  File "/home/airflow/.local/lib/python3.10/site-packages/py4j/clientserver.py", line 503, in send_command
    self.socket.sendall(command.encode("utf-8"))
ConnectionResetError: [Errno 104] Connection reset by peer

During handling of the above exception, another exception occurred:

Traceback (most recent call last):
  File "/home/airflow/.local/lib/python3.10/site-packages/py4j/java_gateway.py", line 1038, in send_command
    response = connection.send_command(command)
  File "/home/airflow/.local/lib/python3.10/site-packages/py4j/clientserver.py", line 506, in send_command
    raise Py4JNetworkError(
py4j.protocol.Py4JNetworkError: Error while sending
[2025-06-08T20:24:39.850+0000] {clientserver.py:543} INFO - Closing down clientserver connection
[2025-06-08T20:24:39.874+0000] {logging_mixin.py:188} WARNING - /home/airflow/.local/lib/python3.10/site-packages/airflow/settings.py:194 DeprecationWarning: The sql_alchemy_conn option in [core] has been moved to the sql_alchemy_conn option in [database] - the old setting has been used, but please update your config.
[2025-06-08T20:24:39.996+0000] {task_command.py:423} INFO - Running <TaskInstance: multi_region_processor.process_region_eu.process_customers_eu scheduled__2025-06-07T00:00:00+00:00 [running]> on host 098d7b977cb8
[2025-06-08T20:24:40.428+0000] {taskinstance.py:2480} INFO - Exporting env vars: AIRFLOW_CTX_DAG_OWNER='data-team' AIRFLOW_CTX_DAG_ID='multi_region_processor' AIRFLOW_CTX_TASK_ID='process_region_eu.process_customers_eu' AIRFLOW_CTX_EXECUTION_DATE='2025-06-07T00:00:00+00:00' AIRFLOW_CTX_TRY_NUMBER='1' AIRFLOW_CTX_DAG_RUN_ID='scheduled__2025-06-07T00:00:00+00:00'
[2025-06-08T20:24:40.450+0000] {logging_mixin.py:188} INFO - Processing customers for region eu
[2025-06-08T20:25:09.241+0000] {logging_mixin.py:188} INFO - ✅ Successfully processed 50 records for customers in eu
[2025-06-08T20:32:37.850+0000] {local_task_job_runner.py:121} ERROR - Received SIGTERM. Terminating subprocesses
[2025-06-08T20:32:37.969+0000] {process_utils.py:131} INFO - Sending 15 to group 200569. PIDs of all processes in the group: [200569]
[2025-06-08T20:32:38.002+0000] {process_utils.py:86} INFO - Sending the signal 15 to group 200569
[2025-06-08T20:32:38.145+0000] {taskinstance.py:2450} ERROR - Received SIGTERM. Terminating subprocesses.
[2025-06-08T20:32:39.214+0000] {taskinstance.py:2698} ERROR - Task failed with exception
Traceback (most recent call last):
  File "/home/airflow/.local/lib/python3.10/site-packages/airflow/models/taskinstance.py", line 433, in _execute_task
    result = execute_callable(context=context, **execute_callable_kwargs)
  File "/home/airflow/.local/lib/python3.10/site-packages/airflow/decorators/base.py", line 241, in execute
    return_value = super().execute(context)
  File "/home/airflow/.local/lib/python3.10/site-packages/airflow/operators/python.py", line 199, in execute
    return_value = self.execute_callable()
  File "/home/airflow/.local/lib/python3.10/site-packages/airflow/operators/python.py", line 216, in execute_callable
    return self.python_callable(*self.op_args, **self.op_kwargs)
  File "/opt/airflow/dags/master2.py", line 392, in process_table
    df_transformed.write.mode("overwrite").parquet(output_path)
  File "/home/airflow/.local/lib/python3.10/site-packages/pyspark/sql/session.py", line 1796, in stop
    self._sc.stop()
  File "/home/airflow/.local/lib/python3.10/site-packages/pyspark/context.py", line 666, in stop
    self._accumulatorServer.shutdown()
  File "/home/airflow/.local/lib/python3.10/site-packages/pyspark/accumulators.py", line 316, in shutdown
    SocketServer.TCPServer.shutdown(self)
  File "/usr/local/lib/python3.10/socketserver.py", line 252, in shutdown
    self.__is_shut_down.wait()
  File "/usr/local/lib/python3.10/threading.py", line 607, in wait
    signaled = self._cond.wait(timeout)
  File "/usr/local/lib/python3.10/threading.py", line 320, in wait
    waiter.acquire()
  File "/home/airflow/.local/lib/python3.10/site-packages/airflow/models/taskinstance.py", line 2452, in signal_handler
    raise AirflowException("Task received SIGTERM signal")
airflow.exceptions.AirflowException: Task received SIGTERM signal
[2025-06-08T20:32:39.287+0000] {taskinstance.py:1138} INFO - Marking task as UP_FOR_RETRY. dag_id=multi_region_processor, task_id=process_region_eu.process_customers_eu, execution_date=20250607T000000, start_date=20250608T202439, end_date=20250608T203239
[2025-06-08T20:32:39.996+0000] {logging_mixin.py:188} WARNING - ----------------------------------------
[2025-06-08T20:32:39.997+0000] {logging_mixin.py:188} WARNING - Exception occurred during processing of request from ('127.0.0.1', 58008)
[2025-06-08T20:32:40.007+0000] {logging_mixin.py:188} WARNING - Traceback (most recent call last):
[2025-06-08T20:32:40.010+0000] {logging_mixin.py:188} WARNING -   File "/usr/local/lib/python3.10/socketserver.py", line 316, in _handle_request_noblock
    self.process_request(request, client_address)
[2025-06-08T20:32:40.010+0000] {logging_mixin.py:188} WARNING -   File "/usr/local/lib/python3.10/socketserver.py", line 347, in process_request
    self.finish_request(request, client_address)
[2025-06-08T20:32:40.011+0000] {logging_mixin.py:188} WARNING -   File "/usr/local/lib/python3.10/socketserver.py", line 360, in finish_request
    self.RequestHandlerClass(request, client_address, self)
[2025-06-08T20:32:40.011+0000] {logging_mixin.py:188} WARNING -   File "/usr/local/lib/python3.10/socketserver.py", line 747, in __init__
    self.handle()
[2025-06-08T20:32:40.012+0000] {logging_mixin.py:188} WARNING -   File "/home/airflow/.local/lib/python3.10/site-packages/pyspark/accumulators.py", line 295, in handle
    poll(accum_updates)
[2025-06-08T20:32:40.012+0000] {logging_mixin.py:188} WARNING -   File "/home/airflow/.local/lib/python3.10/site-packages/pyspark/accumulators.py", line 267, in poll
    if self.rfile in r and func():
[2025-06-08T20:32:40.012+0000] {logging_mixin.py:188} WARNING -   File "/home/airflow/.local/lib/python3.10/site-packages/pyspark/accumulators.py", line 271, in accum_updates
    num_updates = read_int(self.rfile)
[2025-06-08T20:32:40.013+0000] {logging_mixin.py:188} WARNING -   File "/home/airflow/.local/lib/python3.10/site-packages/pyspark/serializers.py", line 596, in read_int
    raise EOFError
[2025-06-08T20:32:40.013+0000] {logging_mixin.py:188} WARNING - EOFError
[2025-06-08T20:32:40.013+0000] {logging_mixin.py:188} WARNING - ----------------------------------------
[2025-06-08T20:32:41.203+0000] {standard_task_runner.py:107} ERROR - Failed to execute job 14 for task process_region_eu.process_customers_eu (Task received SIGTERM signal; 200569)
[2025-06-08T20:32:41.244+0000] {process_utils.py:79} INFO - Process psutil.Process(pid=200569, status='terminated', exitcode=1, started='20:24:39') (200569) terminated with exit code 1
[2025-06-08T20:32:41.254+0000] {local_task_job_runner.py:234} INFO - Task exited with return code 143
[2025-06-08T20:32:41.487+0000] {taskinstance.py:3280} INFO - 0 downstream tasks scheduled from follow-on schedule check
