[2025-06-08T18:23:42.589+0000] {taskinstance.py:1956} INFO - Dependencies all met for dep_context=non-requeueable deps ti=<TaskInstance: transform_cart_items.run_transformation_asia manual__2025-06-08T18:23:29.416959+00:00 [queued]>
[2025-06-08T18:23:42.619+0000] {taskinstance.py:1956} INFO - Dependencies all met for dep_context=requeueable deps ti=<TaskInstance: transform_cart_items.run_transformation_asia manual__2025-06-08T18:23:29.416959+00:00 [queued]>
[2025-06-08T18:23:42.620+0000] {taskinstance.py:2170} INFO - Starting attempt 1 of 1
[2025-06-08T18:23:42.654+0000] {taskinstance.py:2191} INFO - Executing <Task(_PythonDecoratedOperator): run_transformation_asia> on 2025-06-08 18:23:29.416959+00:00
[2025-06-08T18:23:42.672+0000] {standard_task_runner.py:60} INFO - Started process 7068 to run task
[2025-06-08T18:23:42.675+0000] {clientserver.py:543} INFO - Closing down clientserver connection
[2025-06-08T18:23:42.688+0000] {standard_task_runner.py:87} INFO - Running: ['airflow', 'tasks', 'run', 'transform_cart_items', 'run_transformation_asia', 'manual__2025-06-08T18:23:29.416959+00:00', '--job-id', '603', '--raw', '--subdir', 'DAGS_FOLDER/staging/cart_items_to_staging.py', '--cfg-path', '/tmp/tmpa1dr4zfx']
[2025-06-08T18:23:42.692+0000] {standard_task_runner.py:88} INFO - Job 603: Subtask run_transformation_asia
[2025-06-08T18:23:42.744+0000] {logging_mixin.py:188} WARNING - /home/airflow/.local/lib/python3.10/site-packages/airflow/settings.py:194 DeprecationWarning: The sql_alchemy_conn option in [core] has been moved to the sql_alchemy_conn option in [database] - the old setting has been used, but please update your config.
[2025-06-08T18:23:42.852+0000] {task_command.py:423} INFO - Running <TaskInstance: transform_cart_items.run_transformation_asia manual__2025-06-08T18:23:29.416959+00:00 [running]> on host 6ecd1ae3f40b
[2025-06-08T18:23:42.988+0000] {clientserver.py:505} INFO - Error while sending or receiving.
Traceback (most recent call last):
  File "/home/airflow/.local/lib/python3.10/site-packages/py4j/clientserver.py", line 503, in send_command
    self.socket.sendall(command.encode("utf-8"))
ConnectionResetError: [Errno 104] Connection reset by peer
[2025-06-08T18:23:42.990+0000] {clientserver.py:543} INFO - Closing down clientserver connection
[2025-06-08T18:23:42.991+0000] {java_gateway.py:1052} INFO - Exception while sending command.
Traceback (most recent call last):
  File "/home/airflow/.local/lib/python3.10/site-packages/py4j/clientserver.py", line 503, in send_command
    self.socket.sendall(command.encode("utf-8"))
ConnectionResetError: [Errno 104] Connection reset by peer

During handling of the above exception, another exception occurred:

Traceback (most recent call last):
  File "/home/airflow/.local/lib/python3.10/site-packages/py4j/java_gateway.py", line 1038, in send_command
    response = connection.send_command(command)
  File "/home/airflow/.local/lib/python3.10/site-packages/py4j/clientserver.py", line 506, in send_command
    raise Py4JNetworkError(
py4j.protocol.Py4JNetworkError: Error while sending
[2025-06-08T18:23:42.995+0000] {clientserver.py:543} INFO - Closing down clientserver connection
[2025-06-08T18:23:43.090+0000] {taskinstance.py:2480} INFO - Exporting env vars: AIRFLOW_CTX_DAG_OWNER='airflow' AIRFLOW_CTX_DAG_ID='transform_cart_items' AIRFLOW_CTX_TASK_ID='run_transformation_asia' AIRFLOW_CTX_EXECUTION_DATE='2025-06-08T18:23:29.416959+00:00' AIRFLOW_CTX_TRY_NUMBER='1' AIRFLOW_CTX_DAG_RUN_ID='manual__2025-06-08T18:23:29.416959+00:00'
[2025-06-08T18:23:43.092+0000] {logging_mixin.py:188} INFO - Starting transformation for table: cart_items in region: asia
[2025-06-08T18:23:43.147+0000] {logging_mixin.py:188} INFO - Reading data from: /opt/airflow/data/raw/region=asia/table=cart_items/load_date=2025-06-06/
[2025-06-08T18:23:52.473+0000] {logging_mixin.py:188} INFO - [INFO] Processing 6 records for asia
[2025-06-08T18:23:52.987+0000] {logging_mixin.py:188} INFO - Sample transformed data for asia:
[2025-06-08T18:23:58.099+0000] {logging_mixin.py:188} INFO - +------------+-------+----------+--------+--------------+-------------------+-------------------+-------+--------+
|cart_item_id|cart_id|variant_id|quantity|unit_price_jpy|added_at           |updated_at         |_region|_source |
+------------+-------+----------+--------+--------------+-------------------+-------------------+-------+--------+
|1           |1      |2         |1       |169800        |2024-03-15 09:35:20|2024-03-15 09:35:20|asia   |postgres|
|2           |1      |8         |2       |3500          |2024-03-15 09:40:35|2024-03-15 09:40:35|asia   |postgres|
|3           |2      |15        |1       |213000        |2024-03-16 11:20:10|2024-03-16 11:20:10|asia   |postgres|
|4           |3      |19        |1       |12800         |2024-03-17 13:25:45|2024-03-17 13:25:45|asia   |postgres|
|5           |4      |6         |1       |49800         |2024-03-18 15:45:30|2024-03-18 15:45:30|asia   |postgres|
+------------+-------+----------+--------+--------------+-------------------+-------------------+-------+--------+
only showing top 5 rows
[2025-06-08T18:23:58.100+0000] {logging_mixin.py:188} INFO - Writing transformed data to: /opt/airflow/data/staging/cart_items/region=asia/load_date=2025-06-06/
[2025-06-08T18:23:59.878+0000] {logging_mixin.py:188} INFO - Successfully transformed 6 records for asia
[2025-06-08T18:29:58.300+0000] {local_task_job_runner.py:302} WARNING - State of this instance has been externally set to failed. Terminating instance.
[2025-06-08T18:29:58.311+0000] {process_utils.py:131} INFO - Sending 15 to group 7068. PIDs of all processes in the group: [7068]
[2025-06-08T18:29:58.313+0000] {process_utils.py:86} INFO - Sending the signal 15 to group 7068
[2025-06-08T18:29:58.315+0000] {taskinstance.py:2450} ERROR - Received SIGTERM. Terminating subprocesses.
[2025-06-08T18:29:58.408+0000] {process_utils.py:79} INFO - Process psutil.Process(pid=7068, status='terminated', exitcode=0, started='18:23:42') (7068) terminated with exit code 0
