[2025-06-08T19:25:59.302+0000] {taskinstance.py:1956} INFO - Dependencies all met for dep_context=non-requeueable deps ti=<TaskInstance: extract_postgres_table_to_parquet.run_extraction_us manual__2025-06-08T19:24:38.709631+00:00 [queued]>
[2025-06-08T19:25:59.326+0000] {taskinstance.py:1956} INFO - Dependencies all met for dep_context=requeueable deps ti=<TaskInstance: extract_postgres_table_to_parquet.run_extraction_us manual__2025-06-08T19:24:38.709631+00:00 [queued]>
[2025-06-08T19:25:59.327+0000] {taskinstance.py:2170} INFO - Starting attempt 1 of 1
[2025-06-08T19:25:59.360+0000] {taskinstance.py:2191} INFO - Executing <Task(_PythonDecoratedOperator): run_extraction_us> on 2025-06-08 19:24:38.709631+00:00
[2025-06-08T19:25:59.371+0000] {standard_task_runner.py:60} INFO - Started process 18129 to run task
[2025-06-08T19:25:59.378+0000] {standard_task_runner.py:87} INFO - Running: ['airflow', 'tasks', 'run', 'extract_postgres_table_to_parquet', 'run_extraction_us', 'manual__2025-06-08T19:24:38.709631+00:00', '--job-id', '7', '--raw', '--subdir', 'DAGS_FOLDER/asia/landing.py', '--cfg-path', '/tmp/tmpu4d1yzgd']
[2025-06-08T19:25:59.380+0000] {standard_task_runner.py:88} INFO - Job 7: Subtask run_extraction_us
[2025-06-08T19:25:59.511+0000] {task_command.py:423} INFO - Running <TaskInstance: extract_postgres_table_to_parquet.run_extraction_us manual__2025-06-08T19:24:38.709631+00:00 [running]> on host 098d7b977cb8
[2025-06-08T19:25:59.743+0000] {taskinstance.py:2480} INFO - Exporting env vars: AIRFLOW_CTX_DAG_OWNER='airflow' AIRFLOW_CTX_DAG_ID='extract_postgres_table_to_parquet' AIRFLOW_CTX_TASK_ID='run_extraction_us' AIRFLOW_CTX_EXECUTION_DATE='2025-06-08T19:24:38.709631+00:00' AIRFLOW_CTX_TRY_NUMBER='1' AIRFLOW_CTX_DAG_RUN_ID='manual__2025-06-08T19:24:38.709631+00:00'
[2025-06-08T19:25:59.746+0000] {logging_mixin.py:188} INFO - Starting extraction for table: categories in region: us
[2025-06-08T19:26:10.110+0000] {logging_mixin.py:188} INFO - (SELECT * FROM us.categories) AS full_data
[2025-06-08T19:26:24.498+0000] {logging_mixin.py:188} INFO - +-----------+---------------+------------------+--------------------+---------+--------------------+--------------------+-------+--------+
|category_id|  category_name|parent_category_id|       category_path|is_active|          created_at|          updated_at|_region| _source|
+-----------+---------------+------------------+--------------------+---------+--------------------+--------------------+-------+--------+
|          1|    Electronics|              NULL|        /Electronics|     true|2025-06-08 19:23:...|2025-06-08 19:23:...|     us|postgres|
|          2|    SMARTPHONES|                 1|/Electronics/Smar...|     true|2025-06-08 19:23:...|2025-06-08 19:23:...|     us|postgres|
|          3|        laptops|                 1|/Electronics/Laptops|     true|2025-06-08 19:23:...|2025-06-08 19:23:...|     us|postgres|
|          4|Gaming Consoles|                 1| /Electronics/Gaming|     true|2025-06-08 19:23:...|2025-06-08 19:23:...|     us|postgres|
|          5|       CLOTHING|              NULL|           /Clothing|     true|2025-06-08 19:23:...|2025-06-08 19:23:...|     us|postgres|
|          6|   mens apparel|                 5|      /Clothing/Mens|     true|2025-06-08 19:23:...|2025-06-08 19:23:...|     us|postgres|
|          7| WOMENS APPAREL|                 5|    /Clothing/Womens|     true|2025-06-08 19:23:...|2025-06-08 19:23:...|     us|postgres|
|          8|  Home & Garden|              NULL|        /Home-Garden|     true|2025-06-08 19:23:...|2025-06-08 19:23:...|     us|postgres|
|          9|      furniture|                 8|/Home-Garden/Furn...|     true|2025-06-08 19:23:...|2025-06-08 19:23:...|     us|postgres|
|         10|          BOOKS|              NULL|              /Books|     true|2025-06-08 19:23:...|2025-06-08 19:23:...|     us|postgres|
+-----------+---------------+------------------+--------------------+---------+--------------------+--------------------+-------+--------+
only showing top 10 rows
[2025-06-08T19:26:24.499+0000] {logging_mixin.py:188} INFO - Writing data to /opt/airflow/data/raw/region=us/table=categories/load_date=2025-06-08/
[2025-06-08T19:26:27.780+0000] {logging_mixin.py:188} INFO - Finished extraction for categories
[2025-06-08T19:26:27.781+0000] {logging_mixin.py:188} INFO - Starting extraction for table: products in region: us
[2025-06-08T19:26:28.217+0000] {logging_mixin.py:188} INFO - (SELECT * FROM us.products) AS full_data
[2025-06-08T19:26:29.731+0000] {logging_mixin.py:188} INFO - +----------+------------+--------------------+--------------------+-----------+--------------+--------------+----------+-------------------+---------+--------------------+--------------------+-------+--------+
|product_id|product_code|        product_name| product_description|category_id|base_price_usd|cost_price_usd|weight_lbs|  dimensions_inches|is_active|          created_at|          updated_at|_region| _source|
+----------+------------+--------------------+--------------------+-----------+--------------+--------------+----------+-------------------+---------+--------------------+--------------------+-------+--------+
|         1|   PRD-12001|       iPhone 15 Pro|Latest Apple smar...|          2|        999.99|        650.00|     0.487|   6.1 x 3.0 x 0.33|     true|2025-06-08 19:23:...|2025-06-08 19:23:...|     us|postgres|
|         2|   PRD-12002|      MACBOOK AIR M2|Apple MacBook Air...|          3|       1199.99|        800.00|     2.700|11.97 x 8.36 x 0.44|     true|2025-06-08 19:23:...|2025-06-08 19:23:...|     us|postgres|
|         3|   PRD-12003|       playstation 5|Sony PlayStation ...|          4|        499.99|        350.00|     9.900|  15.4 x 10.2 x 4.1|     true|2025-06-08 19:23:...|2025-06-08 19:23:...|     us|postgres|
|         4|   PRD-12004|      Cotton T-Shirt|Premium 100% cott...|          6|         24.99|          8.00|     0.440|        28 x 20 x 1|     true|2025-06-08 19:23:...|2025-06-08 19:23:...|     us|postgres|
|         5|   PRD-12005|        SUMMER DRESS|Floral print midi...|          7|         79.99|         25.00|     0.660|        36 x 24 x 2|     true|2025-06-08 19:23:...|2025-06-08 19:23:...|     us|postgres|
|         6|   PRD-12006|    leather recliner|Genuine leather p...|          9|       1299.99|        650.00|   187.400|       32 x 36 x 40|     true|2025-06-08 19:23:...|2025-06-08 19:23:...|     us|postgres|
|         7|   PRD-12007|DATA SCIENCE HAND...|Complete guide to...|         10|         49.99|         15.00|     1.100|   9.25 x 7.5 x 1.2|     true|2025-06-08 19:23:...|2025-06-08 19:23:...|     us|postgres|
|         8|   PRD-12008|    anti aging serum|Advanced peptide ...|         11|         89.99|         20.00|     0.110|      4 x 1.5 x 1.5|     true|2025-06-08 19:23:...|2025-06-08 19:23:...|     us|postgres|
|         9|   PRD-12009|       MOUNTAIN BIKE|Professional 21-s...|         12|        799.99|        400.00|    34.200|       68 x 44 x 25|     true|2025-06-08 19:23:...|2025-06-08 19:23:...|     us|postgres|
|        10|   PRD-12010|lego architecture...|Famous landmarks ...|         14|        199.99|         80.00|     4.600|        15 x 10 x 3|     true|2025-06-08 19:23:...|2025-06-08 19:23:...|     us|postgres|
+----------+------------+--------------------+--------------------+-----------+--------------+--------------+----------+-------------------+---------+--------------------+--------------------+-------+--------+
only showing top 10 rows
[2025-06-08T19:26:29.732+0000] {logging_mixin.py:188} INFO - Writing data to /opt/airflow/data/raw/region=us/table=products/load_date=2025-06-08/
[2025-06-08T19:26:31.222+0000] {logging_mixin.py:188} INFO - Finished extraction for products
[2025-06-08T19:26:31.222+0000] {logging_mixin.py:188} INFO - Starting extraction for table: product_variants in region: us
[2025-06-08T19:26:32.109+0000] {logging_mixin.py:188} INFO - (SELECT * FROM us.product_variants) AS full_data
[2025-06-08T19:26:33.516+0000] {logging_mixin.py:188} INFO - +----------+----------+--------------------+--------------------+-------------+-------------+--------------------+---------+--------------------+-------+--------+
|variant_id|product_id|                 sku|        variant_name| variant_type|variant_value|price_adjustment_usd|is_active|          created_at|_region| _source|
+----------+----------+--------------------+--------------------+-------------+-------------+--------------------+---------+--------------------+-------+--------+
|         1|         1|PRD-12001-BLACK-1...|iPhone 15 Pro Bla...|color_storage|  Black 128GB|                0.00|     true|2025-06-08 19:23:...|     us|postgres|
|         2|         1|PRD-12001-BLUE-256GB|iPhone 15 Pro Blu...|color_storage|   Blue 256GB|              200.00|     true|2025-06-08 19:23:...|     us|postgres|
|         3|         1|PRD-12001-WHITE-5...|iPhone 15 Pro Whi...|color_storage|  White 512GB|              400.00|     true|2025-06-08 19:23:...|     us|postgres|
|         4|         2|PRD-12002-SILVER-8GB|MacBook Air Silve...| color_memory|   Silver 8GB|                0.00|     true|2025-06-08 19:23:...|     us|postgres|
|         5|         2| PRD-12002-GOLD-16GB|MacBook Air Gold ...| color_memory|    Gold 16GB|              300.00|     true|2025-06-08 19:23:...|     us|postgres|
|         6|         3|  PRD-12003-STANDARD|PlayStation 5 Sta...|      edition|     Standard|                0.00|     true|2025-06-08 19:23:...|     us|postgres|
|         7|         3|   PRD-12003-DIGITAL|PlayStation 5 Dig...|      edition|      Digital|             -100.00|     true|2025-06-08 19:23:...|     us|postgres|
|         8|         4|     PRD-12004-RED-M|Cotton T-Shirt Re...|   color_size|        Red M|                0.00|     true|2025-06-08 19:23:...|     us|postgres|
|         9|         4|    PRD-12004-BLUE-L|Cotton T-Shirt Bl...|   color_size|       Blue L|                2.00|     true|2025-06-08 19:23:...|     us|postgres|
|        10|         4|  PRD-12004-BLACK-XL|Cotton T-Shirt Bl...|   color_size|     Black XL|                4.00|     true|2025-06-08 19:23:...|     us|postgres|
+----------+----------+--------------------+--------------------+-------------+-------------+--------------------+---------+--------------------+-------+--------+
only showing top 10 rows
[2025-06-08T19:26:33.517+0000] {logging_mixin.py:188} INFO - Writing data to /opt/airflow/data/raw/region=us/table=product_variants/load_date=2025-06-08/
[2025-06-08T19:26:34.592+0000] {logging_mixin.py:188} INFO - Finished extraction for product_variants
[2025-06-08T19:26:34.593+0000] {logging_mixin.py:188} INFO - Starting extraction for table: inventory in region: us
[2025-06-08T19:26:35.610+0000] {logging_mixin.py:188} INFO - (SELECT * FROM us.inventory) AS full_data
[2025-06-08T19:26:36.881+0000] {logging_mixin.py:188} INFO - +------------+----------+------------------+------------------+-----------------+-------------+-------------------+--------------------+-------+--------+
|inventory_id|variant_id|warehouse_location|quantity_available|quantity_reserved|reorder_level|  last_restocked_at|          updated_at|_region| _source|
+------------+----------+------------------+------------------+-----------------+-------------+-------------------+--------------------+-------+--------+
|           1|         1|        US-WEST-01|               125|               20|           40|2024-01-15 08:30:00|2025-06-08 19:23:...|     us|postgres|
|           2|         2|        US-WEST-01|                85|               15|           25|2024-01-18 10:15:00|2025-06-08 19:23:...|     us|postgres|
|           3|         3|        US-EAST-02|                65|               12|           20|2024-01-20 14:45:00|2025-06-08 19:23:...|     us|postgres|
|           4|         4|     US-CENTRAL-03|               200|               35|           60|2024-01-22 09:20:00|2025-06-08 19:23:...|     us|postgres|
|           5|         5|     US-CENTRAL-03|               150|               25|           50|2024-01-25 11:30:00|2025-06-08 19:23:...|     us|postgres|
|           6|         6|        US-WEST-01|                95|               18|           30|2024-01-19 16:10:00|2025-06-08 19:23:...|     us|postgres|
|           7|         7|       US-SOUTH-04|                75|               10|           25|2024-01-21 13:45:00|2025-06-08 19:23:...|     us|postgres|
|           8|         8|        US-EAST-02|               250|               40|           80|2024-01-23 07:50:00|2025-06-08 19:23:...|     us|postgres|
|           9|         9|        US-WEST-01|               180|               30|           55|2024-01-24 12:20:00|2025-06-08 19:23:...|     us|postgres|
|          10|        10|     US-CENTRAL-03|               220|               45|           70|2024-01-26 15:35:00|2025-06-08 19:23:...|     us|postgres|
+------------+----------+------------------+------------------+-----------------+-------------+-------------------+--------------------+-------+--------+
only showing top 10 rows
[2025-06-08T19:26:36.882+0000] {logging_mixin.py:188} INFO - Writing data to /opt/airflow/data/raw/region=us/table=inventory/load_date=2025-06-08/
[2025-06-08T19:26:38.087+0000] {logging_mixin.py:188} INFO - Finished extraction for inventory
[2025-06-08T19:26:38.088+0000] {logging_mixin.py:188} INFO - Starting extraction for table: customers in region: us
[2025-06-08T19:26:38.869+0000] {logging_mixin.py:188} INFO - (SELECT * FROM us.customers) AS full_data
[2025-06-08T19:26:40.112+0000] {logging_mixin.py:188} INFO - +-----------+--------------------+-----------+---------+---------------+-------------+------+--------------------+-------------+---------+----------------+-------------------+--------------------+--------------------+-------+--------+
|customer_id|               email| first_name|last_name|          phone|date_of_birth|gender|   registration_date|last_login_at|is_active|customer_segment|acquisition_channel|          created_at|          updated_at|_region| _source|
+-----------+--------------------+-----------+---------+---------------+-------------+------+--------------------+-------------+---------+----------------+-------------------+--------------------+--------------------+-------+--------+
|          1|john.smith@email.com|       JOHN|    SMITH|+1-555-123-4567|   1985-03-15|  Male|2025-06-08 19:23:...|         NULL|     true|             vip|         google_ads|2025-06-08 19:23:...|2025-06-08 19:23:...|     us|postgres|
|          2|maria.gonzalez@gm...|      maria| gonzalez|+1-555-987-6543|   1990-07-22|Female|2025-06-08 19:23:...|         NULL|     true|         regular|           facebook|2025-06-08 19:23:...|2025-06-08 19:23:...|     us|postgres|
|          3|DAVID.JOHNSON@YAH...|      David|  JOHNSON|+1-555-456-7890|   1982-11-08|  Male|2025-06-08 19:23:...|         NULL|     true|             new|           referral|2025-06-08 19:23:...|2025-06-08 19:23:...|     us|postgres|
|          4|sarah.williams@ho...|      Sarah| williams|+1-555-234-5678|   1988-05-12|Female|2025-06-08 19:23:...|         NULL|     true|         regular|            organic|2025-06-08 19:23:...|2025-06-08 19:23:...|     us|postgres|
|          5|MICHAEL.BROWN@OUT...|    michael|    BROWN|+1-555-345-6789|   1975-09-30|  Male|2025-06-08 19:23:...|         NULL|     true|             vip|     email_campaign|2025-06-08 19:23:...|2025-06-08 19:23:...|     us|postgres|
|          6|   invalid.email.com|   Jennifer|    Davis|+1-555-567-8901|   1992-01-18|Female|2025-06-08 19:23:...|         NULL|     true|         regular|       social_media|2025-06-08 19:23:...|2025-06-08 19:23:...|     us|postgres|
|          7|  @missing-local.com|     ROBERT|   miller|+1-555-678-9012|   1980-12-05|  Male|2025-06-08 19:23:...|         NULL|     true|             new|         google_ads|2025-06-08 19:23:...|2025-06-08 19:23:...|     us|postgres|
|          8|no-at-symbol.gmai...|       lisa|   WILSON|+1-555-789-0123|   1987-04-25|Female|2025-06-08 19:23:...|         NULL|     true|         regular|           referral|2025-06-08 19:23:...|2025-06-08 19:23:...|     us|postgres|
|          9|   double@@email.com|Christopher|    moore|+1-555-890-1234|   1983-08-14|  Male|2025-06-08 19:23:...|         NULL|     true|             vip|           facebook|2025-06-08 19:23:...|2025-06-08 19:23:...|     us|postgres|
|         10| spaces in@email.com|     AMANDA|   TAYLOR|+1-555-901-2345|   1991-06-03|Female|2025-06-08 19:23:...|         NULL|     true|         regular|            organic|2025-06-08 19:23:...|2025-06-08 19:23:...|     us|postgres|
+-----------+--------------------+-----------+---------+---------------+-------------+------+--------------------+-------------+---------+----------------+-------------------+--------------------+--------------------+-------+--------+
only showing top 10 rows
[2025-06-08T19:26:40.113+0000] {logging_mixin.py:188} INFO - Writing data to /opt/airflow/data/raw/region=us/table=customers/load_date=2025-06-08/
[2025-06-08T19:26:41.881+0000] {logging_mixin.py:188} INFO - Finished extraction for customers
[2025-06-08T19:26:41.882+0000] {logging_mixin.py:188} INFO - Starting extraction for table: customer_addresses in region: us
[2025-06-08T19:26:43.161+0000] {logging_mixin.py:188} INFO - (SELECT * FROM us.customer_addresses) AS full_data
[2025-06-08T19:26:44.453+0000] {logging_mixin.py:188} INFO - +----------+-----------+------------+-----------------+------------+------------+--------+-------+----------+--------------------+-------+--------+
|address_id|customer_id|address_type|   street_address|        city|       state|zip_code|country|is_default|          created_at|_region| _source|
+----------+-----------+------------+-----------------+------------+------------+--------+-------+----------+--------------------+-------+--------+
|         1|          1|     billing|  123 Main Street|    New York|    New York|   10001|    USA|      true|2025-06-08 19:23:...|     us|postgres|
|         2|          1|    shipping| 456 Broadway Ave|    New York|    New York|   10002|    USA|     false|2025-06-08 19:23:...|     us|postgres|
|         3|          2|     billing|  789 Sunset Blvd| Los Angeles|  California|   90210|    USA|      true|2025-06-08 19:23:...|     us|postgres|
|         4|          3|     billing|   321 Oak Street|     Chicago|    Illinois|   60601|    USA|      true|2025-06-08 19:23:...|     us|postgres|
|         5|          3|    shipping|  654 Pine Avenue|     Chicago|    Illinois|   60602|    USA|     false|2025-06-08 19:23:...|     us|postgres|
|         6|          4|     billing|    987 Elm Drive|     Houston|       Texas|   77001|    USA|      true|2025-06-08 19:23:...|     us|postgres|
|         7|          5|     billing|   147 Maple Lane|     Phoenix|     Arizona|   85001|    USA|      true|2025-06-08 19:23:...|     us|postgres|
|         8|          6|     billing|  258 Cedar Court|Philadelphia|Pennsylvania|   19101|    USA|      true|2025-06-08 19:23:...|     us|postgres|
|         9|          7|     billing|   369 Birch Road| San Antonio|       Texas|   78201|    USA|      true|2025-06-08 19:23:...|     us|postgres|
|        10|          8|     billing|741 Walnut Street|   San Diego|  California|   92101|    USA|      true|2025-06-08 19:23:...|     us|postgres|
+----------+-----------+------------+-----------------+------------+------------+--------+-------+----------+--------------------+-------+--------+
only showing top 10 rows
[2025-06-08T19:26:44.454+0000] {logging_mixin.py:188} INFO - Writing data to /opt/airflow/data/raw/region=us/table=customer_addresses/load_date=2025-06-08/
[2025-06-08T19:26:45.597+0000] {logging_mixin.py:188} INFO - Finished extraction for customer_addresses
[2025-06-08T19:26:45.598+0000] {logging_mixin.py:188} INFO - Starting extraction for table: marketing_campaigns in region: us
[2025-06-08T19:26:46.411+0000] {logging_mixin.py:188} INFO - (SELECT * FROM us.marketing_campaigns) AS full_data
[2025-06-08T19:26:47.787+0000] {logging_mixin.py:188} INFO - +-----------+--------------------+--------------+-------------+----------+----------+----------+--------------------+---------------+--------------------+-------+--------+
|campaign_id|       campaign_name| campaign_type|      channel|start_date|  end_date|budget_usd|     target_audience|campaign_status|          created_at|_region| _source|
+-----------+--------------------+--------------+-------------+----------+----------+----------+--------------------+---------------+--------------------+-------+--------+
|          1|BLACK FRIDAY BLOWOUT|   promotional|multi_channel|2024-11-25|2024-11-29|  75000.00|All customer segm...|      completed|2025-06-08 19:23:...|     us|postgres|
|          2|summer electronic...|      seasonal|   google_ads|2024-06-01|2024-08-31|  35000.00|Tech enthusiasts ...|      completed|2025-06-08 19:23:...|     us|postgres|
|          3|Back to School Sp...|      seasonal|     facebook|2024-08-01|2024-09-15|  25000.00|Students and parents|      completed|2025-06-08 19:23:...|     us|postgres|
|          4|  HOLIDAY GIFT GUIDE|      seasonal|        email|2024-12-01|2024-12-24|  15000.00|    Holiday shoppers|      completed|2025-06-08 19:23:...|     us|postgres|
|          5|    new year fitness|     lifestyle|    instagram|2024-01-01|2024-01-31|  20000.00|Health and fitnes...|      completed|2025-06-08 19:23:...|     us|postgres|
|          6|Valentine Romance...|      seasonal|       social|2024-02-01|2024-02-14|  12000.00|Couples and gift ...|      completed|2025-06-08 19:23:...|     us|postgres|
|          7|SPRING FASHION LA...|product_launch|      display|2024-03-01|2024-05-31|  40000.00|Fashion-conscious...|         active|2025-06-08 19:23:...|     us|postgres|
|          8| mothers day special|      seasonal|        email|2024-05-01|2024-05-12|   8000.00|Children buying f...|      completed|2025-06-08 19:23:...|     us|postgres|
|          9| Gaming Console Drop|product_launch|          ppc|2024-03-15|2024-04-15|  50000.00|   Gamers aged 16-35|      completed|2025-06-08 19:23:...|     us|postgres|
|         10| SUMMER OUTDOOR GEAR|      seasonal|   google_ads|2024-04-01|2024-07-31|  30000.00| Outdoor enthusiasts|         active|2025-06-08 19:23:...|     us|postgres|
+-----------+--------------------+--------------+-------------+----------+----------+----------+--------------------+---------------+--------------------+-------+--------+
[2025-06-08T19:26:47.788+0000] {logging_mixin.py:188} INFO - Writing data to /opt/airflow/data/raw/region=us/table=marketing_campaigns/load_date=2025-06-08/
[2025-06-08T19:26:49.301+0000] {logging_mixin.py:188} INFO - Finished extraction for marketing_campaigns
[2025-06-08T19:26:49.302+0000] {logging_mixin.py:188} INFO - Starting extraction for table: discounts in region: us
[2025-06-08T19:26:49.924+0000] {logging_mixin.py:188} INFO - (SELECT * FROM us.discounts) AS full_data
[2025-06-08T19:26:51.096+0000] {logging_mixin.py:188} INFO - +-----------+-------------+--------------------+-------------+--------------+------------------------+---------------------------+-----------+-----------+-------------------+-------------------+---------+--------------------+-------+--------+
|discount_id|discount_code|       discount_name|discount_type|discount_value|minimum_order_amount_usd|maximum_discount_amount_usd|usage_limit|usage_count|         start_date|           end_date|is_active|          created_at|_region| _source|
+-----------+-------------+--------------------+-------------+--------------+------------------------+---------------------------+-----------+-----------+-------------------+-------------------+---------+--------------------+-------+--------+
|          1|    WELCOME15|New Customer Welcome|   percentage|         15.00|                   50.00|                     150.00|       1000|        287|2024-01-01 00:00:00|2024-12-31 23:59:59|     true|2025-06-08 19:23:...|     us|postgres|
|          2|    SAVE25NOW|      Save 25% Today|   percentage|         25.00|                  100.00|                     250.00|        500|        198|2024-03-01 00:00:00|2024-03-31 23:59:59|    false|2025-06-08 19:23:...|     us|postgres|
|          3|   FREESHIP75|Free Shipping Ove...|free_shipping|          0.00|                   75.00|                      25.00|          0|       1234|2024-01-01 00:00:00|2024-12-31 23:59:59|     true|2025-06-08 19:23:...|     us|postgres|
|          4|    FLAT50OFF|        Flat $50 Off| fixed_amount|         50.00|                  200.00|                      50.00|        300|        156|2024-02-01 00:00:00|2024-02-29 23:59:59|    false|2025-06-08 19:23:...|     us|postgres|
|          5|BLACKFRIDAY40|Black Friday 40% Off|   percentage|         40.00|                  150.00|                     400.00|       2000|       1876|2024-11-25 00:00:00|2024-11-29 23:59:59|    false|2025-06-08 19:23:...|     us|postgres|
|          6|    STUDENT20|    Student Discount|   percentage|         20.00|                   25.00|                     200.00|          0|        456|2024-01-01 00:00:00|2024-12-31 23:59:59|     true|2025-06-08 19:23:...|     us|postgres|
|          7|     VIP30OFF|  VIP Member 30% Off|   percentage|         30.00|                  100.00|                     300.00|       1000|        567|2024-01-01 00:00:00|2024-12-31 23:59:59|     true|2025-06-08 19:23:...|     us|postgres|
|          8|     SUMMER20|  Summer Special 20%|   percentage|         20.00|                   80.00|                     160.00|        750|        423|2024-06-01 00:00:00|2024-08-31 23:59:59|     true|2025-06-08 19:23:...|     us|postgres|
|          9| FIRST100SAVE|First 100 Custome...| fixed_amount|         30.00|                  100.00|                      30.00|        100|        100|2024-01-01 00:00:00|2024-01-31 23:59:59|    false|2025-06-08 19:23:...|     us|postgres|
|         10|    WEEKEND12| Weekend Special 12%|   percentage|         12.00|                   60.00|                     100.00|          0|        789|2024-01-01 00:00:00|2024-12-31 23:59:59|     true|2025-06-08 19:23:...|     us|postgres|
+-----------+-------------+--------------------+-------------+--------------+------------------------+---------------------------+-----------+-----------+-------------------+-------------------+---------+--------------------+-------+--------+
[2025-06-08T19:26:51.097+0000] {logging_mixin.py:188} INFO - Writing data to /opt/airflow/data/raw/region=us/table=discounts/load_date=2025-06-08/
[2025-06-08T19:26:52.397+0000] {logging_mixin.py:188} INFO - Finished extraction for discounts
[2025-06-08T19:26:52.398+0000] {logging_mixin.py:188} INFO - Starting extraction for table: shopping_carts in region: us
[2025-06-08T19:26:52.853+0000] {logging_mixin.py:188} INFO - (SELECT * FROM us.shopping_carts) AS full_data
[2025-06-08T19:26:53.609+0000] {logging_mixin.py:188} INFO - +-------+-----------+--------------------+--------------------+--------------------+-------------------+------------+-------+--------+
|cart_id|customer_id|          session_id|          created_at|          updated_at|       abandoned_at|is_abandoned|_region| _source|
+-------+-----------+--------------------+--------------------+--------------------+-------------------+------------+-------+--------+
|      1|          1|sess_us_abc123def456|2025-06-08 19:23:...|2025-06-08 19:23:...|               NULL|       false|     us|postgres|
|      2|          2|sess_us_ghi789jkl012|2025-06-08 19:23:...|2025-06-08 19:23:...|2024-02-01 14:30:00|        true|     us|postgres|
|      3|          3|sess_us_mno345pqr678|2025-06-08 19:23:...|2025-06-08 19:23:...|               NULL|       false|     us|postgres|
|      4|          4|sess_us_stu901vwx234|2025-06-08 19:23:...|2025-06-08 19:23:...|2024-02-02 09:45:00|        true|     us|postgres|
|      5|          5|sess_us_yza567bcd890|2025-06-08 19:23:...|2025-06-08 19:23:...|               NULL|       false|     us|postgres|
+-------+-----------+--------------------+--------------------+--------------------+-------------------+------------+-------+--------+
[2025-06-08T19:26:53.609+0000] {logging_mixin.py:188} INFO - Writing data to /opt/airflow/data/raw/region=us/table=shopping_carts/load_date=2025-06-08/
[2025-06-08T19:26:54.324+0000] {logging_mixin.py:188} INFO - Finished extraction for shopping_carts
[2025-06-08T19:26:54.326+0000] {logging_mixin.py:188} INFO - Starting extraction for table: cart_items in region: us
[2025-06-08T19:26:54.669+0000] {logging_mixin.py:188} INFO - (SELECT * FROM us.cart_items) AS full_data
[2025-06-08T19:26:55.658+0000] {logging_mixin.py:188} INFO - +------------+-------+----------+--------+--------------+--------------------+--------------------+-------+--------+
|cart_item_id|cart_id|variant_id|quantity|unit_price_usd|            added_at|          updated_at|_region| _source|
+------------+-------+----------+--------+--------------+--------------------+--------------------+-------+--------+
|           1|      1|         2|       1|       1199.99|2025-06-08 19:23:...|2025-06-08 19:23:...|     us|postgres|
|           2|      1|         8|       2|         24.99|2025-06-08 19:23:...|2025-06-08 19:23:...|     us|postgres|
|           3|      2|        15|       1|       1449.99|2025-06-08 19:23:...|2025-06-08 19:23:...|     us|postgres|
|           4|      3|        19|       1|        129.99|2025-06-08 19:23:...|2025-06-08 19:23:...|     us|postgres|
|           5|      4|         6|       1|        399.99|2025-06-08 19:23:...|2025-06-08 19:23:...|     us|postgres|
|           6|      5|        13|       1|        899.99|2025-06-08 19:23:...|2025-06-08 19:23:...|     us|postgres|
+------------+-------+----------+--------+--------------+--------------------+--------------------+-------+--------+
[2025-06-08T19:26:55.661+0000] {logging_mixin.py:188} INFO - Writing data to /opt/airflow/data/raw/region=us/table=cart_items/load_date=2025-06-08/
[2025-06-08T19:26:56.625+0000] {logging_mixin.py:188} INFO - Finished extraction for cart_items
[2025-06-08T19:26:56.626+0000] {logging_mixin.py:188} INFO - Starting extraction for table: orders in region: us
[2025-06-08T19:26:57.346+0000] {logging_mixin.py:188} INFO - (SELECT * FROM us.orders) AS full_data
[2025-06-08T19:26:58.211+0000] {logging_mixin.py:188} INFO - +--------+-------------+-----------+------------+--------------------+------------+--------------+-------------------+-------------------+----------------+------------------+-------------------+-----------+-----------+--------------------+--------------------+-------+--------+
|order_id| order_number|customer_id|order_status|          order_date|subtotal_usd|tax_amount_usd|shipping_amount_usd|discount_amount_usd|total_amount_usd|billing_address_id|shipping_address_id|campaign_id|discount_id|          created_at|          updated_at|_region| _source|
+--------+-------------+-----------+------------+--------------------+------------+--------------+-------------------+-------------------+----------------+------------------+-------------------+-----------+-----------+--------------------+--------------------+-------+--------+
|       1|US-ORD-100001|          1|   delivered|2025-06-08 19:23:...|      999.99|         87.49|              12.99|             149.99|          950.48|                 1|                  2|          1|          1|2025-06-08 19:23:...|2025-06-08 19:23:...|     us|postgres|
|       2|US-ORD-100002|          2|     shipped|2025-06-08 19:23:...|       79.99|          7.99|               8.99|               0.00|           96.97|                 3|                  3|          2|       NULL|2025-06-08 19:23:...|2025-06-08 19:23:...|     us|postgres|
|       3|US-ORD-100003|          3|  processing|2025-06-08 19:23:...|     1299.99|        123.49|               0.00|             324.99|         1098.49|                 4|                  5|          3|          3|2025-06-08 19:23:...|2025-06-08 19:23:...|     us|postgres|
|       4|US-ORD-100004|          4|   delivered|2025-06-08 19:23:...|      299.99|         26.24|               9.99|              59.99|          276.23|                 6|                  6|          4|          4|2025-06-08 19:23:...|2025-06-08 19:23:...|     us|postgres|
|       5|US-ORD-100005|          5|   cancelled|2025-06-08 19:23:...|      249.99|         21.87|               7.99|               0.00|          279.85|                 7|                  7|          5|       NULL|2025-06-08 19:23:...|2025-06-08 19:23:...|     us|postgres|
|       6|US-ORD-100006|          6|   delivered|2025-06-08 19:23:...|       89.99|          7.87|               5.99|              17.99|           85.86|                 8|                  8|          6|          6|2025-06-08 19:23:...|2025-06-08 19:23:...|     us|postgres|
|       7|US-ORD-100007|          7|     shipped|2025-06-08 19:23:...|      799.99|         69.99|              19.99|             159.99|          729.98|                 9|                  9|          7|          7|2025-06-08 19:23:...|2025-06-08 19:23:...|     us|postgres|
|       8|US-ORD-100008|          8|  processing|2025-06-08 19:23:...|      199.99|         17.49|              12.99|              39.99|          190.48|                10|                 10|          8|          8|2025-06-08 19:23:...|2025-06-08 19:23:...|     us|postgres|
|       9|US-ORD-100009|          9|   delivered|2025-06-08 19:23:...|     1599.99|        139.99|               0.00|               0.00|         1739.98|                11|                 11|          9|       NULL|2025-06-08 19:23:...|2025-06-08 19:23:...|     us|postgres|
|      10|US-ORD-100010|         10|    returned|2025-06-08 19:23:...|       49.99|          4.37|               4.99|               9.99|           49.36|                12|                 12|         10|          9|2025-06-08 19:23:...|2025-06-08 19:23:...|     us|postgres|
+--------+-------------+-----------+------------+--------------------+------------+--------------+-------------------+-------------------+----------------+------------------+-------------------+-----------+-----------+--------------------+--------------------+-------+--------+
[2025-06-08T19:26:58.212+0000] {logging_mixin.py:188} INFO - Writing data to /opt/airflow/data/raw/region=us/table=orders/load_date=2025-06-08/
[2025-06-08T19:26:59.316+0000] {logging_mixin.py:188} INFO - Finished extraction for orders
[2025-06-08T19:26:59.317+0000] {logging_mixin.py:188} INFO - Starting extraction for table: order_items in region: us
[2025-06-08T19:27:00.162+0000] {logging_mixin.py:188} INFO - (SELECT * FROM us.order_items) AS full_data
[2025-06-08T19:27:00.881+0000] {logging_mixin.py:188} INFO - +-------------+--------+----------+--------+--------------+---------------+--------------------+-------+--------+
|order_item_id|order_id|variant_id|quantity|unit_price_usd|total_price_usd|          created_at|_region| _source|
+-------------+--------+----------+--------+--------------+---------------+--------------------+-------+--------+
|            1|       1|         1|       1|        999.99|         999.99|2025-06-08 19:23:...|     us|postgres|
|            2|       2|        11|       1|         79.99|          79.99|2025-06-08 19:23:...|     us|postgres|
|            3|       3|         4|       1|       1199.99|        1199.99|2025-06-08 19:23:...|     us|postgres|
|            4|       3|         5|       1|        100.00|         100.00|2025-06-08 19:23:...|     us|postgres|
|            5|       4|        14|       1|        299.99|         299.99|2025-06-08 19:23:...|     us|postgres|
|            6|       5|        11|       1|        249.99|         249.99|2025-06-08 19:23:...|     us|postgres|
|            7|       6|        18|       1|         89.99|          89.99|2025-06-08 19:23:...|     us|postgres|
|            8|       7|        20|       1|        799.99|         799.99|2025-06-08 19:23:...|     us|postgres|
|            9|       8|        10|       1|        199.99|         199.99|2025-06-08 19:23:...|     us|postgres|
|           10|       9|        12|       1|       1599.99|        1599.99|2025-06-08 19:23:...|     us|postgres|
+-------------+--------+----------+--------+--------------+---------------+--------------------+-------+--------+
only showing top 10 rows
[2025-06-08T19:27:00.881+0000] {logging_mixin.py:188} INFO - Writing data to /opt/airflow/data/raw/region=us/table=order_items/load_date=2025-06-08/
[2025-06-08T19:27:02.083+0000] {logging_mixin.py:188} INFO - Finished extraction for order_items
[2025-06-08T19:27:02.084+0000] {logging_mixin.py:188} INFO - Starting extraction for table: shipments in region: us
[2025-06-08T19:27:02.779+0000] {logging_mixin.py:188} INFO - (SELECT * FROM us.shipments) AS full_data
[2025-06-08T19:27:04.165+0000] {logging_mixin.py:188} INFO - +-----------+--------+--------------------+-------+---------------+-------------------+-----------------------+--------------------+---------------+--------------------+--------------------+-------+--------+
|shipment_id|order_id|     tracking_number|carrier|shipping_method|       shipped_date|estimated_delivery_date|actual_delivery_date|shipment_status|          created_at|          updated_at|_region| _source|
+-----------+--------+--------------------+-------+---------------+-------------------+-----------------------+--------------------+---------------+--------------------+--------------------+-------+--------+
|          1|       1|   1Z999AA1234567890|    UPS|         Ground|2024-01-16 13:30:00|             2024-01-18| 2024-01-18 15:45:00|      delivered|2025-06-08 19:23:...|2025-06-08 19:23:...|     us|postgres|
|          2|       2|    7749123456789012|  FedEx|      2-Day Air|2024-01-17 09:15:00|             2024-01-19|                NULL|     in_transit|2025-06-08 19:23:...|2025-06-08 19:23:...|     us|postgres|
|          3|       3|94001234567890123...|   USPS|  Priority Mail|               NULL|                   NULL|                NULL|      preparing|2025-06-08 19:23:...|2025-06-08 19:23:...|     us|postgres|
|          4|       4|   1Z999AA9876543210|    UPS|   Next Day Air|2024-01-18 08:45:00|             2024-01-19| 2024-01-19 13:20:00|      delivered|2025-06-08 19:23:...|2025-06-08 19:23:...|     us|postgres|
|          5|       6|    7749987654321098|  FedEx|       Same Day|2024-01-19 10:30:00|             2024-01-19| 2024-01-19 17:15:00|      delivered|2025-06-08 19:23:...|2025-06-08 19:23:...|     us|postgres|
|          6|       7|   1Z999AA5555666677|    UPS|         Ground|2024-01-20 12:20:00|             2024-01-22|                NULL|     in_transit|2025-06-08 19:23:...|2025-06-08 19:23:...|     us|postgres|
|          7|       8|    7749111122223333|  FedEx|        Express|2024-01-21 14:45:00|             2024-01-23|                NULL|     in_transit|2025-06-08 19:23:...|2025-06-08 19:23:...|     us|postgres|
|          8|       9|   1Z999AA4444555566|    UPS|         Ground|2024-01-22 07:30:00|             2024-01-24| 2024-01-24 11:10:00|      delivered|2025-06-08 19:23:...|2025-06-08 19:23:...|     us|postgres|
+-----------+--------+--------------------+-------+---------------+-------------------+-----------------------+--------------------+---------------+--------------------+--------------------+-------+--------+
[2025-06-08T19:27:04.166+0000] {logging_mixin.py:188} INFO - Writing data to /opt/airflow/data/raw/region=us/table=shipments/load_date=2025-06-08/
[2025-06-08T19:27:05.253+0000] {logging_mixin.py:188} INFO - Finished extraction for shipments
[2025-06-08T19:27:05.255+0000] {logging_mixin.py:188} INFO - Starting extraction for table: returns in region: us
[2025-06-08T19:27:05.764+0000] {logging_mixin.py:188} INFO - (SELECT * FROM us.returns) AS full_data
[2025-06-08T19:27:06.424+0000] {logging_mixin.py:188} INFO - +---------+--------+-----------------+-------------+--------------------+-----------------+-------------------+--------------------+-------+--------+
|return_id|order_id|    return_reason|return_status|         return_date|refund_amount_usd|        refund_date|          created_at|_region| _source|
+---------+--------+-----------------+-------------+--------------------+-----------------+-------------------+--------------------+-------+--------+
|        1|       5|     Changed mind|     approved|2025-06-08 19:23:...|           279.85|2024-01-25 13:30:00|2025-06-08 19:23:...|     us|postgres|
|        2|      10|Product defective|   processing|2025-06-08 19:23:...|            49.36|               NULL|2025-06-08 19:23:...|     us|postgres|
+---------+--------+-----------------+-------------+--------------------+-----------------+-------------------+--------------------+-------+--------+
[2025-06-08T19:27:06.425+0000] {logging_mixin.py:188} INFO - Writing data to /opt/airflow/data/raw/region=us/table=returns/load_date=2025-06-08/
[2025-06-08T19:27:07.247+0000] {logging_mixin.py:188} INFO - Finished extraction for returns
[2025-06-08T19:27:07.248+0000] {logging_mixin.py:188} INFO - Starting extraction for table: product_reviews in region: us
[2025-06-08T19:27:07.762+0000] {logging_mixin.py:188} INFO - (SELECT * FROM us.product_reviews) AS full_data
[2025-06-08T19:27:08.451+0000] {logging_mixin.py:188} INFO - +---------+----------+-----------+--------+------+-------------------+--------------------+--------------------+-------------+--------------------+-------+--------+
|review_id|product_id|customer_id|order_id|rating|       review_title|         review_text|is_verified_purchase|helpful_votes|          created_at|_region| _source|
+---------+----------+-----------+--------+------+-------------------+--------------------+--------------------+-------------+--------------------+-------+--------+
|        1|         1|          1|       1|     5|     AMAZING PHONE!|Best iPhone yet! ...|                true|           23|2025-06-08 19:23:...|     us|postgres|
|        2|         5|          2|       2|     4|lovely summer dress|Beautiful dress, ...|                true|           12|2025-06-08 19:23:...|     us|postgres|
|        3|         6|          3|       3|     5|   Perfect Recliner|So comfortable! G...|                true|           18|2025-06-08 19:23:...|     us|postgres|
|        4|        14|          4|       4|     3|  DECENT HEADPHONES|Sound quality is ...|                true|            7|2025-06-08 19:23:...|     us|postgres|
|        5|         7|         10|      10|     2| disappointing book|Content was outda...|                true|            3|2025-06-08 19:23:...|     us|postgres|
|        6|         1|          5|    NULL|     4|    Good but pricey|Great phone featu...|               false|            5|2025-06-08 19:23:...|     us|postgres|
|        7|         9|          7|       7|     5|    EXCELLENT BIKE!|Perfect for trail...|                true|           15|2025-06-08 19:23:...|     us|postgres|
|        8|        10|          8|       8|     4|   fun building set|Kids absolutely l...|                true|            9|2025-06-08 19:23:...|     us|postgres|
+---------+----------+-----------+--------+------+-------------------+--------------------+--------------------+-------------+--------------------+-------+--------+
[2025-06-08T19:27:08.452+0000] {logging_mixin.py:188} INFO - Writing data to /opt/airflow/data/raw/region=us/table=product_reviews/load_date=2025-06-08/
[2025-06-08T19:27:09.254+0000] {logging_mixin.py:188} INFO - Finished extraction for product_reviews
[2025-06-08T19:27:09.255+0000] {logging_mixin.py:188} INFO - Starting extraction for table: payments in region: us
[2025-06-08T19:27:09.861+0000] {logging_mixin.py:188} INFO - (SELECT * FROM us.payments) AS full_data
[2025-06-08T19:27:10.668+0000] {logging_mixin.py:188} INFO - +----------+--------+--------------+--------------+------------------+--------------------+--------------+--------------------+--------------------+-------+--------+
|payment_id|order_id|payment_method|payment_status|payment_amount_usd|        payment_date|transaction_id|    gateway_response|          created_at|_region| _source|
+----------+--------+--------------+--------------+------------------+--------------------+--------------+--------------------+--------------------+-------+--------+
|         1|       1|   credit_card|     completed|            950.48|2025-06-08 19:23:...| txn_cc_us_001|Payment successfu...|2025-06-08 19:23:...|     us|postgres|
|         2|       2|        paypal|     completed|             96.97|2025-06-08 19:23:...| txn_pp_us_002|PayPal payment co...|2025-06-08 19:23:...|     us|postgres|
|         3|       3|     apple_pay|       pending|           1098.49|2025-06-08 19:23:...| txn_ap_us_003|Apple Pay processing|2025-06-08 19:23:...|     us|postgres|
|         4|       4|   credit_card|     completed|            276.23|2025-06-08 19:23:...| txn_cc_us_004|Payment successfu...|2025-06-08 19:23:...|     us|postgres|
|         5|       5|   credit_card|        failed|            279.85|2025-06-08 19:23:...| txn_cc_us_005|Declined - Insuff...|2025-06-08 19:23:...|     us|postgres|
|         6|       6| bank_transfer|     completed|             85.86|2025-06-08 19:23:...| txn_bt_us_006|ACH transfer comp...|2025-06-08 19:23:...|     us|postgres|
|         7|       7|        paypal|     completed|            729.98|2025-06-08 19:23:...| txn_pp_us_007|PayPal payment co...|2025-06-08 19:23:...|     us|postgres|
|         8|       8|   credit_card|     completed|            190.48|2025-06-08 19:23:...| txn_cc_us_008|Payment successfu...|2025-06-08 19:23:...|     us|postgres|
|         9|       9|     apple_pay|     completed|           1739.98|2025-06-08 19:23:...| txn_ap_us_009| Apple Pay completed|2025-06-08 19:23:...|     us|postgres|
|        10|      10|   credit_card|      refunded|             49.36|2025-06-08 19:23:...| txn_cc_us_010|Payment refunded ...|2025-06-08 19:23:...|     us|postgres|
+----------+--------+--------------+--------------+------------------+--------------------+--------------+--------------------+--------------------+-------+--------+
[2025-06-08T19:27:10.669+0000] {logging_mixin.py:188} INFO - Writing data to /opt/airflow/data/raw/region=us/table=payments/load_date=2025-06-08/
[2025-06-08T19:27:11.296+0000] {logging_mixin.py:188} INFO - Finished extraction for payments
[2025-06-08T19:27:11.297+0000] {logging_mixin.py:188} INFO - Starting extraction for table: wishlists in region: us
[2025-06-08T19:27:11.810+0000] {logging_mixin.py:188} INFO - (SELECT * FROM us.wishlists) AS full_data
[2025-06-08T19:27:12.384+0000] {logging_mixin.py:188} INFO - +-----------+-----------+----------+--------------------+-------+--------+
|wishlist_id|customer_id|product_id|            added_at|_region| _source|
+-----------+-----------+----------+--------------------+-------+--------+
|          1|          1|         2|2025-06-08 19:23:...|     us|postgres|
|          2|          1|         9|2025-06-08 19:23:...|     us|postgres|
|          3|          1|        11|2025-06-08 19:23:...|     us|postgres|
|          4|          2|         1|2025-06-08 19:23:...|     us|postgres|
|          5|          2|         6|2025-06-08 19:23:...|     us|postgres|
|          6|          2|         8|2025-06-08 19:23:...|     us|postgres|
|          7|          3|         4|2025-06-08 19:23:...|     us|postgres|
|          8|          3|         7|2025-06-08 19:23:...|     us|postgres|
|          9|          3|        12|2025-06-08 19:23:...|     us|postgres|
|         10|          4|         3|2025-06-08 19:23:...|     us|postgres|
+-----------+-----------+----------+--------------------+-------+--------+
only showing top 10 rows
[2025-06-08T19:27:12.384+0000] {logging_mixin.py:188} INFO - Writing data to /opt/airflow/data/raw/region=us/table=wishlists/load_date=2025-06-08/
[2025-06-08T19:27:13.240+0000] {logging_mixin.py:188} INFO - Finished extraction for wishlists
[2025-06-08T19:27:13.240+0000] {python.py:201} INFO - Done. Returned value was: None
[2025-06-08T19:27:13.273+0000] {taskinstance.py:1138} INFO - Marking task as SUCCESS. dag_id=extract_postgres_table_to_parquet, task_id=run_extraction_us, execution_date=20250608T192438, start_date=20250608T192559, end_date=20250608T192713
[2025-06-08T19:27:13.317+0000] {local_task_job_runner.py:234} INFO - Task exited with return code 0
[2025-06-08T19:27:13.359+0000] {taskinstance.py:3280} INFO - 0 downstream tasks scheduled from follow-on schedule check
