[2025-06-11T18:18:17.750+0000] {taskinstance.py:1956} INFO - Dependencies all met for dep_context=non-requeueable deps ti=<TaskInstance: multi_region_transform_staging_v2.process_region_asia.process_customers_asia manual__2025-06-11T18:10:56.178185+00:00 [queued]>
[2025-06-11T18:18:17.773+0000] {taskinstance.py:1956} INFO - Dependencies all met for dep_context=requeueable deps ti=<TaskInstance: multi_region_transform_staging_v2.process_region_asia.process_customers_asia manual__2025-06-11T18:10:56.178185+00:00 [queued]>
[2025-06-11T18:18:17.774+0000] {taskinstance.py:2170} INFO - Starting attempt 2 of 2
[2025-06-11T18:18:17.804+0000] {taskinstance.py:2191} INFO - Executing <Task(_PythonDecoratedOperator): process_region_asia.process_customers_asia> on 2025-06-11 18:10:56.178185+00:00
[2025-06-11T18:18:17.818+0000] {standard_task_runner.py:60} INFO - Started process 264 to run task
[2025-06-11T18:18:17.827+0000] {standard_task_runner.py:87} INFO - Running: ['airflow', 'tasks', 'run', 'multi_region_transform_staging_v2', 'process_region_asia.process_customers_asia', 'manual__2025-06-11T18:10:56.178185+00:00', '--job-id', '598', '--raw', '--subdir', 'DAGS_FOLDER/master_dag.py', '--cfg-path', '/tmp/tmpkdry720o']
[2025-06-11T18:18:17.831+0000] {standard_task_runner.py:88} INFO - Job 598: Subtask process_region_asia.process_customers_asia
[2025-06-11T18:18:18.010+0000] {task_command.py:423} INFO - Running <TaskInstance: multi_region_transform_staging_v2.process_region_asia.process_customers_asia manual__2025-06-11T18:10:56.178185+00:00 [running]> on host 5950010ae7c1
[2025-06-11T18:18:18.390+0000] {taskinstance.py:2480} INFO - Exporting env vars: AIRFLOW_CTX_DAG_OWNER='data-team' AIRFLOW_CTX_DAG_ID='multi_region_transform_staging_v2' AIRFLOW_CTX_TASK_ID='process_region_asia.process_customers_asia' AIRFLOW_CTX_EXECUTION_DATE='2025-06-11T18:10:56.178185+00:00' AIRFLOW_CTX_TRY_NUMBER='2' AIRFLOW_CTX_DAG_RUN_ID='manual__2025-06-11T18:10:56.178185+00:00'
[2025-06-11T18:18:40.698+0000] {logging_mixin.py:188} INFO - Debugggg::::Vector(spark://5950010ae7c1:36915/jars/snowflake-jdbc-3.13.17.jar, spark://5950010ae7c1:36915/jars/spark-snowflake_2.12-2.16.0-spark_3.2.jar)
[2025-06-11T18:18:40.708+0000] {logging_mixin.py:188} INFO - Processing customers for region asia
[2025-06-11T18:18:40.747+0000] {logging_mixin.py:188} INFO - /opt/airflow/data/raw/region=asia/table=customers/load_date=2025-06-11
[2025-06-11T18:19:27.993+0000] {logging_mixin.py:188} INFO - STAGING_ASIA
[2025-06-11T18:19:37.735+0000] {logging_mixin.py:188} INFO - +-----------+--------------------+----------+---------+------------+-------------------+------+-------------------+-------------------+----------------+-------------------+-------------------+-------+--------+
|customer_id|               email|first_name|last_name|       phone|         birth_date|gender|  registration_date|         last_login|customer_segment|acquisition_channel|         created_at|_region| _source|
+-----------+--------------------+----------+---------+------------+-------------------+------+-------------------+-------------------+----------------+-------------------+-------------------+-------+--------+
|          1|tanaka.yuki@email.jp|      Yuki|   Tanaka|+81312345678|1985-04-12 00:00:00|  Male|2024-01-15 09:30:45|2024-02-20 14:25:30|         premium|            organic|2024-01-15 09:30:45|   asia|postgres|
|          2|sato.hanako@gmail...|    Hanako|     Sato|+81687654321|1990-07-22 00:00:00|Female|2024-01-16 00:00:00|2024-02-21 00:00:00|         regular|       social_media|2024-01-16 11:45:20|   asia|postgres|
|          3|suzuki.taro@yahoo...|      Taro|   Suzuki|        NULL|1982-05-15 00:00:00|  Male|2024-01-17 00:00:00|2024-02-22 00:00:00|             new|           referral|2024-01-17 13:20:35|   asia|postgres|
|          4|yamada.keiko@hotm...|     Keiko|   Yamada|        NULL|               NULL|Female|               NULL|               NULL|         regular|           paid_ads|2024-01-18 15:35:10|   asia|postgres|
|          5|watanabe.akira@ou...|     Akira| Watanabe|        NULL|1975-09-25 00:00:00|  Male|2024-01-19 00:00:00|2024-02-24 00:00:00|         premium|     email_campaign|2024-01-19 08:50:25|   asia|postgres|
|          6|                NULL|    Yumiko| Nakamura|+81356789012|1992-01-30 00:00:00|Female|2024-01-20 10:15:40|2024-02-25 15:20:35|         regular|            organic|2024-01-20 10:15:40|   asia|postgres|
|          7|                NULL|   Hiroshi|      Ito|+81667890123|1980-12-05 00:00:00|  Male|2024-01-21 00:00:00|2024-02-26 00:00:00|             new|       social_media|2024-01-21 12:30:15|   asia|postgres|
|          8|                NULL|     Ayumi|     Kato|        NULL|1987-04-10 00:00:00|Female|2024-01-22 00:00:00|2024-02-27 00:00:00|         regular|           referral|2024-01-22 14:45:30|   asia|postgres|
|          9|                NULL|   Takashi|    Saito|        NULL|               NULL|  Male|               NULL|               NULL|         premium|           paid_ads|2024-01-23 16:20:45|   asia|postgres|
|         10|                NULL|    Mizuki|Kobayashi|        NULL|1991-03-06 00:00:00|Female|2024-01-24 00:00:00|2024-02-29 00:00:00|         regular|     email_campaign|2024-01-24 09:35:20|   asia|postgres|
+-----------+--------------------+----------+---------+------------+-------------------+------+-------------------+-------------------+----------------+-------------------+-------------------+-------+--------+
only showing top 10 rows
[2025-06-11T18:19:37.738+0000] {logging_mixin.py:188} INFO - Inserting into snowflake
[2025-06-11T18:19:45.428+0000] {local_task_job_runner.py:302} WARNING - State of this instance has been externally set to failed. Terminating instance.
[2025-06-11T18:19:45.699+0000] {process_utils.py:131} INFO - Sending 15 to group 264. PIDs of all processes in the group: [314, 1955, 2074, 264]
[2025-06-11T18:19:45.706+0000] {process_utils.py:86} INFO - Sending the signal 15 to group 264
[2025-06-11T18:19:45.710+0000] {taskinstance.py:2450} ERROR - Received SIGTERM. Terminating subprocesses.
[2025-06-11T18:19:45.726+0000] {clientserver.py:538} INFO - Error while receiving.
Traceback (most recent call last):
  File "/home/airflow/.local/lib/python3.10/site-packages/py4j/clientserver.py", line 511, in send_command
    answer = smart_decode(self.stream.readline()[:-1])
  File "/usr/local/lib/python3.10/socket.py", line 705, in readinto
    return self._sock.recv_into(b)
  File "/home/airflow/.local/lib/python3.10/site-packages/airflow/models/taskinstance.py", line 2452, in signal_handler
    raise AirflowException("Task received SIGTERM signal")
airflow.exceptions.AirflowException: Task received SIGTERM signal
[2025-06-11T18:19:45.739+0000] {clientserver.py:543} INFO - Closing down clientserver connection
[2025-06-11T18:19:45.742+0000] {java_gateway.py:1055} ERROR - Exception while sending command.
Traceback (most recent call last):
  File "/home/airflow/.local/lib/python3.10/site-packages/py4j/clientserver.py", line 511, in send_command
    answer = smart_decode(self.stream.readline()[:-1])
  File "/usr/local/lib/python3.10/socket.py", line 705, in readinto
    return self._sock.recv_into(b)
  File "/home/airflow/.local/lib/python3.10/site-packages/airflow/models/taskinstance.py", line 2452, in signal_handler
    raise AirflowException("Task received SIGTERM signal")
airflow.exceptions.AirflowException: Task received SIGTERM signal

During handling of the above exception, another exception occurred:

Traceback (most recent call last):
  File "/home/airflow/.local/lib/python3.10/site-packages/py4j/java_gateway.py", line 1038, in send_command
    response = connection.send_command(command)
  File "/home/airflow/.local/lib/python3.10/site-packages/py4j/clientserver.py", line 539, in send_command
    raise Py4JNetworkError(
py4j.protocol.Py4JNetworkError: Error while sending or receiving
[2025-06-11T18:19:45.745+0000] {clientserver.py:543} INFO - Closing down clientserver connection
[2025-06-11T18:19:45.747+0000] {logging_mixin.py:188} INFO - Error processing customers for asia: An error occurred while calling o227.save
[2025-06-11T18:19:46.182+0000] {taskinstance.py:2698} ERROR - Task failed with exception
Traceback (most recent call last):
  File "/home/airflow/.local/lib/python3.10/site-packages/airflow/models/taskinstance.py", line 433, in _execute_task
    result = execute_callable(context=context, **execute_callable_kwargs)
  File "/home/airflow/.local/lib/python3.10/site-packages/airflow/decorators/base.py", line 241, in execute
    return_value = super().execute(context)
  File "/home/airflow/.local/lib/python3.10/site-packages/airflow/operators/python.py", line 199, in execute
    return_value = self.execute_callable()
  File "/home/airflow/.local/lib/python3.10/site-packages/airflow/operators/python.py", line 216, in execute_callable
    return self.python_callable(*self.op_args, **self.op_kwargs)
  File "/opt/airflow/dags/master_dag.py", line 283, in process_table
    write_to_snowflake(
  File "/opt/airflow/dags/master_dag.py", line 273, in write_to_snowflake
    ).mode("overwrite").save()
  File "/home/airflow/.local/lib/python3.10/site-packages/pyspark/sql/readwriter.py", line 1461, in save
    self._jwrite.save()
  File "/home/airflow/.local/lib/python3.10/site-packages/py4j/java_gateway.py", line 1322, in __call__
    return_value = get_return_value(
  File "/home/airflow/.local/lib/python3.10/site-packages/pyspark/errors/exceptions/captured.py", line 179, in deco
    return f(*a, **kw)
  File "/home/airflow/.local/lib/python3.10/site-packages/py4j/protocol.py", line 334, in get_return_value
    raise Py4JError(
py4j.protocol.Py4JError: An error occurred while calling o227.save
[2025-06-11T18:19:46.288+0000] {taskinstance.py:1138} INFO - Marking task as FAILED. dag_id=multi_region_transform_staging_v2, task_id=process_region_asia.process_customers_asia, execution_date=20250611T181056, start_date=20250611T181817, end_date=20250611T181946
[2025-06-11T18:19:46.601+0000] {standard_task_runner.py:107} ERROR - Failed to execute job 598 for task process_region_asia.process_customers_asia (An error occurred while calling o227.save; 264)
[2025-06-11T18:19:47.279+0000] {process_utils.py:79} INFO - Process psutil.Process(pid=264, status='terminated', exitcode=1, started='18:18:17') (264) terminated with exit code 1
[2025-06-11T18:19:48.228+0000] {process_utils.py:79} INFO - Process psutil.Process(pid=2074, status='terminated', started='18:19:42') (2074) terminated with exit code None
[2025-06-11T18:19:48.229+0000] {process_utils.py:79} INFO - Process psutil.Process(pid=1955, status='terminated', started='18:19:32') (1955) terminated with exit code None
[2025-06-11T18:19:48.522+0000] {process_utils.py:79} INFO - Process psutil.Process(pid=314, status='terminated', started='18:18:18') (314) terminated with exit code None
