[2025-06-09T12:20:07.070+0000] {taskinstance.py:1956} INFO - Dependencies all met for dep_context=non-requeueable deps ti=<TaskInstance: multi_region_to_snowflake.process_region_us.process_categories_us manual__2025-06-09T12:20:05.224697+00:00 [queued]>
[2025-06-09T12:20:07.086+0000] {taskinstance.py:1956} INFO - Dependencies all met for dep_context=requeueable deps ti=<TaskInstance: multi_region_to_snowflake.process_region_us.process_categories_us manual__2025-06-09T12:20:05.224697+00:00 [queued]>
[2025-06-09T12:20:07.087+0000] {taskinstance.py:2170} INFO - Starting attempt 1 of 2
[2025-06-09T12:20:07.109+0000] {taskinstance.py:2191} INFO - Executing <Task(_PythonDecoratedOperator): process_region_us.process_categories_us> on 2025-06-09 12:20:05.224697+00:00
[2025-06-09T12:20:07.116+0000] {standard_task_runner.py:60} INFO - Started process 41708 to run task
[2025-06-09T12:20:07.121+0000] {standard_task_runner.py:87} INFO - Running: ['airflow', 'tasks', 'run', 'multi_region_to_snowflake', 'process_region_us.process_categories_us', 'manual__2025-06-09T12:20:05.224697+00:00', '--job-id', '816', '--raw', '--subdir', 'DAGS_FOLDER/master_dag.py', '--cfg-path', '/tmp/tmpdankxftc']
[2025-06-09T12:20:07.123+0000] {standard_task_runner.py:88} INFO - Job 816: Subtask process_region_us.process_categories_us
[2025-06-09T12:20:07.216+0000] {task_command.py:423} INFO - Running <TaskInstance: multi_region_to_snowflake.process_region_us.process_categories_us manual__2025-06-09T12:20:05.224697+00:00 [running]> on host 7fa6630d536c
[2025-06-09T12:20:07.398+0000] {taskinstance.py:2480} INFO - Exporting env vars: AIRFLOW_CTX_DAG_OWNER='data-team' AIRFLOW_CTX_DAG_ID='multi_region_to_snowflake' AIRFLOW_CTX_TASK_ID='process_region_us.process_categories_us' AIRFLOW_CTX_EXECUTION_DATE='2025-06-09T12:20:05.224697+00:00' AIRFLOW_CTX_TRY_NUMBER='1' AIRFLOW_CTX_DAG_RUN_ID='manual__2025-06-09T12:20:05.224697+00:00'
[2025-06-09T12:20:19.819+0000] {logging_mixin.py:188} INFO - Processing categories for region us
[2025-06-09T12:20:31.277+0000] {logging_mixin.py:188} INFO - STAGING_US
[2025-06-09T12:20:40.675+0000] {logging_mixin.py:188} INFO - +-----------+---------------+------------------+--------------------+---------+-------------------+-------------------+-------+--------+
|category_id|  category_name|parent_category_id|       category_path|is_active|         created_at|         updated_at|_region| _source|
+-----------+---------------+------------------+--------------------+---------+-------------------+-------------------+-------+--------+
|          1|    Electronics|              NULL|        /Electronics|     true|2025-06-08 19:23:27|2025-06-08 19:23:27|     us|postgres|
|          2|    Smartphones|                 1|/Electronics/Smar...|     true|2025-06-08 19:23:27|2025-06-08 19:23:27|     us|postgres|
|          3|        Laptops|                 1|/Electronics/Laptops|     true|2025-06-08 19:23:27|2025-06-08 19:23:27|     us|postgres|
|          4|Gaming Consoles|                 1| /Electronics/Gaming|     true|2025-06-08 19:23:27|2025-06-08 19:23:27|     us|postgres|
|          5|       Clothing|              NULL|           /Clothing|     true|2025-06-08 19:23:27|2025-06-08 19:23:27|     us|postgres|
|          6|   Mens Apparel|                 5|      /Clothing/Mens|     true|2025-06-08 19:23:27|2025-06-08 19:23:27|     us|postgres|
|          7| Womens Apparel|                 5|    /Clothing/Womens|     true|2025-06-08 19:23:27|2025-06-08 19:23:27|     us|postgres|
|          8|  Home & Garden|              NULL|        /Home-Garden|     true|2025-06-08 19:23:27|2025-06-08 19:23:27|     us|postgres|
|          9|      Furniture|                 8|/Home-Garden/Furn...|     true|2025-06-08 19:23:27|2025-06-08 19:23:27|     us|postgres|
|         10|          Books|              NULL|              /Books|     true|2025-06-08 19:23:27|2025-06-08 19:23:27|     us|postgres|
+-----------+---------------+------------------+--------------------+---------+-------------------+-------------------+-------+--------+
only showing top 10 rows
[2025-06-09T12:20:40.676+0000] {logging_mixin.py:188} INFO - Inserting into snowflake
[2025-06-09T12:20:55.875+0000] {logging_mixin.py:188} INFO - successfully inserted in snowflake
[2025-06-09T12:20:56.531+0000] {logging_mixin.py:188} INFO - Successfully processed 30 records for categories in us
[2025-06-09T12:20:57.458+0000] {python.py:201} INFO - Done. Returned value was: {'region': 'us', 'table': 'categories', 'record_count': 30, 'status': 'success'}
[2025-06-09T12:20:57.836+0000] {taskinstance.py:1138} INFO - Marking task as SUCCESS. dag_id=multi_region_to_snowflake, task_id=process_region_us.process_categories_us, execution_date=20250609T122005, start_date=20250609T122007, end_date=20250609T122057
[2025-06-09T12:20:58.004+0000] {local_task_job_runner.py:234} INFO - Task exited with return code 0
[2025-06-09T12:20:58.288+0000] {taskinstance.py:3280} INFO - 0 downstream tasks scheduled from follow-on schedule check
