[2025-06-11T18:26:27.260+0000] {taskinstance.py:1956} INFO - Dependencies all met for dep_context=non-requeueable deps ti=<TaskInstance: multi_region_transform_staging_v2.process_region_asia.process_discounts_asia manual__2025-06-11T18:20:09.445349+00:00 [queued]>
[2025-06-11T18:26:27.289+0000] {taskinstance.py:1956} INFO - Dependencies all met for dep_context=requeueable deps ti=<TaskInstance: multi_region_transform_staging_v2.process_region_asia.process_discounts_asia manual__2025-06-11T18:20:09.445349+00:00 [queued]>
[2025-06-11T18:26:27.289+0000] {taskinstance.py:2170} INFO - Starting attempt 1 of 2
[2025-06-11T18:26:27.331+0000] {taskinstance.py:2191} INFO - Executing <Task(_PythonDecoratedOperator): process_region_asia.process_discounts_asia> on 2025-06-11 18:20:09.445349+00:00
[2025-06-11T18:26:27.348+0000] {standard_task_runner.py:60} INFO - Started process 13499 to run task
[2025-06-11T18:26:27.360+0000] {standard_task_runner.py:87} INFO - Running: ['airflow', 'tasks', 'run', 'multi_region_transform_staging_v2', 'process_region_asia.process_discounts_asia', 'manual__2025-06-11T18:20:09.445349+00:00', '--job-id', '646', '--raw', '--subdir', 'DAGS_FOLDER/master_dag.py', '--cfg-path', '/tmp/tmp4qq9rto1']
[2025-06-11T18:26:27.364+0000] {standard_task_runner.py:88} INFO - Job 646: Subtask process_region_asia.process_discounts_asia
[2025-06-11T18:26:27.527+0000] {task_command.py:423} INFO - Running <TaskInstance: multi_region_transform_staging_v2.process_region_asia.process_discounts_asia manual__2025-06-11T18:20:09.445349+00:00 [running]> on host 5950010ae7c1
[2025-06-11T18:26:27.768+0000] {taskinstance.py:2480} INFO - Exporting env vars: AIRFLOW_CTX_DAG_OWNER='data-team' AIRFLOW_CTX_DAG_ID='multi_region_transform_staging_v2' AIRFLOW_CTX_TASK_ID='process_region_asia.process_discounts_asia' AIRFLOW_CTX_EXECUTION_DATE='2025-06-11T18:20:09.445349+00:00' AIRFLOW_CTX_TRY_NUMBER='1' AIRFLOW_CTX_DAG_RUN_ID='manual__2025-06-11T18:20:09.445349+00:00'
[2025-06-11T18:26:40.588+0000] {logging_mixin.py:188} INFO - Debugggg::::Vector(spark://5950010ae7c1:41007/jars/snowflake-jdbc-3.13.17.jar, spark://5950010ae7c1:41007/jars/spark-snowflake_2.12-2.16.0-spark_3.2.jar)
[2025-06-11T18:26:40.589+0000] {logging_mixin.py:188} INFO - Processing discounts for region asia
[2025-06-11T18:26:40.624+0000] {logging_mixin.py:188} INFO - /opt/airflow/data/raw/region=asia/table=discounts/load_date=2025-06-11
[2025-06-11T18:27:09.290+0000] {logging_mixin.py:188} INFO - STAGING_ASIA
[2025-06-11T18:27:11.327+0000] {logging_mixin.py:188} INFO - +-----------+-------------+--------------------+-------------+--------------+--------------------+--------------------+-----------+-----------+-------------------+-------------------+---------+-------------------+-------+--------+
|discount_id|discount_code|       discount_name|discount_type|discount_value|minimum_order_amount|maximum_order_amount|usage_limit|usage_count|         start_date|           end_date|is_active|         created_at|_region| _source|
+-----------+-------------+--------------------+-------------+--------------+--------------------+--------------------+-----------+-----------+-------------------+-------------------+---------+-------------------+-------+--------+
|          1|    WELCOME10|New Customer Welcome|   percentage|          10.0|                34.0|                68.0|       1000|        234|2024-01-01 00:00:00|2024-12-31 00:00:00|     true|2024-02-25 11:50:35|   asia|postgres|
|          2|     SPRING25| Spring Sale 25% Off|   percentage|          25.0|                68.0|               136.0|        500|        156|2024-03-01 00:00:00|2024-03-31 00:00:00|    false|2024-02-26 00:00:00|   asia|postgres|
|          3|     FREESHIP|       Free Shipping|     shipping|           0.0|                54.4|                10.2|       2000|        567|2024-03-01 00:00:00|2024-12-31 00:00:00|     true|2024-02-27 00:00:00|   asia|postgres|
|          5|   BLACKFRI30|Black Friday 30% Off|   percentage|          30.0|               102.0|               204.0|       1000|        678|2024-11-25 00:00:00|2024-11-29 00:00:00|    false|2024-02-29 00:00:00|   asia|postgres|
|          6|    STUDENT15|    Student Discount|   percentage|          15.0|                20.4|               102.0|          0|        123|2024-01-01 00:00:00|2024-12-31 00:00:00|     true|2024-03-01 12:35:30|   asia|postgres|
|          7|      LOYAL25|Loyalty Member 25...|   percentage|          25.0|                68.0|               170.0|        500|        234|2024-01-01 00:00:00|2024-12-31 00:00:00|     true|2024-03-02 00:00:00|   asia|postgres|
|          8|     SUMMER20|      Summer Special|   percentage|          20.0|                54.4|                81.6|        750|        345|2024-06-01 00:00:00|2024-08-31 00:00:00|     true|2024-03-03 00:00:00|   asia|postgres|
|         10|    WEEKEND10|     Weekend Special|   percentage|          10.0|                40.8|                54.4|          0|        456|2024-01-01 00:00:00|2024-12-31 00:00:00|     true|2024-05-03 00:00:00|   asia|postgres|
+-----------+-------------+--------------------+-------------+--------------+--------------------+--------------------+-----------+-----------+-------------------+-------------------+---------+-------------------+-------+--------+
[2025-06-11T18:27:11.328+0000] {logging_mixin.py:188} INFO - Inserting into snowflake
[2025-06-11T18:27:21.548+0000] {logging_mixin.py:188} INFO - successfully inserted in snowflake
[2025-06-11T18:27:21.566+0000] {crypto.py:82} WARNING - empty cryptography key - values will not be stored encrypted.
[2025-06-11T18:27:22.218+0000] {logging_mixin.py:188} INFO - Successfully processed 8 records for discounts in asia
[2025-06-11T18:27:24.772+0000] {python.py:201} INFO - Done. Returned value was: {'region': 'asia', 'table': 'discounts', 'record_count': 8, 'status': 'success'}
[2025-06-11T18:27:24.855+0000] {taskinstance.py:1138} INFO - Marking task as SUCCESS. dag_id=multi_region_transform_staging_v2, task_id=process_region_asia.process_discounts_asia, execution_date=20250611T182009, start_date=20250611T182627, end_date=20250611T182724
[2025-06-11T18:27:24.917+0000] {local_task_job_runner.py:234} INFO - Task exited with return code 0
[2025-06-11T18:27:25.024+0000] {taskinstance.py:3280} INFO - 0 downstream tasks scheduled from follow-on schedule check
