[2025-06-11T18:46:30.006+0000] {taskinstance.py:1956} INFO - Dependencies all met for dep_context=non-requeueable deps ti=<TaskInstance: multi_region_transform_staging_v2.process_region_eu.process_marketing_campaigns_eu manual__2025-06-11T18:44:30.977517+00:00 [queued]>
[2025-06-11T18:46:30.028+0000] {taskinstance.py:1956} INFO - Dependencies all met for dep_context=requeueable deps ti=<TaskInstance: multi_region_transform_staging_v2.process_region_eu.process_marketing_campaigns_eu manual__2025-06-11T18:44:30.977517+00:00 [queued]>
[2025-06-11T18:46:30.028+0000] {taskinstance.py:2170} INFO - Starting attempt 1 of 2
[2025-06-11T18:46:30.054+0000] {taskinstance.py:2191} INFO - Executing <Task(_PythonDecoratedOperator): process_region_eu.process_marketing_campaigns_eu> on 2025-06-11 18:44:30.977517+00:00
[2025-06-11T18:46:30.066+0000] {standard_task_runner.py:60} INFO - Started process 46583 to run task
[2025-06-11T18:46:30.071+0000] {standard_task_runner.py:87} INFO - Running: ['airflow', 'tasks', 'run', 'multi_region_transform_staging_v2', 'process_region_eu.process_marketing_campaigns_eu', 'manual__2025-06-11T18:44:30.977517+00:00', '--job-id', '842', '--raw', '--subdir', 'DAGS_FOLDER/master_dag.py', '--cfg-path', '/tmp/tmpb08l3ll6']
[2025-06-11T18:46:30.074+0000] {standard_task_runner.py:88} INFO - Job 842: Subtask process_region_eu.process_marketing_campaigns_eu
[2025-06-11T18:46:30.207+0000] {task_command.py:423} INFO - Running <TaskInstance: multi_region_transform_staging_v2.process_region_eu.process_marketing_campaigns_eu manual__2025-06-11T18:44:30.977517+00:00 [running]> on host 5950010ae7c1
[2025-06-11T18:46:30.500+0000] {taskinstance.py:2480} INFO - Exporting env vars: AIRFLOW_CTX_DAG_OWNER='data-team' AIRFLOW_CTX_DAG_ID='multi_region_transform_staging_v2' AIRFLOW_CTX_TASK_ID='process_region_eu.process_marketing_campaigns_eu' AIRFLOW_CTX_EXECUTION_DATE='2025-06-11T18:44:30.977517+00:00' AIRFLOW_CTX_TRY_NUMBER='1' AIRFLOW_CTX_DAG_RUN_ID='manual__2025-06-11T18:44:30.977517+00:00'
[2025-06-11T18:46:41.462+0000] {logging_mixin.py:188} INFO - Debugggg::::Vector(spark://5950010ae7c1:42813/jars/spark-snowflake_2.12-2.16.0-spark_3.2.jar, spark://5950010ae7c1:42813/jars/snowflake-jdbc-3.13.17.jar)
[2025-06-11T18:46:41.464+0000] {logging_mixin.py:188} INFO - Processing marketing_campaigns for region eu
[2025-06-11T18:46:41.496+0000] {logging_mixin.py:188} INFO - /opt/airflow/data/raw/region=eu/table=marketing_campaigns/load_date=2025-06-11
[2025-06-11T18:47:09.152+0000] {logging_mixin.py:188} INFO - STAGING_EU
[2025-06-11T18:47:10.238+0000] {logging_mixin.py:188} INFO - +-----------+--------------------+--------------+-----------------+-------------------+-------------------+------------------+--------------------+---------------+--------------+--------------------+-------+--------+
|campaign_id|       campaign_name| campaign_type|          channel|         start_date|           end_date|        budget_usd|     target_audience|campaign_status|gdpr_compliant|          created_at|_region| _source|
+-----------+--------------------+--------------+-----------------+-------------------+-------------------+------------------+--------------------+---------------+--------------+--------------------+-------+--------+
|          1|SPRING ELECTRONIC...|      seasonal|            email|2024-03-01 00:00:00|2024-03-31 00:00:00|16200.000000000002|Electronics enthu...|           true|          true|2025-06-11 02:14:...|     eu|postgres|
|          2|summer fashion co...|product_launch|     social_media|2024-06-01 00:00:00|2024-08-31 00:00:00|           27000.0|Fashion-conscious...|           true|          true|2025-06-11 02:14:...|     eu|postgres|
|          3|Back to School Ca...|      seasonal|      paid_search|2024-08-15 00:00:00|2024-09-15 00:00:00|           12960.0|Students and parents|          false|          true|2025-06-11 02:14:...|     eu|postgres|
|          4|BLACK FRIDAY MEGA...|   promotional|    multi_channel|2024-11-25 00:00:00|2024-11-29 00:00:00|           54000.0|All customer segm...|          false|          true|2025-06-11 02:14:...|     eu|postgres|
|          5|  holiday gift guide|      seasonal|content_marketing|2024-12-01 00:00:00|2024-12-24 00:00:00|            8640.0|         Gift buyers|          false|          true|2025-06-11 02:14:...|     eu|postgres|
|          6|New Year Fitness ...|     lifestyle|       influencer|2024-01-01 00:00:00|2024-01-31 00:00:00|           19440.0|Health and fitnes...|          false|          true|2025-06-11 02:14:...|     eu|postgres|
|          7|VALENTINE JEWELRY...|      seasonal|      display_ads|2024-02-01 00:00:00|2024-02-14 00:00:00|           10800.0|Couples and gift ...|          false|          true|2025-06-11 02:14:...|     eu|postgres|
|          8|eco friendly prod...|sustainability|            email|2024-04-22 00:00:00|2024-05-22 00:00:00| 8100.000000000001|Environmentally c...|           true|          true|2025-06-11 02:14:...|     eu|postgres|
|          9|Gaming Console La...|product_launch| gaming_platforms|2024-03-15 00:00:00|2024-04-15 00:00:00|32400.000000000004|   Gamers aged 16-40|          false|          true|2025-06-11 02:14:...|     eu|postgres|
|         10|  MOTHER DAY SPECIAL|      seasonal|     social_media|2024-05-01 00:00:00|2024-05-12 00:00:00|            6480.0|Children buying f...|          false|          true|2025-06-11 02:14:...|     eu|postgres|
+-----------+--------------------+--------------+-----------------+-------------------+-------------------+------------------+--------------------+---------------+--------------+--------------------+-------+--------+
[2025-06-11T18:47:10.239+0000] {logging_mixin.py:188} INFO - Inserting into snowflake
[2025-06-11T18:47:19.325+0000] {logging_mixin.py:188} INFO - successfully inserted in snowflake
[2025-06-11T18:47:19.335+0000] {crypto.py:82} WARNING - empty cryptography key - values will not be stored encrypted.
[2025-06-11T18:47:19.509+0000] {logging_mixin.py:188} INFO - Successfully processed 10 records for marketing_campaigns in eu
[2025-06-11T18:47:22.018+0000] {python.py:201} INFO - Done. Returned value was: {'region': 'eu', 'table': 'marketing_campaigns', 'record_count': 10, 'status': 'success'}
[2025-06-11T18:47:22.065+0000] {taskinstance.py:1138} INFO - Marking task as SUCCESS. dag_id=multi_region_transform_staging_v2, task_id=process_region_eu.process_marketing_campaigns_eu, execution_date=20250611T184430, start_date=20250611T184630, end_date=20250611T184722
[2025-06-11T18:47:22.096+0000] {local_task_job_runner.py:234} INFO - Task exited with return code 0
[2025-06-11T18:47:22.131+0000] {taskinstance.py:3280} INFO - 0 downstream tasks scheduled from follow-on schedule check
