[2025-06-05T02:27:22.218+0000] {taskinstance.py:1956} INFO - Dependencies all met for dep_context=non-requeueable deps ti=<TaskInstance: extract_postgres_table_to_parquet.run_extraction manual__2025-06-05T02:27:21.069943+00:00 [queued]>
[2025-06-05T02:27:22.224+0000] {taskinstance.py:1956} INFO - Dependencies all met for dep_context=requeueable deps ti=<TaskInstance: extract_postgres_table_to_parquet.run_extraction manual__2025-06-05T02:27:21.069943+00:00 [queued]>
[2025-06-05T02:27:22.225+0000] {taskinstance.py:2170} INFO - Starting attempt 1 of 1
[2025-06-05T02:27:22.234+0000] {taskinstance.py:2191} INFO - Executing <Task(_PythonDecoratedOperator): run_extraction> on 2025-06-05 02:27:21.069943+00:00
[2025-06-05T02:27:22.238+0000] {standard_task_runner.py:60} INFO - Started process 985 to run task
[2025-06-05T02:27:22.240+0000] {standard_task_runner.py:87} INFO - Running: ['airflow', 'tasks', 'run', 'extract_postgres_table_to_parquet', 'run_extraction', 'manual__2025-06-05T02:27:21.069943+00:00', '--job-id', '82', '--raw', '--subdir', 'DAGS_FOLDER/asia/landing.py', '--cfg-path', '/tmp/tmpa6s8ob6d']
[2025-06-05T02:27:22.241+0000] {standard_task_runner.py:88} INFO - Job 82: Subtask run_extraction
[2025-06-05T02:27:22.291+0000] {task_command.py:423} INFO - Running <TaskInstance: extract_postgres_table_to_parquet.run_extraction manual__2025-06-05T02:27:21.069943+00:00 [running]> on host dc545d099820
[2025-06-05T02:27:22.381+0000] {taskinstance.py:2480} INFO - Exporting env vars: AIRFLOW_CTX_DAG_OWNER='airflow' AIRFLOW_CTX_DAG_ID='extract_postgres_table_to_parquet' AIRFLOW_CTX_TASK_ID='run_extraction' AIRFLOW_CTX_EXECUTION_DATE='2025-06-05T02:27:21.069943+00:00' AIRFLOW_CTX_TRY_NUMBER='1' AIRFLOW_CTX_DAG_RUN_ID='manual__2025-06-05T02:27:21.069943+00:00'
[2025-06-05T02:27:22.381+0000] {logging_mixin.py:188} INFO - Starting extraction for table: customers1 in region: asia
[2025-06-05T02:27:22.396+0000] {logging_mixin.py:188} INFO - [INFO] Last extracted timestamp: 2000-01-01 00:00:00.00
[2025-06-05T02:27:27.061+0000] {logging_mixin.py:188} INFO - (SELECT * FROM asia.customers1 WHERE created > '2000-01-01 00:00:00.00') AS filtered_data
[2025-06-05T02:27:31.879+0000] {logging_mixin.py:188} INFO - +-------+--------------------+-----+-----+----------------+----------+---+--------------------+-------------------+---------+--------+--------------+--------------------+-------+--------+
|cust_id|               email|fname|lname|           phone|birth_date|sex|            reg_date|         login_time|is_active| segment|        source|             created|_region| _source|
+-------+--------------------+-----+-----+----------------+----------+---+--------------------+-------------------+---------+--------+--------------+--------------------+-------+--------+
|      1|john.doe@example.com| John|  Doe| +1-555-123-4567|1985-04-12|  M| 2025-06-01 10:00:00|2025-06-05 08:30:00|     true| Premium|    Google Ads| 2025-06-01 10:00:00|   asia|postgres|
|      2|jane.smith@exampl...| Jane|Smith|+44 20 7946 0958|1990-11-23|  F|2025-06-04 20:31:...|               NULL|    false|Standard|Organic Search|2025-06-04 20:31:...|   asia|postgres|
|      3|john.doe@example.com| John|  Doe| +1-555-123-4567|1985-04-12|  M| 2025-06-01 10:00:00|2025-06-05 08:30:00|     true| Premium|    Google Ads|2025-07-05 21:31:...|   asia|postgres|
+-------+--------------------+-----+-----+----------------+----------+---+--------------------+-------------------+---------+--------+--------------+--------------------+-------+--------+
[2025-06-05T02:27:31.879+0000] {logging_mixin.py:188} INFO - Writing data to /opt/airflow/data/raw/region=asia/table=customers1/load_date=2025-06-05/
[2025-06-05T02:27:32.981+0000] {crypto.py:82} WARNING - empty cryptography key - values will not be stored encrypted.
[2025-06-05T02:27:32.987+0000] {logging_mixin.py:188} INFO - [INFO] Updated Airflow Variable 'last_extracted_parquet_timestamp_asia_customers1' to 2025-07-05 21:31:50.869
[2025-06-05T02:27:33.235+0000] {logging_mixin.py:188} INFO - Finished extraction for customers1
[2025-06-05T02:27:33.236+0000] {python.py:201} INFO - Done. Returned value was: None
[2025-06-05T02:27:33.252+0000] {taskinstance.py:1138} INFO - Marking task as SUCCESS. dag_id=extract_postgres_table_to_parquet, task_id=run_extraction, execution_date=20250605T022721, start_date=20250605T022722, end_date=20250605T022733
[2025-06-05T02:27:33.278+0000] {local_task_job_runner.py:234} INFO - Task exited with return code 0
[2025-06-05T02:27:33.305+0000] {taskinstance.py:3280} INFO - 0 downstream tasks scheduled from follow-on schedule check
