[2025-06-09T11:23:38.726+0000] {taskinstance.py:1956} INFO - Dependencies all met for dep_context=non-requeueable deps ti=<TaskInstance: multi_region_to_snowflake.process_region_us.process_customers_us manual__2025-06-09T11:22:33.329920+00:00 [queued]>
[2025-06-09T11:23:38.755+0000] {taskinstance.py:1956} INFO - Dependencies all met for dep_context=requeueable deps ti=<TaskInstance: multi_region_to_snowflake.process_region_us.process_customers_us manual__2025-06-09T11:22:33.329920+00:00 [queued]>
[2025-06-09T11:23:38.756+0000] {taskinstance.py:2170} INFO - Starting attempt 1 of 2
[2025-06-09T11:23:38.815+0000] {taskinstance.py:2191} INFO - Executing <Task(_PythonDecoratedOperator): process_region_us.process_customers_us> on 2025-06-09 11:22:33.329920+00:00
[2025-06-09T11:23:38.848+0000] {standard_task_runner.py:60} INFO - Started process 11095 to run task
[2025-06-09T11:23:38.864+0000] {standard_task_runner.py:87} INFO - Running: ['airflow', 'tasks', 'run', 'multi_region_to_snowflake', 'process_region_us.process_customers_us', 'manual__2025-06-09T11:22:33.329920+00:00', '--job-id', '725', '--raw', '--subdir', 'DAGS_FOLDER/master_dag.py', '--cfg-path', '/tmp/tmpqkv9e9g2']
[2025-06-09T11:23:38.868+0000] {standard_task_runner.py:88} INFO - Job 725: Subtask process_region_us.process_customers_us
[2025-06-09T11:23:39.072+0000] {task_command.py:423} INFO - Running <TaskInstance: multi_region_to_snowflake.process_region_us.process_customers_us manual__2025-06-09T11:22:33.329920+00:00 [running]> on host 7fa6630d536c
[2025-06-09T11:23:39.377+0000] {taskinstance.py:2480} INFO - Exporting env vars: AIRFLOW_CTX_DAG_OWNER='data-team' AIRFLOW_CTX_DAG_ID='multi_region_to_snowflake' AIRFLOW_CTX_TASK_ID='process_region_us.process_customers_us' AIRFLOW_CTX_EXECUTION_DATE='2025-06-09T11:22:33.329920+00:00' AIRFLOW_CTX_TRY_NUMBER='1' AIRFLOW_CTX_DAG_RUN_ID='manual__2025-06-09T11:22:33.329920+00:00'
[2025-06-09T11:23:54.036+0000] {logging_mixin.py:188} INFO - Processing customers for region us
[2025-06-09T11:24:06.670+0000] {logging_mixin.py:188} INFO - STAGING_US
[2025-06-09T11:24:19.667+0000] {logging_mixin.py:188} INFO - +-----------+--------------------+-----------+---------+-----+----------+------+-------------------+----------+----------------+-------------------+-------------------+-------------------+---------+-------+--------+
|customer_id|               email| first_name|last_name|phone|birth_date|gender|  registration_date|last_login|customer_segment|acquisition_channel|         created_at|         updated_at|is_active|_region| _source|
+-----------+--------------------+-----------+---------+-----+----------+------+-------------------+----------+----------------+-------------------+-------------------+-------------------+---------+-------+--------+
|          1|john.smith@email.com|       John|    Smith| NULL|1985-03-15|  Male|2025-06-08 19:23:28|      NULL|             vip|         google_ads|2025-06-08 19:23:28|2025-06-08 19:23:28|     true|     us|postgres|
|          2|maria.gonzalez@gm...|      Maria| Gonzalez| NULL|1990-07-22|Female|2025-06-08 19:23:28|      NULL|         regular|           facebook|2025-06-08 19:23:28|2025-06-08 19:23:28|     true|     us|postgres|
|          3|david.johnson@yah...|      David|  Johnson| NULL|1982-11-08|  Male|2025-06-08 19:23:28|      NULL|             new|           referral|2025-06-08 19:23:28|2025-06-08 19:23:28|     true|     us|postgres|
|          4|sarah.williams@ho...|      Sarah| Williams| NULL|1988-05-12|Female|2025-06-08 19:23:28|      NULL|         regular|            organic|2025-06-08 19:23:28|2025-06-08 19:23:28|     true|     us|postgres|
|          5|michael.brown@out...|    Michael|    Brown| NULL|1975-09-30|  Male|2025-06-08 19:23:28|      NULL|             vip|     email_campaign|2025-06-08 19:23:28|2025-06-08 19:23:28|     true|     us|postgres|
|          6|                NULL|   Jennifer|    Davis| NULL|1992-01-18|Female|2025-06-08 19:23:28|      NULL|         regular|       social_media|2025-06-08 19:23:28|2025-06-08 19:23:28|     true|     us|postgres|
|          7|                NULL|     Robert|   Miller| NULL|1980-12-05|  Male|2025-06-08 19:23:28|      NULL|             new|         google_ads|2025-06-08 19:23:28|2025-06-08 19:23:28|     true|     us|postgres|
|          8|                NULL|       Lisa|   Wilson| NULL|1987-04-25|Female|2025-06-08 19:23:28|      NULL|         regular|           referral|2025-06-08 19:23:28|2025-06-08 19:23:28|     true|     us|postgres|
|          9|                NULL|Christopher|    Moore| NULL|1983-08-14|  Male|2025-06-08 19:23:28|      NULL|             vip|           facebook|2025-06-08 19:23:28|2025-06-08 19:23:28|     true|     us|postgres|
|         10|                NULL|     Amanda|   Taylor| NULL|1991-06-03|Female|2025-06-08 19:23:28|      NULL|         regular|            organic|2025-06-08 19:23:28|2025-06-08 19:23:28|     true|     us|postgres|
+-----------+--------------------+-----------+---------+-----+----------+------+-------------------+----------+----------------+-------------------+-------------------+-------------------+---------+-------+--------+
only showing top 10 rows
[2025-06-09T11:24:19.668+0000] {logging_mixin.py:188} INFO - Inserting into snowflake
[2025-06-09T11:24:38.186+0000] {logging_mixin.py:188} INFO - successfully inserted in snowflake
[2025-06-09T11:24:40.964+0000] {logging_mixin.py:188} INFO - Successfully processed 50 records for customers in us
[2025-06-09T11:24:42.333+0000] {python.py:201} INFO - Done. Returned value was: {'region': 'us', 'table': 'customers', 'record_count': 50, 'status': 'success'}
[2025-06-09T11:24:43.060+0000] {taskinstance.py:1138} INFO - Marking task as SUCCESS. dag_id=multi_region_to_snowflake, task_id=process_region_us.process_customers_us, execution_date=20250609T112233, start_date=20250609T112338, end_date=20250609T112443
[2025-06-09T11:24:43.338+0000] {local_task_job_runner.py:234} INFO - Task exited with return code 0
[2025-06-09T11:24:43.937+0000] {taskinstance.py:3280} INFO - 0 downstream tasks scheduled from follow-on schedule check
