[2025-06-11T11:45:25.372+0000] {taskinstance.py:1956} INFO - Dependencies all met for dep_context=non-requeueable deps ti=<TaskInstance: geography_to_snowflake.Load_geography_method manual__2025-06-11T11:42:43.250025+00:00 [queued]>
[2025-06-11T11:45:25.382+0000] {taskinstance.py:1956} INFO - Dependencies all met for dep_context=requeueable deps ti=<TaskInstance: geography_to_snowflake.Load_geography_method manual__2025-06-11T11:42:43.250025+00:00 [queued]>
[2025-06-11T11:45:25.382+0000] {taskinstance.py:2170} INFO - Starting attempt 1 of 2
[2025-06-11T11:45:25.410+0000] {taskinstance.py:2191} INFO - Executing <Task(_PythonDecoratedOperator): Load_geography_method> on 2025-06-11 11:42:43.250025+00:00
[2025-06-11T11:45:25.423+0000] {standard_task_runner.py:60} INFO - Started process 468 to run task
[2025-06-11T11:45:25.434+0000] {standard_task_runner.py:87} INFO - Running: ['airflow', 'tasks', 'run', 'geography_to_snowflake', 'Load_geography_method', 'manual__2025-06-11T11:42:43.250025+00:00', '--job-id', '1661', '--raw', '--subdir', 'DAGS_FOLDER/star/geography.py', '--cfg-path', '/tmp/tmpiga0ypxw']
[2025-06-11T11:45:25.439+0000] {standard_task_runner.py:88} INFO - Job 1661: Subtask Load_geography_method
[2025-06-11T11:45:25.550+0000] {task_command.py:423} INFO - Running <TaskInstance: geography_to_snowflake.Load_geography_method manual__2025-06-11T11:42:43.250025+00:00 [running]> on host 8b0a421f0af7
[2025-06-11T11:45:25.832+0000] {taskinstance.py:2480} INFO - Exporting env vars: AIRFLOW_CTX_DAG_OWNER='data-team' AIRFLOW_CTX_DAG_ID='geography_to_snowflake' AIRFLOW_CTX_TASK_ID='Load_geography_method' AIRFLOW_CTX_EXECUTION_DATE='2025-06-11T11:42:43.250025+00:00' AIRFLOW_CTX_TRY_NUMBER='1' AIRFLOW_CTX_DAG_RUN_ID='manual__2025-06-11T11:42:43.250025+00:00'
[2025-06-11T11:46:58.157+0000] {logging_mixin.py:188} INFO - Data written to temporary Snowflake table.
[2025-06-11T11:46:58.294+0000] {connection.py:486} INFO - Snowflake Connector for Python Version: 3.15.0, Python Version: 3.10.13, Platform: Linux-6.11.0-26-generic-x86_64-with-glibc2.36
[2025-06-11T11:46:58.375+0000] {connection.py:1391} INFO - Connecting to GLOBAL Snowflake domain
[2025-06-11T11:47:03.876+0000] {logging_mixin.py:188} INFO - Merge operation completed successfully.
[2025-06-11T11:47:04.485+0000] {connection.py:486} INFO - Snowflake Connector for Python Version: 3.15.0, Python Version: 3.10.13, Platform: Linux-6.11.0-26-generic-x86_64-with-glibc2.36
[2025-06-11T11:47:04.491+0000] {connection.py:1391} INFO - Connecting to GLOBAL Snowflake domain
[2025-06-11T11:47:06.968+0000] {logging_mixin.py:188} INFO - Temporary table STAR.DIM_GEOGRAPHY_TEMP dropped successfully.
[2025-06-11T11:47:07.848+0000] {logging_mixin.py:188} INFO - Upsert completed from Spark CSV to Snowflake.
[2025-06-11T11:47:07.850+0000] {logging_mixin.py:188} INFO - Successfully completed processing.
[2025-06-11T11:47:07.854+0000] {python.py:201} INFO - Done. Returned value was: None
[2025-06-11T11:47:08.131+0000] {taskinstance.py:1138} INFO - Marking task as SUCCESS. dag_id=geography_to_snowflake, task_id=Load_geography_method, execution_date=20250611T114243, start_date=20250611T114525, end_date=20250611T114708
[2025-06-11T11:47:08.406+0000] {local_task_job_runner.py:234} INFO - Task exited with return code 0
[2025-06-11T11:47:08.723+0000] {taskinstance.py:3280} INFO - 0 downstream tasks scheduled from follow-on schedule check
