[2025-06-02T09:20:18.704+0000] {processor.py:161} INFO - Started process (PID=167) to work on /opt/airflow/dags/asia/extract_load_staging_asia.py
[2025-06-02T09:20:18.705+0000] {processor.py:830} INFO - Processing file /opt/airflow/dags/asia/extract_load_staging_asia.py for tasks to queue
[2025-06-02T09:20:18.705+0000] {logging_mixin.py:188} INFO - [2025-06-02T09:20:18.705+0000] {dagbag.py:538} INFO - Filling up the DagBag from /opt/airflow/dags/asia/extract_load_staging_asia.py
[2025-06-02T09:20:20.709+0000] {processor.py:840} INFO - DAG(s) 'copy_postgres_table_to_table' retrieved from /opt/airflow/dags/asia/extract_load_staging_asia.py
[2025-06-02T09:20:22.396+0000] {logging_mixin.py:188} INFO - [2025-06-02T09:20:22.396+0000] {dag.py:3036} INFO - Sync 1 DAGs
[2025-06-02T09:20:22.514+0000] {logging_mixin.py:188} INFO - [2025-06-02T09:20:22.514+0000] {dag.py:3823} INFO - Setting next_dagrun for copy_postgres_table_to_table to 2025-06-02 00:00:00+00:00, run_after=2025-06-03 00:00:00+00:00
[2025-06-02T09:20:22.726+0000] {processor.py:183} INFO - Processing /opt/airflow/dags/asia/extract_load_staging_asia.py took 4.024 seconds
[2025-06-02T09:20:52.816+0000] {processor.py:161} INFO - Started process (PID=175) to work on /opt/airflow/dags/asia/extract_load_staging_asia.py
[2025-06-02T09:20:52.888+0000] {processor.py:830} INFO - Processing file /opt/airflow/dags/asia/extract_load_staging_asia.py for tasks to queue
[2025-06-02T09:20:52.888+0000] {logging_mixin.py:188} INFO - [2025-06-02T09:20:52.888+0000] {dagbag.py:538} INFO - Filling up the DagBag from /opt/airflow/dags/asia/extract_load_staging_asia.py
[2025-06-02T09:20:52.936+0000] {processor.py:840} INFO - DAG(s) 'copy_postgres_table_to_table' retrieved from /opt/airflow/dags/asia/extract_load_staging_asia.py
[2025-06-02T09:20:56.650+0000] {logging_mixin.py:188} INFO - [2025-06-02T09:20:56.650+0000] {dag.py:3036} INFO - Sync 1 DAGs
[2025-06-02T09:20:56.667+0000] {logging_mixin.py:188} INFO - [2025-06-02T09:20:56.666+0000] {dag.py:3823} INFO - Setting next_dagrun for copy_postgres_table_to_table to 2025-06-02 00:00:00+00:00, run_after=2025-06-03 00:00:00+00:00
[2025-06-02T09:20:56.733+0000] {processor.py:183} INFO - Processing /opt/airflow/dags/asia/extract_load_staging_asia.py took 3.919 seconds
[2025-06-02T09:21:26.861+0000] {processor.py:161} INFO - Started process (PID=180) to work on /opt/airflow/dags/asia/extract_load_staging_asia.py
[2025-06-02T09:21:26.890+0000] {processor.py:830} INFO - Processing file /opt/airflow/dags/asia/extract_load_staging_asia.py for tasks to queue
[2025-06-02T09:21:26.891+0000] {logging_mixin.py:188} INFO - [2025-06-02T09:21:26.891+0000] {dagbag.py:538} INFO - Filling up the DagBag from /opt/airflow/dags/asia/extract_load_staging_asia.py
[2025-06-02T09:21:27.403+0000] {processor.py:840} INFO - DAG(s) 'copy_postgres_table_to_table' retrieved from /opt/airflow/dags/asia/extract_load_staging_asia.py
[2025-06-02T09:21:27.425+0000] {logging_mixin.py:188} INFO - [2025-06-02T09:21:27.424+0000] {dag.py:3036} INFO - Sync 1 DAGs
[2025-06-02T09:21:27.443+0000] {logging_mixin.py:188} INFO - [2025-06-02T09:21:27.443+0000] {dag.py:3823} INFO - Setting next_dagrun for copy_postgres_table_to_table to 2025-06-02 00:00:00+00:00, run_after=2025-06-03 00:00:00+00:00
[2025-06-02T09:21:27.539+0000] {processor.py:183} INFO - Processing /opt/airflow/dags/asia/extract_load_staging_asia.py took 0.680 seconds
[2025-06-02T09:21:57.639+0000] {processor.py:161} INFO - Started process (PID=185) to work on /opt/airflow/dags/asia/extract_load_staging_asia.py
[2025-06-02T09:21:58.603+0000] {processor.py:830} INFO - Processing file /opt/airflow/dags/asia/extract_load_staging_asia.py for tasks to queue
[2025-06-02T09:21:58.604+0000] {logging_mixin.py:188} INFO - [2025-06-02T09:21:58.604+0000] {dagbag.py:538} INFO - Filling up the DagBag from /opt/airflow/dags/asia/extract_load_staging_asia.py
[2025-06-02T09:21:58.654+0000] {processor.py:840} INFO - DAG(s) 'copy_postgres_table_to_table' retrieved from /opt/airflow/dags/asia/extract_load_staging_asia.py
[2025-06-02T09:21:58.674+0000] {logging_mixin.py:188} INFO - [2025-06-02T09:21:58.674+0000] {dag.py:3036} INFO - Sync 1 DAGs
[2025-06-02T09:21:58.692+0000] {logging_mixin.py:188} INFO - [2025-06-02T09:21:58.692+0000] {dag.py:3823} INFO - Setting next_dagrun for copy_postgres_table_to_table to 2025-06-02 00:00:00+00:00, run_after=2025-06-03 00:00:00+00:00
[2025-06-02T09:21:59.271+0000] {processor.py:183} INFO - Processing /opt/airflow/dags/asia/extract_load_staging_asia.py took 1.634 seconds
[2025-06-02T09:22:29.365+0000] {processor.py:161} INFO - Started process (PID=190) to work on /opt/airflow/dags/asia/extract_load_staging_asia.py
[2025-06-02T09:22:29.484+0000] {processor.py:830} INFO - Processing file /opt/airflow/dags/asia/extract_load_staging_asia.py for tasks to queue
[2025-06-02T09:22:29.484+0000] {logging_mixin.py:188} INFO - [2025-06-02T09:22:29.484+0000] {dagbag.py:538} INFO - Filling up the DagBag from /opt/airflow/dags/asia/extract_load_staging_asia.py
[2025-06-02T09:22:29.534+0000] {processor.py:840} INFO - DAG(s) 'copy_postgres_table_to_table' retrieved from /opt/airflow/dags/asia/extract_load_staging_asia.py
[2025-06-02T09:22:29.556+0000] {logging_mixin.py:188} INFO - [2025-06-02T09:22:29.556+0000] {dag.py:3036} INFO - Sync 1 DAGs
[2025-06-02T09:22:29.574+0000] {logging_mixin.py:188} INFO - [2025-06-02T09:22:29.573+0000] {dag.py:3823} INFO - Setting next_dagrun for copy_postgres_table_to_table to 2025-06-02 00:00:00+00:00, run_after=2025-06-03 00:00:00+00:00
[2025-06-02T09:22:30.103+0000] {processor.py:183} INFO - Processing /opt/airflow/dags/asia/extract_load_staging_asia.py took 0.740 seconds
[2025-06-02T09:23:00.190+0000] {processor.py:161} INFO - Started process (PID=195) to work on /opt/airflow/dags/asia/extract_load_staging_asia.py
[2025-06-02T09:23:00.286+0000] {processor.py:830} INFO - Processing file /opt/airflow/dags/asia/extract_load_staging_asia.py for tasks to queue
[2025-06-02T09:23:00.287+0000] {logging_mixin.py:188} INFO - [2025-06-02T09:23:00.286+0000] {dagbag.py:538} INFO - Filling up the DagBag from /opt/airflow/dags/asia/extract_load_staging_asia.py
[2025-06-02T09:23:02.268+0000] {processor.py:840} INFO - DAG(s) 'copy_postgres_table_to_table' retrieved from /opt/airflow/dags/asia/extract_load_staging_asia.py
[2025-06-02T09:23:02.346+0000] {logging_mixin.py:188} INFO - [2025-06-02T09:23:02.346+0000] {dag.py:3036} INFO - Sync 1 DAGs
[2025-06-02T09:23:02.368+0000] {logging_mixin.py:188} INFO - [2025-06-02T09:23:02.368+0000] {dag.py:3823} INFO - Setting next_dagrun for copy_postgres_table_to_table to 2025-06-02 00:00:00+00:00, run_after=2025-06-03 00:00:00+00:00
[2025-06-02T09:23:02.627+0000] {processor.py:183} INFO - Processing /opt/airflow/dags/asia/extract_load_staging_asia.py took 2.438 seconds
[2025-06-02T09:23:32.719+0000] {processor.py:161} INFO - Started process (PID=200) to work on /opt/airflow/dags/asia/extract_load_staging_asia.py
[2025-06-02T09:23:32.757+0000] {processor.py:830} INFO - Processing file /opt/airflow/dags/asia/extract_load_staging_asia.py for tasks to queue
[2025-06-02T09:23:32.758+0000] {logging_mixin.py:188} INFO - [2025-06-02T09:23:32.758+0000] {dagbag.py:538} INFO - Filling up the DagBag from /opt/airflow/dags/asia/extract_load_staging_asia.py
[2025-06-02T09:23:34.902+0000] {processor.py:840} INFO - DAG(s) 'copy_postgres_table_to_table' retrieved from /opt/airflow/dags/asia/extract_load_staging_asia.py
[2025-06-02T09:23:35.342+0000] {logging_mixin.py:188} INFO - [2025-06-02T09:23:35.342+0000] {dag.py:3036} INFO - Sync 1 DAGs
[2025-06-02T09:23:35.359+0000] {logging_mixin.py:188} INFO - [2025-06-02T09:23:35.359+0000] {dag.py:3823} INFO - Setting next_dagrun for copy_postgres_table_to_table to 2025-06-02 00:00:00+00:00, run_after=2025-06-03 00:00:00+00:00
[2025-06-02T09:23:35.824+0000] {processor.py:183} INFO - Processing /opt/airflow/dags/asia/extract_load_staging_asia.py took 3.107 seconds
[2025-06-02T09:24:05.923+0000] {processor.py:161} INFO - Started process (PID=205) to work on /opt/airflow/dags/asia/extract_load_staging_asia.py
[2025-06-02T09:24:05.939+0000] {processor.py:830} INFO - Processing file /opt/airflow/dags/asia/extract_load_staging_asia.py for tasks to queue
[2025-06-02T09:24:05.939+0000] {logging_mixin.py:188} INFO - [2025-06-02T09:24:05.939+0000] {dagbag.py:538} INFO - Filling up the DagBag from /opt/airflow/dags/asia/extract_load_staging_asia.py
[2025-06-02T09:24:06.000+0000] {processor.py:840} INFO - DAG(s) 'copy_postgres_table_to_table' retrieved from /opt/airflow/dags/asia/extract_load_staging_asia.py
[2025-06-02T09:24:06.032+0000] {logging_mixin.py:188} INFO - [2025-06-02T09:24:06.032+0000] {dag.py:3036} INFO - Sync 1 DAGs
[2025-06-02T09:24:06.051+0000] {logging_mixin.py:188} INFO - [2025-06-02T09:24:06.050+0000] {dag.py:3823} INFO - Setting next_dagrun for copy_postgres_table_to_table to 2025-06-02 00:00:00+00:00, run_after=2025-06-03 00:00:00+00:00
[2025-06-02T09:24:06.734+0000] {processor.py:183} INFO - Processing /opt/airflow/dags/asia/extract_load_staging_asia.py took 0.817 seconds
[2025-06-02T09:24:36.851+0000] {processor.py:161} INFO - Started process (PID=210) to work on /opt/airflow/dags/asia/extract_load_staging_asia.py
[2025-06-02T09:24:36.879+0000] {processor.py:830} INFO - Processing file /opt/airflow/dags/asia/extract_load_staging_asia.py for tasks to queue
[2025-06-02T09:24:36.880+0000] {logging_mixin.py:188} INFO - [2025-06-02T09:24:36.880+0000] {dagbag.py:538} INFO - Filling up the DagBag from /opt/airflow/dags/asia/extract_load_staging_asia.py
[2025-06-02T09:24:37.145+0000] {processor.py:840} INFO - DAG(s) 'copy_postgres_table_to_table' retrieved from /opt/airflow/dags/asia/extract_load_staging_asia.py
[2025-06-02T09:24:37.169+0000] {logging_mixin.py:188} INFO - [2025-06-02T09:24:37.169+0000] {dag.py:3036} INFO - Sync 1 DAGs
[2025-06-02T09:24:37.189+0000] {logging_mixin.py:188} INFO - [2025-06-02T09:24:37.189+0000] {dag.py:3823} INFO - Setting next_dagrun for copy_postgres_table_to_table to 2025-06-02 00:00:00+00:00, run_after=2025-06-03 00:00:00+00:00
[2025-06-02T09:24:37.234+0000] {processor.py:183} INFO - Processing /opt/airflow/dags/asia/extract_load_staging_asia.py took 0.385 seconds
[2025-06-02T09:25:07.333+0000] {processor.py:161} INFO - Started process (PID=215) to work on /opt/airflow/dags/asia/extract_load_staging_asia.py
[2025-06-02T09:25:07.389+0000] {processor.py:830} INFO - Processing file /opt/airflow/dags/asia/extract_load_staging_asia.py for tasks to queue
[2025-06-02T09:25:07.390+0000] {logging_mixin.py:188} INFO - [2025-06-02T09:25:07.390+0000] {dagbag.py:538} INFO - Filling up the DagBag from /opt/airflow/dags/asia/extract_load_staging_asia.py
[2025-06-02T09:25:07.454+0000] {processor.py:840} INFO - DAG(s) 'copy_postgres_table_to_table' retrieved from /opt/airflow/dags/asia/extract_load_staging_asia.py
[2025-06-02T09:25:07.923+0000] {logging_mixin.py:188} INFO - [2025-06-02T09:25:07.923+0000] {dag.py:3036} INFO - Sync 1 DAGs
[2025-06-02T09:25:07.946+0000] {logging_mixin.py:188} INFO - [2025-06-02T09:25:07.946+0000] {dag.py:3823} INFO - Setting next_dagrun for copy_postgres_table_to_table to 2025-06-02 00:00:00+00:00, run_after=2025-06-03 00:00:00+00:00
[2025-06-02T09:25:08.017+0000] {processor.py:183} INFO - Processing /opt/airflow/dags/asia/extract_load_staging_asia.py took 0.686 seconds
[2025-06-02T09:25:38.368+0000] {processor.py:161} INFO - Started process (PID=220) to work on /opt/airflow/dags/asia/extract_load_staging_asia.py
[2025-06-02T09:25:38.406+0000] {processor.py:830} INFO - Processing file /opt/airflow/dags/asia/extract_load_staging_asia.py for tasks to queue
[2025-06-02T09:25:38.407+0000] {logging_mixin.py:188} INFO - [2025-06-02T09:25:38.406+0000] {dagbag.py:538} INFO - Filling up the DagBag from /opt/airflow/dags/asia/extract_load_staging_asia.py
[2025-06-02T09:25:38.461+0000] {processor.py:840} INFO - DAG(s) 'copy_postgres_table_to_table' retrieved from /opt/airflow/dags/asia/extract_load_staging_asia.py
[2025-06-02T09:25:38.487+0000] {logging_mixin.py:188} INFO - [2025-06-02T09:25:38.487+0000] {dag.py:3036} INFO - Sync 1 DAGs
[2025-06-02T09:25:38.512+0000] {logging_mixin.py:188} INFO - [2025-06-02T09:25:38.511+0000] {dag.py:3823} INFO - Setting next_dagrun for copy_postgres_table_to_table to 2025-06-02 00:00:00+00:00, run_after=2025-06-03 00:00:00+00:00
[2025-06-02T09:25:38.571+0000] {processor.py:183} INFO - Processing /opt/airflow/dags/asia/extract_load_staging_asia.py took 0.205 seconds
[2025-06-02T09:26:08.669+0000] {processor.py:161} INFO - Started process (PID=225) to work on /opt/airflow/dags/asia/extract_load_staging_asia.py
[2025-06-02T09:26:08.675+0000] {processor.py:830} INFO - Processing file /opt/airflow/dags/asia/extract_load_staging_asia.py for tasks to queue
[2025-06-02T09:26:08.676+0000] {logging_mixin.py:188} INFO - [2025-06-02T09:26:08.675+0000] {dagbag.py:538} INFO - Filling up the DagBag from /opt/airflow/dags/asia/extract_load_staging_asia.py
[2025-06-02T09:26:08.725+0000] {processor.py:840} INFO - DAG(s) 'copy_postgres_table_to_table' retrieved from /opt/airflow/dags/asia/extract_load_staging_asia.py
[2025-06-02T09:26:08.747+0000] {logging_mixin.py:188} INFO - [2025-06-02T09:26:08.747+0000] {dag.py:3036} INFO - Sync 1 DAGs
[2025-06-02T09:26:08.765+0000] {logging_mixin.py:188} INFO - [2025-06-02T09:26:08.765+0000] {dag.py:3823} INFO - Setting next_dagrun for copy_postgres_table_to_table to 2025-06-02 00:00:00+00:00, run_after=2025-06-03 00:00:00+00:00
[2025-06-02T09:26:08.788+0000] {processor.py:183} INFO - Processing /opt/airflow/dags/asia/extract_load_staging_asia.py took 0.121 seconds
[2025-06-02T09:26:38.887+0000] {processor.py:161} INFO - Started process (PID=230) to work on /opt/airflow/dags/asia/extract_load_staging_asia.py
[2025-06-02T09:26:39.439+0000] {processor.py:830} INFO - Processing file /opt/airflow/dags/asia/extract_load_staging_asia.py for tasks to queue
[2025-06-02T09:26:39.440+0000] {logging_mixin.py:188} INFO - [2025-06-02T09:26:39.440+0000] {dagbag.py:538} INFO - Filling up the DagBag from /opt/airflow/dags/asia/extract_load_staging_asia.py
[2025-06-02T09:26:39.492+0000] {processor.py:840} INFO - DAG(s) 'copy_postgres_table_to_table' retrieved from /opt/airflow/dags/asia/extract_load_staging_asia.py
[2025-06-02T09:26:39.513+0000] {logging_mixin.py:188} INFO - [2025-06-02T09:26:39.512+0000] {dag.py:3036} INFO - Sync 1 DAGs
[2025-06-02T09:26:39.530+0000] {logging_mixin.py:188} INFO - [2025-06-02T09:26:39.530+0000] {dag.py:3823} INFO - Setting next_dagrun for copy_postgres_table_to_table to 2025-06-02 00:00:00+00:00, run_after=2025-06-03 00:00:00+00:00
[2025-06-02T09:26:40.326+0000] {processor.py:183} INFO - Processing /opt/airflow/dags/asia/extract_load_staging_asia.py took 1.441 seconds
[2025-06-02T09:27:10.427+0000] {processor.py:161} INFO - Started process (PID=235) to work on /opt/airflow/dags/asia/extract_load_staging_asia.py
[2025-06-02T09:27:10.431+0000] {processor.py:830} INFO - Processing file /opt/airflow/dags/asia/extract_load_staging_asia.py for tasks to queue
[2025-06-02T09:27:10.432+0000] {logging_mixin.py:188} INFO - [2025-06-02T09:27:10.432+0000] {dagbag.py:538} INFO - Filling up the DagBag from /opt/airflow/dags/asia/extract_load_staging_asia.py
[2025-06-02T09:27:10.481+0000] {processor.py:840} INFO - DAG(s) 'copy_postgres_table_to_table' retrieved from /opt/airflow/dags/asia/extract_load_staging_asia.py
[2025-06-02T09:27:10.502+0000] {logging_mixin.py:188} INFO - [2025-06-02T09:27:10.502+0000] {dag.py:3036} INFO - Sync 1 DAGs
[2025-06-02T09:27:10.520+0000] {logging_mixin.py:188} INFO - [2025-06-02T09:27:10.520+0000] {dag.py:3823} INFO - Setting next_dagrun for copy_postgres_table_to_table to 2025-06-02 00:00:00+00:00, run_after=2025-06-03 00:00:00+00:00
[2025-06-02T09:27:11.297+0000] {processor.py:183} INFO - Processing /opt/airflow/dags/asia/extract_load_staging_asia.py took 0.871 seconds
[2025-06-02T09:27:41.397+0000] {processor.py:161} INFO - Started process (PID=240) to work on /opt/airflow/dags/asia/extract_load_staging_asia.py
[2025-06-02T09:27:41.535+0000] {processor.py:830} INFO - Processing file /opt/airflow/dags/asia/extract_load_staging_asia.py for tasks to queue
[2025-06-02T09:27:41.536+0000] {logging_mixin.py:188} INFO - [2025-06-02T09:27:41.535+0000] {dagbag.py:538} INFO - Filling up the DagBag from /opt/airflow/dags/asia/extract_load_staging_asia.py
[2025-06-02T09:27:41.587+0000] {processor.py:840} INFO - DAG(s) 'copy_postgres_table_to_table' retrieved from /opt/airflow/dags/asia/extract_load_staging_asia.py
[2025-06-02T09:27:41.608+0000] {logging_mixin.py:188} INFO - [2025-06-02T09:27:41.608+0000] {dag.py:3036} INFO - Sync 1 DAGs
[2025-06-02T09:27:41.626+0000] {logging_mixin.py:188} INFO - [2025-06-02T09:27:41.626+0000] {dag.py:3823} INFO - Setting next_dagrun for copy_postgres_table_to_table to 2025-06-02 00:00:00+00:00, run_after=2025-06-03 00:00:00+00:00
[2025-06-02T09:27:41.651+0000] {processor.py:183} INFO - Processing /opt/airflow/dags/asia/extract_load_staging_asia.py took 0.256 seconds
[2025-06-02T09:28:11.750+0000] {processor.py:161} INFO - Started process (PID=245) to work on /opt/airflow/dags/asia/extract_load_staging_asia.py
[2025-06-02T09:28:11.757+0000] {processor.py:830} INFO - Processing file /opt/airflow/dags/asia/extract_load_staging_asia.py for tasks to queue
[2025-06-02T09:28:11.758+0000] {logging_mixin.py:188} INFO - [2025-06-02T09:28:11.757+0000] {dagbag.py:538} INFO - Filling up the DagBag from /opt/airflow/dags/asia/extract_load_staging_asia.py
[2025-06-02T09:28:11.811+0000] {processor.py:840} INFO - DAG(s) 'copy_postgres_table_to_table' retrieved from /opt/airflow/dags/asia/extract_load_staging_asia.py
[2025-06-02T09:28:11.833+0000] {logging_mixin.py:188} INFO - [2025-06-02T09:28:11.833+0000] {dag.py:3036} INFO - Sync 1 DAGs
[2025-06-02T09:28:11.850+0000] {logging_mixin.py:188} INFO - [2025-06-02T09:28:11.850+0000] {dag.py:3823} INFO - Setting next_dagrun for copy_postgres_table_to_table to 2025-06-02 00:00:00+00:00, run_after=2025-06-03 00:00:00+00:00
[2025-06-02T09:28:12.055+0000] {processor.py:183} INFO - Processing /opt/airflow/dags/asia/extract_load_staging_asia.py took 0.307 seconds
[2025-06-02T09:28:42.153+0000] {processor.py:161} INFO - Started process (PID=250) to work on /opt/airflow/dags/asia/extract_load_staging_asia.py
[2025-06-02T09:28:42.220+0000] {processor.py:830} INFO - Processing file /opt/airflow/dags/asia/extract_load_staging_asia.py for tasks to queue
[2025-06-02T09:28:42.221+0000] {logging_mixin.py:188} INFO - [2025-06-02T09:28:42.221+0000] {dagbag.py:538} INFO - Filling up the DagBag from /opt/airflow/dags/asia/extract_load_staging_asia.py
[2025-06-02T09:28:42.282+0000] {processor.py:840} INFO - DAG(s) 'copy_postgres_table_to_table' retrieved from /opt/airflow/dags/asia/extract_load_staging_asia.py
[2025-06-02T09:28:42.307+0000] {logging_mixin.py:188} INFO - [2025-06-02T09:28:42.306+0000] {dag.py:3036} INFO - Sync 1 DAGs
[2025-06-02T09:28:42.326+0000] {logging_mixin.py:188} INFO - [2025-06-02T09:28:42.326+0000] {dag.py:3823} INFO - Setting next_dagrun for copy_postgres_table_to_table to 2025-06-02 00:00:00+00:00, run_after=2025-06-03 00:00:00+00:00
[2025-06-02T09:28:42.423+0000] {processor.py:183} INFO - Processing /opt/airflow/dags/asia/extract_load_staging_asia.py took 0.272 seconds
[2025-06-02T09:29:12.519+0000] {processor.py:161} INFO - Started process (PID=255) to work on /opt/airflow/dags/asia/extract_load_staging_asia.py
[2025-06-02T09:29:12.529+0000] {processor.py:830} INFO - Processing file /opt/airflow/dags/asia/extract_load_staging_asia.py for tasks to queue
[2025-06-02T09:29:12.529+0000] {logging_mixin.py:188} INFO - [2025-06-02T09:29:12.529+0000] {dagbag.py:538} INFO - Filling up the DagBag from /opt/airflow/dags/asia/extract_load_staging_asia.py
[2025-06-02T09:29:12.583+0000] {processor.py:840} INFO - DAG(s) 'copy_postgres_table_to_table' retrieved from /opt/airflow/dags/asia/extract_load_staging_asia.py
[2025-06-02T09:29:12.613+0000] {logging_mixin.py:188} INFO - [2025-06-02T09:29:12.613+0000] {dag.py:3036} INFO - Sync 1 DAGs
[2025-06-02T09:29:12.632+0000] {logging_mixin.py:188} INFO - [2025-06-02T09:29:12.631+0000] {dag.py:3823} INFO - Setting next_dagrun for copy_postgres_table_to_table to 2025-06-02 00:00:00+00:00, run_after=2025-06-03 00:00:00+00:00
[2025-06-02T09:29:12.660+0000] {processor.py:183} INFO - Processing /opt/airflow/dags/asia/extract_load_staging_asia.py took 0.143 seconds
[2025-06-02T09:29:42.757+0000] {processor.py:161} INFO - Started process (PID=260) to work on /opt/airflow/dags/asia/extract_load_staging_asia.py
[2025-06-02T09:29:43.354+0000] {processor.py:830} INFO - Processing file /opt/airflow/dags/asia/extract_load_staging_asia.py for tasks to queue
[2025-06-02T09:29:43.355+0000] {logging_mixin.py:188} INFO - [2025-06-02T09:29:43.355+0000] {dagbag.py:538} INFO - Filling up the DagBag from /opt/airflow/dags/asia/extract_load_staging_asia.py
[2025-06-02T09:29:43.405+0000] {processor.py:840} INFO - DAG(s) 'copy_postgres_table_to_table' retrieved from /opt/airflow/dags/asia/extract_load_staging_asia.py
[2025-06-02T09:29:43.426+0000] {logging_mixin.py:188} INFO - [2025-06-02T09:29:43.426+0000] {dag.py:3036} INFO - Sync 1 DAGs
[2025-06-02T09:29:43.444+0000] {logging_mixin.py:188} INFO - [2025-06-02T09:29:43.444+0000] {dag.py:3823} INFO - Setting next_dagrun for copy_postgres_table_to_table to 2025-06-02 00:00:00+00:00, run_after=2025-06-03 00:00:00+00:00
[2025-06-02T09:29:43.570+0000] {processor.py:183} INFO - Processing /opt/airflow/dags/asia/extract_load_staging_asia.py took 0.815 seconds
[2025-06-02T09:30:13.687+0000] {processor.py:161} INFO - Started process (PID=265) to work on /opt/airflow/dags/asia/extract_load_staging_asia.py
[2025-06-02T09:30:13.698+0000] {processor.py:830} INFO - Processing file /opt/airflow/dags/asia/extract_load_staging_asia.py for tasks to queue
[2025-06-02T09:30:13.698+0000] {logging_mixin.py:188} INFO - [2025-06-02T09:30:13.698+0000] {dagbag.py:538} INFO - Filling up the DagBag from /opt/airflow/dags/asia/extract_load_staging_asia.py
[2025-06-02T09:30:13.747+0000] {processor.py:840} INFO - DAG(s) 'copy_postgres_table_to_table' retrieved from /opt/airflow/dags/asia/extract_load_staging_asia.py
[2025-06-02T09:30:13.769+0000] {logging_mixin.py:188} INFO - [2025-06-02T09:30:13.769+0000] {dag.py:3036} INFO - Sync 1 DAGs
[2025-06-02T09:30:13.787+0000] {logging_mixin.py:188} INFO - [2025-06-02T09:30:13.787+0000] {dag.py:3823} INFO - Setting next_dagrun for copy_postgres_table_to_table to 2025-06-02 00:00:00+00:00, run_after=2025-06-03 00:00:00+00:00
[2025-06-02T09:30:13.816+0000] {processor.py:183} INFO - Processing /opt/airflow/dags/asia/extract_load_staging_asia.py took 0.130 seconds
[2025-06-02T09:30:43.909+0000] {processor.py:161} INFO - Started process (PID=270) to work on /opt/airflow/dags/asia/extract_load_staging_asia.py
[2025-06-02T09:30:43.918+0000] {processor.py:830} INFO - Processing file /opt/airflow/dags/asia/extract_load_staging_asia.py for tasks to queue
[2025-06-02T09:30:43.918+0000] {logging_mixin.py:188} INFO - [2025-06-02T09:30:43.918+0000] {dagbag.py:538} INFO - Filling up the DagBag from /opt/airflow/dags/asia/extract_load_staging_asia.py
[2025-06-02T09:30:43.972+0000] {processor.py:840} INFO - DAG(s) 'copy_postgres_table_to_table' retrieved from /opt/airflow/dags/asia/extract_load_staging_asia.py
[2025-06-02T09:30:43.995+0000] {logging_mixin.py:188} INFO - [2025-06-02T09:30:43.994+0000] {dag.py:3036} INFO - Sync 1 DAGs
[2025-06-02T09:30:44.015+0000] {logging_mixin.py:188} INFO - [2025-06-02T09:30:44.014+0000] {dag.py:3823} INFO - Setting next_dagrun for copy_postgres_table_to_table to 2025-06-02 00:00:00+00:00, run_after=2025-06-03 00:00:00+00:00
[2025-06-02T09:30:44.140+0000] {processor.py:183} INFO - Processing /opt/airflow/dags/asia/extract_load_staging_asia.py took 0.233 seconds
[2025-06-02T09:31:14.237+0000] {processor.py:161} INFO - Started process (PID=275) to work on /opt/airflow/dags/asia/extract_load_staging_asia.py
[2025-06-02T09:31:14.242+0000] {processor.py:830} INFO - Processing file /opt/airflow/dags/asia/extract_load_staging_asia.py for tasks to queue
[2025-06-02T09:31:14.243+0000] {logging_mixin.py:188} INFO - [2025-06-02T09:31:14.242+0000] {dagbag.py:538} INFO - Filling up the DagBag from /opt/airflow/dags/asia/extract_load_staging_asia.py
[2025-06-02T09:31:14.294+0000] {processor.py:840} INFO - DAG(s) 'copy_postgres_table_to_table' retrieved from /opt/airflow/dags/asia/extract_load_staging_asia.py
[2025-06-02T09:31:14.316+0000] {logging_mixin.py:188} INFO - [2025-06-02T09:31:14.316+0000] {dag.py:3036} INFO - Sync 1 DAGs
[2025-06-02T09:31:14.333+0000] {logging_mixin.py:188} INFO - [2025-06-02T09:31:14.333+0000] {dag.py:3823} INFO - Setting next_dagrun for copy_postgres_table_to_table to 2025-06-02 00:00:00+00:00, run_after=2025-06-03 00:00:00+00:00
[2025-06-02T09:31:15.167+0000] {processor.py:183} INFO - Processing /opt/airflow/dags/asia/extract_load_staging_asia.py took 0.931 seconds
[2025-06-02T09:31:45.265+0000] {processor.py:161} INFO - Started process (PID=280) to work on /opt/airflow/dags/asia/extract_load_staging_asia.py
[2025-06-02T09:31:45.876+0000] {processor.py:830} INFO - Processing file /opt/airflow/dags/asia/extract_load_staging_asia.py for tasks to queue
[2025-06-02T09:31:45.877+0000] {logging_mixin.py:188} INFO - [2025-06-02T09:31:45.877+0000] {dagbag.py:538} INFO - Filling up the DagBag from /opt/airflow/dags/asia/extract_load_staging_asia.py
[2025-06-02T09:31:45.934+0000] {processor.py:840} INFO - DAG(s) 'copy_postgres_table_to_table' retrieved from /opt/airflow/dags/asia/extract_load_staging_asia.py
[2025-06-02T09:31:45.957+0000] {logging_mixin.py:188} INFO - [2025-06-02T09:31:45.956+0000] {dag.py:3036} INFO - Sync 1 DAGs
[2025-06-02T09:31:45.975+0000] {logging_mixin.py:188} INFO - [2025-06-02T09:31:45.975+0000] {dag.py:3823} INFO - Setting next_dagrun for copy_postgres_table_to_table to 2025-06-02 00:00:00+00:00, run_after=2025-06-03 00:00:00+00:00
[2025-06-02T09:31:46.034+0000] {processor.py:183} INFO - Processing /opt/airflow/dags/asia/extract_load_staging_asia.py took 0.771 seconds
[2025-06-02T09:32:16.146+0000] {processor.py:161} INFO - Started process (PID=285) to work on /opt/airflow/dags/asia/extract_load_staging_asia.py
[2025-06-02T09:32:16.179+0000] {processor.py:830} INFO - Processing file /opt/airflow/dags/asia/extract_load_staging_asia.py for tasks to queue
[2025-06-02T09:32:16.180+0000] {logging_mixin.py:188} INFO - [2025-06-02T09:32:16.179+0000] {dagbag.py:538} INFO - Filling up the DagBag from /opt/airflow/dags/asia/extract_load_staging_asia.py
[2025-06-02T09:32:16.230+0000] {processor.py:840} INFO - DAG(s) 'copy_postgres_table_to_table' retrieved from /opt/airflow/dags/asia/extract_load_staging_asia.py
[2025-06-02T09:32:16.251+0000] {logging_mixin.py:188} INFO - [2025-06-02T09:32:16.251+0000] {dag.py:3036} INFO - Sync 1 DAGs
[2025-06-02T09:32:16.268+0000] {logging_mixin.py:188} INFO - [2025-06-02T09:32:16.268+0000] {dag.py:3823} INFO - Setting next_dagrun for copy_postgres_table_to_table to 2025-06-02 00:00:00+00:00, run_after=2025-06-03 00:00:00+00:00
[2025-06-02T09:32:17.246+0000] {processor.py:183} INFO - Processing /opt/airflow/dags/asia/extract_load_staging_asia.py took 1.102 seconds
[2025-06-02T09:32:47.419+0000] {processor.py:161} INFO - Started process (PID=290) to work on /opt/airflow/dags/asia/extract_load_staging_asia.py
[2025-06-02T09:32:48.051+0000] {processor.py:830} INFO - Processing file /opt/airflow/dags/asia/extract_load_staging_asia.py for tasks to queue
[2025-06-02T09:32:48.052+0000] {logging_mixin.py:188} INFO - [2025-06-02T09:32:48.052+0000] {dagbag.py:538} INFO - Filling up the DagBag from /opt/airflow/dags/asia/extract_load_staging_asia.py
[2025-06-02T09:32:48.106+0000] {processor.py:840} INFO - DAG(s) 'copy_postgres_table_to_table' retrieved from /opt/airflow/dags/asia/extract_load_staging_asia.py
[2025-06-02T09:32:48.129+0000] {logging_mixin.py:188} INFO - [2025-06-02T09:32:48.129+0000] {dag.py:3036} INFO - Sync 1 DAGs
[2025-06-02T09:32:48.166+0000] {logging_mixin.py:188} INFO - [2025-06-02T09:32:48.166+0000] {dag.py:3823} INFO - Setting next_dagrun for copy_postgres_table_to_table to 2025-06-02 00:00:00+00:00, run_after=2025-06-03 00:00:00+00:00
[2025-06-02T09:32:48.263+0000] {processor.py:183} INFO - Processing /opt/airflow/dags/asia/extract_load_staging_asia.py took 0.845 seconds
[2025-06-02T09:33:18.357+0000] {processor.py:161} INFO - Started process (PID=295) to work on /opt/airflow/dags/asia/extract_load_staging_asia.py
[2025-06-02T09:33:18.895+0000] {processor.py:830} INFO - Processing file /opt/airflow/dags/asia/extract_load_staging_asia.py for tasks to queue
[2025-06-02T09:33:18.896+0000] {logging_mixin.py:188} INFO - [2025-06-02T09:33:18.895+0000] {dagbag.py:538} INFO - Filling up the DagBag from /opt/airflow/dags/asia/extract_load_staging_asia.py
[2025-06-02T09:33:18.960+0000] {processor.py:840} INFO - DAG(s) 'copy_postgres_table_to_table' retrieved from /opt/airflow/dags/asia/extract_load_staging_asia.py
[2025-06-02T09:33:18.985+0000] {logging_mixin.py:188} INFO - [2025-06-02T09:33:18.985+0000] {dag.py:3036} INFO - Sync 1 DAGs
[2025-06-02T09:33:19.008+0000] {logging_mixin.py:188} INFO - [2025-06-02T09:33:19.008+0000] {dag.py:3823} INFO - Setting next_dagrun for copy_postgres_table_to_table to 2025-06-02 00:00:00+00:00, run_after=2025-06-03 00:00:00+00:00
[2025-06-02T09:33:19.075+0000] {processor.py:183} INFO - Processing /opt/airflow/dags/asia/extract_load_staging_asia.py took 0.720 seconds
[2025-06-02T09:33:49.184+0000] {processor.py:161} INFO - Started process (PID=300) to work on /opt/airflow/dags/asia/extract_load_staging_asia.py
[2025-06-02T09:33:49.413+0000] {processor.py:830} INFO - Processing file /opt/airflow/dags/asia/extract_load_staging_asia.py for tasks to queue
[2025-06-02T09:33:49.414+0000] {logging_mixin.py:188} INFO - [2025-06-02T09:33:49.414+0000] {dagbag.py:538} INFO - Filling up the DagBag from /opt/airflow/dags/asia/extract_load_staging_asia.py
[2025-06-02T09:33:49.472+0000] {processor.py:840} INFO - DAG(s) 'copy_postgres_table_to_table' retrieved from /opt/airflow/dags/asia/extract_load_staging_asia.py
[2025-06-02T09:33:49.495+0000] {logging_mixin.py:188} INFO - [2025-06-02T09:33:49.495+0000] {dag.py:3036} INFO - Sync 1 DAGs
[2025-06-02T09:33:49.512+0000] {logging_mixin.py:188} INFO - [2025-06-02T09:33:49.512+0000] {dag.py:3823} INFO - Setting next_dagrun for copy_postgres_table_to_table to 2025-06-02 00:00:00+00:00, run_after=2025-06-03 00:00:00+00:00
[2025-06-02T09:33:49.542+0000] {processor.py:183} INFO - Processing /opt/airflow/dags/asia/extract_load_staging_asia.py took 0.359 seconds
[2025-06-02T09:34:19.636+0000] {processor.py:161} INFO - Started process (PID=305) to work on /opt/airflow/dags/asia/extract_load_staging_asia.py
[2025-06-02T09:34:19.747+0000] {processor.py:830} INFO - Processing file /opt/airflow/dags/asia/extract_load_staging_asia.py for tasks to queue
[2025-06-02T09:34:19.749+0000] {logging_mixin.py:188} INFO - [2025-06-02T09:34:19.748+0000] {dagbag.py:538} INFO - Filling up the DagBag from /opt/airflow/dags/asia/extract_load_staging_asia.py
[2025-06-02T09:34:19.800+0000] {processor.py:840} INFO - DAG(s) 'copy_postgres_table_to_table' retrieved from /opt/airflow/dags/asia/extract_load_staging_asia.py
[2025-06-02T09:34:19.822+0000] {logging_mixin.py:188} INFO - [2025-06-02T09:34:19.822+0000] {dag.py:3036} INFO - Sync 1 DAGs
[2025-06-02T09:34:19.839+0000] {logging_mixin.py:188} INFO - [2025-06-02T09:34:19.839+0000] {dag.py:3823} INFO - Setting next_dagrun for copy_postgres_table_to_table to 2025-06-02 00:00:00+00:00, run_after=2025-06-03 00:00:00+00:00
[2025-06-02T09:34:19.861+0000] {processor.py:183} INFO - Processing /opt/airflow/dags/asia/extract_load_staging_asia.py took 0.226 seconds
[2025-06-02T09:34:49.960+0000] {processor.py:161} INFO - Started process (PID=310) to work on /opt/airflow/dags/asia/extract_load_staging_asia.py
[2025-06-02T09:34:50.124+0000] {processor.py:830} INFO - Processing file /opt/airflow/dags/asia/extract_load_staging_asia.py for tasks to queue
[2025-06-02T09:34:50.125+0000] {logging_mixin.py:188} INFO - [2025-06-02T09:34:50.125+0000] {dagbag.py:538} INFO - Filling up the DagBag from /opt/airflow/dags/asia/extract_load_staging_asia.py
[2025-06-02T09:34:50.177+0000] {processor.py:840} INFO - DAG(s) 'copy_postgres_table_to_table' retrieved from /opt/airflow/dags/asia/extract_load_staging_asia.py
[2025-06-02T09:34:50.198+0000] {logging_mixin.py:188} INFO - [2025-06-02T09:34:50.198+0000] {dag.py:3036} INFO - Sync 1 DAGs
[2025-06-02T09:34:50.215+0000] {logging_mixin.py:188} INFO - [2025-06-02T09:34:50.215+0000] {dag.py:3823} INFO - Setting next_dagrun for copy_postgres_table_to_table to 2025-06-02 00:00:00+00:00, run_after=2025-06-03 00:00:00+00:00
[2025-06-02T09:34:50.795+0000] {processor.py:183} INFO - Processing /opt/airflow/dags/asia/extract_load_staging_asia.py took 0.838 seconds
[2025-06-02T09:35:20.841+0000] {processor.py:161} INFO - Started process (PID=315) to work on /opt/airflow/dags/asia/extract_load_staging_asia.py
[2025-06-02T09:35:20.867+0000] {processor.py:830} INFO - Processing file /opt/airflow/dags/asia/extract_load_staging_asia.py for tasks to queue
[2025-06-02T09:35:20.868+0000] {logging_mixin.py:188} INFO - [2025-06-02T09:35:20.868+0000] {dagbag.py:538} INFO - Filling up the DagBag from /opt/airflow/dags/asia/extract_load_staging_asia.py
[2025-06-02T09:35:20.935+0000] {processor.py:840} INFO - DAG(s) 'copy_postgres_table_to_table' retrieved from /opt/airflow/dags/asia/extract_load_staging_asia.py
[2025-06-02T09:35:20.959+0000] {logging_mixin.py:188} INFO - [2025-06-02T09:35:20.959+0000] {dag.py:3036} INFO - Sync 1 DAGs
[2025-06-02T09:35:20.981+0000] {logging_mixin.py:188} INFO - [2025-06-02T09:35:20.981+0000] {dag.py:3823} INFO - Setting next_dagrun for copy_postgres_table_to_table to 2025-06-02 00:00:00+00:00, run_after=2025-06-03 00:00:00+00:00
[2025-06-02T09:35:21.034+0000] {processor.py:183} INFO - Processing /opt/airflow/dags/asia/extract_load_staging_asia.py took 0.195 seconds
[2025-06-02T09:38:50.845+0000] {processor.py:161} INFO - Started process (PID=168) to work on /opt/airflow/dags/asia/extract_load_staging_asia.py
[2025-06-02T09:38:51.024+0000] {processor.py:830} INFO - Processing file /opt/airflow/dags/asia/extract_load_staging_asia.py for tasks to queue
[2025-06-02T09:38:51.025+0000] {logging_mixin.py:188} INFO - [2025-06-02T09:38:51.024+0000] {dagbag.py:538} INFO - Filling up the DagBag from /opt/airflow/dags/asia/extract_load_staging_asia.py
[2025-06-02T09:38:52.193+0000] {processor.py:840} INFO - DAG(s) 'copy_postgres_table_to_table' retrieved from /opt/airflow/dags/asia/extract_load_staging_asia.py
[2025-06-02T09:38:52.465+0000] {logging_mixin.py:188} INFO - [2025-06-02T09:38:52.464+0000] {dag.py:3036} INFO - Sync 1 DAGs
[2025-06-02T09:38:52.482+0000] {logging_mixin.py:188} INFO - [2025-06-02T09:38:52.482+0000] {dag.py:3823} INFO - Setting next_dagrun for copy_postgres_table_to_table to 2025-06-02 00:00:00+00:00, run_after=2025-06-03 00:00:00+00:00
[2025-06-02T09:38:52.646+0000] {processor.py:183} INFO - Processing /opt/airflow/dags/asia/extract_load_staging_asia.py took 1.803 seconds
[2025-06-02T09:39:22.792+0000] {processor.py:161} INFO - Started process (PID=173) to work on /opt/airflow/dags/asia/extract_load_staging_asia.py
[2025-06-02T09:39:22.803+0000] {processor.py:830} INFO - Processing file /opt/airflow/dags/asia/extract_load_staging_asia.py for tasks to queue
[2025-06-02T09:39:22.804+0000] {logging_mixin.py:188} INFO - [2025-06-02T09:39:22.804+0000] {dagbag.py:538} INFO - Filling up the DagBag from /opt/airflow/dags/asia/extract_load_staging_asia.py
[2025-06-02T09:39:22.858+0000] {processor.py:840} INFO - DAG(s) 'copy_postgres_table_to_table' retrieved from /opt/airflow/dags/asia/extract_load_staging_asia.py
[2025-06-02T09:39:26.147+0000] {logging_mixin.py:188} INFO - [2025-06-02T09:39:26.147+0000] {dag.py:3036} INFO - Sync 1 DAGs
[2025-06-02T09:39:26.165+0000] {logging_mixin.py:188} INFO - [2025-06-02T09:39:26.165+0000] {dag.py:3823} INFO - Setting next_dagrun for copy_postgres_table_to_table to 2025-06-02 00:00:00+00:00, run_after=2025-06-03 00:00:00+00:00
[2025-06-02T09:39:26.213+0000] {processor.py:183} INFO - Processing /opt/airflow/dags/asia/extract_load_staging_asia.py took 3.423 seconds
[2025-06-02T09:39:56.311+0000] {processor.py:161} INFO - Started process (PID=178) to work on /opt/airflow/dags/asia/extract_load_staging_asia.py
[2025-06-02T09:39:56.331+0000] {processor.py:830} INFO - Processing file /opt/airflow/dags/asia/extract_load_staging_asia.py for tasks to queue
[2025-06-02T09:39:56.331+0000] {logging_mixin.py:188} INFO - [2025-06-02T09:39:56.331+0000] {dagbag.py:538} INFO - Filling up the DagBag from /opt/airflow/dags/asia/extract_load_staging_asia.py
[2025-06-02T09:39:56.383+0000] {processor.py:840} INFO - DAG(s) 'copy_postgres_table_to_table' retrieved from /opt/airflow/dags/asia/extract_load_staging_asia.py
[2025-06-02T09:39:56.404+0000] {logging_mixin.py:188} INFO - [2025-06-02T09:39:56.404+0000] {dag.py:3036} INFO - Sync 1 DAGs
[2025-06-02T09:39:56.423+0000] {logging_mixin.py:188} INFO - [2025-06-02T09:39:56.423+0000] {dag.py:3823} INFO - Setting next_dagrun for copy_postgres_table_to_table to 2025-06-02 00:00:00+00:00, run_after=2025-06-03 00:00:00+00:00
[2025-06-02T09:39:56.472+0000] {processor.py:183} INFO - Processing /opt/airflow/dags/asia/extract_load_staging_asia.py took 0.163 seconds
[2025-06-02T09:40:26.567+0000] {processor.py:161} INFO - Started process (PID=183) to work on /opt/airflow/dags/asia/extract_load_staging_asia.py
[2025-06-02T09:40:27.126+0000] {processor.py:830} INFO - Processing file /opt/airflow/dags/asia/extract_load_staging_asia.py for tasks to queue
[2025-06-02T09:40:27.127+0000] {logging_mixin.py:188} INFO - [2025-06-02T09:40:27.127+0000] {dagbag.py:538} INFO - Filling up the DagBag from /opt/airflow/dags/asia/extract_load_staging_asia.py
[2025-06-02T09:40:27.190+0000] {processor.py:840} INFO - DAG(s) 'copy_postgres_table_to_table' retrieved from /opt/airflow/dags/asia/extract_load_staging_asia.py
[2025-06-02T09:40:27.215+0000] {logging_mixin.py:188} INFO - [2025-06-02T09:40:27.215+0000] {dag.py:3036} INFO - Sync 1 DAGs
[2025-06-02T09:40:27.237+0000] {logging_mixin.py:188} INFO - [2025-06-02T09:40:27.236+0000] {dag.py:3823} INFO - Setting next_dagrun for copy_postgres_table_to_table to 2025-06-02 00:00:00+00:00, run_after=2025-06-03 00:00:00+00:00
[2025-06-02T09:40:27.432+0000] {processor.py:183} INFO - Processing /opt/airflow/dags/asia/extract_load_staging_asia.py took 0.867 seconds
[2025-06-02T09:40:57.526+0000] {processor.py:161} INFO - Started process (PID=188) to work on /opt/airflow/dags/asia/extract_load_staging_asia.py
[2025-06-02T09:40:57.535+0000] {processor.py:830} INFO - Processing file /opt/airflow/dags/asia/extract_load_staging_asia.py for tasks to queue
[2025-06-02T09:40:57.536+0000] {logging_mixin.py:188} INFO - [2025-06-02T09:40:57.536+0000] {dagbag.py:538} INFO - Filling up the DagBag from /opt/airflow/dags/asia/extract_load_staging_asia.py
[2025-06-02T09:40:57.596+0000] {processor.py:840} INFO - DAG(s) 'copy_postgres_table_to_table' retrieved from /opt/airflow/dags/asia/extract_load_staging_asia.py
[2025-06-02T09:40:57.620+0000] {logging_mixin.py:188} INFO - [2025-06-02T09:40:57.619+0000] {dag.py:3036} INFO - Sync 1 DAGs
[2025-06-02T09:40:57.638+0000] {logging_mixin.py:188} INFO - [2025-06-02T09:40:57.638+0000] {dag.py:3823} INFO - Setting next_dagrun for copy_postgres_table_to_table to 2025-06-02 00:00:00+00:00, run_after=2025-06-03 00:00:00+00:00
[2025-06-02T09:40:57.670+0000] {processor.py:183} INFO - Processing /opt/airflow/dags/asia/extract_load_staging_asia.py took 0.145 seconds
[2025-06-02T09:41:27.774+0000] {processor.py:161} INFO - Started process (PID=215) to work on /opt/airflow/dags/asia/extract_load_staging_asia.py
[2025-06-02T09:41:27.801+0000] {processor.py:830} INFO - Processing file /opt/airflow/dags/asia/extract_load_staging_asia.py for tasks to queue
[2025-06-02T09:41:27.802+0000] {logging_mixin.py:188} INFO - [2025-06-02T09:41:27.802+0000] {dagbag.py:538} INFO - Filling up the DagBag from /opt/airflow/dags/asia/extract_load_staging_asia.py
[2025-06-02T09:41:29.871+0000] {processor.py:840} INFO - DAG(s) 'copy_postgres_table_to_table' retrieved from /opt/airflow/dags/asia/extract_load_staging_asia.py
[2025-06-02T09:41:30.174+0000] {logging_mixin.py:188} INFO - [2025-06-02T09:41:30.174+0000] {dag.py:3036} INFO - Sync 1 DAGs
[2025-06-02T09:41:30.194+0000] {logging_mixin.py:188} INFO - [2025-06-02T09:41:30.193+0000] {dag.py:3823} INFO - Setting next_dagrun for copy_postgres_table_to_table to 2025-06-02 00:00:00+00:00, run_after=2025-06-03 00:00:00+00:00
[2025-06-02T09:41:30.271+0000] {processor.py:183} INFO - Processing /opt/airflow/dags/asia/extract_load_staging_asia.py took 2.499 seconds
[2025-06-02T09:42:00.438+0000] {processor.py:161} INFO - Started process (PID=309) to work on /opt/airflow/dags/asia/extract_load_staging_asia.py
[2025-06-02T09:42:00.439+0000] {processor.py:830} INFO - Processing file /opt/airflow/dags/asia/extract_load_staging_asia.py for tasks to queue
[2025-06-02T09:42:00.440+0000] {logging_mixin.py:188} INFO - [2025-06-02T09:42:00.439+0000] {dagbag.py:538} INFO - Filling up the DagBag from /opt/airflow/dags/asia/extract_load_staging_asia.py
[2025-06-02T09:42:00.571+0000] {processor.py:840} INFO - DAG(s) 'copy_postgres_table_to_table' retrieved from /opt/airflow/dags/asia/extract_load_staging_asia.py
[2025-06-02T09:42:00.595+0000] {logging_mixin.py:188} INFO - [2025-06-02T09:42:00.595+0000] {dag.py:3036} INFO - Sync 1 DAGs
[2025-06-02T09:42:00.615+0000] {logging_mixin.py:188} INFO - [2025-06-02T09:42:00.614+0000] {dag.py:3823} INFO - Setting next_dagrun for copy_postgres_table_to_table to 2025-06-02 00:00:00+00:00, run_after=2025-06-03 00:00:00+00:00
[2025-06-02T09:42:00.639+0000] {processor.py:183} INFO - Processing /opt/airflow/dags/asia/extract_load_staging_asia.py took 0.203 seconds
[2025-06-02T09:42:30.732+0000] {processor.py:161} INFO - Started process (PID=354) to work on /opt/airflow/dags/asia/extract_load_staging_asia.py
[2025-06-02T09:42:30.755+0000] {processor.py:830} INFO - Processing file /opt/airflow/dags/asia/extract_load_staging_asia.py for tasks to queue
[2025-06-02T09:42:30.755+0000] {logging_mixin.py:188} INFO - [2025-06-02T09:42:30.755+0000] {dagbag.py:538} INFO - Filling up the DagBag from /opt/airflow/dags/asia/extract_load_staging_asia.py
[2025-06-02T09:42:30.813+0000] {processor.py:840} INFO - DAG(s) 'copy_postgres_table_to_table' retrieved from /opt/airflow/dags/asia/extract_load_staging_asia.py
[2025-06-02T09:42:30.837+0000] {logging_mixin.py:188} INFO - [2025-06-02T09:42:30.837+0000] {dag.py:3036} INFO - Sync 1 DAGs
[2025-06-02T09:42:30.856+0000] {logging_mixin.py:188} INFO - [2025-06-02T09:42:30.855+0000] {dag.py:3823} INFO - Setting next_dagrun for copy_postgres_table_to_table to 2025-06-02 00:00:00+00:00, run_after=2025-06-03 00:00:00+00:00
[2025-06-02T09:42:31.795+0000] {processor.py:183} INFO - Processing /opt/airflow/dags/asia/extract_load_staging_asia.py took 1.065 seconds
[2025-06-02T10:06:23.572+0000] {processor.py:161} INFO - Started process (PID=179) to work on /opt/airflow/dags/asia/extract_load_staging_asia.py
[2025-06-02T10:06:23.874+0000] {processor.py:830} INFO - Processing file /opt/airflow/dags/asia/extract_load_staging_asia.py for tasks to queue
[2025-06-02T10:06:23.875+0000] {logging_mixin.py:188} INFO - [2025-06-02T10:06:23.875+0000] {dagbag.py:538} INFO - Filling up the DagBag from /opt/airflow/dags/asia/extract_load_staging_asia.py
[2025-06-02T10:06:26.217+0000] {processor.py:840} INFO - DAG(s) 'copy_postgres_table_to_table' retrieved from /opt/airflow/dags/asia/extract_load_staging_asia.py
[2025-06-02T10:06:26.501+0000] {logging_mixin.py:188} INFO - [2025-06-02T10:06:26.501+0000] {dag.py:3036} INFO - Sync 1 DAGs
[2025-06-02T10:06:26.590+0000] {logging_mixin.py:188} INFO - [2025-06-02T10:06:26.589+0000] {dag.py:3823} INFO - Setting next_dagrun for copy_postgres_table_to_table to 2025-06-02 00:00:00+00:00, run_after=2025-06-03 00:00:00+00:00
[2025-06-02T10:06:26.650+0000] {processor.py:183} INFO - Processing /opt/airflow/dags/asia/extract_load_staging_asia.py took 3.080 seconds
[2025-06-02T10:06:56.687+0000] {processor.py:161} INFO - Started process (PID=185) to work on /opt/airflow/dags/asia/extract_load_staging_asia.py
[2025-06-02T10:06:56.687+0000] {processor.py:830} INFO - Processing file /opt/airflow/dags/asia/extract_load_staging_asia.py for tasks to queue
[2025-06-02T10:06:56.688+0000] {logging_mixin.py:188} INFO - [2025-06-02T10:06:56.688+0000] {dagbag.py:538} INFO - Filling up the DagBag from /opt/airflow/dags/asia/extract_load_staging_asia.py
[2025-06-02T10:06:57.600+0000] {processor.py:840} INFO - DAG(s) 'copy_postgres_table_to_table' retrieved from /opt/airflow/dags/asia/extract_load_staging_asia.py
[2025-06-02T10:06:57.704+0000] {logging_mixin.py:188} INFO - [2025-06-02T10:06:57.703+0000] {dag.py:3036} INFO - Sync 1 DAGs
[2025-06-02T10:06:57.721+0000] {logging_mixin.py:188} INFO - [2025-06-02T10:06:57.720+0000] {dag.py:3823} INFO - Setting next_dagrun for copy_postgres_table_to_table to 2025-06-02 00:00:00+00:00, run_after=2025-06-03 00:00:00+00:00
[2025-06-02T10:06:57.840+0000] {processor.py:183} INFO - Processing /opt/airflow/dags/asia/extract_load_staging_asia.py took 1.155 seconds
[2025-06-02T10:07:28.450+0000] {processor.py:161} INFO - Started process (PID=190) to work on /opt/airflow/dags/asia/extract_load_staging_asia.py
[2025-06-02T10:07:28.478+0000] {processor.py:830} INFO - Processing file /opt/airflow/dags/asia/extract_load_staging_asia.py for tasks to queue
[2025-06-02T10:07:28.510+0000] {logging_mixin.py:188} INFO - [2025-06-02T10:07:28.479+0000] {dagbag.py:538} INFO - Filling up the DagBag from /opt/airflow/dags/asia/extract_load_staging_asia.py
[2025-06-02T10:07:28.643+0000] {processor.py:840} INFO - DAG(s) 'copy_postgres_table_to_table' retrieved from /opt/airflow/dags/asia/extract_load_staging_asia.py
[2025-06-02T10:07:28.808+0000] {logging_mixin.py:188} INFO - [2025-06-02T10:07:28.808+0000] {dag.py:3036} INFO - Sync 1 DAGs
[2025-06-02T10:07:28.825+0000] {logging_mixin.py:188} INFO - [2025-06-02T10:07:28.825+0000] {dag.py:3823} INFO - Setting next_dagrun for copy_postgres_table_to_table to 2025-06-02 00:00:00+00:00, run_after=2025-06-03 00:00:00+00:00
[2025-06-02T10:07:28.902+0000] {processor.py:183} INFO - Processing /opt/airflow/dags/asia/extract_load_staging_asia.py took 0.482 seconds
[2025-06-02T10:07:58.997+0000] {processor.py:161} INFO - Started process (PID=195) to work on /opt/airflow/dags/asia/extract_load_staging_asia.py
[2025-06-02T10:07:59.056+0000] {processor.py:830} INFO - Processing file /opt/airflow/dags/asia/extract_load_staging_asia.py for tasks to queue
[2025-06-02T10:07:59.057+0000] {logging_mixin.py:188} INFO - [2025-06-02T10:07:59.057+0000] {dagbag.py:538} INFO - Filling up the DagBag from /opt/airflow/dags/asia/extract_load_staging_asia.py
[2025-06-02T10:07:59.112+0000] {processor.py:840} INFO - DAG(s) 'copy_postgres_table_to_table' retrieved from /opt/airflow/dags/asia/extract_load_staging_asia.py
[2025-06-02T10:07:59.139+0000] {logging_mixin.py:188} INFO - [2025-06-02T10:07:59.138+0000] {dag.py:3036} INFO - Sync 1 DAGs
[2025-06-02T10:07:59.159+0000] {logging_mixin.py:188} INFO - [2025-06-02T10:07:59.159+0000] {dag.py:3823} INFO - Setting next_dagrun for copy_postgres_table_to_table to 2025-06-02 00:00:00+00:00, run_after=2025-06-03 00:00:00+00:00
[2025-06-02T10:07:59.233+0000] {processor.py:183} INFO - Processing /opt/airflow/dags/asia/extract_load_staging_asia.py took 0.238 seconds
[2025-06-02T10:08:29.337+0000] {processor.py:161} INFO - Started process (PID=200) to work on /opt/airflow/dags/asia/extract_load_staging_asia.py
[2025-06-02T10:08:29.363+0000] {processor.py:830} INFO - Processing file /opt/airflow/dags/asia/extract_load_staging_asia.py for tasks to queue
[2025-06-02T10:08:29.363+0000] {logging_mixin.py:188} INFO - [2025-06-02T10:08:29.363+0000] {dagbag.py:538} INFO - Filling up the DagBag from /opt/airflow/dags/asia/extract_load_staging_asia.py
[2025-06-02T10:08:29.419+0000] {processor.py:840} INFO - DAG(s) 'copy_postgres_table_to_table' retrieved from /opt/airflow/dags/asia/extract_load_staging_asia.py
[2025-06-02T10:08:29.450+0000] {logging_mixin.py:188} INFO - [2025-06-02T10:08:29.450+0000] {dag.py:3036} INFO - Sync 1 DAGs
[2025-06-02T10:08:29.468+0000] {logging_mixin.py:188} INFO - [2025-06-02T10:08:29.468+0000] {dag.py:3823} INFO - Setting next_dagrun for copy_postgres_table_to_table to 2025-06-02 00:00:00+00:00, run_after=2025-06-03 00:00:00+00:00
[2025-06-02T10:08:29.830+0000] {processor.py:183} INFO - Processing /opt/airflow/dags/asia/extract_load_staging_asia.py took 0.496 seconds
[2025-06-02T10:08:59.945+0000] {processor.py:161} INFO - Started process (PID=205) to work on /opt/airflow/dags/asia/extract_load_staging_asia.py
[2025-06-02T10:08:59.951+0000] {processor.py:830} INFO - Processing file /opt/airflow/dags/asia/extract_load_staging_asia.py for tasks to queue
[2025-06-02T10:08:59.952+0000] {logging_mixin.py:188} INFO - [2025-06-02T10:08:59.952+0000] {dagbag.py:538} INFO - Filling up the DagBag from /opt/airflow/dags/asia/extract_load_staging_asia.py
[2025-06-02T10:09:00.019+0000] {processor.py:840} INFO - DAG(s) 'copy_postgres_table_to_table' retrieved from /opt/airflow/dags/asia/extract_load_staging_asia.py
[2025-06-02T10:09:00.044+0000] {logging_mixin.py:188} INFO - [2025-06-02T10:09:00.044+0000] {dag.py:3036} INFO - Sync 1 DAGs
[2025-06-02T10:09:00.065+0000] {logging_mixin.py:188} INFO - [2025-06-02T10:09:00.065+0000] {dag.py:3823} INFO - Setting next_dagrun for copy_postgres_table_to_table to 2025-06-02 00:00:00+00:00, run_after=2025-06-03 00:00:00+00:00
[2025-06-02T10:09:00.101+0000] {processor.py:183} INFO - Processing /opt/airflow/dags/asia/extract_load_staging_asia.py took 0.161 seconds
[2025-06-02T10:09:21.010+0000] {processor.py:161} INFO - Started process (PID=210) to work on /opt/airflow/dags/asia/extract_load_staging_asia.py
[2025-06-02T10:09:21.049+0000] {processor.py:830} INFO - Processing file /opt/airflow/dags/asia/extract_load_staging_asia.py for tasks to queue
[2025-06-02T10:09:21.050+0000] {logging_mixin.py:188} INFO - [2025-06-02T10:09:21.050+0000] {dagbag.py:538} INFO - Filling up the DagBag from /opt/airflow/dags/asia/extract_load_staging_asia.py
[2025-06-02T10:09:21.151+0000] {processor.py:840} INFO - DAG(s) 'copy_postgres_table_to_table' retrieved from /opt/airflow/dags/asia/extract_load_staging_asia.py
[2025-06-02T10:09:21.176+0000] {logging_mixin.py:188} INFO - [2025-06-02T10:09:21.176+0000] {dag.py:3036} INFO - Sync 1 DAGs
[2025-06-02T10:09:21.198+0000] {logging_mixin.py:188} INFO - [2025-06-02T10:09:21.198+0000] {dag.py:3823} INFO - Setting next_dagrun for copy_postgres_table_to_table to 2025-06-02 00:00:00+00:00, run_after=2025-06-03 00:00:00+00:00
[2025-06-02T10:09:21.420+0000] {processor.py:183} INFO - Processing /opt/airflow/dags/asia/extract_load_staging_asia.py took 0.412 seconds
[2025-06-02T10:09:51.518+0000] {processor.py:161} INFO - Started process (PID=221) to work on /opt/airflow/dags/asia/extract_load_staging_asia.py
[2025-06-02T10:09:51.615+0000] {processor.py:830} INFO - Processing file /opt/airflow/dags/asia/extract_load_staging_asia.py for tasks to queue
[2025-06-02T10:09:51.616+0000] {logging_mixin.py:188} INFO - [2025-06-02T10:09:51.616+0000] {dagbag.py:538} INFO - Filling up the DagBag from /opt/airflow/dags/asia/extract_load_staging_asia.py
[2025-06-02T10:09:51.678+0000] {processor.py:840} INFO - DAG(s) 'copy_postgres_table_to_table' retrieved from /opt/airflow/dags/asia/extract_load_staging_asia.py
[2025-06-02T10:09:51.703+0000] {logging_mixin.py:188} INFO - [2025-06-02T10:09:51.703+0000] {dag.py:3036} INFO - Sync 1 DAGs
[2025-06-02T10:09:51.725+0000] {logging_mixin.py:188} INFO - [2025-06-02T10:09:51.725+0000] {dag.py:3823} INFO - Setting next_dagrun for copy_postgres_table_to_table to 2025-06-02 00:00:00+00:00, run_after=2025-06-03 00:00:00+00:00
[2025-06-02T10:09:51.840+0000] {processor.py:183} INFO - Processing /opt/airflow/dags/asia/extract_load_staging_asia.py took 0.325 seconds
[2025-06-02T10:10:21.934+0000] {processor.py:161} INFO - Started process (PID=332) to work on /opt/airflow/dags/asia/extract_load_staging_asia.py
[2025-06-02T10:10:21.970+0000] {processor.py:830} INFO - Processing file /opt/airflow/dags/asia/extract_load_staging_asia.py for tasks to queue
[2025-06-02T10:10:22.171+0000] {logging_mixin.py:188} INFO - [2025-06-02T10:10:22.170+0000] {dagbag.py:538} INFO - Filling up the DagBag from /opt/airflow/dags/asia/extract_load_staging_asia.py
[2025-06-02T10:10:25.341+0000] {processor.py:840} INFO - DAG(s) 'copy_postgres_table_to_table' retrieved from /opt/airflow/dags/asia/extract_load_staging_asia.py
[2025-06-02T10:10:25.490+0000] {logging_mixin.py:188} INFO - [2025-06-02T10:10:25.490+0000] {dag.py:3036} INFO - Sync 1 DAGs
[2025-06-02T10:10:25.664+0000] {logging_mixin.py:188} INFO - [2025-06-02T10:10:25.664+0000] {dag.py:3823} INFO - Setting next_dagrun for copy_postgres_table_to_table to 2025-06-02 00:00:00+00:00, run_after=2025-06-03 00:00:00+00:00
[2025-06-02T10:10:25.800+0000] {processor.py:183} INFO - Processing /opt/airflow/dags/asia/extract_load_staging_asia.py took 3.869 seconds
[2025-06-02T10:10:55.894+0000] {processor.py:161} INFO - Started process (PID=395) to work on /opt/airflow/dags/asia/extract_load_staging_asia.py
[2025-06-02T10:10:55.913+0000] {processor.py:830} INFO - Processing file /opt/airflow/dags/asia/extract_load_staging_asia.py for tasks to queue
[2025-06-02T10:10:55.914+0000] {logging_mixin.py:188} INFO - [2025-06-02T10:10:55.914+0000] {dagbag.py:538} INFO - Filling up the DagBag from /opt/airflow/dags/asia/extract_load_staging_asia.py
[2025-06-02T10:10:56.036+0000] {processor.py:840} INFO - DAG(s) 'copy_postgres_table_to_table' retrieved from /opt/airflow/dags/asia/extract_load_staging_asia.py
[2025-06-02T10:10:56.059+0000] {logging_mixin.py:188} INFO - [2025-06-02T10:10:56.059+0000] {dag.py:3036} INFO - Sync 1 DAGs
[2025-06-02T10:10:56.079+0000] {logging_mixin.py:188} INFO - [2025-06-02T10:10:56.079+0000] {dag.py:3823} INFO - Setting next_dagrun for copy_postgres_table_to_table to 2025-06-02 00:00:00+00:00, run_after=2025-06-03 00:00:00+00:00
[2025-06-02T10:10:56.194+0000] {processor.py:183} INFO - Processing /opt/airflow/dags/asia/extract_load_staging_asia.py took 0.302 seconds
[2025-06-02T10:11:26.292+0000] {processor.py:161} INFO - Started process (PID=400) to work on /opt/airflow/dags/asia/extract_load_staging_asia.py
[2025-06-02T10:11:26.316+0000] {processor.py:830} INFO - Processing file /opt/airflow/dags/asia/extract_load_staging_asia.py for tasks to queue
[2025-06-02T10:11:26.317+0000] {logging_mixin.py:188} INFO - [2025-06-02T10:11:26.316+0000] {dagbag.py:538} INFO - Filling up the DagBag from /opt/airflow/dags/asia/extract_load_staging_asia.py
[2025-06-02T10:11:26.497+0000] {processor.py:840} INFO - DAG(s) 'copy_postgres_table_to_table' retrieved from /opt/airflow/dags/asia/extract_load_staging_asia.py
[2025-06-02T10:11:26.522+0000] {logging_mixin.py:188} INFO - [2025-06-02T10:11:26.522+0000] {dag.py:3036} INFO - Sync 1 DAGs
[2025-06-02T10:11:26.542+0000] {logging_mixin.py:188} INFO - [2025-06-02T10:11:26.542+0000] {dag.py:3823} INFO - Setting next_dagrun for copy_postgres_table_to_table to 2025-06-02 00:00:00+00:00, run_after=2025-06-03 00:00:00+00:00
[2025-06-02T10:11:26.607+0000] {processor.py:183} INFO - Processing /opt/airflow/dags/asia/extract_load_staging_asia.py took 0.318 seconds
[2025-06-02T10:11:56.704+0000] {processor.py:161} INFO - Started process (PID=405) to work on /opt/airflow/dags/asia/extract_load_staging_asia.py
[2025-06-02T10:11:56.706+0000] {processor.py:830} INFO - Processing file /opt/airflow/dags/asia/extract_load_staging_asia.py for tasks to queue
[2025-06-02T10:11:56.707+0000] {logging_mixin.py:188} INFO - [2025-06-02T10:11:56.707+0000] {dagbag.py:538} INFO - Filling up the DagBag from /opt/airflow/dags/asia/extract_load_staging_asia.py
[2025-06-02T10:11:56.768+0000] {processor.py:840} INFO - DAG(s) 'copy_postgres_table_to_table' retrieved from /opt/airflow/dags/asia/extract_load_staging_asia.py
[2025-06-02T10:11:56.791+0000] {logging_mixin.py:188} INFO - [2025-06-02T10:11:56.791+0000] {dag.py:3036} INFO - Sync 1 DAGs
[2025-06-02T10:11:56.812+0000] {logging_mixin.py:188} INFO - [2025-06-02T10:11:56.811+0000] {dag.py:3823} INFO - Setting next_dagrun for copy_postgres_table_to_table to 2025-06-02 00:00:00+00:00, run_after=2025-06-03 00:00:00+00:00
[2025-06-02T10:11:57.844+0000] {processor.py:183} INFO - Processing /opt/airflow/dags/asia/extract_load_staging_asia.py took 1.142 seconds
[2025-06-02T10:12:27.939+0000] {processor.py:161} INFO - Started process (PID=410) to work on /opt/airflow/dags/asia/extract_load_staging_asia.py
[2025-06-02T10:12:28.033+0000] {processor.py:830} INFO - Processing file /opt/airflow/dags/asia/extract_load_staging_asia.py for tasks to queue
[2025-06-02T10:12:28.034+0000] {logging_mixin.py:188} INFO - [2025-06-02T10:12:28.034+0000] {dagbag.py:538} INFO - Filling up the DagBag from /opt/airflow/dags/asia/extract_load_staging_asia.py
[2025-06-02T10:12:28.089+0000] {processor.py:840} INFO - DAG(s) 'copy_postgres_table_to_table' retrieved from /opt/airflow/dags/asia/extract_load_staging_asia.py
[2025-06-02T10:12:28.112+0000] {logging_mixin.py:188} INFO - [2025-06-02T10:12:28.112+0000] {dag.py:3036} INFO - Sync 1 DAGs
[2025-06-02T10:12:28.132+0000] {logging_mixin.py:188} INFO - [2025-06-02T10:12:28.132+0000] {dag.py:3823} INFO - Setting next_dagrun for copy_postgres_table_to_table to 2025-06-02 00:00:00+00:00, run_after=2025-06-03 00:00:00+00:00
[2025-06-02T10:12:28.638+0000] {processor.py:183} INFO - Processing /opt/airflow/dags/asia/extract_load_staging_asia.py took 0.701 seconds
[2025-06-02T10:12:58.739+0000] {processor.py:161} INFO - Started process (PID=415) to work on /opt/airflow/dags/asia/extract_load_staging_asia.py
[2025-06-02T10:12:58.749+0000] {processor.py:830} INFO - Processing file /opt/airflow/dags/asia/extract_load_staging_asia.py for tasks to queue
[2025-06-02T10:12:58.750+0000] {logging_mixin.py:188} INFO - [2025-06-02T10:12:58.750+0000] {dagbag.py:538} INFO - Filling up the DagBag from /opt/airflow/dags/asia/extract_load_staging_asia.py
[2025-06-02T10:12:58.809+0000] {processor.py:840} INFO - DAG(s) 'copy_postgres_table_to_table' retrieved from /opt/airflow/dags/asia/extract_load_staging_asia.py
[2025-06-02T10:12:58.833+0000] {logging_mixin.py:188} INFO - [2025-06-02T10:12:58.833+0000] {dag.py:3036} INFO - Sync 1 DAGs
[2025-06-02T10:12:58.852+0000] {logging_mixin.py:188} INFO - [2025-06-02T10:12:58.852+0000] {dag.py:3823} INFO - Setting next_dagrun for copy_postgres_table_to_table to 2025-06-02 00:00:00+00:00, run_after=2025-06-03 00:00:00+00:00
[2025-06-02T10:12:58.881+0000] {processor.py:183} INFO - Processing /opt/airflow/dags/asia/extract_load_staging_asia.py took 0.144 seconds
[2025-06-02T10:13:28.975+0000] {processor.py:161} INFO - Started process (PID=420) to work on /opt/airflow/dags/asia/extract_load_staging_asia.py
[2025-06-02T10:13:28.988+0000] {processor.py:830} INFO - Processing file /opt/airflow/dags/asia/extract_load_staging_asia.py for tasks to queue
[2025-06-02T10:13:28.989+0000] {logging_mixin.py:188} INFO - [2025-06-02T10:13:28.989+0000] {dagbag.py:538} INFO - Filling up the DagBag from /opt/airflow/dags/asia/extract_load_staging_asia.py
[2025-06-02T10:13:29.043+0000] {processor.py:840} INFO - DAG(s) 'copy_postgres_table_to_table' retrieved from /opt/airflow/dags/asia/extract_load_staging_asia.py
[2025-06-02T10:13:29.067+0000] {logging_mixin.py:188} INFO - [2025-06-02T10:13:29.067+0000] {dag.py:3036} INFO - Sync 1 DAGs
[2025-06-02T10:13:29.087+0000] {logging_mixin.py:188} INFO - [2025-06-02T10:13:29.087+0000] {dag.py:3823} INFO - Setting next_dagrun for copy_postgres_table_to_table to 2025-06-02 00:00:00+00:00, run_after=2025-06-03 00:00:00+00:00
[2025-06-02T10:13:29.853+0000] {processor.py:183} INFO - Processing /opt/airflow/dags/asia/extract_load_staging_asia.py took 0.881 seconds
[2025-06-02T10:13:59.941+0000] {processor.py:161} INFO - Started process (PID=425) to work on /opt/airflow/dags/asia/extract_load_staging_asia.py
[2025-06-02T10:13:59.957+0000] {processor.py:830} INFO - Processing file /opt/airflow/dags/asia/extract_load_staging_asia.py for tasks to queue
[2025-06-02T10:13:59.958+0000] {logging_mixin.py:188} INFO - [2025-06-02T10:13:59.957+0000] {dagbag.py:538} INFO - Filling up the DagBag from /opt/airflow/dags/asia/extract_load_staging_asia.py
[2025-06-02T10:14:00.016+0000] {processor.py:840} INFO - DAG(s) 'copy_postgres_table_to_table' retrieved from /opt/airflow/dags/asia/extract_load_staging_asia.py
[2025-06-02T10:14:00.039+0000] {logging_mixin.py:188} INFO - [2025-06-02T10:14:00.039+0000] {dag.py:3036} INFO - Sync 1 DAGs
[2025-06-02T10:14:00.059+0000] {logging_mixin.py:188} INFO - [2025-06-02T10:14:00.059+0000] {dag.py:3823} INFO - Setting next_dagrun for copy_postgres_table_to_table to 2025-06-02 00:00:00+00:00, run_after=2025-06-03 00:00:00+00:00
[2025-06-02T10:14:00.088+0000] {processor.py:183} INFO - Processing /opt/airflow/dags/asia/extract_load_staging_asia.py took 0.150 seconds
[2025-06-02T10:14:30.181+0000] {processor.py:161} INFO - Started process (PID=430) to work on /opt/airflow/dags/asia/extract_load_staging_asia.py
[2025-06-02T10:14:30.243+0000] {processor.py:830} INFO - Processing file /opt/airflow/dags/asia/extract_load_staging_asia.py for tasks to queue
[2025-06-02T10:14:30.244+0000] {logging_mixin.py:188} INFO - [2025-06-02T10:14:30.244+0000] {dagbag.py:538} INFO - Filling up the DagBag from /opt/airflow/dags/asia/extract_load_staging_asia.py
[2025-06-02T10:14:30.316+0000] {processor.py:840} INFO - DAG(s) 'copy_postgres_table_to_table' retrieved from /opt/airflow/dags/asia/extract_load_staging_asia.py
[2025-06-02T10:14:30.338+0000] {logging_mixin.py:188} INFO - [2025-06-02T10:14:30.338+0000] {dag.py:3036} INFO - Sync 1 DAGs
[2025-06-02T10:14:30.357+0000] {logging_mixin.py:188} INFO - [2025-06-02T10:14:30.357+0000] {dag.py:3823} INFO - Setting next_dagrun for copy_postgres_table_to_table to 2025-06-02 00:00:00+00:00, run_after=2025-06-03 00:00:00+00:00
[2025-06-02T10:14:30.383+0000] {processor.py:183} INFO - Processing /opt/airflow/dags/asia/extract_load_staging_asia.py took 0.204 seconds
[2025-06-02T10:15:00.477+0000] {processor.py:161} INFO - Started process (PID=435) to work on /opt/airflow/dags/asia/extract_load_staging_asia.py
[2025-06-02T10:15:00.527+0000] {processor.py:830} INFO - Processing file /opt/airflow/dags/asia/extract_load_staging_asia.py for tasks to queue
[2025-06-02T10:15:00.527+0000] {logging_mixin.py:188} INFO - [2025-06-02T10:15:00.527+0000] {dagbag.py:538} INFO - Filling up the DagBag from /opt/airflow/dags/asia/extract_load_staging_asia.py
[2025-06-02T10:15:00.592+0000] {processor.py:840} INFO - DAG(s) 'copy_postgres_table_to_table' retrieved from /opt/airflow/dags/asia/extract_load_staging_asia.py
[2025-06-02T10:15:00.616+0000] {logging_mixin.py:188} INFO - [2025-06-02T10:15:00.616+0000] {dag.py:3036} INFO - Sync 1 DAGs
[2025-06-02T10:15:00.637+0000] {logging_mixin.py:188} INFO - [2025-06-02T10:15:00.636+0000] {dag.py:3823} INFO - Setting next_dagrun for copy_postgres_table_to_table to 2025-06-02 00:00:00+00:00, run_after=2025-06-03 00:00:00+00:00
[2025-06-02T10:15:00.854+0000] {processor.py:183} INFO - Processing /opt/airflow/dags/asia/extract_load_staging_asia.py took 0.380 seconds
