[2025-06-11T16:13:24.993+0000] {taskinstance.py:1956} INFO - Dependencies all met for dep_context=non-requeueable deps ti=<TaskInstance: multi_region_transform_staging_v2.process_region_us.process_inventory_us manual__2025-06-11T16:08:10.701979+00:00 [queued]>
[2025-06-11T16:13:25.024+0000] {taskinstance.py:1956} INFO - Dependencies all met for dep_context=requeueable deps ti=<TaskInstance: multi_region_transform_staging_v2.process_region_us.process_inventory_us manual__2025-06-11T16:08:10.701979+00:00 [queued]>
[2025-06-11T16:13:25.026+0000] {taskinstance.py:2170} INFO - Starting attempt 1 of 2
[2025-06-11T16:13:25.068+0000] {taskinstance.py:2191} INFO - Executing <Task(_PythonDecoratedOperator): process_region_us.process_inventory_us> on 2025-06-11 16:08:10.701979+00:00
[2025-06-11T16:13:25.085+0000] {standard_task_runner.py:60} INFO - Started process 32316 to run task
[2025-06-11T16:13:25.098+0000] {standard_task_runner.py:87} INFO - Running: ['airflow', 'tasks', 'run', 'multi_region_transform_staging_v2', 'process_region_us.process_inventory_us', 'manual__2025-06-11T16:08:10.701979+00:00', '--job-id', '220', '--raw', '--subdir', 'DAGS_FOLDER/master_dag.py', '--cfg-path', '/tmp/tmpsmxdlszs']
[2025-06-11T16:13:25.106+0000] {standard_task_runner.py:88} INFO - Job 220: Subtask process_region_us.process_inventory_us
[2025-06-11T16:13:25.286+0000] {task_command.py:423} INFO - Running <TaskInstance: multi_region_transform_staging_v2.process_region_us.process_inventory_us manual__2025-06-11T16:08:10.701979+00:00 [running]> on host 5950010ae7c1
[2025-06-11T16:13:25.604+0000] {taskinstance.py:2480} INFO - Exporting env vars: AIRFLOW_CTX_DAG_OWNER='data-team' AIRFLOW_CTX_DAG_ID='multi_region_transform_staging_v2' AIRFLOW_CTX_TASK_ID='process_region_us.process_inventory_us' AIRFLOW_CTX_EXECUTION_DATE='2025-06-11T16:08:10.701979+00:00' AIRFLOW_CTX_TRY_NUMBER='1' AIRFLOW_CTX_DAG_RUN_ID='manual__2025-06-11T16:08:10.701979+00:00'
[2025-06-11T16:13:38.583+0000] {logging_mixin.py:188} INFO - Debugggg::::Vector(spark://5950010ae7c1:37299/jars/snowflake-jdbc-3.13.17.jar, spark://5950010ae7c1:37299/jars/spark-snowflake_2.12-2.16.0-spark_3.2.jar)
[2025-06-11T16:13:38.584+0000] {logging_mixin.py:188} INFO - Processing inventory for region us
[2025-06-11T16:13:38.621+0000] {logging_mixin.py:188} INFO - /opt/airflow/data/raw/region=us/table=inventory/load_date=2025-06-11
[2025-06-11T16:14:09.234+0000] {logging_mixin.py:188} INFO - STAGING_US
[2025-06-11T16:14:11.991+0000] {logging_mixin.py:188} INFO - +------------+----------+------------------+------------------+-----------------+-------------+-------------------+-------------------+-------+--------+
|inventory_id|variant_id|warehouse_location|quantity_available|quantity_reserved|reorder_level|  last_restocked_at|         updated_at|_region| _source|
+------------+----------+------------------+------------------+-----------------+-------------+-------------------+-------------------+-------+--------+
|           1|         1|        US-WEST-01|               125|               20|           40|2024-01-15 08:30:00|2025-06-11 02:14:19|     us|postgres|
|           2|         2|        US-WEST-01|                85|               15|           25|2024-01-18 10:15:00|2025-06-11 02:14:19|     us|postgres|
|           3|         3|        US-EAST-02|                65|               12|           20|2024-01-20 14:45:00|2025-06-11 02:14:19|     us|postgres|
|           4|         4|     US-CENTRAL-03|               200|               35|           60|2024-01-22 09:20:00|2025-06-11 02:14:19|     us|postgres|
|           5|         5|     US-CENTRAL-03|               150|               25|           50|2024-01-25 11:30:00|2025-06-11 02:14:19|     us|postgres|
|           6|         6|        US-WEST-01|                95|               18|           30|2024-01-19 16:10:00|2025-06-11 02:14:19|     us|postgres|
|           7|         7|       US-SOUTH-04|                75|               10|           25|2024-01-21 13:45:00|2025-06-11 02:14:19|     us|postgres|
|           8|         8|        US-EAST-02|               250|               40|           80|2024-01-23 07:50:00|2025-06-11 02:14:19|     us|postgres|
|           9|         9|        US-WEST-01|               180|               30|           55|2024-01-24 12:20:00|2025-06-11 02:14:19|     us|postgres|
|          10|        10|     US-CENTRAL-03|               220|               45|           70|2024-01-26 15:35:00|2025-06-11 02:14:19|     us|postgres|
+------------+----------+------------------+------------------+-----------------+-------------+-------------------+-------------------+-------+--------+
only showing top 10 rows
[2025-06-11T16:14:11.992+0000] {logging_mixin.py:188} INFO - Inserting into snowflake
[2025-06-11T16:14:22.400+0000] {logging_mixin.py:188} INFO - successfully inserted in snowflake
[2025-06-11T16:14:22.428+0000] {crypto.py:82} WARNING - empty cryptography key - values will not be stored encrypted.
[2025-06-11T16:14:23.178+0000] {logging_mixin.py:188} INFO - Successfully processed 20 records for inventory in us
[2025-06-11T16:14:26.279+0000] {python.py:201} INFO - Done. Returned value was: {'region': 'us', 'table': 'inventory', 'record_count': 20, 'status': 'success'}
[2025-06-11T16:14:26.399+0000] {taskinstance.py:1138} INFO - Marking task as SUCCESS. dag_id=multi_region_transform_staging_v2, task_id=process_region_us.process_inventory_us, execution_date=20250611T160810, start_date=20250611T161324, end_date=20250611T161426
[2025-06-11T16:14:26.526+0000] {local_task_job_runner.py:234} INFO - Task exited with return code 0
[2025-06-11T16:14:26.692+0000] {taskinstance.py:3280} INFO - 0 downstream tasks scheduled from follow-on schedule check
