[2025-06-10T19:53:37.985+0000] {taskinstance.py:1956} INFO - Dependencies all met for dep_context=non-requeueable deps ti=<TaskInstance: payment_method_to_snowflake.Load_payment_method manual__2025-06-10T19:53:36.293938+00:00 [queued]>
[2025-06-10T19:53:37.995+0000] {taskinstance.py:1956} INFO - Dependencies all met for dep_context=requeueable deps ti=<TaskInstance: payment_method_to_snowflake.Load_payment_method manual__2025-06-10T19:53:36.293938+00:00 [queued]>
[2025-06-10T19:53:37.996+0000] {taskinstance.py:2170} INFO - Starting attempt 1 of 2
[2025-06-10T19:53:38.009+0000] {taskinstance.py:2191} INFO - Executing <Task(_PythonDecoratedOperator): Load_payment_method> on 2025-06-10 19:53:36.293938+00:00
[2025-06-10T19:53:38.017+0000] {standard_task_runner.py:60} INFO - Started process 26128 to run task
[2025-06-10T19:53:38.020+0000] {standard_task_runner.py:87} INFO - Running: ['airflow', 'tasks', 'run', 'payment_method_to_snowflake', 'Load_payment_method', 'manual__2025-06-10T19:53:36.293938+00:00', '--job-id', '1136', '--raw', '--subdir', 'DAGS_FOLDER/star/payment_dim.py', '--cfg-path', '/tmp/tmpdmtmo17e']
[2025-06-10T19:53:38.022+0000] {standard_task_runner.py:88} INFO - Job 1136: Subtask Load_payment_method
[2025-06-10T19:53:38.091+0000] {task_command.py:423} INFO - Running <TaskInstance: payment_method_to_snowflake.Load_payment_method manual__2025-06-10T19:53:36.293938+00:00 [running]> on host 9820768629fb
[2025-06-10T19:53:38.229+0000] {taskinstance.py:2480} INFO - Exporting env vars: AIRFLOW_CTX_DAG_OWNER='data-team' AIRFLOW_CTX_DAG_ID='payment_method_to_snowflake' AIRFLOW_CTX_TASK_ID='Load_payment_method' AIRFLOW_CTX_EXECUTION_DATE='2025-06-10T19:53:36.293938+00:00' AIRFLOW_CTX_TRY_NUMBER='1' AIRFLOW_CTX_DAG_RUN_ID='manual__2025-06-10T19:53:36.293938+00:00'
[2025-06-10T19:54:01.491+0000] {logging_mixin.py:188} INFO - Data written to temporary Snowflake table.
[2025-06-10T19:54:01.492+0000] {connection.py:486} INFO - Snowflake Connector for Python Version: 3.15.0, Python Version: 3.10.13, Platform: Linux-6.11.0-26-generic-x86_64-with-glibc2.36
[2025-06-10T19:54:01.492+0000] {connection.py:1391} INFO - Connecting to GLOBAL Snowflake domain
[2025-06-10T19:54:04.743+0000] {logging_mixin.py:188} INFO - Merge operation completed successfully.
[2025-06-10T19:54:05.363+0000] {connection.py:486} INFO - Snowflake Connector for Python Version: 3.15.0, Python Version: 3.10.13, Platform: Linux-6.11.0-26-generic-x86_64-with-glibc2.36
[2025-06-10T19:54:05.364+0000] {connection.py:1391} INFO - Connecting to GLOBAL Snowflake domain
[2025-06-10T19:54:07.712+0000] {logging_mixin.py:188} INFO - Temporary table STAR.DIM_PAYMENT_METHOD_TEMP_STAGE_20250610195348720841 dropped successfully.
[2025-06-10T19:54:08.531+0000] {logging_mixin.py:188} INFO - Upsert completed from Spark CSV to Snowflake.
[2025-06-10T19:54:08.532+0000] {logging_mixin.py:188} INFO - Successfully completed processing.
[2025-06-10T19:54:08.532+0000] {python.py:201} INFO - Done. Returned value was: None
[2025-06-10T19:54:08.547+0000] {taskinstance.py:1138} INFO - Marking task as SUCCESS. dag_id=payment_method_to_snowflake, task_id=Load_payment_method, execution_date=20250610T195336, start_date=20250610T195337, end_date=20250610T195408
[2025-06-10T19:54:08.578+0000] {local_task_job_runner.py:234} INFO - Task exited with return code 0
[2025-06-10T19:54:08.609+0000] {taskinstance.py:3280} INFO - 0 downstream tasks scheduled from follow-on schedule check
