[2025-06-11T15:04:44.343+0000] {taskinstance.py:1956} INFO - Dependencies all met for dep_context=non-requeueable deps ti=<TaskInstance: extract_postgres_table_to_parquet.run_extraction_asia scheduled__2025-06-10T02:00:00+00:00 [queued]>
[2025-06-11T15:04:44.360+0000] {taskinstance.py:1956} INFO - Dependencies all met for dep_context=requeueable deps ti=<TaskInstance: extract_postgres_table_to_parquet.run_extraction_asia scheduled__2025-06-10T02:00:00+00:00 [queued]>
[2025-06-11T15:04:44.361+0000] {taskinstance.py:2170} INFO - Starting attempt 3 of 1
[2025-06-11T15:04:44.408+0000] {taskinstance.py:2191} INFO - Executing <Task(_PythonDecoratedOperator): run_extraction_asia> on 2025-06-10 02:00:00+00:00
[2025-06-11T15:04:44.441+0000] {standard_task_runner.py:60} INFO - Started process 249 to run task
[2025-06-11T15:04:44.461+0000] {standard_task_runner.py:87} INFO - Running: ['airflow', 'tasks', 'run', 'extract_postgres_table_to_parquet', 'run_extraction_asia', 'scheduled__2025-06-10T02:00:00+00:00', '--job-id', '71', '--raw', '--subdir', 'DAGS_FOLDER/asia/landing.py', '--cfg-path', '/tmp/tmpj3tr3zzv']
[2025-06-11T15:04:44.478+0000] {standard_task_runner.py:88} INFO - Job 71: Subtask run_extraction_asia
[2025-06-11T15:04:44.729+0000] {task_command.py:423} INFO - Running <TaskInstance: extract_postgres_table_to_parquet.run_extraction_asia scheduled__2025-06-10T02:00:00+00:00 [running]> on host 94d2ab00ac05
[2025-06-11T15:04:45.088+0000] {taskinstance.py:2480} INFO - Exporting env vars: AIRFLOW_CTX_DAG_OWNER='airflow' AIRFLOW_CTX_DAG_ID='extract_postgres_table_to_parquet' AIRFLOW_CTX_TASK_ID='run_extraction_asia' AIRFLOW_CTX_EXECUTION_DATE='2025-06-10T02:00:00+00:00' AIRFLOW_CTX_TRY_NUMBER='3' AIRFLOW_CTX_DAG_RUN_ID='scheduled__2025-06-10T02:00:00+00:00'
[2025-06-11T15:04:45.104+0000] {logging_mixin.py:188} INFO - Starting extraction for table: categories in region: asia
[2025-06-11T15:04:45.106+0000] {logging_mixin.py:188} INFO - load_date:::::2025-06-11
[2025-06-11T15:05:24.916+0000] {logging_mixin.py:188} INFO - Vector(spark://94d2ab00ac05:37319/jars/spark-snowflake_2.12-2.16.0-spark_3.2.jar, spark://94d2ab00ac05:37319/jars/postgresql-42.7.3.jar, spark://94d2ab00ac05:37319/jars/snowflake-jdbc-3.13.17.jar)
[2025-06-11T15:06:00.493+0000] {logging_mixin.py:188} INFO - [INFO] No data found in asia.categories
[2025-06-11T15:06:02.299+0000] {logging_mixin.py:188} INFO - Starting extraction for table: products in region: asia
[2025-06-11T15:06:02.301+0000] {logging_mixin.py:188} INFO - load_date:::::2025-06-11
[2025-06-11T15:06:04.520+0000] {logging_mixin.py:188} INFO - Vector(spark://94d2ab00ac05:44851/jars/postgresql-42.7.3.jar, spark://94d2ab00ac05:44851/jars/snowflake-jdbc-3.13.17.jar, spark://94d2ab00ac05:44851/jars/spark-snowflake_2.12-2.16.0-spark_3.2.jar)
[2025-06-11T15:07:57.621+0000] {logging_mixin.py:188} INFO - [INFO] No data found in asia.products
[2025-06-11T15:07:59.237+0000] {logging_mixin.py:188} INFO - Starting extraction for table: product_variants in region: asia
[2025-06-11T15:07:59.244+0000] {logging_mixin.py:188} INFO - load_date:::::2025-06-11
[2025-06-11T15:08:04.330+0000] {logging_mixin.py:188} INFO - Vector(spark://94d2ab00ac05:46547/jars/postgresql-42.7.3.jar, spark://94d2ab00ac05:46547/jars/snowflake-jdbc-3.13.17.jar, spark://94d2ab00ac05:46547/jars/spark-snowflake_2.12-2.16.0-spark_3.2.jar)
[2025-06-11T15:08:08.089+0000] {logging_mixin.py:188} INFO - [INFO] No data found in asia.product_variants
[2025-06-11T15:08:09.105+0000] {logging_mixin.py:188} INFO - Starting extraction for table: inventory in region: asia
[2025-06-11T15:08:09.106+0000] {logging_mixin.py:188} INFO - load_date:::::2025-06-11
[2025-06-11T15:08:11.140+0000] {logging_mixin.py:188} INFO - Vector(spark://94d2ab00ac05:38061/jars/snowflake-jdbc-3.13.17.jar, spark://94d2ab00ac05:38061/jars/spark-snowflake_2.12-2.16.0-spark_3.2.jar, spark://94d2ab00ac05:38061/jars/postgresql-42.7.3.jar)
[2025-06-11T15:08:14.929+0000] {logging_mixin.py:188} INFO - [INFO] No data found in asia.inventory
[2025-06-11T15:08:15.929+0000] {logging_mixin.py:188} INFO - Starting extraction for table: customers in region: asia
[2025-06-11T15:08:15.931+0000] {logging_mixin.py:188} INFO - load_date:::::2025-06-11
[2025-06-11T15:08:17.207+0000] {logging_mixin.py:188} INFO - Vector(spark://94d2ab00ac05:33113/jars/postgresql-42.7.3.jar, spark://94d2ab00ac05:33113/jars/spark-snowflake_2.12-2.16.0-spark_3.2.jar, spark://94d2ab00ac05:33113/jars/snowflake-jdbc-3.13.17.jar)
[2025-06-11T15:08:20.632+0000] {logging_mixin.py:188} INFO - [INFO] No data found in asia.customers
[2025-06-11T15:08:21.619+0000] {logging_mixin.py:188} INFO - Starting extraction for table: customer_addresses in region: asia
[2025-06-11T15:08:21.619+0000] {logging_mixin.py:188} INFO - load_date:::::2025-06-11
[2025-06-11T15:08:23.204+0000] {logging_mixin.py:188} INFO - Vector(spark://94d2ab00ac05:45865/jars/spark-snowflake_2.12-2.16.0-spark_3.2.jar, spark://94d2ab00ac05:45865/jars/snowflake-jdbc-3.13.17.jar, spark://94d2ab00ac05:45865/jars/postgresql-42.7.3.jar)
[2025-06-11T15:08:27.369+0000] {logging_mixin.py:188} INFO - [INFO] No data found in asia.customer_addresses
[2025-06-11T15:08:28.424+0000] {logging_mixin.py:188} INFO - Starting extraction for table: marketing_campaigns in region: asia
[2025-06-11T15:08:28.437+0000] {logging_mixin.py:188} INFO - load_date:::::2025-06-11
[2025-06-11T15:08:31.362+0000] {logging_mixin.py:188} INFO - Vector(spark://94d2ab00ac05:38541/jars/spark-snowflake_2.12-2.16.0-spark_3.2.jar, spark://94d2ab00ac05:38541/jars/postgresql-42.7.3.jar, spark://94d2ab00ac05:38541/jars/snowflake-jdbc-3.13.17.jar)
[2025-06-11T15:08:36.825+0000] {logging_mixin.py:188} INFO - [INFO] No data found in asia.marketing_campaigns
[2025-06-11T15:08:37.823+0000] {logging_mixin.py:188} INFO - Starting extraction for table: discounts in region: asia
[2025-06-11T15:08:37.828+0000] {logging_mixin.py:188} INFO - load_date:::::2025-06-11
[2025-06-11T15:08:39.788+0000] {logging_mixin.py:188} INFO - Vector(spark://94d2ab00ac05:39891/jars/postgresql-42.7.3.jar, spark://94d2ab00ac05:39891/jars/snowflake-jdbc-3.13.17.jar, spark://94d2ab00ac05:39891/jars/spark-snowflake_2.12-2.16.0-spark_3.2.jar)
[2025-06-11T15:08:46.485+0000] {logging_mixin.py:188} INFO - [INFO] No data found in asia.discounts
[2025-06-11T15:08:47.473+0000] {logging_mixin.py:188} INFO - Starting extraction for table: shopping_carts in region: asia
[2025-06-11T15:08:47.475+0000] {logging_mixin.py:188} INFO - load_date:::::2025-06-11
[2025-06-11T15:08:48.773+0000] {logging_mixin.py:188} INFO - Vector(spark://94d2ab00ac05:36467/jars/postgresql-42.7.3.jar, spark://94d2ab00ac05:36467/jars/snowflake-jdbc-3.13.17.jar, spark://94d2ab00ac05:36467/jars/spark-snowflake_2.12-2.16.0-spark_3.2.jar)
[2025-06-11T15:08:56.169+0000] {logging_mixin.py:188} INFO - [INFO] No data found in asia.shopping_carts
[2025-06-11T15:08:57.156+0000] {logging_mixin.py:188} INFO - Starting extraction for table: cart_items in region: asia
[2025-06-11T15:08:57.159+0000] {logging_mixin.py:188} INFO - load_date:::::2025-06-11
[2025-06-11T15:08:59.197+0000] {logging_mixin.py:188} INFO - Vector(spark://94d2ab00ac05:35801/jars/postgresql-42.7.3.jar, spark://94d2ab00ac05:35801/jars/snowflake-jdbc-3.13.17.jar, spark://94d2ab00ac05:35801/jars/spark-snowflake_2.12-2.16.0-spark_3.2.jar)
[2025-06-11T15:09:07.020+0000] {logging_mixin.py:188} INFO - [INFO] No data found in asia.cart_items
[2025-06-11T15:09:08.073+0000] {logging_mixin.py:188} INFO - Starting extraction for table: orders in region: asia
[2025-06-11T15:09:08.116+0000] {logging_mixin.py:188} INFO - load_date:::::2025-06-11
[2025-06-11T15:09:11.103+0000] {logging_mixin.py:188} INFO - Vector(spark://94d2ab00ac05:44259/jars/snowflake-jdbc-3.13.17.jar, spark://94d2ab00ac05:44259/jars/spark-snowflake_2.12-2.16.0-spark_3.2.jar, spark://94d2ab00ac05:44259/jars/postgresql-42.7.3.jar)
[2025-06-11T15:09:22.537+0000] {logging_mixin.py:188} INFO - [INFO] No data found in asia.orders
[2025-06-11T15:09:23.596+0000] {logging_mixin.py:188} INFO - Starting extraction for table: order_items in region: asia
[2025-06-11T15:09:23.625+0000] {logging_mixin.py:188} INFO - load_date:::::2025-06-11
[2025-06-11T15:09:25.627+0000] {logging_mixin.py:188} INFO - Vector(spark://94d2ab00ac05:34329/jars/snowflake-jdbc-3.13.17.jar, spark://94d2ab00ac05:34329/jars/spark-snowflake_2.12-2.16.0-spark_3.2.jar, spark://94d2ab00ac05:34329/jars/postgresql-42.7.3.jar)
[2025-06-11T15:09:35.385+0000] {logging_mixin.py:188} INFO - [INFO] No data found in asia.order_items
[2025-06-11T15:09:36.322+0000] {logging_mixin.py:188} INFO - Starting extraction for table: shipments in region: asia
[2025-06-11T15:09:36.323+0000] {logging_mixin.py:188} INFO - load_date:::::2025-06-11
[2025-06-11T15:09:37.908+0000] {logging_mixin.py:188} INFO - Vector(spark://94d2ab00ac05:45277/jars/postgresql-42.7.3.jar, spark://94d2ab00ac05:45277/jars/snowflake-jdbc-3.13.17.jar, spark://94d2ab00ac05:45277/jars/spark-snowflake_2.12-2.16.0-spark_3.2.jar)
[2025-06-11T15:09:44.357+0000] {logging_mixin.py:188} INFO - [INFO] No data found in asia.shipments
[2025-06-11T15:09:45.392+0000] {logging_mixin.py:188} INFO - Starting extraction for table: returns in region: asia
[2025-06-11T15:09:45.392+0000] {logging_mixin.py:188} INFO - load_date:::::2025-06-11
[2025-06-11T15:09:48.065+0000] {logging_mixin.py:188} INFO - Vector(spark://94d2ab00ac05:33481/jars/spark-snowflake_2.12-2.16.0-spark_3.2.jar, spark://94d2ab00ac05:33481/jars/snowflake-jdbc-3.13.17.jar, spark://94d2ab00ac05:33481/jars/postgresql-42.7.3.jar)
[2025-06-11T15:09:53.913+0000] {logging_mixin.py:188} INFO - [INFO] No data found in asia.returns
[2025-06-11T15:09:54.908+0000] {logging_mixin.py:188} INFO - Starting extraction for table: product_reviews in region: asia
[2025-06-11T15:09:54.909+0000] {logging_mixin.py:188} INFO - load_date:::::2025-06-11
[2025-06-11T15:09:56.823+0000] {logging_mixin.py:188} INFO - Vector(spark://94d2ab00ac05:45591/jars/spark-snowflake_2.12-2.16.0-spark_3.2.jar, spark://94d2ab00ac05:45591/jars/postgresql-42.7.3.jar, spark://94d2ab00ac05:45591/jars/snowflake-jdbc-3.13.17.jar)
[2025-06-11T15:10:25.324+0000] {logging_mixin.py:188} INFO - [INFO] No data found in asia.product_reviews
[2025-06-11T15:10:26.333+0000] {logging_mixin.py:188} INFO - Starting extraction for table: payments in region: asia
[2025-06-11T15:10:26.333+0000] {logging_mixin.py:188} INFO - load_date:::::2025-06-11
[2025-06-11T15:10:28.029+0000] {logging_mixin.py:188} INFO - Vector(spark://94d2ab00ac05:42539/jars/spark-snowflake_2.12-2.16.0-spark_3.2.jar, spark://94d2ab00ac05:42539/jars/postgresql-42.7.3.jar, spark://94d2ab00ac05:42539/jars/snowflake-jdbc-3.13.17.jar)
[2025-06-11T15:10:34.296+0000] {logging_mixin.py:188} INFO - [INFO] No data found in asia.payments
[2025-06-11T15:10:35.272+0000] {logging_mixin.py:188} INFO - Starting extraction for table: wishlists in region: asia
[2025-06-11T15:10:35.273+0000] {logging_mixin.py:188} INFO - load_date:::::2025-06-11
[2025-06-11T15:10:36.284+0000] {logging_mixin.py:188} INFO - Vector(spark://94d2ab00ac05:37623/jars/postgresql-42.7.3.jar, spark://94d2ab00ac05:37623/jars/snowflake-jdbc-3.13.17.jar, spark://94d2ab00ac05:37623/jars/spark-snowflake_2.12-2.16.0-spark_3.2.jar)
[2025-06-11T15:10:40.532+0000] {logging_mixin.py:188} INFO - [INFO] No data found in asia.wishlists
[2025-06-11T15:10:41.552+0000] {python.py:201} INFO - Done. Returned value was: None
[2025-06-11T15:10:42.322+0000] {taskinstance.py:1138} INFO - Marking task as SUCCESS. dag_id=extract_postgres_table_to_parquet, task_id=run_extraction_asia, execution_date=20250610T020000, start_date=20250611T150444, end_date=20250611T151042
[2025-06-11T15:10:42.655+0000] {local_task_job_runner.py:234} INFO - Task exited with return code 0
[2025-06-11T15:10:42.970+0000] {taskinstance.py:3280} INFO - 0 downstream tasks scheduled from follow-on schedule check
