[2025-06-10T07:48:49.900+0000] {taskinstance.py:1956} INFO - Dependencies all met for dep_context=non-requeueable deps ti=<TaskInstance: multi_region_to_snowflake.process_region_eu.process_returns_eu manual__2025-06-10T07:44:42.674457+00:00 [queued]>
[2025-06-10T07:48:49.924+0000] {taskinstance.py:1956} INFO - Dependencies all met for dep_context=requeueable deps ti=<TaskInstance: multi_region_to_snowflake.process_region_eu.process_returns_eu manual__2025-06-10T07:44:42.674457+00:00 [queued]>
[2025-06-10T07:48:49.925+0000] {taskinstance.py:2170} INFO - Starting attempt 1 of 2
[2025-06-10T07:48:49.959+0000] {taskinstance.py:2191} INFO - Executing <Task(_PythonDecoratedOperator): process_region_eu.process_returns_eu> on 2025-06-10 07:44:42.674457+00:00
[2025-06-10T07:48:49.969+0000] {standard_task_runner.py:60} INFO - Started process 6502 to run task
[2025-06-10T07:48:49.975+0000] {standard_task_runner.py:87} INFO - Running: ['airflow', 'tasks', 'run', 'multi_region_to_snowflake', 'process_region_eu.process_returns_eu', 'manual__2025-06-10T07:44:42.674457+00:00', '--job-id', '1020', '--raw', '--subdir', 'DAGS_FOLDER/master_dag.py', '--cfg-path', '/tmp/tmp47xcxd57']
[2025-06-10T07:48:49.979+0000] {standard_task_runner.py:88} INFO - Job 1020: Subtask process_region_eu.process_returns_eu
[2025-06-10T07:48:50.182+0000] {task_command.py:423} INFO - Running <TaskInstance: multi_region_to_snowflake.process_region_eu.process_returns_eu manual__2025-06-10T07:44:42.674457+00:00 [running]> on host b27730b0b8ce
[2025-06-10T07:48:50.453+0000] {taskinstance.py:2480} INFO - Exporting env vars: AIRFLOW_CTX_DAG_OWNER='data-team' AIRFLOW_CTX_DAG_ID='multi_region_to_snowflake' AIRFLOW_CTX_TASK_ID='process_region_eu.process_returns_eu' AIRFLOW_CTX_EXECUTION_DATE='2025-06-10T07:44:42.674457+00:00' AIRFLOW_CTX_TRY_NUMBER='1' AIRFLOW_CTX_DAG_RUN_ID='manual__2025-06-10T07:44:42.674457+00:00'
[2025-06-10T07:49:04.028+0000] {logging_mixin.py:188} INFO - Processing returns for region eu
[2025-06-10T07:49:14.439+0000] {logging_mixin.py:188} INFO - STAGING_EU
[2025-06-10T07:49:23.419+0000] {logging_mixin.py:188} INFO - +---------+--------+-----------------+-------------+--------------------+-------------+-------------------+--------------------+-----------------------+-------+--------+
|return_id|order_id|    return_reason|return_status|    return_timestamp|refund_amount|   refund_timestamp|          created_at|cooling_off_period_days|_region| _source|
+---------+--------+-----------------+-------------+--------------------+-------------+-------------------+--------------------+-----------------------+-------+--------+
|        1|       5|     Changed mind|     approved|2025-06-08 19:22:...|       362.97|2024-01-25 13:30:00|2025-06-08 19:22:...|                     14|     eu|postgres|
|        2|      10|Product defective|   processing|2025-06-08 19:22:...|        42.78|               NULL|2025-06-08 19:22:...|                     14|     eu|postgres|
|        1|       5|     Changed mind|     approved|2025-06-08 19:22:...|       362.97|2024-01-25 13:30:00|2025-06-08 19:22:...|                     14|     eu|postgres|
|        2|      10|Product defective|   processing|2025-06-08 19:22:...|        42.78|               NULL|2025-06-08 19:22:...|                     14|     eu|postgres|
+---------+--------+-----------------+-------------+--------------------+-------------+-------------------+--------------------+-----------------------+-------+--------+
[2025-06-10T07:49:23.420+0000] {logging_mixin.py:188} INFO - Inserting into snowflake
[2025-06-10T07:49:46.918+0000] {logging_mixin.py:188} INFO - successfully inserted in snowflake
[2025-06-10T07:49:48.058+0000] {logging_mixin.py:188} INFO - Successfully processed 4 records for returns in eu
[2025-06-10T07:49:49.639+0000] {python.py:201} INFO - Done. Returned value was: {'region': 'eu', 'table': 'returns', 'record_count': 4, 'status': 'success'}
[2025-06-10T07:49:49.770+0000] {taskinstance.py:1138} INFO - Marking task as SUCCESS. dag_id=multi_region_to_snowflake, task_id=process_region_eu.process_returns_eu, execution_date=20250610T074442, start_date=20250610T074849, end_date=20250610T074949
[2025-06-10T07:49:49.827+0000] {local_task_job_runner.py:234} INFO - Task exited with return code 0
[2025-06-10T07:49:49.930+0000] {taskinstance.py:3280} INFO - 0 downstream tasks scheduled from follow-on schedule check
