[2025-06-11T18:27:29.976+0000] {taskinstance.py:1956} INFO - Dependencies all met for dep_context=non-requeueable deps ti=<TaskInstance: multi_region_transform_staging_v2.process_region_us.process_payments_us manual__2025-06-11T18:20:09.445349+00:00 [queued]>
[2025-06-11T18:27:29.999+0000] {taskinstance.py:1956} INFO - Dependencies all met for dep_context=requeueable deps ti=<TaskInstance: multi_region_transform_staging_v2.process_region_us.process_payments_us manual__2025-06-11T18:20:09.445349+00:00 [queued]>
[2025-06-11T18:27:30.000+0000] {taskinstance.py:2170} INFO - Starting attempt 1 of 2
[2025-06-11T18:27:30.024+0000] {taskinstance.py:2191} INFO - Executing <Task(_PythonDecoratedOperator): process_region_us.process_payments_us> on 2025-06-11 18:20:09.445349+00:00
[2025-06-11T18:27:30.037+0000] {standard_task_runner.py:60} INFO - Started process 15531 to run task
[2025-06-11T18:27:30.042+0000] {standard_task_runner.py:87} INFO - Running: ['airflow', 'tasks', 'run', 'multi_region_transform_staging_v2', 'process_region_us.process_payments_us', 'manual__2025-06-11T18:20:09.445349+00:00', '--job-id', '654', '--raw', '--subdir', 'DAGS_FOLDER/master_dag.py', '--cfg-path', '/tmp/tmp1io10pwx']
[2025-06-11T18:27:30.045+0000] {standard_task_runner.py:88} INFO - Job 654: Subtask process_region_us.process_payments_us
[2025-06-11T18:27:30.209+0000] {task_command.py:423} INFO - Running <TaskInstance: multi_region_transform_staging_v2.process_region_us.process_payments_us manual__2025-06-11T18:20:09.445349+00:00 [running]> on host 5950010ae7c1
[2025-06-11T18:27:30.511+0000] {taskinstance.py:2480} INFO - Exporting env vars: AIRFLOW_CTX_DAG_OWNER='data-team' AIRFLOW_CTX_DAG_ID='multi_region_transform_staging_v2' AIRFLOW_CTX_TASK_ID='process_region_us.process_payments_us' AIRFLOW_CTX_EXECUTION_DATE='2025-06-11T18:20:09.445349+00:00' AIRFLOW_CTX_TRY_NUMBER='1' AIRFLOW_CTX_DAG_RUN_ID='manual__2025-06-11T18:20:09.445349+00:00'
[2025-06-11T18:27:43.402+0000] {logging_mixin.py:188} INFO - Debugggg::::Vector(spark://5950010ae7c1:43833/jars/snowflake-jdbc-3.13.17.jar, spark://5950010ae7c1:43833/jars/spark-snowflake_2.12-2.16.0-spark_3.2.jar)
[2025-06-11T18:27:43.403+0000] {logging_mixin.py:188} INFO - Processing payments for region us
[2025-06-11T18:27:43.454+0000] {logging_mixin.py:188} INFO - /opt/airflow/data/raw/region=us/table=payments/load_date=2025-06-11
[2025-06-11T18:28:09.212+0000] {logging_mixin.py:188} INFO - STAGING_US
[2025-06-11T18:28:11.586+0000] {logging_mixin.py:188} INFO - +----------+--------+--------------+--------------+------------------+-------------------+--------------+--------------------+-------------------+-------+--------+
|payment_id|order_id|payment_method|payment_status|payment_amount_usd|  payment_timestamp|transaction_id|    gateway_response|         created_at|_region| _source|
+----------+--------+--------------+--------------+------------------+-------------------+--------------+--------------------+-------------------+-------+--------+
|         1|       1|   credit_card|     completed|            950.48|2025-06-11 02:14:19| txn_cc_us_001|Payment successfu...|2025-06-11 02:14:19|     us|postgres|
|         2|       2|        paypal|     completed|             96.97|2025-06-11 02:14:19| txn_pp_us_002|PayPal payment co...|2025-06-11 02:14:19|     us|postgres|
|         3|       3|     apple_pay|       pending|           1098.49|2025-06-11 02:14:19| txn_ap_us_003|Apple Pay processing|2025-06-11 02:14:19|     us|postgres|
|         4|       4|   credit_card|     completed|            276.23|2025-06-11 02:14:19| txn_cc_us_004|Payment successfu...|2025-06-11 02:14:19|     us|postgres|
|         5|       5|   credit_card|        failed|            279.85|2025-06-11 02:14:19| txn_cc_us_005|Declined - Insuff...|2025-06-11 02:14:19|     us|postgres|
|         6|       6| bank_transfer|     completed|             85.86|2025-06-11 02:14:19| txn_bt_us_006|ACH transfer comp...|2025-06-11 02:14:19|     us|postgres|
|         7|       7|        paypal|     completed|            729.98|2025-06-11 02:14:19| txn_pp_us_007|PayPal payment co...|2025-06-11 02:14:19|     us|postgres|
|         8|       8|   credit_card|     completed|            190.48|2025-06-11 02:14:19| txn_cc_us_008|Payment successfu...|2025-06-11 02:14:19|     us|postgres|
|         9|       9|     apple_pay|     completed|           1739.98|2025-06-11 02:14:19| txn_ap_us_009| Apple Pay completed|2025-06-11 02:14:19|     us|postgres|
|        10|      10|   credit_card|      refunded|             49.36|2025-06-11 02:14:19| txn_cc_us_010|Payment refunded ...|2025-06-11 02:14:19|     us|postgres|
+----------+--------+--------------+--------------+------------------+-------------------+--------------+--------------------+-------------------+-------+--------+
[2025-06-11T18:28:11.586+0000] {logging_mixin.py:188} INFO - Inserting into snowflake
[2025-06-11T18:28:21.042+0000] {logging_mixin.py:188} INFO - successfully inserted in snowflake
[2025-06-11T18:28:21.066+0000] {crypto.py:82} WARNING - empty cryptography key - values will not be stored encrypted.
[2025-06-11T18:28:21.501+0000] {logging_mixin.py:188} INFO - Successfully processed 10 records for payments in us
[2025-06-11T18:28:24.403+0000] {python.py:201} INFO - Done. Returned value was: {'region': 'us', 'table': 'payments', 'record_count': 10, 'status': 'success'}
[2025-06-11T18:28:24.488+0000] {taskinstance.py:1138} INFO - Marking task as SUCCESS. dag_id=multi_region_transform_staging_v2, task_id=process_region_us.process_payments_us, execution_date=20250611T182009, start_date=20250611T182729, end_date=20250611T182824
[2025-06-11T18:28:24.541+0000] {local_task_job_runner.py:234} INFO - Task exited with return code 0
[2025-06-11T18:28:24.622+0000] {taskinstance.py:3280} INFO - 0 downstream tasks scheduled from follow-on schedule check
