[2025-06-08T20:01:04.410+0000] {taskinstance.py:1956} INFO - Dependencies all met for dep_context=non-requeueable deps ti=<TaskInstance: transform_cart_items.run_transformation_asia manual__2025-06-08T19:31:36.943862+00:00 [queued]>
[2025-06-08T20:01:04.434+0000] {taskinstance.py:1956} INFO - Dependencies all met for dep_context=requeueable deps ti=<TaskInstance: transform_cart_items.run_transformation_asia manual__2025-06-08T19:31:36.943862+00:00 [queued]>
[2025-06-08T20:01:04.435+0000] {taskinstance.py:2170} INFO - Starting attempt 1 of 1
[2025-06-08T20:01:04.475+0000] {taskinstance.py:2191} INFO - Executing <Task(_PythonDecoratedOperator): run_transformation_asia> on 2025-06-08 19:31:36.943862+00:00
[2025-06-08T20:01:04.485+0000] {clientserver.py:543} INFO - Closing down clientserver connection
[2025-06-08T20:01:04.485+0000] {standard_task_runner.py:60} INFO - Started process 132943 to run task
[2025-06-08T20:01:04.494+0000] {standard_task_runner.py:87} INFO - Running: ['airflow', 'tasks', 'run', 'transform_cart_items', 'run_transformation_asia', 'manual__2025-06-08T19:31:36.943862+00:00', '--job-id', '12', '--raw', '--subdir', 'DAGS_FOLDER/staging/cart_items_to_staging.py', '--cfg-path', '/tmp/tmpd9giggsp']
[2025-06-08T20:01:04.497+0000] {standard_task_runner.py:88} INFO - Job 12: Subtask run_transformation_asia
[2025-06-08T20:01:04.564+0000] {logging_mixin.py:188} WARNING - /home/airflow/.local/lib/python3.10/site-packages/airflow/settings.py:194 DeprecationWarning: The sql_alchemy_conn option in [core] has been moved to the sql_alchemy_conn option in [database] - the old setting has been used, but please update your config.
[2025-06-08T20:01:04.670+0000] {task_command.py:423} INFO - Running <TaskInstance: transform_cart_items.run_transformation_asia manual__2025-06-08T19:31:36.943862+00:00 [running]> on host 098d7b977cb8
[2025-06-08T20:01:04.670+0000] {clientserver.py:505} INFO - Error while sending or receiving.
Traceback (most recent call last):
  File "/home/airflow/.local/lib/python3.10/site-packages/py4j/clientserver.py", line 503, in send_command
    self.socket.sendall(command.encode("utf-8"))
ConnectionResetError: [Errno 104] Connection reset by peer
[2025-06-08T20:01:04.673+0000] {clientserver.py:543} INFO - Closing down clientserver connection
[2025-06-08T20:01:04.674+0000] {java_gateway.py:1052} INFO - Exception while sending command.
Traceback (most recent call last):
  File "/home/airflow/.local/lib/python3.10/site-packages/py4j/clientserver.py", line 503, in send_command
    self.socket.sendall(command.encode("utf-8"))
ConnectionResetError: [Errno 104] Connection reset by peer

During handling of the above exception, another exception occurred:

Traceback (most recent call last):
  File "/home/airflow/.local/lib/python3.10/site-packages/py4j/java_gateway.py", line 1038, in send_command
    response = connection.send_command(command)
  File "/home/airflow/.local/lib/python3.10/site-packages/py4j/clientserver.py", line 506, in send_command
    raise Py4JNetworkError(
py4j.protocol.Py4JNetworkError: Error while sending
[2025-06-08T20:01:04.684+0000] {clientserver.py:543} INFO - Closing down clientserver connection
[2025-06-08T20:01:05.028+0000] {taskinstance.py:2480} INFO - Exporting env vars: AIRFLOW_CTX_DAG_OWNER='airflow' AIRFLOW_CTX_DAG_ID='transform_cart_items' AIRFLOW_CTX_TASK_ID='run_transformation_asia' AIRFLOW_CTX_EXECUTION_DATE='2025-06-08T19:31:36.943862+00:00' AIRFLOW_CTX_TRY_NUMBER='1' AIRFLOW_CTX_DAG_RUN_ID='manual__2025-06-08T19:31:36.943862+00:00'
[2025-06-08T20:01:05.040+0000] {logging_mixin.py:188} INFO - Starting transformation for table: cart_items in region: asia
[2025-06-08T20:01:05.065+0000] {logging_mixin.py:188} INFO - Reading data from: /opt/airflow/data/raw/region=asia/table=cart_items/load_date=2025-06-08/
[2025-06-08T20:01:18.516+0000] {logging_mixin.py:188} INFO - [INFO] Processing 12 records for asia
[2025-06-08T20:01:19.255+0000] {logging_mixin.py:188} INFO - Sample transformed data for cart_items in asia:
[2025-06-08T20:01:25.313+0000] {logging_mixin.py:188} INFO - +------------+-------+----------+--------+--------------+-------------------+-------------------+-------+--------+
|cart_item_id|cart_id|variant_id|quantity|unit_price_jpy|added_at           |updated_at         |_region|_source |
+------------+-------+----------+--------+--------------+-------------------+-------------------+-------+--------+
|1           |1      |2         |1       |169800        |2024-03-15 09:35:20|2024-03-15 09:35:20|asia   |postgres|
|2           |1      |8         |2       |3500          |2024-03-15 09:40:35|2024-03-15 09:40:35|asia   |postgres|
|3           |2      |15        |1       |213000        |2024-03-16 11:20:10|2024-03-16 11:20:10|asia   |postgres|
|4           |3      |19        |1       |12800         |2024-03-17 13:25:45|2024-03-17 13:25:45|asia   |postgres|
|5           |4      |6         |1       |49800         |2024-03-18 15:45:30|2024-03-18 15:45:30|asia   |postgres|
+------------+-------+----------+--------+--------------+-------------------+-------------------+-------+--------+
only showing top 5 rows
[2025-06-08T20:01:25.314+0000] {logging_mixin.py:188} INFO - Writing transformed data to: /opt/airflow/data/staging/cart_items/region=asia/load_date=2025-06-08/
[2025-06-08T20:01:27.272+0000] {logging_mixin.py:188} INFO - Successfully transformed 12 records for cart_items in asia
[2025-06-08T20:06:19.757+0000] {local_task_job_runner.py:302} WARNING - State of this instance has been externally set to success. Terminating instance.
[2025-06-08T20:06:19.762+0000] {process_utils.py:131} INFO - Sending 15 to group 132943. PIDs of all processes in the group: [132943]
[2025-06-08T20:06:19.763+0000] {process_utils.py:86} INFO - Sending the signal 15 to group 132943
[2025-06-08T20:06:19.764+0000] {taskinstance.py:2450} ERROR - Received SIGTERM. Terminating subprocesses.
[2025-06-08T20:06:19.818+0000] {process_utils.py:79} INFO - Process psutil.Process(pid=132943, status='terminated', exitcode=0, started='20:01:04') (132943) terminated with exit code 0
