[2025-06-11T02:45:23.776+0000] {taskinstance.py:1956} INFO - Dependencies all met for dep_context=non-requeueable deps ti=<TaskInstance: multi_region_to_snowflake.process_region_us.process_cart_items_us scheduled__2025-06-10T00:00:00+00:00 [queued]>
[2025-06-11T02:45:23.798+0000] {taskinstance.py:1956} INFO - Dependencies all met for dep_context=requeueable deps ti=<TaskInstance: multi_region_to_snowflake.process_region_us.process_cart_items_us scheduled__2025-06-10T00:00:00+00:00 [queued]>
[2025-06-11T02:45:23.798+0000] {taskinstance.py:2170} INFO - Starting attempt 1 of 2
[2025-06-11T02:45:23.824+0000] {taskinstance.py:2191} INFO - Executing <Task(_PythonDecoratedOperator): process_region_us.process_cart_items_us> on 2025-06-10 00:00:00+00:00
[2025-06-11T02:45:23.838+0000] {standard_task_runner.py:60} INFO - Started process 48960 to run task
[2025-06-11T02:45:23.845+0000] {standard_task_runner.py:87} INFO - Running: ['airflow', 'tasks', 'run', 'multi_region_to_snowflake', 'process_region_us.process_cart_items_us', 'scheduled__2025-06-10T00:00:00+00:00', '--job-id', '1275', '--raw', '--subdir', 'DAGS_FOLDER/master_dag.py', '--cfg-path', '/tmp/tmp5025ox6c']
[2025-06-11T02:45:23.849+0000] {standard_task_runner.py:88} INFO - Job 1275: Subtask process_region_us.process_cart_items_us
[2025-06-11T02:45:23.999+0000] {task_command.py:423} INFO - Running <TaskInstance: multi_region_to_snowflake.process_region_us.process_cart_items_us scheduled__2025-06-10T00:00:00+00:00 [running]> on host 5039a2bbff84
[2025-06-11T02:45:24.291+0000] {taskinstance.py:2480} INFO - Exporting env vars: AIRFLOW_CTX_DAG_OWNER='data-team' AIRFLOW_CTX_DAG_ID='multi_region_to_snowflake' AIRFLOW_CTX_TASK_ID='process_region_us.process_cart_items_us' AIRFLOW_CTX_EXECUTION_DATE='2025-06-10T00:00:00+00:00' AIRFLOW_CTX_TRY_NUMBER='1' AIRFLOW_CTX_DAG_RUN_ID='scheduled__2025-06-10T00:00:00+00:00'
[2025-06-11T02:45:37.882+0000] {logging_mixin.py:188} INFO - Processing cart_items for region us
[2025-06-11T02:45:51.681+0000] {logging_mixin.py:188} INFO - STAGING_US
[2025-06-11T02:46:03.861+0000] {logging_mixin.py:188} INFO - +------------+-------+----------+--------+--------------+-------------------+-------------------+-------+--------+
|cart_item_id|cart_id|variant_id|quantity|unit_price_usd|           added_at|         updated_at|_region| _source|
+------------+-------+----------+--------+--------------+-------------------+-------------------+-------+--------+
|           1|      1|         2|       1|       1199.99|2025-06-08 19:23:28|2025-06-08 19:23:28|     us|postgres|
|           2|      1|         8|       2|         24.99|2025-06-08 19:23:28|2025-06-08 19:23:28|     us|postgres|
|           3|      2|        15|       1|       1449.99|2025-06-08 19:23:28|2025-06-08 19:23:28|     us|postgres|
|           4|      3|        19|       1|        129.99|2025-06-08 19:23:28|2025-06-08 19:23:28|     us|postgres|
|           5|      4|         6|       1|        399.99|2025-06-08 19:23:28|2025-06-08 19:23:28|     us|postgres|
|           6|      5|        13|       1|        899.99|2025-06-08 19:23:28|2025-06-08 19:23:28|     us|postgres|
|           1|      1|         2|       1|       1199.99|2025-06-08 19:23:28|2025-06-08 19:23:28|     us|postgres|
|           2|      1|         8|       2|         24.99|2025-06-08 19:23:28|2025-06-08 19:23:28|     us|postgres|
|           3|      2|        15|       1|       1449.99|2025-06-08 19:23:28|2025-06-08 19:23:28|     us|postgres|
|           4|      3|        19|       1|        129.99|2025-06-08 19:23:28|2025-06-08 19:23:28|     us|postgres|
+------------+-------+----------+--------+--------------+-------------------+-------------------+-------+--------+
only showing top 10 rows
[2025-06-11T02:46:03.862+0000] {logging_mixin.py:188} INFO - Inserting into snowflake
[2025-06-11T02:46:17.601+0000] {logging_mixin.py:188} INFO - successfully inserted in snowflake
[2025-06-11T02:46:17.625+0000] {crypto.py:82} WARNING - empty cryptography key - values will not be stored encrypted.
[2025-06-11T02:46:18.665+0000] {logging_mixin.py:188} INFO - Successfully processed 12 records for cart_items in us
[2025-06-11T02:46:20.086+0000] {python.py:201} INFO - Done. Returned value was: {'region': 'us', 'table': 'cart_items', 'record_count': 12, 'status': 'success'}
[2025-06-11T02:46:20.212+0000] {taskinstance.py:1138} INFO - Marking task as SUCCESS. dag_id=multi_region_to_snowflake, task_id=process_region_us.process_cart_items_us, execution_date=20250610T000000, start_date=20250611T024523, end_date=20250611T024620
[2025-06-11T02:46:20.365+0000] {local_task_job_runner.py:234} INFO - Task exited with return code 0
[2025-06-11T02:46:20.487+0000] {taskinstance.py:3280} INFO - 0 downstream tasks scheduled from follow-on schedule check
