[2025-06-03T06:07:22.738+0000] {taskinstance.py:1956} INFO - Dependencies all met for dep_context=non-requeueable deps ti=<TaskInstance: ingest_raw_data_asia.extract_asia_asia_product_variants scheduled__2025-06-02T00:00:00+00:00 [queued]>
[2025-06-03T06:07:22.795+0000] {taskinstance.py:1956} INFO - Dependencies all met for dep_context=requeueable deps ti=<TaskInstance: ingest_raw_data_asia.extract_asia_asia_product_variants scheduled__2025-06-02T00:00:00+00:00 [queued]>
[2025-06-03T06:07:22.795+0000] {taskinstance.py:2170} INFO - Starting attempt 1 of 2
[2025-06-03T06:07:23.646+0000] {taskinstance.py:2191} INFO - Executing <Task(BashOperator): extract_asia_asia_product_variants> on 2025-06-02 00:00:00+00:00
[2025-06-03T06:07:23.652+0000] {standard_task_runner.py:60} INFO - Started process 3362 to run task
[2025-06-03T06:07:23.655+0000] {standard_task_runner.py:87} INFO - Running: ['airflow', 'tasks', 'run', 'ingest_raw_data_asia', 'extract_asia_asia_product_variants', 'scheduled__2025-06-02T00:00:00+00:00', '--job-id', '210', '--raw', '--subdir', 'DAGS_FOLDER/asia/landing.py', '--cfg-path', '/tmp/tmpcgt9bqlv']
[2025-06-03T06:07:23.656+0000] {standard_task_runner.py:88} INFO - Job 210: Subtask extract_asia_asia_product_variants
[2025-06-03T06:07:24.141+0000] {logging_mixin.py:188} WARNING - /home/airflow/.local/lib/python3.10/site-packages/airflow/settings.py:194 DeprecationWarning: The sql_alchemy_conn option in [core] has been moved to the sql_alchemy_conn option in [database] - the old setting has been used, but please update your config.
[2025-06-03T06:07:24.250+0000] {task_command.py:423} INFO - Running <TaskInstance: ingest_raw_data_asia.extract_asia_asia_product_variants scheduled__2025-06-02T00:00:00+00:00 [running]> on host 86069ee61878
[2025-06-03T06:07:25.769+0000] {taskinstance.py:2480} INFO - Exporting env vars: AIRFLOW_CTX_DAG_OWNER='airflow' AIRFLOW_CTX_DAG_ID='ingest_raw_data_asia' AIRFLOW_CTX_TASK_ID='extract_asia_asia_product_variants' AIRFLOW_CTX_EXECUTION_DATE='2025-06-02T00:00:00+00:00' AIRFLOW_CTX_TRY_NUMBER='1' AIRFLOW_CTX_DAG_RUN_ID='scheduled__2025-06-02T00:00:00+00:00'
[2025-06-03T06:07:25.771+0000] {subprocess.py:63} INFO - Tmp dir root location: /tmp
[2025-06-03T06:07:25.774+0000] {subprocess.py:75} INFO - Running command: ['/usr/bin/bash', '-c', '\n                spark-submit                     /opt/airflow/scripts/pyspark_jobs/extract_to_parquet.py                     asia.product_variants "jdbc:postgresql://retail-postgres:5432/retail_etl" retail-etl retail_etl 2025-06-02\n            ']
[2025-06-03T06:07:25.946+0000] {subprocess.py:86} INFO - Output:
[2025-06-03T06:09:41.951+0000] {subprocess.py:93} INFO - 25/06/03 06:09:41 INFO SparkContext: Running Spark version 3.5.6
[2025-06-03T06:09:42.057+0000] {subprocess.py:93} INFO - 25/06/03 06:09:41 INFO SparkContext: OS info Linux, 6.11.0-26-generic, amd64
[2025-06-03T06:09:42.057+0000] {subprocess.py:93} INFO - 25/06/03 06:09:41 INFO SparkContext: Java version 11.0.24
[2025-06-03T06:09:45.060+0000] {subprocess.py:93} INFO - 25/06/03 06:09:45 WARN NativeCodeLoader: Unable to load native-hadoop library for your platform... using builtin-java classes where applicable
[2025-06-03T06:09:47.220+0000] {subprocess.py:93} INFO - 25/06/03 06:09:47 INFO ResourceUtils: ==============================================================
[2025-06-03T06:09:47.221+0000] {subprocess.py:93} INFO - 25/06/03 06:09:47 INFO ResourceUtils: No custom resources configured for spark.driver.
[2025-06-03T06:09:47.221+0000] {subprocess.py:93} INFO - 25/06/03 06:09:47 INFO ResourceUtils: ==============================================================
[2025-06-03T06:09:47.222+0000] {subprocess.py:93} INFO - 25/06/03 06:09:47 INFO SparkContext: Submitted application: Extract_asia_asia.product_variants
[2025-06-03T06:09:47.473+0000] {subprocess.py:93} INFO - 25/06/03 06:09:47 INFO ResourceProfile: Default ResourceProfile created, executor resources: Map(cores -> name: cores, amount: 1, script: , vendor: , memory -> name: memory, amount: 1024, script: , vendor: , offHeap -> name: offHeap, amount: 0, script: , vendor: ), task resources: Map(cpus -> name: cpus, amount: 1.0)
[2025-06-03T06:09:47.489+0000] {subprocess.py:93} INFO - 25/06/03 06:09:47 INFO ResourceProfile: Limiting resource is cpu
[2025-06-03T06:09:47.490+0000] {subprocess.py:93} INFO - 25/06/03 06:09:47 INFO ResourceProfileManager: Added ResourceProfile id: 0
[2025-06-03T06:09:49.434+0000] {subprocess.py:93} INFO - 25/06/03 06:09:49 INFO SecurityManager: Changing view acls to: airflow
[2025-06-03T06:09:49.436+0000] {subprocess.py:93} INFO - 25/06/03 06:09:49 INFO SecurityManager: Changing modify acls to: airflow
[2025-06-03T06:09:49.436+0000] {subprocess.py:93} INFO - 25/06/03 06:09:49 INFO SecurityManager: Changing view acls groups to:
[2025-06-03T06:09:49.437+0000] {subprocess.py:93} INFO - 25/06/03 06:09:49 INFO SecurityManager: Changing modify acls groups to:
[2025-06-03T06:09:49.438+0000] {subprocess.py:93} INFO - 25/06/03 06:09:49 INFO SecurityManager: SecurityManager: authentication disabled; ui acls disabled; users with view permissions: airflow; groups with view permissions: EMPTY; users with modify permissions: airflow; groups with modify permissions: EMPTY
[2025-06-03T06:10:03.763+0000] {subprocess.py:93} INFO - 25/06/03 06:10:03 INFO Utils: Successfully started service 'sparkDriver' on port 38365.
[2025-06-03T06:10:04.880+0000] {subprocess.py:93} INFO - 25/06/03 06:10:04 INFO SparkEnv: Registering MapOutputTracker
[2025-06-03T06:10:04.903+0000] {subprocess.py:93} INFO - 25/06/03 06:10:04 INFO SparkEnv: Registering BlockManagerMaster
[2025-06-03T06:10:05.277+0000] {subprocess.py:93} INFO - 25/06/03 06:10:05 INFO BlockManagerMasterEndpoint: Using org.apache.spark.storage.DefaultTopologyMapper for getting topology information
[2025-06-03T06:10:05.277+0000] {subprocess.py:93} INFO - 25/06/03 06:10:05 INFO BlockManagerMasterEndpoint: BlockManagerMasterEndpoint up
[2025-06-03T06:10:05.290+0000] {subprocess.py:93} INFO - 25/06/03 06:10:05 INFO SparkEnv: Registering BlockManagerMasterHeartbeat
[2025-06-03T06:10:07.108+0000] {subprocess.py:93} INFO - 25/06/03 06:10:07 INFO DiskBlockManager: Created local directory at /tmp/blockmgr-f4057c2b-38ac-48af-be55-e3086d399db1
[2025-06-03T06:10:07.181+0000] {subprocess.py:93} INFO - 25/06/03 06:10:07 INFO MemoryStore: MemoryStore started with capacity 434.4 MiB
[2025-06-03T06:10:08.080+0000] {subprocess.py:93} INFO - 25/06/03 06:10:08 INFO SparkEnv: Registering OutputCommitCoordinator
[2025-06-03T06:10:11.651+0000] {subprocess.py:93} INFO - 25/06/03 06:10:11 INFO JettyUtils: Start Jetty 0.0.0.0:4040 for SparkUI
[2025-06-03T06:10:13.028+0000] {subprocess.py:93} INFO - 25/06/03 06:10:13 WARN Utils: Service 'SparkUI' could not bind on port 4040. Attempting port 4041.
[2025-06-03T06:10:13.029+0000] {subprocess.py:93} INFO - 25/06/03 06:10:13 WARN Utils: Service 'SparkUI' could not bind on port 4041. Attempting port 4042.
[2025-06-03T06:10:13.038+0000] {subprocess.py:93} INFO - 25/06/03 06:10:13 WARN Utils: Service 'SparkUI' could not bind on port 4042. Attempting port 4043.
[2025-06-03T06:10:13.042+0000] {subprocess.py:93} INFO - 25/06/03 06:10:13 WARN Utils: Service 'SparkUI' could not bind on port 4043. Attempting port 4044.
[2025-06-03T06:10:13.043+0000] {subprocess.py:93} INFO - 25/06/03 06:10:13 WARN Utils: Service 'SparkUI' could not bind on port 4044. Attempting port 4045.
[2025-06-03T06:10:13.044+0000] {subprocess.py:93} INFO - 25/06/03 06:10:13 WARN Utils: Service 'SparkUI' could not bind on port 4045. Attempting port 4046.
[2025-06-03T06:10:13.049+0000] {subprocess.py:93} INFO - 25/06/03 06:10:13 WARN Utils: Service 'SparkUI' could not bind on port 4046. Attempting port 4047.
[2025-06-03T06:10:13.050+0000] {subprocess.py:93} INFO - 25/06/03 06:10:13 WARN Utils: Service 'SparkUI' could not bind on port 4047. Attempting port 4048.
[2025-06-03T06:10:13.051+0000] {subprocess.py:93} INFO - 25/06/03 06:10:13 WARN Utils: Service 'SparkUI' could not bind on port 4048. Attempting port 4049.
[2025-06-03T06:10:13.052+0000] {subprocess.py:93} INFO - 25/06/03 06:10:13 WARN Utils: Service 'SparkUI' could not bind on port 4049. Attempting port 4050.
[2025-06-03T06:10:13.052+0000] {subprocess.py:93} INFO - 25/06/03 06:10:13 WARN Utils: Service 'SparkUI' could not bind on port 4050. Attempting port 4051.
[2025-06-03T06:10:13.053+0000] {subprocess.py:93} INFO - 25/06/03 06:10:13 WARN Utils: Service 'SparkUI' could not bind on port 4051. Attempting port 4052.
[2025-06-03T06:10:13.053+0000] {subprocess.py:93} INFO - 25/06/03 06:10:13 WARN Utils: Service 'SparkUI' could not bind on port 4052. Attempting port 4053.
[2025-06-03T06:10:13.054+0000] {subprocess.py:93} INFO - 25/06/03 06:10:13 WARN Utils: Service 'SparkUI' could not bind on port 4053. Attempting port 4054.
[2025-06-03T06:10:13.110+0000] {subprocess.py:93} INFO - 25/06/03 06:10:13 INFO Utils: Successfully started service 'SparkUI' on port 4054.
[2025-06-03T06:10:15.128+0000] {subprocess.py:93} INFO - 25/06/03 06:10:15 INFO Executor: Starting executor ID driver on host 86069ee61878
[2025-06-03T06:10:15.128+0000] {subprocess.py:93} INFO - 25/06/03 06:10:15 INFO Executor: OS info Linux, 6.11.0-26-generic, amd64
[2025-06-03T06:10:15.136+0000] {subprocess.py:93} INFO - 25/06/03 06:10:15 INFO Executor: Java version 11.0.24
[2025-06-03T06:10:15.191+0000] {subprocess.py:93} INFO - 25/06/03 06:10:15 INFO Executor: Starting executor with user classpath (userClassPathFirst = false): ''
[2025-06-03T06:10:15.196+0000] {subprocess.py:93} INFO - 25/06/03 06:10:15 INFO Executor: Created or updated repl class loader org.apache.spark.util.MutableURLClassLoader@1fdf222d for default.
[2025-06-03T06:10:15.397+0000] {subprocess.py:93} INFO - 25/06/03 06:10:15 INFO Utils: Successfully started service 'org.apache.spark.network.netty.NettyBlockTransferService' on port 44069.
[2025-06-03T06:10:15.397+0000] {subprocess.py:93} INFO - 25/06/03 06:10:15 INFO NettyBlockTransferService: Server created on 86069ee61878:44069
[2025-06-03T06:10:15.432+0000] {subprocess.py:93} INFO - 25/06/03 06:10:15 INFO BlockManager: Using org.apache.spark.storage.RandomBlockReplicationPolicy for block replication policy
[2025-06-03T06:10:15.667+0000] {subprocess.py:93} INFO - 25/06/03 06:10:15 INFO BlockManagerMaster: Registering BlockManager BlockManagerId(driver, 86069ee61878, 44069, None)
[2025-06-03T06:10:15.715+0000] {subprocess.py:93} INFO - 25/06/03 06:10:15 INFO BlockManagerMasterEndpoint: Registering block manager 86069ee61878:44069 with 434.4 MiB RAM, BlockManagerId(driver, 86069ee61878, 44069, None)
[2025-06-03T06:10:15.732+0000] {subprocess.py:93} INFO - 25/06/03 06:10:15 INFO BlockManagerMaster: Registered BlockManager BlockManagerId(driver, 86069ee61878, 44069, None)
[2025-06-03T06:10:15.740+0000] {subprocess.py:93} INFO - 25/06/03 06:10:15 INFO BlockManager: Initialized BlockManager: BlockManagerId(driver, 86069ee61878, 44069, None)
[2025-06-03T06:11:01.712+0000] {subprocess.py:93} INFO - 25/06/03 06:11:01 INFO Executor: Told to re-register on heartbeat
[2025-06-03T06:11:01.729+0000] {subprocess.py:93} INFO - 25/06/03 06:11:01 INFO BlockManager: BlockManager BlockManagerId(driver, 86069ee61878, 44069, None) re-registering with master
[2025-06-03T06:11:01.730+0000] {subprocess.py:93} INFO - 25/06/03 06:11:01 INFO BlockManagerMaster: Registering BlockManager BlockManagerId(driver, 86069ee61878, 44069, None)
[2025-06-03T06:11:01.818+0000] {subprocess.py:93} INFO - 25/06/03 06:11:01 WARN Executor: Issue communicating with driver in heartbeater
[2025-06-03T06:11:01.819+0000] {subprocess.py:93} INFO - org.apache.spark.SparkException: Exception thrown in awaitResult:
[2025-06-03T06:11:01.819+0000] {subprocess.py:93} INFO - 	at org.apache.spark.util.SparkThreadUtils$.awaitResult(SparkThreadUtils.scala:56)
[2025-06-03T06:11:01.820+0000] {subprocess.py:93} INFO - 	at org.apache.spark.util.ThreadUtils$.awaitResult(ThreadUtils.scala:310)
[2025-06-03T06:11:01.820+0000] {subprocess.py:93} INFO - 	at org.apache.spark.rpc.RpcTimeout.awaitResult(RpcTimeout.scala:75)
[2025-06-03T06:11:01.820+0000] {subprocess.py:93} INFO - 	at org.apache.spark.rpc.RpcEndpointRef.askSync(RpcEndpointRef.scala:101)
[2025-06-03T06:11:01.820+0000] {subprocess.py:93} INFO - 	at org.apache.spark.rpc.RpcEndpointRef.askSync(RpcEndpointRef.scala:85)
[2025-06-03T06:11:01.821+0000] {subprocess.py:93} INFO - 	at org.apache.spark.storage.BlockManagerMaster.registerBlockManager(BlockManagerMaster.scala:80)
[2025-06-03T06:11:01.821+0000] {subprocess.py:93} INFO - 	at org.apache.spark.storage.BlockManager.reregister(BlockManager.scala:642)
[2025-06-03T06:11:01.821+0000] {subprocess.py:93} INFO - 	at org.apache.spark.executor.Executor.reportHeartBeat(Executor.scala:1240)
[2025-06-03T06:11:01.822+0000] {subprocess.py:93} INFO - 	at org.apache.spark.executor.Executor.$anonfun$heartbeater$1(Executor.scala:296)
[2025-06-03T06:11:01.822+0000] {subprocess.py:93} INFO - 	at scala.runtime.java8.JFunction0$mcV$sp.apply(JFunction0$mcV$sp.java:23)
[2025-06-03T06:11:01.829+0000] {subprocess.py:93} INFO - 	at org.apache.spark.util.Utils$.logUncaughtExceptions(Utils.scala:1928)
[2025-06-03T06:11:01.830+0000] {subprocess.py:93} INFO - 	at org.apache.spark.Heartbeater$$anon$1.run(Heartbeater.scala:46)
[2025-06-03T06:11:01.830+0000] {subprocess.py:93} INFO - 	at java.base/java.util.concurrent.Executors$RunnableAdapter.call(Executors.java:515)
[2025-06-03T06:11:01.831+0000] {subprocess.py:93} INFO - 	at java.base/java.util.concurrent.FutureTask.runAndReset(FutureTask.java:305)
[2025-06-03T06:11:01.831+0000] {subprocess.py:93} INFO - 	at java.base/java.util.concurrent.ScheduledThreadPoolExecutor$ScheduledFutureTask.run(ScheduledThreadPoolExecutor.java:305)
[2025-06-03T06:11:01.831+0000] {subprocess.py:93} INFO - 	at java.base/java.util.concurrent.ThreadPoolExecutor.runWorker(ThreadPoolExecutor.java:1128)
[2025-06-03T06:11:01.831+0000] {subprocess.py:93} INFO - 	at java.base/java.util.concurrent.ThreadPoolExecutor$Worker.run(ThreadPoolExecutor.java:628)
[2025-06-03T06:11:01.832+0000] {subprocess.py:93} INFO - 	at java.base/java.lang.Thread.run(Thread.java:829)
[2025-06-03T06:11:01.832+0000] {subprocess.py:93} INFO - Caused by: org.apache.spark.SparkException: Exception thrown in awaitResult:
[2025-06-03T06:11:01.832+0000] {subprocess.py:93} INFO - 	at org.apache.spark.util.SparkThreadUtils$.awaitResult(SparkThreadUtils.scala:56)
[2025-06-03T06:11:01.833+0000] {subprocess.py:93} INFO - 	at org.apache.spark.util.ThreadUtils$.awaitResult(ThreadUtils.scala:310)
[2025-06-03T06:11:01.833+0000] {subprocess.py:93} INFO - 	at org.apache.spark.rpc.RpcTimeout.awaitResult(RpcTimeout.scala:75)
[2025-06-03T06:11:01.842+0000] {subprocess.py:93} INFO - 	at org.apache.spark.rpc.RpcEnv.setupEndpointRefByURI(RpcEnv.scala:102)
[2025-06-03T06:11:01.842+0000] {subprocess.py:93} INFO - 	at org.apache.spark.rpc.RpcEnv.setupEndpointRef(RpcEnv.scala:110)
[2025-06-03T06:11:01.843+0000] {subprocess.py:93} INFO - 	at org.apache.spark.util.RpcUtils$.makeDriverRef(RpcUtils.scala:36)
[2025-06-03T06:11:01.843+0000] {subprocess.py:93} INFO - 	at org.apache.spark.storage.BlockManagerMasterEndpoint.driverEndpoint$lzycompute(BlockManagerMasterEndpoint.scala:124)
[2025-06-03T06:11:01.843+0000] {subprocess.py:93} INFO - 	at org.apache.spark.storage.BlockManagerMasterEndpoint.org$apache$spark$storage$BlockManagerMasterEndpoint$$driverEndpoint(BlockManagerMasterEndpoint.scala:123)
[2025-06-03T06:11:01.844+0000] {subprocess.py:93} INFO - 	at org.apache.spark.storage.BlockManagerMasterEndpoint.isExecutorAlive$lzycompute$1(BlockManagerMasterEndpoint.scala:688)
[2025-06-03T06:11:01.844+0000] {subprocess.py:93} INFO - 	at org.apache.spark.storage.BlockManagerMasterEndpoint.isExecutorAlive$1(BlockManagerMasterEndpoint.scala:687)
[2025-06-03T06:11:01.844+0000] {subprocess.py:93} INFO - 	at org.apache.spark.storage.BlockManagerMasterEndpoint.org$apache$spark$storage$BlockManagerMasterEndpoint$$register(BlockManagerMasterEndpoint.scala:725)
[2025-06-03T06:11:01.845+0000] {subprocess.py:93} INFO - 	at org.apache.spark.storage.BlockManagerMasterEndpoint$$anonfun$receiveAndReply$1.applyOrElse(BlockManagerMasterEndpoint.scala:133)
[2025-06-03T06:11:01.845+0000] {subprocess.py:93} INFO - 	at org.apache.spark.rpc.netty.Inbox.$anonfun$process$1(Inbox.scala:103)
[2025-06-03T06:11:01.852+0000] {subprocess.py:93} INFO - 	at org.apache.spark.rpc.netty.Inbox.safelyCall(Inbox.scala:213)
[2025-06-03T06:11:01.853+0000] {subprocess.py:93} INFO - 	at org.apache.spark.rpc.netty.Inbox.process(Inbox.scala:100)
[2025-06-03T06:11:01.853+0000] {subprocess.py:93} INFO - 	at org.apache.spark.rpc.netty.MessageLoop.org$apache$spark$rpc$netty$MessageLoop$$receiveLoop(MessageLoop.scala:75)
[2025-06-03T06:11:01.854+0000] {subprocess.py:93} INFO - 	at org.apache.spark.rpc.netty.MessageLoop$$anon$1.run(MessageLoop.scala:41)
[2025-06-03T06:11:01.854+0000] {subprocess.py:93} INFO - 	... 3 more
[2025-06-03T06:11:01.854+0000] {subprocess.py:93} INFO - Caused by: org.apache.spark.rpc.RpcEndpointNotFoundException: Cannot find endpoint: spark://CoarseGrainedScheduler@86069ee61878:38365
[2025-06-03T06:11:01.855+0000] {subprocess.py:93} INFO - 	at org.apache.spark.rpc.netty.NettyRpcEnv.$anonfun$asyncSetupEndpointRefByURI$1(NettyRpcEnv.scala:148)
[2025-06-03T06:11:01.855+0000] {subprocess.py:93} INFO - 	at org.apache.spark.rpc.netty.NettyRpcEnv.$anonfun$asyncSetupEndpointRefByURI$1$adapted(NettyRpcEnv.scala:144)
[2025-06-03T06:11:01.855+0000] {subprocess.py:93} INFO - 	at scala.concurrent.Future.$anonfun$flatMap$1(Future.scala:307)
[2025-06-03T06:11:01.856+0000] {subprocess.py:93} INFO - 	at scala.concurrent.impl.Promise.$anonfun$transformWith$1(Promise.scala:41)
[2025-06-03T06:11:01.856+0000] {subprocess.py:93} INFO - 	at scala.concurrent.impl.CallbackRunnable.run(Promise.scala:64)
[2025-06-03T06:11:01.856+0000] {subprocess.py:93} INFO - 	at org.apache.spark.util.ThreadUtils$$anon$1.execute(ThreadUtils.scala:99)
[2025-06-03T06:11:01.868+0000] {subprocess.py:93} INFO - 	at scala.concurrent.impl.ExecutionContextImpl$$anon$4.execute(ExecutionContextImpl.scala:138)
[2025-06-03T06:11:01.868+0000] {subprocess.py:93} INFO - 	at scala.concurrent.impl.CallbackRunnable.executeWithValue(Promise.scala:72)
[2025-06-03T06:11:01.868+0000] {subprocess.py:93} INFO - 	at scala.concurrent.impl.Promise$DefaultPromise.$anonfun$tryComplete$1(Promise.scala:288)
[2025-06-03T06:11:01.869+0000] {subprocess.py:93} INFO - 	at scala.concurrent.impl.Promise$DefaultPromise.$anonfun$tryComplete$1$adapted(Promise.scala:288)
[2025-06-03T06:11:01.869+0000] {subprocess.py:93} INFO - 	at scala.concurrent.impl.Promise$DefaultPromise.tryComplete(Promise.scala:288)
[2025-06-03T06:11:01.869+0000] {subprocess.py:93} INFO - 	at scala.concurrent.Promise.complete(Promise.scala:53)
[2025-06-03T06:11:01.870+0000] {subprocess.py:93} INFO - 	at scala.concurrent.Promise.complete$(Promise.scala:52)
[2025-06-03T06:11:01.870+0000] {subprocess.py:93} INFO - 	at scala.concurrent.impl.Promise$DefaultPromise.complete(Promise.scala:187)
[2025-06-03T06:11:01.871+0000] {subprocess.py:93} INFO - 	at scala.concurrent.impl.Promise.$anonfun$transform$1(Promise.scala:33)
[2025-06-03T06:11:01.871+0000] {subprocess.py:93} INFO - 	at scala.concurrent.impl.CallbackRunnable.run(Promise.scala:64)
[2025-06-03T06:11:01.871+0000] {subprocess.py:93} INFO - 	at org.apache.spark.util.ThreadUtils$$anon$1.execute(ThreadUtils.scala:99)
[2025-06-03T06:11:01.872+0000] {subprocess.py:93} INFO - 	at scala.concurrent.impl.ExecutionContextImpl$$anon$4.execute(ExecutionContextImpl.scala:138)
[2025-06-03T06:11:01.872+0000] {subprocess.py:93} INFO - 	at scala.concurrent.impl.CallbackRunnable.executeWithValue(Promise.scala:72)
[2025-06-03T06:11:01.872+0000] {subprocess.py:93} INFO - 	at scala.concurrent.impl.Promise$DefaultPromise.$anonfun$tryComplete$1(Promise.scala:288)
[2025-06-03T06:11:01.873+0000] {subprocess.py:93} INFO - 	at scala.concurrent.impl.Promise$DefaultPromise.$anonfun$tryComplete$1$adapted(Promise.scala:288)
[2025-06-03T06:11:01.873+0000] {subprocess.py:93} INFO - 	at scala.concurrent.impl.Promise$DefaultPromise.tryComplete(Promise.scala:288)
[2025-06-03T06:11:01.873+0000] {subprocess.py:93} INFO - 	at scala.concurrent.Promise.complete(Promise.scala:53)
[2025-06-03T06:11:01.873+0000] {subprocess.py:93} INFO - 	at scala.concurrent.Promise.complete$(Promise.scala:52)
[2025-06-03T06:11:01.874+0000] {subprocess.py:93} INFO - 	at scala.concurrent.impl.Promise$DefaultPromise.complete(Promise.scala:187)
[2025-06-03T06:11:01.874+0000] {subprocess.py:93} INFO - 	at scala.concurrent.impl.Promise.$anonfun$transform$1(Promise.scala:33)
[2025-06-03T06:11:01.882+0000] {subprocess.py:93} INFO - 	at scala.concurrent.impl.CallbackRunnable.run(Promise.scala:64)
[2025-06-03T06:11:01.882+0000] {subprocess.py:93} INFO - 	at scala.concurrent.BatchingExecutor$Batch.processBatch$1(BatchingExecutor.scala:67)
[2025-06-03T06:11:01.882+0000] {subprocess.py:93} INFO - 	at scala.concurrent.BatchingExecutor$Batch.$anonfun$run$1(BatchingExecutor.scala:82)
[2025-06-03T06:11:01.883+0000] {subprocess.py:93} INFO - 	at scala.runtime.java8.JFunction0$mcV$sp.apply(JFunction0$mcV$sp.java:23)
[2025-06-03T06:11:01.883+0000] {subprocess.py:93} INFO - 	at scala.concurrent.BlockContext$.withBlockContext(BlockContext.scala:85)
[2025-06-03T06:11:01.883+0000] {subprocess.py:93} INFO - 	at scala.concurrent.BatchingExecutor$Batch.run(BatchingExecutor.scala:59)
[2025-06-03T06:11:01.884+0000] {subprocess.py:93} INFO - 	at scala.concurrent.Future$InternalCallbackExecutor$.unbatchedExecute(Future.scala:875)
[2025-06-03T06:11:01.884+0000] {subprocess.py:93} INFO - 	at scala.concurrent.BatchingExecutor.execute(BatchingExecutor.scala:110)
[2025-06-03T06:11:01.884+0000] {subprocess.py:93} INFO - 	at scala.concurrent.BatchingExecutor.execute$(BatchingExecutor.scala:107)
[2025-06-03T06:11:01.885+0000] {subprocess.py:93} INFO - 	at scala.concurrent.Future$InternalCallbackExecutor$.execute(Future.scala:873)
[2025-06-03T06:11:01.885+0000] {subprocess.py:93} INFO - 	at scala.concurrent.impl.CallbackRunnable.executeWithValue(Promise.scala:72)
[2025-06-03T06:11:01.896+0000] {subprocess.py:93} INFO - 	at scala.concurrent.impl.Promise$DefaultPromise.$anonfun$tryComplete$1(Promise.scala:288)
[2025-06-03T06:11:01.897+0000] {subprocess.py:93} INFO - 	at scala.concurrent.impl.Promise$DefaultPromise.$anonfun$tryComplete$1$adapted(Promise.scala:288)
[2025-06-03T06:11:01.897+0000] {subprocess.py:93} INFO - 	at scala.concurrent.impl.Promise$DefaultPromise.tryComplete(Promise.scala:288)
[2025-06-03T06:11:01.897+0000] {subprocess.py:93} INFO - 	at scala.concurrent.Promise.trySuccess(Promise.scala:94)
[2025-06-03T06:11:01.898+0000] {subprocess.py:93} INFO - 	at scala.concurrent.Promise.trySuccess$(Promise.scala:94)
[2025-06-03T06:11:01.898+0000] {subprocess.py:93} INFO - 	at scala.concurrent.impl.Promise$DefaultPromise.trySuccess(Promise.scala:187)
[2025-06-03T06:11:01.898+0000] {subprocess.py:93} INFO - 	at org.apache.spark.rpc.netty.NettyRpcEnv.onSuccess$1(NettyRpcEnv.scala:225)
[2025-06-03T06:11:01.899+0000] {subprocess.py:93} INFO - 	at org.apache.spark.rpc.netty.NettyRpcEnv.$anonfun$askAbortable$5(NettyRpcEnv.scala:239)
[2025-06-03T06:11:01.899+0000] {subprocess.py:93} INFO - 	at org.apache.spark.rpc.netty.NettyRpcEnv.$anonfun$askAbortable$5$adapted(NettyRpcEnv.scala:238)
[2025-06-03T06:11:01.899+0000] {subprocess.py:93} INFO - 	at scala.concurrent.impl.CallbackRunnable.run(Promise.scala:64)
[2025-06-03T06:11:01.900+0000] {subprocess.py:93} INFO - 	at org.apache.spark.util.ThreadUtils$$anon$1.execute(ThreadUtils.scala:99)
[2025-06-03T06:11:01.900+0000] {subprocess.py:93} INFO - 	at scala.concurrent.impl.ExecutionContextImpl$$anon$4.execute(ExecutionContextImpl.scala:138)
[2025-06-03T06:11:01.910+0000] {subprocess.py:93} INFO - 	at scala.concurrent.impl.CallbackRunnable.executeWithValue(Promise.scala:72)
[2025-06-03T06:11:01.910+0000] {subprocess.py:93} INFO - 	at scala.concurrent.impl.Promise$DefaultPromise.$anonfun$tryComplete$1(Promise.scala:288)
[2025-06-03T06:11:01.910+0000] {subprocess.py:93} INFO - 	at scala.concurrent.impl.Promise$DefaultPromise.$anonfun$tryComplete$1$adapted(Promise.scala:288)
[2025-06-03T06:11:01.911+0000] {subprocess.py:93} INFO - 	at scala.concurrent.impl.Promise$DefaultPromise.tryComplete(Promise.scala:288)
[2025-06-03T06:11:01.911+0000] {subprocess.py:93} INFO - 	at scala.concurrent.Promise.complete(Promise.scala:53)
[2025-06-03T06:11:01.911+0000] {subprocess.py:93} INFO - 	at scala.concurrent.Promise.complete$(Promise.scala:52)
[2025-06-03T06:11:01.912+0000] {subprocess.py:93} INFO - 	at scala.concurrent.impl.Promise$DefaultPromise.complete(Promise.scala:187)
[2025-06-03T06:11:01.912+0000] {subprocess.py:93} INFO - 	at scala.concurrent.Promise.success(Promise.scala:86)
[2025-06-03T06:11:01.912+0000] {subprocess.py:93} INFO - 	at scala.concurrent.Promise.success$(Promise.scala:86)
[2025-06-03T06:11:01.913+0000] {subprocess.py:93} INFO - 	at scala.concurrent.impl.Promise$DefaultPromise.success(Promise.scala:187)
[2025-06-03T06:11:01.913+0000] {subprocess.py:93} INFO - 	at org.apache.spark.rpc.netty.LocalNettyRpcCallContext.send(NettyRpcCallContext.scala:50)
[2025-06-03T06:11:01.918+0000] {subprocess.py:93} INFO - 	at org.apache.spark.rpc.netty.NettyRpcCallContext.reply(NettyRpcCallContext.scala:32)
[2025-06-03T06:11:01.918+0000] {subprocess.py:93} INFO - 	at org.apache.spark.rpc.netty.RpcEndpointVerifier$$anonfun$receiveAndReply$1.applyOrElse(RpcEndpointVerifier.scala:31)
[2025-06-03T06:11:01.919+0000] {subprocess.py:93} INFO - 	... 8 more
[2025-06-03T06:11:01.919+0000] {subprocess.py:93} INFO - 25/06/03 06:11:01 ERROR Inbox: Ignoring error
[2025-06-03T06:11:01.919+0000] {subprocess.py:93} INFO - org.apache.spark.SparkException: Exception thrown in awaitResult:
[2025-06-03T06:11:01.920+0000] {subprocess.py:93} INFO - 	at org.apache.spark.util.SparkThreadUtils$.awaitResult(SparkThreadUtils.scala:56)
[2025-06-03T06:11:01.920+0000] {subprocess.py:93} INFO - 	at org.apache.spark.util.ThreadUtils$.awaitResult(ThreadUtils.scala:310)
[2025-06-03T06:11:01.920+0000] {subprocess.py:93} INFO - 	at org.apache.spark.rpc.RpcTimeout.awaitResult(RpcTimeout.scala:75)
[2025-06-03T06:11:01.921+0000] {subprocess.py:93} INFO - 	at org.apache.spark.rpc.RpcEnv.setupEndpointRefByURI(RpcEnv.scala:102)
[2025-06-03T06:11:01.921+0000] {subprocess.py:93} INFO - 	at org.apache.spark.rpc.RpcEnv.setupEndpointRef(RpcEnv.scala:110)
[2025-06-03T06:11:01.928+0000] {subprocess.py:93} INFO - 	at org.apache.spark.util.RpcUtils$.makeDriverRef(RpcUtils.scala:36)
[2025-06-03T06:11:01.929+0000] {subprocess.py:93} INFO - 	at org.apache.spark.storage.BlockManagerMasterEndpoint.driverEndpoint$lzycompute(BlockManagerMasterEndpoint.scala:124)
[2025-06-03T06:11:01.929+0000] {subprocess.py:93} INFO - 	at org.apache.spark.storage.BlockManagerMasterEndpoint.org$apache$spark$storage$BlockManagerMasterEndpoint$$driverEndpoint(BlockManagerMasterEndpoint.scala:123)
[2025-06-03T06:11:01.930+0000] {subprocess.py:93} INFO - 	at org.apache.spark.storage.BlockManagerMasterEndpoint.isExecutorAlive$lzycompute$1(BlockManagerMasterEndpoint.scala:688)
[2025-06-03T06:11:01.930+0000] {subprocess.py:93} INFO - 	at org.apache.spark.storage.BlockManagerMasterEndpoint.isExecutorAlive$1(BlockManagerMasterEndpoint.scala:687)
[2025-06-03T06:11:01.930+0000] {subprocess.py:93} INFO - 	at org.apache.spark.storage.BlockManagerMasterEndpoint.org$apache$spark$storage$BlockManagerMasterEndpoint$$register(BlockManagerMasterEndpoint.scala:725)
[2025-06-03T06:11:01.931+0000] {subprocess.py:93} INFO - 	at org.apache.spark.storage.BlockManagerMasterEndpoint$$anonfun$receiveAndReply$1.applyOrElse(BlockManagerMasterEndpoint.scala:133)
[2025-06-03T06:11:01.931+0000] {subprocess.py:93} INFO - 	at org.apache.spark.rpc.netty.Inbox.$anonfun$process$1(Inbox.scala:103)
[2025-06-03T06:11:01.937+0000] {subprocess.py:93} INFO - 	at org.apache.spark.rpc.netty.Inbox.safelyCall(Inbox.scala:213)
[2025-06-03T06:11:01.937+0000] {subprocess.py:93} INFO - 	at org.apache.spark.rpc.netty.Inbox.process(Inbox.scala:100)
[2025-06-03T06:11:01.937+0000] {subprocess.py:93} INFO - 	at org.apache.spark.rpc.netty.MessageLoop.org$apache$spark$rpc$netty$MessageLoop$$receiveLoop(MessageLoop.scala:75)
[2025-06-03T06:11:01.938+0000] {subprocess.py:93} INFO - 	at org.apache.spark.rpc.netty.MessageLoop$$anon$1.run(MessageLoop.scala:41)
[2025-06-03T06:11:01.938+0000] {subprocess.py:93} INFO - 	at java.base/java.util.concurrent.ThreadPoolExecutor.runWorker(ThreadPoolExecutor.java:1128)
[2025-06-03T06:11:01.939+0000] {subprocess.py:93} INFO - 	at java.base/java.util.concurrent.ThreadPoolExecutor$Worker.run(ThreadPoolExecutor.java:628)
[2025-06-03T06:11:01.939+0000] {subprocess.py:93} INFO - 	at java.base/java.lang.Thread.run(Thread.java:829)
[2025-06-03T06:11:01.943+0000] {subprocess.py:93} INFO - Caused by: org.apache.spark.rpc.RpcEndpointNotFoundException: Cannot find endpoint: spark://CoarseGrainedScheduler@86069ee61878:38365
[2025-06-03T06:11:01.944+0000] {subprocess.py:93} INFO - 	at org.apache.spark.rpc.netty.NettyRpcEnv.$anonfun$asyncSetupEndpointRefByURI$1(NettyRpcEnv.scala:148)
[2025-06-03T06:11:01.944+0000] {subprocess.py:93} INFO - 	at org.apache.spark.rpc.netty.NettyRpcEnv.$anonfun$asyncSetupEndpointRefByURI$1$adapted(NettyRpcEnv.scala:144)
[2025-06-03T06:11:01.945+0000] {subprocess.py:93} INFO - 	at scala.concurrent.Future.$anonfun$flatMap$1(Future.scala:307)
[2025-06-03T06:11:01.945+0000] {subprocess.py:93} INFO - 	at scala.concurrent.impl.Promise.$anonfun$transformWith$1(Promise.scala:41)
[2025-06-03T06:11:01.945+0000] {subprocess.py:93} INFO - 	at scala.concurrent.impl.CallbackRunnable.run(Promise.scala:64)
[2025-06-03T06:11:01.946+0000] {subprocess.py:93} INFO - 	at org.apache.spark.util.ThreadUtils$$anon$1.execute(ThreadUtils.scala:99)
[2025-06-03T06:11:01.946+0000] {subprocess.py:93} INFO - 	at scala.concurrent.impl.ExecutionContextImpl$$anon$4.execute(ExecutionContextImpl.scala:138)
[2025-06-03T06:11:01.951+0000] {subprocess.py:93} INFO - 	at scala.concurrent.impl.CallbackRunnable.executeWithValue(Promise.scala:72)
[2025-06-03T06:11:01.951+0000] {subprocess.py:93} INFO - 	at scala.concurrent.impl.Promise$DefaultPromise.$anonfun$tryComplete$1(Promise.scala:288)
[2025-06-03T06:11:01.951+0000] {subprocess.py:93} INFO - 	at scala.concurrent.impl.Promise$DefaultPromise.$anonfun$tryComplete$1$adapted(Promise.scala:288)
[2025-06-03T06:11:01.952+0000] {subprocess.py:93} INFO - 	at scala.concurrent.impl.Promise$DefaultPromise.tryComplete(Promise.scala:288)
[2025-06-03T06:11:01.952+0000] {subprocess.py:93} INFO - 	at scala.concurrent.Promise.complete(Promise.scala:53)
[2025-06-03T06:11:01.952+0000] {subprocess.py:93} INFO - 	at scala.concurrent.Promise.complete$(Promise.scala:52)
[2025-06-03T06:11:01.953+0000] {subprocess.py:93} INFO - 	at scala.concurrent.impl.Promise$DefaultPromise.complete(Promise.scala:187)
[2025-06-03T06:11:01.953+0000] {subprocess.py:93} INFO - 	at scala.concurrent.impl.Promise.$anonfun$transform$1(Promise.scala:33)
[2025-06-03T06:11:01.961+0000] {subprocess.py:93} INFO - 	at scala.concurrent.impl.CallbackRunnable.run(Promise.scala:64)
[2025-06-03T06:11:01.961+0000] {subprocess.py:93} INFO - 	at org.apache.spark.util.ThreadUtils$$anon$1.execute(ThreadUtils.scala:99)
[2025-06-03T06:11:01.962+0000] {subprocess.py:93} INFO - 	at scala.concurrent.impl.ExecutionContextImpl$$anon$4.execute(ExecutionContextImpl.scala:138)
[2025-06-03T06:11:01.962+0000] {subprocess.py:93} INFO - 	at scala.concurrent.impl.CallbackRunnable.executeWithValue(Promise.scala:72)
[2025-06-03T06:11:01.962+0000] {subprocess.py:93} INFO - 	at scala.concurrent.impl.Promise$DefaultPromise.$anonfun$tryComplete$1(Promise.scala:288)
[2025-06-03T06:11:01.963+0000] {subprocess.py:93} INFO - 	at scala.concurrent.impl.Promise$DefaultPromise.$anonfun$tryComplete$1$adapted(Promise.scala:288)
[2025-06-03T06:11:01.963+0000] {subprocess.py:93} INFO - 	at scala.concurrent.impl.Promise$DefaultPromise.tryComplete(Promise.scala:288)
[2025-06-03T06:11:01.967+0000] {subprocess.py:93} INFO - 	at scala.concurrent.Promise.complete(Promise.scala:53)
[2025-06-03T06:11:01.967+0000] {subprocess.py:93} INFO - 	at scala.concurrent.Promise.complete$(Promise.scala:52)
[2025-06-03T06:11:01.967+0000] {subprocess.py:93} INFO - 	at scala.concurrent.impl.Promise$DefaultPromise.complete(Promise.scala:187)
[2025-06-03T06:11:01.968+0000] {subprocess.py:93} INFO - 	at scala.concurrent.impl.Promise.$anonfun$transform$1(Promise.scala:33)
[2025-06-03T06:11:01.968+0000] {subprocess.py:93} INFO - 	at scala.concurrent.impl.CallbackRunnable.run(Promise.scala:64)
[2025-06-03T06:11:01.968+0000] {subprocess.py:93} INFO - 	at scala.concurrent.BatchingExecutor$Batch.processBatch$1(BatchingExecutor.scala:67)
[2025-06-03T06:11:01.969+0000] {subprocess.py:93} INFO - 	at scala.concurrent.BatchingExecutor$Batch.$anonfun$run$1(BatchingExecutor.scala:82)
[2025-06-03T06:11:01.969+0000] {subprocess.py:93} INFO - 	at scala.runtime.java8.JFunction0$mcV$sp.apply(JFunction0$mcV$sp.java:23)
[2025-06-03T06:11:01.970+0000] {subprocess.py:93} INFO - 	at scala.concurrent.BlockContext$.withBlockContext(BlockContext.scala:85)
[2025-06-03T06:11:01.970+0000] {subprocess.py:93} INFO - 	at scala.concurrent.BatchingExecutor$Batch.run(BatchingExecutor.scala:59)
[2025-06-03T06:11:01.974+0000] {subprocess.py:93} INFO - 	at scala.concurrent.Future$InternalCallbackExecutor$.unbatchedExecute(Future.scala:875)
[2025-06-03T06:11:01.975+0000] {subprocess.py:93} INFO - 	at scala.concurrent.BatchingExecutor.execute(BatchingExecutor.scala:110)
[2025-06-03T06:11:01.975+0000] {subprocess.py:93} INFO - 	at scala.concurrent.BatchingExecutor.execute$(BatchingExecutor.scala:107)
[2025-06-03T06:11:01.975+0000] {subprocess.py:93} INFO - 	at scala.concurrent.Future$InternalCallbackExecutor$.execute(Future.scala:873)
[2025-06-03T06:11:01.976+0000] {subprocess.py:93} INFO - 	at scala.concurrent.impl.CallbackRunnable.executeWithValue(Promise.scala:72)
[2025-06-03T06:11:01.976+0000] {subprocess.py:93} INFO - 	at scala.concurrent.impl.Promise$DefaultPromise.$anonfun$tryComplete$1(Promise.scala:288)
[2025-06-03T06:11:01.976+0000] {subprocess.py:93} INFO - 	at scala.concurrent.impl.Promise$DefaultPromise.$anonfun$tryComplete$1$adapted(Promise.scala:288)
[2025-06-03T06:11:01.976+0000] {subprocess.py:93} INFO - 	at scala.concurrent.impl.Promise$DefaultPromise.tryComplete(Promise.scala:288)
[2025-06-03T06:11:01.977+0000] {subprocess.py:93} INFO - 	at scala.concurrent.Promise.trySuccess(Promise.scala:94)
[2025-06-03T06:11:01.977+0000] {subprocess.py:93} INFO - 	at scala.concurrent.Promise.trySuccess$(Promise.scala:94)
[2025-06-03T06:11:01.977+0000] {subprocess.py:93} INFO - 	at scala.concurrent.impl.Promise$DefaultPromise.trySuccess(Promise.scala:187)
[2025-06-03T06:11:01.977+0000] {subprocess.py:93} INFO - 	at org.apache.spark.rpc.netty.NettyRpcEnv.onSuccess$1(NettyRpcEnv.scala:225)
[2025-06-03T06:11:01.978+0000] {subprocess.py:93} INFO - 	at org.apache.spark.rpc.netty.NettyRpcEnv.$anonfun$askAbortable$5(NettyRpcEnv.scala:239)
[2025-06-03T06:11:01.978+0000] {subprocess.py:93} INFO - 	at org.apache.spark.rpc.netty.NettyRpcEnv.$anonfun$askAbortable$5$adapted(NettyRpcEnv.scala:238)
[2025-06-03T06:11:01.978+0000] {subprocess.py:93} INFO - 	at scala.concurrent.impl.CallbackRunnable.run(Promise.scala:64)
[2025-06-03T06:11:01.979+0000] {subprocess.py:93} INFO - 	at org.apache.spark.util.ThreadUtils$$anon$1.execute(ThreadUtils.scala:99)
[2025-06-03T06:11:01.980+0000] {subprocess.py:93} INFO - 	at scala.concurrent.impl.ExecutionContextImpl$$anon$4.execute(ExecutionContextImpl.scala:138)
[2025-06-03T06:11:01.980+0000] {subprocess.py:93} INFO - 	at scala.concurrent.impl.CallbackRunnable.executeWithValue(Promise.scala:72)
[2025-06-03T06:11:01.980+0000] {subprocess.py:93} INFO - 	at scala.concurrent.impl.Promise$DefaultPromise.$anonfun$tryComplete$1(Promise.scala:288)
[2025-06-03T06:11:01.980+0000] {subprocess.py:93} INFO - 	at scala.concurrent.impl.Promise$DefaultPromise.$anonfun$tryComplete$1$adapted(Promise.scala:288)
[2025-06-03T06:11:01.981+0000] {subprocess.py:93} INFO - 	at scala.concurrent.impl.Promise$DefaultPromise.tryComplete(Promise.scala:288)
[2025-06-03T06:11:01.982+0000] {subprocess.py:93} INFO - 	at scala.concurrent.Promise.complete(Promise.scala:53)
[2025-06-03T06:11:01.982+0000] {subprocess.py:93} INFO - 	at scala.concurrent.Promise.complete$(Promise.scala:52)
[2025-06-03T06:11:01.982+0000] {subprocess.py:93} INFO - 	at scala.concurrent.impl.Promise$DefaultPromise.complete(Promise.scala:187)
[2025-06-03T06:11:01.982+0000] {subprocess.py:93} INFO - 	at scala.concurrent.Promise.success(Promise.scala:86)
[2025-06-03T06:11:01.983+0000] {subprocess.py:93} INFO - 	at scala.concurrent.Promise.success$(Promise.scala:86)
[2025-06-03T06:11:01.983+0000] {subprocess.py:93} INFO - 	at scala.concurrent.impl.Promise$DefaultPromise.success(Promise.scala:187)
[2025-06-03T06:11:01.983+0000] {subprocess.py:93} INFO - 	at org.apache.spark.rpc.netty.LocalNettyRpcCallContext.send(NettyRpcCallContext.scala:50)
[2025-06-03T06:11:01.983+0000] {subprocess.py:93} INFO - 	at org.apache.spark.rpc.netty.NettyRpcCallContext.reply(NettyRpcCallContext.scala:32)
[2025-06-03T06:11:01.983+0000] {subprocess.py:93} INFO - 	at org.apache.spark.rpc.netty.RpcEndpointVerifier$$anonfun$receiveAndReply$1.applyOrElse(RpcEndpointVerifier.scala:31)
[2025-06-03T06:11:01.984+0000] {subprocess.py:93} INFO - 	... 8 more
[2025-06-03T06:11:04.881+0000] {subprocess.py:93} INFO - 25/06/03 06:11:04 INFO SharedState: Setting hive.metastore.warehouse.dir ('null') to the value of spark.sql.warehouse.dir.
[2025-06-03T06:11:05.184+0000] {subprocess.py:93} INFO - 25/06/03 06:11:05 INFO SharedState: Warehouse path is 'file:/tmp/airflowtmpqgoz56c6/spark-warehouse'.
[2025-06-03T06:11:56.299+0000] {subprocess.py:93} INFO - Traceback (most recent call last):
[2025-06-03T06:11:56.893+0000] {subprocess.py:93} INFO -   File "/opt/airflow/scripts/pyspark_jobs/extract_to_parquet.py", line 24, in <module>
[2025-06-03T06:11:56.894+0000] {subprocess.py:93} INFO -     .load()
[2025-06-03T06:11:56.894+0000] {subprocess.py:93} INFO -   File "/usr/local/spark/python/lib/pyspark.zip/pyspark/sql/readwriter.py", line 314, in load
[2025-06-03T06:11:59.626+0000] {subprocess.py:93} INFO -   File "/usr/local/spark/python/lib/py4j-0.10.9.7-src.zip/py4j/java_gateway.py", line 1322, in __call__
[2025-06-03T06:11:59.704+0000] {subprocess.py:93} INFO -   File "/usr/local/spark/python/lib/pyspark.zip/pyspark/errors/exceptions/captured.py", line 179, in deco
[2025-06-03T06:11:59.770+0000] {subprocess.py:93} INFO -   File "/usr/local/spark/python/lib/py4j-0.10.9.7-src.zip/py4j/protocol.py", line 326, in get_return_value
[2025-06-03T06:11:59.882+0000] {subprocess.py:93} INFO - py4j.protocol.Py4JJavaError: An error occurred while calling o30.load.
[2025-06-03T06:11:59.882+0000] {subprocess.py:93} INFO - : java.lang.ClassNotFoundException: org.postgresql.Driver
[2025-06-03T06:11:59.883+0000] {subprocess.py:93} INFO - 	at java.base/java.net.URLClassLoader.findClass(URLClassLoader.java:476)
[2025-06-03T06:11:59.883+0000] {subprocess.py:93} INFO - 	at java.base/java.lang.ClassLoader.loadClass(ClassLoader.java:594)
[2025-06-03T06:11:59.884+0000] {subprocess.py:93} INFO - 	at java.base/java.lang.ClassLoader.loadClass(ClassLoader.java:527)
[2025-06-03T06:11:59.884+0000] {subprocess.py:93} INFO - 	at org.apache.spark.sql.execution.datasources.jdbc.DriverRegistry$.register(DriverRegistry.scala:46)
[2025-06-03T06:11:59.884+0000] {subprocess.py:93} INFO - 	at org.apache.spark.sql.execution.datasources.jdbc.JDBCOptions.$anonfun$driverClass$1(JDBCOptions.scala:103)
[2025-06-03T06:11:59.884+0000] {subprocess.py:93} INFO - 	at org.apache.spark.sql.execution.datasources.jdbc.JDBCOptions.$anonfun$driverClass$1$adapted(JDBCOptions.scala:103)
[2025-06-03T06:11:59.884+0000] {subprocess.py:93} INFO - 	at scala.Option.foreach(Option.scala:407)
[2025-06-03T06:11:59.885+0000] {subprocess.py:93} INFO - 	at org.apache.spark.sql.execution.datasources.jdbc.JDBCOptions.<init>(JDBCOptions.scala:103)
[2025-06-03T06:11:59.885+0000] {subprocess.py:93} INFO - 	at org.apache.spark.sql.execution.datasources.jdbc.JDBCOptions.<init>(JDBCOptions.scala:41)
[2025-06-03T06:11:59.888+0000] {subprocess.py:93} INFO - 	at org.apache.spark.sql.execution.datasources.jdbc.JdbcRelationProvider.createRelation(JdbcRelationProvider.scala:34)
[2025-06-03T06:11:59.889+0000] {subprocess.py:93} INFO - 	at org.apache.spark.sql.execution.datasources.DataSource.resolveRelation(DataSource.scala:346)
[2025-06-03T06:11:59.889+0000] {subprocess.py:93} INFO - 	at org.apache.spark.sql.DataFrameReader.loadV1Source(DataFrameReader.scala:229)
[2025-06-03T06:11:59.889+0000] {subprocess.py:93} INFO - 	at org.apache.spark.sql.DataFrameReader.$anonfun$load$2(DataFrameReader.scala:211)
[2025-06-03T06:11:59.889+0000] {subprocess.py:93} INFO - 	at scala.Option.getOrElse(Option.scala:189)
[2025-06-03T06:11:59.890+0000] {subprocess.py:93} INFO - 	at org.apache.spark.sql.DataFrameReader.load(DataFrameReader.scala:211)
[2025-06-03T06:11:59.890+0000] {subprocess.py:93} INFO - 	at org.apache.spark.sql.DataFrameReader.load(DataFrameReader.scala:172)
[2025-06-03T06:11:59.890+0000] {subprocess.py:93} INFO - 	at java.base/jdk.internal.reflect.NativeMethodAccessorImpl.invoke0(Native Method)
[2025-06-03T06:11:59.891+0000] {subprocess.py:93} INFO - 	at java.base/jdk.internal.reflect.NativeMethodAccessorImpl.invoke(NativeMethodAccessorImpl.java:62)
[2025-06-03T06:11:59.891+0000] {subprocess.py:93} INFO - 	at java.base/jdk.internal.reflect.DelegatingMethodAccessorImpl.invoke(DelegatingMethodAccessorImpl.java:43)
[2025-06-03T06:11:59.892+0000] {subprocess.py:93} INFO - 	at java.base/java.lang.reflect.Method.invoke(Method.java:566)
[2025-06-03T06:11:59.892+0000] {subprocess.py:93} INFO - 	at py4j.reflection.MethodInvoker.invoke(MethodInvoker.java:244)
[2025-06-03T06:11:59.892+0000] {subprocess.py:93} INFO - 	at py4j.reflection.ReflectionEngine.invoke(ReflectionEngine.java:374)
[2025-06-03T06:11:59.892+0000] {subprocess.py:93} INFO - 	at py4j.Gateway.invoke(Gateway.java:282)
[2025-06-03T06:11:59.892+0000] {subprocess.py:93} INFO - 	at py4j.commands.AbstractCommand.invokeMethod(AbstractCommand.java:132)
[2025-06-03T06:11:59.893+0000] {subprocess.py:93} INFO - 	at py4j.commands.CallCommand.execute(CallCommand.java:79)
[2025-06-03T06:11:59.893+0000] {subprocess.py:93} INFO - 	at py4j.ClientServerConnection.waitForCommands(ClientServerConnection.java:182)
[2025-06-03T06:11:59.893+0000] {subprocess.py:93} INFO - 	at py4j.ClientServerConnection.run(ClientServerConnection.java:106)
[2025-06-03T06:11:59.893+0000] {subprocess.py:93} INFO - 	at java.base/java.lang.Thread.run(Thread.java:829)
[2025-06-03T06:11:59.894+0000] {subprocess.py:93} INFO - 
[2025-06-03T06:12:04.490+0000] {subprocess.py:93} INFO - 25/06/03 06:12:04 INFO SparkContext: Invoking stop() from shutdown hook
[2025-06-03T06:12:04.491+0000] {subprocess.py:93} INFO - 25/06/03 06:12:04 INFO SparkContext: SparkContext is stopping with exitCode 0.
[2025-06-03T06:12:05.637+0000] {subprocess.py:93} INFO - 25/06/03 06:12:05 INFO SparkUI: Stopped Spark web UI at http://86069ee61878:4054
[2025-06-03T06:12:06.429+0000] {subprocess.py:93} INFO - 25/06/03 06:12:06 INFO MapOutputTrackerMasterEndpoint: MapOutputTrackerMasterEndpoint stopped!
[2025-06-03T06:12:11.029+0000] {subprocess.py:93} INFO - 25/06/03 06:12:11 INFO MemoryStore: MemoryStore cleared
[2025-06-03T06:12:11.030+0000] {subprocess.py:93} INFO - 25/06/03 06:12:11 INFO BlockManager: BlockManager stopped
[2025-06-03T06:12:11.257+0000] {subprocess.py:93} INFO - 25/06/03 06:12:11 INFO BlockManagerMaster: BlockManagerMaster stopped
[2025-06-03T06:12:11.290+0000] {subprocess.py:93} INFO - 25/06/03 06:12:11 INFO OutputCommitCoordinator$OutputCommitCoordinatorEndpoint: OutputCommitCoordinator stopped!
[2025-06-03T06:12:11.359+0000] {subprocess.py:93} INFO - 25/06/03 06:12:11 INFO SparkContext: Successfully stopped SparkContext
[2025-06-03T06:12:11.363+0000] {subprocess.py:93} INFO - 25/06/03 06:12:11 INFO ShutdownHookManager: Shutdown hook called
[2025-06-03T06:12:11.363+0000] {subprocess.py:93} INFO - 25/06/03 06:12:11 INFO ShutdownHookManager: Deleting directory /tmp/spark-1fbd39c0-e5b1-4926-870d-dac17cc6f59f
[2025-06-03T06:12:11.810+0000] {subprocess.py:93} INFO - 25/06/03 06:12:11 INFO ShutdownHookManager: Deleting directory /tmp/spark-806a7854-7c08-452e-949b-7d2c8c8cbe50
[2025-06-03T06:12:11.824+0000] {subprocess.py:93} INFO - 25/06/03 06:12:11 INFO ShutdownHookManager: Deleting directory /tmp/spark-806a7854-7c08-452e-949b-7d2c8c8cbe50/pyspark-f6de714c-ab7e-41ea-9b23-a1dd6df04340
[2025-06-03T06:12:12.669+0000] {subprocess.py:97} INFO - Command exited with return code 1
[2025-06-03T06:12:27.716+0000] {taskinstance.py:2698} ERROR - Task failed with exception
Traceback (most recent call last):
  File "/home/airflow/.local/lib/python3.10/site-packages/airflow/models/taskinstance.py", line 433, in _execute_task
    result = execute_callable(context=context, **execute_callable_kwargs)
  File "/home/airflow/.local/lib/python3.10/site-packages/airflow/operators/bash.py", line 212, in execute
    raise AirflowException(
airflow.exceptions.AirflowException: Bash command failed. The command returned a non-zero exit code 1.
[2025-06-03T06:12:29.765+0000] {taskinstance.py:1138} INFO - Marking task as UP_FOR_RETRY. dag_id=ingest_raw_data_asia, task_id=extract_asia_asia_product_variants, execution_date=20250602T000000, start_date=20250603T060722, end_date=20250603T061228
[2025-06-03T06:12:32.759+0000] {standard_task_runner.py:107} ERROR - Failed to execute job 210 for task extract_asia_asia_product_variants (Bash command failed. The command returned a non-zero exit code 1.; 3362)
[2025-06-03T06:12:33.092+0000] {local_task_job_runner.py:234} INFO - Task exited with return code 1
[2025-06-03T06:13:43.896+0000] {taskinstance.py:3280} INFO - 0 downstream tasks scheduled from follow-on schedule check
