[2025-06-03T07:13:00.132+0000] {taskinstance.py:1956} INFO - Dependencies all met for dep_context=non-requeueable deps ti=<TaskInstance: ingest_raw_data_asia.extract_asia_asia_product_variants scheduled__2025-06-02T00:00:00+00:00 [queued]>
[2025-06-03T07:13:05.729+0000] {taskinstance.py:1956} INFO - Dependencies all met for dep_context=requeueable deps ti=<TaskInstance: ingest_raw_data_asia.extract_asia_asia_product_variants scheduled__2025-06-02T00:00:00+00:00 [queued]>
[2025-06-03T07:13:05.730+0000] {taskinstance.py:2170} INFO - Starting attempt 3 of 2
[2025-06-03T07:13:07.644+0000] {taskinstance.py:2191} INFO - Executing <Task(BashOperator): extract_asia_asia_product_variants> on 2025-06-02 00:00:00+00:00
[2025-06-03T07:13:07.662+0000] {standard_task_runner.py:60} INFO - Started process 3031 to run task
[2025-06-03T07:13:07.785+0000] {standard_task_runner.py:87} INFO - Running: ['airflow', 'tasks', 'run', 'ingest_raw_data_asia', 'extract_asia_asia_product_variants', 'scheduled__2025-06-02T00:00:00+00:00', '--job-id', '264', '--raw', '--subdir', 'DAGS_FOLDER/asia/landing.py', '--cfg-path', '/tmp/tmp6xadcwuf']
[2025-06-03T07:13:07.786+0000] {standard_task_runner.py:88} INFO - Job 264: Subtask extract_asia_asia_product_variants
[2025-06-03T07:13:08.179+0000] {logging_mixin.py:188} WARNING - /home/airflow/.local/lib/python3.10/site-packages/airflow/settings.py:194 DeprecationWarning: The sql_alchemy_conn option in [core] has been moved to the sql_alchemy_conn option in [database] - the old setting has been used, but please update your config.
[2025-06-03T07:13:08.428+0000] {task_command.py:423} INFO - Running <TaskInstance: ingest_raw_data_asia.extract_asia_asia_product_variants scheduled__2025-06-02T00:00:00+00:00 [running]> on host 86069ee61878
[2025-06-03T07:13:16.276+0000] {taskinstance.py:2480} INFO - Exporting env vars: AIRFLOW_CTX_DAG_OWNER='airflow' AIRFLOW_CTX_DAG_ID='ingest_raw_data_asia' AIRFLOW_CTX_TASK_ID='extract_asia_asia_product_variants' AIRFLOW_CTX_EXECUTION_DATE='2025-06-02T00:00:00+00:00' AIRFLOW_CTX_TRY_NUMBER='3' AIRFLOW_CTX_DAG_RUN_ID='scheduled__2025-06-02T00:00:00+00:00'
[2025-06-03T07:13:16.440+0000] {subprocess.py:63} INFO - Tmp dir root location: /tmp
[2025-06-03T07:13:16.532+0000] {subprocess.py:75} INFO - Running command: ['/usr/bin/bash', '-c', '\n                spark-submit                     /opt/airflow/scripts/pyspark_jobs/extract_to_parquet.py                     asia.product_variants "jdbc:postgresql://retail-postgres:5432/retail_etl" retail-etl retail_etl 2025-06-02\n            ']
[2025-06-03T07:13:16.910+0000] {subprocess.py:86} INFO - Output:
[2025-06-03T07:14:06.859+0000] {subprocess.py:93} INFO - 25/06/03 07:14:06 INFO SparkContext: Running Spark version 3.5.6
[2025-06-03T07:14:07.017+0000] {subprocess.py:93} INFO - 25/06/03 07:14:06 INFO SparkContext: OS info Linux, 6.11.0-26-generic, amd64
[2025-06-03T07:14:07.018+0000] {subprocess.py:93} INFO - 25/06/03 07:14:06 INFO SparkContext: Java version 11.0.24
[2025-06-03T07:14:07.329+0000] {subprocess.py:93} INFO - 25/06/03 07:14:07 WARN NativeCodeLoader: Unable to load native-hadoop library for your platform... using builtin-java classes where applicable
[2025-06-03T07:14:07.686+0000] {subprocess.py:93} INFO - 25/06/03 07:14:07 INFO ResourceUtils: ==============================================================
[2025-06-03T07:14:07.689+0000] {subprocess.py:93} INFO - 25/06/03 07:14:07 INFO ResourceUtils: No custom resources configured for spark.driver.
[2025-06-03T07:14:07.692+0000] {subprocess.py:93} INFO - 25/06/03 07:14:07 INFO ResourceUtils: ==============================================================
[2025-06-03T07:14:07.693+0000] {subprocess.py:93} INFO - 25/06/03 07:14:07 INFO SparkContext: Submitted application: Extract_asia_asia.product_variants
[2025-06-03T07:14:07.794+0000] {subprocess.py:93} INFO - 25/06/03 07:14:07 INFO ResourceProfile: Default ResourceProfile created, executor resources: Map(cores -> name: cores, amount: 1, script: , vendor: , memory -> name: memory, amount: 1024, script: , vendor: , offHeap -> name: offHeap, amount: 0, script: , vendor: ), task resources: Map(cpus -> name: cpus, amount: 1.0)
[2025-06-03T07:14:07.821+0000] {subprocess.py:93} INFO - 25/06/03 07:14:07 INFO ResourceProfile: Limiting resource is cpu
[2025-06-03T07:14:07.822+0000] {subprocess.py:93} INFO - 25/06/03 07:14:07 INFO ResourceProfileManager: Added ResourceProfile id: 0
[2025-06-03T07:14:15.134+0000] {subprocess.py:93} INFO - 25/06/03 07:14:15 INFO SecurityManager: Changing view acls to: airflow
[2025-06-03T07:14:15.135+0000] {subprocess.py:93} INFO - 25/06/03 07:14:15 INFO SecurityManager: Changing modify acls to: airflow
[2025-06-03T07:14:15.135+0000] {subprocess.py:93} INFO - 25/06/03 07:14:15 INFO SecurityManager: Changing view acls groups to:
[2025-06-03T07:14:15.138+0000] {subprocess.py:93} INFO - 25/06/03 07:14:15 INFO SecurityManager: Changing modify acls groups to:
[2025-06-03T07:14:15.139+0000] {subprocess.py:93} INFO - 25/06/03 07:14:15 INFO SecurityManager: SecurityManager: authentication disabled; ui acls disabled; users with view permissions: airflow; groups with view permissions: EMPTY; users with modify permissions: airflow; groups with modify permissions: EMPTY
[2025-06-03T07:14:33.563+0000] {subprocess.py:93} INFO - 25/06/03 07:14:33 INFO Utils: Successfully started service 'sparkDriver' on port 45497.
[2025-06-03T07:14:38.103+0000] {subprocess.py:93} INFO - 25/06/03 07:14:38 INFO SparkEnv: Registering MapOutputTracker
[2025-06-03T07:14:39.166+0000] {subprocess.py:93} INFO - 25/06/03 07:14:39 INFO SparkEnv: Registering BlockManagerMaster
[2025-06-03T07:14:39.288+0000] {subprocess.py:93} INFO - 25/06/03 07:14:39 INFO BlockManagerMasterEndpoint: Using org.apache.spark.storage.DefaultTopologyMapper for getting topology information
[2025-06-03T07:14:39.288+0000] {subprocess.py:93} INFO - 25/06/03 07:14:39 INFO BlockManagerMasterEndpoint: BlockManagerMasterEndpoint up
[2025-06-03T07:14:39.298+0000] {subprocess.py:93} INFO - 25/06/03 07:14:39 INFO SparkEnv: Registering BlockManagerMasterHeartbeat
[2025-06-03T07:14:40.161+0000] {subprocess.py:93} INFO - 25/06/03 07:14:40 INFO DiskBlockManager: Created local directory at /tmp/blockmgr-60cb5685-6b3f-4a86-9ff0-e8f34feec7c0
[2025-06-03T07:14:42.278+0000] {subprocess.py:93} INFO - 25/06/03 07:14:42 INFO MemoryStore: MemoryStore started with capacity 434.4 MiB
[2025-06-03T07:14:46.592+0000] {subprocess.py:93} INFO - 25/06/03 07:14:46 INFO SparkEnv: Registering OutputCommitCoordinator
[2025-06-03T07:15:06.581+0000] {subprocess.py:93} INFO - 25/06/03 07:15:06 INFO JettyUtils: Start Jetty 0.0.0.0:4040 for SparkUI
[2025-06-03T07:15:10.221+0000] {subprocess.py:93} INFO - 25/06/03 07:15:10 WARN Utils: Service 'SparkUI' could not bind on port 4040. Attempting port 4041.
[2025-06-03T07:15:10.280+0000] {subprocess.py:93} INFO - 25/06/03 07:15:10 INFO Utils: Successfully started service 'SparkUI' on port 4041.
[2025-06-03T07:15:16.593+0000] {subprocess.py:93} INFO - 25/06/03 07:15:16 INFO Executor: Starting executor ID driver on host 86069ee61878
[2025-06-03T07:15:16.603+0000] {subprocess.py:93} INFO - 25/06/03 07:15:16 INFO Executor: OS info Linux, 6.11.0-26-generic, amd64
[2025-06-03T07:15:16.604+0000] {subprocess.py:93} INFO - 25/06/03 07:15:16 INFO Executor: Java version 11.0.24
[2025-06-03T07:15:17.046+0000] {subprocess.py:93} INFO - 25/06/03 07:15:17 INFO Executor: Starting executor with user classpath (userClassPathFirst = false): ''
[2025-06-03T07:15:17.047+0000] {subprocess.py:93} INFO - 25/06/03 07:15:17 INFO Executor: Created or updated repl class loader org.apache.spark.util.MutableURLClassLoader@350e4a7a for default.
[2025-06-03T07:15:18.106+0000] {subprocess.py:93} INFO - 25/06/03 07:15:18 INFO Utils: Successfully started service 'org.apache.spark.network.netty.NettyBlockTransferService' on port 36623.
[2025-06-03T07:15:18.106+0000] {subprocess.py:93} INFO - 25/06/03 07:15:18 INFO NettyBlockTransferService: Server created on 86069ee61878:36623
[2025-06-03T07:15:18.518+0000] {subprocess.py:93} INFO - 25/06/03 07:15:18 INFO BlockManager: Using org.apache.spark.storage.RandomBlockReplicationPolicy for block replication policy
[2025-06-03T07:15:19.198+0000] {subprocess.py:93} INFO - 25/06/03 07:15:19 INFO BlockManagerMaster: Registering BlockManager BlockManagerId(driver, 86069ee61878, 36623, None)
[2025-06-03T07:15:19.485+0000] {subprocess.py:93} INFO - 25/06/03 07:15:19 INFO BlockManagerMasterEndpoint: Registering block manager 86069ee61878:36623 with 434.4 MiB RAM, BlockManagerId(driver, 86069ee61878, 36623, None)
[2025-06-03T07:15:19.840+0000] {subprocess.py:93} INFO - 25/06/03 07:15:19 INFO BlockManagerMaster: Registered BlockManager BlockManagerId(driver, 86069ee61878, 36623, None)
[2025-06-03T07:15:19.841+0000] {subprocess.py:93} INFO - 25/06/03 07:15:19 INFO BlockManager: Initialized BlockManager: BlockManagerId(driver, 86069ee61878, 36623, None)
[2025-06-03T07:15:27.140+0000] {subprocess.py:93} INFO - 25/06/03 07:15:27 INFO AsyncEventQueue: Process of event SparkListenerResourceProfileAdded(Profile: id = 0, executor resources: cores -> name: cores, amount: 1, script: , vendor: ,memory -> name: memory, amount: 1024, script: , vendor: ,offHeap -> name: offHeap, amount: 0, script: , vendor: , task resources: cpus -> name: cpus, amount: 1.0) by listener AppStatusListener took 1.761771226s.
[2025-06-03T07:15:32.429+0000] {subprocess.py:93} INFO - 25/06/03 07:15:32 INFO AsyncEventQueue: Process of event SparkListenerExecutorAdded(1748934917539,driver,org.apache.spark.scheduler.cluster.ExecutorInfo@91197beb) by listener AppStatusListener took 5.285118326s.
