[2025-06-03T08:02:46.629+0000] {taskinstance.py:1956} INFO - Dependencies all met for dep_context=non-requeueable deps ti=<TaskInstance: ingest_raw_data_asia.extract_asia_asia_shipments manual__2025-06-03T06:07:18.020901+00:00 [queued]>
[2025-06-03T08:02:47.232+0000] {taskinstance.py:1956} INFO - Dependencies all met for dep_context=requeueable deps ti=<TaskInstance: ingest_raw_data_asia.extract_asia_asia_shipments manual__2025-06-03T06:07:18.020901+00:00 [queued]>
[2025-06-03T08:02:47.232+0000] {taskinstance.py:2170} INFO - Starting attempt 2 of 2
[2025-06-03T08:02:48.977+0000] {taskinstance.py:2191} INFO - Executing <Task(BashOperator): extract_asia_asia_shipments> on 2025-06-03 06:07:18.020901+00:00
[2025-06-03T08:02:48.981+0000] {standard_task_runner.py:60} INFO - Started process 3009 to run task
[2025-06-03T08:02:49.044+0000] {standard_task_runner.py:87} INFO - Running: ['airflow', 'tasks', 'run', 'ingest_raw_data_asia', 'extract_asia_asia_shipments', 'manual__2025-06-03T06:07:18.020901+00:00', '--job-id', '298', '--raw', '--subdir', 'DAGS_FOLDER/asia/landing.py', '--cfg-path', '/tmp/tmp33xyrgtl']
[2025-06-03T08:02:49.045+0000] {standard_task_runner.py:88} INFO - Job 298: Subtask extract_asia_asia_shipments
[2025-06-03T08:02:53.171+0000] {logging_mixin.py:188} WARNING - /home/airflow/.local/lib/python3.10/site-packages/airflow/settings.py:194 DeprecationWarning: The sql_alchemy_conn option in [core] has been moved to the sql_alchemy_conn option in [database] - the old setting has been used, but please update your config.
[2025-06-03T08:02:53.507+0000] {task_command.py:423} INFO - Running <TaskInstance: ingest_raw_data_asia.extract_asia_asia_shipments manual__2025-06-03T06:07:18.020901+00:00 [running]> on host 86069ee61878
[2025-06-03T08:02:56.292+0000] {taskinstance.py:2480} INFO - Exporting env vars: AIRFLOW_CTX_DAG_OWNER='airflow' AIRFLOW_CTX_DAG_ID='ingest_raw_data_asia' AIRFLOW_CTX_TASK_ID='extract_asia_asia_shipments' AIRFLOW_CTX_EXECUTION_DATE='2025-06-03T06:07:18.020901+00:00' AIRFLOW_CTX_TRY_NUMBER='2' AIRFLOW_CTX_DAG_RUN_ID='manual__2025-06-03T06:07:18.020901+00:00'
[2025-06-03T08:02:56.676+0000] {subprocess.py:63} INFO - Tmp dir root location: /tmp
[2025-06-03T08:02:57.539+0000] {subprocess.py:75} INFO - Running command: ['/usr/bin/bash', '-c', '\n                spark-submit                     /opt/airflow/scripts/pyspark_jobs/extract_to_parquet.py                     asia.shipments "jdbc:postgresql://retail-postgres:5432/retail_etl" retail-etl retail_etl 2025-06-03\n            ']
[2025-06-03T08:02:58.005+0000] {subprocess.py:86} INFO - Output:
[2025-06-03T08:03:33.667+0000] {subprocess.py:93} INFO - 25/06/03 08:03:33 INFO SparkContext: Running Spark version 3.5.6
[2025-06-03T08:03:33.688+0000] {subprocess.py:93} INFO - 25/06/03 08:03:33 INFO SparkContext: OS info Linux, 6.11.0-26-generic, amd64
[2025-06-03T08:03:33.688+0000] {subprocess.py:93} INFO - 25/06/03 08:03:33 INFO SparkContext: Java version 11.0.24
[2025-06-03T08:03:34.002+0000] {subprocess.py:93} INFO - 25/06/03 08:03:33 WARN NativeCodeLoader: Unable to load native-hadoop library for your platform... using builtin-java classes where applicable
[2025-06-03T08:03:34.581+0000] {subprocess.py:93} INFO - 25/06/03 08:03:34 INFO ResourceUtils: ==============================================================
[2025-06-03T08:03:34.589+0000] {subprocess.py:93} INFO - 25/06/03 08:03:34 INFO ResourceUtils: No custom resources configured for spark.driver.
[2025-06-03T08:03:34.589+0000] {subprocess.py:93} INFO - 25/06/03 08:03:34 INFO ResourceUtils: ==============================================================
[2025-06-03T08:03:34.590+0000] {subprocess.py:93} INFO - 25/06/03 08:03:34 INFO SparkContext: Submitted application: Extract_asia_asia.shipments
[2025-06-03T08:03:34.793+0000] {subprocess.py:93} INFO - 25/06/03 08:03:34 INFO ResourceProfile: Default ResourceProfile created, executor resources: Map(cores -> name: cores, amount: 1, script: , vendor: , memory -> name: memory, amount: 1024, script: , vendor: , offHeap -> name: offHeap, amount: 0, script: , vendor: ), task resources: Map(cpus -> name: cpus, amount: 1.0)
[2025-06-03T08:03:34.917+0000] {subprocess.py:93} INFO - 25/06/03 08:03:34 INFO ResourceProfile: Limiting resource is cpu
[2025-06-03T08:03:34.921+0000] {subprocess.py:93} INFO - 25/06/03 08:03:34 INFO ResourceProfileManager: Added ResourceProfile id: 0
[2025-06-03T08:03:35.368+0000] {subprocess.py:93} INFO - 25/06/03 08:03:35 INFO SecurityManager: Changing view acls to: airflow
[2025-06-03T08:03:35.370+0000] {subprocess.py:93} INFO - 25/06/03 08:03:35 INFO SecurityManager: Changing modify acls to: airflow
[2025-06-03T08:03:35.385+0000] {subprocess.py:93} INFO - 25/06/03 08:03:35 INFO SecurityManager: Changing view acls groups to:
[2025-06-03T08:03:35.386+0000] {subprocess.py:93} INFO - 25/06/03 08:03:35 INFO SecurityManager: Changing modify acls groups to:
[2025-06-03T08:03:35.387+0000] {subprocess.py:93} INFO - 25/06/03 08:03:35 INFO SecurityManager: SecurityManager: authentication disabled; ui acls disabled; users with view permissions: airflow; groups with view permissions: EMPTY; users with modify permissions: airflow; groups with modify permissions: EMPTY
[2025-06-03T08:03:37.733+0000] {subprocess.py:93} INFO - 25/06/03 08:03:37 INFO Utils: Successfully started service 'sparkDriver' on port 39139.
[2025-06-03T08:03:37.880+0000] {subprocess.py:93} INFO - 25/06/03 08:03:37 INFO SparkEnv: Registering MapOutputTracker
[2025-06-03T08:03:38.097+0000] {subprocess.py:93} INFO - 25/06/03 08:03:38 INFO SparkEnv: Registering BlockManagerMaster
[2025-06-03T08:03:38.248+0000] {subprocess.py:93} INFO - 25/06/03 08:03:38 INFO BlockManagerMasterEndpoint: Using org.apache.spark.storage.DefaultTopologyMapper for getting topology information
[2025-06-03T08:03:38.252+0000] {subprocess.py:93} INFO - 25/06/03 08:03:38 INFO BlockManagerMasterEndpoint: BlockManagerMasterEndpoint up
[2025-06-03T08:03:38.269+0000] {subprocess.py:93} INFO - 25/06/03 08:03:38 INFO SparkEnv: Registering BlockManagerMasterHeartbeat
[2025-06-03T08:03:38.521+0000] {subprocess.py:93} INFO - 25/06/03 08:03:38 INFO DiskBlockManager: Created local directory at /tmp/blockmgr-6cddc5bd-91d8-4827-94dd-f748e5881bf7
[2025-06-03T08:03:38.698+0000] {subprocess.py:93} INFO - 25/06/03 08:03:38 INFO MemoryStore: MemoryStore started with capacity 434.4 MiB
[2025-06-03T08:03:38.800+0000] {subprocess.py:93} INFO - 25/06/03 08:03:38 INFO SparkEnv: Registering OutputCommitCoordinator
[2025-06-03T08:03:39.807+0000] {subprocess.py:93} INFO - 25/06/03 08:03:39 INFO JettyUtils: Start Jetty 0.0.0.0:4040 for SparkUI
[2025-06-03T08:03:40.082+0000] {subprocess.py:93} INFO - 25/06/03 08:03:40 WARN Utils: Service 'SparkUI' could not bind on port 4040. Attempting port 4041.
[2025-06-03T08:03:40.087+0000] {subprocess.py:93} INFO - 25/06/03 08:03:40 WARN Utils: Service 'SparkUI' could not bind on port 4041. Attempting port 4042.
[2025-06-03T08:03:40.092+0000] {subprocess.py:93} INFO - 25/06/03 08:03:40 WARN Utils: Service 'SparkUI' could not bind on port 4042. Attempting port 4043.
[2025-06-03T08:03:40.099+0000] {subprocess.py:93} INFO - 25/06/03 08:03:40 WARN Utils: Service 'SparkUI' could not bind on port 4043. Attempting port 4044.
[2025-06-03T08:03:40.153+0000] {subprocess.py:93} INFO - 25/06/03 08:03:40 INFO Utils: Successfully started service 'SparkUI' on port 4044.
[2025-06-03T08:03:42.003+0000] {subprocess.py:93} INFO - 25/06/03 08:03:41 INFO Executor: Starting executor ID driver on host 86069ee61878
[2025-06-03T08:03:42.004+0000] {subprocess.py:93} INFO - 25/06/03 08:03:41 INFO Executor: OS info Linux, 6.11.0-26-generic, amd64
[2025-06-03T08:03:42.004+0000] {subprocess.py:93} INFO - 25/06/03 08:03:42 INFO Executor: Java version 11.0.24
[2025-06-03T08:03:42.967+0000] {subprocess.py:93} INFO - 25/06/03 08:03:42 INFO Executor: Starting executor with user classpath (userClassPathFirst = false): ''
[2025-06-03T08:03:42.968+0000] {subprocess.py:93} INFO - 25/06/03 08:03:42 INFO Executor: Created or updated repl class loader org.apache.spark.util.MutableURLClassLoader@50916424 for default.
[2025-06-03T08:03:43.209+0000] {subprocess.py:93} INFO - 25/06/03 08:03:43 INFO Utils: Successfully started service 'org.apache.spark.network.netty.NettyBlockTransferService' on port 42861.
[2025-06-03T08:03:43.210+0000] {subprocess.py:93} INFO - 25/06/03 08:03:43 INFO NettyBlockTransferService: Server created on 86069ee61878:42861
[2025-06-03T08:03:43.211+0000] {subprocess.py:93} INFO - 25/06/03 08:03:43 INFO BlockManager: Using org.apache.spark.storage.RandomBlockReplicationPolicy for block replication policy
[2025-06-03T08:03:43.257+0000] {subprocess.py:93} INFO - 25/06/03 08:03:43 INFO BlockManagerMaster: Registering BlockManager BlockManagerId(driver, 86069ee61878, 42861, None)
[2025-06-03T08:03:45.345+0000] {subprocess.py:93} INFO - 25/06/03 08:03:43 INFO BlockManagerMasterEndpoint: Registering block manager 86069ee61878:42861 with 434.4 MiB RAM, BlockManagerId(driver, 86069ee61878, 42861, None)
[2025-06-03T08:03:47.290+0000] {subprocess.py:93} INFO - 25/06/03 08:03:47 INFO BlockManagerMaster: Registered BlockManager BlockManagerId(driver, 86069ee61878, 42861, None)
[2025-06-03T08:03:47.294+0000] {subprocess.py:93} INFO - 25/06/03 08:03:47 INFO BlockManager: Initialized BlockManager: BlockManagerId(driver, 86069ee61878, 42861, None)
[2025-06-03T08:03:50.801+0000] {subprocess.py:93} INFO - 25/06/03 08:03:50 INFO SharedState: Setting hive.metastore.warehouse.dir ('null') to the value of spark.sql.warehouse.dir.
[2025-06-03T08:03:50.824+0000] {subprocess.py:93} INFO - 25/06/03 08:03:50 INFO SharedState: Warehouse path is 'file:/tmp/airflowtmpbhuiavic/spark-warehouse'.
[2025-06-03T08:04:48.854+0000] {subprocess.py:93} INFO - Traceback (most recent call last):
[2025-06-03T08:04:49.022+0000] {subprocess.py:93} INFO -   File "/opt/airflow/scripts/pyspark_jobs/extract_to_parquet.py", line 24, in <module>
[2025-06-03T08:04:49.022+0000] {subprocess.py:93} INFO -     .load()
[2025-06-03T08:04:51.612+0000] {subprocess.py:93} INFO -   File "/usr/local/spark/python/lib/pyspark.zip/pyspark/sql/readwriter.py", line 314, in load
[2025-06-03T08:04:52.737+0000] {subprocess.py:93} INFO -   File "/usr/local/spark/python/lib/py4j-0.10.9.7-src.zip/py4j/java_gateway.py", line 1322, in __call__
[2025-06-03T08:04:53.119+0000] {subprocess.py:93} INFO -   File "/usr/local/spark/python/lib/pyspark.zip/pyspark/errors/exceptions/captured.py", line 179, in deco
[2025-06-03T08:04:53.153+0000] {subprocess.py:93} INFO -   File "/usr/local/spark/python/lib/py4j-0.10.9.7-src.zip/py4j/protocol.py", line 326, in get_return_value
[2025-06-03T08:04:53.154+0000] {subprocess.py:93} INFO - py4j.protocol.Py4JJavaError: An error occurred while calling o30.load.
[2025-06-03T08:04:53.154+0000] {subprocess.py:93} INFO - : java.lang.ClassNotFoundException: org.postgresql.Driver
[2025-06-03T08:04:53.154+0000] {subprocess.py:93} INFO - 	at java.base/java.net.URLClassLoader.findClass(URLClassLoader.java:476)
[2025-06-03T08:04:53.154+0000] {subprocess.py:93} INFO - 	at java.base/java.lang.ClassLoader.loadClass(ClassLoader.java:594)
[2025-06-03T08:04:53.154+0000] {subprocess.py:93} INFO - 	at java.base/java.lang.ClassLoader.loadClass(ClassLoader.java:527)
[2025-06-03T08:04:53.154+0000] {subprocess.py:93} INFO - 	at org.apache.spark.sql.execution.datasources.jdbc.DriverRegistry$.register(DriverRegistry.scala:46)
[2025-06-03T08:04:53.154+0000] {subprocess.py:93} INFO - 	at org.apache.spark.sql.execution.datasources.jdbc.JDBCOptions.$anonfun$driverClass$1(JDBCOptions.scala:103)
[2025-06-03T08:04:53.154+0000] {subprocess.py:93} INFO - 	at org.apache.spark.sql.execution.datasources.jdbc.JDBCOptions.$anonfun$driverClass$1$adapted(JDBCOptions.scala:103)
[2025-06-03T08:04:53.154+0000] {subprocess.py:93} INFO - 	at scala.Option.foreach(Option.scala:407)
[2025-06-03T08:04:53.154+0000] {subprocess.py:93} INFO - 	at org.apache.spark.sql.execution.datasources.jdbc.JDBCOptions.<init>(JDBCOptions.scala:103)
[2025-06-03T08:04:53.154+0000] {subprocess.py:93} INFO - 	at org.apache.spark.sql.execution.datasources.jdbc.JDBCOptions.<init>(JDBCOptions.scala:41)
[2025-06-03T08:04:53.155+0000] {subprocess.py:93} INFO - 	at org.apache.spark.sql.execution.datasources.jdbc.JdbcRelationProvider.createRelation(JdbcRelationProvider.scala:34)
[2025-06-03T08:04:53.155+0000] {subprocess.py:93} INFO - 	at org.apache.spark.sql.execution.datasources.DataSource.resolveRelation(DataSource.scala:346)
[2025-06-03T08:04:53.155+0000] {subprocess.py:93} INFO - 	at org.apache.spark.sql.DataFrameReader.loadV1Source(DataFrameReader.scala:229)
[2025-06-03T08:04:53.155+0000] {subprocess.py:93} INFO - 	at org.apache.spark.sql.DataFrameReader.$anonfun$load$2(DataFrameReader.scala:211)
[2025-06-03T08:04:53.155+0000] {subprocess.py:93} INFO - 	at scala.Option.getOrElse(Option.scala:189)
[2025-06-03T08:04:53.155+0000] {subprocess.py:93} INFO - 	at org.apache.spark.sql.DataFrameReader.load(DataFrameReader.scala:211)
[2025-06-03T08:04:53.155+0000] {subprocess.py:93} INFO - 	at org.apache.spark.sql.DataFrameReader.load(DataFrameReader.scala:172)
[2025-06-03T08:04:53.155+0000] {subprocess.py:93} INFO - 	at java.base/jdk.internal.reflect.NativeMethodAccessorImpl.invoke0(Native Method)
[2025-06-03T08:04:53.155+0000] {subprocess.py:93} INFO - 	at java.base/jdk.internal.reflect.NativeMethodAccessorImpl.invoke(NativeMethodAccessorImpl.java:62)
[2025-06-03T08:04:53.155+0000] {subprocess.py:93} INFO - 	at java.base/jdk.internal.reflect.DelegatingMethodAccessorImpl.invoke(DelegatingMethodAccessorImpl.java:43)
[2025-06-03T08:04:53.156+0000] {subprocess.py:93} INFO - 	at java.base/java.lang.reflect.Method.invoke(Method.java:566)
[2025-06-03T08:04:53.156+0000] {subprocess.py:93} INFO - 	at py4j.reflection.MethodInvoker.invoke(MethodInvoker.java:244)
[2025-06-03T08:04:53.156+0000] {subprocess.py:93} INFO - 	at py4j.reflection.ReflectionEngine.invoke(ReflectionEngine.java:374)
[2025-06-03T08:04:53.156+0000] {subprocess.py:93} INFO - 	at py4j.Gateway.invoke(Gateway.java:282)
[2025-06-03T08:04:53.156+0000] {subprocess.py:93} INFO - 	at py4j.commands.AbstractCommand.invokeMethod(AbstractCommand.java:132)
[2025-06-03T08:04:53.156+0000] {subprocess.py:93} INFO - 	at py4j.commands.CallCommand.execute(CallCommand.java:79)
[2025-06-03T08:04:53.156+0000] {subprocess.py:93} INFO - 	at py4j.ClientServerConnection.waitForCommands(ClientServerConnection.java:182)
[2025-06-03T08:04:53.156+0000] {subprocess.py:93} INFO - 	at py4j.ClientServerConnection.run(ClientServerConnection.java:106)
[2025-06-03T08:04:53.156+0000] {subprocess.py:93} INFO - 	at java.base/java.lang.Thread.run(Thread.java:829)
[2025-06-03T08:04:53.156+0000] {subprocess.py:93} INFO - 
[2025-06-03T08:04:55.912+0000] {subprocess.py:93} INFO - 25/06/03 08:04:55 INFO SparkContext: Invoking stop() from shutdown hook
[2025-06-03T08:04:55.918+0000] {subprocess.py:93} INFO - 25/06/03 08:04:55 INFO SparkContext: SparkContext is stopping with exitCode 0.
[2025-06-03T08:04:56.438+0000] {subprocess.py:93} INFO - 25/06/03 08:04:56 INFO SparkUI: Stopped Spark web UI at http://86069ee61878:4044
[2025-06-03T08:04:57.657+0000] {subprocess.py:93} INFO - 25/06/03 08:04:57 INFO MapOutputTrackerMasterEndpoint: MapOutputTrackerMasterEndpoint stopped!
[2025-06-03T08:04:58.037+0000] {subprocess.py:93} INFO - 25/06/03 08:04:58 INFO MemoryStore: MemoryStore cleared
[2025-06-03T08:04:58.038+0000] {subprocess.py:93} INFO - 25/06/03 08:04:58 INFO BlockManager: BlockManager stopped
[2025-06-03T08:04:58.282+0000] {subprocess.py:93} INFO - 25/06/03 08:04:58 INFO BlockManagerMaster: BlockManagerMaster stopped
[2025-06-03T08:04:58.296+0000] {subprocess.py:93} INFO - 25/06/03 08:04:58 INFO OutputCommitCoordinator$OutputCommitCoordinatorEndpoint: OutputCommitCoordinator stopped!
[2025-06-03T08:04:58.356+0000] {subprocess.py:93} INFO - 25/06/03 08:04:58 INFO SparkContext: Successfully stopped SparkContext
[2025-06-03T08:04:58.356+0000] {subprocess.py:93} INFO - 25/06/03 08:04:58 INFO ShutdownHookManager: Shutdown hook called
[2025-06-03T08:04:58.372+0000] {subprocess.py:93} INFO - 25/06/03 08:04:58 INFO ShutdownHookManager: Deleting directory /tmp/spark-397f53ba-cb9e-4a9f-b837-09b1ad13a6c5
[2025-06-03T08:04:58.374+0000] {subprocess.py:93} INFO - 25/06/03 08:04:58 INFO ShutdownHookManager: Deleting directory /tmp/spark-397f53ba-cb9e-4a9f-b837-09b1ad13a6c5/pyspark-7f913d7a-a426-4a64-820c-1f1c34424bb6
[2025-06-03T08:04:58.390+0000] {subprocess.py:93} INFO - 25/06/03 08:04:58 INFO ShutdownHookManager: Deleting directory /tmp/spark-6af4e91e-7f3f-4d42-921e-3bd79b971ea4
[2025-06-03T08:05:00.063+0000] {subprocess.py:97} INFO - Command exited with return code 1
