[2025-06-11T18:24:28.762+0000] {taskinstance.py:1956} INFO - Dependencies all met for dep_context=non-requeueable deps ti=<TaskInstance: multi_region_transform_staging_v2.process_region_asia.process_product_reviews_asia manual__2025-06-11T18:20:09.445349+00:00 [queued]>
[2025-06-11T18:24:28.789+0000] {taskinstance.py:1956} INFO - Dependencies all met for dep_context=requeueable deps ti=<TaskInstance: multi_region_transform_staging_v2.process_region_asia.process_product_reviews_asia manual__2025-06-11T18:20:09.445349+00:00 [queued]>
[2025-06-11T18:24:28.790+0000] {taskinstance.py:2170} INFO - Starting attempt 1 of 2
[2025-06-11T18:24:28.817+0000] {taskinstance.py:2191} INFO - Executing <Task(_PythonDecoratedOperator): process_region_asia.process_product_reviews_asia> on 2025-06-11 18:20:09.445349+00:00
[2025-06-11T18:24:28.834+0000] {standard_task_runner.py:60} INFO - Started process 9926 to run task
[2025-06-11T18:24:28.837+0000] {standard_task_runner.py:87} INFO - Running: ['airflow', 'tasks', 'run', 'multi_region_transform_staging_v2', 'process_region_asia.process_product_reviews_asia', 'manual__2025-06-11T18:20:09.445349+00:00', '--job-id', '635', '--raw', '--subdir', 'DAGS_FOLDER/master_dag.py', '--cfg-path', '/tmp/tmpmjwfmebj']
[2025-06-11T18:24:28.842+0000] {standard_task_runner.py:88} INFO - Job 635: Subtask process_region_asia.process_product_reviews_asia
[2025-06-11T18:24:29.008+0000] {task_command.py:423} INFO - Running <TaskInstance: multi_region_transform_staging_v2.process_region_asia.process_product_reviews_asia manual__2025-06-11T18:20:09.445349+00:00 [running]> on host 5950010ae7c1
[2025-06-11T18:24:29.309+0000] {taskinstance.py:2480} INFO - Exporting env vars: AIRFLOW_CTX_DAG_OWNER='data-team' AIRFLOW_CTX_DAG_ID='multi_region_transform_staging_v2' AIRFLOW_CTX_TASK_ID='process_region_asia.process_product_reviews_asia' AIRFLOW_CTX_EXECUTION_DATE='2025-06-11T18:20:09.445349+00:00' AIRFLOW_CTX_TRY_NUMBER='1' AIRFLOW_CTX_DAG_RUN_ID='manual__2025-06-11T18:20:09.445349+00:00'
[2025-06-11T18:24:42.798+0000] {logging_mixin.py:188} INFO - Debugggg::::Vector(spark://5950010ae7c1:40005/jars/spark-snowflake_2.12-2.16.0-spark_3.2.jar, spark://5950010ae7c1:40005/jars/snowflake-jdbc-3.13.17.jar)
[2025-06-11T18:24:42.799+0000] {logging_mixin.py:188} INFO - Processing product_reviews for region asia
[2025-06-11T18:24:42.835+0000] {logging_mixin.py:188} INFO - /opt/airflow/data/raw/region=asia/table=product_reviews/load_date=2025-06-11
[2025-06-11T18:25:12.718+0000] {logging_mixin.py:188} INFO - STAGING_ASIA
[2025-06-11T18:25:15.038+0000] {logging_mixin.py:188} INFO - +---------+----------+-----------+--------+------+------------------+--------------------+--------------------+-------------+-------------------+-------+--------+
|review_id|product_id|customer_id|order_id|rating|      review_title|         review_text|is_verified_purchase|helpful_votes|         created_at|_region| _source|
+---------+----------+-----------+--------+------+------------------+--------------------+--------------------+-------------+-------------------+-------+--------+
|        1|         1|          1|       1|     5|  EXCELLENT PHONE!|Amazing camera qu...|                true|           15|2025-06-11 02:14:04|   asia|postgres|
|        2|         5|          2|       2|     4|   beautiful dress|Nice fabric and f...|                true|            8|2025-06-11 02:14:04|   asia|postgres|
|        3|         6|          3|       3|     5|      Perfect Sofa|Comfortable and w...|                true|           22|2025-06-11 02:14:04|   asia|postgres|
|        4|        14|          4|       4|     3|   AVERAGE EARBUDS|Sound quality is ...|                true|            5|2025-06-11 02:14:04|   asia|postgres|
|        5|         7|         10|      10|     1|poor quality manga|Pages were damage...|                true|            2|2025-06-11 02:14:04|   asia|postgres|
|        6|         1|          5|    NULL|     4|Good but expensive|Great phone but o...|               false|            3|2025-06-11 02:14:04|   asia|postgres|
|        7|         9|          7|       7|     5|     AMAZING BIKE!|Perfect for mount...|                true|           18|2025-06-11 02:14:04|   asia|postgres|
|        8|        10|          8|       8|     4|     fun model kit|Great detail but ...|                true|            7|2025-06-11 02:14:04|   asia|postgres|
+---------+----------+-----------+--------+------+------------------+--------------------+--------------------+-------------+-------------------+-------+--------+
[2025-06-11T18:25:15.040+0000] {logging_mixin.py:188} INFO - Inserting into snowflake
[2025-06-11T18:25:23.616+0000] {logging_mixin.py:188} INFO - successfully inserted in snowflake
[2025-06-11T18:25:23.635+0000] {crypto.py:82} WARNING - empty cryptography key - values will not be stored encrypted.
[2025-06-11T18:25:24.051+0000] {logging_mixin.py:188} INFO - Successfully processed 8 records for product_reviews in asia
[2025-06-11T18:25:26.959+0000] {python.py:201} INFO - Done. Returned value was: {'region': 'asia', 'table': 'product_reviews', 'record_count': 8, 'status': 'success'}
[2025-06-11T18:25:27.035+0000] {taskinstance.py:1138} INFO - Marking task as SUCCESS. dag_id=multi_region_transform_staging_v2, task_id=process_region_asia.process_product_reviews_asia, execution_date=20250611T182009, start_date=20250611T182428, end_date=20250611T182527
[2025-06-11T18:25:27.098+0000] {local_task_job_runner.py:234} INFO - Task exited with return code 0
[2025-06-11T18:25:27.233+0000] {taskinstance.py:3280} INFO - 0 downstream tasks scheduled from follow-on schedule check
