[2025-06-11T02:09:24.812+0000] {taskinstance.py:1956} INFO - Dependencies all met for dep_context=non-requeueable deps ti=<TaskInstance: extract_postgres_table_to_parquet.run_extraction_eu scheduled__2025-06-10T00:00:00+00:00 [queued]>
[2025-06-11T02:09:24.832+0000] {taskinstance.py:1956} INFO - Dependencies all met for dep_context=requeueable deps ti=<TaskInstance: extract_postgres_table_to_parquet.run_extraction_eu scheduled__2025-06-10T00:00:00+00:00 [queued]>
[2025-06-11T02:09:24.832+0000] {taskinstance.py:2170} INFO - Starting attempt 2 of 1
[2025-06-11T02:09:24.865+0000] {taskinstance.py:2191} INFO - Executing <Task(_PythonDecoratedOperator): run_extraction_eu> on 2025-06-10 00:00:00+00:00
[2025-06-11T02:09:24.876+0000] {standard_task_runner.py:60} INFO - Started process 185 to run task
[2025-06-11T02:09:24.882+0000] {standard_task_runner.py:87} INFO - Running: ['airflow', 'tasks', 'run', 'extract_postgres_table_to_parquet', 'run_extraction_eu', 'scheduled__2025-06-10T00:00:00+00:00', '--job-id', '1191', '--raw', '--subdir', 'DAGS_FOLDER/asia/landing.py', '--cfg-path', '/tmp/tmplffgnfc9']
[2025-06-11T02:09:24.887+0000] {standard_task_runner.py:88} INFO - Job 1191: Subtask run_extraction_eu
[2025-06-11T02:09:25.080+0000] {task_command.py:423} INFO - Running <TaskInstance: extract_postgres_table_to_parquet.run_extraction_eu scheduled__2025-06-10T00:00:00+00:00 [running]> on host 5039a2bbff84
[2025-06-11T02:09:25.369+0000] {taskinstance.py:2480} INFO - Exporting env vars: AIRFLOW_CTX_DAG_OWNER='airflow' AIRFLOW_CTX_DAG_ID='extract_postgres_table_to_parquet' AIRFLOW_CTX_TASK_ID='run_extraction_eu' AIRFLOW_CTX_EXECUTION_DATE='2025-06-10T00:00:00+00:00' AIRFLOW_CTX_TRY_NUMBER='2' AIRFLOW_CTX_DAG_RUN_ID='scheduled__2025-06-10T00:00:00+00:00'
[2025-06-11T02:09:25.379+0000] {logging_mixin.py:188} INFO - Starting extraction for table: categories in region: eu
[2025-06-11T02:09:25.380+0000] {logging_mixin.py:188} INFO - load_date:::::2025-06-11
[2025-06-11T02:09:47.441+0000] {logging_mixin.py:188} INFO - [INFO] No data found in eu.categories
[2025-06-11T02:09:48.404+0000] {logging_mixin.py:188} INFO - Starting extraction for table: products in region: eu
[2025-06-11T02:09:48.404+0000] {logging_mixin.py:188} INFO - load_date:::::2025-06-11
[2025-06-11T02:09:51.553+0000] {logging_mixin.py:188} INFO - [INFO] No data found in eu.products
[2025-06-11T02:09:52.545+0000] {logging_mixin.py:188} INFO - Starting extraction for table: product_variants in region: eu
[2025-06-11T02:09:52.546+0000] {logging_mixin.py:188} INFO - load_date:::::2025-06-11
[2025-06-11T02:09:55.059+0000] {logging_mixin.py:188} INFO - [INFO] No data found in eu.product_variants
[2025-06-11T02:09:56.060+0000] {logging_mixin.py:188} INFO - Starting extraction for table: inventory in region: eu
[2025-06-11T02:09:56.061+0000] {logging_mixin.py:188} INFO - load_date:::::2025-06-11
[2025-06-11T02:09:58.529+0000] {logging_mixin.py:188} INFO - [INFO] No data found in eu.inventory
[2025-06-11T02:09:59.535+0000] {logging_mixin.py:188} INFO - Starting extraction for table: customers in region: eu
[2025-06-11T02:09:59.536+0000] {logging_mixin.py:188} INFO - load_date:::::2025-06-11
[2025-06-11T02:10:02.109+0000] {logging_mixin.py:188} INFO - [INFO] No data found in eu.customers
[2025-06-11T02:10:03.111+0000] {logging_mixin.py:188} INFO - Starting extraction for table: customer_addresses in region: eu
[2025-06-11T02:10:03.111+0000] {logging_mixin.py:188} INFO - load_date:::::2025-06-11
[2025-06-11T02:10:05.325+0000] {logging_mixin.py:188} INFO - [INFO] No data found in eu.customer_addresses
[2025-06-11T02:10:06.326+0000] {logging_mixin.py:188} INFO - Starting extraction for table: marketing_campaigns in region: eu
[2025-06-11T02:10:06.327+0000] {logging_mixin.py:188} INFO - load_date:::::2025-06-11
[2025-06-11T02:10:09.109+0000] {logging_mixin.py:188} INFO - [INFO] No data found in eu.marketing_campaigns
[2025-06-11T02:10:10.105+0000] {logging_mixin.py:188} INFO - Starting extraction for table: discounts in region: eu
[2025-06-11T02:10:10.106+0000] {logging_mixin.py:188} INFO - load_date:::::2025-06-11
[2025-06-11T02:10:12.097+0000] {logging_mixin.py:188} INFO - [INFO] No data found in eu.discounts
[2025-06-11T02:10:13.095+0000] {logging_mixin.py:188} INFO - Starting extraction for table: shopping_carts in region: eu
[2025-06-11T02:10:13.096+0000] {logging_mixin.py:188} INFO - load_date:::::2025-06-11
[2025-06-11T02:10:14.983+0000] {logging_mixin.py:188} INFO - [INFO] No data found in eu.shopping_carts
[2025-06-11T02:10:15.985+0000] {logging_mixin.py:188} INFO - Starting extraction for table: cart_items in region: eu
[2025-06-11T02:10:15.985+0000] {logging_mixin.py:188} INFO - load_date:::::2025-06-11
[2025-06-11T02:10:17.722+0000] {logging_mixin.py:188} INFO - [INFO] No data found in eu.cart_items
[2025-06-11T02:10:18.721+0000] {logging_mixin.py:188} INFO - Starting extraction for table: orders in region: eu
[2025-06-11T02:10:18.722+0000] {logging_mixin.py:188} INFO - load_date:::::2025-06-11
[2025-06-11T02:10:20.411+0000] {logging_mixin.py:188} INFO - [INFO] No data found in eu.orders
[2025-06-11T02:10:21.406+0000] {logging_mixin.py:188} INFO - Starting extraction for table: order_items in region: eu
[2025-06-11T02:10:21.406+0000] {logging_mixin.py:188} INFO - load_date:::::2025-06-11
[2025-06-11T02:10:22.864+0000] {logging_mixin.py:188} INFO - [INFO] No data found in eu.order_items
[2025-06-11T02:10:23.863+0000] {logging_mixin.py:188} INFO - Starting extraction for table: shipments in region: eu
[2025-06-11T02:10:23.863+0000] {logging_mixin.py:188} INFO - load_date:::::2025-06-11
[2025-06-11T02:10:25.233+0000] {logging_mixin.py:188} INFO - [INFO] No data found in eu.shipments
[2025-06-11T02:10:26.230+0000] {logging_mixin.py:188} INFO - Starting extraction for table: returns in region: eu
[2025-06-11T02:10:26.230+0000] {logging_mixin.py:188} INFO - load_date:::::2025-06-11
[2025-06-11T02:10:27.732+0000] {logging_mixin.py:188} INFO - [INFO] No data found in eu.returns
[2025-06-11T02:10:28.730+0000] {logging_mixin.py:188} INFO - Starting extraction for table: product_reviews in region: eu
[2025-06-11T02:10:28.730+0000] {logging_mixin.py:188} INFO - load_date:::::2025-06-11
[2025-06-11T02:10:30.651+0000] {logging_mixin.py:188} INFO - [INFO] No data found in eu.product_reviews
[2025-06-11T02:10:31.644+0000] {logging_mixin.py:188} INFO - Starting extraction for table: payments in region: eu
[2025-06-11T02:10:31.645+0000] {logging_mixin.py:188} INFO - load_date:::::2025-06-11
[2025-06-11T02:10:33.718+0000] {logging_mixin.py:188} INFO - [INFO] No data found in eu.payments
[2025-06-11T02:10:34.719+0000] {logging_mixin.py:188} INFO - Starting extraction for table: wishlists in region: eu
[2025-06-11T02:10:34.719+0000] {logging_mixin.py:188} INFO - load_date:::::2025-06-11
[2025-06-11T02:10:36.486+0000] {logging_mixin.py:188} INFO - [INFO] No data found in eu.wishlists
[2025-06-11T02:10:37.485+0000] {python.py:201} INFO - Done. Returned value was: None
[2025-06-11T02:10:37.501+0000] {taskinstance.py:1138} INFO - Marking task as SUCCESS. dag_id=extract_postgres_table_to_parquet, task_id=run_extraction_eu, execution_date=20250610T000000, start_date=20250611T020924, end_date=20250611T021037
[2025-06-11T02:10:37.546+0000] {local_task_job_runner.py:234} INFO - Task exited with return code 0
[2025-06-11T02:10:37.569+0000] {taskinstance.py:3280} INFO - 0 downstream tasks scheduled from follow-on schedule check
