[2025-06-11T06:06:19.206+0000] {taskinstance.py:1956} INFO - Dependencies all met for dep_context=non-requeueable deps ti=<TaskInstance: multi_region_ods_merge_v2.ods_merge_group.merge_discounts manual__2025-06-11T06:04:46.169409+00:00 [queued]>
[2025-06-11T06:06:19.215+0000] {taskinstance.py:1956} INFO - Dependencies all met for dep_context=requeueable deps ti=<TaskInstance: multi_region_ods_merge_v2.ods_merge_group.merge_discounts manual__2025-06-11T06:04:46.169409+00:00 [queued]>
[2025-06-11T06:06:19.215+0000] {taskinstance.py:2170} INFO - Starting attempt 1 of 2
[2025-06-11T06:06:19.229+0000] {taskinstance.py:2191} INFO - Executing <Task(_PythonDecoratedOperator): ods_merge_group.merge_discounts> on 2025-06-11 06:04:46.169409+00:00
[2025-06-11T06:06:19.237+0000] {standard_task_runner.py:60} INFO - Started process 3510 to run task
[2025-06-11T06:06:19.239+0000] {standard_task_runner.py:87} INFO - Running: ['airflow', 'tasks', 'run', 'multi_region_ods_merge_v2', 'ods_merge_group.merge_discounts', 'manual__2025-06-11T06:04:46.169409+00:00', '--job-id', '1370', '--raw', '--subdir', 'DAGS_FOLDER/master_ods_dag.py', '--cfg-path', '/tmp/tmp6n6o_x_p']
[2025-06-11T06:06:19.241+0000] {standard_task_runner.py:88} INFO - Job 1370: Subtask ods_merge_group.merge_discounts
[2025-06-11T06:06:19.312+0000] {task_command.py:423} INFO - Running <TaskInstance: multi_region_ods_merge_v2.ods_merge_group.merge_discounts manual__2025-06-11T06:04:46.169409+00:00 [running]> on host 590b48c4a67f
[2025-06-11T06:06:19.473+0000] {taskinstance.py:2480} INFO - Exporting env vars: AIRFLOW_CTX_DAG_OWNER='data-team' AIRFLOW_CTX_DAG_ID='multi_region_ods_merge_v2' AIRFLOW_CTX_TASK_ID='ods_merge_group.merge_discounts' AIRFLOW_CTX_EXECUTION_DATE='2025-06-11T06:04:46.169409+00:00' AIRFLOW_CTX_TRY_NUMBER='1' AIRFLOW_CTX_DAG_RUN_ID='manual__2025-06-11T06:04:46.169409+00:00'
[2025-06-11T06:06:19.475+0000] {connection.py:486} INFO - Snowflake Connector for Python Version: 3.15.0, Python Version: 3.10.13, Platform: Linux-6.11.0-26-generic-x86_64-with-glibc2.36
[2025-06-11T06:06:19.476+0000] {connection.py:1391} INFO - Connecting to GLOBAL Snowflake domain
[2025-06-11T06:06:24.898+0000] {logging_mixin.py:188} INFO - Successfully connected to Snowflake via snowflake.connector.
[2025-06-11T06:06:24.898+0000] {logging_mixin.py:188} INFO - Running merge for discounts...
[2025-06-11T06:06:25.319+0000] {logging_mixin.py:188} INFO - Error running merge for discounts: 000904 (42000): 01bcf3ae-0305-91aa-0008-654b0012caf6: SQL compilation error: error line 10 at position 12
invalid identifier 'MAXIMUM_ORDER_AMOUNT'
[2025-06-11T06:06:26.538+0000] {taskinstance.py:2698} ERROR - Task failed with exception
Traceback (most recent call last):
  File "/home/airflow/.local/lib/python3.10/site-packages/airflow/models/taskinstance.py", line 433, in _execute_task
    result = execute_callable(context=context, **execute_callable_kwargs)
  File "/home/airflow/.local/lib/python3.10/site-packages/airflow/decorators/base.py", line 241, in execute
    return_value = super().execute(context)
  File "/home/airflow/.local/lib/python3.10/site-packages/airflow/operators/python.py", line 199, in execute
    return_value = self.execute_callable()
  File "/home/airflow/.local/lib/python3.10/site-packages/airflow/operators/python.py", line 216, in execute_callable
    return self.python_callable(*self.op_args, **self.op_kwargs)
  File "/opt/airflow/dags/master_ods_dag.py", line 171, in merge_table
    run_merge_query(t)
  File "/opt/airflow/dags/master_ods_dag.py", line 150, in run_merge_query
    cursor.execute(merge_sql)
  File "/home/airflow/.local/lib/python3.10/site-packages/snowflake/connector/cursor.py", line 1134, in execute
    Error.errorhandler_wrapper(self.connection, self, error_class, errvalue)
  File "/home/airflow/.local/lib/python3.10/site-packages/snowflake/connector/errors.py", line 279, in errorhandler_wrapper
    handed_over = Error.hand_to_other_handler(
  File "/home/airflow/.local/lib/python3.10/site-packages/snowflake/connector/errors.py", line 334, in hand_to_other_handler
    cursor.errorhandler(connection, cursor, error_class, error_value)
  File "/home/airflow/.local/lib/python3.10/site-packages/snowflake/connector/errors.py", line 210, in default_errorhandler
    raise error_class(
snowflake.connector.errors.ProgrammingError: 000904 (42000): 01bcf3ae-0305-91aa-0008-654b0012caf6: SQL compilation error: error line 10 at position 12
invalid identifier 'MAXIMUM_ORDER_AMOUNT'
[2025-06-11T06:06:26.555+0000] {taskinstance.py:1138} INFO - Marking task as UP_FOR_RETRY. dag_id=multi_region_ods_merge_v2, task_id=ods_merge_group.merge_discounts, execution_date=20250611T060446, start_date=20250611T060619, end_date=20250611T060626
[2025-06-11T06:06:26.580+0000] {standard_task_runner.py:107} ERROR - Failed to execute job 1370 for task ods_merge_group.merge_discounts (000904 (42000): 01bcf3ae-0305-91aa-0008-654b0012caf6: SQL compilation error: error line 10 at position 12
invalid identifier 'MAXIMUM_ORDER_AMOUNT'; 3510)
[2025-06-11T06:06:26.599+0000] {local_task_job_runner.py:234} INFO - Task exited with return code 1
[2025-06-11T06:06:26.628+0000] {taskinstance.py:3280} INFO - 0 downstream tasks scheduled from follow-on schedule check
