[2025-06-06T09:37:00.670+0000] {taskinstance.py:1956} INFO - Dependencies all met for dep_context=non-requeueable deps ti=<TaskInstance: extract_postgres_table_to_parquet.run_extraction_eu manual__2025-06-06T09:36:59.305811+00:00 [queued]>
[2025-06-06T09:37:00.680+0000] {taskinstance.py:1956} INFO - Dependencies all met for dep_context=requeueable deps ti=<TaskInstance: extract_postgres_table_to_parquet.run_extraction_eu manual__2025-06-06T09:36:59.305811+00:00 [queued]>
[2025-06-06T09:37:00.681+0000] {taskinstance.py:2170} INFO - Starting attempt 1 of 1
[2025-06-06T09:37:00.694+0000] {taskinstance.py:2191} INFO - Executing <Task(_PythonDecoratedOperator): run_extraction_eu> on 2025-06-06 09:36:59.305811+00:00
[2025-06-06T09:37:00.698+0000] {standard_task_runner.py:60} INFO - Started process 1809 to run task
[2025-06-06T09:37:00.701+0000] {standard_task_runner.py:87} INFO - Running: ['airflow', 'tasks', 'run', 'extract_postgres_table_to_parquet', 'run_extraction_eu', 'manual__2025-06-06T09:36:59.305811+00:00', '--job-id', '112', '--raw', '--subdir', 'DAGS_FOLDER/asia/landing.py', '--cfg-path', '/tmp/tmpwdp6oqu3']
[2025-06-06T09:37:00.702+0000] {standard_task_runner.py:88} INFO - Job 112: Subtask run_extraction_eu
[2025-06-06T09:37:00.775+0000] {task_command.py:423} INFO - Running <TaskInstance: extract_postgres_table_to_parquet.run_extraction_eu manual__2025-06-06T09:36:59.305811+00:00 [running]> on host 59a35f77855d
[2025-06-06T09:37:00.896+0000] {taskinstance.py:2480} INFO - Exporting env vars: AIRFLOW_CTX_DAG_OWNER='airflow' AIRFLOW_CTX_DAG_ID='extract_postgres_table_to_parquet' AIRFLOW_CTX_TASK_ID='run_extraction_eu' AIRFLOW_CTX_EXECUTION_DATE='2025-06-06T09:36:59.305811+00:00' AIRFLOW_CTX_TRY_NUMBER='1' AIRFLOW_CTX_DAG_RUN_ID='manual__2025-06-06T09:36:59.305811+00:00'
[2025-06-06T09:37:00.897+0000] {logging_mixin.py:188} INFO - Starting extraction for table: categories in region: eu
[2025-06-06T09:37:00.913+0000] {logging_mixin.py:188} INFO - [INFO] No variable found. Using default: 2000-01-01 00:00:00.000
[2025-06-06T09:37:07.001+0000] {taskinstance.py:2698} ERROR - Task failed with exception
Traceback (most recent call last):
  File "/home/airflow/.local/lib/python3.10/site-packages/airflow/models/taskinstance.py", line 433, in _execute_task
    result = execute_callable(context=context, **execute_callable_kwargs)
  File "/home/airflow/.local/lib/python3.10/site-packages/airflow/decorators/base.py", line 241, in execute
    return_value = super().execute(context)
  File "/home/airflow/.local/lib/python3.10/site-packages/airflow/operators/python.py", line 199, in execute
    return_value = self.execute_callable()
  File "/home/airflow/.local/lib/python3.10/site-packages/airflow/operators/python.py", line 216, in execute_callable
    return self.python_callable(*self.op_args, **self.op_kwargs)
  File "/opt/airflow/dags/asia/landing.py", line 49, in run_extraction_eu
    extract_postgres_table(
  File "/opt/airflow/dags/asia/../../scripts/pyspark_jobs/extract_to_parquet.py", line 40, in extract_postgres_table
    timestamp_col = TABLE_CONFIG[table]["regions"][region]["timestamp_column"]
KeyError: 'categories'
[2025-06-06T09:37:07.032+0000] {taskinstance.py:1138} INFO - Marking task as FAILED. dag_id=extract_postgres_table_to_parquet, task_id=run_extraction_eu, execution_date=20250606T093659, start_date=20250606T093700, end_date=20250606T093707
[2025-06-06T09:37:07.049+0000] {standard_task_runner.py:107} ERROR - Failed to execute job 112 for task run_extraction_eu ('categories'; 1809)
[2025-06-06T09:37:07.088+0000] {local_task_job_runner.py:234} INFO - Task exited with return code 1
[2025-06-06T09:37:07.126+0000] {taskinstance.py:3280} INFO - 0 downstream tasks scheduled from follow-on schedule check
