[2025-06-11T09:09:54.223+0000] {taskinstance.py:1956} INFO - Dependencies all met for dep_context=non-requeueable deps ti=<TaskInstance: load_to_star_schema_fact.star_merge_group.star_dim_customer_behaviour scheduled__2025-06-10T00:00:00+00:00 [queued]>
[2025-06-11T09:09:54.233+0000] {taskinstance.py:1956} INFO - Dependencies all met for dep_context=requeueable deps ti=<TaskInstance: load_to_star_schema_fact.star_merge_group.star_dim_customer_behaviour scheduled__2025-06-10T00:00:00+00:00 [queued]>
[2025-06-11T09:09:54.233+0000] {taskinstance.py:2170} INFO - Starting attempt 1 of 2
[2025-06-11T09:09:54.246+0000] {taskinstance.py:2191} INFO - Executing <Task(_PythonDecoratedOperator): star_merge_group.star_dim_customer_behaviour> on 2025-06-10 00:00:00+00:00
[2025-06-11T09:09:54.254+0000] {standard_task_runner.py:60} INFO - Started process 776 to run task
[2025-06-11T09:09:54.257+0000] {standard_task_runner.py:87} INFO - Running: ['airflow', 'tasks', 'run', 'load_to_star_schema_fact', 'star_merge_group.star_dim_customer_behaviour', 'scheduled__2025-06-10T00:00:00+00:00', '--job-id', '1512', '--raw', '--subdir', 'DAGS_FOLDER/star/master_fact.py', '--cfg-path', '/tmp/tmpl_j6n7te']
[2025-06-11T09:09:54.259+0000] {standard_task_runner.py:88} INFO - Job 1512: Subtask star_merge_group.star_dim_customer_behaviour
[2025-06-11T09:09:54.332+0000] {task_command.py:423} INFO - Running <TaskInstance: load_to_star_schema_fact.star_merge_group.star_dim_customer_behaviour scheduled__2025-06-10T00:00:00+00:00 [running]> on host d1bcd5712a45
[2025-06-11T09:09:54.634+0000] {taskinstance.py:2480} INFO - Exporting env vars: AIRFLOW_CTX_DAG_OWNER='data-team' AIRFLOW_CTX_DAG_ID='load_to_star_schema_fact' AIRFLOW_CTX_TASK_ID='star_merge_group.star_dim_customer_behaviour' AIRFLOW_CTX_EXECUTION_DATE='2025-06-10T00:00:00+00:00' AIRFLOW_CTX_TRY_NUMBER='1' AIRFLOW_CTX_DAG_RUN_ID='scheduled__2025-06-10T00:00:00+00:00'
[2025-06-11T09:09:54.637+0000] {connection.py:486} INFO - Snowflake Connector for Python Version: 3.15.0, Python Version: 3.10.13, Platform: Linux-6.11.0-26-generic-x86_64-with-glibc2.36
[2025-06-11T09:09:54.640+0000] {connection.py:1391} INFO - Connecting to GLOBAL Snowflake domain
[2025-06-11T09:10:02.832+0000] {logging_mixin.py:188} INFO - Successfully connected to Snowflake via snowflake.connector.
[2025-06-11T09:10:02.832+0000] {logging_mixin.py:188} INFO - Running merge for customer_behaviour...
[2025-06-11T09:10:04.392+0000] {logging_mixin.py:188} INFO - Merge completed for customer_behaviour
[2025-06-11T09:10:05.021+0000] {python.py:201} INFO - Done. Returned value was: None
[2025-06-11T09:10:05.033+0000] {taskinstance.py:1138} INFO - Marking task as SUCCESS. dag_id=load_to_star_schema_fact, task_id=star_merge_group.star_dim_customer_behaviour, execution_date=20250610T000000, start_date=20250611T090954, end_date=20250611T091005
[2025-06-11T09:10:05.064+0000] {local_task_job_runner.py:234} INFO - Task exited with return code 0
[2025-06-11T09:10:05.081+0000] {taskinstance.py:3280} INFO - 0 downstream tasks scheduled from follow-on schedule check
[2025-06-11T14:38:50.234+0000] {taskinstance.py:1956} INFO - Dependencies all met for dep_context=non-requeueable deps ti=<TaskInstance: load_to_star_schema_fact.star_merge_group.star_dim_customer_behaviour scheduled__2025-06-10T00:00:00+00:00 [queued]>
[2025-06-11T14:38:50.256+0000] {taskinstance.py:1956} INFO - Dependencies all met for dep_context=requeueable deps ti=<TaskInstance: load_to_star_schema_fact.star_merge_group.star_dim_customer_behaviour scheduled__2025-06-10T00:00:00+00:00 [queued]>
[2025-06-11T14:38:50.256+0000] {taskinstance.py:2170} INFO - Starting attempt 1 of 2
[2025-06-11T14:38:50.316+0000] {taskinstance.py:2191} INFO - Executing <Task(_PythonDecoratedOperator): star_merge_group.star_dim_customer_behaviour> on 2025-06-10 00:00:00+00:00
[2025-06-11T14:38:50.330+0000] {standard_task_runner.py:60} INFO - Started process 1762 to run task
[2025-06-11T14:38:50.335+0000] {standard_task_runner.py:87} INFO - Running: ['airflow', 'tasks', 'run', 'load_to_star_schema_fact', 'star_merge_group.star_dim_customer_behaviour', 'scheduled__2025-06-10T00:00:00+00:00', '--job-id', '10', '--raw', '--subdir', 'DAGS_FOLDER/star/master_fact.py', '--cfg-path', '/tmp/tmppc3vk6xj']
[2025-06-11T14:38:50.338+0000] {standard_task_runner.py:88} INFO - Job 10: Subtask star_merge_group.star_dim_customer_behaviour
[2025-06-11T14:38:50.556+0000] {task_command.py:423} INFO - Running <TaskInstance: load_to_star_schema_fact.star_merge_group.star_dim_customer_behaviour scheduled__2025-06-10T00:00:00+00:00 [running]> on host 94d2ab00ac05
[2025-06-11T14:38:50.854+0000] {taskinstance.py:2480} INFO - Exporting env vars: AIRFLOW_CTX_DAG_OWNER='data-team' AIRFLOW_CTX_DAG_ID='load_to_star_schema_fact' AIRFLOW_CTX_TASK_ID='star_merge_group.star_dim_customer_behaviour' AIRFLOW_CTX_EXECUTION_DATE='2025-06-10T00:00:00+00:00' AIRFLOW_CTX_TRY_NUMBER='1' AIRFLOW_CTX_DAG_RUN_ID='scheduled__2025-06-10T00:00:00+00:00'
[2025-06-11T14:38:50.857+0000] {connection.py:486} INFO - Snowflake Connector for Python Version: 3.15.0, Python Version: 3.10.13, Platform: Linux-6.11.0-26-generic-x86_64-with-glibc2.36
[2025-06-11T14:38:50.858+0000] {connection.py:1391} INFO - Connecting to GLOBAL Snowflake domain
[2025-06-11T14:38:54.635+0000] {logging_mixin.py:188} INFO - Successfully connected to Snowflake via snowflake.connector.
[2025-06-11T14:38:54.636+0000] {logging_mixin.py:188} INFO - Running merge for customer_behaviour...
[2025-06-11T14:38:56.676+0000] {logging_mixin.py:188} INFO - Merge completed for customer_behaviour
[2025-06-11T14:38:57.330+0000] {python.py:201} INFO - Done. Returned value was: None
[2025-06-11T14:38:57.387+0000] {taskinstance.py:1138} INFO - Marking task as SUCCESS. dag_id=load_to_star_schema_fact, task_id=star_merge_group.star_dim_customer_behaviour, execution_date=20250610T000000, start_date=20250611T143850, end_date=20250611T143857
[2025-06-11T14:38:57.508+0000] {local_task_job_runner.py:234} INFO - Task exited with return code 0
[2025-06-11T14:38:57.562+0000] {taskinstance.py:3280} INFO - 0 downstream tasks scheduled from follow-on schedule check
