[2025-06-08T15:10:05.793+0000] {taskinstance.py:1956} INFO - Dependencies all met for dep_context=non-requeueable deps ti=<TaskInstance: transform_customers_csv.run_transformation_eu manual__2025-06-08T15:10:04.058590+00:00 [queued]>
[2025-06-08T15:10:05.828+0000] {taskinstance.py:1956} INFO - Dependencies all met for dep_context=requeueable deps ti=<TaskInstance: transform_customers_csv.run_transformation_eu manual__2025-06-08T15:10:04.058590+00:00 [queued]>
[2025-06-08T15:10:05.830+0000] {taskinstance.py:2170} INFO - Starting attempt 1 of 1
[2025-06-08T15:10:05.883+0000] {taskinstance.py:2191} INFO - Executing <Task(_PythonDecoratedOperator): run_transformation_eu> on 2025-06-08 15:10:04.058590+00:00
[2025-06-08T15:10:05.900+0000] {standard_task_runner.py:60} INFO - Started process 73853 to run task
[2025-06-08T15:10:05.909+0000] {standard_task_runner.py:87} INFO - Running: ['airflow', 'tasks', 'run', 'transform_customers_csv', 'run_transformation_eu', 'manual__2025-06-08T15:10:04.058590+00:00', '--job-id', '449', '--raw', '--subdir', 'DAGS_FOLDER/staging/customer_to_staging.py', '--cfg-path', '/tmp/tmp91xp7qqq']
[2025-06-08T15:10:05.914+0000] {standard_task_runner.py:88} INFO - Job 449: Subtask run_transformation_eu
[2025-06-08T15:10:05.970+0000] {logging_mixin.py:188} WARNING - /home/airflow/.local/lib/python3.10/site-packages/airflow/settings.py:194 DeprecationWarning: The sql_alchemy_conn option in [core] has been moved to the sql_alchemy_conn option in [database] - the old setting has been used, but please update your config.
[2025-06-08T15:10:06.082+0000] {task_command.py:423} INFO - Running <TaskInstance: transform_customers_csv.run_transformation_eu manual__2025-06-08T15:10:04.058590+00:00 [running]> on host f7e9b9614623
[2025-06-08T15:10:06.354+0000] {taskinstance.py:2480} INFO - Exporting env vars: AIRFLOW_CTX_DAG_OWNER='airflow' AIRFLOW_CTX_DAG_ID='transform_customers_csv' AIRFLOW_CTX_TASK_ID='run_transformation_eu' AIRFLOW_CTX_EXECUTION_DATE='2025-06-08T15:10:04.058590+00:00' AIRFLOW_CTX_TRY_NUMBER='1' AIRFLOW_CTX_DAG_RUN_ID='manual__2025-06-08T15:10:04.058590+00:00'
[2025-06-08T15:10:06.360+0000] {logging_mixin.py:188} INFO - Starting transformation for table: customers in region: eu
[2025-06-08T15:10:16.248+0000] {logging_mixin.py:188} INFO - Reading data from: /opt/airflow/data/raw/region=eu/table=customers/load_date=2025-06-06/
[2025-06-08T15:10:29.587+0000] {logging_mixin.py:188} INFO - [INFO] Processing 25 records for eu
[2025-06-08T15:10:31.029+0000] {logging_mixin.py:188} INFO - Sample transformed data for eu:
[2025-06-08T15:10:37.247+0000] {logging_mixin.py:188} INFO - Error transforming data for eu: 
  An exception was thrown from the Python worker. Please see the stack trace below.
Traceback (most recent call last):
  File "/usr/local/spark/python/lib/pyspark.zip/pyspark/worker.py", line 1231, in main
    func, profiler, deserializer, serializer = read_udfs(pickleSer, infile, eval_type)
  File "/usr/local/spark/python/lib/pyspark.zip/pyspark/worker.py", line 1067, in read_udfs
    udfs.append(read_single_udf(pickleSer, infile, eval_type, runner_conf, udf_index=i))
  File "/usr/local/spark/python/lib/pyspark.zip/pyspark/worker.py", line 529, in read_single_udf
    f, return_type = read_command(pickleSer, infile)
  File "/usr/local/spark/python/lib/pyspark.zip/pyspark/worker.py", line 90, in read_command
    command = serializer._read_with_length(file)
  File "/usr/local/spark/python/lib/pyspark.zip/pyspark/serializers.py", line 174, in _read_with_length
    return self.loads(obj)
  File "/usr/local/spark/python/lib/pyspark.zip/pyspark/serializers.py", line 472, in loads
    return cloudpickle.loads(obj, encoding=encoding)
ModuleNotFoundError: No module named 'etl'
[2025-06-08T15:10:37.446+0000] {taskinstance.py:2698} ERROR - Task failed with exception
Traceback (most recent call last):
  File "/home/airflow/.local/lib/python3.10/site-packages/airflow/models/taskinstance.py", line 433, in _execute_task
    result = execute_callable(context=context, **execute_callable_kwargs)
  File "/home/airflow/.local/lib/python3.10/site-packages/airflow/decorators/base.py", line 241, in execute
    return_value = super().execute(context)
  File "/home/airflow/.local/lib/python3.10/site-packages/airflow/operators/python.py", line 199, in execute
    return_value = self.execute_callable()
  File "/home/airflow/.local/lib/python3.10/site-packages/airflow/operators/python.py", line 216, in execute_callable
    return self.python_callable(*self.op_args, **self.op_kwargs)
  File "/opt/airflow/dags/staging/customer_to_staging.py", line 93, in run_transformation_eu
    transform_customers_table(
  File "/opt/airflow/scripts/pyspark_jobs/customer.py", line 71, in transform_customers_table
    raise e
  File "/opt/airflow/scripts/pyspark_jobs/customer.py", line 57, in transform_customers_table
    df_transformed.show(5, truncate=False)
  File "/home/airflow/.local/lib/python3.10/site-packages/pyspark/sql/dataframe.py", line 945, in show
    print(self._show_string(n, truncate, vertical))
  File "/home/airflow/.local/lib/python3.10/site-packages/pyspark/sql/dataframe.py", line 976, in _show_string
    return self._jdf.showString(n, int_truncate, vertical)
  File "/home/airflow/.local/lib/python3.10/site-packages/py4j/java_gateway.py", line 1322, in __call__
    return_value = get_return_value(
  File "/home/airflow/.local/lib/python3.10/site-packages/pyspark/errors/exceptions/captured.py", line 185, in deco
    raise converted from None
pyspark.errors.exceptions.captured.PythonException: 
  An exception was thrown from the Python worker. Please see the stack trace below.
Traceback (most recent call last):
  File "/usr/local/spark/python/lib/pyspark.zip/pyspark/worker.py", line 1231, in main
    func, profiler, deserializer, serializer = read_udfs(pickleSer, infile, eval_type)
  File "/usr/local/spark/python/lib/pyspark.zip/pyspark/worker.py", line 1067, in read_udfs
    udfs.append(read_single_udf(pickleSer, infile, eval_type, runner_conf, udf_index=i))
  File "/usr/local/spark/python/lib/pyspark.zip/pyspark/worker.py", line 529, in read_single_udf
    f, return_type = read_command(pickleSer, infile)
  File "/usr/local/spark/python/lib/pyspark.zip/pyspark/worker.py", line 90, in read_command
    command = serializer._read_with_length(file)
  File "/usr/local/spark/python/lib/pyspark.zip/pyspark/serializers.py", line 174, in _read_with_length
    return self.loads(obj)
  File "/usr/local/spark/python/lib/pyspark.zip/pyspark/serializers.py", line 472, in loads
    return cloudpickle.loads(obj, encoding=encoding)
ModuleNotFoundError: No module named 'etl'

[2025-06-08T15:10:37.479+0000] {taskinstance.py:1138} INFO - Marking task as FAILED. dag_id=transform_customers_csv, task_id=run_transformation_eu, execution_date=20250608T151004, start_date=20250608T151005, end_date=20250608T151037
[2025-06-08T15:10:37.503+0000] {standard_task_runner.py:107} ERROR - Failed to execute job 449 for task run_transformation_eu (
  An exception was thrown from the Python worker. Please see the stack trace below.
Traceback (most recent call last):
  File "/usr/local/spark/python/lib/pyspark.zip/pyspark/worker.py", line 1231, in main
    func, profiler, deserializer, serializer = read_udfs(pickleSer, infile, eval_type)
  File "/usr/local/spark/python/lib/pyspark.zip/pyspark/worker.py", line 1067, in read_udfs
    udfs.append(read_single_udf(pickleSer, infile, eval_type, runner_conf, udf_index=i))
  File "/usr/local/spark/python/lib/pyspark.zip/pyspark/worker.py", line 529, in read_single_udf
    f, return_type = read_command(pickleSer, infile)
  File "/usr/local/spark/python/lib/pyspark.zip/pyspark/worker.py", line 90, in read_command
    command = serializer._read_with_length(file)
  File "/usr/local/spark/python/lib/pyspark.zip/pyspark/serializers.py", line 174, in _read_with_length
    return self.loads(obj)
  File "/usr/local/spark/python/lib/pyspark.zip/pyspark/serializers.py", line 472, in loads
    return cloudpickle.loads(obj, encoding=encoding)
ModuleNotFoundError: No module named 'etl'
; 73853)
[2025-06-08T15:10:37.523+0000] {local_task_job_runner.py:234} INFO - Task exited with return code 1
[2025-06-08T15:10:37.567+0000] {taskinstance.py:3280} INFO - 0 downstream tasks scheduled from follow-on schedule check
