[2025-06-10T06:58:48.556+0000] {taskinstance.py:1956} INFO - Dependencies all met for dep_context=non-requeueable deps ti=<TaskInstance: multi_region_to_snowflake.process_region_asia.process_categories_asia scheduled__2025-06-09T00:00:00+00:00 [queued]>
[2025-06-10T06:58:48.572+0000] {taskinstance.py:1956} INFO - Dependencies all met for dep_context=requeueable deps ti=<TaskInstance: multi_region_to_snowflake.process_region_asia.process_categories_asia scheduled__2025-06-09T00:00:00+00:00 [queued]>
[2025-06-10T06:58:48.573+0000] {taskinstance.py:2170} INFO - Starting attempt 2 of 2
[2025-06-10T06:58:48.601+0000] {taskinstance.py:2191} INFO - Executing <Task(_PythonDecoratedOperator): process_region_asia.process_categories_asia> on 2025-06-09 00:00:00+00:00
[2025-06-10T06:58:48.610+0000] {standard_task_runner.py:60} INFO - Started process 189 to run task
[2025-06-10T06:58:48.615+0000] {standard_task_runner.py:87} INFO - Running: ['airflow', 'tasks', 'run', 'multi_region_to_snowflake', 'process_region_asia.process_categories_asia', 'scheduled__2025-06-09T00:00:00+00:00', '--job-id', '941', '--raw', '--subdir', 'DAGS_FOLDER/master_dag.py', '--cfg-path', '/tmp/tmp4a2lolh6']
[2025-06-10T06:58:48.618+0000] {standard_task_runner.py:88} INFO - Job 941: Subtask process_region_asia.process_categories_asia
[2025-06-10T06:58:48.743+0000] {task_command.py:423} INFO - Running <TaskInstance: multi_region_to_snowflake.process_region_asia.process_categories_asia scheduled__2025-06-09T00:00:00+00:00 [running]> on host 180d0d52c3ad
[2025-06-10T06:58:49.016+0000] {taskinstance.py:2480} INFO - Exporting env vars: AIRFLOW_CTX_DAG_OWNER='data-team' AIRFLOW_CTX_DAG_ID='multi_region_to_snowflake' AIRFLOW_CTX_TASK_ID='process_region_asia.process_categories_asia' AIRFLOW_CTX_EXECUTION_DATE='2025-06-09T00:00:00+00:00' AIRFLOW_CTX_TRY_NUMBER='2' AIRFLOW_CTX_DAG_RUN_ID='scheduled__2025-06-09T00:00:00+00:00'
[2025-06-10T06:59:08.418+0000] {logging_mixin.py:188} INFO - Processing categories for region asia
[2025-06-10T06:59:26.067+0000] {logging_mixin.py:188} INFO - STAGING_ASIA
[2025-06-10T06:59:40.599+0000] {logging_mixin.py:188} INFO - +-------------+--------------+------------------+--------------------+---------+-------------------+-------------------+-------+--------+
|categories_id| category_name|parent_category_id|       category_path|is_active|         created_at|         updated_at|_region| _source|
+-------------+--------------+------------------+--------------------+---------+-------------------+-------------------+-------+--------+
|            1|   Electronics|              NULL|        /Electronics|     true|2024-01-01 09:00:00|2025-06-08 19:23:06|   asia|postgres|
|            2|   Smartphones|                 1|/Electronics/Smar...|     true|2024-01-02 00:00:00|2025-06-08 19:23:06|   asia|postgres|
|            3|       Laptops|                 1|/Electronics/Laptops|     true|2024-03-01 00:00:00|2025-06-08 19:23:06|   asia|postgres|
|            4|Gaming Devices|                 1| /Electronics/Gaming|     true|               NULL|2025-06-08 19:23:06|   asia|postgres|
|            5|      Clothing|              NULL|           /Clothing|     true|2024-05-01 00:00:00|2025-06-08 19:23:06|   asia|postgres|
|            6|  Mens Fashion|                 5|      /Clothing/Mens|     true|2024-01-06 00:00:00|2025-06-08 19:23:06|   asia|postgres|
|            7|Womens Fashion|                 5|    /Clothing/Womens|     true|2024-07-01 00:00:00|2025-06-08 19:23:06|   asia|postgres|
|            8| Home & Living|              NULL|        /Home-Living|     true|2024-01-08 11:20:15|2025-06-08 19:23:06|   asia|postgres|
|            9|     Furniture|                 8|/Home-Living/Furn...|     true|2024-01-09 00:00:00|2025-06-08 19:23:06|   asia|postgres|
|           10|         Books|              NULL|              /Books|     true|2024-01-10 00:00:00|2025-06-08 19:23:06|   asia|postgres|
+-------------+--------------+------------------+--------------------+---------+-------------------+-------------------+-------+--------+
only showing top 10 rows
[2025-06-10T06:59:40.601+0000] {logging_mixin.py:188} INFO - Inserting into snowflake
[2025-06-10T07:00:20.841+0000] {logging_mixin.py:188} INFO - successfully inserted in snowflake
[2025-06-10T07:00:21.963+0000] {logging_mixin.py:188} INFO - Successfully processed 30 records for categories in asia
[2025-06-10T07:00:23.430+0000] {python.py:201} INFO - Done. Returned value was: {'region': 'asia', 'table': 'categories', 'record_count': 30, 'status': 'success'}
[2025-06-10T07:00:24.093+0000] {taskinstance.py:1138} INFO - Marking task as SUCCESS. dag_id=multi_region_to_snowflake, task_id=process_region_asia.process_categories_asia, execution_date=20250609T000000, start_date=20250610T065848, end_date=20250610T070024
[2025-06-10T07:00:24.368+0000] {local_task_job_runner.py:234} INFO - Task exited with return code 0
[2025-06-10T07:00:24.942+0000] {taskinstance.py:3280} INFO - 1 downstream tasks scheduled from follow-on schedule check
