[2025-06-09T07:33:52.935+0000] {taskinstance.py:1956} INFO - Dependencies all met for dep_context=non-requeueable deps ti=<TaskInstance: multi_region_processor_7.process_region_eu.process_shipments_eu manual__2025-06-09T07:28:55.367695+00:00 [queued]>
[2025-06-09T07:33:52.962+0000] {taskinstance.py:1956} INFO - Dependencies all met for dep_context=requeueable deps ti=<TaskInstance: multi_region_processor_7.process_region_eu.process_shipments_eu manual__2025-06-09T07:28:55.367695+00:00 [queued]>
[2025-06-09T07:33:52.962+0000] {taskinstance.py:2170} INFO - Starting attempt 1 of 2
[2025-06-09T07:33:52.986+0000] {taskinstance.py:2191} INFO - Executing <Task(_PythonDecoratedOperator): process_region_eu.process_shipments_eu> on 2025-06-09 07:28:55.367695+00:00
[2025-06-09T07:33:52.993+0000] {standard_task_runner.py:60} INFO - Started process 83566 to run task
[2025-06-09T07:33:52.996+0000] {standard_task_runner.py:87} INFO - Running: ['airflow', 'tasks', 'run', 'multi_region_processor_7', 'process_region_eu.process_shipments_eu', 'manual__2025-06-09T07:28:55.367695+00:00', '--job-id', '601', '--raw', '--subdir', 'DAGS_FOLDER/master2.py', '--cfg-path', '/tmp/tmpvtl9ndph']
[2025-06-09T07:33:52.998+0000] {standard_task_runner.py:88} INFO - Job 601: Subtask process_region_eu.process_shipments_eu
[2025-06-09T07:33:53.029+0000] {logging_mixin.py:188} WARNING - /home/airflow/.local/lib/python3.10/site-packages/airflow/settings.py:194 DeprecationWarning: The sql_alchemy_conn option in [core] has been moved to the sql_alchemy_conn option in [database] - the old setting has been used, but please update your config.
[2025-06-09T07:33:53.109+0000] {task_command.py:423} INFO - Running <TaskInstance: multi_region_processor_7.process_region_eu.process_shipments_eu manual__2025-06-09T07:28:55.367695+00:00 [running]> on host afcdbcf38bc0
[2025-06-09T07:33:53.349+0000] {taskinstance.py:2480} INFO - Exporting env vars: AIRFLOW_CTX_DAG_OWNER='data-team' AIRFLOW_CTX_DAG_ID='multi_region_processor_7' AIRFLOW_CTX_TASK_ID='process_region_eu.process_shipments_eu' AIRFLOW_CTX_EXECUTION_DATE='2025-06-09T07:28:55.367695+00:00' AIRFLOW_CTX_TRY_NUMBER='1' AIRFLOW_CTX_DAG_RUN_ID='manual__2025-06-09T07:28:55.367695+00:00'
[2025-06-09T07:34:05.822+0000] {logging_mixin.py:188} INFO - Processing shipments for region eu
[2025-06-09T07:34:24.371+0000] {logging_mixin.py:188} INFO - +-----------+--------+----------------+-------+---------------+-------------------+-----------------------+-------------------------+---------------+--------------------+--------------------+-------+--------+
|shipment_id|order_id| tracking_number|carrier|shipping_method|  shipped_timestamp|estimated_delivery_date|actual_delivery_timestamp|shipment_status|          created_at|          updated_at|_region| _source|
+-----------+--------+----------------+-------+---------------+-------------------+-----------------------+-------------------------+---------------+--------------------+--------------------+-------+--------+
|          1|       1|   DHL1234567890|    DHL|       Standard|2024-01-16 13:30:00|             2024-01-18|      2024-01-18 15:45:00|      delivered|2025-06-08 19:22:...|2025-06-08 19:22:...|     eu|postgres|
|          2|       2|   DPD9876543210|    DPD|        Express|2024-01-17 09:15:00|             2024-01-19|                     NULL|     in_transit|2025-06-08 19:22:...|2025-06-08 19:22:...|     eu|postgres|
|          3|       3|HERMES5555666677| Hermes|       Standard|               NULL|                   NULL|                     NULL|        pending|2025-06-08 19:22:...|2025-06-08 19:22:...|     eu|postgres|
|          4|       4|POSTNL1111222233| PostNL|        Express|2024-01-18 08:45:00|             2024-01-20|      2024-01-19 13:20:00|      delivered|2025-06-08 19:22:...|2025-06-08 19:22:...|     eu|postgres|
|          5|       6|   DHL2222333344|    DHL|       Same Day|2024-01-19 10:30:00|             2024-01-19|      2024-01-19 17:15:00|      delivered|2025-06-08 19:22:...|2025-06-08 19:22:...|     eu|postgres|
|          6|       7|   DPD7777888899|    DPD|       Standard|2024-01-20 12:20:00|             2024-01-22|                     NULL|     in_transit|2025-06-08 19:22:...|2025-06-08 19:22:...|     eu|postgres|
|          7|       8|HERMES4444555566| Hermes|        Express|2024-01-21 14:45:00|             2024-01-23|                     NULL|     in_transit|2025-06-08 19:22:...|2025-06-08 19:22:...|     eu|postgres|
|          8|       9|   DHL6666777788|    DHL|       Standard|2024-01-22 07:30:00|             2024-01-24|      2024-01-24 11:10:00|      delivered|2025-06-08 19:22:...|2025-06-08 19:22:...|     eu|postgres|
|          1|       1|   DHL1234567890|    DHL|       Standard|2024-01-16 13:30:00|             2024-01-18|      2024-01-18 15:45:00|      delivered|2025-06-08 19:22:...|2025-06-08 19:22:...|     eu|postgres|
|          2|       2|   DPD9876543210|    DPD|        Express|2024-01-17 09:15:00|             2024-01-19|                     NULL|     in_transit|2025-06-08 19:22:...|2025-06-08 19:22:...|     eu|postgres|
+-----------+--------+----------------+-------+---------------+-------------------+-----------------------+-------------------------+---------------+--------------------+--------------------+-------+--------+
only showing top 10 rows
[2025-06-09T07:34:30.104+0000] {logging_mixin.py:188} INFO - Successfully processed 16 records for shipments in eu
[2025-06-09T07:34:30.540+0000] {python.py:201} INFO - Done. Returned value was: {'region': 'eu', 'table': 'shipments', 'record_count': 16, 'status': 'success'}
[2025-06-09T07:34:30.634+0000] {taskinstance.py:1138} INFO - Marking task as SUCCESS. dag_id=multi_region_processor_7, task_id=process_region_eu.process_shipments_eu, execution_date=20250609T072855, start_date=20250609T073352, end_date=20250609T073430
[2025-06-09T07:34:30.708+0000] {local_task_job_runner.py:234} INFO - Task exited with return code 0
[2025-06-09T07:34:30.826+0000] {taskinstance.py:3280} INFO - 0 downstream tasks scheduled from follow-on schedule check
