[2025-06-11T02:36:48.854+0000] {taskinstance.py:1956} INFO - Dependencies all met for dep_context=non-requeueable deps ti=<TaskInstance: multi_region_to_snowflake.process_region_eu.process_categories_eu scheduled__2025-06-10T00:00:00+00:00 [queued]>
[2025-06-11T02:36:48.879+0000] {taskinstance.py:1956} INFO - Dependencies all met for dep_context=requeueable deps ti=<TaskInstance: multi_region_to_snowflake.process_region_eu.process_categories_eu scheduled__2025-06-10T00:00:00+00:00 [queued]>
[2025-06-11T02:36:48.881+0000] {taskinstance.py:2170} INFO - Starting attempt 1 of 2
[2025-06-11T02:36:48.911+0000] {taskinstance.py:2191} INFO - Executing <Task(_PythonDecoratedOperator): process_region_eu.process_categories_eu> on 2025-06-10 00:00:00+00:00
[2025-06-11T02:36:48.931+0000] {standard_task_runner.py:60} INFO - Started process 34035 to run task
[2025-06-11T02:36:48.942+0000] {standard_task_runner.py:87} INFO - Running: ['airflow', 'tasks', 'run', 'multi_region_to_snowflake', 'process_region_eu.process_categories_eu', 'scheduled__2025-06-10T00:00:00+00:00', '--job-id', '1214', '--raw', '--subdir', 'DAGS_FOLDER/master_dag.py', '--cfg-path', '/tmp/tmpy7egjlop']
[2025-06-11T02:36:48.949+0000] {standard_task_runner.py:88} INFO - Job 1214: Subtask process_region_eu.process_categories_eu
[2025-06-11T02:36:49.106+0000] {task_command.py:423} INFO - Running <TaskInstance: multi_region_to_snowflake.process_region_eu.process_categories_eu scheduled__2025-06-10T00:00:00+00:00 [running]> on host 5039a2bbff84
[2025-06-11T02:36:49.322+0000] {taskinstance.py:2480} INFO - Exporting env vars: AIRFLOW_CTX_DAG_OWNER='data-team' AIRFLOW_CTX_DAG_ID='multi_region_to_snowflake' AIRFLOW_CTX_TASK_ID='process_region_eu.process_categories_eu' AIRFLOW_CTX_EXECUTION_DATE='2025-06-10T00:00:00+00:00' AIRFLOW_CTX_TRY_NUMBER='1' AIRFLOW_CTX_DAG_RUN_ID='scheduled__2025-06-10T00:00:00+00:00'
[2025-06-11T02:37:04.714+0000] {logging_mixin.py:188} INFO - Processing categories for region eu
[2025-06-11T02:37:16.861+0000] {logging_mixin.py:188} INFO - STAGING_EU
[2025-06-11T02:37:27.548+0000] {logging_mixin.py:188} INFO - +-----------+-------------+-------------------+------------------+--------------------+---------+--------------+-------------------+-------------------+-------+--------+
|category_id|category_name|category_name_local|parent_category_id|       category_path|is_active|gdpr_sensitive|         created_at|         updated_at|_region| _source|
+-----------+-------------+-------------------+------------------+--------------------+---------+--------------+-------------------+-------------------+-------+--------+
|          1|  Electronics|         Elektronik|              NULL|        /Electronics|        1|         false|2025-06-08 19:22:57|2025-06-08 19:22:57|     eu|postgres|
|          2|  Smartphones|        Smartphones|                 1|/Electronics/Smar...|        1|         false|2025-06-08 19:22:57|2025-06-08 19:22:57|     eu|postgres|
|          3|      Laptops|            Laptops|                 1|/Electronics/Laptops|        1|         false|2025-06-08 19:22:57|2025-06-08 19:22:57|     eu|postgres|
|          4|       Gaming|             Spiele|                 1| /Electronics/Gaming|        1|         false|2025-06-08 19:22:57|2025-06-08 19:22:57|     eu|postgres|
|          5|     Clothing|           Kleidung|              NULL|           /Clothing|        1|         false|2025-06-08 19:22:57|2025-06-08 19:22:57|     eu|postgres|
|          6|    Mens Wear|   Herrenbekleidung|                 5|      /Clothing/Mens|        1|         false|2025-06-08 19:22:57|2025-06-08 19:22:57|     eu|postgres|
|          7|  Womens Wear|    Damenbekleidung|                 5|    /Clothing/Womens|        1|         false|2025-06-08 19:22:57|2025-06-08 19:22:57|     eu|postgres|
|          8|Home & Garden|      Haus & Garten|              NULL|        /Home-Garden|        1|         false|2025-06-08 19:22:57|2025-06-08 19:22:57|     eu|postgres|
|          9|    Furniture|              Möbel|                 8|/Home-Garden/Furn...|        1|         false|2025-06-08 19:22:57|2025-06-08 19:22:57|     eu|postgres|
|         10|        Books|             Bücher|              NULL|              /Books|        1|          true|2025-06-08 19:22:57|2025-06-08 19:22:57|     eu|postgres|
+-----------+-------------+-------------------+------------------+--------------------+---------+--------------+-------------------+-------------------+-------+--------+
only showing top 10 rows
[2025-06-11T02:37:27.549+0000] {logging_mixin.py:188} INFO - Inserting into snowflake
[2025-06-11T02:37:42.220+0000] {logging_mixin.py:188} INFO - successfully inserted in snowflake
[2025-06-11T02:37:42.234+0000] {crypto.py:82} WARNING - empty cryptography key - values will not be stored encrypted.
[2025-06-11T02:37:43.106+0000] {logging_mixin.py:188} INFO - Successfully processed 30 records for categories in eu
[2025-06-11T02:37:44.395+0000] {python.py:201} INFO - Done. Returned value was: {'region': 'eu', 'table': 'categories', 'record_count': 30, 'status': 'success'}
[2025-06-11T02:37:44.467+0000] {taskinstance.py:1138} INFO - Marking task as SUCCESS. dag_id=multi_region_to_snowflake, task_id=process_region_eu.process_categories_eu, execution_date=20250610T000000, start_date=20250611T023648, end_date=20250611T023744
[2025-06-11T02:37:44.546+0000] {local_task_job_runner.py:234} INFO - Task exited with return code 0
[2025-06-11T02:37:44.648+0000] {taskinstance.py:3280} INFO - 1 downstream tasks scheduled from follow-on schedule check
