[2025-06-08T18:50:30.968+0000] {taskinstance.py:1956} INFO - Dependencies all met for dep_context=non-requeueable deps ti=<TaskInstance: transform_cart_items.run_transformation_asia manual__2025-06-08T18:50:17.353854+00:00 [queued]>
[2025-06-08T18:50:31.094+0000] {taskinstance.py:1956} INFO - Dependencies all met for dep_context=requeueable deps ti=<TaskInstance: transform_cart_items.run_transformation_asia manual__2025-06-08T18:50:17.353854+00:00 [queued]>
[2025-06-08T18:50:31.094+0000] {taskinstance.py:2170} INFO - Starting attempt 1 of 1
[2025-06-08T18:50:31.133+0000] {taskinstance.py:2191} INFO - Executing <Task(_PythonDecoratedOperator): run_transformation_asia> on 2025-06-08 18:50:17.353854+00:00
[2025-06-08T18:50:31.140+0000] {standard_task_runner.py:60} INFO - Started process 87193 to run task
[2025-06-08T18:50:31.140+0000] {clientserver.py:543} INFO - Closing down clientserver connection
[2025-06-08T18:50:31.147+0000] {standard_task_runner.py:87} INFO - Running: ['airflow', 'tasks', 'run', 'transform_cart_items', 'run_transformation_asia', 'manual__2025-06-08T18:50:17.353854+00:00', '--job-id', '619', '--raw', '--subdir', 'DAGS_FOLDER/staging/cart_items_to_staging.py', '--cfg-path', '/tmp/tmp925ojx61']
[2025-06-08T18:50:31.149+0000] {standard_task_runner.py:88} INFO - Job 619: Subtask run_transformation_asia
[2025-06-08T18:50:31.181+0000] {logging_mixin.py:188} WARNING - /home/airflow/.local/lib/python3.10/site-packages/airflow/settings.py:194 DeprecationWarning: The sql_alchemy_conn option in [core] has been moved to the sql_alchemy_conn option in [database] - the old setting has been used, but please update your config.
[2025-06-08T18:50:31.277+0000] {task_command.py:423} INFO - Running <TaskInstance: transform_cart_items.run_transformation_asia manual__2025-06-08T18:50:17.353854+00:00 [running]> on host 6ecd1ae3f40b
[2025-06-08T18:50:31.457+0000] {taskinstance.py:2480} INFO - Exporting env vars: AIRFLOW_CTX_DAG_OWNER='airflow' AIRFLOW_CTX_DAG_ID='transform_cart_items' AIRFLOW_CTX_TASK_ID='run_transformation_asia' AIRFLOW_CTX_EXECUTION_DATE='2025-06-08T18:50:17.353854+00:00' AIRFLOW_CTX_TRY_NUMBER='1' AIRFLOW_CTX_DAG_RUN_ID='manual__2025-06-08T18:50:17.353854+00:00'
[2025-06-08T18:50:31.458+0000] {logging_mixin.py:188} INFO - Starting transformation for table: cart_items in region: asia
[2025-06-08T18:50:31.494+0000] {logging_mixin.py:188} INFO - Reading data from: /opt/airflow/data/raw/region=asia/table=cart_items/load_date=2025-06-06/
[2025-06-08T18:50:37.520+0000] {logging_mixin.py:188} INFO - [INFO] Processing 6 records for asia
[2025-06-08T18:50:37.798+0000] {logging_mixin.py:188} INFO - Sample transformed data for asia:
[2025-06-08T18:50:40.461+0000] {logging_mixin.py:188} INFO - +------------+-------+----------+--------+--------------+-------------------+-------------------+-------+--------+
|cart_item_id|cart_id|variant_id|quantity|unit_price_jpy|added_at           |updated_at         |_region|_source |
+------------+-------+----------+--------+--------------+-------------------+-------------------+-------+--------+
|1           |1      |2         |1       |169800        |2024-03-15 09:35:20|2024-03-15 09:35:20|asia   |postgres|
|2           |1      |8         |2       |3500          |2024-03-15 09:40:35|2024-03-15 09:40:35|asia   |postgres|
|3           |2      |15        |1       |213000        |2024-03-16 11:20:10|2024-03-16 11:20:10|asia   |postgres|
|4           |3      |19        |1       |12800         |2024-03-17 13:25:45|2024-03-17 13:25:45|asia   |postgres|
|5           |4      |6         |1       |49800         |2024-03-18 15:45:30|2024-03-18 15:45:30|asia   |postgres|
+------------+-------+----------+--------+--------------+-------------------+-------------------+-------+--------+
only showing top 5 rows
[2025-06-08T18:50:40.461+0000] {logging_mixin.py:188} INFO - Writing transformed data to: /opt/airflow/data/staging/cart_items/region=asia/load_date=2025-06-06/
[2025-06-08T18:50:41.330+0000] {logging_mixin.py:188} INFO - Successfully transformed 6 records for asia
[2025-06-08T18:52:43.225+0000] {local_task_job_runner.py:302} WARNING - State of this instance has been externally set to failed. Terminating instance.
[2025-06-08T18:52:43.231+0000] {process_utils.py:131} INFO - Sending 15 to group 87193. PIDs of all processes in the group: [87193]
[2025-06-08T18:52:43.232+0000] {process_utils.py:86} INFO - Sending the signal 15 to group 87193
[2025-06-08T18:52:43.234+0000] {taskinstance.py:2450} ERROR - Received SIGTERM. Terminating subprocesses.
[2025-06-08T18:52:43.327+0000] {process_utils.py:79} INFO - Process psutil.Process(pid=87193, status='terminated', exitcode=0, started='18:50:31') (87193) terminated with exit code 0
