[2025-06-08T18:30:36.084+0000] {taskinstance.py:1956} INFO - Dependencies all met for dep_context=non-requeueable deps ti=<TaskInstance: transform_cart_items.run_transformation_asia manual__2025-06-08T18:30:21.888921+00:00 [queued]>
[2025-06-08T18:30:36.105+0000] {taskinstance.py:1956} INFO - Dependencies all met for dep_context=requeueable deps ti=<TaskInstance: transform_cart_items.run_transformation_asia manual__2025-06-08T18:30:21.888921+00:00 [queued]>
[2025-06-08T18:30:36.105+0000] {taskinstance.py:2170} INFO - Starting attempt 1 of 1
[2025-06-08T18:30:36.134+0000] {taskinstance.py:2191} INFO - Executing <Task(_PythonDecoratedOperator): run_transformation_asia> on 2025-06-08 18:30:21.888921+00:00
[2025-06-08T18:30:36.144+0000] {standard_task_runner.py:60} INFO - Started process 27076 to run task
[2025-06-08T18:30:36.144+0000] {clientserver.py:543} INFO - Closing down clientserver connection
[2025-06-08T18:30:36.155+0000] {standard_task_runner.py:87} INFO - Running: ['airflow', 'tasks', 'run', 'transform_cart_items', 'run_transformation_asia', 'manual__2025-06-08T18:30:21.888921+00:00', '--job-id', '607', '--raw', '--subdir', 'DAGS_FOLDER/staging/cart_items_to_staging.py', '--cfg-path', '/tmp/tmpwi3snoo2']
[2025-06-08T18:30:36.158+0000] {standard_task_runner.py:88} INFO - Job 607: Subtask run_transformation_asia
[2025-06-08T18:30:36.229+0000] {logging_mixin.py:188} WARNING - /home/airflow/.local/lib/python3.10/site-packages/airflow/settings.py:194 DeprecationWarning: The sql_alchemy_conn option in [core] has been moved to the sql_alchemy_conn option in [database] - the old setting has been used, but please update your config.
[2025-06-08T18:30:36.297+0000] {clientserver.py:505} INFO - Error while sending or receiving.
Traceback (most recent call last):
  File "/home/airflow/.local/lib/python3.10/site-packages/py4j/clientserver.py", line 503, in send_command
    self.socket.sendall(command.encode("utf-8"))
ConnectionResetError: [Errno 104] Connection reset by peer
[2025-06-08T18:30:36.299+0000] {clientserver.py:543} INFO - Closing down clientserver connection
[2025-06-08T18:30:36.299+0000] {java_gateway.py:1052} INFO - Exception while sending command.
Traceback (most recent call last):
  File "/home/airflow/.local/lib/python3.10/site-packages/py4j/clientserver.py", line 503, in send_command
    self.socket.sendall(command.encode("utf-8"))
ConnectionResetError: [Errno 104] Connection reset by peer

During handling of the above exception, another exception occurred:

Traceback (most recent call last):
  File "/home/airflow/.local/lib/python3.10/site-packages/py4j/java_gateway.py", line 1038, in send_command
    response = connection.send_command(command)
  File "/home/airflow/.local/lib/python3.10/site-packages/py4j/clientserver.py", line 506, in send_command
    raise Py4JNetworkError(
py4j.protocol.Py4JNetworkError: Error while sending
[2025-06-08T18:30:36.305+0000] {clientserver.py:543} INFO - Closing down clientserver connection
[2025-06-08T18:30:36.340+0000] {task_command.py:423} INFO - Running <TaskInstance: transform_cart_items.run_transformation_asia manual__2025-06-08T18:30:21.888921+00:00 [running]> on host 6ecd1ae3f40b
[2025-06-08T18:30:36.592+0000] {taskinstance.py:2480} INFO - Exporting env vars: AIRFLOW_CTX_DAG_OWNER='airflow' AIRFLOW_CTX_DAG_ID='transform_cart_items' AIRFLOW_CTX_TASK_ID='run_transformation_asia' AIRFLOW_CTX_EXECUTION_DATE='2025-06-08T18:30:21.888921+00:00' AIRFLOW_CTX_TRY_NUMBER='1' AIRFLOW_CTX_DAG_RUN_ID='manual__2025-06-08T18:30:21.888921+00:00'
[2025-06-08T18:30:36.595+0000] {logging_mixin.py:188} INFO - Starting transformation for table: cart_items in region: asia
[2025-06-08T18:30:36.647+0000] {logging_mixin.py:188} INFO - Reading data from: /opt/airflow/data/raw/region=asia/table=cart_items/load_date=2025-06-06/
[2025-06-08T18:30:48.329+0000] {logging_mixin.py:188} INFO - [INFO] Processing 6 records for asia
[2025-06-08T18:30:49.174+0000] {logging_mixin.py:188} INFO - Sample transformed data for asia:
[2025-06-08T18:30:54.642+0000] {logging_mixin.py:188} INFO - +------------+-------+----------+--------+--------------+-------------------+-------------------+-------+--------+
|cart_item_id|cart_id|variant_id|quantity|unit_price_jpy|added_at           |updated_at         |_region|_source |
+------------+-------+----------+--------+--------------+-------------------+-------------------+-------+--------+
|1           |1      |2         |1       |169800        |2024-03-15 09:35:20|2024-03-15 09:35:20|asia   |postgres|
|2           |1      |8         |2       |3500          |2024-03-15 09:40:35|2024-03-15 09:40:35|asia   |postgres|
|3           |2      |15        |1       |213000        |2024-03-16 11:20:10|2024-03-16 11:20:10|asia   |postgres|
|4           |3      |19        |1       |12800         |2024-03-17 13:25:45|2024-03-17 13:25:45|asia   |postgres|
|5           |4      |6         |1       |49800         |2024-03-18 15:45:30|2024-03-18 15:45:30|asia   |postgres|
+------------+-------+----------+--------+--------------+-------------------+-------------------+-------+--------+
only showing top 5 rows
[2025-06-08T18:30:54.643+0000] {logging_mixin.py:188} INFO - Writing transformed data to: /opt/airflow/data/staging/cart_items/region=asia/load_date=2025-06-06/
[2025-06-08T18:30:56.245+0000] {logging_mixin.py:188} INFO - Successfully transformed 6 records for asia
[2025-06-08T18:31:42.416+0000] {local_task_job_runner.py:302} WARNING - State of this instance has been externally set to failed. Terminating instance.
[2025-06-08T18:31:42.420+0000] {process_utils.py:131} INFO - Sending 15 to group 27076. PIDs of all processes in the group: [27076]
[2025-06-08T18:31:42.421+0000] {process_utils.py:86} INFO - Sending the signal 15 to group 27076
[2025-06-08T18:31:42.422+0000] {taskinstance.py:2450} ERROR - Received SIGTERM. Terminating subprocesses.
[2025-06-08T18:31:42.515+0000] {process_utils.py:79} INFO - Process psutil.Process(pid=27076, status='terminated', exitcode=0, started='18:30:36') (27076) terminated with exit code 0
