[2025-06-09T08:00:52.261+0000] {taskinstance.py:1956} INFO - Dependencies all met for dep_context=non-requeueable deps ti=<TaskInstance: multi_region_processor_7.process_region_asia.process_product_reviews_asia manual__2025-06-09T07:57:43.664622+00:00 [queued]>
[2025-06-09T08:00:52.272+0000] {taskinstance.py:1956} INFO - Dependencies all met for dep_context=requeueable deps ti=<TaskInstance: multi_region_processor_7.process_region_asia.process_product_reviews_asia manual__2025-06-09T07:57:43.664622+00:00 [queued]>
[2025-06-09T08:00:52.273+0000] {taskinstance.py:2170} INFO - Starting attempt 1 of 2
[2025-06-09T08:00:52.286+0000] {taskinstance.py:2191} INFO - Executing <Task(_PythonDecoratedOperator): process_region_asia.process_product_reviews_asia> on 2025-06-09 07:57:43.664622+00:00
[2025-06-09T08:00:52.291+0000] {standard_task_runner.py:60} INFO - Started process 97015 to run task
[2025-06-09T08:00:52.294+0000] {standard_task_runner.py:87} INFO - Running: ['airflow', 'tasks', 'run', 'multi_region_processor_7', 'process_region_asia.process_product_reviews_asia', 'manual__2025-06-09T07:57:43.664622+00:00', '--job-id', '633', '--raw', '--subdir', 'DAGS_FOLDER/master2.py', '--cfg-path', '/tmp/tmpee1_ck2_']
[2025-06-09T08:00:52.295+0000] {standard_task_runner.py:88} INFO - Job 633: Subtask process_region_asia.process_product_reviews_asia
[2025-06-09T08:00:52.314+0000] {logging_mixin.py:188} WARNING - /home/airflow/.local/lib/python3.10/site-packages/airflow/settings.py:194 DeprecationWarning: The sql_alchemy_conn option in [core] has been moved to the sql_alchemy_conn option in [database] - the old setting has been used, but please update your config.
[2025-06-09T08:00:52.356+0000] {task_command.py:423} INFO - Running <TaskInstance: multi_region_processor_7.process_region_asia.process_product_reviews_asia manual__2025-06-09T07:57:43.664622+00:00 [running]> on host afcdbcf38bc0
[2025-06-09T08:00:52.475+0000] {taskinstance.py:2480} INFO - Exporting env vars: AIRFLOW_CTX_DAG_OWNER='data-team' AIRFLOW_CTX_DAG_ID='multi_region_processor_7' AIRFLOW_CTX_TASK_ID='process_region_asia.process_product_reviews_asia' AIRFLOW_CTX_EXECUTION_DATE='2025-06-09T07:57:43.664622+00:00' AIRFLOW_CTX_TRY_NUMBER='1' AIRFLOW_CTX_DAG_RUN_ID='manual__2025-06-09T07:57:43.664622+00:00'
[2025-06-09T08:00:57.641+0000] {logging_mixin.py:188} INFO - Processing product_reviews for region asia
[2025-06-09T08:01:07.951+0000] {logging_mixin.py:188} INFO - +---------+----------+-----------+--------+------+------------------+--------------------+--------------------+-------------+-------------------+-------+--------+
|review_id|product_id|customer_id|order_id|rating|      review_title|         review_text|is_verified_purchase|helpful_votes|         created_at|_region| _source|
+---------+----------+-----------+--------+------+------------------+--------------------+--------------------+-------------+-------------------+-------+--------+
|        1|         1|          1|       1|     5|  EXCELLENT PHONE!|Amazing camera qu...|                true|           15|2025-06-08 19:23:07|   asia|postgres|
|        2|         5|          2|       2|     4|   beautiful dress|Nice fabric and f...|                true|            8|2025-06-08 19:23:07|   asia|postgres|
|        3|         6|          3|       3|     5|      Perfect Sofa|Comfortable and w...|                true|           22|2025-06-08 19:23:07|   asia|postgres|
|        4|        14|          4|       4|     3|   AVERAGE EARBUDS|Sound quality is ...|                true|            5|2025-06-08 19:23:07|   asia|postgres|
|        5|         7|         10|      10|     1|poor quality manga|Pages were damage...|                true|            2|2025-06-08 19:23:07|   asia|postgres|
|        6|         1|          5|    NULL|     4|Good but expensive|Great phone but o...|               false|            3|2025-06-08 19:23:07|   asia|postgres|
|        7|         9|          7|       7|     5|     AMAZING BIKE!|Perfect for mount...|                true|           18|2025-06-08 19:23:07|   asia|postgres|
|        8|        10|          8|       8|     4|     fun model kit|Great detail but ...|                true|            7|2025-06-08 19:23:07|   asia|postgres|
|        1|         1|          1|       1|     5|  EXCELLENT PHONE!|Amazing camera qu...|                true|           15|2025-06-08 19:23:07|   asia|postgres|
|        2|         5|          2|       2|     4|   beautiful dress|Nice fabric and f...|                true|            8|2025-06-08 19:23:07|   asia|postgres|
+---------+----------+-----------+--------+------+------------------+--------------------+--------------------+-------------+-------------------+-------+--------+
only showing top 10 rows
[2025-06-09T08:01:07.952+0000] {logging_mixin.py:188} INFO - Inserting into snowflake
[2025-06-09T08:01:20.125+0000] {logging_mixin.py:188} INFO - successfully inserted in snowflake
[2025-06-09T08:01:20.765+0000] {logging_mixin.py:188} INFO - Successfully processed 16 records for product_reviews in asia
[2025-06-09T08:01:21.994+0000] {python.py:201} INFO - Done. Returned value was: {'region': 'asia', 'table': 'product_reviews', 'record_count': 16, 'status': 'success'}
[2025-06-09T08:01:22.026+0000] {taskinstance.py:1138} INFO - Marking task as SUCCESS. dag_id=multi_region_processor_7, task_id=process_region_asia.process_product_reviews_asia, execution_date=20250609T075743, start_date=20250609T080052, end_date=20250609T080122
[2025-06-09T08:01:22.060+0000] {local_task_job_runner.py:234} INFO - Task exited with return code 0
[2025-06-09T08:01:22.083+0000] {taskinstance.py:3280} INFO - 0 downstream tasks scheduled from follow-on schedule check
