[2025-06-11T02:39:46.302+0000] {taskinstance.py:1956} INFO - Dependencies all met for dep_context=non-requeueable deps ti=<TaskInstance: multi_region_to_snowflake.process_region_eu.process_product_variants_eu scheduled__2025-06-10T00:00:00+00:00 [queued]>
[2025-06-11T02:39:46.320+0000] {taskinstance.py:1956} INFO - Dependencies all met for dep_context=requeueable deps ti=<TaskInstance: multi_region_to_snowflake.process_region_eu.process_product_variants_eu scheduled__2025-06-10T00:00:00+00:00 [queued]>
[2025-06-11T02:39:46.321+0000] {taskinstance.py:2170} INFO - Starting attempt 1 of 2
[2025-06-11T02:39:46.346+0000] {taskinstance.py:2191} INFO - Executing <Task(_PythonDecoratedOperator): process_region_eu.process_product_variants_eu> on 2025-06-10 00:00:00+00:00
[2025-06-11T02:39:46.358+0000] {standard_task_runner.py:60} INFO - Started process 38774 to run task
[2025-06-11T02:39:46.362+0000] {standard_task_runner.py:87} INFO - Running: ['airflow', 'tasks', 'run', 'multi_region_to_snowflake', 'process_region_eu.process_product_variants_eu', 'scheduled__2025-06-10T00:00:00+00:00', '--job-id', '1229', '--raw', '--subdir', 'DAGS_FOLDER/master_dag.py', '--cfg-path', '/tmp/tmp1crb3qku']
[2025-06-11T02:39:46.364+0000] {standard_task_runner.py:88} INFO - Job 1229: Subtask process_region_eu.process_product_variants_eu
[2025-06-11T02:39:46.465+0000] {task_command.py:423} INFO - Running <TaskInstance: multi_region_to_snowflake.process_region_eu.process_product_variants_eu scheduled__2025-06-10T00:00:00+00:00 [running]> on host 5039a2bbff84
[2025-06-11T02:39:46.708+0000] {taskinstance.py:2480} INFO - Exporting env vars: AIRFLOW_CTX_DAG_OWNER='data-team' AIRFLOW_CTX_DAG_ID='multi_region_to_snowflake' AIRFLOW_CTX_TASK_ID='process_region_eu.process_product_variants_eu' AIRFLOW_CTX_EXECUTION_DATE='2025-06-10T00:00:00+00:00' AIRFLOW_CTX_TRY_NUMBER='1' AIRFLOW_CTX_DAG_RUN_ID='scheduled__2025-06-10T00:00:00+00:00'
[2025-06-11T02:39:59.928+0000] {logging_mixin.py:188} INFO - Processing product_variants for region eu
[2025-06-11T02:40:13.625+0000] {logging_mixin.py:188} INFO - STAGING_EU
[2025-06-11T02:40:25.762+0000] {logging_mixin.py:188} INFO - +----------+----------+--------------------+--------------------+-------------+-------------+--------------+------------+---------+--------------------+-------+--------+
|variant_id|product_id|         product_sku|        variant_name| variant_type|variant_value|price_diff_eur|is_active_eu|is_active|          created_at|_region| _source|
+----------+----------+--------------------+--------------------+-------------+-------------+--------------+------------+---------+--------------------+-------+--------+
|         1|         1|EU-SKU-PHONE001-B...|iPhone 15 Pro Bla...|color_storage|  Black 128GB|          0.00|           1|     true|2025-06-08 19:22:...|     eu|postgres|
|         2|         1|EU-SKU-PHONE001-B...|iPhone 15 Pro Blu...|color_storage|   Blue 256GB|        200.00|           1|     true|2025-06-08 19:22:...|     eu|postgres|
|         3|         1|EU-SKU-PHONE001-W...|iPhone 15 Pro Whi...|color_storage|  White 512GB|        400.00|           1|     true|2025-06-08 19:22:...|     eu|postgres|
|         4|         2|EU-SKU-LAPTOP001-...|MacBook Air Silve...| color_memory|   Silver 8GB|          0.00|           1|     true|2025-06-08 19:22:...|     eu|postgres|
|         5|         2|EU-SKU-LAPTOP001-...|MacBook Air Gold ...| color_memory|    Gold 16GB|        300.00|           1|     true|2025-06-08 19:22:...|     eu|postgres|
|         6|         3|EU-SKU-GAME001-ST...|PlayStation 5 Sta...|      edition|     Standard|          0.00|           1|     true|2025-06-08 19:22:...|     eu|postgres|
|         7|         3|EU-SKU-GAME001-DI...|PlayStation 5 Dig...|      edition|      Digital|       -100.00|           1|     true|2025-06-08 19:22:...|     eu|postgres|
|         8|         4|EU-SKU-SHIRT001-R...|Cotton T-Shirt Re...|   color_size|        Red M|          0.00|           1|     true|2025-06-08 19:22:...|     eu|postgres|
|         9|         4|EU-SKU-SHIRT001-B...|Cotton T-Shirt Bl...|   color_size|       Blue L|          5.00|           1|     true|2025-06-08 19:22:...|     eu|postgres|
|        10|         4|EU-SKU-SHIRT001-B...|Cotton T-Shirt Bl...|   color_size|     Black XL|         10.00|           1|     true|2025-06-08 19:22:...|     eu|postgres|
+----------+----------+--------------------+--------------------+-------------+-------------+--------------+------------+---------+--------------------+-------+--------+
only showing top 10 rows
[2025-06-11T02:40:25.763+0000] {logging_mixin.py:188} INFO - Inserting into snowflake
[2025-06-11T02:40:39.532+0000] {logging_mixin.py:188} INFO - successfully inserted in snowflake
[2025-06-11T02:40:39.547+0000] {crypto.py:82} WARNING - empty cryptography key - values will not be stored encrypted.
[2025-06-11T02:40:40.552+0000] {logging_mixin.py:188} INFO - Successfully processed 42 records for product_variants in eu
[2025-06-11T02:40:41.821+0000] {python.py:201} INFO - Done. Returned value was: {'region': 'eu', 'table': 'product_variants', 'record_count': 42, 'status': 'success'}
[2025-06-11T02:40:41.929+0000] {taskinstance.py:1138} INFO - Marking task as SUCCESS. dag_id=multi_region_to_snowflake, task_id=process_region_eu.process_product_variants_eu, execution_date=20250610T000000, start_date=20250611T023946, end_date=20250611T024041
[2025-06-11T02:40:42.033+0000] {local_task_job_runner.py:234} INFO - Task exited with return code 0
[2025-06-11T02:40:42.156+0000] {taskinstance.py:3280} INFO - 1 downstream tasks scheduled from follow-on schedule check
