[2025-06-09T08:47:20.191+0000] {taskinstance.py:1956} INFO - Dependencies all met for dep_context=non-requeueable deps ti=<TaskInstance: multi_region_processor_7.process_region_us.process_order_items_us manual__2025-06-09T08:34:23.510298+00:00 [queued]>
[2025-06-09T08:47:20.226+0000] {taskinstance.py:1956} INFO - Dependencies all met for dep_context=requeueable deps ti=<TaskInstance: multi_region_processor_7.process_region_us.process_order_items_us manual__2025-06-09T08:34:23.510298+00:00 [queued]>
[2025-06-09T08:47:20.227+0000] {taskinstance.py:2170} INFO - Starting attempt 1 of 2
[2025-06-09T08:47:20.255+0000] {taskinstance.py:2191} INFO - Executing <Task(_PythonDecoratedOperator): process_region_us.process_order_items_us> on 2025-06-09 08:34:23.510298+00:00
[2025-06-09T08:47:20.263+0000] {standard_task_runner.py:60} INFO - Started process 6322 to run task
[2025-06-09T08:47:20.270+0000] {standard_task_runner.py:87} INFO - Running: ['airflow', 'tasks', 'run', 'multi_region_processor_7', 'process_region_us.process_order_items_us', 'manual__2025-06-09T08:34:23.510298+00:00', '--job-id', '693', '--raw', '--subdir', 'DAGS_FOLDER/master2.py', '--cfg-path', '/tmp/tmpa4pfxmr3']
[2025-06-09T08:47:20.272+0000] {standard_task_runner.py:88} INFO - Job 693: Subtask process_region_us.process_order_items_us
[2025-06-09T08:47:20.427+0000] {task_command.py:423} INFO - Running <TaskInstance: multi_region_processor_7.process_region_us.process_order_items_us manual__2025-06-09T08:34:23.510298+00:00 [running]> on host afcdbcf38bc0
[2025-06-09T08:47:20.844+0000] {taskinstance.py:2480} INFO - Exporting env vars: AIRFLOW_CTX_DAG_OWNER='data-team' AIRFLOW_CTX_DAG_ID='multi_region_processor_7' AIRFLOW_CTX_TASK_ID='process_region_us.process_order_items_us' AIRFLOW_CTX_EXECUTION_DATE='2025-06-09T08:34:23.510298+00:00' AIRFLOW_CTX_TRY_NUMBER='1' AIRFLOW_CTX_DAG_RUN_ID='manual__2025-06-09T08:34:23.510298+00:00'
[2025-06-09T08:47:35.192+0000] {logging_mixin.py:188} INFO - Processing order_items for region us
[2025-06-09T08:47:47.591+0000] {logging_mixin.py:188} INFO - STAGING_US
[2025-06-09T08:47:58.447+0000] {logging_mixin.py:188} INFO - +-------------+--------+----------+--------+--------------+---------------+--------------------+-------+--------+
|order_item_id|order_id|variant_id|quantity|unit_price_usd|total_price_usd|          created_at|_region| _source|
+-------------+--------+----------+--------+--------------+---------------+--------------------+-------+--------+
|            1|       1|         1|       1|        999.99|         999.99|2025-06-08 19:23:...|     us|postgres|
|            2|       2|        11|       1|         79.99|          79.99|2025-06-08 19:23:...|     us|postgres|
|            3|       3|         4|       1|       1199.99|        1199.99|2025-06-08 19:23:...|     us|postgres|
|            4|       3|         5|       1|        100.00|         100.00|2025-06-08 19:23:...|     us|postgres|
|            5|       4|        14|       1|        299.99|         299.99|2025-06-08 19:23:...|     us|postgres|
|            6|       5|        11|       1|        249.99|         249.99|2025-06-08 19:23:...|     us|postgres|
|            7|       6|        18|       1|         89.99|          89.99|2025-06-08 19:23:...|     us|postgres|
|            8|       7|        20|       1|        799.99|         799.99|2025-06-08 19:23:...|     us|postgres|
|            9|       8|        10|       1|        199.99|         199.99|2025-06-08 19:23:...|     us|postgres|
|           10|       9|        12|       1|       1599.99|        1599.99|2025-06-08 19:23:...|     us|postgres|
+-------------+--------+----------+--------+--------------+---------------+--------------------+-------+--------+
only showing top 10 rows
[2025-06-09T08:47:58.449+0000] {logging_mixin.py:188} INFO - Inserting into snowflake
[2025-06-09T08:48:13.616+0000] {logging_mixin.py:188} INFO - successfully inserted in snowflake
[2025-06-09T08:48:14.400+0000] {logging_mixin.py:188} INFO - Successfully processed 22 records for order_items in us
[2025-06-09T08:48:16.342+0000] {python.py:201} INFO - Done. Returned value was: {'region': 'us', 'table': 'order_items', 'record_count': 22, 'status': 'success'}
[2025-06-09T08:48:16.433+0000] {taskinstance.py:1138} INFO - Marking task as SUCCESS. dag_id=multi_region_processor_7, task_id=process_region_us.process_order_items_us, execution_date=20250609T083423, start_date=20250609T084720, end_date=20250609T084816
[2025-06-09T08:48:16.502+0000] {local_task_job_runner.py:234} INFO - Task exited with return code 0
[2025-06-09T08:48:16.597+0000] {taskinstance.py:3280} INFO - 1 downstream tasks scheduled from follow-on schedule check
