[2025-06-08T13:37:11.949+0000] {taskinstance.py:1956} INFO - Dependencies all met for dep_context=non-requeueable deps ti=<TaskInstance: transform_cart_items_csv.run_cart_items_transform manual__2025-06-08T13:36:58.301098+00:00 [queued]>
[2025-06-08T13:37:11.969+0000] {taskinstance.py:1956} INFO - Dependencies all met for dep_context=requeueable deps ti=<TaskInstance: transform_cart_items_csv.run_cart_items_transform manual__2025-06-08T13:36:58.301098+00:00 [queued]>
[2025-06-08T13:37:11.970+0000] {taskinstance.py:2170} INFO - Starting attempt 1 of 1
[2025-06-08T13:37:12.000+0000] {taskinstance.py:2191} INFO - Executing <Task(_PythonDecoratedOperator): run_cart_items_transform> on 2025-06-08 13:36:58.301098+00:00
[2025-06-08T13:37:12.011+0000] {clientserver.py:543} INFO - Closing down clientserver connection
[2025-06-08T13:37:12.014+0000] {clientserver.py:538} INFO - Error while receiving.
Traceback (most recent call last):
  File "/home/airflow/.local/lib/python3.10/site-packages/py4j/clientserver.py", line 516, in send_command
    raise Py4JNetworkError("Answer from Java side is empty")
py4j.protocol.Py4JNetworkError: Answer from Java side is empty
[2025-06-08T13:37:12.009+0000] {standard_task_runner.py:60} INFO - Started process 10861 to run task
[2025-06-08T13:37:12.022+0000] {standard_task_runner.py:87} INFO - Running: ['airflow', 'tasks', 'run', 'transform_cart_items_csv', 'run_cart_items_transform', 'manual__2025-06-08T13:36:58.301098+00:00', '--job-id', '343', '--raw', '--subdir', 'DAGS_FOLDER/staging/cart_items_to_staging.py', '--cfg-path', '/tmp/tmpaanrlo3y']
[2025-06-08T13:37:12.024+0000] {standard_task_runner.py:88} INFO - Job 343: Subtask run_cart_items_transform
[2025-06-08T13:37:12.018+0000] {clientserver.py:543} INFO - Closing down clientserver connection
[2025-06-08T13:37:12.032+0000] {java_gateway.py:1055} ERROR - Exception while sending command.
Traceback (most recent call last):
  File "/home/airflow/.local/lib/python3.10/site-packages/py4j/clientserver.py", line 516, in send_command
    raise Py4JNetworkError("Answer from Java side is empty")
py4j.protocol.Py4JNetworkError: Answer from Java side is empty

During handling of the above exception, another exception occurred:

Traceback (most recent call last):
  File "/home/airflow/.local/lib/python3.10/site-packages/py4j/java_gateway.py", line 1038, in send_command
    response = connection.send_command(command)
  File "/home/airflow/.local/lib/python3.10/site-packages/py4j/clientserver.py", line 539, in send_command
    raise Py4JNetworkError(
py4j.protocol.Py4JNetworkError: Error while sending or receiving
[2025-06-08T13:37:12.035+0000] {clientserver.py:543} INFO - Closing down clientserver connection
[2025-06-08T13:37:12.120+0000] {logging_mixin.py:188} WARNING - /home/airflow/.local/lib/python3.10/site-packages/airflow/settings.py:194 DeprecationWarning: The sql_alchemy_conn option in [core] has been moved to the sql_alchemy_conn option in [database] - the old setting has been used, but please update your config.
[2025-06-08T13:37:12.227+0000] {task_command.py:423} INFO - Running <TaskInstance: transform_cart_items_csv.run_cart_items_transform manual__2025-06-08T13:36:58.301098+00:00 [running]> on host d0ede4cad666
[2025-06-08T13:37:12.480+0000] {taskinstance.py:2480} INFO - Exporting env vars: AIRFLOW_CTX_DAG_OWNER='airflow' AIRFLOW_CTX_DAG_ID='transform_cart_items_csv' AIRFLOW_CTX_TASK_ID='run_cart_items_transform' AIRFLOW_CTX_EXECUTION_DATE='2025-06-08T13:36:58.301098+00:00' AIRFLOW_CTX_TRY_NUMBER='1' AIRFLOW_CTX_DAG_RUN_ID='manual__2025-06-08T13:36:58.301098+00:00'
[2025-06-08T13:37:25.261+0000] {logging_mixin.py:188} INFO - Transformed rows count: 6
[2025-06-08T13:39:39.323+0000] {local_task_job_runner.py:302} WARNING - State of this instance has been externally set to failed. Terminating instance.
[2025-06-08T13:39:39.337+0000] {process_utils.py:131} INFO - Sending 15 to group 10861. PIDs of all processes in the group: [10861]
[2025-06-08T13:39:39.341+0000] {process_utils.py:86} INFO - Sending the signal 15 to group 10861
[2025-06-08T13:39:39.341+0000] {taskinstance.py:2450} ERROR - Received SIGTERM. Terminating subprocesses.
[2025-06-08T13:39:39.439+0000] {process_utils.py:79} INFO - Process psutil.Process(pid=10861, status='terminated', exitcode=0, started='13:37:11') (10861) terminated with exit code 0
