[2025-06-09T07:13:28.956+0000] {taskinstance.py:1956} INFO - Dependencies all met for dep_context=non-requeueable deps ti=<TaskInstance: multi_region_processor_7.process_region_eu.process_categories_eu manual__2025-06-09T07:13:27.516305+00:00 [queued]>
[2025-06-09T07:13:28.980+0000] {taskinstance.py:1956} INFO - Dependencies all met for dep_context=requeueable deps ti=<TaskInstance: multi_region_processor_7.process_region_eu.process_categories_eu manual__2025-06-09T07:13:27.516305+00:00 [queued]>
[2025-06-09T07:13:28.982+0000] {taskinstance.py:2170} INFO - Starting attempt 1 of 2
[2025-06-09T07:13:29.008+0000] {taskinstance.py:2191} INFO - Executing <Task(_PythonDecoratedOperator): process_region_eu.process_categories_eu> on 2025-06-09 07:13:27.516305+00:00
[2025-06-09T07:13:29.019+0000] {standard_task_runner.py:60} INFO - Started process 51386 to run task
[2025-06-09T07:13:29.024+0000] {standard_task_runner.py:87} INFO - Running: ['airflow', 'tasks', 'run', 'multi_region_processor_7', 'process_region_eu.process_categories_eu', 'manual__2025-06-09T07:13:27.516305+00:00', '--job-id', '480', '--raw', '--subdir', 'DAGS_FOLDER/master2.py', '--cfg-path', '/tmp/tmpq91e0du2']
[2025-06-09T07:13:29.029+0000] {standard_task_runner.py:88} INFO - Job 480: Subtask process_region_eu.process_categories_eu
[2025-06-09T07:13:29.068+0000] {logging_mixin.py:188} WARNING - /home/airflow/.local/lib/python3.10/site-packages/airflow/settings.py:194 DeprecationWarning: The sql_alchemy_conn option in [core] has been moved to the sql_alchemy_conn option in [database] - the old setting has been used, but please update your config.
[2025-06-09T07:13:29.138+0000] {task_command.py:423} INFO - Running <TaskInstance: multi_region_processor_7.process_region_eu.process_categories_eu manual__2025-06-09T07:13:27.516305+00:00 [running]> on host afcdbcf38bc0
[2025-06-09T07:13:29.313+0000] {taskinstance.py:2480} INFO - Exporting env vars: AIRFLOW_CTX_DAG_OWNER='data-team' AIRFLOW_CTX_DAG_ID='multi_region_processor_7' AIRFLOW_CTX_TASK_ID='process_region_eu.process_categories_eu' AIRFLOW_CTX_EXECUTION_DATE='2025-06-09T07:13:27.516305+00:00' AIRFLOW_CTX_TRY_NUMBER='1' AIRFLOW_CTX_DAG_RUN_ID='manual__2025-06-09T07:13:27.516305+00:00'
[2025-06-09T07:13:38.683+0000] {logging_mixin.py:188} INFO - Processing categories for region eu
[2025-06-09T07:13:58.816+0000] {logging_mixin.py:188} INFO - +-----------+-------------+-------------------+------------------+--------------------+---------+--------------+-------------------+-------------------+-------+--------+
|category_id|category_name|category_name_local|parent_category_id|       category_path|is_active|gdpr_sensitive|         created_at|         updated_at|_region| _source|
+-----------+-------------+-------------------+------------------+--------------------+---------+--------------+-------------------+-------------------+-------+--------+
|          1|  Electronics|         Elektronik|              NULL|        /Electronics|        1|         false|2025-06-08 19:22:57|2025-06-08 19:22:57|     eu|postgres|
|          2|  Smartphones|        Smartphones|                 1|/Electronics/Smar...|        1|         false|2025-06-08 19:22:57|2025-06-08 19:22:57|     eu|postgres|
|          3|      Laptops|            Laptops|                 1|/Electronics/Laptops|        1|         false|2025-06-08 19:22:57|2025-06-08 19:22:57|     eu|postgres|
|          4|       Gaming|             Spiele|                 1| /Electronics/Gaming|        1|         false|2025-06-08 19:22:57|2025-06-08 19:22:57|     eu|postgres|
|          5|     Clothing|           Kleidung|              NULL|           /Clothing|        1|         false|2025-06-08 19:22:57|2025-06-08 19:22:57|     eu|postgres|
|          6|    Mens Wear|   Herrenbekleidung|                 5|      /Clothing/Mens|        1|         false|2025-06-08 19:22:57|2025-06-08 19:22:57|     eu|postgres|
|          7|  Womens Wear|    Damenbekleidung|                 5|    /Clothing/Womens|        1|         false|2025-06-08 19:22:57|2025-06-08 19:22:57|     eu|postgres|
|          8|Home & Garden|      Haus & Garten|              NULL|        /Home-Garden|        1|         false|2025-06-08 19:22:57|2025-06-08 19:22:57|     eu|postgres|
|          9|    Furniture|              Möbel|                 8|/Home-Garden/Furn...|        1|         false|2025-06-08 19:22:57|2025-06-08 19:22:57|     eu|postgres|
|         10|        Books|             Bücher|              NULL|              /Books|        1|          true|2025-06-08 19:22:57|2025-06-08 19:22:57|     eu|postgres|
+-----------+-------------+-------------------+------------------+--------------------+---------+--------------+-------------------+-------------------+-------+--------+
only showing top 10 rows
[2025-06-09T07:14:03.486+0000] {logging_mixin.py:188} INFO - Successfully processed 30 records for categories in eu
[2025-06-09T07:14:04.055+0000] {python.py:201} INFO - Done. Returned value was: {'region': 'eu', 'table': 'categories', 'record_count': 30, 'status': 'success'}
[2025-06-09T07:14:04.177+0000] {taskinstance.py:1138} INFO - Marking task as SUCCESS. dag_id=multi_region_processor_7, task_id=process_region_eu.process_categories_eu, execution_date=20250609T071327, start_date=20250609T071328, end_date=20250609T071404
[2025-06-09T07:14:04.292+0000] {local_task_job_runner.py:234} INFO - Task exited with return code 0
[2025-06-09T07:14:04.462+0000] {taskinstance.py:3280} INFO - 1 downstream tasks scheduled from follow-on schedule check
