[2025-06-09T08:25:45.524+0000] {taskinstance.py:1956} INFO - Dependencies all met for dep_context=non-requeueable deps ti=<TaskInstance: multi_region_processor_7.process_region_asia.process_categories_asia manual__2025-06-09T08:25:44.177066+00:00 [queued]>
[2025-06-09T08:25:45.541+0000] {taskinstance.py:1956} INFO - Dependencies all met for dep_context=requeueable deps ti=<TaskInstance: multi_region_processor_7.process_region_asia.process_categories_asia manual__2025-06-09T08:25:44.177066+00:00 [queued]>
[2025-06-09T08:25:45.541+0000] {taskinstance.py:2170} INFO - Starting attempt 1 of 2
[2025-06-09T08:25:45.563+0000] {taskinstance.py:2191} INFO - Executing <Task(_PythonDecoratedOperator): process_region_asia.process_categories_asia> on 2025-06-09 08:25:44.177066+00:00
[2025-06-09T08:25:45.572+0000] {standard_task_runner.py:60} INFO - Started process 104324 to run task
[2025-06-09T08:25:45.579+0000] {standard_task_runner.py:87} INFO - Running: ['airflow', 'tasks', 'run', 'multi_region_processor_7', 'process_region_asia.process_categories_asia', 'manual__2025-06-09T08:25:44.177066+00:00', '--job-id', '646', '--raw', '--subdir', 'DAGS_FOLDER/master2.py', '--cfg-path', '/tmp/tmpyfl1vx6m']
[2025-06-09T08:25:45.581+0000] {standard_task_runner.py:88} INFO - Job 646: Subtask process_region_asia.process_categories_asia
[2025-06-09T08:25:45.717+0000] {task_command.py:423} INFO - Running <TaskInstance: multi_region_processor_7.process_region_asia.process_categories_asia manual__2025-06-09T08:25:44.177066+00:00 [running]> on host afcdbcf38bc0
[2025-06-09T08:25:45.905+0000] {taskinstance.py:2480} INFO - Exporting env vars: AIRFLOW_CTX_DAG_OWNER='data-team' AIRFLOW_CTX_DAG_ID='multi_region_processor_7' AIRFLOW_CTX_TASK_ID='process_region_asia.process_categories_asia' AIRFLOW_CTX_EXECUTION_DATE='2025-06-09T08:25:44.177066+00:00' AIRFLOW_CTX_TRY_NUMBER='1' AIRFLOW_CTX_DAG_RUN_ID='manual__2025-06-09T08:25:44.177066+00:00'
[2025-06-09T08:26:01.805+0000] {logging_mixin.py:188} INFO - Processing categories for region asia
[2025-06-09T08:26:27.435+0000] {logging_mixin.py:188} INFO - +-------------+--------------+------------------+--------------------+---------+-------------------+-------------------+-------+--------+
|categories_id| category_name|parent_category_id|       category_path|is_active|         created_at|         updated_at|_region| _source|
+-------------+--------------+------------------+--------------------+---------+-------------------+-------------------+-------+--------+
|            1|   Electronics|              NULL|        /Electronics|     true|2024-01-01 09:00:00|2025-06-08 19:23:06|   asia|postgres|
|            2|   Smartphones|                 1|/Electronics/Smar...|     true|2024-01-02 00:00:00|2025-06-08 19:23:06|   asia|postgres|
|            3|       Laptops|                 1|/Electronics/Laptops|     true|2024-03-01 00:00:00|2025-06-08 19:23:06|   asia|postgres|
|            4|Gaming Devices|                 1| /Electronics/Gaming|     true|               NULL|2025-06-08 19:23:06|   asia|postgres|
|            5|      Clothing|              NULL|           /Clothing|     true|2024-05-01 00:00:00|2025-06-08 19:23:06|   asia|postgres|
|            6|  Mens Fashion|                 5|      /Clothing/Mens|     true|2024-01-06 00:00:00|2025-06-08 19:23:06|   asia|postgres|
|            7|Womens Fashion|                 5|    /Clothing/Womens|     true|2024-07-01 00:00:00|2025-06-08 19:23:06|   asia|postgres|
|            8| Home & Living|              NULL|        /Home-Living|     true|2024-01-08 11:20:15|2025-06-08 19:23:06|   asia|postgres|
|            9|     Furniture|                 8|/Home-Living/Furn...|     true|2024-01-09 00:00:00|2025-06-08 19:23:06|   asia|postgres|
|           10|         Books|              NULL|              /Books|     true|2024-01-10 00:00:00|2025-06-08 19:23:06|   asia|postgres|
+-------------+--------------+------------------+--------------------+---------+-------------------+-------------------+-------+--------+
only showing top 10 rows
[2025-06-09T08:26:27.439+0000] {logging_mixin.py:188} INFO - Inserting into snowflake
[2025-06-09T08:26:39.427+0000] {logging_mixin.py:188} INFO - Error processing categories for asia: An error occurred while calling o127.save.
: net.snowflake.client.jdbc.SnowflakeSQLException: Cannot perform CREATE TEMPSTAGE. This session does not have a current database. Call 'USE DATABASE', or use a qualified name.
	at net.snowflake.client.jdbc.SnowflakeUtil.checkErrorAndThrowExceptionSub(SnowflakeUtil.java:127)
	at net.snowflake.client.jdbc.SnowflakeUtil.checkErrorAndThrowException(SnowflakeUtil.java:67)
	at net.snowflake.client.core.StmtUtil.pollForOutput(StmtUtil.java:451)
	at net.snowflake.client.core.StmtUtil.execute(StmtUtil.java:354)
	at net.snowflake.client.core.SFStatement.executeHelper(SFStatement.java:487)
	at net.snowflake.client.core.SFStatement.executeQueryInternal(SFStatement.java:198)
	at net.snowflake.client.core.SFStatement.executeQuery(SFStatement.java:135)
	at net.snowflake.client.core.SFStatement.execute(SFStatement.java:767)
	at net.snowflake.client.core.SFStatement.execute(SFStatement.java:677)
	at net.snowflake.client.jdbc.SnowflakeStatementV1.executeQueryInternal(SnowflakeStatementV1.java:238)
	at net.snowflake.client.jdbc.SnowflakePreparedStatementV1.executeQuery(SnowflakePreparedStatementV1.java:117)
	at net.snowflake.spark.snowflake.JDBCWrapper.$anonfun$executePreparedQueryInterruptibly$1(SnowflakeJDBCWrapper.scala:205)
	at net.snowflake.spark.snowflake.JDBCWrapper.$anonfun$executeInterruptibly$2(SnowflakeJDBCWrapper.scala:252)
	at scala.concurrent.Future$.$anonfun$apply$1(Future.scala:659)
	at scala.util.Success.$anonfun$map$1(Try.scala:255)
	at scala.util.Success.map(Try.scala:213)
	at scala.concurrent.Future.$anonfun$map$1(Future.scala:292)
	at scala.concurrent.impl.Promise.liftedTree1$1(Promise.scala:33)
	at scala.concurrent.impl.Promise.$anonfun$transform$1(Promise.scala:33)
	at scala.concurrent.impl.CallbackRunnable.run(Promise.scala:64)
	at java.base/java.util.concurrent.ThreadPoolExecutor.runWorker(ThreadPoolExecutor.java:1128)
	at java.base/java.util.concurrent.ThreadPoolExecutor$Worker.run(ThreadPoolExecutor.java:628)
	at java.base/java.lang.Thread.run(Thread.java:829)
[2025-06-09T08:26:39.778+0000] {taskinstance.py:2698} ERROR - Task failed with exception
Traceback (most recent call last):
  File "/home/airflow/.local/lib/python3.10/site-packages/airflow/models/taskinstance.py", line 433, in _execute_task
    result = execute_callable(context=context, **execute_callable_kwargs)
  File "/home/airflow/.local/lib/python3.10/site-packages/airflow/decorators/base.py", line 241, in execute
    return_value = super().execute(context)
  File "/home/airflow/.local/lib/python3.10/site-packages/airflow/operators/python.py", line 199, in execute
    return_value = self.execute_callable()
  File "/home/airflow/.local/lib/python3.10/site-packages/airflow/operators/python.py", line 216, in execute_callable
    return self.python_callable(*self.op_args, **self.op_kwargs)
  File "/opt/airflow/dags/master2.py", line 207, in process_table
    write_to_snowflake(df_transformed, table_name=table, region=region, sf_options=SF_OPTIONS)
  File "/opt/airflow/dags/master2.py", line 197, in write_to_snowflake
    .save()
  File "/home/airflow/.local/lib/python3.10/site-packages/pyspark/sql/readwriter.py", line 1461, in save
    self._jwrite.save()
  File "/home/airflow/.local/lib/python3.10/site-packages/py4j/java_gateway.py", line 1322, in __call__
    return_value = get_return_value(
  File "/home/airflow/.local/lib/python3.10/site-packages/pyspark/errors/exceptions/captured.py", line 179, in deco
    return f(*a, **kw)
  File "/home/airflow/.local/lib/python3.10/site-packages/py4j/protocol.py", line 326, in get_return_value
    raise Py4JJavaError(
py4j.protocol.Py4JJavaError: An error occurred while calling o127.save.
: net.snowflake.client.jdbc.SnowflakeSQLException: Cannot perform CREATE TEMPSTAGE. This session does not have a current database. Call 'USE DATABASE', or use a qualified name.
	at net.snowflake.client.jdbc.SnowflakeUtil.checkErrorAndThrowExceptionSub(SnowflakeUtil.java:127)
	at net.snowflake.client.jdbc.SnowflakeUtil.checkErrorAndThrowException(SnowflakeUtil.java:67)
	at net.snowflake.client.core.StmtUtil.pollForOutput(StmtUtil.java:451)
	at net.snowflake.client.core.StmtUtil.execute(StmtUtil.java:354)
	at net.snowflake.client.core.SFStatement.executeHelper(SFStatement.java:487)
	at net.snowflake.client.core.SFStatement.executeQueryInternal(SFStatement.java:198)
	at net.snowflake.client.core.SFStatement.executeQuery(SFStatement.java:135)
	at net.snowflake.client.core.SFStatement.execute(SFStatement.java:767)
	at net.snowflake.client.core.SFStatement.execute(SFStatement.java:677)
	at net.snowflake.client.jdbc.SnowflakeStatementV1.executeQueryInternal(SnowflakeStatementV1.java:238)
	at net.snowflake.client.jdbc.SnowflakePreparedStatementV1.executeQuery(SnowflakePreparedStatementV1.java:117)
	at net.snowflake.spark.snowflake.JDBCWrapper.$anonfun$executePreparedQueryInterruptibly$1(SnowflakeJDBCWrapper.scala:205)
	at net.snowflake.spark.snowflake.JDBCWrapper.$anonfun$executeInterruptibly$2(SnowflakeJDBCWrapper.scala:252)
	at scala.concurrent.Future$.$anonfun$apply$1(Future.scala:659)
	at scala.util.Success.$anonfun$map$1(Try.scala:255)
	at scala.util.Success.map(Try.scala:213)
	at scala.concurrent.Future.$anonfun$map$1(Future.scala:292)
	at scala.concurrent.impl.Promise.liftedTree1$1(Promise.scala:33)
	at scala.concurrent.impl.Promise.$anonfun$transform$1(Promise.scala:33)
	at scala.concurrent.impl.CallbackRunnable.run(Promise.scala:64)
	at java.base/java.util.concurrent.ThreadPoolExecutor.runWorker(ThreadPoolExecutor.java:1128)
	at java.base/java.util.concurrent.ThreadPoolExecutor$Worker.run(ThreadPoolExecutor.java:628)
	at java.base/java.lang.Thread.run(Thread.java:829)

[2025-06-09T08:26:39.846+0000] {taskinstance.py:1138} INFO - Marking task as UP_FOR_RETRY. dag_id=multi_region_processor_7, task_id=process_region_asia.process_categories_asia, execution_date=20250609T082544, start_date=20250609T082545, end_date=20250609T082639
[2025-06-09T08:26:39.898+0000] {standard_task_runner.py:107} ERROR - Failed to execute job 646 for task process_region_asia.process_categories_asia (An error occurred while calling o127.save.
: net.snowflake.client.jdbc.SnowflakeSQLException: Cannot perform CREATE TEMPSTAGE. This session does not have a current database. Call 'USE DATABASE', or use a qualified name.
	at net.snowflake.client.jdbc.SnowflakeUtil.checkErrorAndThrowExceptionSub(SnowflakeUtil.java:127)
	at net.snowflake.client.jdbc.SnowflakeUtil.checkErrorAndThrowException(SnowflakeUtil.java:67)
	at net.snowflake.client.core.StmtUtil.pollForOutput(StmtUtil.java:451)
	at net.snowflake.client.core.StmtUtil.execute(StmtUtil.java:354)
	at net.snowflake.client.core.SFStatement.executeHelper(SFStatement.java:487)
	at net.snowflake.client.core.SFStatement.executeQueryInternal(SFStatement.java:198)
	at net.snowflake.client.core.SFStatement.executeQuery(SFStatement.java:135)
	at net.snowflake.client.core.SFStatement.execute(SFStatement.java:767)
	at net.snowflake.client.core.SFStatement.execute(SFStatement.java:677)
	at net.snowflake.client.jdbc.SnowflakeStatementV1.executeQueryInternal(SnowflakeStatementV1.java:238)
	at net.snowflake.client.jdbc.SnowflakePreparedStatementV1.executeQuery(SnowflakePreparedStatementV1.java:117)
	at net.snowflake.spark.snowflake.JDBCWrapper.$anonfun$executePreparedQueryInterruptibly$1(SnowflakeJDBCWrapper.scala:205)
	at net.snowflake.spark.snowflake.JDBCWrapper.$anonfun$executeInterruptibly$2(SnowflakeJDBCWrapper.scala:252)
	at scala.concurrent.Future$.$anonfun$apply$1(Future.scala:659)
	at scala.util.Success.$anonfun$map$1(Try.scala:255)
	at scala.util.Success.map(Try.scala:213)
	at scala.concurrent.Future.$anonfun$map$1(Future.scala:292)
	at scala.concurrent.impl.Promise.liftedTree1$1(Promise.scala:33)
	at scala.concurrent.impl.Promise.$anonfun$transform$1(Promise.scala:33)
	at scala.concurrent.impl.CallbackRunnable.run(Promise.scala:64)
	at java.base/java.util.concurrent.ThreadPoolExecutor.runWorker(ThreadPoolExecutor.java:1128)
	at java.base/java.util.concurrent.ThreadPoolExecutor$Worker.run(ThreadPoolExecutor.java:628)
	at java.base/java.lang.Thread.run(Thread.java:829)
; 104324)
[2025-06-09T08:26:39.931+0000] {local_task_job_runner.py:234} INFO - Task exited with return code 1
[2025-06-09T08:26:40.075+0000] {taskinstance.py:3280} INFO - 0 downstream tasks scheduled from follow-on schedule check
