[2025-06-09T04:54:01.111+0000] {taskinstance.py:1956} INFO - Dependencies all met for dep_context=non-requeueable deps ti=<TaskInstance: multi_region_processor_alternative.process_customers_eu scheduled__2025-06-08T00:00:00+00:00 [queued]>
[2025-06-09T04:54:01.132+0000] {taskinstance.py:1956} INFO - Dependencies all met for dep_context=requeueable deps ti=<TaskInstance: multi_region_processor_alternative.process_customers_eu scheduled__2025-06-08T00:00:00+00:00 [queued]>
[2025-06-09T04:54:01.133+0000] {taskinstance.py:2170} INFO - Starting attempt 1 of 2
[2025-06-09T04:54:01.204+0000] {taskinstance.py:2191} INFO - Executing <Task(_PythonDecoratedOperator): process_customers_eu> on 2025-06-08 00:00:00+00:00
[2025-06-09T04:54:01.218+0000] {clientserver.py:543} INFO - Closing down clientserver connection
[2025-06-09T04:54:01.219+0000] {standard_task_runner.py:60} INFO - Started process 1108 to run task
[2025-06-09T04:54:01.230+0000] {standard_task_runner.py:87} INFO - Running: ['airflow', 'tasks', 'run', 'multi_region_processor_alternative', 'process_customers_eu', 'scheduled__2025-06-08T00:00:00+00:00', '--job-id', '149', '--raw', '--subdir', 'DAGS_FOLDER/dag_run.py', '--cfg-path', '/tmp/tmprvpbga3v']
[2025-06-09T04:54:01.233+0000] {standard_task_runner.py:88} INFO - Job 149: Subtask process_customers_eu
[2025-06-09T04:54:01.289+0000] {logging_mixin.py:188} WARNING - /home/airflow/.local/lib/python3.10/site-packages/airflow/settings.py:194 DeprecationWarning: The sql_alchemy_conn option in [core] has been moved to the sql_alchemy_conn option in [database] - the old setting has been used, but please update your config.
[2025-06-09T04:54:01.402+0000] {task_command.py:423} INFO - Running <TaskInstance: multi_region_processor_alternative.process_customers_eu scheduled__2025-06-08T00:00:00+00:00 [running]> on host 847c6af56c4f
[2025-06-09T04:54:01.949+0000] {taskinstance.py:2480} INFO - Exporting env vars: AIRFLOW_CTX_DAG_OWNER='data-team' AIRFLOW_CTX_DAG_ID='multi_region_processor_alternative' AIRFLOW_CTX_TASK_ID='process_customers_eu' AIRFLOW_CTX_EXECUTION_DATE='2025-06-08T00:00:00+00:00' AIRFLOW_CTX_TRY_NUMBER='1' AIRFLOW_CTX_DAG_RUN_ID='scheduled__2025-06-08T00:00:00+00:00'
[2025-06-09T04:54:01.965+0000] {logging_mixin.py:188} INFO - 🔄 Processing customers for region eu
[2025-06-09T04:54:01.966+0000] {logging_mixin.py:188} INFO - 📂 Input path: /opt/airflow/data/raw/region=eu/table=customers/load_date=2025-06-08/
[2025-06-09T04:54:01.966+0000] {logging_mixin.py:188} INFO - 📁 Output path: /opt/airflow/data/processed/region=eu/table=customers/load_date=2025-06-08/
[2025-06-09T04:54:01.966+0000] {logging_mixin.py:188} INFO - 📖 Reading data from /opt/airflow/data/raw/region=eu/table=customers/load_date=2025-06-08/
[2025-06-09T04:54:11.397+0000] {logging_mixin.py:188} INFO - 🔧 Applying transformation for customers
[2025-06-09T04:54:13.597+0000] {logging_mixin.py:188} INFO - 💾 Writing transformed data to /opt/airflow/data/processed/region=eu/table=customers/load_date=2025-06-08/
[2025-06-09T04:54:30.848+0000] {logging_mixin.py:188} INFO - +-----------+--------------------+----------+---------+-----------------+------------+-------------------+----------+----------------------------------------------------------------------------------------------+----------------+-------------------+--------------------+-------------------+-------------------+-------------------+-------+--------+
|customer_id|               email|first_name|last_name|            phone|country_code|  registration_date|last_login|CASE WHEN (status_code = 1) THEN true WHEN (status_code IN (0, 2, 3)) THEN false ELSE NULL END|customer_segment|  gdpr_consent_date|data_retention_until|acquisition_channel|         created_at|         updated_at|_region| _source|
+-----------+--------------------+----------+---------+-----------------+------------+-------------------+----------+----------------------------------------------------------------------------------------------+----------------+-------------------+--------------------+-------------------+-------------------+-------------------+-------+--------+
|          1|55f537baf75630a85...|      J***|     D***| +49-***-***-5678|          DE|2025-06-08 19:22:57|      NULL|                                                                                          true|         premium|2024-01-15 09:30:00| 2027-01-15 00:00:00|            organic|2025-06-08 19:22:57|2025-06-08 19:22:57|     eu|postgres|
|          2|8384b028d4f6ef2ac...|      M***|     G***| +34-***-***-4567|          ES|2025-06-08 19:22:57|      NULL|                                                                                          true|        standard|2024-01-16 10:45:00| 2027-01-16 00:00:00|       social_media|2025-06-08 19:22:57|2025-06-08 19:22:57|     eu|postgres|
|          3|d9ff2965224667fd5...|      P***|     M***| +33-***-***-8901|          FR|2025-06-08 19:22:57|      NULL|                                                                                          true|      enterprise|2024-01-17 08:20:00| 2027-01-17 00:00:00|           referral|2025-06-08 19:22:57|2025-06-08 19:22:57|     eu|postgres|
|          4|c797cfbb6e65ecf5d...|      A***|     R***| +39-***-***-4321|          IT|2025-06-08 19:22:57|      NULL|                                                                                          true|        standard|2024-01-18 13:15:00| 2027-01-18 00:00:00|           paid_ads|2025-06-08 19:22:57|2025-06-08 19:22:57|     eu|postgres|
|          5|3e8f559f81c2fe033...|      L***|     N***| +45-***-***-3456|          DK|2025-06-08 19:22:57|      NULL|                                                                                          true|         premium|2024-01-19 15:30:00| 2027-01-19 00:00:00|            organic|2025-06-08 19:22:57|2025-06-08 19:22:57|     eu|postgres|
|          6|                NULL|      S***|     D***| +33-***-***-7890|          FR|2025-06-08 19:22:57|      NULL|                                                                                          true|        standard|2024-01-20 11:45:00| 2027-01-20 00:00:00|     email_campaign|2025-06-08 19:22:57|2025-06-08 19:22:57|     eu|postgres|
|          7|                NULL|      H***|     M***| +49-***-***-6543|          DE|2025-06-08 19:22:57|      NULL|                                                                                          true|        standard|2024-01-21 07:30:00| 2027-01-21 00:00:00|            organic|2025-06-08 19:22:57|2025-06-08 19:22:57|     eu|postgres|
|          8|                NULL|      E***|     P***|+359-***-***-4567|          BG|2025-06-08 19:22:57|      NULL|                                                                                          true|         premium|2024-01-22 14:20:00| 2027-01-22 00:00:00|           referral|2025-06-08 19:22:57|2025-06-08 19:22:57|     eu|postgres|
|          9|                NULL|      M***|     B***| +39-***-***-3344|          IT|2025-06-08 19:22:57|      NULL|                                                                                          true|        standard|2024-01-23 10:10:00| 2027-01-23 00:00:00|       social_media|2025-06-08 19:22:57|2025-06-08 19:22:57|     eu|postgres|
|         10|                NULL|      I***|     L***| +46-***-***-6778|          SE|2025-06-08 19:22:57|      NULL|                                                                                          true|      enterprise|2024-01-24 12:55:00| 2027-01-24 00:00:00|           paid_ads|2025-06-08 19:22:57|2025-06-08 19:22:57|     eu|postgres|
+-----------+--------------------+----------+---------+-----------------+------------+-------------------+----------+----------------------------------------------------------------------------------------------+----------------+-------------------+--------------------+-------------------+-------------------+-------------------+-------+--------+
only showing top 10 rows
[2025-06-09T04:54:32.319+0000] {logging_mixin.py:188} INFO - ✅ Successfully processed 50 records for customers in eu
[2025-06-09T04:54:32.319+0000] {logging_mixin.py:188} INFO - 🛑 Stopping Spark session for customers_eu
[2025-06-09T06:55:40.377+0000] {taskinstance.py:1956} INFO - Dependencies all met for dep_context=non-requeueable deps ti=<TaskInstance: multi_region_processor_alternative.process_customers_eu scheduled__2025-06-08T00:00:00+00:00 [queued]>
[2025-06-09T06:55:40.397+0000] {taskinstance.py:1956} INFO - Dependencies all met for dep_context=requeueable deps ti=<TaskInstance: multi_region_processor_alternative.process_customers_eu scheduled__2025-06-08T00:00:00+00:00 [queued]>
[2025-06-09T06:55:40.398+0000] {taskinstance.py:2170} INFO - Starting attempt 1 of 2
[2025-06-09T06:55:40.420+0000] {taskinstance.py:2191} INFO - Executing <Task(_PythonDecoratedOperator): process_customers_eu> on 2025-06-08 00:00:00+00:00
[2025-06-09T06:55:40.434+0000] {standard_task_runner.py:60} INFO - Started process 41036 to run task
[2025-06-09T06:55:40.439+0000] {standard_task_runner.py:87} INFO - Running: ['airflow', 'tasks', 'run', 'multi_region_processor_alternative', 'process_customers_eu', 'scheduled__2025-06-08T00:00:00+00:00', '--job-id', '23', '--raw', '--subdir', 'DAGS_FOLDER/dag_run.py', '--cfg-path', '/tmp/tmp98emrp24']
[2025-06-09T06:55:40.443+0000] {standard_task_runner.py:88} INFO - Job 23: Subtask process_customers_eu
[2025-06-09T06:55:40.492+0000] {logging_mixin.py:188} WARNING - /home/airflow/.local/lib/python3.10/site-packages/airflow/settings.py:194 DeprecationWarning: The sql_alchemy_conn option in [core] has been moved to the sql_alchemy_conn option in [database] - the old setting has been used, but please update your config.
[2025-06-09T06:55:40.611+0000] {task_command.py:423} INFO - Running <TaskInstance: multi_region_processor_alternative.process_customers_eu scheduled__2025-06-08T00:00:00+00:00 [running]> on host afcdbcf38bc0
[2025-06-09T06:55:40.771+0000] {taskinstance.py:2480} INFO - Exporting env vars: AIRFLOW_CTX_DAG_OWNER='data-team' AIRFLOW_CTX_DAG_ID='multi_region_processor_alternative' AIRFLOW_CTX_TASK_ID='process_customers_eu' AIRFLOW_CTX_EXECUTION_DATE='2025-06-08T00:00:00+00:00' AIRFLOW_CTX_TRY_NUMBER='1' AIRFLOW_CTX_DAG_RUN_ID='scheduled__2025-06-08T00:00:00+00:00'
[2025-06-09T06:55:45.831+0000] {logging_mixin.py:188} INFO - Error processing customers for eu: [JAVA_GATEWAY_EXITED] Java gateway process exited before sending its port number.
[2025-06-09T06:55:45.832+0000] {taskinstance.py:2698} ERROR - Task failed with exception
Traceback (most recent call last):
  File "/opt/airflow/dags/dag_run.py", line 129, in process_table
    spark = get_spark_session(f"Process_{table}_{region}_{load_date}")
  File "/opt/airflow/dags/dag_run.py", line 115, in get_spark_session
    .getOrCreate()
  File "/home/airflow/.local/lib/python3.10/site-packages/pyspark/sql/session.py", line 497, in getOrCreate
    sc = SparkContext.getOrCreate(sparkConf)
  File "/home/airflow/.local/lib/python3.10/site-packages/pyspark/context.py", line 515, in getOrCreate
    SparkContext(conf=conf or SparkConf())
  File "/home/airflow/.local/lib/python3.10/site-packages/pyspark/context.py", line 201, in __init__
    SparkContext._ensure_initialized(self, gateway=gateway, conf=conf)
  File "/home/airflow/.local/lib/python3.10/site-packages/pyspark/context.py", line 436, in _ensure_initialized
    SparkContext._gateway = gateway or launch_gateway(conf)
  File "/home/airflow/.local/lib/python3.10/site-packages/pyspark/java_gateway.py", line 107, in launch_gateway
    raise PySparkRuntimeError(
pyspark.errors.exceptions.base.PySparkRuntimeError: [JAVA_GATEWAY_EXITED] Java gateway process exited before sending its port number.

During handling of the above exception, another exception occurred:

Traceback (most recent call last):
  File "/home/airflow/.local/lib/python3.10/site-packages/airflow/models/taskinstance.py", line 433, in _execute_task
    result = execute_callable(context=context, **execute_callable_kwargs)
  File "/home/airflow/.local/lib/python3.10/site-packages/airflow/decorators/base.py", line 241, in execute
    return_value = super().execute(context)
  File "/home/airflow/.local/lib/python3.10/site-packages/airflow/operators/python.py", line 199, in execute
    return_value = self.execute_callable()
  File "/home/airflow/.local/lib/python3.10/site-packages/airflow/operators/python.py", line 216, in execute_callable
    return self.python_callable(*self.op_args, **self.op_kwargs)
  File "/opt/airflow/dags/dag_run.py", line 176, in process_table
    raise Exception(error_msg)
Exception: Error processing customers for eu: [JAVA_GATEWAY_EXITED] Java gateway process exited before sending its port number.
[2025-06-09T06:55:45.864+0000] {taskinstance.py:1138} INFO - Marking task as UP_FOR_RETRY. dag_id=multi_region_processor_alternative, task_id=process_customers_eu, execution_date=20250608T000000, start_date=20250609T065540, end_date=20250609T065545
[2025-06-09T06:55:45.886+0000] {standard_task_runner.py:107} ERROR - Failed to execute job 23 for task process_customers_eu (Error processing customers for eu: [JAVA_GATEWAY_EXITED] Java gateway process exited before sending its port number.; 41036)
[2025-06-09T06:55:45.922+0000] {local_task_job_runner.py:234} INFO - Task exited with return code 1
[2025-06-09T06:55:46.003+0000] {taskinstance.py:3280} INFO - 0 downstream tasks scheduled from follow-on schedule check
