[2025-06-11T02:43:24.982+0000] {taskinstance.py:1956} INFO - Dependencies all met for dep_context=non-requeueable deps ti=<TaskInstance: multi_region_to_snowflake.process_region_eu.process_returns_eu scheduled__2025-06-10T00:00:00+00:00 [queued]>
[2025-06-11T02:43:25.005+0000] {taskinstance.py:1956} INFO - Dependencies all met for dep_context=requeueable deps ti=<TaskInstance: multi_region_to_snowflake.process_region_eu.process_returns_eu scheduled__2025-06-10T00:00:00+00:00 [queued]>
[2025-06-11T02:43:25.006+0000] {taskinstance.py:2170} INFO - Starting attempt 1 of 2
[2025-06-11T02:43:25.027+0000] {taskinstance.py:2191} INFO - Executing <Task(_PythonDecoratedOperator): process_region_eu.process_returns_eu> on 2025-06-10 00:00:00+00:00
[2025-06-11T02:43:25.041+0000] {standard_task_runner.py:60} INFO - Started process 45667 to run task
[2025-06-11T02:43:25.045+0000] {standard_task_runner.py:87} INFO - Running: ['airflow', 'tasks', 'run', 'multi_region_to_snowflake', 'process_region_eu.process_returns_eu', 'scheduled__2025-06-10T00:00:00+00:00', '--job-id', '1261', '--raw', '--subdir', 'DAGS_FOLDER/master_dag.py', '--cfg-path', '/tmp/tmpgxutk8rx']
[2025-06-11T02:43:25.048+0000] {standard_task_runner.py:88} INFO - Job 1261: Subtask process_region_eu.process_returns_eu
[2025-06-11T02:43:25.173+0000] {task_command.py:423} INFO - Running <TaskInstance: multi_region_to_snowflake.process_region_eu.process_returns_eu scheduled__2025-06-10T00:00:00+00:00 [running]> on host 5039a2bbff84
[2025-06-11T02:43:25.451+0000] {taskinstance.py:2480} INFO - Exporting env vars: AIRFLOW_CTX_DAG_OWNER='data-team' AIRFLOW_CTX_DAG_ID='multi_region_to_snowflake' AIRFLOW_CTX_TASK_ID='process_region_eu.process_returns_eu' AIRFLOW_CTX_EXECUTION_DATE='2025-06-10T00:00:00+00:00' AIRFLOW_CTX_TRY_NUMBER='1' AIRFLOW_CTX_DAG_RUN_ID='scheduled__2025-06-10T00:00:00+00:00'
[2025-06-11T02:43:40.658+0000] {logging_mixin.py:188} INFO - Processing returns for region eu
[2025-06-11T02:43:53.062+0000] {logging_mixin.py:188} INFO - STAGING_EU
[2025-06-11T02:44:05.284+0000] {logging_mixin.py:188} INFO - +---------+--------+-----------------+-------------+--------------------+-------------+-------------------+--------------------+-----------------------+-------+--------+
|return_id|order_id|    return_reason|return_status|    return_timestamp|refund_amount|   refund_timestamp|          created_at|cooling_off_period_days|_region| _source|
+---------+--------+-----------------+-------------+--------------------+-------------+-------------------+--------------------+-----------------------+-------+--------+
|        1|       5|     Changed mind|     approved|2025-06-08 19:22:...|       362.97|2024-01-25 13:30:00|2025-06-08 19:22:...|                     14|     eu|postgres|
|        2|      10|Product defective|   processing|2025-06-08 19:22:...|        42.78|               NULL|2025-06-08 19:22:...|                     14|     eu|postgres|
|        1|       5|     Changed mind|     approved|2025-06-08 19:22:...|       362.97|2024-01-25 13:30:00|2025-06-08 19:22:...|                     14|     eu|postgres|
|        2|      10|Product defective|   processing|2025-06-08 19:22:...|        42.78|               NULL|2025-06-08 19:22:...|                     14|     eu|postgres|
+---------+--------+-----------------+-------------+--------------------+-------------+-------------------+--------------------+-----------------------+-------+--------+
[2025-06-11T02:44:05.291+0000] {logging_mixin.py:188} INFO - Inserting into snowflake
[2025-06-11T02:44:19.073+0000] {logging_mixin.py:188} INFO - successfully inserted in snowflake
[2025-06-11T02:44:19.091+0000] {crypto.py:82} WARNING - empty cryptography key - values will not be stored encrypted.
[2025-06-11T02:44:19.538+0000] {logging_mixin.py:188} INFO - Successfully processed 4 records for returns in eu
[2025-06-11T02:44:20.819+0000] {python.py:201} INFO - Done. Returned value was: {'region': 'eu', 'table': 'returns', 'record_count': 4, 'status': 'success'}
[2025-06-11T02:44:20.900+0000] {taskinstance.py:1138} INFO - Marking task as SUCCESS. dag_id=multi_region_to_snowflake, task_id=process_region_eu.process_returns_eu, execution_date=20250610T000000, start_date=20250611T024324, end_date=20250611T024420
[2025-06-11T02:44:20.979+0000] {local_task_job_runner.py:234} INFO - Task exited with return code 0
[2025-06-11T02:44:21.059+0000] {taskinstance.py:3280} INFO - 0 downstream tasks scheduled from follow-on schedule check
