[2025-06-11T07:38:58.870+0000] {taskinstance.py:1956} INFO - Dependencies all met for dep_context=non-requeueable deps ti=<TaskInstance: load_to_star_schema.star_merge_group.star_dim_products scheduled__2025-06-10T00:00:00+00:00 [queued]>
[2025-06-11T07:38:58.878+0000] {taskinstance.py:1956} INFO - Dependencies all met for dep_context=requeueable deps ti=<TaskInstance: load_to_star_schema.star_merge_group.star_dim_products scheduled__2025-06-10T00:00:00+00:00 [queued]>
[2025-06-11T07:38:58.879+0000] {taskinstance.py:2170} INFO - Starting attempt 1 of 2
[2025-06-11T07:38:58.891+0000] {taskinstance.py:2191} INFO - Executing <Task(_PythonDecoratedOperator): star_merge_group.star_dim_products> on 2025-06-10 00:00:00+00:00
[2025-06-11T07:38:58.899+0000] {standard_task_runner.py:60} INFO - Started process 23421 to run task
[2025-06-11T07:38:58.901+0000] {standard_task_runner.py:87} INFO - Running: ['airflow', 'tasks', 'run', 'load_to_star_schema', 'star_merge_group.star_dim_products', 'scheduled__2025-06-10T00:00:00+00:00', '--job-id', '1504', '--raw', '--subdir', 'DAGS_FOLDER/star/master_dim.py', '--cfg-path', '/tmp/tmp5jq_nh8d']
[2025-06-11T07:38:58.903+0000] {standard_task_runner.py:88} INFO - Job 1504: Subtask star_merge_group.star_dim_products
[2025-06-11T07:38:58.967+0000] {task_command.py:423} INFO - Running <TaskInstance: load_to_star_schema.star_merge_group.star_dim_products scheduled__2025-06-10T00:00:00+00:00 [running]> on host 62842a22292a
[2025-06-11T07:38:59.075+0000] {taskinstance.py:2480} INFO - Exporting env vars: AIRFLOW_CTX_DAG_OWNER='data-team' AIRFLOW_CTX_DAG_ID='load_to_star_schema' AIRFLOW_CTX_TASK_ID='star_merge_group.star_dim_products' AIRFLOW_CTX_EXECUTION_DATE='2025-06-10T00:00:00+00:00' AIRFLOW_CTX_TRY_NUMBER='1' AIRFLOW_CTX_DAG_RUN_ID='scheduled__2025-06-10T00:00:00+00:00'
[2025-06-11T07:38:59.077+0000] {connection.py:486} INFO - Snowflake Connector for Python Version: 3.15.0, Python Version: 3.10.13, Platform: Linux-6.11.0-26-generic-x86_64-with-glibc2.36
[2025-06-11T07:38:59.078+0000] {connection.py:1391} INFO - Connecting to GLOBAL Snowflake domain
[2025-06-11T07:39:09.903+0000] {logging_mixin.py:188} INFO - Successfully connected to Snowflake via snowflake.connector.
[2025-06-11T07:39:09.904+0000] {logging_mixin.py:188} INFO - Running merge for products...
[2025-06-11T07:39:11.128+0000] {logging_mixin.py:188} INFO - Merge completed for products
[2025-06-11T07:39:11.739+0000] {python.py:201} INFO - Done. Returned value was: None
[2025-06-11T07:39:11.753+0000] {taskinstance.py:1138} INFO - Marking task as SUCCESS. dag_id=load_to_star_schema, task_id=star_merge_group.star_dim_products, execution_date=20250610T000000, start_date=20250611T073858, end_date=20250611T073911
[2025-06-11T07:39:11.793+0000] {local_task_job_runner.py:234} INFO - Task exited with return code 0
[2025-06-11T07:39:11.810+0000] {taskinstance.py:3280} INFO - 0 downstream tasks scheduled from follow-on schedule check
[2025-06-11T18:50:52.751+0000] {taskinstance.py:1956} INFO - Dependencies all met for dep_context=non-requeueable deps ti=<TaskInstance: load_to_star_schema.star_merge_group.star_dim_products scheduled__2025-06-10T00:00:00+00:00 [queued]>
[2025-06-11T18:50:52.763+0000] {taskinstance.py:1956} INFO - Dependencies all met for dep_context=requeueable deps ti=<TaskInstance: load_to_star_schema.star_merge_group.star_dim_products scheduled__2025-06-10T00:00:00+00:00 [queued]>
[2025-06-11T18:50:52.764+0000] {taskinstance.py:2170} INFO - Starting attempt 1 of 2
[2025-06-11T18:50:52.781+0000] {taskinstance.py:2191} INFO - Executing <Task(_PythonDecoratedOperator): star_merge_group.star_dim_products> on 2025-06-10 00:00:00+00:00
[2025-06-11T18:50:52.793+0000] {standard_task_runner.py:60} INFO - Started process 49940 to run task
[2025-06-11T18:50:52.798+0000] {standard_task_runner.py:87} INFO - Running: ['airflow', 'tasks', 'run', 'load_to_star_schema', 'star_merge_group.star_dim_products', 'scheduled__2025-06-10T00:00:00+00:00', '--job-id', '869', '--raw', '--subdir', 'DAGS_FOLDER/star/master_dim.py', '--cfg-path', '/tmp/tmpsm95ozbo']
[2025-06-11T18:50:52.801+0000] {standard_task_runner.py:88} INFO - Job 869: Subtask star_merge_group.star_dim_products
[2025-06-11T18:50:52.885+0000] {task_command.py:423} INFO - Running <TaskInstance: load_to_star_schema.star_merge_group.star_dim_products scheduled__2025-06-10T00:00:00+00:00 [running]> on host 5950010ae7c1
[2025-06-11T18:50:53.032+0000] {taskinstance.py:2480} INFO - Exporting env vars: AIRFLOW_CTX_DAG_OWNER='data-team' AIRFLOW_CTX_DAG_ID='load_to_star_schema' AIRFLOW_CTX_TASK_ID='star_merge_group.star_dim_products' AIRFLOW_CTX_EXECUTION_DATE='2025-06-10T00:00:00+00:00' AIRFLOW_CTX_TRY_NUMBER='1' AIRFLOW_CTX_DAG_RUN_ID='scheduled__2025-06-10T00:00:00+00:00'
[2025-06-11T18:50:53.034+0000] {connection.py:486} INFO - Snowflake Connector for Python Version: 3.15.0, Python Version: 3.10.13, Platform: Linux-6.11.0-26-generic-x86_64-with-glibc2.36
[2025-06-11T18:50:53.035+0000] {connection.py:1391} INFO - Connecting to GLOBAL Snowflake domain
[2025-06-11T18:50:54.701+0000] {logging_mixin.py:188} INFO - Successfully connected to Snowflake via snowflake.connector.
[2025-06-11T18:50:54.701+0000] {logging_mixin.py:188} INFO - Running merge for products...
[2025-06-11T18:50:56.313+0000] {logging_mixin.py:188} INFO - Merge completed for products
[2025-06-11T18:50:56.921+0000] {python.py:201} INFO - Done. Returned value was: None
[2025-06-11T18:50:56.933+0000] {taskinstance.py:1138} INFO - Marking task as SUCCESS. dag_id=load_to_star_schema, task_id=star_merge_group.star_dim_products, execution_date=20250610T000000, start_date=20250611T185052, end_date=20250611T185056
[2025-06-11T18:50:56.981+0000] {local_task_job_runner.py:234} INFO - Task exited with return code 0
[2025-06-11T18:50:56.998+0000] {taskinstance.py:3280} INFO - 0 downstream tasks scheduled from follow-on schedule check
