[2025-06-11T15:04:44.485+0000] {taskinstance.py:1956} INFO - Dependencies all met for dep_context=non-requeueable deps ti=<TaskInstance: extract_postgres_table_to_parquet.run_extraction_us scheduled__2025-06-10T02:00:00+00:00 [queued]>
[2025-06-11T15:04:44.537+0000] {taskinstance.py:1956} INFO - Dependencies all met for dep_context=requeueable deps ti=<TaskInstance: extract_postgres_table_to_parquet.run_extraction_us scheduled__2025-06-10T02:00:00+00:00 [queued]>
[2025-06-11T15:04:44.543+0000] {taskinstance.py:2170} INFO - Starting attempt 3 of 1
[2025-06-11T15:04:44.594+0000] {taskinstance.py:2191} INFO - Executing <Task(_PythonDecoratedOperator): run_extraction_us> on 2025-06-10 02:00:00+00:00
[2025-06-11T15:04:44.618+0000] {standard_task_runner.py:60} INFO - Started process 250 to run task
[2025-06-11T15:04:44.630+0000] {standard_task_runner.py:87} INFO - Running: ['airflow', 'tasks', 'run', 'extract_postgres_table_to_parquet', 'run_extraction_us', 'scheduled__2025-06-10T02:00:00+00:00', '--job-id', '72', '--raw', '--subdir', 'DAGS_FOLDER/asia/landing.py', '--cfg-path', '/tmp/tmpsd7r1xg7']
[2025-06-11T15:04:44.635+0000] {standard_task_runner.py:88} INFO - Job 72: Subtask run_extraction_us
[2025-06-11T15:04:44.963+0000] {task_command.py:423} INFO - Running <TaskInstance: extract_postgres_table_to_parquet.run_extraction_us scheduled__2025-06-10T02:00:00+00:00 [running]> on host 94d2ab00ac05
[2025-06-11T15:04:45.288+0000] {taskinstance.py:2480} INFO - Exporting env vars: AIRFLOW_CTX_DAG_OWNER='airflow' AIRFLOW_CTX_DAG_ID='extract_postgres_table_to_parquet' AIRFLOW_CTX_TASK_ID='run_extraction_us' AIRFLOW_CTX_EXECUTION_DATE='2025-06-10T02:00:00+00:00' AIRFLOW_CTX_TRY_NUMBER='3' AIRFLOW_CTX_DAG_RUN_ID='scheduled__2025-06-10T02:00:00+00:00'
[2025-06-11T15:04:45.291+0000] {logging_mixin.py:188} INFO - Starting extraction for table: categories in region: us
[2025-06-11T15:04:45.292+0000] {logging_mixin.py:188} INFO - load_date:::::2025-06-11
[2025-06-11T15:05:24.746+0000] {logging_mixin.py:188} INFO - Vector(spark://94d2ab00ac05:36437/jars/spark-snowflake_2.12-2.16.0-spark_3.2.jar, spark://94d2ab00ac05:36437/jars/postgresql-42.7.3.jar, spark://94d2ab00ac05:36437/jars/snowflake-jdbc-3.13.17.jar)
[2025-06-11T15:05:58.241+0000] {logging_mixin.py:188} INFO - [INFO] No data found in us.categories
[2025-06-11T15:06:00.019+0000] {logging_mixin.py:188} INFO - Starting extraction for table: products in region: us
[2025-06-11T15:06:00.020+0000] {logging_mixin.py:188} INFO - load_date:::::2025-06-11
[2025-06-11T15:06:02.825+0000] {logging_mixin.py:188} INFO - Vector(spark://94d2ab00ac05:37165/jars/snowflake-jdbc-3.13.17.jar, spark://94d2ab00ac05:37165/jars/postgresql-42.7.3.jar, spark://94d2ab00ac05:37165/jars/spark-snowflake_2.12-2.16.0-spark_3.2.jar)
[2025-06-11T15:06:11.942+0000] {logging_mixin.py:188} INFO - [INFO] No data found in us.products
[2025-06-11T15:06:20.851+0000] {logging_mixin.py:188} INFO - Starting extraction for table: product_variants in region: us
[2025-06-11T15:06:20.866+0000] {logging_mixin.py:188} INFO - load_date:::::2025-06-11
[2025-06-11T15:07:58.181+0000] {logging_mixin.py:188} INFO - Vector(spark://94d2ab00ac05:44403/jars/snowflake-jdbc-3.13.17.jar, spark://94d2ab00ac05:44403/jars/spark-snowflake_2.12-2.16.0-spark_3.2.jar, spark://94d2ab00ac05:44403/jars/postgresql-42.7.3.jar)
[2025-06-11T15:08:05.901+0000] {logging_mixin.py:188} INFO - [INFO] No data found in us.product_variants
[2025-06-11T15:08:06.854+0000] {logging_mixin.py:188} INFO - Starting extraction for table: inventory in region: us
[2025-06-11T15:08:06.864+0000] {logging_mixin.py:188} INFO - load_date:::::2025-06-11
[2025-06-11T15:08:08.137+0000] {logging_mixin.py:188} INFO - Vector(spark://94d2ab00ac05:42859/jars/postgresql-42.7.3.jar, spark://94d2ab00ac05:42859/jars/snowflake-jdbc-3.13.17.jar, spark://94d2ab00ac05:42859/jars/spark-snowflake_2.12-2.16.0-spark_3.2.jar)
[2025-06-11T15:08:11.872+0000] {logging_mixin.py:188} INFO - [INFO] No data found in us.inventory
[2025-06-11T15:08:12.833+0000] {logging_mixin.py:188} INFO - Starting extraction for table: customers in region: us
[2025-06-11T15:08:12.834+0000] {logging_mixin.py:188} INFO - load_date:::::2025-06-11
[2025-06-11T15:08:13.640+0000] {logging_mixin.py:188} INFO - Vector(spark://94d2ab00ac05:41063/jars/postgresql-42.7.3.jar, spark://94d2ab00ac05:41063/jars/snowflake-jdbc-3.13.17.jar, spark://94d2ab00ac05:41063/jars/spark-snowflake_2.12-2.16.0-spark_3.2.jar)
[2025-06-11T15:08:16.720+0000] {logging_mixin.py:188} INFO - [INFO] No data found in us.customers
[2025-06-11T15:08:17.696+0000] {logging_mixin.py:188} INFO - Starting extraction for table: customer_addresses in region: us
[2025-06-11T15:08:17.696+0000] {logging_mixin.py:188} INFO - load_date:::::2025-06-11
[2025-06-11T15:08:19.282+0000] {logging_mixin.py:188} INFO - Vector(spark://94d2ab00ac05:42599/jars/spark-snowflake_2.12-2.16.0-spark_3.2.jar, spark://94d2ab00ac05:42599/jars/snowflake-jdbc-3.13.17.jar, spark://94d2ab00ac05:42599/jars/postgresql-42.7.3.jar)
[2025-06-11T15:08:23.832+0000] {logging_mixin.py:188} INFO - [INFO] No data found in us.customer_addresses
[2025-06-11T15:08:24.876+0000] {logging_mixin.py:188} INFO - Starting extraction for table: marketing_campaigns in region: us
[2025-06-11T15:08:24.881+0000] {logging_mixin.py:188} INFO - load_date:::::2025-06-11
[2025-06-11T15:08:26.395+0000] {logging_mixin.py:188} INFO - Vector(spark://94d2ab00ac05:42703/jars/snowflake-jdbc-3.13.17.jar, spark://94d2ab00ac05:42703/jars/spark-snowflake_2.12-2.16.0-spark_3.2.jar, spark://94d2ab00ac05:42703/jars/postgresql-42.7.3.jar)
[2025-06-11T15:08:33.956+0000] {logging_mixin.py:188} INFO - [INFO] No data found in us.marketing_campaigns
[2025-06-11T15:08:34.954+0000] {logging_mixin.py:188} INFO - Starting extraction for table: discounts in region: us
[2025-06-11T15:08:34.955+0000] {logging_mixin.py:188} INFO - load_date:::::2025-06-11
[2025-06-11T15:08:37.088+0000] {logging_mixin.py:188} INFO - Vector(spark://94d2ab00ac05:45931/jars/snowflake-jdbc-3.13.17.jar, spark://94d2ab00ac05:45931/jars/postgresql-42.7.3.jar, spark://94d2ab00ac05:45931/jars/spark-snowflake_2.12-2.16.0-spark_3.2.jar)
[2025-06-11T15:08:44.400+0000] {logging_mixin.py:188} INFO - [INFO] No data found in us.discounts
[2025-06-11T15:08:45.385+0000] {logging_mixin.py:188} INFO - Starting extraction for table: shopping_carts in region: us
[2025-06-11T15:08:45.386+0000] {logging_mixin.py:188} INFO - load_date:::::2025-06-11
[2025-06-11T15:08:47.017+0000] {logging_mixin.py:188} INFO - Vector(spark://94d2ab00ac05:37063/jars/postgresql-42.7.3.jar, spark://94d2ab00ac05:37063/jars/snowflake-jdbc-3.13.17.jar, spark://94d2ab00ac05:37063/jars/spark-snowflake_2.12-2.16.0-spark_3.2.jar)
[2025-06-11T15:08:52.584+0000] {logging_mixin.py:188} INFO - [INFO] No data found in us.shopping_carts
[2025-06-11T15:08:53.581+0000] {logging_mixin.py:188} INFO - Starting extraction for table: cart_items in region: us
[2025-06-11T15:08:53.582+0000] {logging_mixin.py:188} INFO - load_date:::::2025-06-11
[2025-06-11T15:08:54.974+0000] {logging_mixin.py:188} INFO - Vector(spark://94d2ab00ac05:35767/jars/postgresql-42.7.3.jar, spark://94d2ab00ac05:35767/jars/snowflake-jdbc-3.13.17.jar, spark://94d2ab00ac05:35767/jars/spark-snowflake_2.12-2.16.0-spark_3.2.jar)
[2025-06-11T15:09:01.064+0000] {logging_mixin.py:188} INFO - [INFO] No data found in us.cart_items
[2025-06-11T15:09:02.040+0000] {logging_mixin.py:188} INFO - Starting extraction for table: orders in region: us
[2025-06-11T15:09:02.041+0000] {logging_mixin.py:188} INFO - load_date:::::2025-06-11
[2025-06-11T15:09:04.608+0000] {logging_mixin.py:188} INFO - Vector(spark://94d2ab00ac05:33847/jars/spark-snowflake_2.12-2.16.0-spark_3.2.jar, spark://94d2ab00ac05:33847/jars/postgresql-42.7.3.jar, spark://94d2ab00ac05:33847/jars/snowflake-jdbc-3.13.17.jar)
[2025-06-11T15:09:14.903+0000] {logging_mixin.py:188} INFO - [INFO] No data found in us.orders
[2025-06-11T15:09:17.848+0000] {logging_mixin.py:188} INFO - Starting extraction for table: order_items in region: us
[2025-06-11T15:09:17.850+0000] {logging_mixin.py:188} INFO - load_date:::::2025-06-11
[2025-06-11T15:09:19.742+0000] {logging_mixin.py:188} INFO - Vector(spark://94d2ab00ac05:36835/jars/spark-snowflake_2.12-2.16.0-spark_3.2.jar, spark://94d2ab00ac05:36835/jars/postgresql-42.7.3.jar, spark://94d2ab00ac05:36835/jars/snowflake-jdbc-3.13.17.jar)
[2025-06-11T15:09:25.364+0000] {logging_mixin.py:188} INFO - [INFO] No data found in us.order_items
[2025-06-11T15:09:26.346+0000] {logging_mixin.py:188} INFO - Starting extraction for table: shipments in region: us
[2025-06-11T15:09:26.347+0000] {logging_mixin.py:188} INFO - load_date:::::2025-06-11
[2025-06-11T15:09:28.537+0000] {logging_mixin.py:188} INFO - Vector(spark://94d2ab00ac05:45523/jars/spark-snowflake_2.12-2.16.0-spark_3.2.jar, spark://94d2ab00ac05:45523/jars/snowflake-jdbc-3.13.17.jar, spark://94d2ab00ac05:45523/jars/postgresql-42.7.3.jar)
[2025-06-11T15:09:35.382+0000] {logging_mixin.py:188} INFO - [INFO] No data found in us.shipments
[2025-06-11T15:09:36.296+0000] {logging_mixin.py:188} INFO - Starting extraction for table: returns in region: us
[2025-06-11T15:09:36.297+0000] {logging_mixin.py:188} INFO - load_date:::::2025-06-11
[2025-06-11T15:09:37.717+0000] {logging_mixin.py:188} INFO - Vector(spark://94d2ab00ac05:44885/jars/spark-snowflake_2.12-2.16.0-spark_3.2.jar, spark://94d2ab00ac05:44885/jars/postgresql-42.7.3.jar, spark://94d2ab00ac05:44885/jars/snowflake-jdbc-3.13.17.jar)
[2025-06-11T15:09:38.626+0000] {taskinstance.py:2698} ERROR - Task failed with exception
Traceback (most recent call last):
  File "/home/airflow/.local/lib/python3.10/site-packages/airflow/models/taskinstance.py", line 433, in _execute_task
    result = execute_callable(context=context, **execute_callable_kwargs)
  File "/home/airflow/.local/lib/python3.10/site-packages/airflow/decorators/base.py", line 241, in execute
    return_value = super().execute(context)
  File "/home/airflow/.local/lib/python3.10/site-packages/airflow/operators/python.py", line 199, in execute
    return_value = self.execute_callable()
  File "/home/airflow/.local/lib/python3.10/site-packages/airflow/operators/python.py", line 216, in execute_callable
    return self.python_callable(*self.op_args, **self.op_kwargs)
  File "/opt/airflow/dags/asia/landing.py", line 72, in run_extraction_us
    extract_postgres_table(
  File "/opt/airflow/dags/asia/../../scripts/pyspark_jobs/extract_to_parquet.py", line 205, in extract_postgres_table
    .load()
  File "/home/airflow/.local/lib/python3.10/site-packages/pyspark/sql/readwriter.py", line 314, in load
    return self._df(self._jreader.load())
  File "/home/airflow/.local/lib/python3.10/site-packages/py4j/java_gateway.py", line 1322, in __call__
    return_value = get_return_value(
  File "/home/airflow/.local/lib/python3.10/site-packages/pyspark/errors/exceptions/captured.py", line 179, in deco
    return f(*a, **kw)
  File "/home/airflow/.local/lib/python3.10/site-packages/py4j/protocol.py", line 326, in get_return_value
    raise Py4JJavaError(
py4j.protocol.Py4JJavaError: An error occurred while calling o754.load.
: org.postgresql.util.PSQLException: ERROR: relation "us.returns" does not exist
  Position: 30
	at org.postgresql.core.v3.QueryExecutorImpl.receiveErrorResponse(QueryExecutorImpl.java:2725)
	at org.postgresql.core.v3.QueryExecutorImpl.processResults(QueryExecutorImpl.java:2412)
	at org.postgresql.core.v3.QueryExecutorImpl.execute(QueryExecutorImpl.java:371)
	at org.postgresql.jdbc.PgStatement.executeInternal(PgStatement.java:502)
	at org.postgresql.jdbc.PgStatement.execute(PgStatement.java:419)
	at org.postgresql.jdbc.PgPreparedStatement.executeWithFlags(PgPreparedStatement.java:194)
	at org.postgresql.jdbc.PgPreparedStatement.executeQuery(PgPreparedStatement.java:137)
	at org.apache.spark.sql.execution.datasources.jdbc.JDBCRDD$.getQueryOutputSchema(JDBCRDD.scala:68)
	at org.apache.spark.sql.execution.datasources.jdbc.JDBCRDD$.resolveTable(JDBCRDD.scala:58)
	at org.apache.spark.sql.execution.datasources.jdbc.JDBCRelation$.getSchema(JDBCRelation.scala:241)
	at org.apache.spark.sql.execution.datasources.jdbc.JdbcRelationProvider.createRelation(JdbcRelationProvider.scala:37)
	at org.apache.spark.sql.execution.datasources.DataSource.resolveRelation(DataSource.scala:346)
	at org.apache.spark.sql.DataFrameReader.loadV1Source(DataFrameReader.scala:229)
	at org.apache.spark.sql.DataFrameReader.$anonfun$load$2(DataFrameReader.scala:211)
	at scala.Option.getOrElse(Option.scala:189)
	at org.apache.spark.sql.DataFrameReader.load(DataFrameReader.scala:211)
	at org.apache.spark.sql.DataFrameReader.load(DataFrameReader.scala:172)
	at java.base/jdk.internal.reflect.NativeMethodAccessorImpl.invoke0(Native Method)
	at java.base/jdk.internal.reflect.NativeMethodAccessorImpl.invoke(NativeMethodAccessorImpl.java:62)
	at java.base/jdk.internal.reflect.DelegatingMethodAccessorImpl.invoke(DelegatingMethodAccessorImpl.java:43)
	at java.base/java.lang.reflect.Method.invoke(Method.java:566)
	at py4j.reflection.MethodInvoker.invoke(MethodInvoker.java:244)
	at py4j.reflection.ReflectionEngine.invoke(ReflectionEngine.java:374)
	at py4j.Gateway.invoke(Gateway.java:282)
	at py4j.commands.AbstractCommand.invokeMethod(AbstractCommand.java:132)
	at py4j.commands.CallCommand.execute(CallCommand.java:79)
	at py4j.ClientServerConnection.waitForCommands(ClientServerConnection.java:182)
	at py4j.ClientServerConnection.run(ClientServerConnection.java:106)
	at java.base/java.lang.Thread.run(Thread.java:829)

[2025-06-11T15:09:39.495+0000] {taskinstance.py:1138} INFO - Marking task as FAILED. dag_id=extract_postgres_table_to_parquet, task_id=run_extraction_us, execution_date=20250610T020000, start_date=20250611T150444, end_date=20250611T150939
[2025-06-11T15:09:40.274+0000] {standard_task_runner.py:107} ERROR - Failed to execute job 72 for task run_extraction_us (An error occurred while calling o754.load.
: org.postgresql.util.PSQLException: ERROR: relation "us.returns" does not exist
  Position: 30
	at org.postgresql.core.v3.QueryExecutorImpl.receiveErrorResponse(QueryExecutorImpl.java:2725)
	at org.postgresql.core.v3.QueryExecutorImpl.processResults(QueryExecutorImpl.java:2412)
	at org.postgresql.core.v3.QueryExecutorImpl.execute(QueryExecutorImpl.java:371)
	at org.postgresql.jdbc.PgStatement.executeInternal(PgStatement.java:502)
	at org.postgresql.jdbc.PgStatement.execute(PgStatement.java:419)
	at org.postgresql.jdbc.PgPreparedStatement.executeWithFlags(PgPreparedStatement.java:194)
	at org.postgresql.jdbc.PgPreparedStatement.executeQuery(PgPreparedStatement.java:137)
	at org.apache.spark.sql.execution.datasources.jdbc.JDBCRDD$.getQueryOutputSchema(JDBCRDD.scala:68)
	at org.apache.spark.sql.execution.datasources.jdbc.JDBCRDD$.resolveTable(JDBCRDD.scala:58)
	at org.apache.spark.sql.execution.datasources.jdbc.JDBCRelation$.getSchema(JDBCRelation.scala:241)
	at org.apache.spark.sql.execution.datasources.jdbc.JdbcRelationProvider.createRelation(JdbcRelationProvider.scala:37)
	at org.apache.spark.sql.execution.datasources.DataSource.resolveRelation(DataSource.scala:346)
	at org.apache.spark.sql.DataFrameReader.loadV1Source(DataFrameReader.scala:229)
	at org.apache.spark.sql.DataFrameReader.$anonfun$load$2(DataFrameReader.scala:211)
	at scala.Option.getOrElse(Option.scala:189)
	at org.apache.spark.sql.DataFrameReader.load(DataFrameReader.scala:211)
	at org.apache.spark.sql.DataFrameReader.load(DataFrameReader.scala:172)
	at java.base/jdk.internal.reflect.NativeMethodAccessorImpl.invoke0(Native Method)
	at java.base/jdk.internal.reflect.NativeMethodAccessorImpl.invoke(NativeMethodAccessorImpl.java:62)
	at java.base/jdk.internal.reflect.DelegatingMethodAccessorImpl.invoke(DelegatingMethodAccessorImpl.java:43)
	at java.base/java.lang.reflect.Method.invoke(Method.java:566)
	at py4j.reflection.MethodInvoker.invoke(MethodInvoker.java:244)
	at py4j.reflection.ReflectionEngine.invoke(ReflectionEngine.java:374)
	at py4j.Gateway.invoke(Gateway.java:282)
	at py4j.commands.AbstractCommand.invokeMethod(AbstractCommand.java:132)
	at py4j.commands.CallCommand.execute(CallCommand.java:79)
	at py4j.ClientServerConnection.waitForCommands(ClientServerConnection.java:182)
	at py4j.ClientServerConnection.run(ClientServerConnection.java:106)
	at java.base/java.lang.Thread.run(Thread.java:829)
; 250)
[2025-06-11T15:09:40.427+0000] {local_task_job_runner.py:234} INFO - Task exited with return code 1
[2025-06-11T15:09:41.211+0000] {taskinstance.py:3280} INFO - 0 downstream tasks scheduled from follow-on schedule check
