[2025-06-11T10:38:29.123+0000] {taskinstance.py:1956} INFO - Dependencies all met for dep_context=non-requeueable deps ti=<TaskInstance: extract_postgres_table_to_parquet.run_extraction_us scheduled__2025-06-10T02:00:00+00:00 [queued]>
[2025-06-11T10:38:29.132+0000] {taskinstance.py:1956} INFO - Dependencies all met for dep_context=requeueable deps ti=<TaskInstance: extract_postgres_table_to_parquet.run_extraction_us scheduled__2025-06-10T02:00:00+00:00 [queued]>
[2025-06-11T10:38:29.132+0000] {taskinstance.py:2170} INFO - Starting attempt 1 of 1
[2025-06-11T10:38:29.148+0000] {taskinstance.py:2191} INFO - Executing <Task(_PythonDecoratedOperator): run_extraction_us> on 2025-06-10 02:00:00+00:00
[2025-06-11T10:38:29.152+0000] {standard_task_runner.py:60} INFO - Started process 24742 to run task
[2025-06-11T10:38:29.155+0000] {standard_task_runner.py:87} INFO - Running: ['airflow', 'tasks', 'run', 'extract_postgres_table_to_parquet', 'run_extraction_us', 'scheduled__2025-06-10T02:00:00+00:00', '--job-id', '1586', '--raw', '--subdir', 'DAGS_FOLDER/asia/landing.py', '--cfg-path', '/tmp/tmp13jp6zjl']
[2025-06-11T10:38:29.157+0000] {standard_task_runner.py:88} INFO - Job 1586: Subtask run_extraction_us
[2025-06-11T10:38:29.230+0000] {task_command.py:423} INFO - Running <TaskInstance: extract_postgres_table_to_parquet.run_extraction_us scheduled__2025-06-10T02:00:00+00:00 [running]> on host 0290689661db
[2025-06-11T10:38:29.348+0000] {taskinstance.py:2480} INFO - Exporting env vars: AIRFLOW_CTX_DAG_OWNER='airflow' AIRFLOW_CTX_DAG_ID='extract_postgres_table_to_parquet' AIRFLOW_CTX_TASK_ID='run_extraction_us' AIRFLOW_CTX_EXECUTION_DATE='2025-06-10T02:00:00+00:00' AIRFLOW_CTX_TRY_NUMBER='1' AIRFLOW_CTX_DAG_RUN_ID='scheduled__2025-06-10T02:00:00+00:00'
[2025-06-11T10:38:29.348+0000] {logging_mixin.py:188} INFO - Starting extraction for table: categories in region: us
[2025-06-11T10:38:29.349+0000] {logging_mixin.py:188} INFO - load_date:::::2025-06-11
[2025-06-11T10:38:43.550+0000] {logging_mixin.py:188} INFO - [INFO] Last loaded timestamp: 2025-06-11 02:14:19
[2025-06-11T10:38:46.162+0000] {logging_mixin.py:188} INFO - [INFO] No new records found in us.categories
[2025-06-11T10:38:47.156+0000] {logging_mixin.py:188} INFO - Starting extraction for table: products in region: us
[2025-06-11T10:38:47.156+0000] {logging_mixin.py:188} INFO - load_date:::::2025-06-11
[2025-06-11T10:38:49.174+0000] {logging_mixin.py:188} INFO - [INFO] Last loaded timestamp: 2025-06-11 02:14:19
[2025-06-11T10:38:50.044+0000] {logging_mixin.py:188} INFO - [INFO] No new records found in us.products
[2025-06-11T10:38:51.040+0000] {logging_mixin.py:188} INFO - Starting extraction for table: product_variants in region: us
[2025-06-11T10:38:51.040+0000] {logging_mixin.py:188} INFO - load_date:::::2025-06-11
[2025-06-11T10:38:52.515+0000] {logging_mixin.py:188} INFO - [INFO] Last loaded timestamp: 2025-06-11 02:14:19
[2025-06-11T10:38:53.463+0000] {logging_mixin.py:188} INFO - [INFO] No new records found in us.product_variants
[2025-06-11T10:38:54.475+0000] {logging_mixin.py:188} INFO - Starting extraction for table: inventory in region: us
[2025-06-11T10:38:54.476+0000] {logging_mixin.py:188} INFO - load_date:::::2025-06-11
[2025-06-11T10:38:57.999+0000] {logging_mixin.py:188} INFO - [INFO] Last loaded timestamp: 2025-06-11 02:14:19
[2025-06-11T10:38:58.844+0000] {logging_mixin.py:188} INFO - [INFO] No new records found in us.inventory
[2025-06-11T10:38:59.859+0000] {logging_mixin.py:188} INFO - Starting extraction for table: customers in region: us
[2025-06-11T10:38:59.860+0000] {logging_mixin.py:188} INFO - load_date:::::2025-06-11
[2025-06-11T10:39:02.438+0000] {logging_mixin.py:188} INFO - [INFO] Last loaded timestamp: 2025-06-11 02:14:19
[2025-06-11T10:39:03.155+0000] {logging_mixin.py:188} INFO - [INFO] No new records found in us.customers
[2025-06-11T10:39:04.156+0000] {logging_mixin.py:188} INFO - Starting extraction for table: customer_addresses in region: us
[2025-06-11T10:39:04.157+0000] {logging_mixin.py:188} INFO - load_date:::::2025-06-11
[2025-06-11T10:39:06.643+0000] {logging_mixin.py:188} INFO - [INFO] Last loaded timestamp: 2025-06-11 02:14:19
[2025-06-11T10:39:07.606+0000] {logging_mixin.py:188} INFO - [INFO] No new records found in us.customer_addresses
[2025-06-11T10:39:08.604+0000] {logging_mixin.py:188} INFO - Starting extraction for table: marketing_campaigns in region: us
[2025-06-11T10:39:08.605+0000] {logging_mixin.py:188} INFO - load_date:::::2025-06-11
[2025-06-11T10:39:10.219+0000] {logging_mixin.py:188} INFO - [INFO] Last loaded timestamp: 2025-06-11 02:14:19
[2025-06-11T10:39:10.906+0000] {logging_mixin.py:188} INFO - [INFO] No new records found in us.marketing_campaigns
[2025-06-11T10:39:11.905+0000] {logging_mixin.py:188} INFO - Starting extraction for table: discounts in region: us
[2025-06-11T10:39:11.905+0000] {logging_mixin.py:188} INFO - load_date:::::2025-06-11
[2025-06-11T10:39:13.530+0000] {logging_mixin.py:188} INFO - [INFO] Last loaded timestamp: 2025-06-11 02:14:19
[2025-06-11T10:39:14.147+0000] {logging_mixin.py:188} INFO - [INFO] No new records found in us.discounts
[2025-06-11T10:39:15.144+0000] {logging_mixin.py:188} INFO - Starting extraction for table: shopping_carts in region: us
[2025-06-11T10:39:15.145+0000] {logging_mixin.py:188} INFO - load_date:::::2025-06-11
[2025-06-11T10:39:16.578+0000] {logging_mixin.py:188} INFO - [INFO] Last loaded timestamp: 2025-06-11 02:14:19
[2025-06-11T10:39:17.094+0000] {logging_mixin.py:188} INFO - [INFO] No new records found in us.shopping_carts
[2025-06-11T10:39:18.094+0000] {logging_mixin.py:188} INFO - Starting extraction for table: cart_items in region: us
[2025-06-11T10:39:18.095+0000] {logging_mixin.py:188} INFO - load_date:::::2025-06-11
[2025-06-11T10:39:19.435+0000] {logging_mixin.py:188} INFO - [INFO] Last loaded timestamp: 2025-06-11 02:14:19
[2025-06-11T10:39:20.047+0000] {logging_mixin.py:188} INFO - [INFO] No new records found in us.cart_items
[2025-06-11T10:39:21.045+0000] {logging_mixin.py:188} INFO - Starting extraction for table: orders in region: us
[2025-06-11T10:39:21.046+0000] {logging_mixin.py:188} INFO - load_date:::::2025-06-11
[2025-06-11T10:39:22.435+0000] {logging_mixin.py:188} INFO - [INFO] Last loaded timestamp: 2025-06-11 02:14:19
[2025-06-11T10:39:22.909+0000] {logging_mixin.py:188} INFO - [INFO] No new records found in us.orders
[2025-06-11T10:39:23.908+0000] {logging_mixin.py:188} INFO - Starting extraction for table: order_items in region: us
[2025-06-11T10:39:23.908+0000] {logging_mixin.py:188} INFO - load_date:::::2025-06-11
[2025-06-11T10:39:25.290+0000] {logging_mixin.py:188} INFO - [INFO] Last loaded timestamp: 2025-06-11 02:14:19
[2025-06-11T10:39:25.776+0000] {logging_mixin.py:188} INFO - [INFO] No new records found in us.order_items
[2025-06-11T10:39:26.776+0000] {logging_mixin.py:188} INFO - Starting extraction for table: shipments in region: us
[2025-06-11T10:39:26.776+0000] {logging_mixin.py:188} INFO - load_date:::::2025-06-11
[2025-06-11T10:39:28.297+0000] {logging_mixin.py:188} INFO - [INFO] Last loaded timestamp: 2025-06-11 02:14:19
[2025-06-11T10:39:28.868+0000] {logging_mixin.py:188} INFO - [INFO] No new records found in us.shipments
[2025-06-11T10:39:29.867+0000] {logging_mixin.py:188} INFO - Starting extraction for table: returns in region: us
[2025-06-11T10:39:29.867+0000] {logging_mixin.py:188} INFO - load_date:::::2025-06-11
[2025-06-11T10:39:31.076+0000] {logging_mixin.py:188} INFO - [INFO] Last loaded timestamp: 2025-06-11 02:14:19
[2025-06-11T10:39:31.521+0000] {logging_mixin.py:188} INFO - [INFO] No new records found in us.returns
[2025-06-11T10:39:32.523+0000] {logging_mixin.py:188} INFO - Starting extraction for table: product_reviews in region: us
[2025-06-11T10:39:32.524+0000] {logging_mixin.py:188} INFO - load_date:::::2025-06-11
[2025-06-11T10:39:33.841+0000] {logging_mixin.py:188} INFO - [INFO] Last loaded timestamp: 2025-06-11 02:14:19
[2025-06-11T10:39:34.241+0000] {logging_mixin.py:188} INFO - [INFO] No new records found in us.product_reviews
[2025-06-11T10:39:35.240+0000] {logging_mixin.py:188} INFO - Starting extraction for table: payments in region: us
[2025-06-11T10:39:35.240+0000] {logging_mixin.py:188} INFO - load_date:::::2025-06-11
[2025-06-11T10:39:36.911+0000] {logging_mixin.py:188} INFO - [INFO] Last loaded timestamp: 2025-06-11 02:14:19
[2025-06-11T10:39:37.455+0000] {logging_mixin.py:188} INFO - [INFO] No new records found in us.payments
[2025-06-11T10:39:38.454+0000] {logging_mixin.py:188} INFO - Starting extraction for table: wishlists in region: us
[2025-06-11T10:39:38.455+0000] {logging_mixin.py:188} INFO - load_date:::::2025-06-11
[2025-06-11T10:39:40.459+0000] {logging_mixin.py:188} INFO - [INFO] Last loaded timestamp: 2025-06-11 02:14:19
[2025-06-11T10:39:40.925+0000] {logging_mixin.py:188} INFO - [INFO] No new records found in us.wishlists
[2025-06-11T10:39:41.924+0000] {python.py:201} INFO - Done. Returned value was: None
[2025-06-11T10:39:41.945+0000] {taskinstance.py:1138} INFO - Marking task as SUCCESS. dag_id=extract_postgres_table_to_parquet, task_id=run_extraction_us, execution_date=20250610T020000, start_date=20250611T103829, end_date=20250611T103941
[2025-06-11T10:39:41.999+0000] {local_task_job_runner.py:234} INFO - Task exited with return code 0
[2025-06-11T10:39:42.028+0000] {taskinstance.py:3280} INFO - 0 downstream tasks scheduled from follow-on schedule check
[2025-06-11T14:38:39.407+0000] {taskinstance.py:1956} INFO - Dependencies all met for dep_context=non-requeueable deps ti=<TaskInstance: extract_postgres_table_to_parquet.run_extraction_us scheduled__2025-06-10T02:00:00+00:00 [queued]>
[2025-06-11T14:38:39.419+0000] {taskinstance.py:1956} INFO - Dependencies all met for dep_context=requeueable deps ti=<TaskInstance: extract_postgres_table_to_parquet.run_extraction_us scheduled__2025-06-10T02:00:00+00:00 [queued]>
[2025-06-11T14:38:39.419+0000] {taskinstance.py:2170} INFO - Starting attempt 1 of 1
[2025-06-11T14:38:39.441+0000] {taskinstance.py:2191} INFO - Executing <Task(_PythonDecoratedOperator): run_extraction_us> on 2025-06-10 02:00:00+00:00
[2025-06-11T14:38:39.449+0000] {standard_task_runner.py:60} INFO - Started process 1175 to run task
[2025-06-11T14:38:39.454+0000] {standard_task_runner.py:87} INFO - Running: ['airflow', 'tasks', 'run', 'extract_postgres_table_to_parquet', 'run_extraction_us', 'scheduled__2025-06-10T02:00:00+00:00', '--job-id', '8', '--raw', '--subdir', 'DAGS_FOLDER/asia/landing.py', '--cfg-path', '/tmp/tmpmb58tyzu']
[2025-06-11T14:38:39.457+0000] {standard_task_runner.py:88} INFO - Job 8: Subtask run_extraction_us
[2025-06-11T14:38:39.531+0000] {task_command.py:423} INFO - Running <TaskInstance: extract_postgres_table_to_parquet.run_extraction_us scheduled__2025-06-10T02:00:00+00:00 [running]> on host 94d2ab00ac05
[2025-06-11T14:38:39.668+0000] {taskinstance.py:2480} INFO - Exporting env vars: AIRFLOW_CTX_DAG_OWNER='airflow' AIRFLOW_CTX_DAG_ID='extract_postgres_table_to_parquet' AIRFLOW_CTX_TASK_ID='run_extraction_us' AIRFLOW_CTX_EXECUTION_DATE='2025-06-10T02:00:00+00:00' AIRFLOW_CTX_TRY_NUMBER='1' AIRFLOW_CTX_DAG_RUN_ID='scheduled__2025-06-10T02:00:00+00:00'
[2025-06-11T14:38:39.669+0000] {logging_mixin.py:188} INFO - Starting extraction for table: categories in region: us
[2025-06-11T14:38:39.669+0000] {logging_mixin.py:188} INFO - load_date:::::2025-06-11
[2025-06-11T14:38:52.948+0000] {logging_mixin.py:188} INFO - Vector(spark://94d2ab00ac05:45141/jars/spark-snowflake_2.12-2.16.0-spark_3.2.jar, spark://94d2ab00ac05:45141/jars/postgresql-42.7.3.jar, spark://94d2ab00ac05:45141/jars/snowflake-jdbc-3.13.17.jar)
[2025-06-11T14:39:07.682+0000] {logging_mixin.py:188} INFO - [INFO] No data found in us.categories
[2025-06-11T14:39:08.598+0000] {logging_mixin.py:188} INFO - Starting extraction for table: products in region: us
[2025-06-11T14:39:08.598+0000] {logging_mixin.py:188} INFO - load_date:::::2025-06-11
[2025-06-11T14:39:10.022+0000] {logging_mixin.py:188} INFO - Vector(spark://94d2ab00ac05:45513/jars/snowflake-jdbc-3.13.17.jar, spark://94d2ab00ac05:45513/jars/postgresql-42.7.3.jar, spark://94d2ab00ac05:45513/jars/spark-snowflake_2.12-2.16.0-spark_3.2.jar)
[2025-06-11T14:39:14.651+0000] {logging_mixin.py:188} INFO - [INFO] No data found in us.products
[2025-06-11T14:39:15.626+0000] {logging_mixin.py:188} INFO - Starting extraction for table: product_variants in region: us
[2025-06-11T14:39:15.627+0000] {logging_mixin.py:188} INFO - load_date:::::2025-06-11
[2025-06-11T14:39:16.801+0000] {logging_mixin.py:188} INFO - Vector(spark://94d2ab00ac05:37949/jars/snowflake-jdbc-3.13.17.jar, spark://94d2ab00ac05:37949/jars/spark-snowflake_2.12-2.16.0-spark_3.2.jar, spark://94d2ab00ac05:37949/jars/postgresql-42.7.3.jar)
[2025-06-11T14:39:58.992+0000] {logging_mixin.py:188} INFO - [INFO] No data found in us.product_variants
[2025-06-11T14:40:00.745+0000] {logging_mixin.py:188} INFO - Starting extraction for table: inventory in region: us
[2025-06-11T14:40:00.746+0000] {logging_mixin.py:188} INFO - load_date:::::2025-06-11
[2025-06-11T14:40:02.885+0000] {logging_mixin.py:188} INFO - Vector(spark://94d2ab00ac05:40681/jars/postgresql-42.7.3.jar, spark://94d2ab00ac05:40681/jars/snowflake-jdbc-3.13.17.jar, spark://94d2ab00ac05:40681/jars/spark-snowflake_2.12-2.16.0-spark_3.2.jar)
[2025-06-11T14:40:09.448+0000] {logging_mixin.py:188} INFO - [INFO] No data found in us.inventory
[2025-06-11T14:40:10.438+0000] {logging_mixin.py:188} INFO - Starting extraction for table: customers in region: us
[2025-06-11T14:40:10.455+0000] {logging_mixin.py:188} INFO - load_date:::::2025-06-11
[2025-06-11T14:40:15.430+0000] {logging_mixin.py:188} INFO - Vector(spark://94d2ab00ac05:44465/jars/postgresql-42.7.3.jar, spark://94d2ab00ac05:44465/jars/spark-snowflake_2.12-2.16.0-spark_3.2.jar, spark://94d2ab00ac05:44465/jars/snowflake-jdbc-3.13.17.jar)
