[2025-06-11T11:45:21.234+0000] {taskinstance.py:1956} INFO - Dependencies all met for dep_context=non-requeueable deps ti=<TaskInstance: master_etl_dag_v4.load_dim_geography scheduled__2025-06-10T02:00:00+00:00 [queued]>
[2025-06-11T11:45:21.268+0000] {taskinstance.py:1956} INFO - Dependencies all met for dep_context=requeueable deps ti=<TaskInstance: master_etl_dag_v4.load_dim_geography scheduled__2025-06-10T02:00:00+00:00 [queued]>
[2025-06-11T11:45:21.273+0000] {taskinstance.py:2170} INFO - Starting attempt 2 of 2
[2025-06-11T11:45:21.363+0000] {taskinstance.py:2191} INFO - Executing <Task(TriggerDagRunOperator): load_dim_geography> on 2025-06-10 02:00:00+00:00
[2025-06-11T11:45:21.393+0000] {standard_task_runner.py:60} INFO - Started process 245 to run task
[2025-06-11T11:45:21.410+0000] {standard_task_runner.py:87} INFO - Running: ['airflow', 'tasks', 'run', 'master_etl_dag_v4', 'load_dim_geography', 'scheduled__2025-06-10T02:00:00+00:00', '--job-id', '1654', '--raw', '--subdir', 'DAGS_FOLDER/dwh/etl_pipeline.py', '--cfg-path', '/tmp/tmpd3fcgwa2']
[2025-06-11T11:45:21.418+0000] {standard_task_runner.py:88} INFO - Job 1654: Subtask load_dim_geography
[2025-06-11T11:45:21.496+0000] {logging_mixin.py:188} WARNING - /home/airflow/.local/lib/python3.10/site-packages/airflow/settings.py:194 DeprecationWarning: The sql_alchemy_conn option in [core] has been moved to the sql_alchemy_conn option in [database] - the old setting has been used, but please update your config.
[2025-06-11T11:45:21.729+0000] {task_command.py:423} INFO - Running <TaskInstance: master_etl_dag_v4.load_dim_geography scheduled__2025-06-10T02:00:00+00:00 [running]> on host 8b0a421f0af7
[2025-06-11T11:45:22.206+0000] {taskinstance.py:2480} INFO - Exporting env vars: AIRFLOW_CTX_DAG_OWNER='data_team' AIRFLOW_CTX_DAG_ID='master_etl_dag_v4' AIRFLOW_CTX_TASK_ID='load_dim_geography' AIRFLOW_CTX_EXECUTION_DATE='2025-06-10T02:00:00+00:00' AIRFLOW_CTX_TRY_NUMBER='2' AIRFLOW_CTX_DAG_RUN_ID='scheduled__2025-06-10T02:00:00+00:00'
[2025-06-11T11:45:22.956+0000] {trigger_dagrun.py:210} INFO - Waiting for geography_to_snowflake on 2025-06-11 11:45:22.208062+00:00 to become allowed state ['success'] ...
[2025-06-11T11:45:53.101+0000] {trigger_dagrun.py:210} INFO - Waiting for geography_to_snowflake on 2025-06-11 11:45:22.208062+00:00 to become allowed state ['success'] ...
[2025-06-11T11:46:23.237+0000] {trigger_dagrun.py:210} INFO - Waiting for geography_to_snowflake on 2025-06-11 11:45:22.208062+00:00 to become allowed state ['success'] ...
[2025-06-11T11:46:53.377+0000] {trigger_dagrun.py:210} INFO - Waiting for geography_to_snowflake on 2025-06-11 11:45:22.208062+00:00 to become allowed state ['success'] ...
[2025-06-11T11:47:23.506+0000] {trigger_dagrun.py:210} INFO - Waiting for geography_to_snowflake on 2025-06-11 11:45:22.208062+00:00 to become allowed state ['success'] ...
[2025-06-11T11:47:53.587+0000] {trigger_dagrun.py:210} INFO - Waiting for geography_to_snowflake on 2025-06-11 11:45:22.208062+00:00 to become allowed state ['success'] ...
[2025-06-11T11:48:23.651+0000] {trigger_dagrun.py:223} INFO - geography_to_snowflake finished with allowed state success
[2025-06-11T11:48:23.829+0000] {taskinstance.py:1138} INFO - Marking task as SUCCESS. dag_id=master_etl_dag_v4, task_id=load_dim_geography, execution_date=20250610T020000, start_date=20250611T114521, end_date=20250611T114823
[2025-06-11T11:48:24.054+0000] {local_task_job_runner.py:234} INFO - Task exited with return code 0
[2025-06-11T11:48:24.554+0000] {taskinstance.py:3280} INFO - 0 downstream tasks scheduled from follow-on schedule check
[2025-06-11T14:51:14.856+0000] {taskinstance.py:1956} INFO - Dependencies all met for dep_context=non-requeueable deps ti=<TaskInstance: master_etl_dag_v4.load_dim_geography scheduled__2025-06-10T02:00:00+00:00 [queued]>
[2025-06-11T14:51:14.901+0000] {taskinstance.py:1956} INFO - Dependencies all met for dep_context=requeueable deps ti=<TaskInstance: master_etl_dag_v4.load_dim_geography scheduled__2025-06-10T02:00:00+00:00 [queued]>
[2025-06-11T14:51:14.901+0000] {taskinstance.py:2170} INFO - Starting attempt 2 of 2
[2025-06-11T14:51:15.075+0000] {taskinstance.py:2191} INFO - Executing <Task(TriggerDagRunOperator): load_dim_geography> on 2025-06-10 02:00:00+00:00
[2025-06-11T14:51:15.087+0000] {standard_task_runner.py:60} INFO - Started process 271 to run task
[2025-06-11T14:51:15.104+0000] {standard_task_runner.py:87} INFO - Running: ['airflow', 'tasks', 'run', 'master_etl_dag_v4', 'load_dim_geography', 'scheduled__2025-06-10T02:00:00+00:00', '--job-id', '37', '--raw', '--subdir', 'DAGS_FOLDER/dwh/etl_pipeline.py', '--cfg-path', '/tmp/tmp64io45bq']
[2025-06-11T14:51:15.115+0000] {standard_task_runner.py:88} INFO - Job 37: Subtask load_dim_geography
[2025-06-11T14:51:15.239+0000] {logging_mixin.py:188} WARNING - /home/airflow/.local/lib/python3.10/site-packages/airflow/settings.py:194 DeprecationWarning: The sql_alchemy_conn option in [core] has been moved to the sql_alchemy_conn option in [database] - the old setting has been used, but please update your config.
[2025-06-11T14:51:15.812+0000] {task_command.py:423} INFO - Running <TaskInstance: master_etl_dag_v4.load_dim_geography scheduled__2025-06-10T02:00:00+00:00 [running]> on host 94d2ab00ac05
[2025-06-11T14:51:16.521+0000] {taskinstance.py:2480} INFO - Exporting env vars: AIRFLOW_CTX_DAG_OWNER='data_team' AIRFLOW_CTX_DAG_ID='master_etl_dag_v4' AIRFLOW_CTX_TASK_ID='load_dim_geography' AIRFLOW_CTX_EXECUTION_DATE='2025-06-10T02:00:00+00:00' AIRFLOW_CTX_TRY_NUMBER='2' AIRFLOW_CTX_DAG_RUN_ID='scheduled__2025-06-10T02:00:00+00:00'
[2025-06-11T14:51:17.261+0000] {trigger_dagrun.py:210} INFO - Waiting for geography_to_snowflake on 2025-06-11 14:51:16.522985+00:00 to become allowed state ['success'] ...
[2025-06-11T14:51:47.401+0000] {trigger_dagrun.py:210} INFO - Waiting for geography_to_snowflake on 2025-06-11 14:51:16.522985+00:00 to become allowed state ['success'] ...
[2025-06-11T14:52:17.713+0000] {trigger_dagrun.py:210} INFO - Waiting for geography_to_snowflake on 2025-06-11 14:51:16.522985+00:00 to become allowed state ['success'] ...
