[2025-06-10T19:31:26.989+0000] {taskinstance.py:1956} INFO - Dependencies all met for dep_context=non-requeueable deps ti=<TaskInstance: geography_to_snowflake.Load_geography_method manual__2025-06-10T19:31:25.352258+00:00 [queued]>
[2025-06-10T19:31:27.001+0000] {taskinstance.py:1956} INFO - Dependencies all met for dep_context=requeueable deps ti=<TaskInstance: geography_to_snowflake.Load_geography_method manual__2025-06-10T19:31:25.352258+00:00 [queued]>
[2025-06-10T19:31:27.001+0000] {taskinstance.py:2170} INFO - Starting attempt 1 of 2
[2025-06-10T19:31:27.017+0000] {taskinstance.py:2191} INFO - Executing <Task(_PythonDecoratedOperator): Load_geography_method> on 2025-06-10 19:31:25.352258+00:00
[2025-06-10T19:31:27.024+0000] {standard_task_runner.py:60} INFO - Started process 18278 to run task
[2025-06-10T19:31:27.028+0000] {standard_task_runner.py:87} INFO - Running: ['airflow', 'tasks', 'run', 'geography_to_snowflake', 'Load_geography_method', 'manual__2025-06-10T19:31:25.352258+00:00', '--job-id', '1126', '--raw', '--subdir', 'DAGS_FOLDER/star/geography.py', '--cfg-path', '/tmp/tmprwvop00j']
[2025-06-10T19:31:27.030+0000] {standard_task_runner.py:88} INFO - Job 1126: Subtask Load_geography_method
[2025-06-10T19:31:27.093+0000] {task_command.py:423} INFO - Running <TaskInstance: geography_to_snowflake.Load_geography_method manual__2025-06-10T19:31:25.352258+00:00 [running]> on host 9820768629fb
[2025-06-10T19:31:27.214+0000] {taskinstance.py:2480} INFO - Exporting env vars: AIRFLOW_CTX_DAG_OWNER='data-team' AIRFLOW_CTX_DAG_ID='geography_to_snowflake' AIRFLOW_CTX_TASK_ID='Load_geography_method' AIRFLOW_CTX_EXECUTION_DATE='2025-06-10T19:31:25.352258+00:00' AIRFLOW_CTX_TRY_NUMBER='1' AIRFLOW_CTX_DAG_RUN_ID='manual__2025-06-10T19:31:25.352258+00:00'
[2025-06-10T19:31:38.847+0000] {logging_mixin.py:188} INFO - +------------+--------------+------+-------------+-------------+-------------------+---------------+
|country_code|  country_name|region|    continent|currency_code|           timezone|gdpr_applicable|
+------------+--------------+------+-------------+-------------+-------------------+---------------+
|          US| United States|    US|North America|          USD|   America/New_York|          false|
|          CA|        Canada|    US|North America|          CAD|    America/Toronto|          false|
|          MX|        Mexico|    US|North America|          MXN|America/Mexico_City|          false|
|          GB|United Kingdom|    EU|       Europe|          GBP|      Europe/London|           true|
|          DE|       Germany|    EU|       Europe|          EUR|      Europe/Berlin|           true|
+------------+--------------+------+-------------+-------------+-------------------+---------------+
only showing top 5 rows
[2025-06-10T19:31:38.847+0000] {logging_mixin.py:188} INFO - here
[2025-06-10T19:31:59.260+0000] {logging_mixin.py:188} INFO - here
[2025-06-10T19:31:59.265+0000] {connection.py:486} INFO - Snowflake Connector for Python Version: 3.15.0, Python Version: 3.10.13, Platform: Linux-6.11.0-26-generic-x86_64-with-glibc2.36
[2025-06-10T19:31:59.267+0000] {connection.py:1391} INFO - Connecting to GLOBAL Snowflake domain
[2025-06-10T19:32:03.099+0000] {logging_mixin.py:188} INFO - Error processing geography data: 001003 (42000): 01bcf134-0305-9437-0008-654b0012d586: SQL compilation error:
syntax error line 1 at position 6 unexpected 'STAR'.
[2025-06-10T19:32:03.100+0000] {taskinstance.py:2698} ERROR - Task failed with exception
Traceback (most recent call last):
  File "/home/airflow/.local/lib/python3.10/site-packages/airflow/models/taskinstance.py", line 433, in _execute_task
    result = execute_callable(context=context, **execute_callable_kwargs)
  File "/home/airflow/.local/lib/python3.10/site-packages/airflow/decorators/base.py", line 241, in execute
    return_value = super().execute(context)
  File "/home/airflow/.local/lib/python3.10/site-packages/airflow/operators/python.py", line 199, in execute
    return_value = self.execute_callable()
  File "/home/airflow/.local/lib/python3.10/site-packages/airflow/operators/python.py", line 216, in execute_callable
    return self.python_callable(*self.op_args, **self.op_kwargs)
  File "/opt/airflow/dags/star/geography.py", line 61, in Load_geography_method
    raise e
  File "/opt/airflow/dags/star/geography.py", line 56, in Load_geography_method
    upsert_geography_from_csv_spark('/opt/airflow/data/lookup/geography.csv')
  File "/opt/airflow/scripts/star_load/geography.py", line 94, in upsert_geography_from_csv_spark
    cur.execute(merge_sql)
  File "/home/airflow/.local/lib/python3.10/site-packages/snowflake/connector/cursor.py", line 1134, in execute
    Error.errorhandler_wrapper(self.connection, self, error_class, errvalue)
  File "/home/airflow/.local/lib/python3.10/site-packages/snowflake/connector/errors.py", line 279, in errorhandler_wrapper
    handed_over = Error.hand_to_other_handler(
  File "/home/airflow/.local/lib/python3.10/site-packages/snowflake/connector/errors.py", line 334, in hand_to_other_handler
    cursor.errorhandler(connection, cursor, error_class, error_value)
  File "/home/airflow/.local/lib/python3.10/site-packages/snowflake/connector/errors.py", line 210, in default_errorhandler
    raise error_class(
snowflake.connector.errors.ProgrammingError: 001003 (42000): 01bcf134-0305-9437-0008-654b0012d586: SQL compilation error:
syntax error line 1 at position 6 unexpected 'STAR'.
[2025-06-10T19:32:03.125+0000] {taskinstance.py:1138} INFO - Marking task as UP_FOR_RETRY. dag_id=geography_to_snowflake, task_id=Load_geography_method, execution_date=20250610T193125, start_date=20250610T193126, end_date=20250610T193203
[2025-06-10T19:32:03.172+0000] {standard_task_runner.py:107} ERROR - Failed to execute job 1126 for task Load_geography_method (001003 (42000): 01bcf134-0305-9437-0008-654b0012d586: SQL compilation error:
syntax error line 1 at position 6 unexpected 'STAR'.; 18278)
[2025-06-10T19:32:03.211+0000] {local_task_job_runner.py:234} INFO - Task exited with return code 1
[2025-06-10T19:32:03.273+0000] {taskinstance.py:3280} INFO - 0 downstream tasks scheduled from follow-on schedule check
