[2025-06-10T19:33:04.674+0000] {taskinstance.py:1956} INFO - Dependencies all met for dep_context=non-requeueable deps ti=<TaskInstance: geography_to_snowflake.Load_geography_method manual__2025-06-10T19:31:25.352258+00:00 [queued]>
[2025-06-10T19:33:04.680+0000] {taskinstance.py:1956} INFO - Dependencies all met for dep_context=requeueable deps ti=<TaskInstance: geography_to_snowflake.Load_geography_method manual__2025-06-10T19:31:25.352258+00:00 [queued]>
[2025-06-10T19:33:04.680+0000] {taskinstance.py:2170} INFO - Starting attempt 2 of 2
[2025-06-10T19:33:04.691+0000] {taskinstance.py:2191} INFO - Executing <Task(_PythonDecoratedOperator): Load_geography_method> on 2025-06-10 19:31:25.352258+00:00
[2025-06-10T19:33:04.696+0000] {standard_task_runner.py:60} INFO - Started process 18961 to run task
[2025-06-10T19:33:04.698+0000] {standard_task_runner.py:87} INFO - Running: ['airflow', 'tasks', 'run', 'geography_to_snowflake', 'Load_geography_method', 'manual__2025-06-10T19:31:25.352258+00:00', '--job-id', '1127', '--raw', '--subdir', 'DAGS_FOLDER/star/geography.py', '--cfg-path', '/tmp/tmplqoa4amw']
[2025-06-10T19:33:04.700+0000] {standard_task_runner.py:88} INFO - Job 1127: Subtask Load_geography_method
[2025-06-10T19:33:04.750+0000] {task_command.py:423} INFO - Running <TaskInstance: geography_to_snowflake.Load_geography_method manual__2025-06-10T19:31:25.352258+00:00 [running]> on host 9820768629fb
[2025-06-10T19:33:04.836+0000] {taskinstance.py:2480} INFO - Exporting env vars: AIRFLOW_CTX_DAG_OWNER='data-team' AIRFLOW_CTX_DAG_ID='geography_to_snowflake' AIRFLOW_CTX_TASK_ID='Load_geography_method' AIRFLOW_CTX_EXECUTION_DATE='2025-06-10T19:31:25.352258+00:00' AIRFLOW_CTX_TRY_NUMBER='2' AIRFLOW_CTX_DAG_RUN_ID='manual__2025-06-10T19:31:25.352258+00:00'
[2025-06-10T19:33:28.697+0000] {connection.py:486} INFO - Snowflake Connector for Python Version: 3.15.0, Python Version: 3.10.13, Platform: Linux-6.11.0-26-generic-x86_64-with-glibc2.36
[2025-06-10T19:33:28.699+0000] {connection.py:1391} INFO - Connecting to GLOBAL Snowflake domain
[2025-06-10T19:33:30.858+0000] {logging_mixin.py:188} INFO - Error processing geography data: 001003 (42000): 01bcf135-0305-9448-0008-654b0011f206: SQL compilation error:
syntax error line 1 at position 6 unexpected 'STAR'.
[2025-06-10T19:33:30.858+0000] {taskinstance.py:2698} ERROR - Task failed with exception
Traceback (most recent call last):
  File "/home/airflow/.local/lib/python3.10/site-packages/airflow/models/taskinstance.py", line 433, in _execute_task
    result = execute_callable(context=context, **execute_callable_kwargs)
  File "/home/airflow/.local/lib/python3.10/site-packages/airflow/decorators/base.py", line 241, in execute
    return_value = super().execute(context)
  File "/home/airflow/.local/lib/python3.10/site-packages/airflow/operators/python.py", line 199, in execute
    return_value = self.execute_callable()
  File "/home/airflow/.local/lib/python3.10/site-packages/airflow/operators/python.py", line 216, in execute_callable
    return self.python_callable(*self.op_args, **self.op_kwargs)
  File "/opt/airflow/dags/star/geography.py", line 61, in Load_geography_method
    raise e
  File "/opt/airflow/dags/star/geography.py", line 56, in Load_geography_method
    upsert_geography_from_csv_spark('/opt/airflow/data/lookup/geography.csv')
  File "/opt/airflow/scripts/star_load/geography.py", line 93, in upsert_geography_from_csv_spark
    cur.execute(merge_sql)
  File "/home/airflow/.local/lib/python3.10/site-packages/snowflake/connector/cursor.py", line 1134, in execute
    Error.errorhandler_wrapper(self.connection, self, error_class, errvalue)
  File "/home/airflow/.local/lib/python3.10/site-packages/snowflake/connector/errors.py", line 279, in errorhandler_wrapper
    handed_over = Error.hand_to_other_handler(
  File "/home/airflow/.local/lib/python3.10/site-packages/snowflake/connector/errors.py", line 334, in hand_to_other_handler
    cursor.errorhandler(connection, cursor, error_class, error_value)
  File "/home/airflow/.local/lib/python3.10/site-packages/snowflake/connector/errors.py", line 210, in default_errorhandler
    raise error_class(
snowflake.connector.errors.ProgrammingError: 001003 (42000): 01bcf135-0305-9448-0008-654b0011f206: SQL compilation error:
syntax error line 1 at position 6 unexpected 'STAR'.
[2025-06-10T19:33:30.870+0000] {taskinstance.py:1138} INFO - Marking task as FAILED. dag_id=geography_to_snowflake, task_id=Load_geography_method, execution_date=20250610T193125, start_date=20250610T193304, end_date=20250610T193330
[2025-06-10T19:33:30.885+0000] {standard_task_runner.py:107} ERROR - Failed to execute job 1127 for task Load_geography_method (001003 (42000): 01bcf135-0305-9448-0008-654b0011f206: SQL compilation error:
syntax error line 1 at position 6 unexpected 'STAR'.; 18961)
[2025-06-10T19:33:30.912+0000] {local_task_job_runner.py:234} INFO - Task exited with return code 1
[2025-06-10T19:33:30.934+0000] {taskinstance.py:3280} INFO - 0 downstream tasks scheduled from follow-on schedule check
