[2025-06-11T12:52:36.849+0000] {taskinstance.py:1956} INFO - Dependencies all met for dep_context=non-requeueable deps ti=<TaskInstance: multi_region_transform_staging_v2.process_region_eu.process_categories_eu manual__2025-06-11T12:44:00.486599+00:00 [queued]>
[2025-06-11T12:52:36.871+0000] {taskinstance.py:1956} INFO - Dependencies all met for dep_context=requeueable deps ti=<TaskInstance: multi_region_transform_staging_v2.process_region_eu.process_categories_eu manual__2025-06-11T12:44:00.486599+00:00 [queued]>
[2025-06-11T12:52:36.872+0000] {taskinstance.py:2170} INFO - Starting attempt 2 of 2
[2025-06-11T12:52:36.945+0000] {taskinstance.py:2191} INFO - Executing <Task(_PythonDecoratedOperator): process_region_eu.process_categories_eu> on 2025-06-11 12:44:00.486599+00:00
[2025-06-11T12:52:36.968+0000] {standard_task_runner.py:60} INFO - Started process 1044 to run task
[2025-06-11T12:52:36.968+0000] {clientserver.py:543} INFO - Closing down clientserver connection
[2025-06-11T12:52:36.981+0000] {standard_task_runner.py:87} INFO - Running: ['airflow', 'tasks', 'run', 'multi_region_transform_staging_v2', 'process_region_eu.process_categories_eu', 'manual__2025-06-11T12:44:00.486599+00:00', '--job-id', '1784', '--raw', '--subdir', 'DAGS_FOLDER/master_dag.py', '--cfg-path', '/tmp/tmp7rbuselg']
[2025-06-11T12:52:36.984+0000] {standard_task_runner.py:88} INFO - Job 1784: Subtask process_region_eu.process_categories_eu
[2025-06-11T12:52:37.176+0000] {task_command.py:423} INFO - Running <TaskInstance: multi_region_transform_staging_v2.process_region_eu.process_categories_eu manual__2025-06-11T12:44:00.486599+00:00 [running]> on host e31f19e226f4
[2025-06-11T12:52:37.704+0000] {taskinstance.py:2480} INFO - Exporting env vars: AIRFLOW_CTX_DAG_OWNER='data-team' AIRFLOW_CTX_DAG_ID='multi_region_transform_staging_v2' AIRFLOW_CTX_TASK_ID='process_region_eu.process_categories_eu' AIRFLOW_CTX_EXECUTION_DATE='2025-06-11T12:44:00.486599+00:00' AIRFLOW_CTX_TRY_NUMBER='2' AIRFLOW_CTX_DAG_RUN_ID='manual__2025-06-11T12:44:00.486599+00:00'
[2025-06-11T12:52:37.849+0000] {logging_mixin.py:188} INFO - Debugggg::::Vector()
[2025-06-11T12:52:37.849+0000] {logging_mixin.py:188} INFO - Processing categories for region eu
[2025-06-11T12:52:37.926+0000] {logging_mixin.py:188} INFO - /opt/airflow/data/raw/region=eu/table=categories/load_date=2025-06-11
[2025-06-11T12:52:50.841+0000] {logging_mixin.py:188} INFO - Error processing categories for eu: An error occurred while calling o46.load.
: org.apache.spark.SparkClassNotFoundException: [DATA_SOURCE_NOT_FOUND] Failed to find the data source: snowflake. Please find packages at `https://spark.apache.org/third-party-projects.html`.
	at org.apache.spark.sql.errors.QueryExecutionErrors$.dataSourceNotFoundError(QueryExecutionErrors.scala:725)
	at org.apache.spark.sql.execution.datasources.DataSource$.lookupDataSource(DataSource.scala:647)
	at org.apache.spark.sql.execution.datasources.DataSource$.lookupDataSourceV2(DataSource.scala:697)
	at org.apache.spark.sql.DataFrameReader.load(DataFrameReader.scala:208)
	at org.apache.spark.sql.DataFrameReader.load(DataFrameReader.scala:172)
	at java.base/jdk.internal.reflect.NativeMethodAccessorImpl.invoke0(Native Method)
	at java.base/jdk.internal.reflect.NativeMethodAccessorImpl.invoke(NativeMethodAccessorImpl.java:62)
	at java.base/jdk.internal.reflect.DelegatingMethodAccessorImpl.invoke(DelegatingMethodAccessorImpl.java:43)
	at java.base/java.lang.reflect.Method.invoke(Method.java:566)
	at py4j.reflection.MethodInvoker.invoke(MethodInvoker.java:244)
	at py4j.reflection.ReflectionEngine.invoke(ReflectionEngine.java:374)
	at py4j.Gateway.invoke(Gateway.java:282)
	at py4j.commands.AbstractCommand.invokeMethod(AbstractCommand.java:132)
	at py4j.commands.CallCommand.execute(CallCommand.java:79)
	at py4j.ClientServerConnection.waitForCommands(ClientServerConnection.java:182)
	at py4j.ClientServerConnection.run(ClientServerConnection.java:106)
	at java.base/java.lang.Thread.run(Thread.java:829)
Caused by: java.lang.ClassNotFoundException: snowflake.DefaultSource
	at java.base/java.net.URLClassLoader.findClass(URLClassLoader.java:476)
	at java.base/java.lang.ClassLoader.loadClass(ClassLoader.java:594)
	at java.base/java.lang.ClassLoader.loadClass(ClassLoader.java:527)
	at org.apache.spark.sql.execution.datasources.DataSource$.$anonfun$lookupDataSource$5(DataSource.scala:633)
	at scala.util.Try$.apply(Try.scala:213)
	at org.apache.spark.sql.execution.datasources.DataSource$.$anonfun$lookupDataSource$4(DataSource.scala:633)
	at scala.util.Failure.orElse(Try.scala:224)
	at org.apache.spark.sql.execution.datasources.DataSource$.lookupDataSource(DataSource.scala:633)
	... 15 more
[2025-06-11T12:56:04.954+0000] {local_task_job_runner.py:302} WARNING - State of this instance has been externally set to removed. Terminating instance.
[2025-06-11T12:56:04.978+0000] {process_utils.py:131} INFO - Sending 15 to group 1044. PIDs of all processes in the group: [1044]
[2025-06-11T12:56:04.980+0000] {process_utils.py:86} INFO - Sending the signal 15 to group 1044
[2025-06-11T12:56:04.981+0000] {taskinstance.py:2450} ERROR - Received SIGTERM. Terminating subprocesses.
[2025-06-11T12:56:05.120+0000] {process_utils.py:79} INFO - Process psutil.Process(pid=1044, status='terminated', exitcode=0, started='12:52:36') (1044) terminated with exit code 0
