[2025-06-11T02:35:36.464+0000] {taskinstance.py:1956} INFO - Dependencies all met for dep_context=non-requeueable deps ti=<TaskInstance: multi_region_to_snowflake.process_region_asia.process_customers_asia scheduled__2025-06-10T00:00:00+00:00 [queued]>
[2025-06-11T02:35:36.486+0000] {taskinstance.py:1956} INFO - Dependencies all met for dep_context=requeueable deps ti=<TaskInstance: multi_region_to_snowflake.process_region_asia.process_customers_asia scheduled__2025-06-10T00:00:00+00:00 [queued]>
[2025-06-11T02:35:36.487+0000] {taskinstance.py:2170} INFO - Starting attempt 1 of 2
[2025-06-11T02:35:36.521+0000] {taskinstance.py:2191} INFO - Executing <Task(_PythonDecoratedOperator): process_region_asia.process_customers_asia> on 2025-06-10 00:00:00+00:00
[2025-06-11T02:35:36.536+0000] {standard_task_runner.py:60} INFO - Started process 32415 to run task
[2025-06-11T02:35:36.541+0000] {standard_task_runner.py:87} INFO - Running: ['airflow', 'tasks', 'run', 'multi_region_to_snowflake', 'process_region_asia.process_customers_asia', 'scheduled__2025-06-10T00:00:00+00:00', '--job-id', '1208', '--raw', '--subdir', 'DAGS_FOLDER/master_dag.py', '--cfg-path', '/tmp/tmpii9lw40e']
[2025-06-11T02:35:36.545+0000] {standard_task_runner.py:88} INFO - Job 1208: Subtask process_region_asia.process_customers_asia
[2025-06-11T02:35:36.672+0000] {task_command.py:423} INFO - Running <TaskInstance: multi_region_to_snowflake.process_region_asia.process_customers_asia scheduled__2025-06-10T00:00:00+00:00 [running]> on host 5039a2bbff84
[2025-06-11T02:35:36.906+0000] {taskinstance.py:2480} INFO - Exporting env vars: AIRFLOW_CTX_DAG_OWNER='data-team' AIRFLOW_CTX_DAG_ID='multi_region_to_snowflake' AIRFLOW_CTX_TASK_ID='process_region_asia.process_customers_asia' AIRFLOW_CTX_EXECUTION_DATE='2025-06-10T00:00:00+00:00' AIRFLOW_CTX_TRY_NUMBER='1' AIRFLOW_CTX_DAG_RUN_ID='scheduled__2025-06-10T00:00:00+00:00'
[2025-06-11T02:35:52.994+0000] {logging_mixin.py:188} INFO - Processing customers for region asia
[2025-06-11T02:36:04.609+0000] {logging_mixin.py:188} INFO - STAGING_ASIA
[2025-06-11T02:36:22.371+0000] {logging_mixin.py:188} INFO - +-----------+--------------------+----------+---------+------------+-------------------+------+-------------------+-------------------+----------------+-------------------+-------------------+-------+--------+
|customer_id|               email|first_name|last_name|       phone|         birth_date|gender|  registration_date|         last_login|customer_segment|acquisition_channel|         created_at|_region| _source|
+-----------+--------------------+----------+---------+------------+-------------------+------+-------------------+-------------------+----------------+-------------------+-------------------+-------+--------+
|          1|tanaka.yuki@email.jp|      Yuki|   Tanaka|+81312345678|1985-04-12 00:00:00|  Male|2024-01-15 09:30:45|2024-02-20 14:25:30|         premium|            organic|2024-01-15 09:30:45|   asia|postgres|
|          2|sato.hanako@gmail...|    Hanako|     Sato|+81687654321|1990-07-22 00:00:00|Female|2024-01-16 00:00:00|2024-02-21 00:00:00|         regular|       social_media|2024-01-16 11:45:20|   asia|postgres|
|          3|suzuki.taro@yahoo...|      Taro|   Suzuki|        NULL|1982-05-15 00:00:00|  Male|2024-01-17 00:00:00|2024-02-22 00:00:00|             new|           referral|2024-01-17 13:20:35|   asia|postgres|
|          4|yamada.keiko@hotm...|     Keiko|   Yamada|        NULL|               NULL|Female|               NULL|               NULL|         regular|           paid_ads|2024-01-18 15:35:10|   asia|postgres|
|          5|watanabe.akira@ou...|     Akira| Watanabe|        NULL|1975-09-25 00:00:00|  Male|2024-01-19 00:00:00|2024-02-24 00:00:00|         premium|     email_campaign|2024-01-19 08:50:25|   asia|postgres|
|          6|                NULL|    Yumiko| Nakamura|+81356789012|1992-01-30 00:00:00|Female|2024-01-20 10:15:40|2024-02-25 15:20:35|         regular|            organic|2024-01-20 10:15:40|   asia|postgres|
|          7|                NULL|   Hiroshi|      Ito|+81667890123|1980-12-05 00:00:00|  Male|2024-01-21 00:00:00|2024-02-26 00:00:00|             new|       social_media|2024-01-21 12:30:15|   asia|postgres|
|          8|                NULL|     Ayumi|     Kato|        NULL|1987-04-10 00:00:00|Female|2024-01-22 00:00:00|2024-02-27 00:00:00|         regular|           referral|2024-01-22 14:45:30|   asia|postgres|
|          9|                NULL|   Takashi|    Saito|        NULL|               NULL|  Male|               NULL|               NULL|         premium|           paid_ads|2024-01-23 16:20:45|   asia|postgres|
|         10|                NULL|    Mizuki|Kobayashi|        NULL|1991-03-06 00:00:00|Female|2024-01-24 00:00:00|2024-02-29 00:00:00|         regular|     email_campaign|2024-01-24 09:35:20|   asia|postgres|
+-----------+--------------------+----------+---------+------------+-------------------+------+-------------------+-------------------+----------------+-------------------+-------------------+-------+--------+
only showing top 10 rows
[2025-06-11T02:36:22.372+0000] {logging_mixin.py:188} INFO - Inserting into snowflake
[2025-06-11T02:36:42.813+0000] {logging_mixin.py:188} INFO - successfully inserted in snowflake
[2025-06-11T02:36:42.843+0000] {crypto.py:82} WARNING - empty cryptography key - values will not be stored encrypted.
[2025-06-11T02:36:44.359+0000] {logging_mixin.py:188} INFO - Successfully processed 50 records for customers in asia
[2025-06-11T02:36:45.630+0000] {python.py:201} INFO - Done. Returned value was: {'region': 'asia', 'table': 'customers', 'record_count': 50, 'status': 'success'}
[2025-06-11T02:36:45.764+0000] {taskinstance.py:1138} INFO - Marking task as SUCCESS. dag_id=multi_region_to_snowflake, task_id=process_region_asia.process_customers_asia, execution_date=20250610T000000, start_date=20250611T023536, end_date=20250611T023645
[2025-06-11T02:36:45.924+0000] {local_task_job_runner.py:234} INFO - Task exited with return code 0
[2025-06-11T02:36:46.330+0000] {taskinstance.py:3280} INFO - 2 downstream tasks scheduled from follow-on schedule check
