[2025-06-09T07:32:30.642+0000] {taskinstance.py:1956} INFO - Dependencies all met for dep_context=non-requeueable deps ti=<TaskInstance: multi_region_processor_7.process_region_eu.process_cart_items_eu manual__2025-06-09T07:28:55.367695+00:00 [queued]>
[2025-06-09T07:32:30.660+0000] {taskinstance.py:1956} INFO - Dependencies all met for dep_context=requeueable deps ti=<TaskInstance: multi_region_processor_7.process_region_eu.process_cart_items_eu manual__2025-06-09T07:28:55.367695+00:00 [queued]>
[2025-06-09T07:32:30.661+0000] {taskinstance.py:2170} INFO - Starting attempt 1 of 2
[2025-06-09T07:32:30.685+0000] {taskinstance.py:2191} INFO - Executing <Task(_PythonDecoratedOperator): process_region_eu.process_cart_items_eu> on 2025-06-09 07:28:55.367695+00:00
[2025-06-09T07:32:30.693+0000] {standard_task_runner.py:60} INFO - Started process 80514 to run task
[2025-06-09T07:32:30.701+0000] {standard_task_runner.py:87} INFO - Running: ['airflow', 'tasks', 'run', 'multi_region_processor_7', 'process_region_eu.process_cart_items_eu', 'manual__2025-06-09T07:28:55.367695+00:00', '--job-id', '589', '--raw', '--subdir', 'DAGS_FOLDER/master2.py', '--cfg-path', '/tmp/tmpgrzl0sf2']
[2025-06-09T07:32:30.705+0000] {standard_task_runner.py:88} INFO - Job 589: Subtask process_region_eu.process_cart_items_eu
[2025-06-09T07:32:30.748+0000] {logging_mixin.py:188} WARNING - /home/airflow/.local/lib/python3.10/site-packages/airflow/settings.py:194 DeprecationWarning: The sql_alchemy_conn option in [core] has been moved to the sql_alchemy_conn option in [database] - the old setting has been used, but please update your config.
[2025-06-09T07:32:30.820+0000] {task_command.py:423} INFO - Running <TaskInstance: multi_region_processor_7.process_region_eu.process_cart_items_eu manual__2025-06-09T07:28:55.367695+00:00 [running]> on host afcdbcf38bc0
[2025-06-09T07:32:31.013+0000] {taskinstance.py:2480} INFO - Exporting env vars: AIRFLOW_CTX_DAG_OWNER='data-team' AIRFLOW_CTX_DAG_ID='multi_region_processor_7' AIRFLOW_CTX_TASK_ID='process_region_eu.process_cart_items_eu' AIRFLOW_CTX_EXECUTION_DATE='2025-06-09T07:28:55.367695+00:00' AIRFLOW_CTX_TRY_NUMBER='1' AIRFLOW_CTX_DAG_RUN_ID='manual__2025-06-09T07:28:55.367695+00:00'
[2025-06-09T07:32:43.732+0000] {logging_mixin.py:188} INFO - Processing cart_items for region eu
[2025-06-09T07:33:06.835+0000] {logging_mixin.py:188} INFO - +------------+-------+----------+--------+--------------+-------------------+-------------------+-------+--------+
|cart_item_id|cart_id|variant_id|quantity|unit_price_eur|           added_at|         updated_at|_region| _source|
+------------+-------+----------+--------+--------------+-------------------+-------------------+-------+--------+
|           1|      1|         2|       1|       1399.99|2025-06-08 19:22:57|2025-06-08 19:22:57|     eu|postgres|
|           2|      1|         8|       2|         29.99|2025-06-08 19:22:57|2025-06-08 19:22:57|     eu|postgres|
|           3|      2|        15|       1|       1799.99|2025-06-08 19:22:57|2025-06-08 19:22:57|     eu|postgres|
|           4|      3|        19|       1|        109.99|2025-06-08 19:22:57|2025-06-08 19:22:57|     eu|postgres|
|           5|      4|         6|       1|        399.99|2025-06-08 19:22:57|2025-06-08 19:22:57|     eu|postgres|
|           6|      5|        12|       1|        999.99|2025-06-08 19:22:57|2025-06-08 19:22:57|     eu|postgres|
|           1|      1|         2|       1|       1399.99|2025-06-08 19:22:57|2025-06-08 19:22:57|     eu|postgres|
|           2|      1|         8|       2|         29.99|2025-06-08 19:22:57|2025-06-08 19:22:57|     eu|postgres|
|           3|      2|        15|       1|       1799.99|2025-06-08 19:22:57|2025-06-08 19:22:57|     eu|postgres|
|           4|      3|        19|       1|        109.99|2025-06-08 19:22:57|2025-06-08 19:22:57|     eu|postgres|
+------------+-------+----------+--------+--------------+-------------------+-------------------+-------+--------+
only showing top 10 rows
[2025-06-09T07:33:11.786+0000] {logging_mixin.py:188} INFO - Successfully processed 12 records for cart_items in eu
[2025-06-09T07:33:11.997+0000] {python.py:201} INFO - Done. Returned value was: {'region': 'eu', 'table': 'cart_items', 'record_count': 12, 'status': 'success'}
[2025-06-09T07:33:12.060+0000] {taskinstance.py:1138} INFO - Marking task as SUCCESS. dag_id=multi_region_processor_7, task_id=process_region_eu.process_cart_items_eu, execution_date=20250609T072855, start_date=20250609T073230, end_date=20250609T073312
[2025-06-09T07:33:12.126+0000] {local_task_job_runner.py:234} INFO - Task exited with return code 0
[2025-06-09T07:33:12.247+0000] {taskinstance.py:3280} INFO - 0 downstream tasks scheduled from follow-on schedule check
