[2025-06-11T15:08:20.546+0000] {taskinstance.py:1956} INFO - Dependencies all met for dep_context=non-requeueable deps ti=<TaskInstance: multi_region_transform_staging_v2.process_region_eu.process_discounts_eu scheduled__2025-06-10T00:00:00+00:00 [queued]>
[2025-06-11T15:08:20.640+0000] {taskinstance.py:1956} INFO - Dependencies all met for dep_context=requeueable deps ti=<TaskInstance: multi_region_transform_staging_v2.process_region_eu.process_discounts_eu scheduled__2025-06-10T00:00:00+00:00 [queued]>
[2025-06-11T15:08:20.646+0000] {taskinstance.py:2170} INFO - Starting attempt 1 of 2
[2025-06-11T15:08:20.748+0000] {taskinstance.py:2191} INFO - Executing <Task(_PythonDecoratedOperator): process_region_eu.process_discounts_eu> on 2025-06-10 00:00:00+00:00
[2025-06-11T15:08:20.791+0000] {standard_task_runner.py:60} INFO - Started process 4003 to run task
[2025-06-11T15:08:20.815+0000] {standard_task_runner.py:87} INFO - Running: ['airflow', 'tasks', 'run', 'multi_region_transform_staging_v2', 'process_region_eu.process_discounts_eu', 'scheduled__2025-06-10T00:00:00+00:00', '--job-id', '86', '--raw', '--subdir', 'DAGS_FOLDER/master_dag.py', '--cfg-path', '/tmp/tmp2oyq82ip']
[2025-06-11T15:08:20.834+0000] {standard_task_runner.py:88} INFO - Job 86: Subtask process_region_eu.process_discounts_eu
[2025-06-11T15:08:21.184+0000] {task_command.py:423} INFO - Running <TaskInstance: multi_region_transform_staging_v2.process_region_eu.process_discounts_eu scheduled__2025-06-10T00:00:00+00:00 [running]> on host 94d2ab00ac05
[2025-06-11T15:08:21.623+0000] {taskinstance.py:2480} INFO - Exporting env vars: AIRFLOW_CTX_DAG_OWNER='data-team' AIRFLOW_CTX_DAG_ID='multi_region_transform_staging_v2' AIRFLOW_CTX_TASK_ID='process_region_eu.process_discounts_eu' AIRFLOW_CTX_EXECUTION_DATE='2025-06-10T00:00:00+00:00' AIRFLOW_CTX_TRY_NUMBER='1' AIRFLOW_CTX_DAG_RUN_ID='scheduled__2025-06-10T00:00:00+00:00'
[2025-06-11T15:08:56.825+0000] {logging_mixin.py:188} INFO - Debugggg::::Vector(spark://94d2ab00ac05:38609/jars/snowflake-jdbc-3.13.17.jar, spark://94d2ab00ac05:38609/jars/spark-snowflake_2.12-2.16.0-spark_3.2.jar)
[2025-06-11T15:08:56.983+0000] {logging_mixin.py:188} INFO - Processing discounts for region eu
[2025-06-11T15:08:58.046+0000] {logging_mixin.py:188} INFO - /opt/airflow/data/raw/region=eu/table=discounts/load_date=2025-06-11
[2025-06-11T15:10:29.440+0000] {logging_mixin.py:188} INFO - STAGING_EU
[2025-06-11T15:10:35.555+0000] {logging_mixin.py:188} INFO - +-----------+-------------+--------------------+-------------+--------------+--------------------+--------------------+-----------+-----------+-------------------+-------------------+---------+-------------------+-------+--------+
|discount_id|discount_code|       discount_name|discount_type|discount_value|minimum_order_amount|maximum_order_amount|usage_limit|usage_count|         start_date|           end_date|is_active|         created_at|_region| _source|
+-----------+-------------+--------------------+-------------+--------------+--------------------+--------------------+-----------+-----------+-------------------+-------------------+---------+-------------------+-------+--------+
|          1|    WELCOME10|New Customer Welcome|   percentage|          10.0|                54.0|               108.0|       1000|        234|2023-12-31 23:00:00|2024-12-31 22:59:59|        1|2025-06-11 02:14:31|     eu|postgres|
|          2|     SPRING20| Spring Sale 20% Off|   percentage|          20.0|               108.0|               216.0|        500|        156|2024-02-29 23:00:00|2024-03-31 22:59:59|        0|2025-06-11 02:14:31|     eu|postgres|
|          3|     FREESHIP|       Free Shipping|     shipping|           0.0|                81.0|  16.200000000000003|       2000|        567|2023-12-31 23:00:00|2024-12-31 22:59:59|        1|2025-06-11 02:14:31|     eu|postgres|
|          4|    SAVE50EUR|        Save 50 Euro|        fixed|          50.0|               216.0|                54.0|        300|         89|2024-01-31 23:00:00|2024-02-29 22:59:59|        0|2025-06-11 02:14:31|     eu|postgres|
|          5|BLACKFRIDAY30|Black Friday 30% Off|   percentage|          30.0|               162.0|               324.0|       1000|        678|2024-11-24 23:00:00|2024-11-29 22:59:59|        0|2025-06-11 02:14:31|     eu|postgres|
|          6|    STUDENT15|    Student Discount|   percentage|          15.0|  32.400000000000006|               162.0|          0|        123|2023-12-31 23:00:00|2024-12-31 22:59:59|        1|2025-06-11 02:14:31|     eu|postgres|
|          7|    LOYALTY25|Loyalty Member 25...|   percentage|          25.0|               108.0|               270.0|        500|        234|2023-12-31 23:00:00|2024-12-31 22:59:59|        1|2025-06-11 02:14:31|     eu|postgres|
|          8|     SUMMER15|      Summer Special|   percentage|          15.0|                86.4|  129.60000000000002|        750|        345|2024-05-31 23:00:00|2024-08-31 22:59:59|        1|2025-06-11 02:14:31|     eu|postgres|
|          9|     FIRST100| First 100 Customers|        fixed|          25.0|               108.0|                27.0|        100|        100|2023-12-31 23:00:00|2024-01-31 22:59:59|        0|2025-06-11 02:14:31|     eu|postgres|
|         10|    WEEKEND10|     Weekend Special|   percentage|          10.0|   64.80000000000001|                86.4|          0|        456|2023-12-31 23:00:00|2024-12-31 22:59:59|        1|2025-06-11 02:14:31|     eu|postgres|
+-----------+-------------+--------------------+-------------+--------------+--------------------+--------------------+-----------+-----------+-------------------+-------------------+---------+-------------------+-------+--------+
[2025-06-11T15:10:35.562+0000] {logging_mixin.py:188} INFO - Inserting into snowflake
[2025-06-11T15:10:46.676+0000] {local_task_job_runner.py:121} ERROR - Received SIGTERM. Terminating subprocesses
[2025-06-11T15:10:46.915+0000] {process_utils.py:131} INFO - Sending 15 to group 4003. PIDs of all processes in the group: [4041, 4003]
[2025-06-11T15:10:46.935+0000] {process_utils.py:86} INFO - Sending the signal 15 to group 4003
[2025-06-11T15:10:46.961+0000] {taskinstance.py:2450} ERROR - Received SIGTERM. Terminating subprocesses.
[2025-06-11T15:10:46.990+0000] {clientserver.py:538} INFO - Error while receiving.
Traceback (most recent call last):
  File "/home/airflow/.local/lib/python3.10/site-packages/py4j/clientserver.py", line 511, in send_command
    answer = smart_decode(self.stream.readline()[:-1])
  File "/usr/local/lib/python3.10/socket.py", line 705, in readinto
    return self._sock.recv_into(b)
  File "/home/airflow/.local/lib/python3.10/site-packages/airflow/models/taskinstance.py", line 2452, in signal_handler
    raise AirflowException("Task received SIGTERM signal")
airflow.exceptions.AirflowException: Task received SIGTERM signal
[2025-06-11T15:10:47.074+0000] {clientserver.py:543} INFO - Closing down clientserver connection
[2025-06-11T15:10:47.086+0000] {java_gateway.py:1055} ERROR - Exception while sending command.
Traceback (most recent call last):
  File "/home/airflow/.local/lib/python3.10/site-packages/py4j/clientserver.py", line 511, in send_command
    answer = smart_decode(self.stream.readline()[:-1])
  File "/usr/local/lib/python3.10/socket.py", line 705, in readinto
    return self._sock.recv_into(b)
  File "/home/airflow/.local/lib/python3.10/site-packages/airflow/models/taskinstance.py", line 2452, in signal_handler
    raise AirflowException("Task received SIGTERM signal")
airflow.exceptions.AirflowException: Task received SIGTERM signal

During handling of the above exception, another exception occurred:

Traceback (most recent call last):
  File "/home/airflow/.local/lib/python3.10/site-packages/py4j/java_gateway.py", line 1038, in send_command
    response = connection.send_command(command)
  File "/home/airflow/.local/lib/python3.10/site-packages/py4j/clientserver.py", line 539, in send_command
    raise Py4JNetworkError(
py4j.protocol.Py4JNetworkError: Error while sending or receiving
[2025-06-11T15:10:47.115+0000] {clientserver.py:543} INFO - Closing down clientserver connection
[2025-06-11T15:10:47.118+0000] {logging_mixin.py:188} INFO - Error processing discounts for eu: An error occurred while calling o159.save
[2025-06-11T15:10:47.528+0000] {taskinstance.py:2698} ERROR - Task failed with exception
Traceback (most recent call last):
  File "/home/airflow/.local/lib/python3.10/site-packages/airflow/models/taskinstance.py", line 433, in _execute_task
    result = execute_callable(context=context, **execute_callable_kwargs)
  File "/home/airflow/.local/lib/python3.10/site-packages/airflow/decorators/base.py", line 241, in execute
    return_value = super().execute(context)
  File "/home/airflow/.local/lib/python3.10/site-packages/airflow/operators/python.py", line 199, in execute
    return_value = self.execute_callable()
  File "/home/airflow/.local/lib/python3.10/site-packages/airflow/operators/python.py", line 216, in execute_callable
    return self.python_callable(*self.op_args, **self.op_kwargs)
  File "/opt/airflow/dags/master_dag.py", line 283, in process_table
    write_to_snowflake(
  File "/opt/airflow/dags/master_dag.py", line 273, in write_to_snowflake
    ).mode("overwrite").save()
  File "/home/airflow/.local/lib/python3.10/site-packages/pyspark/sql/readwriter.py", line 1461, in save
    self._jwrite.save()
  File "/home/airflow/.local/lib/python3.10/site-packages/py4j/java_gateway.py", line 1322, in __call__
    return_value = get_return_value(
  File "/home/airflow/.local/lib/python3.10/site-packages/pyspark/errors/exceptions/captured.py", line 179, in deco
    return f(*a, **kw)
  File "/home/airflow/.local/lib/python3.10/site-packages/py4j/protocol.py", line 334, in get_return_value
    raise Py4JError(
py4j.protocol.Py4JError: An error occurred while calling o159.save
[2025-06-11T15:10:47.862+0000] {taskinstance.py:1138} INFO - Marking task as UP_FOR_RETRY. dag_id=multi_region_transform_staging_v2, task_id=process_region_eu.process_discounts_eu, execution_date=20250610T000000, start_date=20250611T150820, end_date=20250611T151047
[2025-06-11T15:10:48.097+0000] {standard_task_runner.py:107} ERROR - Failed to execute job 86 for task process_region_eu.process_discounts_eu (An error occurred while calling o159.save; 4003)
[2025-06-11T15:10:48.148+0000] {process_utils.py:79} INFO - Process psutil.Process(pid=4003, status='terminated', exitcode=1, started='15:08:20') (4003) terminated with exit code 1
[2025-06-11T15:10:49.274+0000] {local_task_job_runner.py:121} ERROR - Received SIGTERM. Terminating subprocesses
[2025-06-11T15:10:49.276+0000] {standard_task_runner.py:175} ERROR - Job 86 was killed before it finished (likely due to running out of memory)
