[2025-06-09T07:31:45.180+0000] {taskinstance.py:1956} INFO - Dependencies all met for dep_context=non-requeueable deps ti=<TaskInstance: multi_region_processor_7.process_region_eu.process_inventory_eu manual__2025-06-09T07:28:55.367695+00:00 [queued]>
[2025-06-09T07:31:45.196+0000] {taskinstance.py:1956} INFO - Dependencies all met for dep_context=requeueable deps ti=<TaskInstance: multi_region_processor_7.process_region_eu.process_inventory_eu manual__2025-06-09T07:28:55.367695+00:00 [queued]>
[2025-06-09T07:31:45.196+0000] {taskinstance.py:2170} INFO - Starting attempt 1 of 2
[2025-06-09T07:31:45.210+0000] {taskinstance.py:2191} INFO - Executing <Task(_PythonDecoratedOperator): process_region_eu.process_inventory_eu> on 2025-06-09 07:28:55.367695+00:00
[2025-06-09T07:31:45.216+0000] {standard_task_runner.py:60} INFO - Started process 78971 to run task
[2025-06-09T07:31:45.219+0000] {standard_task_runner.py:87} INFO - Running: ['airflow', 'tasks', 'run', 'multi_region_processor_7', 'process_region_eu.process_inventory_eu', 'manual__2025-06-09T07:28:55.367695+00:00', '--job-id', '580', '--raw', '--subdir', 'DAGS_FOLDER/master2.py', '--cfg-path', '/tmp/tmpwxsu03do']
[2025-06-09T07:31:45.221+0000] {standard_task_runner.py:88} INFO - Job 580: Subtask process_region_eu.process_inventory_eu
[2025-06-09T07:31:45.243+0000] {logging_mixin.py:188} WARNING - /home/airflow/.local/lib/python3.10/site-packages/airflow/settings.py:194 DeprecationWarning: The sql_alchemy_conn option in [core] has been moved to the sql_alchemy_conn option in [database] - the old setting has been used, but please update your config.
[2025-06-09T07:31:45.297+0000] {task_command.py:423} INFO - Running <TaskInstance: multi_region_processor_7.process_region_eu.process_inventory_eu manual__2025-06-09T07:28:55.367695+00:00 [running]> on host afcdbcf38bc0
[2025-06-09T07:31:45.436+0000] {taskinstance.py:2480} INFO - Exporting env vars: AIRFLOW_CTX_DAG_OWNER='data-team' AIRFLOW_CTX_DAG_ID='multi_region_processor_7' AIRFLOW_CTX_TASK_ID='process_region_eu.process_inventory_eu' AIRFLOW_CTX_EXECUTION_DATE='2025-06-09T07:28:55.367695+00:00' AIRFLOW_CTX_TRY_NUMBER='1' AIRFLOW_CTX_DAG_RUN_ID='manual__2025-06-09T07:28:55.367695+00:00'
[2025-06-09T07:31:59.413+0000] {logging_mixin.py:188} INFO - Processing inventory for region eu
[2025-06-09T07:32:24.317+0000] {logging_mixin.py:188} INFO - +------------+----------+------------------+------------------+-----------------+-------------+-------------------+-------------------+-------+--------+
|inventory_id|variant_id|warehouse_location|quantity_available|quantity_reserved|reorder_level|  last_restocked_at|         updated_at|_region| _source|
+------------+----------+------------------+------------------+-----------------+-------------+-------------------+-------------------+-------+--------+
|           1|         1|          EU-DE-01|               150|               25|           50|2024-01-15 09:30:00|2025-06-08 19:22:57|     eu|postgres|
|           2|         2|          EU-DE-01|                75|               15|           30|2024-01-20 13:15:00|2025-06-08 19:22:57|     eu|postgres|
|           3|         3|          EU-NL-02|                45|                8|           20|2024-01-18 08:45:00|2025-06-08 19:22:57|     eu|postgres|
|           4|         4|          EU-FR-03|               200|               35|           75|2024-01-22 10:20:00|2025-06-08 19:22:57|     eu|postgres|
|           5|         5|          EU-FR-03|               120|               20|           40|2024-01-25 15:30:00|2025-06-08 19:22:57|     eu|postgres|
|           6|         6|          EU-DE-01|                85|               12|           25|2024-01-19 12:45:00|2025-06-08 19:22:57|     eu|postgres|
|           7|         7|          EU-IT-04|                65|               10|           20|2024-01-21 07:15:00|2025-06-08 19:22:57|     eu|postgres|
|           8|         8|          EU-NL-02|               300|               45|          100|2024-01-23 11:00:00|2025-06-08 19:22:57|     eu|postgres|
|           9|         9|          EU-DE-01|               180|               30|           60|2024-01-24 14:20:00|2025-06-08 19:22:57|     eu|postgres|
|          10|        10|          EU-FR-03|               220|               40|           80|2024-01-26 09:45:00|2025-06-08 19:22:57|     eu|postgres|
+------------+----------+------------------+------------------+-----------------+-------------+-------------------+-------------------+-------+--------+
only showing top 10 rows
[2025-06-09T07:32:28.344+0000] {logging_mixin.py:188} INFO - Successfully processed 40 records for inventory in eu
[2025-06-09T07:32:28.780+0000] {python.py:201} INFO - Done. Returned value was: {'region': 'eu', 'table': 'inventory', 'record_count': 40, 'status': 'success'}
[2025-06-09T07:32:28.890+0000] {taskinstance.py:1138} INFO - Marking task as SUCCESS. dag_id=multi_region_processor_7, task_id=process_region_eu.process_inventory_eu, execution_date=20250609T072855, start_date=20250609T073145, end_date=20250609T073228
[2025-06-09T07:32:29.008+0000] {local_task_job_runner.py:234} INFO - Task exited with return code 0
[2025-06-09T07:32:29.266+0000] {taskinstance.py:3280} INFO - 0 downstream tasks scheduled from follow-on schedule check
