[2025-06-04T20:27:53.482+0000] {taskinstance.py:1956} INFO - Dependencies all met for dep_context=non-requeueable deps ti=<TaskInstance: schema_evolution_framework.run_schema_evolution manual__2025-06-04T20:27:47+00:00 [queued]>
[2025-06-04T20:27:53.488+0000] {taskinstance.py:1956} INFO - Dependencies all met for dep_context=requeueable deps ti=<TaskInstance: schema_evolution_framework.run_schema_evolution manual__2025-06-04T20:27:47+00:00 [queued]>
[2025-06-04T20:27:53.488+0000] {taskinstance.py:2170} INFO - Starting attempt 1 of 2
[2025-06-04T20:27:53.499+0000] {taskinstance.py:2191} INFO - Executing <Task(BashOperator): run_schema_evolution> on 2025-06-04 20:27:47+00:00
[2025-06-04T20:27:53.505+0000] {standard_task_runner.py:60} INFO - Started process 7331 to run task
[2025-06-04T20:27:53.509+0000] {standard_task_runner.py:87} INFO - Running: ['airflow', 'tasks', 'run', 'schema_evolution_framework', 'run_schema_evolution', 'manual__2025-06-04T20:27:47+00:00', '--job-id', '71', '--raw', '--subdir', 'DAGS_FOLDER/schema_drift/schema_drift.py', '--cfg-path', '/tmp/tmp2065v7wc']
[2025-06-04T20:27:53.510+0000] {standard_task_runner.py:88} INFO - Job 71: Subtask run_schema_evolution
[2025-06-04T20:27:53.526+0000] {logging_mixin.py:188} WARNING - /home/airflow/.local/lib/python3.10/site-packages/airflow/settings.py:194 DeprecationWarning: The sql_alchemy_conn option in [core] has been moved to the sql_alchemy_conn option in [database] - the old setting has been used, but please update your config.
[2025-06-04T20:27:53.568+0000] {task_command.py:423} INFO - Running <TaskInstance: schema_evolution_framework.run_schema_evolution manual__2025-06-04T20:27:47+00:00 [running]> on host d21a88c59131
[2025-06-04T20:27:53.672+0000] {taskinstance.py:2480} INFO - Exporting env vars: AIRFLOW_CTX_DAG_OWNER='airflow' AIRFLOW_CTX_DAG_ID='schema_evolution_framework' AIRFLOW_CTX_TASK_ID='run_schema_evolution' AIRFLOW_CTX_EXECUTION_DATE='2025-06-04T20:27:47+00:00' AIRFLOW_CTX_TRY_NUMBER='1' AIRFLOW_CTX_DAG_RUN_ID='manual__2025-06-04T20:27:47+00:00'
[2025-06-04T20:27:53.674+0000] {subprocess.py:63} INFO - Tmp dir root location: /tmp
[2025-06-04T20:27:53.675+0000] {subprocess.py:75} INFO - Running command: ['/usr/bin/bash', '-c', 'spark-submit /opt/airflow/scripts/pyspark_jobs/schema_evolution.py --region asia --table customers --load_date 2025-06-05']
[2025-06-04T20:27:53.688+0000] {subprocess.py:86} INFO - Output:
[2025-06-04T20:27:56.504+0000] {subprocess.py:93} INFO - 25/06/04 20:27:56 INFO SparkContext: Running Spark version 3.5.6
[2025-06-04T20:27:56.507+0000] {subprocess.py:93} INFO - 25/06/04 20:27:56 INFO SparkContext: OS info Linux, 6.11.0-26-generic, amd64
[2025-06-04T20:27:56.507+0000] {subprocess.py:93} INFO - 25/06/04 20:27:56 INFO SparkContext: Java version 11.0.24
[2025-06-04T20:27:56.581+0000] {subprocess.py:93} INFO - 25/06/04 20:27:56 WARN NativeCodeLoader: Unable to load native-hadoop library for your platform... using builtin-java classes where applicable
[2025-06-04T20:27:56.675+0000] {subprocess.py:93} INFO - 25/06/04 20:27:56 INFO ResourceUtils: ==============================================================
[2025-06-04T20:27:56.676+0000] {subprocess.py:93} INFO - 25/06/04 20:27:56 INFO ResourceUtils: No custom resources configured for spark.driver.
[2025-06-04T20:27:56.677+0000] {subprocess.py:93} INFO - 25/06/04 20:27:56 INFO ResourceUtils: ==============================================================
[2025-06-04T20:27:56.677+0000] {subprocess.py:93} INFO - 25/06/04 20:27:56 INFO SparkContext: Submitted application: Schema Evolution Framework
[2025-06-04T20:27:56.703+0000] {subprocess.py:93} INFO - 25/06/04 20:27:56 INFO ResourceProfile: Default ResourceProfile created, executor resources: Map(cores -> name: cores, amount: 1, script: , vendor: , memory -> name: memory, amount: 1024, script: , vendor: , offHeap -> name: offHeap, amount: 0, script: , vendor: ), task resources: Map(cpus -> name: cpus, amount: 1.0)
[2025-06-04T20:27:56.718+0000] {subprocess.py:93} INFO - 25/06/04 20:27:56 INFO ResourceProfile: Limiting resource is cpu
[2025-06-04T20:27:56.719+0000] {subprocess.py:93} INFO - 25/06/04 20:27:56 INFO ResourceProfileManager: Added ResourceProfile id: 0
[2025-06-04T20:27:56.786+0000] {subprocess.py:93} INFO - 25/06/04 20:27:56 INFO SecurityManager: Changing view acls to: airflow
[2025-06-04T20:27:56.787+0000] {subprocess.py:93} INFO - 25/06/04 20:27:56 INFO SecurityManager: Changing modify acls to: airflow
[2025-06-04T20:27:56.787+0000] {subprocess.py:93} INFO - 25/06/04 20:27:56 INFO SecurityManager: Changing view acls groups to:
[2025-06-04T20:27:56.788+0000] {subprocess.py:93} INFO - 25/06/04 20:27:56 INFO SecurityManager: Changing modify acls groups to:
[2025-06-04T20:27:56.788+0000] {subprocess.py:93} INFO - 25/06/04 20:27:56 INFO SecurityManager: SecurityManager: authentication disabled; ui acls disabled; users with view permissions: airflow; groups with view permissions: EMPTY; users with modify permissions: airflow; groups with modify permissions: EMPTY
[2025-06-04T20:27:57.042+0000] {subprocess.py:93} INFO - 25/06/04 20:27:57 INFO Utils: Successfully started service 'sparkDriver' on port 46201.
[2025-06-04T20:27:57.075+0000] {subprocess.py:93} INFO - 25/06/04 20:27:57 INFO SparkEnv: Registering MapOutputTracker
[2025-06-04T20:27:57.109+0000] {subprocess.py:93} INFO - 25/06/04 20:27:57 INFO SparkEnv: Registering BlockManagerMaster
[2025-06-04T20:27:57.131+0000] {subprocess.py:93} INFO - 25/06/04 20:27:57 INFO BlockManagerMasterEndpoint: Using org.apache.spark.storage.DefaultTopologyMapper for getting topology information
[2025-06-04T20:27:57.132+0000] {subprocess.py:93} INFO - 25/06/04 20:27:57 INFO BlockManagerMasterEndpoint: BlockManagerMasterEndpoint up
[2025-06-04T20:27:57.135+0000] {subprocess.py:93} INFO - 25/06/04 20:27:57 INFO SparkEnv: Registering BlockManagerMasterHeartbeat
[2025-06-04T20:27:57.159+0000] {subprocess.py:93} INFO - 25/06/04 20:27:57 INFO DiskBlockManager: Created local directory at /tmp/blockmgr-b69d3972-2851-4efc-9a9d-533d614c0f66
[2025-06-04T20:27:57.174+0000] {subprocess.py:93} INFO - 25/06/04 20:27:57 INFO MemoryStore: MemoryStore started with capacity 434.4 MiB
[2025-06-04T20:27:57.189+0000] {subprocess.py:93} INFO - 25/06/04 20:27:57 INFO SparkEnv: Registering OutputCommitCoordinator
[2025-06-04T20:27:57.344+0000] {subprocess.py:93} INFO - 25/06/04 20:27:57 INFO JettyUtils: Start Jetty 0.0.0.0:4040 for SparkUI
[2025-06-04T20:27:57.404+0000] {subprocess.py:93} INFO - 25/06/04 20:27:57 INFO Utils: Successfully started service 'SparkUI' on port 4040.
[2025-06-04T20:27:57.494+0000] {subprocess.py:93} INFO - 25/06/04 20:27:57 INFO Executor: Starting executor ID driver on host d21a88c59131
[2025-06-04T20:27:57.495+0000] {subprocess.py:93} INFO - 25/06/04 20:27:57 INFO Executor: OS info Linux, 6.11.0-26-generic, amd64
[2025-06-04T20:27:57.495+0000] {subprocess.py:93} INFO - 25/06/04 20:27:57 INFO Executor: Java version 11.0.24
[2025-06-04T20:27:57.502+0000] {subprocess.py:93} INFO - 25/06/04 20:27:57 INFO Executor: Starting executor with user classpath (userClassPathFirst = false): ''
[2025-06-04T20:27:57.503+0000] {subprocess.py:93} INFO - 25/06/04 20:27:57 INFO Executor: Created or updated repl class loader org.apache.spark.util.MutableURLClassLoader@38958716 for default.
[2025-06-04T20:27:57.527+0000] {subprocess.py:93} INFO - 25/06/04 20:27:57 INFO Utils: Successfully started service 'org.apache.spark.network.netty.NettyBlockTransferService' on port 43987.
[2025-06-04T20:27:57.528+0000] {subprocess.py:93} INFO - 25/06/04 20:27:57 INFO NettyBlockTransferService: Server created on d21a88c59131:43987
[2025-06-04T20:27:57.530+0000] {subprocess.py:93} INFO - 25/06/04 20:27:57 INFO BlockManager: Using org.apache.spark.storage.RandomBlockReplicationPolicy for block replication policy
[2025-06-04T20:27:57.539+0000] {subprocess.py:93} INFO - 25/06/04 20:27:57 INFO BlockManagerMaster: Registering BlockManager BlockManagerId(driver, d21a88c59131, 43987, None)
[2025-06-04T20:27:57.543+0000] {subprocess.py:93} INFO - 25/06/04 20:27:57 INFO BlockManagerMasterEndpoint: Registering block manager d21a88c59131:43987 with 434.4 MiB RAM, BlockManagerId(driver, d21a88c59131, 43987, None)
[2025-06-04T20:27:57.546+0000] {subprocess.py:93} INFO - 25/06/04 20:27:57 INFO BlockManagerMaster: Registered BlockManager BlockManagerId(driver, d21a88c59131, 43987, None)
[2025-06-04T20:27:57.547+0000] {subprocess.py:93} INFO - 25/06/04 20:27:57 INFO BlockManager: Initialized BlockManager: BlockManagerId(driver, d21a88c59131, 43987, None)
[2025-06-04T20:27:57.953+0000] {subprocess.py:93} INFO - 25/06/04 20:27:57 INFO SharedState: Setting hive.metastore.warehouse.dir ('null') to the value of spark.sql.warehouse.dir.
[2025-06-04T20:27:57.958+0000] {subprocess.py:93} INFO - 25/06/04 20:27:57 INFO SharedState: Warehouse path is 'file:/tmp/airflowtmpqmzfh2ub/spark-warehouse'.
[2025-06-04T20:27:58.845+0000] {subprocess.py:93} INFO - 25/06/04 20:27:58 INFO InMemoryFileIndex: It took 49 ms to list leaf files for 1 paths.
[2025-06-04T20:27:59.307+0000] {subprocess.py:93} INFO - 25/06/04 20:27:59 INFO SparkContext: Starting job: parquet at NativeMethodAccessorImpl.java:0
[2025-06-04T20:27:59.323+0000] {subprocess.py:93} INFO - 25/06/04 20:27:59 INFO DAGScheduler: Got job 0 (parquet at NativeMethodAccessorImpl.java:0) with 1 output partitions
[2025-06-04T20:27:59.323+0000] {subprocess.py:93} INFO - 25/06/04 20:27:59 INFO DAGScheduler: Final stage: ResultStage 0 (parquet at NativeMethodAccessorImpl.java:0)
[2025-06-04T20:27:59.323+0000] {subprocess.py:93} INFO - 25/06/04 20:27:59 INFO DAGScheduler: Parents of final stage: List()
[2025-06-04T20:27:59.324+0000] {subprocess.py:93} INFO - 25/06/04 20:27:59 INFO DAGScheduler: Missing parents: List()
[2025-06-04T20:27:59.328+0000] {subprocess.py:93} INFO - 25/06/04 20:27:59 INFO DAGScheduler: Submitting ResultStage 0 (MapPartitionsRDD[1] at parquet at NativeMethodAccessorImpl.java:0), which has no missing parents
[2025-06-04T20:27:59.393+0000] {subprocess.py:93} INFO - 25/06/04 20:27:59 INFO MemoryStore: Block broadcast_0 stored as values in memory (estimated size 103.3 KiB, free 434.3 MiB)
[2025-06-04T20:27:59.425+0000] {subprocess.py:93} INFO - 25/06/04 20:27:59 INFO MemoryStore: Block broadcast_0_piece0 stored as bytes in memory (estimated size 37.3 KiB, free 434.3 MiB)
[2025-06-04T20:27:59.427+0000] {subprocess.py:93} INFO - 25/06/04 20:27:59 INFO BlockManagerInfo: Added broadcast_0_piece0 in memory on d21a88c59131:43987 (size: 37.3 KiB, free: 434.4 MiB)
[2025-06-04T20:27:59.430+0000] {subprocess.py:93} INFO - 25/06/04 20:27:59 INFO SparkContext: Created broadcast 0 from broadcast at DAGScheduler.scala:1611
[2025-06-04T20:27:59.445+0000] {subprocess.py:93} INFO - 25/06/04 20:27:59 INFO DAGScheduler: Submitting 1 missing tasks from ResultStage 0 (MapPartitionsRDD[1] at parquet at NativeMethodAccessorImpl.java:0) (first 15 tasks are for partitions Vector(0))
[2025-06-04T20:27:59.445+0000] {subprocess.py:93} INFO - 25/06/04 20:27:59 INFO TaskSchedulerImpl: Adding task set 0.0 with 1 tasks resource profile 0
[2025-06-04T20:27:59.493+0000] {subprocess.py:93} INFO - 25/06/04 20:27:59 INFO TaskSetManager: Starting task 0.0 in stage 0.0 (TID 0) (d21a88c59131, executor driver, partition 0, PROCESS_LOCAL, 9237 bytes)
[2025-06-04T20:27:59.505+0000] {subprocess.py:93} INFO - 25/06/04 20:27:59 INFO Executor: Running task 0.0 in stage 0.0 (TID 0)
[2025-06-04T20:27:59.918+0000] {subprocess.py:93} INFO - 25/06/04 20:27:59 INFO Executor: Finished task 0.0 in stage 0.0 (TID 0). 3137 bytes result sent to driver
[2025-06-04T20:27:59.931+0000] {subprocess.py:93} INFO - 25/06/04 20:27:59 INFO TaskSetManager: Finished task 0.0 in stage 0.0 (TID 0) in 457 ms on d21a88c59131 (executor driver) (1/1)
[2025-06-04T20:27:59.934+0000] {subprocess.py:93} INFO - 25/06/04 20:27:59 INFO TaskSchedulerImpl: Removed TaskSet 0.0, whose tasks have all completed, from pool
[2025-06-04T20:27:59.943+0000] {subprocess.py:93} INFO - 25/06/04 20:27:59 INFO DAGScheduler: ResultStage 0 (parquet at NativeMethodAccessorImpl.java:0) finished in 0.602 s
[2025-06-04T20:27:59.947+0000] {subprocess.py:93} INFO - 25/06/04 20:27:59 INFO DAGScheduler: Job 0 is finished. Cancelling potential speculative or zombie tasks for this job
[2025-06-04T20:27:59.947+0000] {subprocess.py:93} INFO - 25/06/04 20:27:59 INFO TaskSchedulerImpl: Killing all running tasks in stage 0: Stage finished
[2025-06-04T20:27:59.950+0000] {subprocess.py:93} INFO - 25/06/04 20:27:59 INFO DAGScheduler: Job 0 finished: parquet at NativeMethodAccessorImpl.java:0, took 0.641961 s
[2025-06-04T20:28:00.284+0000] {subprocess.py:93} INFO - 25/06/04 20:28:00 INFO BlockManagerInfo: Removed broadcast_0_piece0 on d21a88c59131:43987 in memory (size: 37.3 KiB, free: 434.4 MiB)
[2025-06-04T20:28:00.622+0000] {subprocess.py:93} INFO - Schema evolution detected for customers. Updated to version 4.
[2025-06-04T20:28:01.607+0000] {subprocess.py:93} INFO - 25/06/04 20:28:01 INFO FileSourceStrategy: Pushed Filters:
[2025-06-04T20:28:01.608+0000] {subprocess.py:93} INFO - 25/06/04 20:28:01 INFO FileSourceStrategy: Post-Scan Filters:
[2025-06-04T20:28:01.696+0000] {subprocess.py:93} INFO - 25/06/04 20:28:01 INFO ParquetUtils: Using default output committer for Parquet: org.apache.parquet.hadoop.ParquetOutputCommitter
[2025-06-04T20:28:01.711+0000] {subprocess.py:93} INFO - 25/06/04 20:28:01 INFO FileOutputCommitter: File Output Committer Algorithm version is 1
[2025-06-04T20:28:01.711+0000] {subprocess.py:93} INFO - 25/06/04 20:28:01 INFO FileOutputCommitter: FileOutputCommitter skip cleanup _temporary folders under output directory:false, ignore cleanup failures: false
[2025-06-04T20:28:01.712+0000] {subprocess.py:93} INFO - 25/06/04 20:28:01 INFO SQLHadoopMapReduceCommitProtocol: Using user defined output committer class org.apache.parquet.hadoop.ParquetOutputCommitter
[2025-06-04T20:28:01.712+0000] {subprocess.py:93} INFO - 25/06/04 20:28:01 INFO FileOutputCommitter: File Output Committer Algorithm version is 1
[2025-06-04T20:28:01.712+0000] {subprocess.py:93} INFO - 25/06/04 20:28:01 INFO FileOutputCommitter: FileOutputCommitter skip cleanup _temporary folders under output directory:false, ignore cleanup failures: false
[2025-06-04T20:28:01.713+0000] {subprocess.py:93} INFO - 25/06/04 20:28:01 INFO SQLHadoopMapReduceCommitProtocol: Using output committer class org.apache.parquet.hadoop.ParquetOutputCommitter
[2025-06-04T20:28:02.086+0000] {subprocess.py:93} INFO - 25/06/04 20:28:02 INFO CodeGenerator: Code generated in 280.277789 ms
[2025-06-04T20:28:02.099+0000] {subprocess.py:93} INFO - 25/06/04 20:28:02 INFO MemoryStore: Block broadcast_1 stored as values in memory (estimated size 203.9 KiB, free 434.2 MiB)
[2025-06-04T20:28:02.108+0000] {subprocess.py:93} INFO - 25/06/04 20:28:02 INFO MemoryStore: Block broadcast_1_piece0 stored as bytes in memory (estimated size 35.7 KiB, free 434.2 MiB)
[2025-06-04T20:28:02.109+0000] {subprocess.py:93} INFO - 25/06/04 20:28:02 INFO BlockManagerInfo: Added broadcast_1_piece0 in memory on d21a88c59131:43987 (size: 35.7 KiB, free: 434.4 MiB)
[2025-06-04T20:28:02.110+0000] {subprocess.py:93} INFO - 25/06/04 20:28:02 INFO SparkContext: Created broadcast 1 from parquet at NativeMethodAccessorImpl.java:0
[2025-06-04T20:28:02.120+0000] {subprocess.py:93} INFO - 25/06/04 20:28:02 INFO FileSourceScanExec: Planning scan with bin packing, max size: 4194304 bytes, open cost is considered as scanning 4194304 bytes.
[2025-06-04T20:28:02.197+0000] {subprocess.py:93} INFO - 25/06/04 20:28:02 INFO SparkContext: Starting job: parquet at NativeMethodAccessorImpl.java:0
[2025-06-04T20:28:02.198+0000] {subprocess.py:93} INFO - 25/06/04 20:28:02 INFO DAGScheduler: Got job 1 (parquet at NativeMethodAccessorImpl.java:0) with 1 output partitions
[2025-06-04T20:28:02.198+0000] {subprocess.py:93} INFO - 25/06/04 20:28:02 INFO DAGScheduler: Final stage: ResultStage 1 (parquet at NativeMethodAccessorImpl.java:0)
[2025-06-04T20:28:02.198+0000] {subprocess.py:93} INFO - 25/06/04 20:28:02 INFO DAGScheduler: Parents of final stage: List()
[2025-06-04T20:28:02.199+0000] {subprocess.py:93} INFO - 25/06/04 20:28:02 INFO DAGScheduler: Missing parents: List()
[2025-06-04T20:28:02.199+0000] {subprocess.py:93} INFO - 25/06/04 20:28:02 INFO DAGScheduler: Submitting ResultStage 1 (MapPartitionsRDD[5] at parquet at NativeMethodAccessorImpl.java:0), which has no missing parents
[2025-06-04T20:28:02.225+0000] {subprocess.py:93} INFO - 25/06/04 20:28:02 INFO MemoryStore: Block broadcast_2 stored as values in memory (estimated size 242.4 KiB, free 433.9 MiB)
[2025-06-04T20:28:02.231+0000] {subprocess.py:93} INFO - 25/06/04 20:28:02 INFO MemoryStore: Block broadcast_2_piece0 stored as bytes in memory (estimated size 86.9 KiB, free 433.8 MiB)
[2025-06-04T20:28:02.232+0000] {subprocess.py:93} INFO - 25/06/04 20:28:02 INFO BlockManagerInfo: Added broadcast_2_piece0 in memory on d21a88c59131:43987 (size: 86.9 KiB, free: 434.3 MiB)
[2025-06-04T20:28:02.233+0000] {subprocess.py:93} INFO - 25/06/04 20:28:02 INFO SparkContext: Created broadcast 2 from broadcast at DAGScheduler.scala:1611
[2025-06-04T20:28:02.233+0000] {subprocess.py:93} INFO - 25/06/04 20:28:02 INFO DAGScheduler: Submitting 1 missing tasks from ResultStage 1 (MapPartitionsRDD[5] at parquet at NativeMethodAccessorImpl.java:0) (first 15 tasks are for partitions Vector(0))
[2025-06-04T20:28:02.234+0000] {subprocess.py:93} INFO - 25/06/04 20:28:02 INFO TaskSchedulerImpl: Adding task set 1.0 with 1 tasks resource profile 0
[2025-06-04T20:28:02.238+0000] {subprocess.py:93} INFO - 25/06/04 20:28:02 INFO TaskSetManager: Starting task 0.0 in stage 1.0 (TID 1) (d21a88c59131, executor driver, partition 0, PROCESS_LOCAL, 9707 bytes)
[2025-06-04T20:28:02.238+0000] {subprocess.py:93} INFO - 25/06/04 20:28:02 INFO Executor: Running task 0.0 in stage 1.0 (TID 1)
[2025-06-04T20:28:02.335+0000] {subprocess.py:93} INFO - 25/06/04 20:28:02 INFO CodeGenerator: Code generated in 33.103212 ms
[2025-06-04T20:28:02.354+0000] {subprocess.py:93} INFO - 25/06/04 20:28:02 INFO CodeGenerator: Code generated in 10.68388 ms
[2025-06-04T20:28:02.399+0000] {subprocess.py:93} INFO - 25/06/04 20:28:02 INFO CodeGenerator: Code generated in 10.693517 ms
[2025-06-04T20:28:02.410+0000] {subprocess.py:93} INFO - 25/06/04 20:28:02 INFO FileOutputCommitter: File Output Committer Algorithm version is 1
[2025-06-04T20:28:02.410+0000] {subprocess.py:93} INFO - 25/06/04 20:28:02 INFO FileOutputCommitter: FileOutputCommitter skip cleanup _temporary folders under output directory:false, ignore cleanup failures: false
[2025-06-04T20:28:02.411+0000] {subprocess.py:93} INFO - 25/06/04 20:28:02 INFO SQLHadoopMapReduceCommitProtocol: Using user defined output committer class org.apache.parquet.hadoop.ParquetOutputCommitter
[2025-06-04T20:28:02.411+0000] {subprocess.py:93} INFO - 25/06/04 20:28:02 INFO FileOutputCommitter: File Output Committer Algorithm version is 1
[2025-06-04T20:28:02.411+0000] {subprocess.py:93} INFO - 25/06/04 20:28:02 INFO FileOutputCommitter: FileOutputCommitter skip cleanup _temporary folders under output directory:false, ignore cleanup failures: false
[2025-06-04T20:28:02.411+0000] {subprocess.py:93} INFO - 25/06/04 20:28:02 INFO SQLHadoopMapReduceCommitProtocol: Using output committer class org.apache.parquet.hadoop.ParquetOutputCommitter
[2025-06-04T20:28:02.440+0000] {subprocess.py:93} INFO - 25/06/04 20:28:02 INFO CodeGenerator: Code generated in 16.09075 ms
[2025-06-04T20:28:02.442+0000] {subprocess.py:93} INFO - 25/06/04 20:28:02 INFO FileScanRDD: Reading File path: file:///opt/airflow/data/raw/region=asia/table=customers/load_date=2025-06-05/part-00000-ade6b50c-c42a-4831-be07-15c910c1fb93-c000.snappy.parquet, range: 0-4588, partition values: [empty row]
[2025-06-04T20:28:02.545+0000] {subprocess.py:93} INFO - 25/06/04 20:28:02 INFO CodecPool: Got brand-new decompressor [.snappy]
[2025-06-04T20:28:02.723+0000] {subprocess.py:93} INFO - 25/06/04 20:28:02 INFO CodeGenerator: Code generated in 5.002925 ms
[2025-06-04T20:28:02.758+0000] {subprocess.py:93} INFO - 25/06/04 20:28:02 INFO CodeGenerator: Code generated in 19.192599 ms
[2025-06-04T20:28:02.767+0000] {subprocess.py:93} INFO - 25/06/04 20:28:02 INFO CodecConfig: Compression: SNAPPY
[2025-06-04T20:28:02.770+0000] {subprocess.py:93} INFO - 25/06/04 20:28:02 INFO CodecConfig: Compression: SNAPPY
[2025-06-04T20:28:02.785+0000] {subprocess.py:93} INFO - 25/06/04 20:28:02 INFO ParquetOutputFormat: ParquetRecordWriter [block size: 134217728b, row group padding size: 8388608b, validating: false]
[2025-06-04T20:28:02.794+0000] {subprocess.py:93} INFO - 25/06/04 20:28:02 INFO ParquetWriteSupport: Initialized Parquet WriteSupport with Catalyst schema:
[2025-06-04T20:28:02.794+0000] {subprocess.py:93} INFO - {
[2025-06-04T20:28:02.794+0000] {subprocess.py:93} INFO -   "type" : "struct",
[2025-06-04T20:28:02.794+0000] {subprocess.py:93} INFO -   "fields" : [ {
[2025-06-04T20:28:02.795+0000] {subprocess.py:93} INFO -     "name" : "cust_id",
[2025-06-04T20:28:02.795+0000] {subprocess.py:93} INFO -     "type" : "integer",
[2025-06-04T20:28:02.795+0000] {subprocess.py:93} INFO -     "nullable" : true,
[2025-06-04T20:28:02.795+0000] {subprocess.py:93} INFO -     "metadata" : {
[2025-06-04T20:28:02.795+0000] {subprocess.py:93} INFO -       "isSigned" : true,
[2025-06-04T20:28:02.795+0000] {subprocess.py:93} INFO -       "scale" : 0
[2025-06-04T20:28:02.795+0000] {subprocess.py:93} INFO -     }
[2025-06-04T20:28:02.795+0000] {subprocess.py:93} INFO -   }, {
[2025-06-04T20:28:02.796+0000] {subprocess.py:93} INFO -     "name" : "email",
[2025-06-04T20:28:02.796+0000] {subprocess.py:93} INFO -     "type" : "string",
[2025-06-04T20:28:02.796+0000] {subprocess.py:93} INFO -     "nullable" : true,
[2025-06-04T20:28:02.796+0000] {subprocess.py:93} INFO -     "metadata" : {
[2025-06-04T20:28:02.796+0000] {subprocess.py:93} INFO -       "__CHAR_VARCHAR_TYPE_STRING" : "varchar(255)",
[2025-06-04T20:28:02.796+0000] {subprocess.py:93} INFO -       "isSigned" : false,
[2025-06-04T20:28:02.796+0000] {subprocess.py:93} INFO -       "scale" : 0
[2025-06-04T20:28:02.796+0000] {subprocess.py:93} INFO -     }
[2025-06-04T20:28:02.797+0000] {subprocess.py:93} INFO -   }, {
[2025-06-04T20:28:02.797+0000] {subprocess.py:93} INFO -     "name" : "fname",
[2025-06-04T20:28:02.797+0000] {subprocess.py:93} INFO -     "type" : "string",
[2025-06-04T20:28:02.797+0000] {subprocess.py:93} INFO -     "nullable" : true,
[2025-06-04T20:28:02.797+0000] {subprocess.py:93} INFO -     "metadata" : {
[2025-06-04T20:28:02.798+0000] {subprocess.py:93} INFO -       "__CHAR_VARCHAR_TYPE_STRING" : "varchar(100)",
[2025-06-04T20:28:02.798+0000] {subprocess.py:93} INFO -       "isSigned" : false,
[2025-06-04T20:28:02.798+0000] {subprocess.py:93} INFO -       "scale" : 0
[2025-06-04T20:28:02.798+0000] {subprocess.py:93} INFO -     }
[2025-06-04T20:28:02.798+0000] {subprocess.py:93} INFO -   }, {
[2025-06-04T20:28:02.798+0000] {subprocess.py:93} INFO -     "name" : "lname",
[2025-06-04T20:28:02.798+0000] {subprocess.py:93} INFO -     "type" : "string",
[2025-06-04T20:28:02.799+0000] {subprocess.py:93} INFO -     "nullable" : true,
[2025-06-04T20:28:02.799+0000] {subprocess.py:93} INFO -     "metadata" : {
[2025-06-04T20:28:02.799+0000] {subprocess.py:93} INFO -       "__CHAR_VARCHAR_TYPE_STRING" : "varchar(100)",
[2025-06-04T20:28:02.799+0000] {subprocess.py:93} INFO -       "isSigned" : false,
[2025-06-04T20:28:02.799+0000] {subprocess.py:93} INFO -       "scale" : 0
[2025-06-04T20:28:02.799+0000] {subprocess.py:93} INFO -     }
[2025-06-04T20:28:02.799+0000] {subprocess.py:93} INFO -   }, {
[2025-06-04T20:28:02.799+0000] {subprocess.py:93} INFO -     "name" : "phone",
[2025-06-04T20:28:02.800+0000] {subprocess.py:93} INFO -     "type" : "string",
[2025-06-04T20:28:02.800+0000] {subprocess.py:93} INFO -     "nullable" : true,
[2025-06-04T20:28:02.800+0000] {subprocess.py:93} INFO -     "metadata" : {
[2025-06-04T20:28:02.800+0000] {subprocess.py:93} INFO -       "__CHAR_VARCHAR_TYPE_STRING" : "varchar(50)",
[2025-06-04T20:28:02.800+0000] {subprocess.py:93} INFO -       "isSigned" : false,
[2025-06-04T20:28:02.800+0000] {subprocess.py:93} INFO -       "scale" : 0
[2025-06-04T20:28:02.801+0000] {subprocess.py:93} INFO -     }
[2025-06-04T20:28:02.801+0000] {subprocess.py:93} INFO -   }, {
[2025-06-04T20:28:02.801+0000] {subprocess.py:93} INFO -     "name" : "birth_date",
[2025-06-04T20:28:02.801+0000] {subprocess.py:93} INFO -     "type" : "date",
[2025-06-04T20:28:02.801+0000] {subprocess.py:93} INFO -     "nullable" : true,
[2025-06-04T20:28:02.801+0000] {subprocess.py:93} INFO -     "metadata" : {
[2025-06-04T20:28:02.802+0000] {subprocess.py:93} INFO -       "isSigned" : false,
[2025-06-04T20:28:02.802+0000] {subprocess.py:93} INFO -       "scale" : 0
[2025-06-04T20:28:02.802+0000] {subprocess.py:93} INFO -     }
[2025-06-04T20:28:02.802+0000] {subprocess.py:93} INFO -   }, {
[2025-06-04T20:28:02.802+0000] {subprocess.py:93} INFO -     "name" : "sex",
[2025-06-04T20:28:02.802+0000] {subprocess.py:93} INFO -     "type" : "string",
[2025-06-04T20:28:02.802+0000] {subprocess.py:93} INFO -     "nullable" : true,
[2025-06-04T20:28:02.803+0000] {subprocess.py:93} INFO -     "metadata" : {
[2025-06-04T20:28:02.803+0000] {subprocess.py:93} INFO -       "__CHAR_VARCHAR_TYPE_STRING" : "varchar(20)",
[2025-06-04T20:28:02.803+0000] {subprocess.py:93} INFO -       "isSigned" : false,
[2025-06-04T20:28:02.803+0000] {subprocess.py:93} INFO -       "scale" : 0
[2025-06-04T20:28:02.803+0000] {subprocess.py:93} INFO -     }
[2025-06-04T20:28:02.803+0000] {subprocess.py:93} INFO -   }, {
[2025-06-04T20:28:02.804+0000] {subprocess.py:93} INFO -     "name" : "reg_date",
[2025-06-04T20:28:02.804+0000] {subprocess.py:93} INFO -     "type" : "timestamp",
[2025-06-04T20:28:02.804+0000] {subprocess.py:93} INFO -     "nullable" : true,
[2025-06-04T20:28:02.804+0000] {subprocess.py:93} INFO -     "metadata" : {
[2025-06-04T20:28:02.804+0000] {subprocess.py:93} INFO -       "isSigned" : false,
[2025-06-04T20:28:02.804+0000] {subprocess.py:93} INFO -       "scale" : 6
[2025-06-04T20:28:02.804+0000] {subprocess.py:93} INFO -     }
[2025-06-04T20:28:02.804+0000] {subprocess.py:93} INFO -   }, {
[2025-06-04T20:28:02.805+0000] {subprocess.py:93} INFO -     "name" : "login_time",
[2025-06-04T20:28:02.805+0000] {subprocess.py:93} INFO -     "type" : "timestamp",
[2025-06-04T20:28:02.805+0000] {subprocess.py:93} INFO -     "nullable" : true,
[2025-06-04T20:28:02.805+0000] {subprocess.py:93} INFO -     "metadata" : {
[2025-06-04T20:28:02.805+0000] {subprocess.py:93} INFO -       "isSigned" : false,
[2025-06-04T20:28:02.805+0000] {subprocess.py:93} INFO -       "scale" : 6
[2025-06-04T20:28:02.805+0000] {subprocess.py:93} INFO -     }
[2025-06-04T20:28:02.806+0000] {subprocess.py:93} INFO -   }, {
[2025-06-04T20:28:02.806+0000] {subprocess.py:93} INFO -     "name" : "segment",
[2025-06-04T20:28:02.806+0000] {subprocess.py:93} INFO -     "type" : "string",
[2025-06-04T20:28:02.806+0000] {subprocess.py:93} INFO -     "nullable" : true,
[2025-06-04T20:28:02.806+0000] {subprocess.py:93} INFO -     "metadata" : {
[2025-06-04T20:28:02.806+0000] {subprocess.py:93} INFO -       "__CHAR_VARCHAR_TYPE_STRING" : "varchar(50)",
[2025-06-04T20:28:02.806+0000] {subprocess.py:93} INFO -       "isSigned" : false,
[2025-06-04T20:28:02.807+0000] {subprocess.py:93} INFO -       "scale" : 0
[2025-06-04T20:28:02.807+0000] {subprocess.py:93} INFO -     }
[2025-06-04T20:28:02.807+0000] {subprocess.py:93} INFO -   }, {
[2025-06-04T20:28:02.807+0000] {subprocess.py:93} INFO -     "name" : "source",
[2025-06-04T20:28:02.807+0000] {subprocess.py:93} INFO -     "type" : "string",
[2025-06-04T20:28:02.807+0000] {subprocess.py:93} INFO -     "nullable" : true,
[2025-06-04T20:28:02.808+0000] {subprocess.py:93} INFO -     "metadata" : {
[2025-06-04T20:28:02.808+0000] {subprocess.py:93} INFO -       "__CHAR_VARCHAR_TYPE_STRING" : "varchar(100)",
[2025-06-04T20:28:02.808+0000] {subprocess.py:93} INFO -       "isSigned" : false,
[2025-06-04T20:28:02.808+0000] {subprocess.py:93} INFO -       "scale" : 0
[2025-06-04T20:28:02.808+0000] {subprocess.py:93} INFO -     }
[2025-06-04T20:28:02.808+0000] {subprocess.py:93} INFO -   }, {
[2025-06-04T20:28:02.808+0000] {subprocess.py:93} INFO -     "name" : "created",
[2025-06-04T20:28:02.809+0000] {subprocess.py:93} INFO -     "type" : "timestamp",
[2025-06-04T20:28:02.809+0000] {subprocess.py:93} INFO -     "nullable" : true,
[2025-06-04T20:28:02.809+0000] {subprocess.py:93} INFO -     "metadata" : {
[2025-06-04T20:28:02.809+0000] {subprocess.py:93} INFO -       "isSigned" : false,
[2025-06-04T20:28:02.809+0000] {subprocess.py:93} INFO -       "scale" : 6
[2025-06-04T20:28:02.810+0000] {subprocess.py:93} INFO -     }
[2025-06-04T20:28:02.810+0000] {subprocess.py:93} INFO -   }, {
[2025-06-04T20:28:02.810+0000] {subprocess.py:93} INFO -     "name" : "_region",
[2025-06-04T20:28:02.810+0000] {subprocess.py:93} INFO -     "type" : "string",
[2025-06-04T20:28:02.810+0000] {subprocess.py:93} INFO -     "nullable" : true,
[2025-06-04T20:28:02.810+0000] {subprocess.py:93} INFO -     "metadata" : { }
[2025-06-04T20:28:02.810+0000] {subprocess.py:93} INFO -   }, {
[2025-06-04T20:28:02.811+0000] {subprocess.py:93} INFO -     "name" : "_source",
[2025-06-04T20:28:02.811+0000] {subprocess.py:93} INFO -     "type" : "string",
[2025-06-04T20:28:02.811+0000] {subprocess.py:93} INFO -     "nullable" : true,
[2025-06-04T20:28:02.811+0000] {subprocess.py:93} INFO -     "metadata" : { }
[2025-06-04T20:28:02.811+0000] {subprocess.py:93} INFO -   }, {
[2025-06-04T20:28:02.811+0000] {subprocess.py:93} INFO -     "name" : "id",
[2025-06-04T20:28:02.812+0000] {subprocess.py:93} INFO -     "type" : "integer",
[2025-06-04T20:28:02.812+0000] {subprocess.py:93} INFO -     "nullable" : true,
[2025-06-04T20:28:02.812+0000] {subprocess.py:93} INFO -     "metadata" : { }
[2025-06-04T20:28:02.812+0000] {subprocess.py:93} INFO -   }, {
[2025-06-04T20:28:02.812+0000] {subprocess.py:93} INFO -     "name" : "name",
[2025-06-04T20:28:02.812+0000] {subprocess.py:93} INFO -     "type" : "string",
[2025-06-04T20:28:02.812+0000] {subprocess.py:93} INFO -     "nullable" : true,
[2025-06-04T20:28:02.813+0000] {subprocess.py:93} INFO -     "metadata" : { }
[2025-06-04T20:28:02.813+0000] {subprocess.py:93} INFO -   }, {
[2025-06-04T20:28:02.813+0000] {subprocess.py:93} INFO -     "name" : "salary",
[2025-06-04T20:28:02.813+0000] {subprocess.py:93} INFO -     "type" : "integer",
[2025-06-04T20:28:02.813+0000] {subprocess.py:93} INFO -     "nullable" : true,
[2025-06-04T20:28:02.813+0000] {subprocess.py:93} INFO -     "metadata" : { }
[2025-06-04T20:28:02.813+0000] {subprocess.py:93} INFO -   }, {
[2025-06-04T20:28:02.814+0000] {subprocess.py:93} INFO -     "name" : "processing_timestamp",
[2025-06-04T20:28:02.814+0000] {subprocess.py:93} INFO -     "type" : "timestamp",
[2025-06-04T20:28:02.814+0000] {subprocess.py:93} INFO -     "nullable" : false,
[2025-06-04T20:28:02.814+0000] {subprocess.py:93} INFO -     "metadata" : { }
[2025-06-04T20:28:02.814+0000] {subprocess.py:93} INFO -   } ]
[2025-06-04T20:28:02.814+0000] {subprocess.py:93} INFO - }
[2025-06-04T20:28:02.814+0000] {subprocess.py:93} INFO - and corresponding Parquet message type:
[2025-06-04T20:28:02.815+0000] {subprocess.py:93} INFO - message spark_schema {
[2025-06-04T20:28:02.815+0000] {subprocess.py:93} INFO -   optional int32 cust_id;
[2025-06-04T20:28:02.815+0000] {subprocess.py:93} INFO -   optional binary email (STRING);
[2025-06-04T20:28:02.815+0000] {subprocess.py:93} INFO -   optional binary fname (STRING);
[2025-06-04T20:28:02.815+0000] {subprocess.py:93} INFO -   optional binary lname (STRING);
[2025-06-04T20:28:02.815+0000] {subprocess.py:93} INFO -   optional binary phone (STRING);
[2025-06-04T20:28:02.815+0000] {subprocess.py:93} INFO -   optional int32 birth_date (DATE);
[2025-06-04T20:28:02.816+0000] {subprocess.py:93} INFO -   optional binary sex (STRING);
[2025-06-04T20:28:02.816+0000] {subprocess.py:93} INFO -   optional int96 reg_date;
[2025-06-04T20:28:02.816+0000] {subprocess.py:93} INFO -   optional int96 login_time;
[2025-06-04T20:28:02.816+0000] {subprocess.py:93} INFO -   optional binary segment (STRING);
[2025-06-04T20:28:02.816+0000] {subprocess.py:93} INFO -   optional binary source (STRING);
[2025-06-04T20:28:02.816+0000] {subprocess.py:93} INFO -   optional int96 created;
[2025-06-04T20:28:02.817+0000] {subprocess.py:93} INFO -   optional binary _region (STRING);
[2025-06-04T20:28:02.817+0000] {subprocess.py:93} INFO -   optional binary _source (STRING);
[2025-06-04T20:28:02.817+0000] {subprocess.py:93} INFO -   optional int32 id;
[2025-06-04T20:28:02.817+0000] {subprocess.py:93} INFO -   optional binary name (STRING);
[2025-06-04T20:28:02.817+0000] {subprocess.py:93} INFO -   optional int32 salary;
[2025-06-04T20:28:02.817+0000] {subprocess.py:93} INFO -   required int96 processing_timestamp;
[2025-06-04T20:28:02.818+0000] {subprocess.py:93} INFO - }
[2025-06-04T20:28:02.818+0000] {subprocess.py:93} INFO - 
[2025-06-04T20:28:02.818+0000] {subprocess.py:93} INFO - 
[2025-06-04T20:28:02.823+0000] {subprocess.py:93} INFO - 25/06/04 20:28:02 INFO CodecPool: Got brand-new compressor [.snappy]
[2025-06-04T20:28:03.033+0000] {subprocess.py:93} INFO - 25/06/04 20:28:03 INFO FileOutputCommitter: Saved output of task 'attempt_2025060420280276651184628353638_0001_m_000000_1' to file:/opt/airflow/data/processed/table=customers/_temporary/0/task_2025060420280276651184628353638_0001_m_000000
[2025-06-04T20:28:03.035+0000] {subprocess.py:93} INFO - 25/06/04 20:28:03 INFO SparkHadoopMapRedUtil: attempt_2025060420280276651184628353638_0001_m_000000_1: Committed. Elapsed time: 1 ms.
[2025-06-04T20:28:03.056+0000] {subprocess.py:93} INFO - 25/06/04 20:28:03 INFO Executor: Finished task 0.0 in stage 1.0 (TID 1). 3599 bytes result sent to driver
[2025-06-04T20:28:03.058+0000] {subprocess.py:93} INFO - 25/06/04 20:28:03 INFO TaskSetManager: Finished task 0.0 in stage 1.0 (TID 1) in 824 ms on d21a88c59131 (executor driver) (1/1)
[2025-06-04T20:28:03.060+0000] {subprocess.py:93} INFO - 25/06/04 20:28:03 INFO TaskSchedulerImpl: Removed TaskSet 1.0, whose tasks have all completed, from pool
[2025-06-04T20:28:03.060+0000] {subprocess.py:93} INFO - 25/06/04 20:28:03 INFO DAGScheduler: ResultStage 1 (parquet at NativeMethodAccessorImpl.java:0) finished in 0.859 s
[2025-06-04T20:28:03.061+0000] {subprocess.py:93} INFO - 25/06/04 20:28:03 INFO DAGScheduler: Job 1 is finished. Cancelling potential speculative or zombie tasks for this job
[2025-06-04T20:28:03.061+0000] {subprocess.py:93} INFO - 25/06/04 20:28:03 INFO TaskSchedulerImpl: Killing all running tasks in stage 1: Stage finished
[2025-06-04T20:28:03.062+0000] {subprocess.py:93} INFO - 25/06/04 20:28:03 INFO DAGScheduler: Job 1 finished: parquet at NativeMethodAccessorImpl.java:0, took 0.864846 s
[2025-06-04T20:28:03.069+0000] {subprocess.py:93} INFO - 25/06/04 20:28:03 INFO FileFormatWriter: Start to commit write Job ec8be95b-803b-424c-8999-cb9c4d5456c4.
[2025-06-04T20:28:03.103+0000] {subprocess.py:93} INFO - 25/06/04 20:28:03 INFO FileFormatWriter: Write Job ec8be95b-803b-424c-8999-cb9c4d5456c4 committed. Elapsed time: 32 ms.
[2025-06-04T20:28:03.106+0000] {subprocess.py:93} INFO - 25/06/04 20:28:03 INFO FileFormatWriter: Finished processing stats for write job ec8be95b-803b-424c-8999-cb9c4d5456c4.
[2025-06-04T20:28:03.204+0000] {subprocess.py:93} INFO - 25/06/04 20:28:03 INFO FileSourceStrategy: Pushed Filters:
[2025-06-04T20:28:03.204+0000] {subprocess.py:93} INFO - 25/06/04 20:28:03 INFO FileSourceStrategy: Post-Scan Filters:
[2025-06-04T20:28:03.303+0000] {subprocess.py:93} INFO - 25/06/04 20:28:03 INFO CodeGenerator: Code generated in 12.513181 ms
[2025-06-04T20:28:03.311+0000] {subprocess.py:93} INFO - 25/06/04 20:28:03 INFO MemoryStore: Block broadcast_3 stored as values in memory (estimated size 200.9 KiB, free 433.6 MiB)
[2025-06-04T20:28:03.327+0000] {subprocess.py:93} INFO - 25/06/04 20:28:03 INFO MemoryStore: Block broadcast_3_piece0 stored as bytes in memory (estimated size 34.8 KiB, free 433.6 MiB)
[2025-06-04T20:28:03.327+0000] {subprocess.py:93} INFO - 25/06/04 20:28:03 INFO BlockManagerInfo: Added broadcast_3_piece0 in memory on d21a88c59131:43987 (size: 34.8 KiB, free: 434.2 MiB)
[2025-06-04T20:28:03.328+0000] {subprocess.py:93} INFO - 25/06/04 20:28:03 INFO SparkContext: Created broadcast 3 from count at NativeMethodAccessorImpl.java:0
[2025-06-04T20:28:03.329+0000] {subprocess.py:93} INFO - 25/06/04 20:28:03 INFO FileSourceScanExec: Planning scan with bin packing, max size: 4194304 bytes, open cost is considered as scanning 4194304 bytes.
[2025-06-04T20:28:03.347+0000] {subprocess.py:93} INFO - 25/06/04 20:28:03 INFO BlockManagerInfo: Removed broadcast_2_piece0 on d21a88c59131:43987 in memory (size: 86.9 KiB, free: 434.3 MiB)
[2025-06-04T20:28:03.362+0000] {subprocess.py:93} INFO - 25/06/04 20:28:03 INFO DAGScheduler: Registering RDD 9 (count at NativeMethodAccessorImpl.java:0) as input to shuffle 0
[2025-06-04T20:28:03.366+0000] {subprocess.py:93} INFO - 25/06/04 20:28:03 INFO DAGScheduler: Got map stage job 2 (count at NativeMethodAccessorImpl.java:0) with 1 output partitions
[2025-06-04T20:28:03.366+0000] {subprocess.py:93} INFO - 25/06/04 20:28:03 INFO DAGScheduler: Final stage: ShuffleMapStage 2 (count at NativeMethodAccessorImpl.java:0)
[2025-06-04T20:28:03.366+0000] {subprocess.py:93} INFO - 25/06/04 20:28:03 INFO DAGScheduler: Parents of final stage: List()
[2025-06-04T20:28:03.367+0000] {subprocess.py:93} INFO - 25/06/04 20:28:03 INFO DAGScheduler: Missing parents: List()
[2025-06-04T20:28:03.368+0000] {subprocess.py:93} INFO - 25/06/04 20:28:03 INFO DAGScheduler: Submitting ShuffleMapStage 2 (MapPartitionsRDD[9] at count at NativeMethodAccessorImpl.java:0), which has no missing parents
[2025-06-04T20:28:03.377+0000] {subprocess.py:93} INFO - 25/06/04 20:28:03 INFO MemoryStore: Block broadcast_4 stored as values in memory (estimated size 17.0 KiB, free 433.9 MiB)
[2025-06-04T20:28:03.383+0000] {subprocess.py:93} INFO - 25/06/04 20:28:03 INFO MemoryStore: Block broadcast_4_piece0 stored as bytes in memory (estimated size 7.8 KiB, free 433.9 MiB)
[2025-06-04T20:28:03.383+0000] {subprocess.py:93} INFO - 25/06/04 20:28:03 INFO BlockManagerInfo: Added broadcast_4_piece0 in memory on d21a88c59131:43987 (size: 7.8 KiB, free: 434.3 MiB)
[2025-06-04T20:28:03.384+0000] {subprocess.py:93} INFO - 25/06/04 20:28:03 INFO SparkContext: Created broadcast 4 from broadcast at DAGScheduler.scala:1611
[2025-06-04T20:28:03.386+0000] {subprocess.py:93} INFO - 25/06/04 20:28:03 INFO DAGScheduler: Submitting 1 missing tasks from ShuffleMapStage 2 (MapPartitionsRDD[9] at count at NativeMethodAccessorImpl.java:0) (first 15 tasks are for partitions Vector(0))
[2025-06-04T20:28:03.386+0000] {subprocess.py:93} INFO - 25/06/04 20:28:03 INFO TaskSchedulerImpl: Adding task set 2.0 with 1 tasks resource profile 0
[2025-06-04T20:28:03.388+0000] {subprocess.py:93} INFO - 25/06/04 20:28:03 INFO TaskSetManager: Starting task 0.0 in stage 2.0 (TID 2) (d21a88c59131, executor driver, partition 0, PROCESS_LOCAL, 9696 bytes)
[2025-06-04T20:28:03.388+0000] {subprocess.py:93} INFO - 25/06/04 20:28:03 INFO Executor: Running task 0.0 in stage 2.0 (TID 2)
[2025-06-04T20:28:03.408+0000] {subprocess.py:93} INFO - 25/06/04 20:28:03 INFO BlockManagerInfo: Removed broadcast_1_piece0 on d21a88c59131:43987 in memory (size: 35.7 KiB, free: 434.4 MiB)
[2025-06-04T20:28:03.418+0000] {subprocess.py:93} INFO - 25/06/04 20:28:03 INFO CodeGenerator: Code generated in 8.322876 ms
[2025-06-04T20:28:03.428+0000] {subprocess.py:93} INFO - 25/06/04 20:28:03 INFO FileScanRDD: Reading File path: file:///opt/airflow/data/raw/region=asia/table=customers/load_date=2025-06-05/part-00000-ade6b50c-c42a-4831-be07-15c910c1fb93-c000.snappy.parquet, range: 0-4588, partition values: [empty row]
[2025-06-04T20:28:03.456+0000] {subprocess.py:93} INFO - 25/06/04 20:28:03 INFO Executor: Finished task 0.0 in stage 2.0 (TID 2). 2222 bytes result sent to driver
[2025-06-04T20:28:03.458+0000] {subprocess.py:93} INFO - 25/06/04 20:28:03 INFO TaskSetManager: Finished task 0.0 in stage 2.0 (TID 2) in 71 ms on d21a88c59131 (executor driver) (1/1)
[2025-06-04T20:28:03.459+0000] {subprocess.py:93} INFO - 25/06/04 20:28:03 INFO TaskSchedulerImpl: Removed TaskSet 2.0, whose tasks have all completed, from pool
[2025-06-04T20:28:03.460+0000] {subprocess.py:93} INFO - 25/06/04 20:28:03 INFO DAGScheduler: ShuffleMapStage 2 (count at NativeMethodAccessorImpl.java:0) finished in 0.090 s
[2025-06-04T20:28:03.461+0000] {subprocess.py:93} INFO - 25/06/04 20:28:03 INFO DAGScheduler: looking for newly runnable stages
[2025-06-04T20:28:03.461+0000] {subprocess.py:93} INFO - 25/06/04 20:28:03 INFO DAGScheduler: running: Set()
[2025-06-04T20:28:03.462+0000] {subprocess.py:93} INFO - 25/06/04 20:28:03 INFO DAGScheduler: waiting: Set()
[2025-06-04T20:28:03.462+0000] {subprocess.py:93} INFO - 25/06/04 20:28:03 INFO DAGScheduler: failed: Set()
[2025-06-04T20:28:03.505+0000] {subprocess.py:93} INFO - 25/06/04 20:28:03 INFO CodeGenerator: Code generated in 9.770217 ms
[2025-06-04T20:28:03.523+0000] {subprocess.py:93} INFO - 25/06/04 20:28:03 INFO SparkContext: Starting job: count at NativeMethodAccessorImpl.java:0
[2025-06-04T20:28:03.525+0000] {subprocess.py:93} INFO - 25/06/04 20:28:03 INFO DAGScheduler: Got job 3 (count at NativeMethodAccessorImpl.java:0) with 1 output partitions
[2025-06-04T20:28:03.525+0000] {subprocess.py:93} INFO - 25/06/04 20:28:03 INFO DAGScheduler: Final stage: ResultStage 4 (count at NativeMethodAccessorImpl.java:0)
[2025-06-04T20:28:03.525+0000] {subprocess.py:93} INFO - 25/06/04 20:28:03 INFO DAGScheduler: Parents of final stage: List(ShuffleMapStage 3)
[2025-06-04T20:28:03.525+0000] {subprocess.py:93} INFO - 25/06/04 20:28:03 INFO DAGScheduler: Missing parents: List()
[2025-06-04T20:28:03.526+0000] {subprocess.py:93} INFO - 25/06/04 20:28:03 INFO DAGScheduler: Submitting ResultStage 4 (MapPartitionsRDD[12] at count at NativeMethodAccessorImpl.java:0), which has no missing parents
[2025-06-04T20:28:03.532+0000] {subprocess.py:93} INFO - 25/06/04 20:28:03 INFO MemoryStore: Block broadcast_5 stored as values in memory (estimated size 12.5 KiB, free 434.1 MiB)
[2025-06-04T20:28:03.538+0000] {subprocess.py:93} INFO - 25/06/04 20:28:03 INFO MemoryStore: Block broadcast_5_piece0 stored as bytes in memory (estimated size 5.9 KiB, free 434.1 MiB)
[2025-06-04T20:28:03.538+0000] {subprocess.py:93} INFO - 25/06/04 20:28:03 INFO BlockManagerInfo: Added broadcast_5_piece0 in memory on d21a88c59131:43987 (size: 5.9 KiB, free: 434.4 MiB)
[2025-06-04T20:28:03.539+0000] {subprocess.py:93} INFO - 25/06/04 20:28:03 INFO BlockManagerInfo: Removed broadcast_4_piece0 on d21a88c59131:43987 in memory (size: 7.8 KiB, free: 434.4 MiB)
[2025-06-04T20:28:03.539+0000] {subprocess.py:93} INFO - 25/06/04 20:28:03 INFO SparkContext: Created broadcast 5 from broadcast at DAGScheduler.scala:1611
[2025-06-04T20:28:03.539+0000] {subprocess.py:93} INFO - 25/06/04 20:28:03 INFO DAGScheduler: Submitting 1 missing tasks from ResultStage 4 (MapPartitionsRDD[12] at count at NativeMethodAccessorImpl.java:0) (first 15 tasks are for partitions Vector(0))
[2025-06-04T20:28:03.540+0000] {subprocess.py:93} INFO - 25/06/04 20:28:03 INFO TaskSchedulerImpl: Adding task set 4.0 with 1 tasks resource profile 0
[2025-06-04T20:28:03.545+0000] {subprocess.py:93} INFO - 25/06/04 20:28:03 INFO TaskSetManager: Starting task 0.0 in stage 4.0 (TID 3) (d21a88c59131, executor driver, partition 0, NODE_LOCAL, 8999 bytes)
[2025-06-04T20:28:03.546+0000] {subprocess.py:93} INFO - 25/06/04 20:28:03 INFO Executor: Running task 0.0 in stage 4.0 (TID 3)
[2025-06-04T20:28:03.589+0000] {subprocess.py:93} INFO - 25/06/04 20:28:03 INFO ShuffleBlockFetcherIterator: Getting 1 (60.0 B) non-empty blocks including 1 (60.0 B) local and 0 (0.0 B) host-local and 0 (0.0 B) push-merged-local and 0 (0.0 B) remote blocks
[2025-06-04T20:28:03.591+0000] {subprocess.py:93} INFO - 25/06/04 20:28:03 INFO ShuffleBlockFetcherIterator: Started 0 remote fetches in 7 ms
[2025-06-04T20:28:03.600+0000] {subprocess.py:93} INFO - 25/06/04 20:28:03 INFO CodeGenerator: Code generated in 6.214352 ms
[2025-06-04T20:28:03.618+0000] {subprocess.py:93} INFO - 25/06/04 20:28:03 INFO Executor: Finished task 0.0 in stage 4.0 (TID 3). 4081 bytes result sent to driver
[2025-06-04T20:28:03.620+0000] {subprocess.py:93} INFO - 25/06/04 20:28:03 INFO TaskSetManager: Finished task 0.0 in stage 4.0 (TID 3) in 77 ms on d21a88c59131 (executor driver) (1/1)
[2025-06-04T20:28:03.620+0000] {subprocess.py:93} INFO - 25/06/04 20:28:03 INFO TaskSchedulerImpl: Removed TaskSet 4.0, whose tasks have all completed, from pool
[2025-06-04T20:28:03.621+0000] {subprocess.py:93} INFO - 25/06/04 20:28:03 INFO DAGScheduler: ResultStage 4 (count at NativeMethodAccessorImpl.java:0) finished in 0.091 s
[2025-06-04T20:28:03.621+0000] {subprocess.py:93} INFO - 25/06/04 20:28:03 INFO DAGScheduler: Job 3 is finished. Cancelling potential speculative or zombie tasks for this job
[2025-06-04T20:28:03.622+0000] {subprocess.py:93} INFO - 25/06/04 20:28:03 INFO TaskSchedulerImpl: Killing all running tasks in stage 4: Stage finished
[2025-06-04T20:28:03.622+0000] {subprocess.py:93} INFO - 25/06/04 20:28:03 INFO DAGScheduler: Job 3 finished: count at NativeMethodAccessorImpl.java:0, took 0.098494 s
[2025-06-04T20:28:03.626+0000] {subprocess.py:93} INFO - Processing result: {
[2025-06-04T20:28:03.626+0000] {subprocess.py:93} INFO -   "table": "customers",
[2025-06-04T20:28:03.627+0000] {subprocess.py:93} INFO -   "region": "asia",
[2025-06-04T20:28:03.627+0000] {subprocess.py:93} INFO -   "load_date": "2025-06-05",
[2025-06-04T20:28:03.627+0000] {subprocess.py:93} INFO -   "schema_changed": true,
[2025-06-04T20:28:03.627+0000] {subprocess.py:93} INFO -   "record_count": 4
[2025-06-04T20:28:03.627+0000] {subprocess.py:93} INFO - }
[2025-06-04T20:28:03.678+0000] {subprocess.py:93} INFO - 25/06/04 20:28:03 INFO SparkContext: Invoking stop() from shutdown hook
[2025-06-04T20:28:03.679+0000] {subprocess.py:93} INFO - 25/06/04 20:28:03 INFO SparkContext: SparkContext is stopping with exitCode 0.
[2025-06-04T20:28:03.687+0000] {subprocess.py:93} INFO - 25/06/04 20:28:03 INFO SparkUI: Stopped Spark web UI at http://d21a88c59131:4040
[2025-06-04T20:28:03.696+0000] {subprocess.py:93} INFO - 25/06/04 20:28:03 INFO MapOutputTrackerMasterEndpoint: MapOutputTrackerMasterEndpoint stopped!
[2025-06-04T20:28:03.705+0000] {subprocess.py:93} INFO - 25/06/04 20:28:03 INFO MemoryStore: MemoryStore cleared
[2025-06-04T20:28:03.705+0000] {subprocess.py:93} INFO - 25/06/04 20:28:03 INFO BlockManager: BlockManager stopped
[2025-06-04T20:28:03.708+0000] {subprocess.py:93} INFO - 25/06/04 20:28:03 INFO BlockManagerMaster: BlockManagerMaster stopped
[2025-06-04T20:28:03.710+0000] {subprocess.py:93} INFO - 25/06/04 20:28:03 INFO OutputCommitCoordinator$OutputCommitCoordinatorEndpoint: OutputCommitCoordinator stopped!
[2025-06-04T20:28:03.715+0000] {subprocess.py:93} INFO - 25/06/04 20:28:03 INFO SparkContext: Successfully stopped SparkContext
[2025-06-04T20:28:03.715+0000] {subprocess.py:93} INFO - 25/06/04 20:28:03 INFO ShutdownHookManager: Shutdown hook called
[2025-06-04T20:28:03.715+0000] {subprocess.py:93} INFO - 25/06/04 20:28:03 INFO ShutdownHookManager: Deleting directory /tmp/spark-e5483efa-3d23-45cf-a5eb-2f4a967d3664
[2025-06-04T20:28:03.718+0000] {subprocess.py:93} INFO - 25/06/04 20:28:03 INFO ShutdownHookManager: Deleting directory /tmp/spark-e5483efa-3d23-45cf-a5eb-2f4a967d3664/pyspark-4530cb85-f95e-4825-aa38-9e71143cbce5
[2025-06-04T20:28:03.720+0000] {subprocess.py:93} INFO - 25/06/04 20:28:03 INFO ShutdownHookManager: Deleting directory /tmp/spark-6c3510f2-5748-4954-9bdd-51cbffed1a04
[2025-06-04T20:28:03.789+0000] {subprocess.py:97} INFO - Command exited with return code 0
[2025-06-04T20:28:03.822+0000] {taskinstance.py:1138} INFO - Marking task as SUCCESS. dag_id=schema_evolution_framework, task_id=run_schema_evolution, execution_date=20250604T202747, start_date=20250604T202753, end_date=20250604T202803
[2025-06-04T20:28:03.844+0000] {local_task_job_runner.py:234} INFO - Task exited with return code 0
[2025-06-04T20:28:03.864+0000] {taskinstance.py:3280} INFO - 0 downstream tasks scheduled from follow-on schedule check
