[2025-06-08T16:27:28.304+0000] {taskinstance.py:1956} INFO - Dependencies all met for dep_context=non-requeueable deps ti=<TaskInstance: transform_shipments.run_transformation_asia scheduled__2025-06-07T01:00:00+00:00 [queued]>
[2025-06-08T16:27:28.334+0000] {taskinstance.py:1956} INFO - Dependencies all met for dep_context=requeueable deps ti=<TaskInstance: transform_shipments.run_transformation_asia scheduled__2025-06-07T01:00:00+00:00 [queued]>
[2025-06-08T16:27:28.335+0000] {taskinstance.py:2170} INFO - Starting attempt 2 of 1
[2025-06-08T16:27:28.391+0000] {taskinstance.py:2191} INFO - Executing <Task(_PythonDecoratedOperator): run_transformation_asia> on 2025-06-07 01:00:00+00:00
[2025-06-08T16:27:28.408+0000] {clientserver.py:543} INFO - Closing down clientserver connection
[2025-06-08T16:27:28.408+0000] {standard_task_runner.py:60} INFO - Started process 3953 to run task
[2025-06-08T16:27:28.437+0000] {standard_task_runner.py:87} INFO - Running: ['airflow', 'tasks', 'run', 'transform_shipments', 'run_transformation_asia', 'scheduled__2025-06-07T01:00:00+00:00', '--job-id', '500', '--raw', '--subdir', 'DAGS_FOLDER/staging/shipments_to_staging.py', '--cfg-path', '/tmp/tmp8ke3o21k']
[2025-06-08T16:27:28.440+0000] {standard_task_runner.py:88} INFO - Job 500: Subtask run_transformation_asia
[2025-06-08T16:27:28.547+0000] {logging_mixin.py:188} WARNING - /home/airflow/.local/lib/python3.10/site-packages/airflow/settings.py:194 DeprecationWarning: The sql_alchemy_conn option in [core] has been moved to the sql_alchemy_conn option in [database] - the old setting has been used, but please update your config.
[2025-06-08T16:27:28.724+0000] {task_command.py:423} INFO - Running <TaskInstance: transform_shipments.run_transformation_asia scheduled__2025-06-07T01:00:00+00:00 [running]> on host c10f2fed82e0
[2025-06-08T16:27:29.136+0000] {taskinstance.py:2480} INFO - Exporting env vars: AIRFLOW_CTX_DAG_OWNER='airflow' AIRFLOW_CTX_DAG_ID='transform_shipments' AIRFLOW_CTX_TASK_ID='run_transformation_asia' AIRFLOW_CTX_EXECUTION_DATE='2025-06-07T01:00:00+00:00' AIRFLOW_CTX_TRY_NUMBER='2' AIRFLOW_CTX_DAG_RUN_ID='scheduled__2025-06-07T01:00:00+00:00'
[2025-06-08T16:27:29.145+0000] {logging_mixin.py:188} INFO - Starting transformation for table: shipments in region: asia
[2025-06-08T16:27:29.296+0000] {logging_mixin.py:188} INFO - Reading data from: /opt/airflow/data/raw/region=asia/table=shipments/load_date=2025-06-06/
[2025-06-08T16:27:55.489+0000] {logging_mixin.py:188} INFO - [INFO] Processing 8 records for asia
[2025-06-08T16:27:57.107+0000] {logging_mixin.py:188} INFO - Sample transformed data for asia:
[2025-06-08T16:28:05.760+0000] {logging_mixin.py:188} INFO - +-----------+--------+---------------+----------+---------------+-------------------+-----------------------+-------------------------+---------------+-------------------+-------------------+-------+--------+
|shipment_id|order_id|tracking_number|carrier   |shipping_method|shipped_timestamp  |estimated_delivery_date|actual_delivery_timestamp|shipment_status|created_at         |updated_at         |_region|_source |
+-----------+--------+---------------+----------+---------------+-------------------+-----------------------+-------------------------+---------------+-------------------+-------------------+-------+--------+
|1          |1       |YMT123456789JP |Yamato    |Standard       |2024-03-06 10:30:45|2024-03-08 00:00:00    |2024-03-08 14:15:30      |delivered      |2024-03-06 10:30:45|2024-03-08 14:15:30|asia   |postgres|
|2          |2       |SGW987654321JP |Sagawa    |Express        |2024/03/07 12:45:20|2024-03-09 00:00:00    |NULL                     |in_transit     |2024-03-07 00:00:00|2024-03-07 00:00:00|asia   |postgres|
|3          |3       |NULL           |Japan Post|Standard       |NULL               |NULL                   |NULL                     |preparing      |2024-03-07 00:00:00|2024-03-07 00:00:00|asia   |postgres|
|4          |4       |YMT456789012JP |Yamato    |Next Day       |2024.03.09 09:35:50|NULL                   |NULL                     |delivered      |NULL               |NULL               |asia   |postgres|
|5          |6       |SGW234567890JP |Sagawa    |Same Day       |10/03/2024 11:15:30|2024-10-03 00:00:00    |2024-10-03 00:00:00      |delivered      |2024-10-03 00:00:00|2024-10-03 00:00:00|asia   |postgres|
+-----------+--------+---------------+----------+---------------+-------------------+-----------------------+-------------------------+---------------+-------------------+-------------------+-------+--------+
only showing top 5 rows
[2025-06-08T16:28:05.766+0000] {logging_mixin.py:188} INFO - Writing transformed data to: /opt/airflow/data/staging/shipments/region=asia/load_date=2025-06-06/
[2025-06-08T16:28:08.981+0000] {logging_mixin.py:188} INFO - Successfully transformed 8 records for asia
