[2025-06-09T12:24:37.546+0000] {taskinstance.py:1956} INFO - Dependencies all met for dep_context=non-requeueable deps ti=<TaskInstance: multi_region_to_snowflake.process_region_asia.process_returns_asia manual__2025-06-09T12:20:05.224697+00:00 [queued]>
[2025-06-09T12:24:37.564+0000] {taskinstance.py:1956} INFO - Dependencies all met for dep_context=requeueable deps ti=<TaskInstance: multi_region_to_snowflake.process_region_asia.process_returns_asia manual__2025-06-09T12:20:05.224697+00:00 [queued]>
[2025-06-09T12:24:37.564+0000] {taskinstance.py:2170} INFO - Starting attempt 1 of 2
[2025-06-09T12:24:37.584+0000] {taskinstance.py:2191} INFO - Executing <Task(_PythonDecoratedOperator): process_region_asia.process_returns_asia> on 2025-06-09 12:20:05.224697+00:00
[2025-06-09T12:24:37.592+0000] {standard_task_runner.py:60} INFO - Started process 49031 to run task
[2025-06-09T12:24:37.596+0000] {standard_task_runner.py:87} INFO - Running: ['airflow', 'tasks', 'run', 'multi_region_to_snowflake', 'process_region_asia.process_returns_asia', 'manual__2025-06-09T12:20:05.224697+00:00', '--job-id', '849', '--raw', '--subdir', 'DAGS_FOLDER/master_dag.py', '--cfg-path', '/tmp/tmpddf4jb_q']
[2025-06-09T12:24:37.598+0000] {standard_task_runner.py:88} INFO - Job 849: Subtask process_region_asia.process_returns_asia
[2025-06-09T12:24:37.705+0000] {task_command.py:423} INFO - Running <TaskInstance: multi_region_to_snowflake.process_region_asia.process_returns_asia manual__2025-06-09T12:20:05.224697+00:00 [running]> on host 7fa6630d536c
[2025-06-09T12:24:37.912+0000] {taskinstance.py:2480} INFO - Exporting env vars: AIRFLOW_CTX_DAG_OWNER='data-team' AIRFLOW_CTX_DAG_ID='multi_region_to_snowflake' AIRFLOW_CTX_TASK_ID='process_region_asia.process_returns_asia' AIRFLOW_CTX_EXECUTION_DATE='2025-06-09T12:20:05.224697+00:00' AIRFLOW_CTX_TRY_NUMBER='1' AIRFLOW_CTX_DAG_RUN_ID='manual__2025-06-09T12:20:05.224697+00:00'
[2025-06-09T12:24:49.534+0000] {logging_mixin.py:188} INFO - Processing returns for region asia
[2025-06-09T12:25:02.364+0000] {logging_mixin.py:188} INFO - STAGING_ASIA
[2025-06-09T12:25:13.620+0000] {logging_mixin.py:188} INFO - +---------+--------+-----------------+-------------+-------------------+-------------+-------------------+-------------------+-------+--------+
|return_id|order_id|    return_reason|return_status|   return_timestamp|refund_amount|   refund_timestamp|         created_at|_region| _source|
+---------+--------+-----------------+-------------+-------------------+-------------+-------------------+-------------------+-------+--------+
|        1|       5|     Changed mind|     approved|2024-03-11 10:30:45|        28300|2024-03-12 14:15:30|2024-03-11 10:30:45|   asia|postgres|
|        2|      10|Product defective|   processing|2024-03-16 00:00:00|        13000|               NULL|2024-03-16 00:00:00|   asia|postgres|
|        1|       5|     Changed mind|     approved|2024-03-11 10:30:45|        28300|2024-03-12 14:15:30|2024-03-11 10:30:45|   asia|postgres|
|        2|      10|Product defective|   processing|2024-03-16 00:00:00|        13000|               NULL|2024-03-16 00:00:00|   asia|postgres|
+---------+--------+-----------------+-------------+-------------------+-------------+-------------------+-------------------+-------+--------+
[2025-06-09T12:25:13.620+0000] {logging_mixin.py:188} INFO - Inserting into snowflake
[2025-06-09T12:25:27.223+0000] {logging_mixin.py:188} INFO - successfully inserted in snowflake
[2025-06-09T12:25:28.133+0000] {logging_mixin.py:188} INFO - Successfully processed 4 records for returns in asia
[2025-06-09T12:25:29.197+0000] {python.py:201} INFO - Done. Returned value was: {'region': 'asia', 'table': 'returns', 'record_count': 4, 'status': 'success'}
[2025-06-09T12:25:29.261+0000] {taskinstance.py:1138} INFO - Marking task as SUCCESS. dag_id=multi_region_to_snowflake, task_id=process_region_asia.process_returns_asia, execution_date=20250609T122005, start_date=20250609T122437, end_date=20250609T122529
[2025-06-09T12:25:29.320+0000] {local_task_job_runner.py:234} INFO - Task exited with return code 0
[2025-06-09T12:25:29.375+0000] {taskinstance.py:3280} INFO - 0 downstream tasks scheduled from follow-on schedule check
