[2025-06-06T09:03:13.906+0000] {taskinstance.py:1956} INFO - Dependencies all met for dep_context=non-requeueable deps ti=<TaskInstance: extract_postgres_table_to_parquet.extractions.run_extraction scheduled__2025-06-05T00:00:00+00:00 map_index=23 [queued]>
[2025-06-06T09:03:13.970+0000] {taskinstance.py:1956} INFO - Dependencies all met for dep_context=requeueable deps ti=<TaskInstance: extract_postgres_table_to_parquet.extractions.run_extraction scheduled__2025-06-05T00:00:00+00:00 map_index=23 [queued]>
[2025-06-06T09:03:13.972+0000] {taskinstance.py:2170} INFO - Starting attempt 1 of 1
[2025-06-06T09:03:14.046+0000] {taskinstance.py:2191} INFO - Executing <Mapped(_PythonDecoratedOperator): extractions.run_extraction> on 2025-06-05 00:00:00+00:00
[2025-06-06T09:03:14.072+0000] {standard_task_runner.py:60} INFO - Started process 3089 to run task
[2025-06-06T09:03:14.088+0000] {standard_task_runner.py:87} INFO - Running: ['airflow', 'tasks', 'run', 'extract_postgres_table_to_parquet', 'extractions.run_extraction', 'scheduled__2025-06-05T00:00:00+00:00', '--job-id', '59', '--raw', '--subdir', 'DAGS_FOLDER/asia/landing.py', '--cfg-path', '/tmp/tmpbau8fors', '--map-index', '23']
[2025-06-06T09:03:14.095+0000] {standard_task_runner.py:88} INFO - Job 59: Subtask extractions.run_extraction
[2025-06-06T09:03:14.415+0000] {task_command.py:423} INFO - Running <TaskInstance: extract_postgres_table_to_parquet.extractions.run_extraction scheduled__2025-06-05T00:00:00+00:00 map_index=23 [running]> on host 59a35f77855d
[2025-06-06T09:03:15.342+0000] {taskinstance.py:2480} INFO - Exporting env vars: AIRFLOW_CTX_DAG_OWNER='airflow' AIRFLOW_CTX_DAG_ID='extract_postgres_table_to_parquet' AIRFLOW_CTX_TASK_ID='extractions.run_extraction' AIRFLOW_CTX_EXECUTION_DATE='2025-06-05T00:00:00+00:00' AIRFLOW_CTX_TRY_NUMBER='1' AIRFLOW_CTX_DAG_RUN_ID='scheduled__2025-06-05T00:00:00+00:00'
[2025-06-06T09:03:15.353+0000] {logging_mixin.py:188} INFO - Starting extraction for table: marketing_campaigns in region: eu
[2025-06-06T09:03:15.463+0000] {logging_mixin.py:188} INFO - [INFO] No variable found. Using default: 2000-01-01 00:00:00.000
[2025-06-06T09:04:17.901+0000] {taskinstance.py:2698} ERROR - Task failed with exception
Traceback (most recent call last):
  File "/home/airflow/.local/lib/python3.10/site-packages/airflow/models/taskinstance.py", line 433, in _execute_task
    result = execute_callable(context=context, **execute_callable_kwargs)
  File "/home/airflow/.local/lib/python3.10/site-packages/airflow/decorators/base.py", line 241, in execute
    return_value = super().execute(context)
  File "/home/airflow/.local/lib/python3.10/site-packages/airflow/operators/python.py", line 199, in execute
    return_value = self.execute_callable()
  File "/home/airflow/.local/lib/python3.10/site-packages/airflow/operators/python.py", line 216, in execute_callable
    return self.python_callable(*self.op_args, **self.op_kwargs)
  File "/opt/airflow/dags/asia/landing.py", line 42, in run_extraction
    extract_postgres_table(
  File "/opt/airflow/dags/asia/../../scripts/pyspark_jobs/extract_to_parquet.py", line 39, in extract_postgres_table
    timestamp_col = TABLE_CONFIG[table]["regions"][region]["timestamp_column"]
KeyError: 'marketing_campaigns'
[2025-06-06T09:04:20.095+0000] {taskinstance.py:1138} INFO - Marking task as FAILED. dag_id=extract_postgres_table_to_parquet, task_id=extractions.run_extraction, map_index=23, execution_date=20250605T000000, start_date=20250606T090313, end_date=20250606T090419
[2025-06-06T09:04:21.878+0000] {standard_task_runner.py:107} ERROR - Failed to execute job 59 for task extractions.run_extraction ('marketing_campaigns'; 3089)
[2025-06-06T09:04:22.034+0000] {local_task_job_runner.py:234} INFO - Task exited with return code 1
[2025-06-06T09:04:26.811+0000] {taskinstance.py:3280} INFO - 0 downstream tasks scheduled from follow-on schedule check
