[2025-06-11T12:44:19.767+0000] {taskinstance.py:1956} INFO - Dependencies all met for dep_context=non-requeueable deps ti=<TaskInstance: multi_region_transform_staging_v2.process_region_asia.process_categories_asia manual__2025-06-11T12:44:00.486599+00:00 [queued]>
[2025-06-11T12:44:19.800+0000] {taskinstance.py:1956} INFO - Dependencies all met for dep_context=requeueable deps ti=<TaskInstance: multi_region_transform_staging_v2.process_region_asia.process_categories_asia manual__2025-06-11T12:44:00.486599+00:00 [queued]>
[2025-06-11T12:44:19.801+0000] {taskinstance.py:2170} INFO - Starting attempt 1 of 2
[2025-06-11T12:44:19.870+0000] {taskinstance.py:2191} INFO - Executing <Task(_PythonDecoratedOperator): process_region_asia.process_categories_asia> on 2025-06-11 12:44:00.486599+00:00
[2025-06-11T12:44:19.895+0000] {standard_task_runner.py:60} INFO - Started process 64206 to run task
[2025-06-11T12:44:19.895+0000] {clientserver.py:543} INFO - Closing down clientserver connection
[2025-06-11T12:44:19.903+0000] {standard_task_runner.py:87} INFO - Running: ['airflow', 'tasks', 'run', 'multi_region_transform_staging_v2', 'process_region_asia.process_categories_asia', 'manual__2025-06-11T12:44:00.486599+00:00', '--job-id', '1777', '--raw', '--subdir', 'DAGS_FOLDER/master_dag.py', '--cfg-path', '/tmp/tmpfg03vbri']
[2025-06-11T12:44:19.907+0000] {standard_task_runner.py:88} INFO - Job 1777: Subtask process_region_asia.process_categories_asia
[2025-06-11T12:44:20.092+0000] {task_command.py:423} INFO - Running <TaskInstance: multi_region_transform_staging_v2.process_region_asia.process_categories_asia manual__2025-06-11T12:44:00.486599+00:00 [running]> on host 8b0a421f0af7
[2025-06-11T12:44:20.382+0000] {taskinstance.py:2480} INFO - Exporting env vars: AIRFLOW_CTX_DAG_OWNER='data-team' AIRFLOW_CTX_DAG_ID='multi_region_transform_staging_v2' AIRFLOW_CTX_TASK_ID='process_region_asia.process_categories_asia' AIRFLOW_CTX_EXECUTION_DATE='2025-06-11T12:44:00.486599+00:00' AIRFLOW_CTX_TRY_NUMBER='1' AIRFLOW_CTX_DAG_RUN_ID='manual__2025-06-11T12:44:00.486599+00:00'
[2025-06-11T12:44:20.402+0000] {logging_mixin.py:188} INFO - Found an existing Spark session. Attempting to stop it.
[2025-06-11T12:50:26.245+0000] {local_task_job_runner.py:121} ERROR - Received SIGTERM. Terminating subprocesses
[2025-06-11T12:50:26.265+0000] {process_utils.py:131} INFO - Sending 15 to group 64206. PIDs of all processes in the group: [64206]
[2025-06-11T12:50:26.267+0000] {process_utils.py:86} INFO - Sending the signal 15 to group 64206
[2025-06-11T12:50:26.276+0000] {taskinstance.py:2450} ERROR - Received SIGTERM. Terminating subprocesses.
[2025-06-11T12:50:26.288+0000] {logging_mixin.py:188} INFO - An unexpected error occurred while stopping the Spark session: Task received SIGTERM signal
[2025-06-11T12:50:26.725+0000] {taskinstance.py:2698} ERROR - Task failed with exception
Traceback (most recent call last):
  File "/home/airflow/.local/lib/python3.10/site-packages/airflow/models/taskinstance.py", line 433, in _execute_task
    result = execute_callable(context=context, **execute_callable_kwargs)
  File "/home/airflow/.local/lib/python3.10/site-packages/airflow/decorators/base.py", line 241, in execute
    return_value = super().execute(context)
  File "/home/airflow/.local/lib/python3.10/site-packages/airflow/operators/python.py", line 199, in execute
    return_value = self.execute_callable()
  File "/home/airflow/.local/lib/python3.10/site-packages/airflow/operators/python.py", line 216, in execute_callable
    return self.python_callable(*self.op_args, **self.op_kwargs)
  File "/opt/airflow/dags/master_dag.py", line 188, in process_table
    spark = get_spark_session()
  File "/opt/airflow/scripts/spark_connector.py", line 36, in get_spark_session
  File "/home/airflow/.local/lib/python3.10/site-packages/pyspark/sql/session.py", line 500, in getOrCreate
    session = SparkSession(sc, options=self._options)
  File "/home/airflow/.local/lib/python3.10/site-packages/pyspark/sql/session.py", line 589, in __init__
    jsparkSession = self._jvm.SparkSession(self._jsc.sc(), options)
AttributeError: 'NoneType' object has no attribute 'sc'
[2025-06-11T12:50:26.795+0000] {taskinstance.py:1138} INFO - Marking task as UP_FOR_RETRY. dag_id=multi_region_transform_staging_v2, task_id=process_region_asia.process_categories_asia, execution_date=20250611T124400, start_date=20250611T124419, end_date=20250611T125026
[2025-06-11T12:50:26.841+0000] {standard_task_runner.py:107} ERROR - Failed to execute job 1777 for task process_region_asia.process_categories_asia ('NoneType' object has no attribute 'sc'; 64206)
[2025-06-11T12:50:26.886+0000] {process_utils.py:79} INFO - Process psutil.Process(pid=64206, status='terminated', exitcode=1, started='12:44:19') (64206) terminated with exit code 1
[2025-06-11T12:50:26.889+0000] {local_task_job_runner.py:234} INFO - Task exited with return code 143
[2025-06-11T12:50:27.245+0000] {taskinstance.py:3280} INFO - 0 downstream tasks scheduled from follow-on schedule check
