[2025-06-04T20:37:55.005+0000] {taskinstance.py:1956} INFO - Dependencies all met for dep_context=non-requeueable deps ti=<TaskInstance: schema_evolution_framework.run_schema_evolution manual__2025-06-04T20:37:51+00:00 [queued]>
[2025-06-04T20:37:55.013+0000] {taskinstance.py:1956} INFO - Dependencies all met for dep_context=requeueable deps ti=<TaskInstance: schema_evolution_framework.run_schema_evolution manual__2025-06-04T20:37:51+00:00 [queued]>
[2025-06-04T20:37:55.013+0000] {taskinstance.py:2170} INFO - Starting attempt 1 of 2
[2025-06-04T20:37:55.025+0000] {taskinstance.py:2191} INFO - Executing <Task(BashOperator): run_schema_evolution> on 2025-06-04 20:37:51+00:00
[2025-06-04T20:37:55.030+0000] {standard_task_runner.py:60} INFO - Started process 8461 to run task
[2025-06-04T20:37:55.034+0000] {standard_task_runner.py:87} INFO - Running: ['airflow', 'tasks', 'run', 'schema_evolution_framework', 'run_schema_evolution', 'manual__2025-06-04T20:37:51+00:00', '--job-id', '75', '--raw', '--subdir', 'DAGS_FOLDER/schema_drift/schema_drift.py', '--cfg-path', '/tmp/tmpdo363df6']
[2025-06-04T20:37:55.035+0000] {standard_task_runner.py:88} INFO - Job 75: Subtask run_schema_evolution
[2025-06-04T20:37:55.053+0000] {logging_mixin.py:188} WARNING - /home/airflow/.local/lib/python3.10/site-packages/airflow/settings.py:194 DeprecationWarning: The sql_alchemy_conn option in [core] has been moved to the sql_alchemy_conn option in [database] - the old setting has been used, but please update your config.
[2025-06-04T20:37:55.098+0000] {task_command.py:423} INFO - Running <TaskInstance: schema_evolution_framework.run_schema_evolution manual__2025-06-04T20:37:51+00:00 [running]> on host d21a88c59131
[2025-06-04T20:37:55.193+0000] {taskinstance.py:2480} INFO - Exporting env vars: AIRFLOW_CTX_DAG_OWNER='airflow' AIRFLOW_CTX_DAG_ID='schema_evolution_framework' AIRFLOW_CTX_TASK_ID='run_schema_evolution' AIRFLOW_CTX_EXECUTION_DATE='2025-06-04T20:37:51+00:00' AIRFLOW_CTX_TRY_NUMBER='1' AIRFLOW_CTX_DAG_RUN_ID='manual__2025-06-04T20:37:51+00:00'
[2025-06-04T20:37:55.194+0000] {subprocess.py:63} INFO - Tmp dir root location: /tmp
[2025-06-04T20:37:55.196+0000] {subprocess.py:75} INFO - Running command: ['/usr/bin/bash', '-c', 'spark-submit /opt/airflow/scripts/pyspark_jobs/schema_evolution.py --region asia --table customers --load_date 2025-06-04']
[2025-06-04T20:37:55.203+0000] {subprocess.py:86} INFO - Output:
[2025-06-04T20:37:57.551+0000] {subprocess.py:93} INFO - 25/06/04 20:37:57 INFO SparkContext: Running Spark version 3.5.6
[2025-06-04T20:37:57.553+0000] {subprocess.py:93} INFO - 25/06/04 20:37:57 INFO SparkContext: OS info Linux, 6.11.0-26-generic, amd64
[2025-06-04T20:37:57.553+0000] {subprocess.py:93} INFO - 25/06/04 20:37:57 INFO SparkContext: Java version 11.0.24
[2025-06-04T20:37:57.614+0000] {subprocess.py:93} INFO - 25/06/04 20:37:57 WARN NativeCodeLoader: Unable to load native-hadoop library for your platform... using builtin-java classes where applicable
[2025-06-04T20:37:57.696+0000] {subprocess.py:93} INFO - 25/06/04 20:37:57 INFO ResourceUtils: ==============================================================
[2025-06-04T20:37:57.697+0000] {subprocess.py:93} INFO - 25/06/04 20:37:57 INFO ResourceUtils: No custom resources configured for spark.driver.
[2025-06-04T20:37:57.697+0000] {subprocess.py:93} INFO - 25/06/04 20:37:57 INFO ResourceUtils: ==============================================================
[2025-06-04T20:37:57.698+0000] {subprocess.py:93} INFO - 25/06/04 20:37:57 INFO SparkContext: Submitted application: Schema Evolution Framework
[2025-06-04T20:37:57.717+0000] {subprocess.py:93} INFO - 25/06/04 20:37:57 INFO ResourceProfile: Default ResourceProfile created, executor resources: Map(cores -> name: cores, amount: 1, script: , vendor: , memory -> name: memory, amount: 1024, script: , vendor: , offHeap -> name: offHeap, amount: 0, script: , vendor: ), task resources: Map(cpus -> name: cpus, amount: 1.0)
[2025-06-04T20:37:57.729+0000] {subprocess.py:93} INFO - 25/06/04 20:37:57 INFO ResourceProfile: Limiting resource is cpu
[2025-06-04T20:37:57.730+0000] {subprocess.py:93} INFO - 25/06/04 20:37:57 INFO ResourceProfileManager: Added ResourceProfile id: 0
[2025-06-04T20:37:57.779+0000] {subprocess.py:93} INFO - 25/06/04 20:37:57 INFO SecurityManager: Changing view acls to: airflow
[2025-06-04T20:37:57.779+0000] {subprocess.py:93} INFO - 25/06/04 20:37:57 INFO SecurityManager: Changing modify acls to: airflow
[2025-06-04T20:37:57.779+0000] {subprocess.py:93} INFO - 25/06/04 20:37:57 INFO SecurityManager: Changing view acls groups to:
[2025-06-04T20:37:57.780+0000] {subprocess.py:93} INFO - 25/06/04 20:37:57 INFO SecurityManager: Changing modify acls groups to:
[2025-06-04T20:37:57.780+0000] {subprocess.py:93} INFO - 25/06/04 20:37:57 INFO SecurityManager: SecurityManager: authentication disabled; ui acls disabled; users with view permissions: airflow; groups with view permissions: EMPTY; users with modify permissions: airflow; groups with modify permissions: EMPTY
[2025-06-04T20:37:57.992+0000] {subprocess.py:93} INFO - 25/06/04 20:37:57 INFO Utils: Successfully started service 'sparkDriver' on port 37003.
[2025-06-04T20:37:58.019+0000] {subprocess.py:93} INFO - 25/06/04 20:37:58 INFO SparkEnv: Registering MapOutputTracker
[2025-06-04T20:37:58.053+0000] {subprocess.py:93} INFO - 25/06/04 20:37:58 INFO SparkEnv: Registering BlockManagerMaster
[2025-06-04T20:37:58.074+0000] {subprocess.py:93} INFO - 25/06/04 20:37:58 INFO BlockManagerMasterEndpoint: Using org.apache.spark.storage.DefaultTopologyMapper for getting topology information
[2025-06-04T20:37:58.074+0000] {subprocess.py:93} INFO - 25/06/04 20:37:58 INFO BlockManagerMasterEndpoint: BlockManagerMasterEndpoint up
[2025-06-04T20:37:58.079+0000] {subprocess.py:93} INFO - 25/06/04 20:37:58 INFO SparkEnv: Registering BlockManagerMasterHeartbeat
[2025-06-04T20:37:58.101+0000] {subprocess.py:93} INFO - 25/06/04 20:37:58 INFO DiskBlockManager: Created local directory at /tmp/blockmgr-497deceb-6283-4c78-9d07-df5ae78d816d
[2025-06-04T20:37:58.116+0000] {subprocess.py:93} INFO - 25/06/04 20:37:58 INFO MemoryStore: MemoryStore started with capacity 434.4 MiB
[2025-06-04T20:37:58.131+0000] {subprocess.py:93} INFO - 25/06/04 20:37:58 INFO SparkEnv: Registering OutputCommitCoordinator
[2025-06-04T20:37:58.268+0000] {subprocess.py:93} INFO - 25/06/04 20:37:58 INFO JettyUtils: Start Jetty 0.0.0.0:4040 for SparkUI
[2025-06-04T20:37:58.326+0000] {subprocess.py:93} INFO - 25/06/04 20:37:58 INFO Utils: Successfully started service 'SparkUI' on port 4040.
[2025-06-04T20:37:58.420+0000] {subprocess.py:93} INFO - 25/06/04 20:37:58 INFO Executor: Starting executor ID driver on host d21a88c59131
[2025-06-04T20:37:58.421+0000] {subprocess.py:93} INFO - 25/06/04 20:37:58 INFO Executor: OS info Linux, 6.11.0-26-generic, amd64
[2025-06-04T20:37:58.421+0000] {subprocess.py:93} INFO - 25/06/04 20:37:58 INFO Executor: Java version 11.0.24
[2025-06-04T20:37:58.429+0000] {subprocess.py:93} INFO - 25/06/04 20:37:58 INFO Executor: Starting executor with user classpath (userClassPathFirst = false): ''
[2025-06-04T20:37:58.430+0000] {subprocess.py:93} INFO - 25/06/04 20:37:58 INFO Executor: Created or updated repl class loader org.apache.spark.util.MutableURLClassLoader@5db85c33 for default.
[2025-06-04T20:37:58.452+0000] {subprocess.py:93} INFO - 25/06/04 20:37:58 INFO Utils: Successfully started service 'org.apache.spark.network.netty.NettyBlockTransferService' on port 36495.
[2025-06-04T20:37:58.452+0000] {subprocess.py:93} INFO - 25/06/04 20:37:58 INFO NettyBlockTransferService: Server created on d21a88c59131:36495
[2025-06-04T20:37:58.454+0000] {subprocess.py:93} INFO - 25/06/04 20:37:58 INFO BlockManager: Using org.apache.spark.storage.RandomBlockReplicationPolicy for block replication policy
[2025-06-04T20:37:58.461+0000] {subprocess.py:93} INFO - 25/06/04 20:37:58 INFO BlockManagerMaster: Registering BlockManager BlockManagerId(driver, d21a88c59131, 36495, None)
[2025-06-04T20:37:58.464+0000] {subprocess.py:93} INFO - 25/06/04 20:37:58 INFO BlockManagerMasterEndpoint: Registering block manager d21a88c59131:36495 with 434.4 MiB RAM, BlockManagerId(driver, d21a88c59131, 36495, None)
[2025-06-04T20:37:58.466+0000] {subprocess.py:93} INFO - 25/06/04 20:37:58 INFO BlockManagerMaster: Registered BlockManager BlockManagerId(driver, d21a88c59131, 36495, None)
[2025-06-04T20:37:58.467+0000] {subprocess.py:93} INFO - 25/06/04 20:37:58 INFO BlockManager: Initialized BlockManager: BlockManagerId(driver, d21a88c59131, 36495, None)
[2025-06-04T20:37:58.817+0000] {subprocess.py:93} INFO - 25/06/04 20:37:58 INFO SharedState: Setting hive.metastore.warehouse.dir ('null') to the value of spark.sql.warehouse.dir.
[2025-06-04T20:37:58.825+0000] {subprocess.py:93} INFO - 25/06/04 20:37:58 INFO SharedState: Warehouse path is 'file:/tmp/airflowtmplcg7pm8r/spark-warehouse'.
[2025-06-04T20:37:59.930+0000] {subprocess.py:93} INFO - Traceback (most recent call last):
[2025-06-04T20:37:59.930+0000] {subprocess.py:93} INFO -   File "/opt/airflow/scripts/pyspark_jobs/schema_evolution.py", line 258, in <module>
[2025-06-04T20:37:59.930+0000] {subprocess.py:93} INFO -     result = process_table_with_schema_evolution(region, table, load_date)
[2025-06-04T20:37:59.930+0000] {subprocess.py:93} INFO -   File "/opt/airflow/scripts/pyspark_jobs/schema_evolution.py", line 194, in process_table_with_schema_evolution
[2025-06-04T20:37:59.931+0000] {subprocess.py:93} INFO -     raw_df = spark.read.parquet(source_path)
[2025-06-04T20:37:59.931+0000] {subprocess.py:93} INFO -   File "/usr/local/spark/python/lib/pyspark.zip/pyspark/sql/readwriter.py", line 544, in parquet
[2025-06-04T20:37:59.931+0000] {subprocess.py:93} INFO -   File "/usr/local/spark/python/lib/py4j-0.10.9.7-src.zip/py4j/java_gateway.py", line 1322, in __call__
[2025-06-04T20:37:59.931+0000] {subprocess.py:93} INFO -   File "/usr/local/spark/python/lib/pyspark.zip/pyspark/errors/exceptions/captured.py", line 185, in deco
[2025-06-04T20:37:59.939+0000] {subprocess.py:93} INFO - pyspark.errors.exceptions.captured.AnalysisException: [PATH_NOT_FOUND] Path does not exist: file:/opt/airflow/data/raw/region=asia/table=customers1/load_date=2025-06-04 20:31:44.869.
[2025-06-04T20:37:59.987+0000] {subprocess.py:93} INFO - 25/06/04 20:37:59 INFO SparkContext: Invoking stop() from shutdown hook
[2025-06-04T20:37:59.988+0000] {subprocess.py:93} INFO - 25/06/04 20:37:59 INFO SparkContext: SparkContext is stopping with exitCode 0.
[2025-06-04T20:37:59.997+0000] {subprocess.py:93} INFO - 25/06/04 20:37:59 INFO SparkUI: Stopped Spark web UI at http://d21a88c59131:4040
[2025-06-04T20:38:00.009+0000] {subprocess.py:93} INFO - 25/06/04 20:38:00 INFO MapOutputTrackerMasterEndpoint: MapOutputTrackerMasterEndpoint stopped!
[2025-06-04T20:38:00.018+0000] {subprocess.py:93} INFO - 25/06/04 20:38:00 INFO MemoryStore: MemoryStore cleared
[2025-06-04T20:38:00.019+0000] {subprocess.py:93} INFO - 25/06/04 20:38:00 INFO BlockManager: BlockManager stopped
[2025-06-04T20:38:00.025+0000] {subprocess.py:93} INFO - 25/06/04 20:38:00 INFO BlockManagerMaster: BlockManagerMaster stopped
[2025-06-04T20:38:00.027+0000] {subprocess.py:93} INFO - 25/06/04 20:38:00 INFO OutputCommitCoordinator$OutputCommitCoordinatorEndpoint: OutputCommitCoordinator stopped!
[2025-06-04T20:38:00.032+0000] {subprocess.py:93} INFO - 25/06/04 20:38:00 INFO SparkContext: Successfully stopped SparkContext
[2025-06-04T20:38:00.032+0000] {subprocess.py:93} INFO - 25/06/04 20:38:00 INFO ShutdownHookManager: Shutdown hook called
[2025-06-04T20:38:00.033+0000] {subprocess.py:93} INFO - 25/06/04 20:38:00 INFO ShutdownHookManager: Deleting directory /tmp/spark-4d19ab2d-3966-4d84-846a-886c1ad3ade0
[2025-06-04T20:38:00.036+0000] {subprocess.py:93} INFO - 25/06/04 20:38:00 INFO ShutdownHookManager: Deleting directory /tmp/spark-4d19ab2d-3966-4d84-846a-886c1ad3ade0/pyspark-ed08f262-27ab-427f-8f00-c6b58717f7df
[2025-06-04T20:38:00.039+0000] {subprocess.py:93} INFO - 25/06/04 20:38:00 INFO ShutdownHookManager: Deleting directory /tmp/spark-051c43ab-8ea7-40a7-ba19-1b672ea47fe5
[2025-06-04T20:38:00.079+0000] {subprocess.py:97} INFO - Command exited with return code 1
[2025-06-04T20:38:00.093+0000] {taskinstance.py:2698} ERROR - Task failed with exception
Traceback (most recent call last):
  File "/home/airflow/.local/lib/python3.10/site-packages/airflow/models/taskinstance.py", line 433, in _execute_task
    result = execute_callable(context=context, **execute_callable_kwargs)
  File "/home/airflow/.local/lib/python3.10/site-packages/airflow/operators/bash.py", line 212, in execute
    raise AirflowException(
airflow.exceptions.AirflowException: Bash command failed. The command returned a non-zero exit code 1.
[2025-06-04T20:38:00.095+0000] {taskinstance.py:1138} INFO - Marking task as UP_FOR_RETRY. dag_id=schema_evolution_framework, task_id=run_schema_evolution, execution_date=20250604T203751, start_date=20250604T203755, end_date=20250604T203800
[2025-06-04T20:38:00.119+0000] {standard_task_runner.py:107} ERROR - Failed to execute job 75 for task run_schema_evolution (Bash command failed. The command returned a non-zero exit code 1.; 8461)
[2025-06-04T20:38:00.133+0000] {local_task_job_runner.py:234} INFO - Task exited with return code 1
[2025-06-04T20:38:00.150+0000] {taskinstance.py:3280} INFO - 0 downstream tasks scheduled from follow-on schedule check
