[2025-06-10T07:51:53.922+0000] {taskinstance.py:1956} INFO - Dependencies all met for dep_context=non-requeueable deps ti=<TaskInstance: multi_region_to_snowflake.process_region_eu.process_discounts_eu manual__2025-06-10T07:44:42.674457+00:00 [queued]>
[2025-06-10T07:51:53.956+0000] {taskinstance.py:1956} INFO - Dependencies all met for dep_context=requeueable deps ti=<TaskInstance: multi_region_to_snowflake.process_region_eu.process_discounts_eu manual__2025-06-10T07:44:42.674457+00:00 [queued]>
[2025-06-10T07:51:53.957+0000] {taskinstance.py:2170} INFO - Starting attempt 2 of 2
[2025-06-10T07:51:53.996+0000] {taskinstance.py:2191} INFO - Executing <Task(_PythonDecoratedOperator): process_region_eu.process_discounts_eu> on 2025-06-10 07:44:42.674457+00:00
[2025-06-10T07:51:54.008+0000] {standard_task_runner.py:60} INFO - Started process 11061 to run task
[2025-06-10T07:51:54.017+0000] {standard_task_runner.py:87} INFO - Running: ['airflow', 'tasks', 'run', 'multi_region_to_snowflake', 'process_region_eu.process_discounts_eu', 'manual__2025-06-10T07:44:42.674457+00:00', '--job-id', '1038', '--raw', '--subdir', 'DAGS_FOLDER/master_dag.py', '--cfg-path', '/tmp/tmpa1l7jyk6']
[2025-06-10T07:51:54.021+0000] {standard_task_runner.py:88} INFO - Job 1038: Subtask process_region_eu.process_discounts_eu
[2025-06-10T07:51:54.188+0000] {task_command.py:423} INFO - Running <TaskInstance: multi_region_to_snowflake.process_region_eu.process_discounts_eu manual__2025-06-10T07:44:42.674457+00:00 [running]> on host b27730b0b8ce
[2025-06-10T07:51:54.469+0000] {taskinstance.py:2480} INFO - Exporting env vars: AIRFLOW_CTX_DAG_OWNER='data-team' AIRFLOW_CTX_DAG_ID='multi_region_to_snowflake' AIRFLOW_CTX_TASK_ID='process_region_eu.process_discounts_eu' AIRFLOW_CTX_EXECUTION_DATE='2025-06-10T07:44:42.674457+00:00' AIRFLOW_CTX_TRY_NUMBER='2' AIRFLOW_CTX_DAG_RUN_ID='manual__2025-06-10T07:44:42.674457+00:00'
[2025-06-10T07:52:09.106+0000] {logging_mixin.py:188} INFO - Processing discounts for region eu
[2025-06-10T07:52:20.968+0000] {logging_mixin.py:188} INFO - STAGING_EU
[2025-06-10T07:52:33.166+0000] {logging_mixin.py:188} INFO - +-----------+-------------+--------------------+-------------+--------------+--------------------+--------------------+-----------+-----------+-------------------+-------------------+---------+-------------------+-------+--------+
|discount_id|discount_code|       discount_name|discount_type|discount_value|minimum_order_amount|maximum_order_amount|usage_limit|usage_count|         start_date|           end_date|is_active|         created_at|_region| _source|
+-----------+-------------+--------------------+-------------+--------------+--------------------+--------------------+-----------+-----------+-------------------+-------------------+---------+-------------------+-------+--------+
|          1|    WELCOME10|New Customer Welcome|   percentage|          10.0|               50.00|              100.00|       1000|        234|2023-12-31 23:00:00|2024-12-31 22:59:59|        1|2025-06-08 19:22:57|     eu|postgres|
|          2|     SPRING20| Spring Sale 20% Off|   percentage|          20.0|              100.00|              200.00|        500|        156|2024-02-29 23:00:00|2024-03-31 22:59:59|        0|2025-06-08 19:22:57|     eu|postgres|
|          3|     FREESHIP|       Free Shipping|     shipping|           0.0|               75.00|               15.00|       2000|        567|2023-12-31 23:00:00|2024-12-31 22:59:59|        1|2025-06-08 19:22:57|     eu|postgres|
|          4|    SAVE50EUR|        Save 50 Euro|        fixed|          50.0|              200.00|               50.00|        300|         89|2024-01-31 23:00:00|2024-02-29 22:59:59|        0|2025-06-08 19:22:57|     eu|postgres|
|          5|BLACKFRIDAY30|Black Friday 30% Off|   percentage|          30.0|              150.00|              300.00|       1000|        678|2024-11-24 23:00:00|2024-11-29 22:59:59|        0|2025-06-08 19:22:57|     eu|postgres|
|          6|    STUDENT15|    Student Discount|   percentage|          15.0|               30.00|              150.00|          0|        123|2023-12-31 23:00:00|2024-12-31 22:59:59|        1|2025-06-08 19:22:57|     eu|postgres|
|          7|    LOYALTY25|Loyalty Member 25...|   percentage|          25.0|              100.00|              250.00|        500|        234|2023-12-31 23:00:00|2024-12-31 22:59:59|        1|2025-06-08 19:22:57|     eu|postgres|
|          8|     SUMMER15|      Summer Special|   percentage|          15.0|               80.00|              120.00|        750|        345|2024-05-31 23:00:00|2024-08-31 22:59:59|        1|2025-06-08 19:22:57|     eu|postgres|
|          9|     FIRST100| First 100 Customers|        fixed|          25.0|              100.00|               25.00|        100|        100|2023-12-31 23:00:00|2024-01-31 22:59:59|        0|2025-06-08 19:22:57|     eu|postgres|
|         10|    WEEKEND10|     Weekend Special|   percentage|          10.0|               60.00|               80.00|          0|        456|2023-12-31 23:00:00|2024-12-31 22:59:59|        1|2025-06-08 19:22:57|     eu|postgres|
+-----------+-------------+--------------------+-------------+--------------+--------------------+--------------------+-----------+-----------+-------------------+-------------------+---------+-------------------+-------+--------+
only showing top 10 rows
[2025-06-10T07:52:33.167+0000] {logging_mixin.py:188} INFO - Inserting into snowflake
[2025-06-10T07:52:57.682+0000] {logging_mixin.py:188} INFO - successfully inserted in snowflake
[2025-06-10T07:52:58.804+0000] {logging_mixin.py:188} INFO - Successfully processed 20 records for discounts in eu
[2025-06-10T07:53:00.336+0000] {python.py:201} INFO - Done. Returned value was: {'region': 'eu', 'table': 'discounts', 'record_count': 20, 'status': 'success'}
[2025-06-10T07:53:00.387+0000] {taskinstance.py:1138} INFO - Marking task as SUCCESS. dag_id=multi_region_to_snowflake, task_id=process_region_eu.process_discounts_eu, execution_date=20250610T074442, start_date=20250610T075153, end_date=20250610T075300
[2025-06-10T07:53:00.413+0000] {local_task_job_runner.py:234} INFO - Task exited with return code 0
[2025-06-10T07:53:00.469+0000] {taskinstance.py:3280} INFO - 0 downstream tasks scheduled from follow-on schedule check
