[2025-06-09T07:48:57.520+0000] {taskinstance.py:1956} INFO - Dependencies all met for dep_context=non-requeueable deps ti=<TaskInstance: multi_region_processor_7.process_region_asia.process_discounts_asia manual__2025-06-09T07:48:53.001624+00:00 [queued]>
[2025-06-09T07:48:57.531+0000] {taskinstance.py:1956} INFO - Dependencies all met for dep_context=requeueable deps ti=<TaskInstance: multi_region_processor_7.process_region_asia.process_discounts_asia manual__2025-06-09T07:48:53.001624+00:00 [queued]>
[2025-06-09T07:48:57.532+0000] {taskinstance.py:2170} INFO - Starting attempt 1 of 2
[2025-06-09T07:48:57.546+0000] {taskinstance.py:2191} INFO - Executing <Task(_PythonDecoratedOperator): process_region_asia.process_discounts_asia> on 2025-06-09 07:48:53.001624+00:00
[2025-06-09T07:48:57.552+0000] {standard_task_runner.py:60} INFO - Started process 88509 to run task
[2025-06-09T07:48:57.557+0000] {standard_task_runner.py:87} INFO - Running: ['airflow', 'tasks', 'run', 'multi_region_processor_7', 'process_region_asia.process_discounts_asia', 'manual__2025-06-09T07:48:53.001624+00:00', '--job-id', '606', '--raw', '--subdir', 'DAGS_FOLDER/master2.py', '--cfg-path', '/tmp/tmpym9xq0ns']
[2025-06-09T07:48:57.559+0000] {standard_task_runner.py:88} INFO - Job 606: Subtask process_region_asia.process_discounts_asia
[2025-06-09T07:48:57.579+0000] {logging_mixin.py:188} WARNING - /home/airflow/.local/lib/python3.10/site-packages/airflow/settings.py:194 DeprecationWarning: The sql_alchemy_conn option in [core] has been moved to the sql_alchemy_conn option in [database] - the old setting has been used, but please update your config.
[2025-06-09T07:48:57.644+0000] {task_command.py:423} INFO - Running <TaskInstance: multi_region_processor_7.process_region_asia.process_discounts_asia manual__2025-06-09T07:48:53.001624+00:00 [running]> on host afcdbcf38bc0
[2025-06-09T07:48:57.840+0000] {taskinstance.py:2480} INFO - Exporting env vars: AIRFLOW_CTX_DAG_OWNER='data-team' AIRFLOW_CTX_DAG_ID='multi_region_processor_7' AIRFLOW_CTX_TASK_ID='process_region_asia.process_discounts_asia' AIRFLOW_CTX_EXECUTION_DATE='2025-06-09T07:48:53.001624+00:00' AIRFLOW_CTX_TRY_NUMBER='1' AIRFLOW_CTX_DAG_RUN_ID='manual__2025-06-09T07:48:53.001624+00:00'
[2025-06-09T07:49:03.394+0000] {logging_mixin.py:188} INFO - Processing discounts for region asia
[2025-06-09T07:49:03.395+0000] {logging_mixin.py:188} INFO - Error processing discounts for asia: No load_date folders found.
[2025-06-09T07:49:03.759+0000] {taskinstance.py:2698} ERROR - Task failed with exception
Traceback (most recent call last):
  File "/home/airflow/.local/lib/python3.10/site-packages/airflow/models/taskinstance.py", line 433, in _execute_task
    result = execute_callable(context=context, **execute_callable_kwargs)
  File "/home/airflow/.local/lib/python3.10/site-packages/airflow/decorators/base.py", line 241, in execute
    return_value = super().execute(context)
  File "/home/airflow/.local/lib/python3.10/site-packages/airflow/operators/python.py", line 199, in execute
    return_value = self.execute_callable()
  File "/home/airflow/.local/lib/python3.10/site-packages/airflow/operators/python.py", line 216, in execute_callable
    return self.python_callable(*self.op_args, **self.op_kwargs)
  File "/opt/airflow/dags/master2.py", line 141, in process_table
    raise FileNotFoundError("No load_date folders found.")
FileNotFoundError: No load_date folders found.
[2025-06-09T07:49:03.770+0000] {taskinstance.py:1138} INFO - Marking task as UP_FOR_RETRY. dag_id=multi_region_processor_7, task_id=process_region_asia.process_discounts_asia, execution_date=20250609T074853, start_date=20250609T074857, end_date=20250609T074903
[2025-06-09T07:49:03.781+0000] {standard_task_runner.py:107} ERROR - Failed to execute job 606 for task process_region_asia.process_discounts_asia (No load_date folders found.; 88509)
[2025-06-09T07:49:03.796+0000] {local_task_job_runner.py:234} INFO - Task exited with return code 1
[2025-06-09T07:49:03.824+0000] {taskinstance.py:3280} INFO - 0 downstream tasks scheduled from follow-on schedule check
