[2025-06-11T11:25:11.399+0000] {taskinstance.py:1956} INFO - Dependencies all met for dep_context=non-requeueable deps ti=<TaskInstance: geography_to_snowflake.Load_geography_method manual__2025-06-11T11:25:08.930920+00:00 [queued]>
[2025-06-11T11:25:11.421+0000] {taskinstance.py:1956} INFO - Dependencies all met for dep_context=requeueable deps ti=<TaskInstance: geography_to_snowflake.Load_geography_method manual__2025-06-11T11:25:08.930920+00:00 [queued]>
[2025-06-11T11:25:11.421+0000] {taskinstance.py:2170} INFO - Starting attempt 1 of 2
[2025-06-11T11:25:11.454+0000] {taskinstance.py:2191} INFO - Executing <Task(_PythonDecoratedOperator): Load_geography_method> on 2025-06-11 11:25:08.930920+00:00
[2025-06-11T11:25:11.471+0000] {standard_task_runner.py:60} INFO - Started process 5418 to run task
[2025-06-11T11:25:11.481+0000] {standard_task_runner.py:87} INFO - Running: ['airflow', 'tasks', 'run', 'geography_to_snowflake', 'Load_geography_method', 'manual__2025-06-11T11:25:08.930920+00:00', '--job-id', '1603', '--raw', '--subdir', 'DAGS_FOLDER/star/geography.py', '--cfg-path', '/tmp/tmp1z78593i']
[2025-06-11T11:25:11.485+0000] {standard_task_runner.py:88} INFO - Job 1603: Subtask Load_geography_method
[2025-06-11T11:25:11.662+0000] {task_command.py:423} INFO - Running <TaskInstance: geography_to_snowflake.Load_geography_method manual__2025-06-11T11:25:08.930920+00:00 [running]> on host 8b0a421f0af7
[2025-06-11T11:25:12.017+0000] {taskinstance.py:2480} INFO - Exporting env vars: AIRFLOW_CTX_DAG_OWNER='data-team' AIRFLOW_CTX_DAG_ID='geography_to_snowflake' AIRFLOW_CTX_TASK_ID='Load_geography_method' AIRFLOW_CTX_EXECUTION_DATE='2025-06-11T11:25:08.930920+00:00' AIRFLOW_CTX_TRY_NUMBER='1' AIRFLOW_CTX_DAG_RUN_ID='manual__2025-06-11T11:25:08.930920+00:00'
[2025-06-11T11:26:12.000+0000] {logging_mixin.py:188} INFO - Data written to temporary Snowflake table.
[2025-06-11T11:26:12.022+0000] {connection.py:486} INFO - Snowflake Connector for Python Version: 3.15.0, Python Version: 3.10.13, Platform: Linux-6.11.0-26-generic-x86_64-with-glibc2.36
[2025-06-11T11:26:12.024+0000] {connection.py:1391} INFO - Connecting to GLOBAL Snowflake domain
[2025-06-11T11:26:16.684+0000] {logging_mixin.py:188} INFO - Merge operation completed successfully.
[2025-06-11T11:26:17.551+0000] {connection.py:486} INFO - Snowflake Connector for Python Version: 3.15.0, Python Version: 3.10.13, Platform: Linux-6.11.0-26-generic-x86_64-with-glibc2.36
[2025-06-11T11:26:17.552+0000] {connection.py:1391} INFO - Connecting to GLOBAL Snowflake domain
[2025-06-11T11:26:19.562+0000] {logging_mixin.py:188} INFO - Temporary table STAR.DIM_GEOGRAPHY_TEMP dropped successfully.
[2025-06-11T11:26:21.377+0000] {logging_mixin.py:188} INFO - Upsert completed from Spark CSV to Snowflake.
[2025-06-11T11:26:21.378+0000] {logging_mixin.py:188} INFO - Successfully completed processing.
[2025-06-11T11:26:21.379+0000] {python.py:201} INFO - Done. Returned value was: None
[2025-06-11T11:26:21.409+0000] {taskinstance.py:1138} INFO - Marking task as SUCCESS. dag_id=geography_to_snowflake, task_id=Load_geography_method, execution_date=20250611T112508, start_date=20250611T112511, end_date=20250611T112621
[2025-06-11T11:26:21.455+0000] {local_task_job_runner.py:234} INFO - Task exited with return code 0
[2025-06-11T11:26:21.499+0000] {taskinstance.py:3280} INFO - 0 downstream tasks scheduled from follow-on schedule check
