[2025-06-11T16:08:13.872+0000] {taskinstance.py:1956} INFO - Dependencies all met for dep_context=non-requeueable deps ti=<TaskInstance: multi_region_transform_staging_v2.process_region_eu.process_categories_eu manual__2025-06-11T16:08:10.701979+00:00 [queued]>
[2025-06-11T16:08:13.889+0000] {taskinstance.py:1956} INFO - Dependencies all met for dep_context=requeueable deps ti=<TaskInstance: multi_region_transform_staging_v2.process_region_eu.process_categories_eu manual__2025-06-11T16:08:10.701979+00:00 [queued]>
[2025-06-11T16:08:13.889+0000] {taskinstance.py:2170} INFO - Starting attempt 1 of 2
[2025-06-11T16:08:13.915+0000] {taskinstance.py:2191} INFO - Executing <Task(_PythonDecoratedOperator): process_region_eu.process_categories_eu> on 2025-06-11 16:08:10.701979+00:00
[2025-06-11T16:08:13.931+0000] {standard_task_runner.py:60} INFO - Started process 23101 to run task
[2025-06-11T16:08:13.935+0000] {standard_task_runner.py:87} INFO - Running: ['airflow', 'tasks', 'run', 'multi_region_transform_staging_v2', 'process_region_eu.process_categories_eu', 'manual__2025-06-11T16:08:10.701979+00:00', '--job-id', '187', '--raw', '--subdir', 'DAGS_FOLDER/master_dag.py', '--cfg-path', '/tmp/tmp2o7s1anq']
[2025-06-11T16:08:13.939+0000] {standard_task_runner.py:88} INFO - Job 187: Subtask process_region_eu.process_categories_eu
[2025-06-11T16:08:14.061+0000] {task_command.py:423} INFO - Running <TaskInstance: multi_region_transform_staging_v2.process_region_eu.process_categories_eu manual__2025-06-11T16:08:10.701979+00:00 [running]> on host 5950010ae7c1
[2025-06-11T16:08:14.261+0000] {taskinstance.py:2480} INFO - Exporting env vars: AIRFLOW_CTX_DAG_OWNER='data-team' AIRFLOW_CTX_DAG_ID='multi_region_transform_staging_v2' AIRFLOW_CTX_TASK_ID='process_region_eu.process_categories_eu' AIRFLOW_CTX_EXECUTION_DATE='2025-06-11T16:08:10.701979+00:00' AIRFLOW_CTX_TRY_NUMBER='1' AIRFLOW_CTX_DAG_RUN_ID='manual__2025-06-11T16:08:10.701979+00:00'
[2025-06-11T16:08:28.841+0000] {logging_mixin.py:188} INFO - Debugggg::::Vector(spark://5950010ae7c1:45935/jars/spark-snowflake_2.12-2.16.0-spark_3.2.jar, spark://5950010ae7c1:45935/jars/snowflake-jdbc-3.13.17.jar)
[2025-06-11T16:08:28.842+0000] {logging_mixin.py:188} INFO - Processing categories for region eu
[2025-06-11T16:08:28.882+0000] {logging_mixin.py:188} INFO - /opt/airflow/data/raw/region=eu/table=categories/load_date=2025-06-11
[2025-06-11T16:08:54.440+0000] {logging_mixin.py:188} INFO - STAGING_EU
[2025-06-11T16:08:58.428+0000] {logging_mixin.py:188} INFO - +-----------+-------------+-------------------+------------------+--------------------+---------+--------------+-------------------+-------------------+-------+--------+
|category_id|category_name|category_name_local|parent_category_id|       category_path|is_active|gdpr_sensitive|         created_at|         updated_at|_region| _source|
+-----------+-------------+-------------------+------------------+--------------------+---------+--------------+-------------------+-------------------+-------+--------+
|          1|  Electronics|         Elektronik|              NULL|        /Electronics|        1|         false|2025-06-11 02:14:31|2025-06-11 02:14:31|     eu|postgres|
|          2|  Smartphones|        Smartphones|                 1|/Electronics/Smar...|        1|         false|2025-06-11 02:14:31|2025-06-11 02:14:31|     eu|postgres|
|          3|      Laptops|            Laptops|                 1|/Electronics/Laptops|        1|         false|2025-06-11 02:14:31|2025-06-11 02:14:31|     eu|postgres|
|          4|       Gaming|             Spiele|                 1| /Electronics/Gaming|        1|         false|2025-06-11 02:14:31|2025-06-11 02:14:31|     eu|postgres|
|          5|     Clothing|           Kleidung|              NULL|           /Clothing|        1|         false|2025-06-11 02:14:31|2025-06-11 02:14:31|     eu|postgres|
|          6|    Mens Wear|   Herrenbekleidung|                 5|      /Clothing/Mens|        1|         false|2025-06-11 02:14:31|2025-06-11 02:14:31|     eu|postgres|
|          7|  Womens Wear|    Damenbekleidung|                 5|    /Clothing/Womens|        1|         false|2025-06-11 02:14:31|2025-06-11 02:14:31|     eu|postgres|
|          8|Home & Garden|      Haus & Garten|              NULL|        /Home-Garden|        1|         false|2025-06-11 02:14:31|2025-06-11 02:14:31|     eu|postgres|
|          9|    Furniture|              Möbel|                 8|/Home-Garden/Furn...|        1|         false|2025-06-11 02:14:31|2025-06-11 02:14:31|     eu|postgres|
|         10|        Books|             Bücher|              NULL|              /Books|        1|          true|2025-06-11 02:14:31|2025-06-11 02:14:31|     eu|postgres|
+-----------+-------------+-------------------+------------------+--------------------+---------+--------------+-------------------+-------------------+-------+--------+
only showing top 10 rows
[2025-06-11T16:08:58.434+0000] {logging_mixin.py:188} INFO - Inserting into snowflake
[2025-06-11T16:09:10.926+0000] {logging_mixin.py:188} INFO - successfully inserted in snowflake
[2025-06-11T16:09:10.955+0000] {crypto.py:82} WARNING - empty cryptography key - values will not be stored encrypted.
[2025-06-11T16:09:11.165+0000] {logging_mixin.py:188} INFO - Successfully processed 15 records for categories in eu
[2025-06-11T16:09:13.434+0000] {python.py:201} INFO - Done. Returned value was: {'region': 'eu', 'table': 'categories', 'record_count': 15, 'status': 'success'}
[2025-06-11T16:09:13.503+0000] {taskinstance.py:1138} INFO - Marking task as SUCCESS. dag_id=multi_region_transform_staging_v2, task_id=process_region_eu.process_categories_eu, execution_date=20250611T160810, start_date=20250611T160813, end_date=20250611T160913
[2025-06-11T16:09:13.580+0000] {local_task_job_runner.py:234} INFO - Task exited with return code 0
[2025-06-11T16:09:13.892+0000] {taskinstance.py:3280} INFO - 1 downstream tasks scheduled from follow-on schedule check
