[2025-06-10T19:17:17.240+0000] {taskinstance.py:1956} INFO - Dependencies all met for dep_context=non-requeueable deps ti=<TaskInstance: payment_method_to_snowflake.Load_payment_method manual__2025-06-10T19:17:15.597271+00:00 [queued]>
[2025-06-10T19:17:17.248+0000] {taskinstance.py:1956} INFO - Dependencies all met for dep_context=requeueable deps ti=<TaskInstance: payment_method_to_snowflake.Load_payment_method manual__2025-06-10T19:17:15.597271+00:00 [queued]>
[2025-06-10T19:17:17.248+0000] {taskinstance.py:2170} INFO - Starting attempt 1 of 2
[2025-06-10T19:17:17.257+0000] {taskinstance.py:2191} INFO - Executing <Task(_PythonDecoratedOperator): Load_payment_method> on 2025-06-10 19:17:15.597271+00:00
[2025-06-10T19:17:17.265+0000] {standard_task_runner.py:60} INFO - Started process 13339 to run task
[2025-06-10T19:17:17.267+0000] {standard_task_runner.py:87} INFO - Running: ['airflow', 'tasks', 'run', 'payment_method_to_snowflake', 'Load_payment_method', 'manual__2025-06-10T19:17:15.597271+00:00', '--job-id', '1120', '--raw', '--subdir', 'DAGS_FOLDER/star/payment_dim.py', '--cfg-path', '/tmp/tmplo6fa6_0']
[2025-06-10T19:17:17.268+0000] {standard_task_runner.py:88} INFO - Job 1120: Subtask Load_payment_method
[2025-06-10T19:17:17.323+0000] {task_command.py:423} INFO - Running <TaskInstance: payment_method_to_snowflake.Load_payment_method manual__2025-06-10T19:17:15.597271+00:00 [running]> on host 9820768629fb
[2025-06-10T19:17:17.422+0000] {taskinstance.py:2480} INFO - Exporting env vars: AIRFLOW_CTX_DAG_OWNER='data-team' AIRFLOW_CTX_DAG_ID='payment_method_to_snowflake' AIRFLOW_CTX_TASK_ID='Load_payment_method' AIRFLOW_CTX_EXECUTION_DATE='2025-06-10T19:17:15.597271+00:00' AIRFLOW_CTX_TRY_NUMBER='1' AIRFLOW_CTX_DAG_RUN_ID='manual__2025-06-10T19:17:15.597271+00:00'
[2025-06-10T19:17:43.514+0000] {connection.py:486} INFO - Snowflake Connector for Python Version: 3.15.0, Python Version: 3.10.13, Platform: Linux-6.11.0-26-generic-x86_64-with-glibc2.36
[2025-06-10T19:17:43.517+0000] {connection.py:1391} INFO - Connecting to GLOBAL Snowflake domain
[2025-06-10T19:17:46.915+0000] {logging_mixin.py:188} INFO - Error processing payment data: 001003 (42000): 01bcf125-0305-94c3-0008-654b001295e6: SQL compilation error:
syntax error line 4 at position 13 unexpected 'MARCHED'.
[2025-06-10T19:17:46.916+0000] {taskinstance.py:2698} ERROR - Task failed with exception
Traceback (most recent call last):
  File "/home/airflow/.local/lib/python3.10/site-packages/airflow/models/taskinstance.py", line 433, in _execute_task
    result = execute_callable(context=context, **execute_callable_kwargs)
  File "/home/airflow/.local/lib/python3.10/site-packages/airflow/decorators/base.py", line 241, in execute
    return_value = super().execute(context)
  File "/home/airflow/.local/lib/python3.10/site-packages/airflow/operators/python.py", line 199, in execute
    return_value = self.execute_callable()
  File "/home/airflow/.local/lib/python3.10/site-packages/airflow/operators/python.py", line 216, in execute_callable
    return self.python_callable(*self.op_args, **self.op_kwargs)
  File "/opt/airflow/dags/star/payment_dim.py", line 61, in Load_payment_method
    raise e
  File "/opt/airflow/dags/star/payment_dim.py", line 56, in Load_payment_method
    upsert_payment_methods_from_csv_spark('/opt/airflow/data/lookup/payment_method.csv')
  File "/opt/airflow/scripts/star_load/payment_method.py", line 80, in upsert_payment_methods_from_csv_spark
    cur.execute(merge_sql)
  File "/home/airflow/.local/lib/python3.10/site-packages/snowflake/connector/cursor.py", line 1134, in execute
    Error.errorhandler_wrapper(self.connection, self, error_class, errvalue)
  File "/home/airflow/.local/lib/python3.10/site-packages/snowflake/connector/errors.py", line 279, in errorhandler_wrapper
    handed_over = Error.hand_to_other_handler(
  File "/home/airflow/.local/lib/python3.10/site-packages/snowflake/connector/errors.py", line 334, in hand_to_other_handler
    cursor.errorhandler(connection, cursor, error_class, error_value)
  File "/home/airflow/.local/lib/python3.10/site-packages/snowflake/connector/errors.py", line 210, in default_errorhandler
    raise error_class(
snowflake.connector.errors.ProgrammingError: 001003 (42000): 01bcf125-0305-94c3-0008-654b001295e6: SQL compilation error:
syntax error line 4 at position 13 unexpected 'MARCHED'.
[2025-06-10T19:17:47.010+0000] {taskinstance.py:1138} INFO - Marking task as UP_FOR_RETRY. dag_id=payment_method_to_snowflake, task_id=Load_payment_method, execution_date=20250610T191715, start_date=20250610T191717, end_date=20250610T191747
[2025-06-10T19:17:47.048+0000] {standard_task_runner.py:107} ERROR - Failed to execute job 1120 for task Load_payment_method (001003 (42000): 01bcf125-0305-94c3-0008-654b001295e6: SQL compilation error:
syntax error line 4 at position 13 unexpected 'MARCHED'.; 13339)
[2025-06-10T19:17:47.083+0000] {local_task_job_runner.py:234} INFO - Task exited with return code 1
[2025-06-10T19:17:47.138+0000] {taskinstance.py:3280} INFO - 0 downstream tasks scheduled from follow-on schedule check
