[2025-06-11T10:34:49.763+0000] {taskinstance.py:1956} INFO - Dependencies all met for dep_context=non-requeueable deps ti=<TaskInstance: extract_postgres_table_to_parquet.run_extraction_asia manual__2025-06-11T10:20:48.608384+00:00 [queued]>
[2025-06-11T10:34:49.775+0000] {taskinstance.py:1956} INFO - Dependencies all met for dep_context=requeueable deps ti=<TaskInstance: extract_postgres_table_to_parquet.run_extraction_asia manual__2025-06-11T10:20:48.608384+00:00 [queued]>
[2025-06-11T10:34:49.775+0000] {taskinstance.py:2170} INFO - Starting attempt 1 of 1
[2025-06-11T10:34:49.791+0000] {taskinstance.py:2191} INFO - Executing <Task(_PythonDecoratedOperator): run_extraction_asia> on 2025-06-11 10:20:48.608384+00:00
[2025-06-11T10:34:49.797+0000] {standard_task_runner.py:60} INFO - Started process 10021 to run task
[2025-06-11T10:34:49.802+0000] {standard_task_runner.py:87} INFO - Running: ['airflow', 'tasks', 'run', 'extract_postgres_table_to_parquet', 'run_extraction_asia', 'manual__2025-06-11T10:20:48.608384+00:00', '--job-id', '1575', '--raw', '--subdir', 'DAGS_FOLDER/asia/landing.py', '--cfg-path', '/tmp/tmpg6fucd6t']
[2025-06-11T10:34:49.804+0000] {standard_task_runner.py:88} INFO - Job 1575: Subtask run_extraction_asia
[2025-06-11T10:34:49.889+0000] {task_command.py:423} INFO - Running <TaskInstance: extract_postgres_table_to_parquet.run_extraction_asia manual__2025-06-11T10:20:48.608384+00:00 [running]> on host 0290689661db
[2025-06-11T10:34:50.070+0000] {taskinstance.py:2480} INFO - Exporting env vars: AIRFLOW_CTX_DAG_OWNER='airflow' AIRFLOW_CTX_DAG_ID='extract_postgres_table_to_parquet' AIRFLOW_CTX_TASK_ID='run_extraction_asia' AIRFLOW_CTX_EXECUTION_DATE='2025-06-11T10:20:48.608384+00:00' AIRFLOW_CTX_TRY_NUMBER='1' AIRFLOW_CTX_DAG_RUN_ID='manual__2025-06-11T10:20:48.608384+00:00'
[2025-06-11T10:34:50.072+0000] {logging_mixin.py:188} INFO - Starting extraction for table: categories in region: asia
[2025-06-11T10:34:50.072+0000] {logging_mixin.py:188} INFO - load_date:::::2025-06-11
[2025-06-11T10:35:20.482+0000] {logging_mixin.py:188} INFO - [INFO] Last loaded timestamp: 2025-06-11 02:14:04
[2025-06-11T10:35:24.901+0000] {logging_mixin.py:188} INFO - [INFO] No new records found in asia.categories
[2025-06-11T10:35:25.881+0000] {logging_mixin.py:188} INFO - Starting extraction for table: products in region: asia
[2025-06-11T10:35:25.882+0000] {logging_mixin.py:188} INFO - load_date:::::2025-06-11
[2025-06-11T10:35:28.772+0000] {logging_mixin.py:188} INFO - [INFO] Last loaded timestamp: 2024-01-31 00:00:00
[2025-06-11T10:35:29.777+0000] {logging_mixin.py:188} INFO - [INFO] No new records found in asia.products
[2025-06-11T10:35:30.774+0000] {logging_mixin.py:188} INFO - Starting extraction for table: product_variants in region: asia
[2025-06-11T10:35:30.775+0000] {logging_mixin.py:188} INFO - load_date:::::2025-06-11
[2025-06-11T10:35:33.361+0000] {logging_mixin.py:188} INFO - [INFO] Last loaded timestamp: 2024-11-02 00:00:00
[2025-06-11T10:35:34.411+0000] {logging_mixin.py:188} INFO - [INFO] No new records found in asia.product_variants
[2025-06-11T10:35:35.408+0000] {logging_mixin.py:188} INFO - Starting extraction for table: inventory in region: asia
[2025-06-11T10:35:35.408+0000] {logging_mixin.py:188} INFO - load_date:::::2025-06-11
[2025-06-11T10:35:37.418+0000] {logging_mixin.py:188} INFO - [INFO] Last loaded timestamp: 2024-12-03 00:00:00
[2025-06-11T10:35:38.226+0000] {logging_mixin.py:188} INFO - [INFO] No new records found in asia.inventory
[2025-06-11T10:35:39.225+0000] {logging_mixin.py:188} INFO - Starting extraction for table: customers in region: asia
[2025-06-11T10:35:39.225+0000] {logging_mixin.py:188} INFO - load_date:::::2025-06-11
[2025-06-11T10:35:42.535+0000] {logging_mixin.py:188} INFO - [INFO] Last loaded timestamp: 2024-02-08 12:50:45
[2025-06-11T10:35:43.337+0000] {logging_mixin.py:188} INFO - [INFO] No new records found in asia.customers
[2025-06-11T10:35:44.331+0000] {logging_mixin.py:188} INFO - Starting extraction for table: customer_addresses in region: asia
[2025-06-11T10:35:44.331+0000] {logging_mixin.py:188} INFO - load_date:::::2025-06-11
[2025-06-11T10:35:47.191+0000] {logging_mixin.py:188} INFO - [INFO] Last loaded timestamp: 2025-06-11 02:14:04
[2025-06-11T10:35:48.269+0000] {logging_mixin.py:188} INFO - [INFO] No new records found in asia.customer_addresses
[2025-06-11T10:35:49.262+0000] {logging_mixin.py:188} INFO - Starting extraction for table: marketing_campaigns in region: asia
[2025-06-11T10:35:49.262+0000] {logging_mixin.py:188} INFO - load_date:::::2025-06-11
[2025-06-11T10:35:51.888+0000] {logging_mixin.py:188} INFO - [INFO] Last loaded timestamp: 2024-02-24 00:00:00
[2025-06-11T10:35:52.680+0000] {logging_mixin.py:188} INFO - [INFO] No new records found in asia.marketing_campaigns
[2025-06-11T10:35:53.686+0000] {logging_mixin.py:188} INFO - Starting extraction for table: discounts in region: asia
[2025-06-11T10:35:53.687+0000] {logging_mixin.py:188} INFO - load_date:::::2025-06-11
[2025-06-11T10:35:57.063+0000] {logging_mixin.py:188} INFO - [INFO] Last loaded timestamp: 2024-05-03 00:00:00
[2025-06-11T10:35:58.222+0000] {logging_mixin.py:188} INFO - [INFO] No new records found in asia.discounts
[2025-06-11T10:35:59.217+0000] {logging_mixin.py:188} INFO - Starting extraction for table: shopping_carts in region: asia
[2025-06-11T10:35:59.217+0000] {logging_mixin.py:188} INFO - load_date:::::2025-06-11
[2025-06-11T10:36:02.159+0000] {logging_mixin.py:188} INFO - [INFO] Last loaded timestamp: 2024-03-19 00:00:00
[2025-06-11T10:36:03.512+0000] {logging_mixin.py:188} INFO - [INFO] No new records found in asia.shopping_carts
[2025-06-11T10:36:04.492+0000] {logging_mixin.py:188} INFO - Starting extraction for table: cart_items in region: asia
[2025-06-11T10:36:04.493+0000] {logging_mixin.py:188} INFO - load_date:::::2025-06-11
[2025-06-11T10:36:07.471+0000] {logging_mixin.py:188} INFO - [INFO] Last loaded timestamp: 2024-03-19 08:50:15
[2025-06-11T10:36:08.553+0000] {logging_mixin.py:188} INFO - [INFO] No new records found in asia.cart_items
[2025-06-11T10:36:09.543+0000] {logging_mixin.py:188} INFO - Starting extraction for table: orders in region: asia
[2025-06-11T10:36:09.543+0000] {logging_mixin.py:188} INFO - load_date:::::2025-06-11
[2025-06-11T10:36:13.243+0000] {logging_mixin.py:188} INFO - [INFO] Last loaded timestamp: 2024-10-03 00:00:00
[2025-06-11T10:36:15.033+0000] {logging_mixin.py:188} INFO - [INFO] No new records found in asia.orders
[2025-06-11T10:36:16.029+0000] {logging_mixin.py:188} INFO - Starting extraction for table: order_items in region: asia
[2025-06-11T10:36:16.030+0000] {logging_mixin.py:188} INFO - load_date:::::2025-06-11
[2025-06-11T10:36:18.362+0000] {logging_mixin.py:188} INFO - [INFO] Last loaded timestamp: 2024-03-14 15:30:45
[2025-06-11T10:36:19.250+0000] {logging_mixin.py:188} INFO - [INFO] No new records found in asia.order_items
[2025-06-11T10:36:20.236+0000] {logging_mixin.py:188} INFO - Starting extraction for table: shipments in region: asia
[2025-06-11T10:36:20.236+0000] {logging_mixin.py:188} INFO - load_date:::::2025-06-11
[2025-06-11T10:36:22.453+0000] {logging_mixin.py:188} INFO - [INFO] Last loaded timestamp: 2024-10-03 00:00:00
[2025-06-11T10:36:23.426+0000] {logging_mixin.py:188} INFO - [INFO] No new records found in asia.shipments
[2025-06-11T10:36:24.416+0000] {logging_mixin.py:188} INFO - Starting extraction for table: returns in region: asia
[2025-06-11T10:36:24.418+0000] {logging_mixin.py:188} INFO - load_date:::::2025-06-11
[2025-06-11T10:36:27.791+0000] {logging_mixin.py:188} INFO - [INFO] Last loaded timestamp: 2024-03-16 00:00:00
[2025-06-11T10:36:28.708+0000] {logging_mixin.py:188} INFO - [INFO] No new records found in asia.returns
[2025-06-11T10:36:29.713+0000] {logging_mixin.py:188} INFO - Starting extraction for table: product_reviews in region: asia
[2025-06-11T10:36:29.714+0000] {logging_mixin.py:188} INFO - load_date:::::2025-06-11
[2025-06-11T10:36:32.272+0000] {logging_mixin.py:188} INFO - [INFO] Last loaded timestamp: 2025-06-11 02:14:04
[2025-06-11T10:36:33.001+0000] {logging_mixin.py:188} INFO - [INFO] No new records found in asia.product_reviews
[2025-06-11T10:36:34.001+0000] {logging_mixin.py:188} INFO - Starting extraction for table: payments in region: asia
[2025-06-11T10:36:34.002+0000] {logging_mixin.py:188} INFO - load_date:::::2025-06-11
[2025-06-11T10:36:35.919+0000] {logging_mixin.py:188} INFO - [INFO] Last loaded timestamp: 2024-09-03 00:00:00
[2025-06-11T10:36:36.559+0000] {logging_mixin.py:188} INFO - [INFO] No new records found in asia.payments
[2025-06-11T10:36:37.561+0000] {logging_mixin.py:188} INFO - Starting extraction for table: wishlists in region: asia
[2025-06-11T10:36:37.562+0000] {logging_mixin.py:188} INFO - load_date:::::2025-06-11
[2025-06-11T10:36:39.372+0000] {logging_mixin.py:188} INFO - [INFO] Last loaded timestamp: 2024-03-21 00:00:00
[2025-06-11T10:36:39.827+0000] {logging_mixin.py:188} INFO - [INFO] No new records found in asia.wishlists
[2025-06-11T10:36:40.828+0000] {python.py:201} INFO - Done. Returned value was: None
[2025-06-11T10:36:40.923+0000] {taskinstance.py:1138} INFO - Marking task as SUCCESS. dag_id=extract_postgres_table_to_parquet, task_id=run_extraction_asia, execution_date=20250611T102048, start_date=20250611T103449, end_date=20250611T103640
[2025-06-11T10:36:41.116+0000] {local_task_job_runner.py:234} INFO - Task exited with return code 0
[2025-06-11T10:36:41.299+0000] {taskinstance.py:3280} INFO - 0 downstream tasks scheduled from follow-on schedule check
