[2025-06-09T11:25:45.048+0000] {taskinstance.py:1956} INFO - Dependencies all met for dep_context=non-requeueable deps ti=<TaskInstance: multi_region_to_snowflake.process_region_asia.process_customer_addresses_asia manual__2025-06-09T11:22:33.329920+00:00 [queued]>
[2025-06-09T11:25:45.079+0000] {taskinstance.py:1956} INFO - Dependencies all met for dep_context=requeueable deps ti=<TaskInstance: multi_region_to_snowflake.process_region_asia.process_customer_addresses_asia manual__2025-06-09T11:22:33.329920+00:00 [queued]>
[2025-06-09T11:25:45.081+0000] {taskinstance.py:2170} INFO - Starting attempt 1 of 2
[2025-06-09T11:25:45.124+0000] {taskinstance.py:2191} INFO - Executing <Task(_PythonDecoratedOperator): process_region_asia.process_customer_addresses_asia> on 2025-06-09 11:22:33.329920+00:00
[2025-06-09T11:25:45.142+0000] {standard_task_runner.py:60} INFO - Started process 14440 to run task
[2025-06-09T11:25:45.152+0000] {standard_task_runner.py:87} INFO - Running: ['airflow', 'tasks', 'run', 'multi_region_to_snowflake', 'process_region_asia.process_customer_addresses_asia', 'manual__2025-06-09T11:22:33.329920+00:00', '--job-id', '739', '--raw', '--subdir', 'DAGS_FOLDER/master_dag.py', '--cfg-path', '/tmp/tmp0xcmo5kv']
[2025-06-09T11:25:45.158+0000] {standard_task_runner.py:88} INFO - Job 739: Subtask process_region_asia.process_customer_addresses_asia
[2025-06-09T11:25:45.356+0000] {task_command.py:423} INFO - Running <TaskInstance: multi_region_to_snowflake.process_region_asia.process_customer_addresses_asia manual__2025-06-09T11:22:33.329920+00:00 [running]> on host 7fa6630d536c
[2025-06-09T11:25:45.685+0000] {taskinstance.py:2480} INFO - Exporting env vars: AIRFLOW_CTX_DAG_OWNER='data-team' AIRFLOW_CTX_DAG_ID='multi_region_to_snowflake' AIRFLOW_CTX_TASK_ID='process_region_asia.process_customer_addresses_asia' AIRFLOW_CTX_EXECUTION_DATE='2025-06-09T11:22:33.329920+00:00' AIRFLOW_CTX_TRY_NUMBER='1' AIRFLOW_CTX_DAG_RUN_ID='manual__2025-06-09T11:22:33.329920+00:00'
[2025-06-09T11:26:00.025+0000] {logging_mixin.py:188} INFO - Processing customer_addresses for region asia
[2025-06-09T11:26:16.550+0000] {logging_mixin.py:188} INFO - STAGING_ASIA
[2025-06-09T11:26:27.135+0000] {logging_mixin.py:188} INFO - +----------+-----------+------------+-----------------+--------+--------+-----------+-------+----------+-------------------+-------+--------+
|address_id|customer_id|address_type|   street_address|    city|  region|postal_code|country|is_default|         created_at|_region| _source|
+----------+-----------+------------+-----------------+--------+--------+-----------+-------+----------+-------------------+-------+--------+
|         1|          1|     Billing|    1-2-3 Chiyoda|   Tokyo|   Tokyo|   100-0001|  Japan|      true|2025-06-08 19:23:06|   asia|postgres|
|         2|          1|    Shipping|     4-5-6 Minato|   Tokyo|   Tokyo|   105-0001|  Japan|     false|2025-06-08 19:23:06|   asia|postgres|
|         3|          2|     Billing|     7-8-9 Naniwa|   Osaka|   Osaka|   556-0001|  Japan|      true|2025-06-08 19:23:06|   asia|postgres|
|         4|          3|     Billing|10-11-12 Nakamura|  Nagoya|   Aichi|   450-0001|  Japan|      true|2025-06-08 19:23:06|   asia|postgres|
|         5|          3|    Shipping| 13-14-15 Higashi|  Nagoya|   Aichi|   461-0001|  Japan|     false|2025-06-08 19:23:06|   asia|postgres|
|         6|          4|     Billing|  16-17-18 Hakata| Fukuoka| Fukuoka|   812-0011|  Japan|      true|2025-06-08 19:23:06|   asia|postgres|
|         7|          5|     Billing|    19-20-21 Chuo| Sapporo|Hokkaido|   060-0001|  Japan|      true|2025-06-08 19:23:06|   asia|postgres|
|         8|          6|     Billing|    22-23-24 Aoba|Yokohama|Kanagawa|   225-0001|  Japan|      true|2025-06-08 19:23:06|   asia|postgres|
|         9|          7|     Billing|   25-26-27 Nishi|    Kobe|   Hyogo|   651-0001|  Japan|      true|2025-06-08 19:23:06|   asia|postgres|
|        10|          8|     Billing|    28-29-30 Kita|   Kyoto|   Kyoto|   603-8001|  Japan|      true|2025-06-08 19:23:06|   asia|postgres|
+----------+-----------+------------+-----------------+--------+--------+-----------+-------+----------+-------------------+-------+--------+
only showing top 10 rows
[2025-06-09T11:26:27.137+0000] {logging_mixin.py:188} INFO - Inserting into snowflake
[2025-06-09T11:26:43.204+0000] {logging_mixin.py:188} INFO - successfully inserted in snowflake
[2025-06-09T11:26:44.490+0000] {logging_mixin.py:188} INFO - Successfully processed 54 records for customer_addresses in asia
[2025-06-09T11:26:45.586+0000] {python.py:201} INFO - Done. Returned value was: {'region': 'asia', 'table': 'customer_addresses', 'record_count': 54, 'status': 'success'}
[2025-06-09T11:26:45.663+0000] {taskinstance.py:1138} INFO - Marking task as SUCCESS. dag_id=multi_region_to_snowflake, task_id=process_region_asia.process_customer_addresses_asia, execution_date=20250609T112233, start_date=20250609T112545, end_date=20250609T112645
[2025-06-09T11:26:45.737+0000] {local_task_job_runner.py:234} INFO - Task exited with return code 0
[2025-06-09T11:26:45.819+0000] {taskinstance.py:3280} INFO - 1 downstream tasks scheduled from follow-on schedule check
