[2025-06-11T02:10:39.806+0000] {taskinstance.py:1956} INFO - Dependencies all met for dep_context=non-requeueable deps ti=<TaskInstance: extract_postgres_table_to_parquet.run_extraction_us manual__2025-06-11T02:05:12.205513+00:00 [queued]>
[2025-06-11T02:10:39.820+0000] {taskinstance.py:1956} INFO - Dependencies all met for dep_context=requeueable deps ti=<TaskInstance: extract_postgres_table_to_parquet.run_extraction_us manual__2025-06-11T02:05:12.205513+00:00 [queued]>
[2025-06-11T02:10:39.820+0000] {taskinstance.py:2170} INFO - Starting attempt 1 of 1
[2025-06-11T02:10:39.838+0000] {taskinstance.py:2191} INFO - Executing <Task(_PythonDecoratedOperator): run_extraction_us> on 2025-06-11 02:05:12.205513+00:00
[2025-06-11T02:10:39.843+0000] {standard_task_runner.py:60} INFO - Started process 6106 to run task
[2025-06-11T02:10:39.848+0000] {standard_task_runner.py:87} INFO - Running: ['airflow', 'tasks', 'run', 'extract_postgres_table_to_parquet', 'run_extraction_us', 'manual__2025-06-11T02:05:12.205513+00:00', '--job-id', '1195', '--raw', '--subdir', 'DAGS_FOLDER/asia/landing.py', '--cfg-path', '/tmp/tmpf04akwjl']
[2025-06-11T02:10:39.850+0000] {standard_task_runner.py:88} INFO - Job 1195: Subtask run_extraction_us
[2025-06-11T02:10:39.935+0000] {task_command.py:423} INFO - Running <TaskInstance: extract_postgres_table_to_parquet.run_extraction_us manual__2025-06-11T02:05:12.205513+00:00 [running]> on host 5039a2bbff84
[2025-06-11T02:10:40.074+0000] {taskinstance.py:2480} INFO - Exporting env vars: AIRFLOW_CTX_DAG_OWNER='airflow' AIRFLOW_CTX_DAG_ID='extract_postgres_table_to_parquet' AIRFLOW_CTX_TASK_ID='run_extraction_us' AIRFLOW_CTX_EXECUTION_DATE='2025-06-11T02:05:12.205513+00:00' AIRFLOW_CTX_TRY_NUMBER='1' AIRFLOW_CTX_DAG_RUN_ID='manual__2025-06-11T02:05:12.205513+00:00'
[2025-06-11T02:10:40.075+0000] {logging_mixin.py:188} INFO - Starting extraction for table: categories in region: us
[2025-06-11T02:10:40.075+0000] {logging_mixin.py:188} INFO - load_date:::::2025-06-11
[2025-06-11T02:10:55.882+0000] {logging_mixin.py:188} INFO - [INFO] No data found in us.categories
[2025-06-11T02:10:56.854+0000] {logging_mixin.py:188} INFO - Starting extraction for table: products in region: us
[2025-06-11T02:10:56.854+0000] {logging_mixin.py:188} INFO - load_date:::::2025-06-11
[2025-06-11T02:10:58.975+0000] {logging_mixin.py:188} INFO - [INFO] No data found in us.products
[2025-06-11T02:10:59.969+0000] {logging_mixin.py:188} INFO - Starting extraction for table: product_variants in region: us
[2025-06-11T02:10:59.969+0000] {logging_mixin.py:188} INFO - load_date:::::2025-06-11
[2025-06-11T02:11:02.439+0000] {logging_mixin.py:188} INFO - [INFO] No data found in us.product_variants
[2025-06-11T02:11:03.406+0000] {logging_mixin.py:188} INFO - Starting extraction for table: inventory in region: us
[2025-06-11T02:11:03.407+0000] {logging_mixin.py:188} INFO - load_date:::::2025-06-11
[2025-06-11T02:11:06.310+0000] {logging_mixin.py:188} INFO - [INFO] No data found in us.inventory
[2025-06-11T02:11:07.306+0000] {logging_mixin.py:188} INFO - Starting extraction for table: customers in region: us
[2025-06-11T02:11:07.306+0000] {logging_mixin.py:188} INFO - load_date:::::2025-06-11
[2025-06-11T02:11:09.466+0000] {logging_mixin.py:188} INFO - [INFO] No data found in us.customers
[2025-06-11T02:11:10.458+0000] {logging_mixin.py:188} INFO - Starting extraction for table: customer_addresses in region: us
[2025-06-11T02:11:10.458+0000] {logging_mixin.py:188} INFO - load_date:::::2025-06-11
[2025-06-11T02:11:12.083+0000] {logging_mixin.py:188} INFO - [INFO] No data found in us.customer_addresses
[2025-06-11T02:11:13.074+0000] {logging_mixin.py:188} INFO - Starting extraction for table: marketing_campaigns in region: us
[2025-06-11T02:11:13.074+0000] {logging_mixin.py:188} INFO - load_date:::::2025-06-11
[2025-06-11T02:11:14.235+0000] {logging_mixin.py:188} INFO - [INFO] No data found in us.marketing_campaigns
[2025-06-11T02:11:15.235+0000] {logging_mixin.py:188} INFO - Starting extraction for table: discounts in region: us
[2025-06-11T02:11:15.235+0000] {logging_mixin.py:188} INFO - load_date:::::2025-06-11
[2025-06-11T02:11:16.642+0000] {logging_mixin.py:188} INFO - [INFO] No data found in us.discounts
[2025-06-11T02:11:17.640+0000] {logging_mixin.py:188} INFO - Starting extraction for table: shopping_carts in region: us
[2025-06-11T02:11:17.641+0000] {logging_mixin.py:188} INFO - load_date:::::2025-06-11
[2025-06-11T02:11:19.466+0000] {logging_mixin.py:188} INFO - [INFO] No data found in us.shopping_carts
[2025-06-11T02:11:20.466+0000] {logging_mixin.py:188} INFO - Starting extraction for table: cart_items in region: us
[2025-06-11T02:11:20.467+0000] {logging_mixin.py:188} INFO - load_date:::::2025-06-11
[2025-06-11T02:11:21.910+0000] {logging_mixin.py:188} INFO - [INFO] No data found in us.cart_items
[2025-06-11T02:11:22.913+0000] {logging_mixin.py:188} INFO - Starting extraction for table: orders in region: us
[2025-06-11T02:11:22.914+0000] {logging_mixin.py:188} INFO - load_date:::::2025-06-11
[2025-06-11T02:11:24.778+0000] {logging_mixin.py:188} INFO - [INFO] No data found in us.orders
[2025-06-11T02:11:25.778+0000] {logging_mixin.py:188} INFO - Starting extraction for table: order_items in region: us
[2025-06-11T02:11:25.779+0000] {logging_mixin.py:188} INFO - load_date:::::2025-06-11
[2025-06-11T02:11:27.401+0000] {logging_mixin.py:188} INFO - [INFO] No data found in us.order_items
[2025-06-11T02:11:28.399+0000] {logging_mixin.py:188} INFO - Starting extraction for table: shipments in region: us
[2025-06-11T02:11:28.399+0000] {logging_mixin.py:188} INFO - load_date:::::2025-06-11
[2025-06-11T02:11:30.490+0000] {logging_mixin.py:188} INFO - [INFO] No data found in us.shipments
[2025-06-11T02:11:31.490+0000] {logging_mixin.py:188} INFO - Starting extraction for table: returns in region: us
[2025-06-11T02:11:31.490+0000] {logging_mixin.py:188} INFO - load_date:::::2025-06-11
[2025-06-11T02:11:33.344+0000] {logging_mixin.py:188} INFO - [INFO] No data found in us.returns
[2025-06-11T02:11:34.345+0000] {logging_mixin.py:188} INFO - Starting extraction for table: product_reviews in region: us
[2025-06-11T02:11:34.345+0000] {logging_mixin.py:188} INFO - load_date:::::2025-06-11
[2025-06-11T02:11:36.264+0000] {logging_mixin.py:188} INFO - [INFO] No data found in us.product_reviews
[2025-06-11T02:11:37.259+0000] {logging_mixin.py:188} INFO - Starting extraction for table: payments in region: us
[2025-06-11T02:11:37.259+0000] {logging_mixin.py:188} INFO - load_date:::::2025-06-11
[2025-06-11T02:11:39.421+0000] {logging_mixin.py:188} INFO - [INFO] No data found in us.payments
[2025-06-11T02:11:40.421+0000] {logging_mixin.py:188} INFO - Starting extraction for table: wishlists in region: us
[2025-06-11T02:11:40.422+0000] {logging_mixin.py:188} INFO - load_date:::::2025-06-11
[2025-06-11T02:11:42.308+0000] {logging_mixin.py:188} INFO - [INFO] No data found in us.wishlists
[2025-06-11T02:11:43.306+0000] {python.py:201} INFO - Done. Returned value was: None
[2025-06-11T02:11:43.332+0000] {taskinstance.py:1138} INFO - Marking task as SUCCESS. dag_id=extract_postgres_table_to_parquet, task_id=run_extraction_us, execution_date=20250611T020512, start_date=20250611T021039, end_date=20250611T021143
[2025-06-11T02:11:43.406+0000] {local_task_job_runner.py:234} INFO - Task exited with return code 0
[2025-06-11T02:11:43.442+0000] {taskinstance.py:3280} INFO - 0 downstream tasks scheduled from follow-on schedule check
