[2025-06-09T18:34:25.838+0000] {taskinstance.py:1956} INFO - Dependencies all met for dep_context=non-requeueable deps ti=<TaskInstance: multi_region_ods_merge_v2.process_table manual__2025-06-09T18:33:15.738258+00:00 [queued]>
[2025-06-09T18:34:25.852+0000] {taskinstance.py:1956} INFO - Dependencies all met for dep_context=requeueable deps ti=<TaskInstance: multi_region_ods_merge_v2.process_table manual__2025-06-09T18:33:15.738258+00:00 [queued]>
[2025-06-09T18:34:25.853+0000] {taskinstance.py:2170} INFO - Starting attempt 1 of 2
[2025-06-09T18:34:25.881+0000] {taskinstance.py:2191} INFO - Executing <Task(_PythonDecoratedOperator): process_table> on 2025-06-09 18:33:15.738258+00:00
[2025-06-09T18:34:25.898+0000] {standard_task_runner.py:60} INFO - Started process 10415 to run task
[2025-06-09T18:34:25.903+0000] {standard_task_runner.py:87} INFO - Running: ['airflow', 'tasks', 'run', 'multi_region_ods_merge_v2', 'process_table', 'manual__2025-06-09T18:33:15.738258+00:00', '--job-id', '883', '--raw', '--subdir', 'DAGS_FOLDER/master_ods_dag.py', '--cfg-path', '/tmp/tmp8gw151e4']
[2025-06-09T18:34:25.908+0000] {standard_task_runner.py:88} INFO - Job 883: Subtask process_table
[2025-06-09T18:34:26.021+0000] {task_command.py:423} INFO - Running <TaskInstance: multi_region_ods_merge_v2.process_table manual__2025-06-09T18:33:15.738258+00:00 [running]> on host 363551e04744
[2025-06-09T18:34:26.332+0000] {taskinstance.py:2480} INFO - Exporting env vars: AIRFLOW_CTX_DAG_OWNER='data-team' AIRFLOW_CTX_DAG_ID='multi_region_ods_merge_v2' AIRFLOW_CTX_TASK_ID='process_table' AIRFLOW_CTX_EXECUTION_DATE='2025-06-09T18:33:15.738258+00:00' AIRFLOW_CTX_TRY_NUMBER='1' AIRFLOW_CTX_DAG_RUN_ID='manual__2025-06-09T18:33:15.738258+00:00'
[2025-06-09T18:34:26.334+0000] {logging_mixin.py:188} INFO - Processing table products for region asia in schema STAGING_ASIA
[2025-06-09T18:34:26.335+0000] {taskinstance.py:2698} ERROR - Task failed with exception
Traceback (most recent call last):
  File "/home/airflow/.local/lib/python3.10/site-packages/airflow/models/taskinstance.py", line 433, in _execute_task
    result = execute_callable(context=context, **execute_callable_kwargs)
  File "/home/airflow/.local/lib/python3.10/site-packages/airflow/decorators/base.py", line 241, in execute
    return_value = super().execute(context)
  File "/home/airflow/.local/lib/python3.10/site-packages/airflow/operators/python.py", line 199, in execute
    return_value = self.execute_callable()
  File "/home/airflow/.local/lib/python3.10/site-packages/airflow/operators/python.py", line 216, in execute_callable
    return self.python_callable(*self.op_args, **self.op_kwargs)
  File "/opt/airflow/dags/master_ods_dag.py", line 122, in process_table
    merge_sql = merge_func(region)
  File "/opt/airflow/scripts/ods_load/product.py", line 160, in get_merge_query_product
    raise ValueError(f"Unknown region: {region}")
ValueError: Unknown region: asia
[2025-06-09T18:34:26.361+0000] {taskinstance.py:1138} INFO - Marking task as UP_FOR_RETRY. dag_id=multi_region_ods_merge_v2, task_id=process_table, execution_date=20250609T183315, start_date=20250609T183425, end_date=20250609T183426
[2025-06-09T18:34:26.414+0000] {standard_task_runner.py:107} ERROR - Failed to execute job 883 for task process_table (Unknown region: asia; 10415)
[2025-06-09T18:34:26.435+0000] {local_task_job_runner.py:234} INFO - Task exited with return code 1
[2025-06-09T18:34:26.513+0000] {taskinstance.py:3280} INFO - 0 downstream tasks scheduled from follow-on schedule check
