[2025-06-09T08:49:29.779+0000] {taskinstance.py:1956} INFO - Dependencies all met for dep_context=non-requeueable deps ti=<TaskInstance: multi_region_processor_7.process_region_eu.process_wishlists_eu manual__2025-06-09T08:34:23.510298+00:00 [queued]>
[2025-06-09T08:49:29.817+0000] {taskinstance.py:1956} INFO - Dependencies all met for dep_context=requeueable deps ti=<TaskInstance: multi_region_processor_7.process_region_eu.process_wishlists_eu manual__2025-06-09T08:34:23.510298+00:00 [queued]>
[2025-06-09T08:49:29.818+0000] {taskinstance.py:2170} INFO - Starting attempt 1 of 2
[2025-06-09T08:49:29.870+0000] {taskinstance.py:2191} INFO - Executing <Task(_PythonDecoratedOperator): process_region_eu.process_wishlists_eu> on 2025-06-09 08:34:23.510298+00:00
[2025-06-09T08:49:29.883+0000] {standard_task_runner.py:60} INFO - Started process 9807 to run task
[2025-06-09T08:49:29.892+0000] {standard_task_runner.py:87} INFO - Running: ['airflow', 'tasks', 'run', 'multi_region_processor_7', 'process_region_eu.process_wishlists_eu', 'manual__2025-06-09T08:34:23.510298+00:00', '--job-id', '706', '--raw', '--subdir', 'DAGS_FOLDER/master2.py', '--cfg-path', '/tmp/tmpyr16kq57']
[2025-06-09T08:49:29.902+0000] {standard_task_runner.py:88} INFO - Job 706: Subtask process_region_eu.process_wishlists_eu
[2025-06-09T08:49:30.226+0000] {task_command.py:423} INFO - Running <TaskInstance: multi_region_processor_7.process_region_eu.process_wishlists_eu manual__2025-06-09T08:34:23.510298+00:00 [running]> on host afcdbcf38bc0
[2025-06-09T08:49:30.665+0000] {taskinstance.py:2480} INFO - Exporting env vars: AIRFLOW_CTX_DAG_OWNER='data-team' AIRFLOW_CTX_DAG_ID='multi_region_processor_7' AIRFLOW_CTX_TASK_ID='process_region_eu.process_wishlists_eu' AIRFLOW_CTX_EXECUTION_DATE='2025-06-09T08:34:23.510298+00:00' AIRFLOW_CTX_TRY_NUMBER='1' AIRFLOW_CTX_DAG_RUN_ID='manual__2025-06-09T08:34:23.510298+00:00'
[2025-06-09T08:49:44.795+0000] {logging_mixin.py:188} INFO - Processing wishlists for region eu
[2025-06-09T08:49:56.369+0000] {logging_mixin.py:188} INFO - STAGING_EU
[2025-06-09T08:50:05.214+0000] {logging_mixin.py:188} INFO - +-----------+-----------+----------+--------------------+-------+--------+
|wishlist_id|customer_id|product_id|            added_at|_region| _source|
+-----------+-----------+----------+--------------------+-------+--------+
|          1|          1|         2|2025-06-08 19:22:...|     eu|postgres|
|          2|          1|         9|2025-06-08 19:22:...|     eu|postgres|
|          3|          1|        11|2025-06-08 19:22:...|     eu|postgres|
|          4|          2|         1|2025-06-08 19:22:...|     eu|postgres|
|          5|          2|         6|2025-06-08 19:22:...|     eu|postgres|
|          6|          2|         8|2025-06-08 19:22:...|     eu|postgres|
|          7|          3|         4|2025-06-08 19:22:...|     eu|postgres|
|          8|          3|         7|2025-06-08 19:22:...|     eu|postgres|
|          9|          3|        12|2025-06-08 19:22:...|     eu|postgres|
|         10|          4|         3|2025-06-08 19:22:...|     eu|postgres|
+-----------+-----------+----------+--------------------+-------+--------+
only showing top 10 rows
[2025-06-09T08:50:05.216+0000] {logging_mixin.py:188} INFO - Inserting into snowflake
[2025-06-09T08:50:21.638+0000] {logging_mixin.py:188} INFO - successfully inserted in snowflake
[2025-06-09T08:50:24.163+0000] {logging_mixin.py:188} INFO - Successfully processed 60 records for wishlists in eu
[2025-06-09T08:50:25.925+0000] {python.py:201} INFO - Done. Returned value was: {'region': 'eu', 'table': 'wishlists', 'record_count': 60, 'status': 'success'}
[2025-06-09T08:50:26.008+0000] {taskinstance.py:1138} INFO - Marking task as SUCCESS. dag_id=multi_region_processor_7, task_id=process_region_eu.process_wishlists_eu, execution_date=20250609T083423, start_date=20250609T084929, end_date=20250609T085026
[2025-06-09T08:50:26.084+0000] {local_task_job_runner.py:234} INFO - Task exited with return code 0
[2025-06-09T08:50:26.185+0000] {taskinstance.py:3280} INFO - 0 downstream tasks scheduled from follow-on schedule check
