[2025-06-11T02:09:24.785+0000] {taskinstance.py:1956} INFO - Dependencies all met for dep_context=non-requeueable deps ti=<TaskInstance: extract_postgres_table_to_parquet.run_extraction_us scheduled__2025-06-10T00:00:00+00:00 [queued]>
[2025-06-11T02:09:24.803+0000] {taskinstance.py:1956} INFO - Dependencies all met for dep_context=requeueable deps ti=<TaskInstance: extract_postgres_table_to_parquet.run_extraction_us scheduled__2025-06-10T00:00:00+00:00 [queued]>
[2025-06-11T02:09:24.804+0000] {taskinstance.py:2170} INFO - Starting attempt 2 of 1
[2025-06-11T02:09:24.831+0000] {taskinstance.py:2191} INFO - Executing <Task(_PythonDecoratedOperator): run_extraction_us> on 2025-06-10 00:00:00+00:00
[2025-06-11T02:09:24.840+0000] {standard_task_runner.py:60} INFO - Started process 184 to run task
[2025-06-11T02:09:24.845+0000] {standard_task_runner.py:87} INFO - Running: ['airflow', 'tasks', 'run', 'extract_postgres_table_to_parquet', 'run_extraction_us', 'scheduled__2025-06-10T00:00:00+00:00', '--job-id', '1190', '--raw', '--subdir', 'DAGS_FOLDER/asia/landing.py', '--cfg-path', '/tmp/tmp06vv1mpx']
[2025-06-11T02:09:24.847+0000] {standard_task_runner.py:88} INFO - Job 1190: Subtask run_extraction_us
[2025-06-11T02:09:25.022+0000] {task_command.py:423} INFO - Running <TaskInstance: extract_postgres_table_to_parquet.run_extraction_us scheduled__2025-06-10T00:00:00+00:00 [running]> on host 5039a2bbff84
[2025-06-11T02:09:25.294+0000] {taskinstance.py:2480} INFO - Exporting env vars: AIRFLOW_CTX_DAG_OWNER='airflow' AIRFLOW_CTX_DAG_ID='extract_postgres_table_to_parquet' AIRFLOW_CTX_TASK_ID='run_extraction_us' AIRFLOW_CTX_EXECUTION_DATE='2025-06-10T00:00:00+00:00' AIRFLOW_CTX_TRY_NUMBER='2' AIRFLOW_CTX_DAG_RUN_ID='scheduled__2025-06-10T00:00:00+00:00'
[2025-06-11T02:09:25.296+0000] {logging_mixin.py:188} INFO - Starting extraction for table: categories in region: us
[2025-06-11T02:09:25.297+0000] {logging_mixin.py:188} INFO - load_date:::::2025-06-11
[2025-06-11T02:09:47.450+0000] {logging_mixin.py:188} INFO - [INFO] No data found in us.categories
[2025-06-11T02:09:48.411+0000] {logging_mixin.py:188} INFO - Starting extraction for table: products in region: us
[2025-06-11T02:09:48.412+0000] {logging_mixin.py:188} INFO - load_date:::::2025-06-11
[2025-06-11T02:09:51.304+0000] {logging_mixin.py:188} INFO - [INFO] No data found in us.products
[2025-06-11T02:09:52.298+0000] {logging_mixin.py:188} INFO - Starting extraction for table: product_variants in region: us
[2025-06-11T02:09:52.299+0000] {logging_mixin.py:188} INFO - load_date:::::2025-06-11
[2025-06-11T02:09:54.770+0000] {logging_mixin.py:188} INFO - [INFO] No data found in us.product_variants
[2025-06-11T02:09:55.760+0000] {logging_mixin.py:188} INFO - Starting extraction for table: inventory in region: us
[2025-06-11T02:09:55.761+0000] {logging_mixin.py:188} INFO - load_date:::::2025-06-11
[2025-06-11T02:09:58.085+0000] {logging_mixin.py:188} INFO - [INFO] No data found in us.inventory
[2025-06-11T02:09:59.077+0000] {logging_mixin.py:188} INFO - Starting extraction for table: customers in region: us
[2025-06-11T02:09:59.078+0000] {logging_mixin.py:188} INFO - load_date:::::2025-06-11
[2025-06-11T02:10:01.825+0000] {logging_mixin.py:188} INFO - [INFO] No data found in us.customers
[2025-06-11T02:10:02.821+0000] {logging_mixin.py:188} INFO - Starting extraction for table: customer_addresses in region: us
[2025-06-11T02:10:02.821+0000] {logging_mixin.py:188} INFO - load_date:::::2025-06-11
[2025-06-11T02:10:05.140+0000] {logging_mixin.py:188} INFO - [INFO] No data found in us.customer_addresses
[2025-06-11T02:10:06.142+0000] {logging_mixin.py:188} INFO - Starting extraction for table: marketing_campaigns in region: us
[2025-06-11T02:10:06.143+0000] {logging_mixin.py:188} INFO - load_date:::::2025-06-11
[2025-06-11T02:10:08.614+0000] {logging_mixin.py:188} INFO - [INFO] No data found in us.marketing_campaigns
[2025-06-11T02:10:09.622+0000] {logging_mixin.py:188} INFO - Starting extraction for table: discounts in region: us
[2025-06-11T02:10:09.622+0000] {logging_mixin.py:188} INFO - load_date:::::2025-06-11
[2025-06-11T02:10:11.840+0000] {logging_mixin.py:188} INFO - [INFO] No data found in us.discounts
[2025-06-11T02:10:12.839+0000] {logging_mixin.py:188} INFO - Starting extraction for table: shopping_carts in region: us
[2025-06-11T02:10:12.839+0000] {logging_mixin.py:188} INFO - load_date:::::2025-06-11
[2025-06-11T02:10:14.851+0000] {logging_mixin.py:188} INFO - [INFO] No data found in us.shopping_carts
[2025-06-11T02:10:15.849+0000] {logging_mixin.py:188} INFO - Starting extraction for table: cart_items in region: us
[2025-06-11T02:10:15.849+0000] {logging_mixin.py:188} INFO - load_date:::::2025-06-11
[2025-06-11T02:10:17.742+0000] {logging_mixin.py:188} INFO - [INFO] No data found in us.cart_items
[2025-06-11T02:10:18.740+0000] {logging_mixin.py:188} INFO - Starting extraction for table: orders in region: us
[2025-06-11T02:10:18.741+0000] {logging_mixin.py:188} INFO - load_date:::::2025-06-11
[2025-06-11T02:10:20.499+0000] {logging_mixin.py:188} INFO - [INFO] No data found in us.orders
[2025-06-11T02:10:21.498+0000] {logging_mixin.py:188} INFO - Starting extraction for table: order_items in region: us
[2025-06-11T02:10:21.498+0000] {logging_mixin.py:188} INFO - load_date:::::2025-06-11
[2025-06-11T02:10:23.088+0000] {logging_mixin.py:188} INFO - [INFO] No data found in us.order_items
[2025-06-11T02:10:24.081+0000] {logging_mixin.py:188} INFO - Starting extraction for table: shipments in region: us
[2025-06-11T02:10:24.081+0000] {logging_mixin.py:188} INFO - load_date:::::2025-06-11
[2025-06-11T02:10:25.582+0000] {logging_mixin.py:188} INFO - [INFO] No data found in us.shipments
[2025-06-11T02:10:26.580+0000] {logging_mixin.py:188} INFO - Starting extraction for table: returns in region: us
[2025-06-11T02:10:26.581+0000] {logging_mixin.py:188} INFO - load_date:::::2025-06-11
[2025-06-11T02:10:28.022+0000] {logging_mixin.py:188} INFO - [INFO] No data found in us.returns
[2025-06-11T02:10:29.021+0000] {logging_mixin.py:188} INFO - Starting extraction for table: product_reviews in region: us
[2025-06-11T02:10:29.021+0000] {logging_mixin.py:188} INFO - load_date:::::2025-06-11
[2025-06-11T02:10:30.933+0000] {logging_mixin.py:188} INFO - [INFO] No data found in us.product_reviews
[2025-06-11T02:10:31.939+0000] {logging_mixin.py:188} INFO - Starting extraction for table: payments in region: us
[2025-06-11T02:10:31.939+0000] {logging_mixin.py:188} INFO - load_date:::::2025-06-11
[2025-06-11T02:10:34.015+0000] {logging_mixin.py:188} INFO - [INFO] No data found in us.payments
[2025-06-11T02:10:35.018+0000] {logging_mixin.py:188} INFO - Starting extraction for table: wishlists in region: us
[2025-06-11T02:10:35.019+0000] {logging_mixin.py:188} INFO - load_date:::::2025-06-11
[2025-06-11T02:10:36.981+0000] {logging_mixin.py:188} INFO - [INFO] No data found in us.wishlists
[2025-06-11T02:10:37.979+0000] {python.py:201} INFO - Done. Returned value was: None
[2025-06-11T02:10:37.994+0000] {taskinstance.py:1138} INFO - Marking task as SUCCESS. dag_id=extract_postgres_table_to_parquet, task_id=run_extraction_us, execution_date=20250610T000000, start_date=20250611T020924, end_date=20250611T021037
[2025-06-11T02:10:38.053+0000] {local_task_job_runner.py:234} INFO - Task exited with return code 0
[2025-06-11T02:10:38.073+0000] {taskinstance.py:3280} INFO - 0 downstream tasks scheduled from follow-on schedule check
