[2025-06-04T20:33:49.827+0000] {taskinstance.py:1956} INFO - Dependencies all met for dep_context=non-requeueable deps ti=<TaskInstance: extract_postgres_table_to_parquet.run_extraction manual__2025-06-04T20:33:48.954154+00:00 [queued]>
[2025-06-04T20:33:49.836+0000] {taskinstance.py:1956} INFO - Dependencies all met for dep_context=requeueable deps ti=<TaskInstance: extract_postgres_table_to_parquet.run_extraction manual__2025-06-04T20:33:48.954154+00:00 [queued]>
[2025-06-04T20:33:49.836+0000] {taskinstance.py:2170} INFO - Starting attempt 1 of 1
[2025-06-04T20:33:49.845+0000] {taskinstance.py:2191} INFO - Executing <Task(_PythonDecoratedOperator): run_extraction> on 2025-06-04 20:33:48.954154+00:00
[2025-06-04T20:33:49.851+0000] {standard_task_runner.py:60} INFO - Started process 7995 to run task
[2025-06-04T20:33:49.853+0000] {standard_task_runner.py:87} INFO - Running: ['airflow', 'tasks', 'run', 'extract_postgres_table_to_parquet', 'run_extraction', 'manual__2025-06-04T20:33:48.954154+00:00', '--job-id', '73', '--raw', '--subdir', 'DAGS_FOLDER/asia/landing.py', '--cfg-path', '/tmp/tmphwrcoffa']
[2025-06-04T20:33:49.854+0000] {standard_task_runner.py:88} INFO - Job 73: Subtask run_extraction
[2025-06-04T20:33:49.906+0000] {task_command.py:423} INFO - Running <TaskInstance: extract_postgres_table_to_parquet.run_extraction manual__2025-06-04T20:33:48.954154+00:00 [running]> on host d21a88c59131
[2025-06-04T20:33:49.996+0000] {taskinstance.py:2480} INFO - Exporting env vars: AIRFLOW_CTX_DAG_OWNER='airflow' AIRFLOW_CTX_DAG_ID='extract_postgres_table_to_parquet' AIRFLOW_CTX_TASK_ID='run_extraction' AIRFLOW_CTX_EXECUTION_DATE='2025-06-04T20:33:48.954154+00:00' AIRFLOW_CTX_TRY_NUMBER='1' AIRFLOW_CTX_DAG_RUN_ID='manual__2025-06-04T20:33:48.954154+00:00'
[2025-06-04T20:33:49.997+0000] {logging_mixin.py:188} INFO - Starting extraction for table: customers1 in region: asia
[2025-06-04T20:33:50.009+0000] {logging_mixin.py:188} INFO - [INFO] No variable found. Using default: 2000-01-01 00:00:00.000
[2025-06-04T20:33:53.274+0000] {logging_mixin.py:188} INFO - (SELECT * FROM asia.customers1 WHERE created > '2000-01-01 00:00:00.000') AS filtered_data
[2025-06-04T20:33:57.989+0000] {logging_mixin.py:188} INFO - +-------+--------------------+-----+-----+----------------+----------+---+--------------------+-------------------+---------+--------+--------------+--------------------+-------+--------+
|cust_id|               email|fname|lname|           phone|birth_date|sex|            reg_date|         login_time|is_active| segment|        source|             created|_region| _source|
+-------+--------------------+-----+-----+----------------+----------+---+--------------------+-------------------+---------+--------+--------------+--------------------+-------+--------+
|      1|john.doe@example.com| John|  Doe| +1-555-123-4567|1985-04-12|  M| 2025-06-01 10:00:00|2025-06-05 08:30:00|     true| Premium|    Google Ads| 2025-06-01 10:00:00|   asia|postgres|
|      2|jane.smith@exampl...| Jane|Smith|+44 20 7946 0958|1990-11-23|  F|2025-06-04 20:31:...|               NULL|    false|Standard|Organic Search|2025-06-04 20:31:...|   asia|postgres|
+-------+--------------------+-----+-----+----------------+----------+---+--------------------+-------------------+---------+--------+--------------+--------------------+-------+--------+
[2025-06-04T20:33:57.990+0000] {logging_mixin.py:188} INFO - Writing data to /opt/airflow/data/raw/region=asia/table=customers1/load_date=2025-06-05/
[2025-06-04T20:33:59.141+0000] {crypto.py:82} WARNING - empty cryptography key - values will not be stored encrypted.
[2025-06-04T20:33:59.148+0000] {logging_mixin.py:188} INFO - [INFO] Updated Airflow Variable 'last_extracted_parquet_timestamp_asia_customers1' to 2025-06-04 20:31:44.869
[2025-06-04T20:33:59.658+0000] {logging_mixin.py:188} INFO - Finished extraction for customers1
[2025-06-04T20:33:59.659+0000] {python.py:201} INFO - Done. Returned value was: None
[2025-06-04T20:33:59.675+0000] {taskinstance.py:1138} INFO - Marking task as SUCCESS. dag_id=extract_postgres_table_to_parquet, task_id=run_extraction, execution_date=20250604T203348, start_date=20250604T203349, end_date=20250604T203359
[2025-06-04T20:33:59.706+0000] {local_task_job_runner.py:234} INFO - Task exited with return code 0
[2025-06-04T20:33:59.725+0000] {taskinstance.py:3280} INFO - 0 downstream tasks scheduled from follow-on schedule check
