[2025-06-09T12:24:37.419+0000] {taskinstance.py:1956} INFO - Dependencies all met for dep_context=non-requeueable deps ti=<TaskInstance: multi_region_to_snowflake.process_region_eu.process_wishlists_eu manual__2025-06-09T12:20:05.224697+00:00 [queued]>
[2025-06-09T12:24:37.437+0000] {taskinstance.py:1956} INFO - Dependencies all met for dep_context=requeueable deps ti=<TaskInstance: multi_region_to_snowflake.process_region_eu.process_wishlists_eu manual__2025-06-09T12:20:05.224697+00:00 [queued]>
[2025-06-09T12:24:37.437+0000] {taskinstance.py:2170} INFO - Starting attempt 1 of 2
[2025-06-09T12:24:37.460+0000] {taskinstance.py:2191} INFO - Executing <Task(_PythonDecoratedOperator): process_region_eu.process_wishlists_eu> on 2025-06-09 12:20:05.224697+00:00
[2025-06-09T12:24:37.469+0000] {standard_task_runner.py:60} INFO - Started process 49030 to run task
[2025-06-09T12:24:37.474+0000] {standard_task_runner.py:87} INFO - Running: ['airflow', 'tasks', 'run', 'multi_region_to_snowflake', 'process_region_eu.process_wishlists_eu', 'manual__2025-06-09T12:20:05.224697+00:00', '--job-id', '848', '--raw', '--subdir', 'DAGS_FOLDER/master_dag.py', '--cfg-path', '/tmp/tmpnazpqawk']
[2025-06-09T12:24:37.477+0000] {standard_task_runner.py:88} INFO - Job 848: Subtask process_region_eu.process_wishlists_eu
[2025-06-09T12:24:37.588+0000] {task_command.py:423} INFO - Running <TaskInstance: multi_region_to_snowflake.process_region_eu.process_wishlists_eu manual__2025-06-09T12:20:05.224697+00:00 [running]> on host 7fa6630d536c
[2025-06-09T12:24:37.792+0000] {taskinstance.py:2480} INFO - Exporting env vars: AIRFLOW_CTX_DAG_OWNER='data-team' AIRFLOW_CTX_DAG_ID='multi_region_to_snowflake' AIRFLOW_CTX_TASK_ID='process_region_eu.process_wishlists_eu' AIRFLOW_CTX_EXECUTION_DATE='2025-06-09T12:20:05.224697+00:00' AIRFLOW_CTX_TRY_NUMBER='1' AIRFLOW_CTX_DAG_RUN_ID='manual__2025-06-09T12:20:05.224697+00:00'
[2025-06-09T12:24:49.692+0000] {logging_mixin.py:188} INFO - Processing wishlists for region eu
[2025-06-09T12:25:02.316+0000] {logging_mixin.py:188} INFO - STAGING_EU
[2025-06-09T12:25:12.241+0000] {logging_mixin.py:188} INFO - +-----------+-----------+----------+--------------------+-------+--------+
|wishlist_id|customer_id|product_id|            added_at|_region| _source|
+-----------+-----------+----------+--------------------+-------+--------+
|          1|          1|         2|2025-06-08 19:22:...|     eu|postgres|
|          2|          1|         9|2025-06-08 19:22:...|     eu|postgres|
|          3|          1|        11|2025-06-08 19:22:...|     eu|postgres|
|          4|          2|         1|2025-06-08 19:22:...|     eu|postgres|
|          5|          2|         6|2025-06-08 19:22:...|     eu|postgres|
|          6|          2|         8|2025-06-08 19:22:...|     eu|postgres|
|          7|          3|         4|2025-06-08 19:22:...|     eu|postgres|
|          8|          3|         7|2025-06-08 19:22:...|     eu|postgres|
|          9|          3|        12|2025-06-08 19:22:...|     eu|postgres|
|         10|          4|         3|2025-06-08 19:22:...|     eu|postgres|
+-----------+-----------+----------+--------------------+-------+--------+
only showing top 10 rows
[2025-06-09T12:25:12.245+0000] {logging_mixin.py:188} INFO - Inserting into snowflake
[2025-06-09T12:25:26.188+0000] {logging_mixin.py:188} INFO - successfully inserted in snowflake
[2025-06-09T12:25:27.297+0000] {logging_mixin.py:188} INFO - Successfully processed 60 records for wishlists in eu
[2025-06-09T12:25:28.835+0000] {python.py:201} INFO - Done. Returned value was: {'region': 'eu', 'table': 'wishlists', 'record_count': 60, 'status': 'success'}
[2025-06-09T12:25:28.912+0000] {taskinstance.py:1138} INFO - Marking task as SUCCESS. dag_id=multi_region_to_snowflake, task_id=process_region_eu.process_wishlists_eu, execution_date=20250609T122005, start_date=20250609T122437, end_date=20250609T122528
[2025-06-09T12:25:28.955+0000] {local_task_job_runner.py:234} INFO - Task exited with return code 0
[2025-06-09T12:25:29.038+0000] {taskinstance.py:3280} INFO - 0 downstream tasks scheduled from follow-on schedule check
