[2025-06-11T15:08:37.124+0000] {taskinstance.py:1956} INFO - Dependencies all met for dep_context=non-requeueable deps ti=<TaskInstance: payment_method_to_snowflake.Load_payment_method manual__2025-06-11T14:51:16.000803+00:00 [queued]>
[2025-06-11T15:08:37.209+0000] {taskinstance.py:1956} INFO - Dependencies all met for dep_context=requeueable deps ti=<TaskInstance: payment_method_to_snowflake.Load_payment_method manual__2025-06-11T14:51:16.000803+00:00 [queued]>
[2025-06-11T15:08:37.210+0000] {taskinstance.py:2170} INFO - Starting attempt 1 of 2
[2025-06-11T15:08:37.259+0000] {taskinstance.py:2191} INFO - Executing <Task(_PythonDecoratedOperator): Load_payment_method> on 2025-06-11 14:51:16.000803+00:00
[2025-06-11T15:08:37.280+0000] {standard_task_runner.py:60} INFO - Started process 5063 to run task
[2025-06-11T15:08:37.290+0000] {standard_task_runner.py:87} INFO - Running: ['airflow', 'tasks', 'run', 'payment_method_to_snowflake', 'Load_payment_method', 'manual__2025-06-11T14:51:16.000803+00:00', '--job-id', '90', '--raw', '--subdir', 'DAGS_FOLDER/star/payment_dim.py', '--cfg-path', '/tmp/tmp5jcqxsyu']
[2025-06-11T15:08:37.296+0000] {standard_task_runner.py:88} INFO - Job 90: Subtask Load_payment_method
[2025-06-11T15:08:37.675+0000] {task_command.py:423} INFO - Running <TaskInstance: payment_method_to_snowflake.Load_payment_method manual__2025-06-11T14:51:16.000803+00:00 [running]> on host 94d2ab00ac05
[2025-06-11T15:08:38.377+0000] {taskinstance.py:2480} INFO - Exporting env vars: AIRFLOW_CTX_DAG_OWNER='data-team' AIRFLOW_CTX_DAG_ID='payment_method_to_snowflake' AIRFLOW_CTX_TASK_ID='Load_payment_method' AIRFLOW_CTX_EXECUTION_DATE='2025-06-11T14:51:16.000803+00:00' AIRFLOW_CTX_TRY_NUMBER='1' AIRFLOW_CTX_DAG_RUN_ID='manual__2025-06-11T14:51:16.000803+00:00'
[2025-06-11T15:10:45.417+0000] {logging_mixin.py:188} INFO - Data written to temporary Snowflake table.
[2025-06-11T15:10:45.529+0000] {connection.py:486} INFO - Snowflake Connector for Python Version: 3.15.0, Python Version: 3.10.13, Platform: Linux-6.11.0-26-generic-x86_64-with-glibc2.36
[2025-06-11T15:10:45.612+0000] {connection.py:1391} INFO - Connecting to GLOBAL Snowflake domain
[2025-06-11T15:10:46.688+0000] {local_task_job_runner.py:121} ERROR - Received SIGTERM. Terminating subprocesses
[2025-06-11T15:10:47.055+0000] {process_utils.py:131} INFO - Sending 15 to group 5063. PIDs of all processes in the group: [5137, 5063]
[2025-06-11T15:10:47.093+0000] {process_utils.py:86} INFO - Sending the signal 15 to group 5063
[2025-06-11T15:10:47.181+0000] {taskinstance.py:2450} ERROR - Received SIGTERM. Terminating subprocesses.
[2025-06-11T15:10:47.219+0000] {logging_mixin.py:188} INFO - Error during merge operation: Task received SIGTERM signal
[2025-06-11T15:10:47.223+0000] {connection.py:486} INFO - Snowflake Connector for Python Version: 3.15.0, Python Version: 3.10.13, Platform: Linux-6.11.0-26-generic-x86_64-with-glibc2.36
[2025-06-11T15:10:47.226+0000] {connection.py:1391} INFO - Connecting to GLOBAL Snowflake domain
[2025-06-11T15:10:48.999+0000] {clientserver.py:538} INFO - Error while receiving.
Traceback (most recent call last):
  File "/home/airflow/.local/lib/python3.10/site-packages/py4j/clientserver.py", line 516, in send_command
    raise Py4JNetworkError("Answer from Java side is empty")
py4j.protocol.Py4JNetworkError: Answer from Java side is empty
[2025-06-11T15:10:49.007+0000] {clientserver.py:543} INFO - Closing down clientserver connection
[2025-06-11T15:10:49.008+0000] {java_gateway.py:1055} ERROR - Exception while sending command.
Traceback (most recent call last):
  File "/home/airflow/.local/lib/python3.10/site-packages/py4j/clientserver.py", line 516, in send_command
    raise Py4JNetworkError("Answer from Java side is empty")
py4j.protocol.Py4JNetworkError: Answer from Java side is empty

During handling of the above exception, another exception occurred:

Traceback (most recent call last):
  File "/home/airflow/.local/lib/python3.10/site-packages/py4j/java_gateway.py", line 1038, in send_command
    response = connection.send_command(command)
  File "/home/airflow/.local/lib/python3.10/site-packages/py4j/clientserver.py", line 539, in send_command
    raise Py4JNetworkError(
py4j.protocol.Py4JNetworkError: Error while sending or receiving
[2025-06-11T15:10:49.016+0000] {clientserver.py:543} INFO - Closing down clientserver connection
[2025-06-11T15:10:49.273+0000] {local_task_job_runner.py:121} ERROR - Received SIGTERM. Terminating subprocesses
[2025-06-11T15:10:49.276+0000] {process_utils.py:131} INFO - Sending 15 to group 5063. PIDs of all processes in the group: [5137, 5063]
[2025-06-11T15:10:49.276+0000] {process_utils.py:86} INFO - Sending the signal 15 to group 5063
[2025-06-11T15:10:49.277+0000] {taskinstance.py:2450} ERROR - Received SIGTERM. Terminating subprocesses.
[2025-06-11T15:10:49.279+0000] {logging_mixin.py:188} INFO - Error dropping temp table STAR.DIM_PAYMENT_METHOD_TEMP_STAGE_20250611151009489397: Task received SIGTERM signal
