[2025-06-11T16:12:26.366+0000] {taskinstance.py:1956} INFO - Dependencies all met for dep_context=non-requeueable deps ti=<TaskInstance: multi_region_transform_staging_v2.process_region_eu.process_cart_items_eu manual__2025-06-11T16:08:10.701979+00:00 [queued]>
[2025-06-11T16:12:26.395+0000] {taskinstance.py:1956} INFO - Dependencies all met for dep_context=requeueable deps ti=<TaskInstance: multi_region_transform_staging_v2.process_region_eu.process_cart_items_eu manual__2025-06-11T16:08:10.701979+00:00 [queued]>
[2025-06-11T16:12:26.396+0000] {taskinstance.py:2170} INFO - Starting attempt 1 of 2
[2025-06-11T16:12:26.435+0000] {taskinstance.py:2191} INFO - Executing <Task(_PythonDecoratedOperator): process_region_eu.process_cart_items_eu> on 2025-06-11 16:08:10.701979+00:00
[2025-06-11T16:12:26.455+0000] {standard_task_runner.py:60} INFO - Started process 30534 to run task
[2025-06-11T16:12:26.461+0000] {standard_task_runner.py:87} INFO - Running: ['airflow', 'tasks', 'run', 'multi_region_transform_staging_v2', 'process_region_eu.process_cart_items_eu', 'manual__2025-06-11T16:08:10.701979+00:00', '--job-id', '213', '--raw', '--subdir', 'DAGS_FOLDER/master_dag.py', '--cfg-path', '/tmp/tmpjlz56e5o']
[2025-06-11T16:12:26.465+0000] {standard_task_runner.py:88} INFO - Job 213: Subtask process_region_eu.process_cart_items_eu
[2025-06-11T16:12:26.774+0000] {task_command.py:423} INFO - Running <TaskInstance: multi_region_transform_staging_v2.process_region_eu.process_cart_items_eu manual__2025-06-11T16:08:10.701979+00:00 [running]> on host 5950010ae7c1
[2025-06-11T16:12:27.178+0000] {taskinstance.py:2480} INFO - Exporting env vars: AIRFLOW_CTX_DAG_OWNER='data-team' AIRFLOW_CTX_DAG_ID='multi_region_transform_staging_v2' AIRFLOW_CTX_TASK_ID='process_region_eu.process_cart_items_eu' AIRFLOW_CTX_EXECUTION_DATE='2025-06-11T16:08:10.701979+00:00' AIRFLOW_CTX_TRY_NUMBER='1' AIRFLOW_CTX_DAG_RUN_ID='manual__2025-06-11T16:08:10.701979+00:00'
[2025-06-11T16:12:38.909+0000] {logging_mixin.py:188} INFO - Debugggg::::Vector(spark://5950010ae7c1:42467/jars/snowflake-jdbc-3.13.17.jar, spark://5950010ae7c1:42467/jars/spark-snowflake_2.12-2.16.0-spark_3.2.jar)
[2025-06-11T16:12:38.910+0000] {logging_mixin.py:188} INFO - Processing cart_items for region eu
[2025-06-11T16:12:38.950+0000] {logging_mixin.py:188} INFO - /opt/airflow/data/raw/region=eu/table=cart_items/load_date=2025-06-11
[2025-06-11T16:13:05.656+0000] {logging_mixin.py:188} INFO - STAGING_EU
[2025-06-11T16:13:08.142+0000] {logging_mixin.py:188} INFO - +------------+-------+----------+--------+------------------+-------------------+-------------------+-------+--------+
|cart_item_id|cart_id|variant_id|quantity|    unit_price_usd|           added_at|         updated_at|_region| _source|
+------------+-------+----------+--------+------------------+-------------------+-------------------+-------+--------+
|           1|      1|         2|       1|1511.9892000000002|2025-06-11 02:14:31|2025-06-11 02:14:31|     eu|postgres|
|           2|      1|         8|       2|           32.3892|2025-06-11 02:14:31|2025-06-11 02:14:31|     eu|postgres|
|           3|      2|        15|       1|1943.9892000000002|2025-06-11 02:14:31|2025-06-11 02:14:31|     eu|postgres|
|           4|      3|        19|       1|118.78920000000001|2025-06-11 02:14:31|2025-06-11 02:14:31|     eu|postgres|
|           5|      4|         6|       1|431.98920000000004|2025-06-11 02:14:31|2025-06-11 02:14:31|     eu|postgres|
|           6|      5|        12|       1|         1079.9892|2025-06-11 02:14:31|2025-06-11 02:14:31|     eu|postgres|
+------------+-------+----------+--------+------------------+-------------------+-------------------+-------+--------+
[2025-06-11T16:13:08.142+0000] {logging_mixin.py:188} INFO - Inserting into snowflake
[2025-06-11T16:13:17.585+0000] {logging_mixin.py:188} INFO - successfully inserted in snowflake
[2025-06-11T16:13:17.616+0000] {crypto.py:82} WARNING - empty cryptography key - values will not be stored encrypted.
[2025-06-11T16:13:18.406+0000] {logging_mixin.py:188} INFO - Successfully processed 6 records for cart_items in eu
[2025-06-11T16:13:21.063+0000] {python.py:201} INFO - Done. Returned value was: {'region': 'eu', 'table': 'cart_items', 'record_count': 6, 'status': 'success'}
[2025-06-11T16:13:21.158+0000] {taskinstance.py:1138} INFO - Marking task as SUCCESS. dag_id=multi_region_transform_staging_v2, task_id=process_region_eu.process_cart_items_eu, execution_date=20250611T160810, start_date=20250611T161226, end_date=20250611T161321
[2025-06-11T16:13:21.234+0000] {local_task_job_runner.py:234} INFO - Task exited with return code 0
[2025-06-11T16:13:21.317+0000] {taskinstance.py:3280} INFO - 0 downstream tasks scheduled from follow-on schedule check
