[2025-06-05T08:47:45.505+0000] {taskinstance.py:1956} INFO - Dependencies all met for dep_context=non-requeueable deps ti=<TaskInstance: extract_postgres_table_to_parquet.run_extraction manual__2025-06-05T08:47:44.345528+00:00 map_index=1 [queued]>
[2025-06-05T08:47:45.515+0000] {taskinstance.py:1956} INFO - Dependencies all met for dep_context=requeueable deps ti=<TaskInstance: extract_postgres_table_to_parquet.run_extraction manual__2025-06-05T08:47:44.345528+00:00 map_index=1 [queued]>
[2025-06-05T08:47:45.516+0000] {taskinstance.py:2170} INFO - Starting attempt 1 of 1
[2025-06-05T08:47:45.528+0000] {taskinstance.py:2191} INFO - Executing <Mapped(_PythonDecoratedOperator): run_extraction> on 2025-06-05 08:47:44.345528+00:00
[2025-06-05T08:47:45.533+0000] {standard_task_runner.py:60} INFO - Started process 3864 to run task
[2025-06-05T08:47:45.536+0000] {standard_task_runner.py:87} INFO - Running: ['airflow', 'tasks', 'run', 'extract_postgres_table_to_parquet', 'run_extraction', 'manual__2025-06-05T08:47:44.345528+00:00', '--job-id', '14', '--raw', '--subdir', 'DAGS_FOLDER/asia/landing.py', '--cfg-path', '/tmp/tmpu5o9rylw', '--map-index', '1']
[2025-06-05T08:47:45.537+0000] {standard_task_runner.py:88} INFO - Job 14: Subtask run_extraction
[2025-06-05T08:47:45.597+0000] {task_command.py:423} INFO - Running <TaskInstance: extract_postgres_table_to_parquet.run_extraction manual__2025-06-05T08:47:44.345528+00:00 map_index=1 [running]> on host 1d07dfe4334d
[2025-06-05T08:47:45.716+0000] {taskinstance.py:2480} INFO - Exporting env vars: AIRFLOW_CTX_DAG_OWNER='airflow' AIRFLOW_CTX_DAG_ID='extract_postgres_table_to_parquet' AIRFLOW_CTX_TASK_ID='run_extraction' AIRFLOW_CTX_EXECUTION_DATE='2025-06-05T08:47:44.345528+00:00' AIRFLOW_CTX_TRY_NUMBER='1' AIRFLOW_CTX_DAG_RUN_ID='manual__2025-06-05T08:47:44.345528+00:00'
[2025-06-05T08:47:45.718+0000] {logging_mixin.py:188} INFO - Starting extraction for table: customers in region: eu
[2025-06-05T08:47:45.739+0000] {logging_mixin.py:188} INFO - [INFO] No variable found. Using default: 2000-01-01 00:00:00.000
[2025-06-05T08:47:51.852+0000] {logging_mixin.py:188} INFO - (SELECT * FROM eu.customers WHERE created_at > '2000-01-01 00:00:00.000') AS filtered_data
[2025-06-05T08:47:58.813+0000] {logging_mixin.py:188} INFO - +-----------+-------------------+-----------------+----------------+----------------+------------+-------------------+-------------------+-----------+-------------+-------------------+--------------------+-------------------+-------------------+-------------------+-------+--------+
|customer_id|         email_hash|first_name_masked|last_name_masked|    phone_masked|country_code|  registration_date|      last_login_at|status_code|customer_tier|  gdpr_consent_date|data_retention_until|acquisition_channel|         created_at|         updated_at|_region| _source|
+-----------+-------------------+-----------------+----------------+----------------+------------+-------------------+-------------------+-----------+-------------+-------------------+--------------------+-------------------+-------------------+-------------------+-------+--------+
|        101|  alice.b@domain.eu|            Alice|           Brown| +49 170 1234567|          DE|2025-05-01 00:00:00|2025-06-01 10:00:00|          1|         Gold|2025-01-01 00:00:00|          2026-01-01|                Web|2025-05-01 00:00:00|2025-06-01 00:00:00|     eu|postgres|
|        102|   bob.c@example.eu|              BoB|          CarteR|0049 171 7654321|          DE|2025-06-01 00:00:00|2025-06-02 11:00:00|          0|       Silver|2025-02-01 00:00:00|          2026-02-01|           Referral|2025-06-01 00:00:00|2025-06-02 00:00:00|     eu|postgres|
|        103|   invalidemail@eu@|          charlie|           davis|             N/A|          FR|2025-04-15 00:00:00|               NULL|          2|       Bronze|2025-03-01 00:00:00|          2026-03-01|                Ads|2025-04-15 00:00:00|2025-05-15 00:00:00|     eu|postgres|
|        104|  diana.e@domain@eu|           DiAna |          EvAns |   +33 612345678|          FR|2025-05-15 00:00:00|2025-06-03 12:00:00|          3|         Gold|               NULL|                NULL|            Organic|2025-05-15 00:00:00|2025-06-03 00:00:00|     eu|postgres|
|        105|edward.f@company.eu|           Edward|             Fox| +44 7911 123456|          UK|2025-05-20 00:00:00|2025-06-04 09:00:00|          1|     Platinum|2025-01-15 00:00:00|          2026-01-15|                App|2025-05-20 00:00:00|2025-06-04 00:00:00|     eu|postgres|
+-----------+-------------------+-----------------+----------------+----------------+------------+-------------------+-------------------+-----------+-------------+-------------------+--------------------+-------------------+-------------------+-------------------+-------+--------+
[2025-06-05T08:47:58.814+0000] {logging_mixin.py:188} INFO - Writing data to /opt/airflow/data/raw/region=eu/table=customers/load_date=2025-06-05/
[2025-06-05T08:48:00.045+0000] {taskinstance.py:2698} ERROR - Task failed with exception
Traceback (most recent call last):
  File "/home/airflow/.local/lib/python3.10/site-packages/airflow/models/taskinstance.py", line 433, in _execute_task
    result = execute_callable(context=context, **execute_callable_kwargs)
  File "/home/airflow/.local/lib/python3.10/site-packages/airflow/decorators/base.py", line 241, in execute
    return_value = super().execute(context)
  File "/home/airflow/.local/lib/python3.10/site-packages/airflow/operators/python.py", line 199, in execute
    return_value = self.execute_callable()
  File "/home/airflow/.local/lib/python3.10/site-packages/airflow/operators/python.py", line 216, in execute_callable
    return self.python_callable(*self.op_args, **self.op_kwargs)
  File "/opt/airflow/dags/asia/landing.py", line 34, in run_extraction
    extract_postgres_table(
  File "/opt/airflow/dags/asia/../../scripts/pyspark_jobs/extract_to_parquet.py", line 65, in extract_postgres_table
    max_ts = df.agg({"created": "max"}).collect()[0][0]
  File "/home/airflow/.local/lib/python3.10/site-packages/pyspark/sql/dataframe.py", line 3701, in agg
    return self.groupBy().agg(*exprs)  # type: ignore[arg-type]
  File "/home/airflow/.local/lib/python3.10/site-packages/pyspark/sql/group.py", line 181, in agg
    jdf = self._jgd.agg(exprs[0])
  File "/home/airflow/.local/lib/python3.10/site-packages/py4j/java_gateway.py", line 1322, in __call__
    return_value = get_return_value(
  File "/home/airflow/.local/lib/python3.10/site-packages/pyspark/errors/exceptions/captured.py", line 185, in deco
    raise converted from None
pyspark.errors.exceptions.captured.AnalysisException: [UNRESOLVED_COLUMN.WITH_SUGGESTION] A column or function parameter with name `created` cannot be resolved. Did you mean one of the following? [`customer_id`, `email_hash`, `first_name_masked`, `last_name_masked`, `phone_masked`, `country_code`, `registration_date`, `last_login_at`, `status_code`, `customer_tier`, `gdpr_consent_date`, `data_retention_until`, `acquisition_channel`, `created_at`, `updated_at`, `_region`, `_source`].
[2025-06-05T08:48:00.071+0000] {taskinstance.py:1138} INFO - Marking task as FAILED. dag_id=extract_postgres_table_to_parquet, task_id=run_extraction, map_index=1, execution_date=20250605T084744, start_date=20250605T084745, end_date=20250605T084800
[2025-06-05T08:48:00.087+0000] {standard_task_runner.py:107} ERROR - Failed to execute job 14 for task run_extraction ([UNRESOLVED_COLUMN.WITH_SUGGESTION] A column or function parameter with name `created` cannot be resolved. Did you mean one of the following? [`customer_id`, `email_hash`, `first_name_masked`, `last_name_masked`, `phone_masked`, `country_code`, `registration_date`, `last_login_at`, `status_code`, `customer_tier`, `gdpr_consent_date`, `data_retention_until`, `acquisition_channel`, `created_at`, `updated_at`, `_region`, `_source`].; 3864)
[2025-06-05T08:48:00.122+0000] {local_task_job_runner.py:234} INFO - Task exited with return code 1
[2025-06-05T08:48:00.157+0000] {taskinstance.py:3280} INFO - 0 downstream tasks scheduled from follow-on schedule check
