[2025-06-09T07:30:20.550+0000] {taskinstance.py:1956} INFO - Dependencies all met for dep_context=non-requeueable deps ti=<TaskInstance: multi_region_processor_7.process_region_eu.process_product_variants_eu manual__2025-06-09T07:28:55.367695+00:00 [queued]>
[2025-06-09T07:30:20.576+0000] {taskinstance.py:1956} INFO - Dependencies all met for dep_context=requeueable deps ti=<TaskInstance: multi_region_processor_7.process_region_eu.process_product_variants_eu manual__2025-06-09T07:28:55.367695+00:00 [queued]>
[2025-06-09T07:30:20.577+0000] {taskinstance.py:2170} INFO - Starting attempt 1 of 2
[2025-06-09T07:30:20.620+0000] {taskinstance.py:2191} INFO - Executing <Task(_PythonDecoratedOperator): process_region_eu.process_product_variants_eu> on 2025-06-09 07:28:55.367695+00:00
[2025-06-09T07:30:20.632+0000] {standard_task_runner.py:60} INFO - Started process 76040 to run task
[2025-06-09T07:30:20.640+0000] {standard_task_runner.py:87} INFO - Running: ['airflow', 'tasks', 'run', 'multi_region_processor_7', 'process_region_eu.process_product_variants_eu', 'manual__2025-06-09T07:28:55.367695+00:00', '--job-id', '570', '--raw', '--subdir', 'DAGS_FOLDER/master2.py', '--cfg-path', '/tmp/tmpg8tudnau']
[2025-06-09T07:30:20.651+0000] {standard_task_runner.py:88} INFO - Job 570: Subtask process_region_eu.process_product_variants_eu
[2025-06-09T07:30:20.708+0000] {logging_mixin.py:188} WARNING - /home/airflow/.local/lib/python3.10/site-packages/airflow/settings.py:194 DeprecationWarning: The sql_alchemy_conn option in [core] has been moved to the sql_alchemy_conn option in [database] - the old setting has been used, but please update your config.
[2025-06-09T07:30:20.837+0000] {task_command.py:423} INFO - Running <TaskInstance: multi_region_processor_7.process_region_eu.process_product_variants_eu manual__2025-06-09T07:28:55.367695+00:00 [running]> on host afcdbcf38bc0
[2025-06-09T07:30:21.191+0000] {taskinstance.py:2480} INFO - Exporting env vars: AIRFLOW_CTX_DAG_OWNER='data-team' AIRFLOW_CTX_DAG_ID='multi_region_processor_7' AIRFLOW_CTX_TASK_ID='process_region_eu.process_product_variants_eu' AIRFLOW_CTX_EXECUTION_DATE='2025-06-09T07:28:55.367695+00:00' AIRFLOW_CTX_TRY_NUMBER='1' AIRFLOW_CTX_DAG_RUN_ID='manual__2025-06-09T07:28:55.367695+00:00'
[2025-06-09T07:30:31.581+0000] {logging_mixin.py:188} INFO - Processing product_variants for region eu
[2025-06-09T07:30:54.851+0000] {logging_mixin.py:188} INFO - +----------+----------+--------------------+--------------------+-------------+-------------+--------------+------------+---------+--------------------+-------+--------+
|variant_id|product_id|         product_sku|        variant_name| variant_type|variant_value|price_diff_eur|is_active_eu|is_active|          created_at|_region| _source|
+----------+----------+--------------------+--------------------+-------------+-------------+--------------+------------+---------+--------------------+-------+--------+
|         1|         1|EU-SKU-PHONE001-B...|iPhone 15 Pro Bla...|color_storage|  Black 128GB|          0.00|           1|     true|2025-06-08 19:22:...|     eu|postgres|
|         2|         1|EU-SKU-PHONE001-B...|iPhone 15 Pro Blu...|color_storage|   Blue 256GB|        200.00|           1|     true|2025-06-08 19:22:...|     eu|postgres|
|         3|         1|EU-SKU-PHONE001-W...|iPhone 15 Pro Whi...|color_storage|  White 512GB|        400.00|           1|     true|2025-06-08 19:22:...|     eu|postgres|
|         4|         2|EU-SKU-LAPTOP001-...|MacBook Air Silve...| color_memory|   Silver 8GB|          0.00|           1|     true|2025-06-08 19:22:...|     eu|postgres|
|         5|         2|EU-SKU-LAPTOP001-...|MacBook Air Gold ...| color_memory|    Gold 16GB|        300.00|           1|     true|2025-06-08 19:22:...|     eu|postgres|
|         6|         3|EU-SKU-GAME001-ST...|PlayStation 5 Sta...|      edition|     Standard|          0.00|           1|     true|2025-06-08 19:22:...|     eu|postgres|
|         7|         3|EU-SKU-GAME001-DI...|PlayStation 5 Dig...|      edition|      Digital|       -100.00|           1|     true|2025-06-08 19:22:...|     eu|postgres|
|         8|         4|EU-SKU-SHIRT001-R...|Cotton T-Shirt Re...|   color_size|        Red M|          0.00|           1|     true|2025-06-08 19:22:...|     eu|postgres|
|         9|         4|EU-SKU-SHIRT001-B...|Cotton T-Shirt Bl...|   color_size|       Blue L|          5.00|           1|     true|2025-06-08 19:22:...|     eu|postgres|
|        10|         4|EU-SKU-SHIRT001-B...|Cotton T-Shirt Bl...|   color_size|     Black XL|         10.00|           1|     true|2025-06-08 19:22:...|     eu|postgres|
+----------+----------+--------------------+--------------------+-------------+-------------+--------------+------------+---------+--------------------+-------+--------+
only showing top 10 rows
[2025-06-09T07:30:59.794+0000] {logging_mixin.py:188} INFO - Successfully processed 42 records for product_variants in eu
[2025-06-09T07:31:00.330+0000] {python.py:201} INFO - Done. Returned value was: {'region': 'eu', 'table': 'product_variants', 'record_count': 42, 'status': 'success'}
[2025-06-09T07:31:00.431+0000] {taskinstance.py:1138} INFO - Marking task as SUCCESS. dag_id=multi_region_processor_7, task_id=process_region_eu.process_product_variants_eu, execution_date=20250609T072855, start_date=20250609T073020, end_date=20250609T073100
[2025-06-09T07:31:00.511+0000] {local_task_job_runner.py:234} INFO - Task exited with return code 0
[2025-06-09T07:31:00.740+0000] {taskinstance.py:3280} INFO - 1 downstream tasks scheduled from follow-on schedule check
