[2025-06-11T18:27:28.691+0000] {taskinstance.py:1956} INFO - Dependencies all met for dep_context=non-requeueable deps ti=<TaskInstance: multi_region_transform_staging_v2.process_region_us.process_product_reviews_us manual__2025-06-11T18:20:09.445349+00:00 [queued]>
[2025-06-11T18:27:28.721+0000] {taskinstance.py:1956} INFO - Dependencies all met for dep_context=requeueable deps ti=<TaskInstance: multi_region_transform_staging_v2.process_region_us.process_product_reviews_us manual__2025-06-11T18:20:09.445349+00:00 [queued]>
[2025-06-11T18:27:28.722+0000] {taskinstance.py:2170} INFO - Starting attempt 1 of 2
[2025-06-11T18:27:28.753+0000] {taskinstance.py:2191} INFO - Executing <Task(_PythonDecoratedOperator): process_region_us.process_product_reviews_us> on 2025-06-11 18:20:09.445349+00:00
[2025-06-11T18:27:28.771+0000] {standard_task_runner.py:60} INFO - Started process 15422 to run task
[2025-06-11T18:27:28.777+0000] {standard_task_runner.py:87} INFO - Running: ['airflow', 'tasks', 'run', 'multi_region_transform_staging_v2', 'process_region_us.process_product_reviews_us', 'manual__2025-06-11T18:20:09.445349+00:00', '--job-id', '652', '--raw', '--subdir', 'DAGS_FOLDER/master_dag.py', '--cfg-path', '/tmp/tmpvxz3m91e']
[2025-06-11T18:27:28.780+0000] {standard_task_runner.py:88} INFO - Job 652: Subtask process_region_us.process_product_reviews_us
[2025-06-11T18:27:28.932+0000] {task_command.py:423} INFO - Running <TaskInstance: multi_region_transform_staging_v2.process_region_us.process_product_reviews_us manual__2025-06-11T18:20:09.445349+00:00 [running]> on host 5950010ae7c1
[2025-06-11T18:27:29.199+0000] {taskinstance.py:2480} INFO - Exporting env vars: AIRFLOW_CTX_DAG_OWNER='data-team' AIRFLOW_CTX_DAG_ID='multi_region_transform_staging_v2' AIRFLOW_CTX_TASK_ID='process_region_us.process_product_reviews_us' AIRFLOW_CTX_EXECUTION_DATE='2025-06-11T18:20:09.445349+00:00' AIRFLOW_CTX_TRY_NUMBER='1' AIRFLOW_CTX_DAG_RUN_ID='manual__2025-06-11T18:20:09.445349+00:00'
[2025-06-11T18:27:41.495+0000] {logging_mixin.py:188} INFO - Debugggg::::Vector(spark://5950010ae7c1:45189/jars/spark-snowflake_2.12-2.16.0-spark_3.2.jar, spark://5950010ae7c1:45189/jars/snowflake-jdbc-3.13.17.jar)
[2025-06-11T18:27:41.496+0000] {logging_mixin.py:188} INFO - Processing product_reviews for region us
[2025-06-11T18:27:41.540+0000] {logging_mixin.py:188} INFO - /opt/airflow/data/raw/region=us/table=product_reviews/load_date=2025-06-11
[2025-06-11T18:28:07.304+0000] {logging_mixin.py:188} INFO - STAGING_US
[2025-06-11T18:28:08.992+0000] {logging_mixin.py:188} INFO - +---------+----------+-----------+--------+------+-------------------+--------------------+--------------------+-------------+--------------------+-------+--------+
|review_id|product_id|customer_id|order_id|rating|       review_title|         review_text|is_verified_purchase|helpful_votes|          created_at|_region| _source|
+---------+----------+-----------+--------+------+-------------------+--------------------+--------------------+-------------+--------------------+-------+--------+
|        1|         1|          1|       1|     5|     AMAZING PHONE!|Best iPhone yet! ...|                true|           23|2025-06-11 02:14:...|     us|postgres|
|        2|         5|          2|       2|     4|lovely summer dress|Beautiful dress, ...|                true|           12|2025-06-11 02:14:...|     us|postgres|
|        3|         6|          3|       3|     5|   Perfect Recliner|So comfortable! G...|                true|           18|2025-06-11 02:14:...|     us|postgres|
|        4|        14|          4|       4|     3|  DECENT HEADPHONES|Sound quality is ...|                true|            7|2025-06-11 02:14:...|     us|postgres|
|        5|         7|         10|      10|     2| disappointing book|Content was outda...|                true|            3|2025-06-11 02:14:...|     us|postgres|
|        6|         1|          5|    NULL|     4|    Good but pricey|Great phone featu...|               false|            5|2025-06-11 02:14:...|     us|postgres|
|        7|         9|          7|       7|     5|    EXCELLENT BIKE!|Perfect for trail...|                true|           15|2025-06-11 02:14:...|     us|postgres|
|        8|        10|          8|       8|     4|   fun building set|Kids absolutely l...|                true|            9|2025-06-11 02:14:...|     us|postgres|
+---------+----------+-----------+--------+------+-------------------+--------------------+--------------------+-------------+--------------------+-------+--------+
[2025-06-11T18:28:08.992+0000] {logging_mixin.py:188} INFO - Inserting into snowflake
[2025-06-11T18:28:18.762+0000] {logging_mixin.py:188} INFO - successfully inserted in snowflake
[2025-06-11T18:28:18.784+0000] {crypto.py:82} WARNING - empty cryptography key - values will not be stored encrypted.
[2025-06-11T18:28:19.156+0000] {logging_mixin.py:188} INFO - Successfully processed 8 records for product_reviews in us
[2025-06-11T18:28:21.582+0000] {python.py:201} INFO - Done. Returned value was: {'region': 'us', 'table': 'product_reviews', 'record_count': 8, 'status': 'success'}
[2025-06-11T18:28:21.662+0000] {taskinstance.py:1138} INFO - Marking task as SUCCESS. dag_id=multi_region_transform_staging_v2, task_id=process_region_us.process_product_reviews_us, execution_date=20250611T182009, start_date=20250611T182728, end_date=20250611T182821
[2025-06-11T18:28:21.748+0000] {local_task_job_runner.py:234} INFO - Task exited with return code 0
[2025-06-11T18:28:21.829+0000] {taskinstance.py:3280} INFO - 0 downstream tasks scheduled from follow-on schedule check
