[2025-06-10T07:50:51.478+0000] {taskinstance.py:1956} INFO - Dependencies all met for dep_context=non-requeueable deps ti=<TaskInstance: multi_region_to_snowflake.process_region_eu.process_cart_items_eu manual__2025-06-10T07:44:42.674457+00:00 [queued]>
[2025-06-10T07:50:51.498+0000] {taskinstance.py:1956} INFO - Dependencies all met for dep_context=requeueable deps ti=<TaskInstance: multi_region_to_snowflake.process_region_eu.process_cart_items_eu manual__2025-06-10T07:44:42.674457+00:00 [queued]>
[2025-06-10T07:50:51.499+0000] {taskinstance.py:2170} INFO - Starting attempt 1 of 2
[2025-06-10T07:50:51.524+0000] {taskinstance.py:2191} INFO - Executing <Task(_PythonDecoratedOperator): process_region_eu.process_cart_items_eu> on 2025-06-10 07:44:42.674457+00:00
[2025-06-10T07:50:51.532+0000] {standard_task_runner.py:60} INFO - Started process 9402 to run task
[2025-06-10T07:50:51.537+0000] {standard_task_runner.py:87} INFO - Running: ['airflow', 'tasks', 'run', 'multi_region_to_snowflake', 'process_region_eu.process_cart_items_eu', 'manual__2025-06-10T07:44:42.674457+00:00', '--job-id', '1031', '--raw', '--subdir', 'DAGS_FOLDER/master_dag.py', '--cfg-path', '/tmp/tmpqjqgmssv']
[2025-06-10T07:50:51.539+0000] {standard_task_runner.py:88} INFO - Job 1031: Subtask process_region_eu.process_cart_items_eu
[2025-06-10T07:50:51.632+0000] {task_command.py:423} INFO - Running <TaskInstance: multi_region_to_snowflake.process_region_eu.process_cart_items_eu manual__2025-06-10T07:44:42.674457+00:00 [running]> on host b27730b0b8ce
[2025-06-10T07:50:51.764+0000] {taskinstance.py:2480} INFO - Exporting env vars: AIRFLOW_CTX_DAG_OWNER='data-team' AIRFLOW_CTX_DAG_ID='multi_region_to_snowflake' AIRFLOW_CTX_TASK_ID='process_region_eu.process_cart_items_eu' AIRFLOW_CTX_EXECUTION_DATE='2025-06-10T07:44:42.674457+00:00' AIRFLOW_CTX_TRY_NUMBER='1' AIRFLOW_CTX_DAG_RUN_ID='manual__2025-06-10T07:44:42.674457+00:00'
[2025-06-10T07:51:04.190+0000] {logging_mixin.py:188} INFO - Processing cart_items for region eu
[2025-06-10T07:51:17.768+0000] {logging_mixin.py:188} INFO - STAGING_EU
[2025-06-10T07:51:30.323+0000] {logging_mixin.py:188} INFO - +------------+-------+----------+--------+--------------+-------------------+-------------------+-------+--------+
|cart_item_id|cart_id|variant_id|quantity|unit_price_eur|           added_at|         updated_at|_region| _source|
+------------+-------+----------+--------+--------------+-------------------+-------------------+-------+--------+
|           1|      1|         2|       1|       1399.99|2025-06-08 19:22:57|2025-06-08 19:22:57|     eu|postgres|
|           2|      1|         8|       2|         29.99|2025-06-08 19:22:57|2025-06-08 19:22:57|     eu|postgres|
|           3|      2|        15|       1|       1799.99|2025-06-08 19:22:57|2025-06-08 19:22:57|     eu|postgres|
|           4|      3|        19|       1|        109.99|2025-06-08 19:22:57|2025-06-08 19:22:57|     eu|postgres|
|           5|      4|         6|       1|        399.99|2025-06-08 19:22:57|2025-06-08 19:22:57|     eu|postgres|
|           6|      5|        12|       1|        999.99|2025-06-08 19:22:57|2025-06-08 19:22:57|     eu|postgres|
|           1|      1|         2|       1|       1399.99|2025-06-08 19:22:57|2025-06-08 19:22:57|     eu|postgres|
|           2|      1|         8|       2|         29.99|2025-06-08 19:22:57|2025-06-08 19:22:57|     eu|postgres|
|           3|      2|        15|       1|       1799.99|2025-06-08 19:22:57|2025-06-08 19:22:57|     eu|postgres|
|           4|      3|        19|       1|        109.99|2025-06-08 19:22:57|2025-06-08 19:22:57|     eu|postgres|
+------------+-------+----------+--------+--------------+-------------------+-------------------+-------+--------+
only showing top 10 rows
[2025-06-10T07:51:30.324+0000] {logging_mixin.py:188} INFO - Inserting into snowflake
[2025-06-10T07:51:48.348+0000] {logging_mixin.py:188} INFO - successfully inserted in snowflake
[2025-06-10T07:51:50.411+0000] {logging_mixin.py:188} INFO - Successfully processed 12 records for cart_items in eu
[2025-06-10T07:51:51.773+0000] {python.py:201} INFO - Done. Returned value was: {'region': 'eu', 'table': 'cart_items', 'record_count': 12, 'status': 'success'}
[2025-06-10T07:51:51.892+0000] {taskinstance.py:1138} INFO - Marking task as SUCCESS. dag_id=multi_region_to_snowflake, task_id=process_region_eu.process_cart_items_eu, execution_date=20250610T074442, start_date=20250610T075051, end_date=20250610T075151
[2025-06-10T07:51:51.943+0000] {local_task_job_runner.py:234} INFO - Task exited with return code 0
[2025-06-10T07:51:52.005+0000] {taskinstance.py:3280} INFO - 0 downstream tasks scheduled from follow-on schedule check
