[2025-06-11T15:04:46.220+0000] {taskinstance.py:1956} INFO - Dependencies all met for dep_context=non-requeueable deps ti=<TaskInstance: multi_region_transform_staging_v2.process_region_us.process_customers_us scheduled__2025-06-10T00:00:00+00:00 [queued]>
[2025-06-11T15:04:46.236+0000] {taskinstance.py:1956} INFO - Dependencies all met for dep_context=requeueable deps ti=<TaskInstance: multi_region_transform_staging_v2.process_region_us.process_customers_us scheduled__2025-06-10T00:00:00+00:00 [queued]>
[2025-06-11T15:04:46.239+0000] {taskinstance.py:2170} INFO - Starting attempt 3 of 2
[2025-06-11T15:04:46.265+0000] {taskinstance.py:2191} INFO - Executing <Task(_PythonDecoratedOperator): process_region_us.process_customers_us> on 2025-06-10 00:00:00+00:00
[2025-06-11T15:04:46.277+0000] {standard_task_runner.py:60} INFO - Started process 330 to run task
[2025-06-11T15:04:46.282+0000] {standard_task_runner.py:87} INFO - Running: ['airflow', 'tasks', 'run', 'multi_region_transform_staging_v2', 'process_region_us.process_customers_us', 'scheduled__2025-06-10T00:00:00+00:00', '--job-id', '82', '--raw', '--subdir', 'DAGS_FOLDER/master_dag.py', '--cfg-path', '/tmp/tmpmq6j6ua6']
[2025-06-11T15:04:46.285+0000] {standard_task_runner.py:88} INFO - Job 82: Subtask process_region_us.process_customers_us
[2025-06-11T15:04:46.418+0000] {task_command.py:423} INFO - Running <TaskInstance: multi_region_transform_staging_v2.process_region_us.process_customers_us scheduled__2025-06-10T00:00:00+00:00 [running]> on host 94d2ab00ac05
[2025-06-11T15:04:46.664+0000] {taskinstance.py:2480} INFO - Exporting env vars: AIRFLOW_CTX_DAG_OWNER='data-team' AIRFLOW_CTX_DAG_ID='multi_region_transform_staging_v2' AIRFLOW_CTX_TASK_ID='process_region_us.process_customers_us' AIRFLOW_CTX_EXECUTION_DATE='2025-06-10T00:00:00+00:00' AIRFLOW_CTX_TRY_NUMBER='3' AIRFLOW_CTX_DAG_RUN_ID='scheduled__2025-06-10T00:00:00+00:00'
[2025-06-11T15:05:19.689+0000] {logging_mixin.py:188} INFO - Debugggg::::Vector(spark://94d2ab00ac05:38283/jars/snowflake-jdbc-3.13.17.jar, spark://94d2ab00ac05:38283/jars/spark-snowflake_2.12-2.16.0-spark_3.2.jar)
[2025-06-11T15:05:19.717+0000] {logging_mixin.py:188} INFO - Processing customers for region us
[2025-06-11T15:05:19.824+0000] {logging_mixin.py:188} INFO - /opt/airflow/data/raw/region=us/table=customers/load_date=2025-06-11
[2025-06-11T15:08:09.980+0000] {logging_mixin.py:188} INFO - Error processing customers for us: transform_customers() takes 2 positional arguments but 3 were given
[2025-06-11T15:08:12.208+0000] {taskinstance.py:2698} ERROR - Task failed with exception
Traceback (most recent call last):
  File "/home/airflow/.local/lib/python3.10/site-packages/airflow/models/taskinstance.py", line 433, in _execute_task
    result = execute_callable(context=context, **execute_callable_kwargs)
  File "/home/airflow/.local/lib/python3.10/site-packages/airflow/decorators/base.py", line 241, in execute
    return_value = super().execute(context)
  File "/home/airflow/.local/lib/python3.10/site-packages/airflow/operators/python.py", line 199, in execute
    return_value = self.execute_callable()
  File "/home/airflow/.local/lib/python3.10/site-packages/airflow/operators/python.py", line 216, in execute_callable
    return self.python_callable(*self.op_args, **self.op_kwargs)
  File "/opt/airflow/dags/master_dag.py", line 242, in process_table
    df_transformed = transform_func(df_raw, region,exchange_rates)
TypeError: transform_customers() takes 2 positional arguments but 3 were given
[2025-06-11T15:08:12.701+0000] {taskinstance.py:1138} INFO - Marking task as FAILED. dag_id=multi_region_transform_staging_v2, task_id=process_region_us.process_customers_us, execution_date=20250610T000000, start_date=20250611T150446, end_date=20250611T150812
[2025-06-11T15:08:14.612+0000] {standard_task_runner.py:107} ERROR - Failed to execute job 82 for task process_region_us.process_customers_us (transform_customers() takes 2 positional arguments but 3 were given; 330)
[2025-06-11T15:08:14.703+0000] {local_task_job_runner.py:234} INFO - Task exited with return code 1
[2025-06-11T15:08:15.752+0000] {taskinstance.py:3280} INFO - 0 downstream tasks scheduled from follow-on schedule check
