[2025-06-08T18:32:13.556+0000] {taskinstance.py:1956} INFO - Dependencies all met for dep_context=non-requeueable deps ti=<TaskInstance: transform_categories.run_transformation_eu manual__2025-06-08T00:00:00+00:00 [queued]>
[2025-06-08T18:32:13.574+0000] {taskinstance.py:1956} INFO - Dependencies all met for dep_context=requeueable deps ti=<TaskInstance: transform_categories.run_transformation_eu manual__2025-06-08T00:00:00+00:00 [queued]>
[2025-06-08T18:32:13.575+0000] {taskinstance.py:2170} INFO - Starting attempt 1 of 1
[2025-06-08T18:32:13.612+0000] {taskinstance.py:2191} INFO - Executing <Task(_PythonDecoratedOperator): run_transformation_eu> on 2025-06-08 00:00:00+00:00
[2025-06-08T18:32:13.621+0000] {standard_task_runner.py:60} INFO - Started process 31310 to run task
[2025-06-08T18:32:13.621+0000] {clientserver.py:543} INFO - Closing down clientserver connection
[2025-06-08T18:32:13.629+0000] {standard_task_runner.py:87} INFO - Running: ['airflow', 'tasks', 'run', 'transform_categories', 'run_transformation_eu', 'manual__2025-06-08T00:00:00+00:00', '--job-id', '608', '--raw', '--subdir', 'DAGS_FOLDER/staging/categories_to_staging.py', '--cfg-path', '/tmp/tmpsc5h3ogw']
[2025-06-08T18:32:13.631+0000] {standard_task_runner.py:88} INFO - Job 608: Subtask run_transformation_eu
[2025-06-08T18:32:13.670+0000] {logging_mixin.py:188} WARNING - /home/airflow/.local/lib/python3.10/site-packages/airflow/settings.py:194 DeprecationWarning: The sql_alchemy_conn option in [core] has been moved to the sql_alchemy_conn option in [database] - the old setting has been used, but please update your config.
[2025-06-08T18:32:13.766+0000] {task_command.py:423} INFO - Running <TaskInstance: transform_categories.run_transformation_eu manual__2025-06-08T00:00:00+00:00 [running]> on host 6ecd1ae3f40b
[2025-06-08T18:32:13.988+0000] {taskinstance.py:2480} INFO - Exporting env vars: AIRFLOW_CTX_DAG_OWNER='airflow' AIRFLOW_CTX_DAG_ID='transform_categories' AIRFLOW_CTX_TASK_ID='run_transformation_eu' AIRFLOW_CTX_EXECUTION_DATE='2025-06-08T00:00:00+00:00' AIRFLOW_CTX_TRY_NUMBER='1' AIRFLOW_CTX_DAG_RUN_ID='manual__2025-06-08T00:00:00+00:00'
[2025-06-08T18:32:13.990+0000] {logging_mixin.py:188} INFO - Starting transformation for table: categories in region: eu
[2025-06-08T18:32:14.030+0000] {logging_mixin.py:188} INFO - Reading data from: /opt/airflow/data/raw/region=eu/table=categories/load_date=2025-06-06/
[2025-06-08T18:32:23.576+0000] {logging_mixin.py:188} INFO - [INFO] Processing 15 records for eu
[2025-06-08T18:32:24.167+0000] {logging_mixin.py:188} INFO - Sample transformed data for eu:
[2025-06-08T18:32:28.437+0000] {logging_mixin.py:188} INFO - +-----------+-------------+-------------------+------------------+------------------------+---------+--------------+-------------------+-------------------+-------+--------+
|category_id|category_name|category_name_local|parent_category_id|category_path           |is_active|gdpr_sensitive|created_at         |updated_at         |_region|_source |
+-----------+-------------+-------------------+------------------+------------------------+---------+--------------+-------------------+-------------------+-------+--------+
|1          |Electronics  |Elektronik         |NULL              |/Electronics            |1        |false         |2025-06-06 08:01:32|2025-06-06 08:01:32|eu     |postgres|
|2          |Smartphones  |Smartphones        |1                 |/Electronics/Smartphones|1        |false         |2025-06-06 08:01:32|2025-06-06 08:01:32|eu     |postgres|
|3          |Laptops      |Laptops            |1                 |/Electronics/Laptops    |1        |false         |2025-06-06 08:01:32|2025-06-06 08:01:32|eu     |postgres|
|4          |Gaming       |Spiele             |1                 |/Electronics/Gaming     |1        |false         |2025-06-06 08:01:32|2025-06-06 08:01:32|eu     |postgres|
|5          |Clothing     |Kleidung           |NULL              |/Clothing               |1        |false         |2025-06-06 08:01:32|2025-06-06 08:01:32|eu     |postgres|
+-----------+-------------+-------------------+------------------+------------------------+---------+--------------+-------------------+-------------------+-------+--------+
only showing top 5 rows
[2025-06-08T18:32:28.438+0000] {logging_mixin.py:188} INFO - Writing transformed data to: /opt/airflow/data/staging/categories/region=eu/load_date=2025-06-06/
[2025-06-08T18:32:29.854+0000] {logging_mixin.py:188} INFO - Successfully transformed 15 records for eu
[2025-06-08T18:34:25.661+0000] {local_task_job_runner.py:302} WARNING - State of this instance has been externally set to failed. Terminating instance.
[2025-06-08T18:34:25.665+0000] {process_utils.py:131} INFO - Sending 15 to group 31310. PIDs of all processes in the group: [31310]
[2025-06-08T18:34:25.665+0000] {process_utils.py:86} INFO - Sending the signal 15 to group 31310
[2025-06-08T18:34:25.666+0000] {taskinstance.py:2450} ERROR - Received SIGTERM. Terminating subprocesses.
[2025-06-08T18:34:25.718+0000] {process_utils.py:79} INFO - Process psutil.Process(pid=31310, status='terminated', exitcode=0, started='18:32:13') (31310) terminated with exit code 0
