[2025-06-08T16:27:58.871+0000] {taskinstance.py:1956} INFO - Dependencies all met for dep_context=non-requeueable deps ti=<TaskInstance: transform_shopping_cart.run_transformation_eu manual__2025-06-08T16:18:11.887868+00:00 [queued]>
[2025-06-08T16:27:58.918+0000] {taskinstance.py:1956} INFO - Dependencies all met for dep_context=requeueable deps ti=<TaskInstance: transform_shopping_cart.run_transformation_eu manual__2025-06-08T16:18:11.887868+00:00 [queued]>
[2025-06-08T16:27:58.923+0000] {taskinstance.py:2170} INFO - Starting attempt 1 of 1
[2025-06-08T16:27:59.297+0000] {taskinstance.py:2191} INFO - Executing <Task(_PythonDecoratedOperator): run_transformation_eu> on 2025-06-08 16:18:11.887868+00:00
[2025-06-08T16:27:59.344+0000] {clientserver.py:543} INFO - Closing down clientserver connection
[2025-06-08T16:27:59.342+0000] {standard_task_runner.py:60} INFO - Started process 4723 to run task
[2025-06-08T16:27:59.573+0000] {standard_task_runner.py:87} INFO - Running: ['airflow', 'tasks', 'run', 'transform_shopping_cart', 'run_transformation_eu', 'manual__2025-06-08T16:18:11.887868+00:00', '--job-id', '507', '--raw', '--subdir', 'DAGS_FOLDER/staging/shopping_carts_to_staging.py', '--cfg-path', '/tmp/tmptj8now3e']
[2025-06-08T16:27:59.577+0000] {standard_task_runner.py:88} INFO - Job 507: Subtask run_transformation_eu
[2025-06-08T16:27:59.750+0000] {logging_mixin.py:188} WARNING - /home/airflow/.local/lib/python3.10/site-packages/airflow/settings.py:194 DeprecationWarning: The sql_alchemy_conn option in [core] has been moved to the sql_alchemy_conn option in [database] - the old setting has been used, but please update your config.
[2025-06-08T16:27:59.897+0000] {task_command.py:423} INFO - Running <TaskInstance: transform_shopping_cart.run_transformation_eu manual__2025-06-08T16:18:11.887868+00:00 [running]> on host c10f2fed82e0
[2025-06-08T16:28:00.590+0000] {taskinstance.py:2480} INFO - Exporting env vars: AIRFLOW_CTX_DAG_OWNER='airflow' AIRFLOW_CTX_DAG_ID='transform_shopping_cart' AIRFLOW_CTX_TASK_ID='run_transformation_eu' AIRFLOW_CTX_EXECUTION_DATE='2025-06-08T16:18:11.887868+00:00' AIRFLOW_CTX_TRY_NUMBER='1' AIRFLOW_CTX_DAG_RUN_ID='manual__2025-06-08T16:18:11.887868+00:00'
[2025-06-08T16:28:00.598+0000] {logging_mixin.py:188} INFO - Starting transformation for table: shopping_carts in region: eu
[2025-06-08T16:28:00.682+0000] {logging_mixin.py:188} INFO - Reading data from: /opt/airflow/data/raw/region=eu/table=shopping_carts/load_date=2025-06-06/
[2025-06-08T16:28:14.736+0000] {logging_mixin.py:188} INFO - [INFO] Processing 5 records for eu
[2025-06-08T16:28:15.343+0000] {logging_mixin.py:188} INFO - Sample transformed data for eu:
[2025-06-08T16:28:19.550+0000] {logging_mixin.py:188} INFO - +-------+-----------+-----------------+-------------------+-------------------+-------------------+------------+-------+--------+
|cart_id|customer_id|session_id       |created_at         |updated_at         |abandoned_at       |is_abandoned|_region|_source |
+-------+-----------+-----------------+-------------------+-------------------+-------------------+------------+-------+--------+
|1      |1          |sess_abc123def456|2025-06-06 08:01:32|2025-06-06 08:01:32|NULL               |0           |eu     |postgres|
|2      |2          |sess_ghi789jkl012|2025-06-06 08:01:32|2025-06-06 08:01:32|2024-02-01 14:30:00|1           |eu     |postgres|
|3      |3          |sess_mno345pqr678|2025-06-06 08:01:32|2025-06-06 08:01:32|NULL               |0           |eu     |postgres|
|4      |4          |sess_stu901vwx234|2025-06-06 08:01:32|2025-06-06 08:01:32|2024-02-02 09:45:00|1           |eu     |postgres|
|5      |5          |sess_yza567bcd890|2025-06-06 08:01:32|2025-06-06 08:01:32|NULL               |0           |eu     |postgres|
+-------+-----------+-----------------+-------------------+-------------------+-------------------+------------+-------+--------+
[2025-06-08T16:28:19.551+0000] {logging_mixin.py:188} INFO - Writing transformed data to: /opt/airflow/data/staging/shopping_carts/region=eu/load_date=2025-06-06/
[2025-06-08T16:28:21.437+0000] {logging_mixin.py:188} INFO - Successfully transformed 5 records for eu
