[2025-06-11T10:15:51.493+0000] {taskinstance.py:1956} INFO - Dependencies all met for dep_context=non-requeueable deps ti=<TaskInstance: master_etl_dag.fetch_currency_rates scheduled__2025-06-10T02:00:00+00:00 [queued]>
[2025-06-11T10:15:51.503+0000] {taskinstance.py:1956} INFO - Dependencies all met for dep_context=requeueable deps ti=<TaskInstance: master_etl_dag.fetch_currency_rates scheduled__2025-06-10T02:00:00+00:00 [queued]>
[2025-06-11T10:15:51.503+0000] {taskinstance.py:2170} INFO - Starting attempt 1 of 2
[2025-06-11T10:15:51.518+0000] {taskinstance.py:2191} INFO - Executing <Task(TriggerDagRunOperator): fetch_currency_rates> on 2025-06-10 02:00:00+00:00
[2025-06-11T10:15:51.524+0000] {standard_task_runner.py:60} INFO - Started process 2498 to run task
[2025-06-11T10:15:51.528+0000] {standard_task_runner.py:87} INFO - Running: ['airflow', 'tasks', 'run', 'master_etl_dag', 'fetch_currency_rates', 'scheduled__2025-06-10T02:00:00+00:00', '--job-id', '1520', '--raw', '--subdir', 'DAGS_FOLDER/dwh/etl_pipeline.py', '--cfg-path', '/tmp/tmpn3r1npy1']
[2025-06-11T10:15:51.530+0000] {standard_task_runner.py:88} INFO - Job 1520: Subtask fetch_currency_rates
[2025-06-11T10:15:51.552+0000] {logging_mixin.py:188} WARNING - /home/airflow/.local/lib/python3.10/site-packages/airflow/settings.py:194 DeprecationWarning: The sql_alchemy_conn option in [core] has been moved to the sql_alchemy_conn option in [database] - the old setting has been used, but please update your config.
[2025-06-11T10:15:51.603+0000] {task_command.py:423} INFO - Running <TaskInstance: master_etl_dag.fetch_currency_rates scheduled__2025-06-10T02:00:00+00:00 [running]> on host 0290689661db
[2025-06-11T10:15:51.749+0000] {taskinstance.py:2480} INFO - Exporting env vars: AIRFLOW_CTX_DAG_OWNER='data_team' AIRFLOW_CTX_DAG_ID='master_etl_dag' AIRFLOW_CTX_TASK_ID='fetch_currency_rates' AIRFLOW_CTX_EXECUTION_DATE='2025-06-10T02:00:00+00:00' AIRFLOW_CTX_TRY_NUMBER='1' AIRFLOW_CTX_DAG_RUN_ID='scheduled__2025-06-10T02:00:00+00:00'
[2025-06-11T10:15:51.862+0000] {trigger_dagrun.py:210} INFO - Waiting for store_exchange_rates_to_snowflake on 2025-06-11 10:15:51.749687+00:00 to become allowed state ['success'] ...
[2025-06-11T10:16:21.908+0000] {trigger_dagrun.py:210} INFO - Waiting for store_exchange_rates_to_snowflake on 2025-06-11 10:15:51.749687+00:00 to become allowed state ['success'] ...
[2025-06-11T10:16:51.954+0000] {trigger_dagrun.py:210} INFO - Waiting for store_exchange_rates_to_snowflake on 2025-06-11 10:15:51.749687+00:00 to become allowed state ['success'] ...
[2025-06-11T10:17:21.994+0000] {trigger_dagrun.py:210} INFO - Waiting for store_exchange_rates_to_snowflake on 2025-06-11 10:15:51.749687+00:00 to become allowed state ['success'] ...
[2025-06-11T10:17:52.035+0000] {trigger_dagrun.py:210} INFO - Waiting for store_exchange_rates_to_snowflake on 2025-06-11 10:15:51.749687+00:00 to become allowed state ['success'] ...
[2025-06-11T10:18:22.074+0000] {trigger_dagrun.py:210} INFO - Waiting for store_exchange_rates_to_snowflake on 2025-06-11 10:15:51.749687+00:00 to become allowed state ['success'] ...
[2025-06-11T10:18:52.116+0000] {trigger_dagrun.py:210} INFO - Waiting for store_exchange_rates_to_snowflake on 2025-06-11 10:15:51.749687+00:00 to become allowed state ['success'] ...
[2025-06-11T10:19:22.157+0000] {trigger_dagrun.py:210} INFO - Waiting for store_exchange_rates_to_snowflake on 2025-06-11 10:15:51.749687+00:00 to become allowed state ['success'] ...
[2025-06-11T10:19:52.200+0000] {trigger_dagrun.py:210} INFO - Waiting for store_exchange_rates_to_snowflake on 2025-06-11 10:15:51.749687+00:00 to become allowed state ['success'] ...
[2025-06-11T10:20:22.240+0000] {trigger_dagrun.py:210} INFO - Waiting for store_exchange_rates_to_snowflake on 2025-06-11 10:15:51.749687+00:00 to become allowed state ['success'] ...
[2025-06-11T10:20:52.282+0000] {trigger_dagrun.py:210} INFO - Waiting for store_exchange_rates_to_snowflake on 2025-06-11 10:15:51.749687+00:00 to become allowed state ['success'] ...
[2025-06-11T10:21:22.323+0000] {trigger_dagrun.py:210} INFO - Waiting for store_exchange_rates_to_snowflake on 2025-06-11 10:15:51.749687+00:00 to become allowed state ['success'] ...
[2025-06-11T10:21:52.362+0000] {trigger_dagrun.py:210} INFO - Waiting for store_exchange_rates_to_snowflake on 2025-06-11 10:15:51.749687+00:00 to become allowed state ['success'] ...
[2025-06-11T10:22:22.402+0000] {trigger_dagrun.py:210} INFO - Waiting for store_exchange_rates_to_snowflake on 2025-06-11 10:15:51.749687+00:00 to become allowed state ['success'] ...
[2025-06-11T10:22:52.444+0000] {trigger_dagrun.py:210} INFO - Waiting for store_exchange_rates_to_snowflake on 2025-06-11 10:15:51.749687+00:00 to become allowed state ['success'] ...
[2025-06-11T10:23:22.467+0000] {trigger_dagrun.py:210} INFO - Waiting for store_exchange_rates_to_snowflake on 2025-06-11 10:15:51.749687+00:00 to become allowed state ['success'] ...
[2025-06-11T10:23:52.507+0000] {trigger_dagrun.py:210} INFO - Waiting for store_exchange_rates_to_snowflake on 2025-06-11 10:15:51.749687+00:00 to become allowed state ['success'] ...
[2025-06-11T10:24:22.550+0000] {trigger_dagrun.py:210} INFO - Waiting for store_exchange_rates_to_snowflake on 2025-06-11 10:15:51.749687+00:00 to become allowed state ['success'] ...
[2025-06-11T10:24:52.593+0000] {trigger_dagrun.py:210} INFO - Waiting for store_exchange_rates_to_snowflake on 2025-06-11 10:15:51.749687+00:00 to become allowed state ['success'] ...
[2025-06-11T10:25:22.654+0000] {trigger_dagrun.py:210} INFO - Waiting for store_exchange_rates_to_snowflake on 2025-06-11 10:15:51.749687+00:00 to become allowed state ['success'] ...
[2025-06-11T10:25:52.728+0000] {trigger_dagrun.py:210} INFO - Waiting for store_exchange_rates_to_snowflake on 2025-06-11 10:15:51.749687+00:00 to become allowed state ['success'] ...
