[2025-06-04T08:02:00.022+0000] {taskinstance.py:1956} INFO - Dependencies all met for dep_context=non-requeueable deps ti=<TaskInstance: store_exchange_rates_to_snowflake.run_exchange_script scheduled__2025-06-03T00:00:00+00:00 [queued]>
[2025-06-04T08:02:00.032+0000] {taskinstance.py:1956} INFO - Dependencies all met for dep_context=requeueable deps ti=<TaskInstance: store_exchange_rates_to_snowflake.run_exchange_script scheduled__2025-06-03T00:00:00+00:00 [queued]>
[2025-06-04T08:02:00.032+0000] {taskinstance.py:2170} INFO - Starting attempt 1 of 1
[2025-06-04T08:02:00.046+0000] {taskinstance.py:2191} INFO - Executing <Task(_PythonDecoratedOperator): run_exchange_script> on 2025-06-03 00:00:00+00:00
[2025-06-04T08:02:00.053+0000] {standard_task_runner.py:60} INFO - Started process 190 to run task
[2025-06-04T08:02:00.056+0000] {standard_task_runner.py:87} INFO - Running: ['airflow', 'tasks', 'run', 'store_exchange_rates_to_snowflake', 'run_exchange_script', 'scheduled__2025-06-03T00:00:00+00:00', '--job-id', '8', '--raw', '--subdir', 'DAGS_FOLDER/asia/curr_exchange_to_snowflake.py', '--cfg-path', '/tmp/tmp7t4e6ylm']
[2025-06-04T08:02:00.057+0000] {standard_task_runner.py:88} INFO - Job 8: Subtask run_exchange_script
[2025-06-04T08:02:00.119+0000] {task_command.py:423} INFO - Running <TaskInstance: store_exchange_rates_to_snowflake.run_exchange_script scheduled__2025-06-03T00:00:00+00:00 [running]> on host bfc87edc9706
[2025-06-04T08:02:00.227+0000] {taskinstance.py:2480} INFO - Exporting env vars: AIRFLOW_CTX_DAG_OWNER='airflow' AIRFLOW_CTX_DAG_ID='store_exchange_rates_to_snowflake' AIRFLOW_CTX_TASK_ID='run_exchange_script' AIRFLOW_CTX_EXECUTION_DATE='2025-06-03T00:00:00+00:00' AIRFLOW_CTX_TRY_NUMBER='1' AIRFLOW_CTX_DAG_RUN_ID='scheduled__2025-06-03T00:00:00+00:00'
[2025-06-04T08:02:00.255+0000] {taskinstance.py:2698} ERROR - Task failed with exception
Traceback (most recent call last):
  File "/home/airflow/.local/lib/python3.10/site-packages/airflow/models/taskinstance.py", line 433, in _execute_task
    result = execute_callable(context=context, **execute_callable_kwargs)
  File "/home/airflow/.local/lib/python3.10/site-packages/airflow/decorators/base.py", line 241, in execute
    return_value = super().execute(context)
  File "/home/airflow/.local/lib/python3.10/site-packages/airflow/operators/python.py", line 199, in execute
    return_value = self.execute_callable()
  File "/home/airflow/.local/lib/python3.10/site-packages/airflow/operators/python.py", line 216, in execute_callable
    return self.python_callable(*self.op_args, **self.op_kwargs)
  File "/opt/airflow/dags/asia/curr_exchange_to_snowflake.py", line 31, in run_exchange_script
    raise RuntimeError(f"Script failed: {result.stderr}")
RuntimeError: Script failed: python3: can't open file '/home/adarsh-gautam/Desktop/retail_etl/scripts/pyspark_jobs/exchange_rate.py': [Errno 2] No such file or directory

[2025-06-04T08:02:00.270+0000] {taskinstance.py:1138} INFO - Marking task as FAILED. dag_id=store_exchange_rates_to_snowflake, task_id=run_exchange_script, execution_date=20250603T000000, start_date=20250604T080200, end_date=20250604T080200
[2025-06-04T08:02:00.282+0000] {standard_task_runner.py:107} ERROR - Failed to execute job 8 for task run_exchange_script (Script failed: python3: can't open file '/home/adarsh-gautam/Desktop/retail_etl/scripts/pyspark_jobs/exchange_rate.py': [Errno 2] No such file or directory
; 190)
[2025-06-04T08:02:00.308+0000] {local_task_job_runner.py:234} INFO - Task exited with return code 1
[2025-06-04T08:02:00.361+0000] {taskinstance.py:3280} INFO - 0 downstream tasks scheduled from follow-on schedule check
