[2025-06-11T10:36:43.993+0000] {taskinstance.py:1956} INFO - Dependencies all met for dep_context=non-requeueable deps ti=<TaskInstance: extract_postgres_table_to_parquet.run_extraction_us manual__2025-06-11T10:32:11.318648+00:00 [queued]>
[2025-06-11T10:36:44.007+0000] {taskinstance.py:1956} INFO - Dependencies all met for dep_context=requeueable deps ti=<TaskInstance: extract_postgres_table_to_parquet.run_extraction_us manual__2025-06-11T10:32:11.318648+00:00 [queued]>
[2025-06-11T10:36:44.007+0000] {taskinstance.py:2170} INFO - Starting attempt 1 of 1
[2025-06-11T10:36:44.025+0000] {taskinstance.py:2191} INFO - Executing <Task(_PythonDecoratedOperator): run_extraction_us> on 2025-06-11 10:32:11.318648+00:00
[2025-06-11T10:36:44.030+0000] {standard_task_runner.py:60} INFO - Started process 17548 to run task
[2025-06-11T10:36:44.033+0000] {standard_task_runner.py:87} INFO - Running: ['airflow', 'tasks', 'run', 'extract_postgres_table_to_parquet', 'run_extraction_us', 'manual__2025-06-11T10:32:11.318648+00:00', '--job-id', '1582', '--raw', '--subdir', 'DAGS_FOLDER/asia/landing.py', '--cfg-path', '/tmp/tmpv3e9zkzz']
[2025-06-11T10:36:44.035+0000] {standard_task_runner.py:88} INFO - Job 1582: Subtask run_extraction_us
[2025-06-11T10:36:44.120+0000] {task_command.py:423} INFO - Running <TaskInstance: extract_postgres_table_to_parquet.run_extraction_us manual__2025-06-11T10:32:11.318648+00:00 [running]> on host 0290689661db
[2025-06-11T10:36:44.251+0000] {taskinstance.py:2480} INFO - Exporting env vars: AIRFLOW_CTX_DAG_OWNER='airflow' AIRFLOW_CTX_DAG_ID='extract_postgres_table_to_parquet' AIRFLOW_CTX_TASK_ID='run_extraction_us' AIRFLOW_CTX_EXECUTION_DATE='2025-06-11T10:32:11.318648+00:00' AIRFLOW_CTX_TRY_NUMBER='1' AIRFLOW_CTX_DAG_RUN_ID='manual__2025-06-11T10:32:11.318648+00:00'
[2025-06-11T10:36:44.252+0000] {logging_mixin.py:188} INFO - Starting extraction for table: categories in region: us
[2025-06-11T10:36:44.252+0000] {logging_mixin.py:188} INFO - load_date:::::2025-06-11
[2025-06-11T10:37:09.131+0000] {logging_mixin.py:188} INFO - [INFO] Last loaded timestamp: 2025-06-11 02:14:19
[2025-06-11T10:37:13.611+0000] {logging_mixin.py:188} INFO - [INFO] No new records found in us.categories
[2025-06-11T10:37:14.556+0000] {logging_mixin.py:188} INFO - Starting extraction for table: products in region: us
[2025-06-11T10:37:14.556+0000] {logging_mixin.py:188} INFO - load_date:::::2025-06-11
[2025-06-11T10:37:18.812+0000] {logging_mixin.py:188} INFO - [INFO] Last loaded timestamp: 2025-06-11 02:14:19
[2025-06-11T10:37:20.615+0000] {logging_mixin.py:188} INFO - [INFO] No new records found in us.products
[2025-06-11T10:37:21.600+0000] {logging_mixin.py:188} INFO - Starting extraction for table: product_variants in region: us
[2025-06-11T10:37:21.600+0000] {logging_mixin.py:188} INFO - load_date:::::2025-06-11
[2025-06-11T10:37:25.181+0000] {logging_mixin.py:188} INFO - [INFO] Last loaded timestamp: 2025-06-11 02:14:19
[2025-06-11T10:37:26.873+0000] {logging_mixin.py:188} INFO - [INFO] No new records found in us.product_variants
[2025-06-11T10:37:27.849+0000] {logging_mixin.py:188} INFO - Starting extraction for table: inventory in region: us
[2025-06-11T10:37:27.849+0000] {logging_mixin.py:188} INFO - load_date:::::2025-06-11
[2025-06-11T10:37:29.957+0000] {logging_mixin.py:188} INFO - [INFO] Last loaded timestamp: 2025-06-11 02:14:19
[2025-06-11T10:37:30.947+0000] {logging_mixin.py:188} INFO - [INFO] No new records found in us.inventory
[2025-06-11T10:37:31.944+0000] {logging_mixin.py:188} INFO - Starting extraction for table: customers in region: us
[2025-06-11T10:37:31.945+0000] {logging_mixin.py:188} INFO - load_date:::::2025-06-11
[2025-06-11T10:37:35.188+0000] {logging_mixin.py:188} INFO - [INFO] Last loaded timestamp: 2025-06-11 02:14:19
[2025-06-11T10:37:36.667+0000] {logging_mixin.py:188} INFO - [INFO] No new records found in us.customers
[2025-06-11T10:37:37.660+0000] {logging_mixin.py:188} INFO - Starting extraction for table: customer_addresses in region: us
[2025-06-11T10:37:37.660+0000] {logging_mixin.py:188} INFO - load_date:::::2025-06-11
[2025-06-11T10:37:40.194+0000] {logging_mixin.py:188} INFO - [INFO] Last loaded timestamp: 2025-06-11 02:14:19
[2025-06-11T10:37:41.099+0000] {logging_mixin.py:188} INFO - [INFO] No new records found in us.customer_addresses
[2025-06-11T10:37:42.094+0000] {logging_mixin.py:188} INFO - Starting extraction for table: marketing_campaigns in region: us
[2025-06-11T10:37:42.095+0000] {logging_mixin.py:188} INFO - load_date:::::2025-06-11
[2025-06-11T10:37:45.041+0000] {logging_mixin.py:188} INFO - [INFO] Last loaded timestamp: 2025-06-11 02:14:19
[2025-06-11T10:37:46.472+0000] {logging_mixin.py:188} INFO - [INFO] No new records found in us.marketing_campaigns
[2025-06-11T10:37:47.458+0000] {logging_mixin.py:188} INFO - Starting extraction for table: discounts in region: us
[2025-06-11T10:37:47.458+0000] {logging_mixin.py:188} INFO - load_date:::::2025-06-11
[2025-06-11T10:37:49.388+0000] {logging_mixin.py:188} INFO - [INFO] Last loaded timestamp: 2025-06-11 02:14:19
[2025-06-11T10:37:50.361+0000] {logging_mixin.py:188} INFO - [INFO] No new records found in us.discounts
[2025-06-11T10:37:51.357+0000] {logging_mixin.py:188} INFO - Starting extraction for table: shopping_carts in region: us
[2025-06-11T10:37:51.357+0000] {logging_mixin.py:188} INFO - load_date:::::2025-06-11
[2025-06-11T10:37:53.137+0000] {logging_mixin.py:188} INFO - [INFO] Last loaded timestamp: 2025-06-11 02:14:19
[2025-06-11T10:37:53.790+0000] {logging_mixin.py:188} INFO - [INFO] No new records found in us.shopping_carts
[2025-06-11T10:37:54.791+0000] {logging_mixin.py:188} INFO - Starting extraction for table: cart_items in region: us
[2025-06-11T10:37:54.792+0000] {logging_mixin.py:188} INFO - load_date:::::2025-06-11
[2025-06-11T10:37:56.308+0000] {logging_mixin.py:188} INFO - [INFO] Last loaded timestamp: 2025-06-11 02:14:19
[2025-06-11T10:37:56.781+0000] {logging_mixin.py:188} INFO - [INFO] No new records found in us.cart_items
[2025-06-11T10:37:57.779+0000] {logging_mixin.py:188} INFO - Starting extraction for table: orders in region: us
[2025-06-11T10:37:57.779+0000] {logging_mixin.py:188} INFO - load_date:::::2025-06-11
[2025-06-11T10:37:59.158+0000] {logging_mixin.py:188} INFO - [INFO] Last loaded timestamp: 2025-06-11 02:14:19
[2025-06-11T10:37:59.569+0000] {logging_mixin.py:188} INFO - [INFO] No new records found in us.orders
[2025-06-11T10:38:00.574+0000] {logging_mixin.py:188} INFO - Starting extraction for table: order_items in region: us
[2025-06-11T10:38:00.575+0000] {logging_mixin.py:188} INFO - load_date:::::2025-06-11
[2025-06-11T10:38:02.214+0000] {logging_mixin.py:188} INFO - [INFO] Last loaded timestamp: 2025-06-11 02:14:19
[2025-06-11T10:38:02.836+0000] {logging_mixin.py:188} INFO - [INFO] No new records found in us.order_items
[2025-06-11T10:38:03.839+0000] {logging_mixin.py:188} INFO - Starting extraction for table: shipments in region: us
[2025-06-11T10:38:03.840+0000] {logging_mixin.py:188} INFO - load_date:::::2025-06-11
[2025-06-11T10:38:05.787+0000] {logging_mixin.py:188} INFO - [INFO] Last loaded timestamp: 2025-06-11 02:14:19
[2025-06-11T10:38:06.235+0000] {logging_mixin.py:188} INFO - [INFO] No new records found in us.shipments
[2025-06-11T10:38:07.234+0000] {logging_mixin.py:188} INFO - Starting extraction for table: returns in region: us
[2025-06-11T10:38:07.234+0000] {logging_mixin.py:188} INFO - load_date:::::2025-06-11
[2025-06-11T10:38:09.011+0000] {logging_mixin.py:188} INFO - [INFO] Last loaded timestamp: 2025-06-11 02:14:19
[2025-06-11T10:38:09.457+0000] {logging_mixin.py:188} INFO - [INFO] No new records found in us.returns
[2025-06-11T10:38:10.465+0000] {logging_mixin.py:188} INFO - Starting extraction for table: product_reviews in region: us
[2025-06-11T10:38:10.465+0000] {logging_mixin.py:188} INFO - load_date:::::2025-06-11
[2025-06-11T10:38:12.371+0000] {logging_mixin.py:188} INFO - [INFO] Last loaded timestamp: 2025-06-11 02:14:19
[2025-06-11T10:38:12.753+0000] {logging_mixin.py:188} INFO - [INFO] No new records found in us.product_reviews
[2025-06-11T10:38:13.753+0000] {logging_mixin.py:188} INFO - Starting extraction for table: payments in region: us
[2025-06-11T10:38:13.753+0000] {logging_mixin.py:188} INFO - load_date:::::2025-06-11
[2025-06-11T10:38:15.343+0000] {logging_mixin.py:188} INFO - [INFO] Last loaded timestamp: 2025-06-11 02:14:19
[2025-06-11T10:38:15.948+0000] {logging_mixin.py:188} INFO - [INFO] No new records found in us.payments
[2025-06-11T10:38:16.946+0000] {logging_mixin.py:188} INFO - Starting extraction for table: wishlists in region: us
[2025-06-11T10:38:16.946+0000] {logging_mixin.py:188} INFO - load_date:::::2025-06-11
[2025-06-11T10:38:19.119+0000] {logging_mixin.py:188} INFO - [INFO] Last loaded timestamp: 2025-06-11 02:14:19
[2025-06-11T10:38:19.592+0000] {logging_mixin.py:188} INFO - [INFO] No new records found in us.wishlists
[2025-06-11T10:38:20.592+0000] {python.py:201} INFO - Done. Returned value was: None
[2025-06-11T10:38:20.608+0000] {taskinstance.py:1138} INFO - Marking task as SUCCESS. dag_id=extract_postgres_table_to_parquet, task_id=run_extraction_us, execution_date=20250611T103211, start_date=20250611T103643, end_date=20250611T103820
[2025-06-11T10:38:20.660+0000] {local_task_job_runner.py:234} INFO - Task exited with return code 0
[2025-06-11T10:38:20.684+0000] {taskinstance.py:3280} INFO - 0 downstream tasks scheduled from follow-on schedule check
