[2025-06-05T02:19:44.786+0000] {taskinstance.py:1956} INFO - Dependencies all met for dep_context=non-requeueable deps ti=<TaskInstance: extract_postgres_table_to_parquet.run_extraction scheduled__2025-06-04T00:00:00+00:00 [queued]>
[2025-06-05T02:19:44.800+0000] {taskinstance.py:1956} INFO - Dependencies all met for dep_context=requeueable deps ti=<TaskInstance: extract_postgres_table_to_parquet.run_extraction scheduled__2025-06-04T00:00:00+00:00 [queued]>
[2025-06-05T02:19:44.800+0000] {taskinstance.py:2170} INFO - Starting attempt 1 of 1
[2025-06-05T02:19:44.818+0000] {taskinstance.py:2191} INFO - Executing <Task(_PythonDecoratedOperator): run_extraction> on 2025-06-04 00:00:00+00:00
[2025-06-05T02:19:44.825+0000] {standard_task_runner.py:60} INFO - Started process 194 to run task
[2025-06-05T02:19:44.828+0000] {standard_task_runner.py:87} INFO - Running: ['airflow', 'tasks', 'run', 'extract_postgres_table_to_parquet', 'run_extraction', 'scheduled__2025-06-04T00:00:00+00:00', '--job-id', '81', '--raw', '--subdir', 'DAGS_FOLDER/asia/landing.py', '--cfg-path', '/tmp/tmp5302xers']
[2025-06-05T02:19:44.829+0000] {standard_task_runner.py:88} INFO - Job 81: Subtask run_extraction
[2025-06-05T02:19:44.905+0000] {task_command.py:423} INFO - Running <TaskInstance: extract_postgres_table_to_parquet.run_extraction scheduled__2025-06-04T00:00:00+00:00 [running]> on host dc545d099820
[2025-06-05T02:19:45.085+0000] {taskinstance.py:2480} INFO - Exporting env vars: AIRFLOW_CTX_DAG_OWNER='airflow' AIRFLOW_CTX_DAG_ID='extract_postgres_table_to_parquet' AIRFLOW_CTX_TASK_ID='run_extraction' AIRFLOW_CTX_EXECUTION_DATE='2025-06-04T00:00:00+00:00' AIRFLOW_CTX_TRY_NUMBER='1' AIRFLOW_CTX_DAG_RUN_ID='scheduled__2025-06-04T00:00:00+00:00'
[2025-06-05T02:19:45.087+0000] {logging_mixin.py:188} INFO - Starting extraction for table: customers1 in region: asia
[2025-06-05T02:19:45.103+0000] {logging_mixin.py:188} INFO - [INFO] Last extracted timestamp: 2025-06-04 20:31:44.869
[2025-06-05T02:19:50.912+0000] {logging_mixin.py:188} INFO - (SELECT * FROM asia.customers1 WHERE created > '2025-06-04 20:31:44.869') AS filtered_data
[2025-06-05T02:19:58.185+0000] {logging_mixin.py:188} INFO - +-------+--------------------+-----+-----+----------------+----------+---+--------------------+-------------------+---------+--------+--------------+--------------------+-------+--------+
|cust_id|               email|fname|lname|           phone|birth_date|sex|            reg_date|         login_time|is_active| segment|        source|             created|_region| _source|
+-------+--------------------+-----+-----+----------------+----------+---+--------------------+-------------------+---------+--------+--------------+--------------------+-------+--------+
|      2|jane.smith@exampl...| Jane|Smith|+44 20 7946 0958|1990-11-23|  F|2025-06-04 20:31:...|               NULL|    false|Standard|Organic Search|2025-06-04 20:31:...|   asia|postgres|
|      3|john.doe@example.com| John|  Doe| +1-555-123-4567|1985-04-12|  M| 2025-06-01 10:00:00|2025-06-05 08:30:00|     true| Premium|    Google Ads|2025-07-05 21:31:...|   asia|postgres|
+-------+--------------------+-----+-----+----------------+----------+---+--------------------+-------------------+---------+--------+--------------+--------------------+-------+--------+
[2025-06-05T02:19:58.185+0000] {logging_mixin.py:188} INFO - Writing data to /opt/airflow/data/raw/region=asia/table=customers1/load_date=2025-06-05/
[2025-06-05T02:19:59.372+0000] {crypto.py:82} WARNING - empty cryptography key - values will not be stored encrypted.
[2025-06-05T02:19:59.382+0000] {logging_mixin.py:188} INFO - [INFO] Updated Airflow Variable 'last_extracted_parquet_timestamp_asia_customers1' to 2025-07-05 21:31:50.869
[2025-06-05T02:19:59.683+0000] {logging_mixin.py:188} INFO - Finished extraction for customers1
[2025-06-05T02:19:59.683+0000] {python.py:201} INFO - Done. Returned value was: None
[2025-06-05T02:19:59.698+0000] {taskinstance.py:1138} INFO - Marking task as SUCCESS. dag_id=extract_postgres_table_to_parquet, task_id=run_extraction, execution_date=20250604T000000, start_date=20250605T021944, end_date=20250605T021959
[2025-06-05T02:19:59.728+0000] {local_task_job_runner.py:234} INFO - Task exited with return code 0
[2025-06-05T02:19:59.750+0000] {taskinstance.py:3280} INFO - 0 downstream tasks scheduled from follow-on schedule check
