[2025-06-11T18:22:23.364+0000] {taskinstance.py:1956} INFO - Dependencies all met for dep_context=non-requeueable deps ti=<TaskInstance: multi_region_transform_staging_v2.process_region_eu.process_customer_addresses_eu manual__2025-06-11T18:20:09.445349+00:00 [queued]>
[2025-06-11T18:22:23.378+0000] {taskinstance.py:1956} INFO - Dependencies all met for dep_context=requeueable deps ti=<TaskInstance: multi_region_transform_staging_v2.process_region_eu.process_customer_addresses_eu manual__2025-06-11T18:20:09.445349+00:00 [queued]>
[2025-06-11T18:22:23.379+0000] {taskinstance.py:2170} INFO - Starting attempt 1 of 2
[2025-06-11T18:22:23.421+0000] {taskinstance.py:2191} INFO - Executing <Task(_PythonDecoratedOperator): process_region_eu.process_customer_addresses_eu> on 2025-06-11 18:20:09.445349+00:00
[2025-06-11T18:22:23.430+0000] {standard_task_runner.py:60} INFO - Started process 6143 to run task
[2025-06-11T18:22:23.434+0000] {standard_task_runner.py:87} INFO - Running: ['airflow', 'tasks', 'run', 'multi_region_transform_staging_v2', 'process_region_eu.process_customer_addresses_eu', 'manual__2025-06-11T18:20:09.445349+00:00', '--job-id', '621', '--raw', '--subdir', 'DAGS_FOLDER/master_dag.py', '--cfg-path', '/tmp/tmpeuy932j1']
[2025-06-11T18:22:23.436+0000] {standard_task_runner.py:88} INFO - Job 621: Subtask process_region_eu.process_customer_addresses_eu
[2025-06-11T18:22:23.532+0000] {task_command.py:423} INFO - Running <TaskInstance: multi_region_transform_staging_v2.process_region_eu.process_customer_addresses_eu manual__2025-06-11T18:20:09.445349+00:00 [running]> on host 5950010ae7c1
[2025-06-11T18:22:23.703+0000] {taskinstance.py:2480} INFO - Exporting env vars: AIRFLOW_CTX_DAG_OWNER='data-team' AIRFLOW_CTX_DAG_ID='multi_region_transform_staging_v2' AIRFLOW_CTX_TASK_ID='process_region_eu.process_customer_addresses_eu' AIRFLOW_CTX_EXECUTION_DATE='2025-06-11T18:20:09.445349+00:00' AIRFLOW_CTX_TRY_NUMBER='1' AIRFLOW_CTX_DAG_RUN_ID='manual__2025-06-11T18:20:09.445349+00:00'
[2025-06-11T18:22:38.269+0000] {logging_mixin.py:188} INFO - Debugggg::::Vector(spark://5950010ae7c1:33759/jars/snowflake-jdbc-3.13.17.jar, spark://5950010ae7c1:33759/jars/spark-snowflake_2.12-2.16.0-spark_3.2.jar)
[2025-06-11T18:22:38.270+0000] {logging_mixin.py:188} INFO - Processing customer_addresses for region eu
[2025-06-11T18:22:38.318+0000] {logging_mixin.py:188} INFO - /opt/airflow/data/raw/region=eu/table=customer_addresses/load_date=2025-06-11
[2025-06-11T18:23:09.502+0000] {logging_mixin.py:188} INFO - STAGING_EU
[2025-06-11T18:23:12.491+0000] {logging_mixin.py:188} INFO - +----------+-----------+------------+--------------------+----------+--------------+-----------+-------+----------+-------------------+-------+--------+
|address_id|customer_id|address_type|      street_address|      city|        region|postal_code|country|is_default|         created_at|_region| _source|
+----------+-----------+------------+--------------------+----------+--------------+-----------+-------+----------+-------------------+-------+--------+
|         1|          1|     billing|  Unter den Linden 1|    Berlin|        Berlin|      10117|     DE|      true|2025-06-11 02:14:31|     eu|postgres|
|         2|          1|    shipping|    Alexanderplatz 5|    Berlin|        Berlin|      10178|     DE|     false|2025-06-11 02:14:31|     eu|postgres|
|         3|          2|     billing|   Calle Gran Vía 28|    Madrid|        Madrid|      28013|     ES|      true|2025-06-11 02:14:31|     eu|postgres|
|         4|          3|     billing|Avenue des Champs...|     Paris| Île-de-France|      75008|     FR|      true|2025-06-11 02:14:31|     eu|postgres|
|         5|          3|    shipping|    Rue de Rivoli 50|     Paris| Île-de-France|      75001|     FR|     false|2025-06-11 02:14:31|     eu|postgres|
|         6|          4|     billing|   Via del Corso 123|      Rome|         Lazio|      00186|     IT|      true|2025-06-11 02:14:31|     eu|postgres|
|         7|          5|     billing|          Strøget 15|Copenhagen|Capital Region|       1160|     DK|      true|2025-06-11 02:14:31|     eu|postgres|
|         8|          6|     billing|Boulevard Saint-G...|     Paris| Île-de-France|      75006|     FR|      true|2025-06-11 02:14:31|     eu|postgres|
|         9|          7|     billing|       Marienplatz 8|    Munich|       Bavaria|      80331|     DE|      true|2025-06-11 02:14:31|     eu|postgres|
|        10|          8|     billing|Vitosha Boulevard 89|     Sofia|    Sofia City|       1000|     BG|      true|2025-06-11 02:14:31|     eu|postgres|
+----------+-----------+------------+--------------------+----------+--------------+-----------+-------+----------+-------------------+-------+--------+
only showing top 10 rows
[2025-06-11T18:23:12.493+0000] {logging_mixin.py:188} INFO - Inserting into snowflake
[2025-06-11T18:23:21.930+0000] {logging_mixin.py:188} INFO - successfully inserted in snowflake
[2025-06-11T18:23:21.948+0000] {crypto.py:82} WARNING - empty cryptography key - values will not be stored encrypted.
[2025-06-11T18:23:22.368+0000] {logging_mixin.py:188} INFO - Successfully processed 27 records for customer_addresses in eu
[2025-06-11T18:23:25.192+0000] {python.py:201} INFO - Done. Returned value was: {'region': 'eu', 'table': 'customer_addresses', 'record_count': 27, 'status': 'success'}
[2025-06-11T18:23:25.262+0000] {taskinstance.py:1138} INFO - Marking task as SUCCESS. dag_id=multi_region_transform_staging_v2, task_id=process_region_eu.process_customer_addresses_eu, execution_date=20250611T182009, start_date=20250611T182223, end_date=20250611T182325
[2025-06-11T18:23:25.365+0000] {local_task_job_runner.py:234} INFO - Task exited with return code 0
[2025-06-11T18:23:25.463+0000] {taskinstance.py:3280} INFO - 1 downstream tasks scheduled from follow-on schedule check
