[2025-06-08T11:52:09.801+0000] {taskinstance.py:1956} INFO - Dependencies all met for dep_context=non-requeueable deps ti=<TaskInstance: transform_customers_csv.run_customer_transform scheduled__2025-06-07T00:00:00+00:00 [queued]>
[2025-06-08T11:52:09.822+0000] {taskinstance.py:1956} INFO - Dependencies all met for dep_context=requeueable deps ti=<TaskInstance: transform_customers_csv.run_customer_transform scheduled__2025-06-07T00:00:00+00:00 [queued]>
[2025-06-08T11:52:09.822+0000] {taskinstance.py:2170} INFO - Starting attempt 1 of 1
[2025-06-08T11:52:09.857+0000] {taskinstance.py:2191} INFO - Executing <Task(_PythonDecoratedOperator): run_customer_transform> on 2025-06-07 00:00:00+00:00
[2025-06-08T11:52:09.874+0000] {clientserver.py:543} INFO - Closing down clientserver connection
[2025-06-08T11:52:09.871+0000] {standard_task_runner.py:60} INFO - Started process 33689 to run task
[2025-06-08T11:52:09.890+0000] {standard_task_runner.py:87} INFO - Running: ['airflow', 'tasks', 'run', 'transform_customers_csv', 'run_customer_transform', 'scheduled__2025-06-07T00:00:00+00:00', '--job-id', '125', '--raw', '--subdir', 'DAGS_FOLDER/asia/load_to_staging.py', '--cfg-path', '/tmp/tmpcrur56x4']
[2025-06-08T11:52:09.894+0000] {standard_task_runner.py:88} INFO - Job 125: Subtask run_customer_transform
[2025-06-08T11:52:09.956+0000] {logging_mixin.py:188} WARNING - /home/airflow/.local/lib/python3.10/site-packages/airflow/settings.py:194 DeprecationWarning: The sql_alchemy_conn option in [core] has been moved to the sql_alchemy_conn option in [database] - the old setting has been used, but please update your config.
[2025-06-08T11:52:09.962+0000] {clientserver.py:505} INFO - Error while sending or receiving.
Traceback (most recent call last):
  File "/home/airflow/.local/lib/python3.10/site-packages/py4j/clientserver.py", line 503, in send_command
    self.socket.sendall(command.encode("utf-8"))
ConnectionResetError: [Errno 104] Connection reset by peer
[2025-06-08T11:52:09.965+0000] {clientserver.py:543} INFO - Closing down clientserver connection
[2025-06-08T11:52:09.966+0000] {java_gateway.py:1052} INFO - Exception while sending command.
Traceback (most recent call last):
  File "/home/airflow/.local/lib/python3.10/site-packages/py4j/clientserver.py", line 503, in send_command
    self.socket.sendall(command.encode("utf-8"))
ConnectionResetError: [Errno 104] Connection reset by peer

During handling of the above exception, another exception occurred:

Traceback (most recent call last):
  File "/home/airflow/.local/lib/python3.10/site-packages/py4j/java_gateway.py", line 1038, in send_command
    response = connection.send_command(command)
  File "/home/airflow/.local/lib/python3.10/site-packages/py4j/clientserver.py", line 506, in send_command
    raise Py4JNetworkError(
py4j.protocol.Py4JNetworkError: Error while sending
[2025-06-08T11:52:09.969+0000] {clientserver.py:543} INFO - Closing down clientserver connection
[2025-06-08T11:52:10.057+0000] {task_command.py:423} INFO - Running <TaskInstance: transform_customers_csv.run_customer_transform scheduled__2025-06-07T00:00:00+00:00 [running]> on host 3808b0fb7b64
[2025-06-08T11:52:10.279+0000] {taskinstance.py:2480} INFO - Exporting env vars: AIRFLOW_CTX_DAG_OWNER='airflow' AIRFLOW_CTX_DAG_ID='transform_customers_csv' AIRFLOW_CTX_TASK_ID='run_customer_transform' AIRFLOW_CTX_EXECUTION_DATE='2025-06-07T00:00:00+00:00' AIRFLOW_CTX_TRY_NUMBER='1' AIRFLOW_CTX_DAG_RUN_ID='scheduled__2025-06-07T00:00:00+00:00'
[2025-06-08T11:52:55.956+0000] {local_task_job_runner.py:121} ERROR - Received SIGTERM. Terminating subprocesses
[2025-06-08T11:52:56.089+0000] {process_utils.py:131} INFO - Sending 15 to group 33689. PIDs of all processes in the group: [33689]
[2025-06-08T11:52:56.107+0000] {process_utils.py:86} INFO - Sending the signal 15 to group 33689
[2025-06-08T11:52:56.148+0000] {taskinstance.py:2450} ERROR - Received SIGTERM. Terminating subprocesses.
[2025-06-08T11:52:56.264+0000] {taskinstance.py:2698} ERROR - Task failed with exception
Traceback (most recent call last):
  File "/home/airflow/.local/lib/python3.10/site-packages/airflow/models/taskinstance.py", line 433, in _execute_task
    result = execute_callable(context=context, **execute_callable_kwargs)
  File "/home/airflow/.local/lib/python3.10/site-packages/airflow/decorators/base.py", line 241, in execute
    return_value = super().execute(context)
  File "/home/airflow/.local/lib/python3.10/site-packages/airflow/operators/python.py", line 199, in execute
    return_value = self.execute_callable()
  File "/home/airflow/.local/lib/python3.10/site-packages/airflow/operators/python.py", line 216, in execute_callable
    return self.python_callable(*self.op_args, **self.op_kwargs)
  File "/opt/airflow/dags/asia/load_to_staging.py", line 39, in run_customer_transform
    spark.stop()
  File "/home/airflow/.local/lib/python3.10/site-packages/pyspark/sql/session.py", line 1796, in stop
    self._sc.stop()
  File "/home/airflow/.local/lib/python3.10/site-packages/pyspark/context.py", line 666, in stop
    self._accumulatorServer.shutdown()
  File "/home/airflow/.local/lib/python3.10/site-packages/pyspark/accumulators.py", line 316, in shutdown
    SocketServer.TCPServer.shutdown(self)
  File "/usr/local/lib/python3.10/socketserver.py", line 252, in shutdown
    self.__is_shut_down.wait()
  File "/usr/local/lib/python3.10/threading.py", line 607, in wait
    signaled = self._cond.wait(timeout)
  File "/usr/local/lib/python3.10/threading.py", line 320, in wait
    waiter.acquire()
  File "/home/airflow/.local/lib/python3.10/site-packages/airflow/models/taskinstance.py", line 2452, in signal_handler
    raise AirflowException("Task received SIGTERM signal")
airflow.exceptions.AirflowException: Task received SIGTERM signal
[2025-06-08T11:52:56.279+0000] {taskinstance.py:1138} INFO - Marking task as FAILED. dag_id=transform_customers_csv, task_id=run_customer_transform, execution_date=20250607T000000, start_date=20250608T115209, end_date=20250608T115256
[2025-06-08T11:52:56.328+0000] {standard_task_runner.py:107} ERROR - Failed to execute job 125 for task run_customer_transform (Task received SIGTERM signal; 33689)
[2025-06-08T11:52:56.353+0000] {logging_mixin.py:188} WARNING - ----------------------------------------
[2025-06-08T11:52:56.354+0000] {logging_mixin.py:188} WARNING - Exception occurred during processing of request from ('127.0.0.1', 56670)
[2025-06-08T11:52:56.359+0000] {logging_mixin.py:188} WARNING - Traceback (most recent call last):
[2025-06-08T11:52:56.360+0000] {logging_mixin.py:188} WARNING -   File "/usr/local/lib/python3.10/socketserver.py", line 316, in _handle_request_noblock
    self.process_request(request, client_address)
[2025-06-08T11:52:56.360+0000] {logging_mixin.py:188} WARNING -   File "/usr/local/lib/python3.10/socketserver.py", line 347, in process_request
    self.finish_request(request, client_address)
[2025-06-08T11:52:56.360+0000] {logging_mixin.py:188} WARNING -   File "/usr/local/lib/python3.10/socketserver.py", line 360, in finish_request
    self.RequestHandlerClass(request, client_address, self)
[2025-06-08T11:52:56.360+0000] {logging_mixin.py:188} WARNING -   File "/usr/local/lib/python3.10/socketserver.py", line 747, in __init__
    self.handle()
[2025-06-08T11:52:56.360+0000] {logging_mixin.py:188} WARNING -   File "/home/airflow/.local/lib/python3.10/site-packages/pyspark/accumulators.py", line 295, in handle
    poll(accum_updates)
[2025-06-08T11:52:56.360+0000] {logging_mixin.py:188} WARNING -   File "/home/airflow/.local/lib/python3.10/site-packages/pyspark/accumulators.py", line 267, in poll
    if self.rfile in r and func():
[2025-06-08T11:52:56.361+0000] {logging_mixin.py:188} WARNING -   File "/home/airflow/.local/lib/python3.10/site-packages/pyspark/accumulators.py", line 271, in accum_updates
    num_updates = read_int(self.rfile)
[2025-06-08T11:52:56.361+0000] {logging_mixin.py:188} WARNING -   File "/home/airflow/.local/lib/python3.10/site-packages/pyspark/serializers.py", line 596, in read_int
    raise EOFError
[2025-06-08T11:52:56.361+0000] {logging_mixin.py:188} WARNING - EOFError
[2025-06-08T11:52:56.361+0000] {logging_mixin.py:188} WARNING - ----------------------------------------
[2025-06-08T11:52:56.362+0000] {process_utils.py:79} INFO - Process psutil.Process(pid=33689, status='terminated', exitcode=1, started='11:52:09') (33689) terminated with exit code 1
[2025-06-08T11:52:56.366+0000] {local_task_job_runner.py:234} INFO - Task exited with return code 143
[2025-06-08T11:52:56.448+0000] {taskinstance.py:3280} INFO - 0 downstream tasks scheduled from follow-on schedule check
