[2025-06-11T16:10:19.372+0000] {taskinstance.py:1956} INFO - Dependencies all met for dep_context=non-requeueable deps ti=<TaskInstance: multi_region_transform_staging_v2.process_region_eu.process_orders_eu manual__2025-06-11T16:08:10.701979+00:00 [queued]>
[2025-06-11T16:10:19.394+0000] {taskinstance.py:1956} INFO - Dependencies all met for dep_context=requeueable deps ti=<TaskInstance: multi_region_transform_staging_v2.process_region_eu.process_orders_eu manual__2025-06-11T16:08:10.701979+00:00 [queued]>
[2025-06-11T16:10:19.394+0000] {taskinstance.py:2170} INFO - Starting attempt 1 of 2
[2025-06-11T16:10:19.425+0000] {taskinstance.py:2191} INFO - Executing <Task(_PythonDecoratedOperator): process_region_eu.process_orders_eu> on 2025-06-11 16:08:10.701979+00:00
[2025-06-11T16:10:19.440+0000] {standard_task_runner.py:60} INFO - Started process 26721 to run task
[2025-06-11T16:10:19.445+0000] {standard_task_runner.py:87} INFO - Running: ['airflow', 'tasks', 'run', 'multi_region_transform_staging_v2', 'process_region_eu.process_orders_eu', 'manual__2025-06-11T16:08:10.701979+00:00', '--job-id', '201', '--raw', '--subdir', 'DAGS_FOLDER/master_dag.py', '--cfg-path', '/tmp/tmpa629qoaq']
[2025-06-11T16:10:19.448+0000] {standard_task_runner.py:88} INFO - Job 201: Subtask process_region_eu.process_orders_eu
[2025-06-11T16:10:19.583+0000] {task_command.py:423} INFO - Running <TaskInstance: multi_region_transform_staging_v2.process_region_eu.process_orders_eu manual__2025-06-11T16:08:10.701979+00:00 [running]> on host 5950010ae7c1
[2025-06-11T16:10:19.799+0000] {taskinstance.py:2480} INFO - Exporting env vars: AIRFLOW_CTX_DAG_OWNER='data-team' AIRFLOW_CTX_DAG_ID='multi_region_transform_staging_v2' AIRFLOW_CTX_TASK_ID='process_region_eu.process_orders_eu' AIRFLOW_CTX_EXECUTION_DATE='2025-06-11T16:08:10.701979+00:00' AIRFLOW_CTX_TRY_NUMBER='1' AIRFLOW_CTX_DAG_RUN_ID='manual__2025-06-11T16:08:10.701979+00:00'
[2025-06-11T16:10:32.132+0000] {logging_mixin.py:188} INFO - Debugggg::::Vector(spark://5950010ae7c1:44305/jars/snowflake-jdbc-3.13.17.jar, spark://5950010ae7c1:44305/jars/spark-snowflake_2.12-2.16.0-spark_3.2.jar)
[2025-06-11T16:10:32.133+0000] {logging_mixin.py:188} INFO - Processing orders for region eu
[2025-06-11T16:10:32.166+0000] {logging_mixin.py:188} INFO - /opt/airflow/data/raw/region=eu/table=orders/load_date=2025-06-11
[2025-06-11T16:11:03.046+0000] {logging_mixin.py:188} INFO - STAGING_EU
[2025-06-11T16:11:06.690+0000] {logging_mixin.py:188} INFO - +--------+---------------+-----------+------------+-------------------+------------------+------------------+-------------------+-------------------+------------------+------------------+-------------------+-----------+-----------+----------------+-------------------+-------------------+-------+--------+
|order_id|order_reference|customer_id|order_status|    order_timestamp|      subtotal_usd|    tax_amount_usd|shipping_amount_usd|discount_amount_usd|  total_amount_usd|billing_address_id|shipping_address_id|campaign_id|discount_id|invoice_required|         created_at|         updated_at|_region| _source|
+--------+---------------+-----------+------------+-------------------+------------------+------------------+-------------------+-------------------+------------------+------------------+-------------------+-----------+-----------+----------------+-------------------+-------------------+-------+--------+
|       1| EU-2024-001001|          1|   delivered|2025-06-11 02:14:31|         1295.9892|246.22920000000002| 10.789200000000001|           129.5892|         1422.3384|                 1|                  2|          1|          1|            true|2025-06-11 02:14:31|2025-06-11 02:14:31|     eu|postgres|
|       2| EU-2024-001002|          2|     shipped|2025-06-11 02:14:31|           97.1892|           18.4572| 14.029200000000001|                0.0|          129.6756|                 3|                  3|          2|       NULL|            true|2025-06-11 02:14:31|2025-06-11 02:14:31|     eu|postgres|
|       3| EU-2024-001003|          3|  processing|2025-06-11 02:14:31|1727.9892000000002|328.30920000000003|                0.0|           345.5892|         1710.7092|                 4|                  5|          3|          3|            true|2025-06-11 02:14:31|2025-06-11 02:14:31|     eu|postgres|
|       4| EU-2024-001004|          4|   delivered|2025-06-11 02:14:31|269.98920000000004| 51.28920000000001|             8.6292|            26.9892|          302.9184|                 6|                  6|          4|          4|            true|2025-06-11 02:14:31|2025-06-11 02:14:31|     eu|postgres|
|       5| EU-2024-001005|          5|   cancelled|2025-06-11 02:14:31|323.98920000000004|61.549200000000006|  6.469200000000001|                0.0| 392.0076000000001|                 7|                  7|          5|       NULL|           false|2025-06-11 02:14:31|2025-06-11 02:14:31|     eu|postgres|
|       6| EU-2024-001006|          6|   delivered|2025-06-11 02:14:31|           86.3892|           16.4052|  5.389200000000001|             8.6292| 99.55440000000002|                 8|                  8|          6|          6|            true|2025-06-11 02:14:31|2025-06-11 02:14:31|     eu|postgres|
|       7| EU-2024-001007|          7|     shipped|2025-06-11 02:14:31| 971.9892000000001|184.66920000000002|            17.2692| 145.78920000000002|         1028.1384|                 9|                  9|          7|          7|            true|2025-06-11 02:14:31|2025-06-11 02:14:31|     eu|postgres|
|       8| EU-2024-001008|          8|  processing|2025-06-11 02:14:31|          161.9892|           30.7692|  9.709200000000001|            16.1892|          186.2784|                10|                 10|          8|          8|            true|2025-06-11 02:14:31|2025-06-11 02:14:31|     eu|postgres|
|       9| EU-2024-001009|          9|   delivered|2025-06-11 02:14:31|1943.9892000000002|369.34920000000005|                0.0|                0.0|         2313.3384|                11|                 11|          9|       NULL|            true|2025-06-11 02:14:31|2025-06-11 02:14:31|     eu|postgres|
|      10| EU-2024-001010|         10|    returned|2025-06-11 02:14:31| 43.18920000000001|3.0132000000000003|  4.309200000000001|  4.309200000000001|46.202400000000004|                12|                 12|         10|          9|            true|2025-06-11 02:14:31|2025-06-11 02:14:31|     eu|postgres|
+--------+---------------+-----------+------------+-------------------+------------------+------------------+-------------------+-------------------+------------------+------------------+-------------------+-----------+-----------+----------------+-------------------+-------------------+-------+--------+
[2025-06-11T16:11:06.692+0000] {logging_mixin.py:188} INFO - Inserting into snowflake
[2025-06-11T16:11:16.588+0000] {logging_mixin.py:188} INFO - successfully inserted in snowflake
[2025-06-11T16:11:16.612+0000] {crypto.py:82} WARNING - empty cryptography key - values will not be stored encrypted.
[2025-06-11T16:11:17.144+0000] {logging_mixin.py:188} INFO - Successfully processed 10 records for orders in eu
[2025-06-11T16:11:19.791+0000] {python.py:201} INFO - Done. Returned value was: {'region': 'eu', 'table': 'orders', 'record_count': 10, 'status': 'success'}
[2025-06-11T16:11:19.873+0000] {taskinstance.py:1138} INFO - Marking task as SUCCESS. dag_id=multi_region_transform_staging_v2, task_id=process_region_eu.process_orders_eu, execution_date=20250611T160810, start_date=20250611T161019, end_date=20250611T161119
[2025-06-11T16:11:19.985+0000] {local_task_job_runner.py:234} INFO - Task exited with return code 0
[2025-06-11T16:11:20.101+0000] {taskinstance.py:3280} INFO - 3 downstream tasks scheduled from follow-on schedule check
