[2025-06-03T07:52:41.467+0000] {taskinstance.py:1956} INFO - Dependencies all met for dep_context=non-requeueable deps ti=<TaskInstance: ingest_raw_data_asia.extract_asia_asia_orders manual__2025-06-03T06:07:18.020901+00:00 [queued]>
[2025-06-03T07:52:41.483+0000] {taskinstance.py:1956} INFO - Dependencies all met for dep_context=requeueable deps ti=<TaskInstance: ingest_raw_data_asia.extract_asia_asia_orders manual__2025-06-03T06:07:18.020901+00:00 [queued]>
[2025-06-03T07:52:41.483+0000] {taskinstance.py:2170} INFO - Starting attempt 2 of 2
[2025-06-03T07:52:41.638+0000] {taskinstance.py:2191} INFO - Executing <Task(BashOperator): extract_asia_asia_orders> on 2025-06-03 06:07:18.020901+00:00
[2025-06-03T07:52:41.650+0000] {standard_task_runner.py:60} INFO - Started process 246 to run task
[2025-06-03T07:52:41.664+0000] {standard_task_runner.py:87} INFO - Running: ['airflow', 'tasks', 'run', 'ingest_raw_data_asia', 'extract_asia_asia_orders', 'manual__2025-06-03T06:07:18.020901+00:00', '--job-id', '272', '--raw', '--subdir', 'DAGS_FOLDER/asia/landing.py', '--cfg-path', '/tmp/tmp302ok9gk']
[2025-06-03T07:52:41.669+0000] {standard_task_runner.py:88} INFO - Job 272: Subtask extract_asia_asia_orders
[2025-06-03T07:52:41.831+0000] {logging_mixin.py:188} WARNING - /home/airflow/.local/lib/python3.10/site-packages/airflow/settings.py:194 DeprecationWarning: The sql_alchemy_conn option in [core] has been moved to the sql_alchemy_conn option in [database] - the old setting has been used, but please update your config.
[2025-06-03T07:52:41.953+0000] {task_command.py:423} INFO - Running <TaskInstance: ingest_raw_data_asia.extract_asia_asia_orders manual__2025-06-03T06:07:18.020901+00:00 [running]> on host 86069ee61878
[2025-06-03T07:52:42.401+0000] {taskinstance.py:2480} INFO - Exporting env vars: AIRFLOW_CTX_DAG_OWNER='airflow' AIRFLOW_CTX_DAG_ID='ingest_raw_data_asia' AIRFLOW_CTX_TASK_ID='extract_asia_asia_orders' AIRFLOW_CTX_EXECUTION_DATE='2025-06-03T06:07:18.020901+00:00' AIRFLOW_CTX_TRY_NUMBER='2' AIRFLOW_CTX_DAG_RUN_ID='manual__2025-06-03T06:07:18.020901+00:00'
[2025-06-03T07:52:42.402+0000] {subprocess.py:63} INFO - Tmp dir root location: /tmp
[2025-06-03T07:52:42.403+0000] {subprocess.py:75} INFO - Running command: ['/usr/bin/bash', '-c', '\n                spark-submit                     /opt/airflow/scripts/pyspark_jobs/extract_to_parquet.py                     asia.orders "jdbc:postgresql://retail-postgres:5432/retail_etl" retail-etl retail_etl 2025-06-03\n            ']
[2025-06-03T07:52:42.419+0000] {subprocess.py:86} INFO - Output:
[2025-06-03T07:55:08.059+0000] {subprocess.py:93} INFO - 25/06/03 07:55:07 INFO SparkContext: Running Spark version 3.5.6
[2025-06-03T07:55:08.350+0000] {subprocess.py:93} INFO - 25/06/03 07:55:08 INFO SparkContext: OS info Linux, 6.11.0-26-generic, amd64
[2025-06-03T07:55:08.350+0000] {subprocess.py:93} INFO - 25/06/03 07:55:08 INFO SparkContext: Java version 11.0.24
[2025-06-03T07:55:10.976+0000] {subprocess.py:93} INFO - 25/06/03 07:55:10 WARN NativeCodeLoader: Unable to load native-hadoop library for your platform... using builtin-java classes where applicable
[2025-06-03T07:55:14.629+0000] {subprocess.py:93} INFO - 25/06/03 07:55:14 INFO ResourceUtils: ==============================================================
[2025-06-03T07:55:14.629+0000] {subprocess.py:93} INFO - 25/06/03 07:55:14 INFO ResourceUtils: No custom resources configured for spark.driver.
[2025-06-03T07:55:14.630+0000] {subprocess.py:93} INFO - 25/06/03 07:55:14 INFO ResourceUtils: ==============================================================
[2025-06-03T07:55:14.630+0000] {subprocess.py:93} INFO - 25/06/03 07:55:14 INFO SparkContext: Submitted application: Extract_asia_asia.orders
[2025-06-03T07:55:15.746+0000] {subprocess.py:93} INFO - 25/06/03 07:55:15 INFO ResourceProfile: Default ResourceProfile created, executor resources: Map(cores -> name: cores, amount: 1, script: , vendor: , memory -> name: memory, amount: 1024, script: , vendor: , offHeap -> name: offHeap, amount: 0, script: , vendor: ), task resources: Map(cpus -> name: cpus, amount: 1.0)
[2025-06-03T07:55:17.070+0000] {subprocess.py:93} INFO - 25/06/03 07:55:17 INFO ResourceProfile: Limiting resource is cpu
[2025-06-03T07:55:17.071+0000] {subprocess.py:93} INFO - 25/06/03 07:55:17 INFO ResourceProfileManager: Added ResourceProfile id: 0
[2025-06-03T07:55:21.244+0000] {subprocess.py:93} INFO - 25/06/03 07:55:21 INFO SecurityManager: Changing view acls to: airflow
[2025-06-03T07:55:21.247+0000] {subprocess.py:93} INFO - 25/06/03 07:55:21 INFO SecurityManager: Changing modify acls to: airflow
[2025-06-03T07:55:21.551+0000] {subprocess.py:93} INFO - 25/06/03 07:55:21 INFO SecurityManager: Changing view acls groups to:
[2025-06-03T07:55:21.551+0000] {subprocess.py:93} INFO - 25/06/03 07:55:21 INFO SecurityManager: Changing modify acls groups to:
[2025-06-03T07:55:21.551+0000] {subprocess.py:93} INFO - 25/06/03 07:55:21 INFO SecurityManager: SecurityManager: authentication disabled; ui acls disabled; users with view permissions: airflow; groups with view permissions: EMPTY; users with modify permissions: airflow; groups with modify permissions: EMPTY
[2025-06-03T07:55:39.223+0000] {subprocess.py:93} INFO - 25/06/03 07:55:39 INFO Utils: Successfully started service 'sparkDriver' on port 44317.
[2025-06-03T07:55:40.784+0000] {subprocess.py:93} INFO - 25/06/03 07:55:40 INFO SparkEnv: Registering MapOutputTracker
[2025-06-03T07:55:42.195+0000] {subprocess.py:93} INFO - 25/06/03 07:55:42 INFO SparkEnv: Registering BlockManagerMaster
[2025-06-03T07:55:42.618+0000] {subprocess.py:93} INFO - 25/06/03 07:55:42 INFO BlockManagerMasterEndpoint: Using org.apache.spark.storage.DefaultTopologyMapper for getting topology information
[2025-06-03T07:55:42.619+0000] {subprocess.py:93} INFO - 25/06/03 07:55:42 INFO BlockManagerMasterEndpoint: BlockManagerMasterEndpoint up
[2025-06-03T07:55:42.834+0000] {subprocess.py:93} INFO - 25/06/03 07:55:42 INFO SparkEnv: Registering BlockManagerMasterHeartbeat
[2025-06-03T07:55:43.663+0000] {subprocess.py:93} INFO - 25/06/03 07:55:43 INFO DiskBlockManager: Created local directory at /tmp/blockmgr-7914bdd2-5b11-449a-89b4-fc09d0199a09
[2025-06-03T07:55:44.050+0000] {subprocess.py:93} INFO - 25/06/03 07:55:44 INFO MemoryStore: MemoryStore started with capacity 434.4 MiB
[2025-06-03T07:55:44.441+0000] {subprocess.py:93} INFO - 25/06/03 07:55:44 INFO SparkEnv: Registering OutputCommitCoordinator
[2025-06-03T07:55:48.379+0000] {subprocess.py:93} INFO - 25/06/03 07:55:48 INFO JettyUtils: Start Jetty 0.0.0.0:4040 for SparkUI
[2025-06-03T07:55:51.348+0000] {subprocess.py:93} INFO - 25/06/03 07:55:51 WARN Utils: Service 'SparkUI' could not bind on port 4040. Attempting port 4041.
[2025-06-03T07:55:51.349+0000] {subprocess.py:93} INFO - 25/06/03 07:55:51 WARN Utils: Service 'SparkUI' could not bind on port 4041. Attempting port 4042.
[2025-06-03T07:55:51.357+0000] {subprocess.py:93} INFO - 25/06/03 07:55:51 WARN Utils: Service 'SparkUI' could not bind on port 4042. Attempting port 4043.
[2025-06-03T07:55:51.357+0000] {subprocess.py:93} INFO - 25/06/03 07:55:51 WARN Utils: Service 'SparkUI' could not bind on port 4043. Attempting port 4044.
[2025-06-03T07:55:51.362+0000] {subprocess.py:93} INFO - 25/06/03 07:55:51 WARN Utils: Service 'SparkUI' could not bind on port 4044. Attempting port 4045.
[2025-06-03T07:55:51.362+0000] {subprocess.py:93} INFO - 25/06/03 07:55:51 WARN Utils: Service 'SparkUI' could not bind on port 4045. Attempting port 4046.
[2025-06-03T07:55:51.363+0000] {subprocess.py:93} INFO - 25/06/03 07:55:51 WARN Utils: Service 'SparkUI' could not bind on port 4046. Attempting port 4047.
[2025-06-03T07:55:51.363+0000] {subprocess.py:93} INFO - 25/06/03 07:55:51 WARN Utils: Service 'SparkUI' could not bind on port 4047. Attempting port 4048.
[2025-06-03T07:55:51.375+0000] {subprocess.py:93} INFO - 25/06/03 07:55:51 WARN Utils: Service 'SparkUI' could not bind on port 4048. Attempting port 4049.
[2025-06-03T07:55:51.376+0000] {subprocess.py:93} INFO - 25/06/03 07:55:51 WARN Utils: Service 'SparkUI' could not bind on port 4049. Attempting port 4050.
[2025-06-03T07:55:51.377+0000] {subprocess.py:93} INFO - 25/06/03 07:55:51 WARN Utils: Service 'SparkUI' could not bind on port 4050. Attempting port 4051.
[2025-06-03T07:55:51.412+0000] {subprocess.py:93} INFO - 25/06/03 07:55:51 INFO Utils: Successfully started service 'SparkUI' on port 4051.
[2025-06-03T07:55:52.589+0000] {subprocess.py:93} INFO - 25/06/03 07:55:52 INFO Executor: Starting executor ID driver on host 86069ee61878
[2025-06-03T07:55:52.589+0000] {subprocess.py:93} INFO - 25/06/03 07:55:52 INFO Executor: OS info Linux, 6.11.0-26-generic, amd64
[2025-06-03T07:55:52.598+0000] {subprocess.py:93} INFO - 25/06/03 07:55:52 INFO Executor: Java version 11.0.24
[2025-06-03T07:55:52.625+0000] {subprocess.py:93} INFO - 25/06/03 07:55:52 INFO Executor: Starting executor with user classpath (userClassPathFirst = false): ''
[2025-06-03T07:55:52.631+0000] {subprocess.py:93} INFO - 25/06/03 07:55:52 INFO Executor: Created or updated repl class loader org.apache.spark.util.MutableURLClassLoader@648218bb for default.
[2025-06-03T07:55:53.613+0000] {subprocess.py:93} INFO - 25/06/03 07:55:53 INFO Utils: Successfully started service 'org.apache.spark.network.netty.NettyBlockTransferService' on port 39639.
[2025-06-03T07:55:53.614+0000] {subprocess.py:93} INFO - 25/06/03 07:55:53 INFO NettyBlockTransferService: Server created on 86069ee61878:39639
[2025-06-03T07:55:53.680+0000] {subprocess.py:93} INFO - 25/06/03 07:55:53 INFO BlockManager: Using org.apache.spark.storage.RandomBlockReplicationPolicy for block replication policy
[2025-06-03T07:55:54.492+0000] {subprocess.py:93} INFO - 25/06/03 07:55:54 INFO BlockManagerMaster: Registering BlockManager BlockManagerId(driver, 86069ee61878, 39639, None)
[2025-06-03T07:55:54.523+0000] {subprocess.py:93} INFO - 25/06/03 07:55:54 INFO BlockManagerMasterEndpoint: Registering block manager 86069ee61878:39639 with 434.4 MiB RAM, BlockManagerId(driver, 86069ee61878, 39639, None)
[2025-06-03T07:55:54.547+0000] {subprocess.py:93} INFO - 25/06/03 07:55:54 INFO BlockManagerMaster: Registered BlockManager BlockManagerId(driver, 86069ee61878, 39639, None)
[2025-06-03T07:55:54.556+0000] {subprocess.py:93} INFO - 25/06/03 07:55:54 INFO BlockManager: Initialized BlockManager: BlockManagerId(driver, 86069ee61878, 39639, None)
[2025-06-03T07:56:06.988+0000] {subprocess.py:93} INFO - 25/06/03 07:56:06 INFO SharedState: Setting hive.metastore.warehouse.dir ('null') to the value of spark.sql.warehouse.dir.
[2025-06-03T07:56:07.237+0000] {subprocess.py:93} INFO - 25/06/03 07:56:07 INFO SharedState: Warehouse path is 'file:/tmp/airflowtmpir4z3pxr/spark-warehouse'.
[2025-06-03T07:56:33.674+0000] {subprocess.py:93} INFO - Traceback (most recent call last):
[2025-06-03T07:56:33.674+0000] {subprocess.py:93} INFO -   File "/opt/airflow/scripts/pyspark_jobs/extract_to_parquet.py", line 24, in <module>
[2025-06-03T07:56:33.675+0000] {subprocess.py:93} INFO -     .load()
[2025-06-03T07:56:33.675+0000] {subprocess.py:93} INFO -   File "/usr/local/spark/python/lib/pyspark.zip/pyspark/sql/readwriter.py", line 314, in load
[2025-06-03T07:56:33.700+0000] {subprocess.py:93} INFO -   File "/usr/local/spark/python/lib/py4j-0.10.9.7-src.zip/py4j/java_gateway.py", line 1322, in __call__
[2025-06-03T07:56:33.701+0000] {subprocess.py:93} INFO -   File "/usr/local/spark/python/lib/pyspark.zip/pyspark/errors/exceptions/captured.py", line 179, in deco
[2025-06-03T07:56:33.701+0000] {subprocess.py:93} INFO -   File "/usr/local/spark/python/lib/py4j-0.10.9.7-src.zip/py4j/protocol.py", line 326, in get_return_value
[2025-06-03T07:56:33.701+0000] {subprocess.py:93} INFO - py4j.protocol.Py4JJavaError: An error occurred while calling o30.load.
[2025-06-03T07:56:33.701+0000] {subprocess.py:93} INFO - : java.lang.ClassNotFoundException: org.postgresql.Driver
[2025-06-03T07:56:33.702+0000] {subprocess.py:93} INFO - 	at java.base/java.net.URLClassLoader.findClass(URLClassLoader.java:476)
[2025-06-03T07:56:33.702+0000] {subprocess.py:93} INFO - 	at java.base/java.lang.ClassLoader.loadClass(ClassLoader.java:594)
[2025-06-03T07:56:33.702+0000] {subprocess.py:93} INFO - 	at java.base/java.lang.ClassLoader.loadClass(ClassLoader.java:527)
[2025-06-03T07:56:33.703+0000] {subprocess.py:93} INFO - 	at org.apache.spark.sql.execution.datasources.jdbc.DriverRegistry$.register(DriverRegistry.scala:46)
[2025-06-03T07:56:33.703+0000] {subprocess.py:93} INFO - 	at org.apache.spark.sql.execution.datasources.jdbc.JDBCOptions.$anonfun$driverClass$1(JDBCOptions.scala:103)
[2025-06-03T07:56:33.703+0000] {subprocess.py:93} INFO - 	at org.apache.spark.sql.execution.datasources.jdbc.JDBCOptions.$anonfun$driverClass$1$adapted(JDBCOptions.scala:103)
[2025-06-03T07:56:33.703+0000] {subprocess.py:93} INFO - 	at scala.Option.foreach(Option.scala:407)
[2025-06-03T07:56:33.703+0000] {subprocess.py:93} INFO - 	at org.apache.spark.sql.execution.datasources.jdbc.JDBCOptions.<init>(JDBCOptions.scala:103)
[2025-06-03T07:56:33.720+0000] {subprocess.py:93} INFO - 	at org.apache.spark.sql.execution.datasources.jdbc.JDBCOptions.<init>(JDBCOptions.scala:41)
[2025-06-03T07:56:33.720+0000] {subprocess.py:93} INFO - 	at org.apache.spark.sql.execution.datasources.jdbc.JdbcRelationProvider.createRelation(JdbcRelationProvider.scala:34)
[2025-06-03T07:56:33.721+0000] {subprocess.py:93} INFO - 	at org.apache.spark.sql.execution.datasources.DataSource.resolveRelation(DataSource.scala:346)
[2025-06-03T07:56:33.721+0000] {subprocess.py:93} INFO - 	at org.apache.spark.sql.DataFrameReader.loadV1Source(DataFrameReader.scala:229)
[2025-06-03T07:56:33.721+0000] {subprocess.py:93} INFO - 	at org.apache.spark.sql.DataFrameReader.$anonfun$load$2(DataFrameReader.scala:211)
[2025-06-03T07:56:33.721+0000] {subprocess.py:93} INFO - 	at scala.Option.getOrElse(Option.scala:189)
[2025-06-03T07:56:33.721+0000] {subprocess.py:93} INFO - 	at org.apache.spark.sql.DataFrameReader.load(DataFrameReader.scala:211)
[2025-06-03T07:56:33.721+0000] {subprocess.py:93} INFO - 	at org.apache.spark.sql.DataFrameReader.load(DataFrameReader.scala:172)
[2025-06-03T07:56:33.722+0000] {subprocess.py:93} INFO - 	at java.base/jdk.internal.reflect.NativeMethodAccessorImpl.invoke0(Native Method)
[2025-06-03T07:56:33.722+0000] {subprocess.py:93} INFO - 	at java.base/jdk.internal.reflect.NativeMethodAccessorImpl.invoke(NativeMethodAccessorImpl.java:62)
[2025-06-03T07:56:33.722+0000] {subprocess.py:93} INFO - 	at java.base/jdk.internal.reflect.DelegatingMethodAccessorImpl.invoke(DelegatingMethodAccessorImpl.java:43)
[2025-06-03T07:56:33.722+0000] {subprocess.py:93} INFO - 	at java.base/java.lang.reflect.Method.invoke(Method.java:566)
[2025-06-03T07:56:33.722+0000] {subprocess.py:93} INFO - 	at py4j.reflection.MethodInvoker.invoke(MethodInvoker.java:244)
[2025-06-03T07:56:33.723+0000] {subprocess.py:93} INFO - 	at py4j.reflection.ReflectionEngine.invoke(ReflectionEngine.java:374)
[2025-06-03T07:56:33.723+0000] {subprocess.py:93} INFO - 	at py4j.Gateway.invoke(Gateway.java:282)
[2025-06-03T07:56:33.728+0000] {subprocess.py:93} INFO - 	at py4j.commands.AbstractCommand.invokeMethod(AbstractCommand.java:132)
[2025-06-03T07:56:33.729+0000] {subprocess.py:93} INFO - 	at py4j.commands.CallCommand.execute(CallCommand.java:79)
[2025-06-03T07:56:33.729+0000] {subprocess.py:93} INFO - 	at py4j.ClientServerConnection.waitForCommands(ClientServerConnection.java:182)
[2025-06-03T07:56:33.729+0000] {subprocess.py:93} INFO - 	at py4j.ClientServerConnection.run(ClientServerConnection.java:106)
[2025-06-03T07:56:33.729+0000] {subprocess.py:93} INFO - 	at java.base/java.lang.Thread.run(Thread.java:829)
[2025-06-03T07:56:33.729+0000] {subprocess.py:93} INFO - 
[2025-06-03T07:56:33.993+0000] {subprocess.py:93} INFO - 25/06/03 07:56:33 INFO SparkContext: Invoking stop() from shutdown hook
[2025-06-03T07:56:33.996+0000] {subprocess.py:93} INFO - 25/06/03 07:56:33 INFO SparkContext: SparkContext is stopping with exitCode 0.
[2025-06-03T07:56:34.180+0000] {subprocess.py:93} INFO - 25/06/03 07:56:34 INFO SparkUI: Stopped Spark web UI at http://86069ee61878:4051
[2025-06-03T07:56:34.285+0000] {subprocess.py:93} INFO - 25/06/03 07:56:34 INFO MapOutputTrackerMasterEndpoint: MapOutputTrackerMasterEndpoint stopped!
[2025-06-03T07:56:35.658+0000] {subprocess.py:93} INFO - 25/06/03 07:56:35 INFO MemoryStore: MemoryStore cleared
[2025-06-03T07:56:35.659+0000] {subprocess.py:93} INFO - 25/06/03 07:56:35 INFO BlockManager: BlockManager stopped
[2025-06-03T07:56:35.735+0000] {subprocess.py:93} INFO - 25/06/03 07:56:35 INFO BlockManagerMaster: BlockManagerMaster stopped
[2025-06-03T07:56:35.755+0000] {subprocess.py:93} INFO - 25/06/03 07:56:35 INFO OutputCommitCoordinator$OutputCommitCoordinatorEndpoint: OutputCommitCoordinator stopped!
[2025-06-03T07:56:35.891+0000] {subprocess.py:93} INFO - 25/06/03 07:56:35 INFO SparkContext: Successfully stopped SparkContext
[2025-06-03T07:56:35.897+0000] {subprocess.py:93} INFO - 25/06/03 07:56:35 INFO ShutdownHookManager: Shutdown hook called
[2025-06-03T07:56:35.907+0000] {subprocess.py:93} INFO - 25/06/03 07:56:35 INFO ShutdownHookManager: Deleting directory /tmp/spark-8a58633e-4715-47ef-836b-d06b538ec0c2
[2025-06-03T07:56:35.916+0000] {subprocess.py:93} INFO - 25/06/03 07:56:35 INFO ShutdownHookManager: Deleting directory /tmp/spark-7ef5cb4a-3c09-45f6-a9b0-8a807422e9a2
[2025-06-03T07:56:35.936+0000] {subprocess.py:93} INFO - 25/06/03 07:56:35 INFO ShutdownHookManager: Deleting directory /tmp/spark-7ef5cb4a-3c09-45f6-a9b0-8a807422e9a2/pyspark-b05de515-773f-4bef-8e5a-147bc3b20b62
[2025-06-03T07:56:36.418+0000] {subprocess.py:97} INFO - Command exited with return code 1
[2025-06-03T07:56:40.716+0000] {taskinstance.py:2698} ERROR - Task failed with exception
Traceback (most recent call last):
  File "/home/airflow/.local/lib/python3.10/site-packages/airflow/models/taskinstance.py", line 433, in _execute_task
    result = execute_callable(context=context, **execute_callable_kwargs)
  File "/home/airflow/.local/lib/python3.10/site-packages/airflow/operators/bash.py", line 212, in execute
    raise AirflowException(
airflow.exceptions.AirflowException: Bash command failed. The command returned a non-zero exit code 1.
[2025-06-03T07:56:44.745+0000] {taskinstance.py:1138} INFO - Marking task as FAILED. dag_id=ingest_raw_data_asia, task_id=extract_asia_asia_orders, execution_date=20250603T060718, start_date=20250603T075241, end_date=20250603T075642
[2025-06-03T07:57:11.795+0000] {standard_task_runner.py:107} ERROR - Failed to execute job 272 for task extract_asia_asia_orders (Bash command failed. The command returned a non-zero exit code 1.; 246)
[2025-06-03T07:57:19.913+0000] {local_task_job_runner.py:234} INFO - Task exited with return code 1
[2025-06-03T07:59:11.835+0000] {taskinstance.py:3280} INFO - 0 downstream tasks scheduled from follow-on schedule check
