[2025-06-08T20:01:04.410+0000] {taskinstance.py:1956} INFO - Dependencies all met for dep_context=non-requeueable deps ti=<TaskInstance: transform_cart_items.run_transformation_eu manual__2025-06-08T19:31:36.943862+00:00 [queued]>
[2025-06-08T20:01:04.434+0000] {taskinstance.py:1956} INFO - Dependencies all met for dep_context=requeueable deps ti=<TaskInstance: transform_cart_items.run_transformation_eu manual__2025-06-08T19:31:36.943862+00:00 [queued]>
[2025-06-08T20:01:04.435+0000] {taskinstance.py:2170} INFO - Starting attempt 1 of 1
[2025-06-08T20:01:04.487+0000] {taskinstance.py:2191} INFO - Executing <Task(_PythonDecoratedOperator): run_transformation_eu> on 2025-06-08 19:31:36.943862+00:00
[2025-06-08T20:01:04.497+0000] {standard_task_runner.py:60} INFO - Started process 132944 to run task
[2025-06-08T20:01:04.498+0000] {clientserver.py:543} INFO - Closing down clientserver connection
[2025-06-08T20:01:04.505+0000] {standard_task_runner.py:87} INFO - Running: ['airflow', 'tasks', 'run', 'transform_cart_items', 'run_transformation_eu', 'manual__2025-06-08T19:31:36.943862+00:00', '--job-id', '11', '--raw', '--subdir', 'DAGS_FOLDER/staging/cart_items_to_staging.py', '--cfg-path', '/tmp/tmp8_sd0ajd']
[2025-06-08T20:01:04.507+0000] {standard_task_runner.py:88} INFO - Job 11: Subtask run_transformation_eu
[2025-06-08T20:01:04.563+0000] {logging_mixin.py:188} WARNING - /home/airflow/.local/lib/python3.10/site-packages/airflow/settings.py:194 DeprecationWarning: The sql_alchemy_conn option in [core] has been moved to the sql_alchemy_conn option in [database] - the old setting has been used, but please update your config.
[2025-06-08T20:01:04.681+0000] {task_command.py:423} INFO - Running <TaskInstance: transform_cart_items.run_transformation_eu manual__2025-06-08T19:31:36.943862+00:00 [running]> on host 098d7b977cb8
[2025-06-08T20:01:04.996+0000] {taskinstance.py:2480} INFO - Exporting env vars: AIRFLOW_CTX_DAG_OWNER='airflow' AIRFLOW_CTX_DAG_ID='transform_cart_items' AIRFLOW_CTX_TASK_ID='run_transformation_eu' AIRFLOW_CTX_EXECUTION_DATE='2025-06-08T19:31:36.943862+00:00' AIRFLOW_CTX_TRY_NUMBER='1' AIRFLOW_CTX_DAG_RUN_ID='manual__2025-06-08T19:31:36.943862+00:00'
[2025-06-08T20:01:05.000+0000] {logging_mixin.py:188} INFO - Starting transformation for table: cart_items in region: eu
[2025-06-08T20:01:05.018+0000] {logging_mixin.py:188} INFO - Reading data from: /opt/airflow/data/raw/region=eu/table=cart_items/load_date=2025-06-08/
[2025-06-08T20:01:18.478+0000] {logging_mixin.py:188} INFO - [INFO] Processing 12 records for eu
[2025-06-08T20:01:19.537+0000] {logging_mixin.py:188} INFO - Sample transformed data for cart_items in eu:
[2025-06-08T20:01:25.248+0000] {logging_mixin.py:188} INFO - +------------+-------+----------+--------+--------------+-------------------+-------------------+-------+--------+
|cart_item_id|cart_id|variant_id|quantity|unit_price_eur|added_at           |updated_at         |_region|_source |
+------------+-------+----------+--------+--------------+-------------------+-------------------+-------+--------+
|1           |1      |2         |1       |1399.99       |2025-06-08 19:22:57|2025-06-08 19:22:57|eu     |postgres|
|2           |1      |8         |2       |29.99         |2025-06-08 19:22:57|2025-06-08 19:22:57|eu     |postgres|
|3           |2      |15        |1       |1799.99       |2025-06-08 19:22:57|2025-06-08 19:22:57|eu     |postgres|
|4           |3      |19        |1       |109.99        |2025-06-08 19:22:57|2025-06-08 19:22:57|eu     |postgres|
|5           |4      |6         |1       |399.99        |2025-06-08 19:22:57|2025-06-08 19:22:57|eu     |postgres|
+------------+-------+----------+--------+--------------+-------------------+-------------------+-------+--------+
only showing top 5 rows
[2025-06-08T20:01:25.250+0000] {logging_mixin.py:188} INFO - Writing transformed data to: /opt/airflow/data/staging/cart_items/region=eu/load_date=2025-06-08/
[2025-06-08T20:01:27.304+0000] {logging_mixin.py:188} INFO - Successfully transformed 12 records for cart_items in eu
[2025-06-08T20:06:24.808+0000] {local_task_job_runner.py:302} WARNING - State of this instance has been externally set to success. Terminating instance.
[2025-06-08T20:06:24.813+0000] {process_utils.py:131} INFO - Sending 15 to group 132944. PIDs of all processes in the group: [132944]
[2025-06-08T20:06:24.814+0000] {process_utils.py:86} INFO - Sending the signal 15 to group 132944
[2025-06-08T20:06:24.815+0000] {taskinstance.py:2450} ERROR - Received SIGTERM. Terminating subprocesses.
[2025-06-08T20:06:24.908+0000] {process_utils.py:79} INFO - Process psutil.Process(pid=132944, status='terminated', exitcode=0, started='20:01:04') (132944) terminated with exit code 0
