[2025-06-09T07:54:45.529+0000] {taskinstance.py:1956} INFO - Dependencies all met for dep_context=non-requeueable deps ti=<TaskInstance: multi_region_processor_7.process_region_asia.process_customers_asia manual__2025-06-09T07:54:44.650319+00:00 [queued]>
[2025-06-09T07:54:45.543+0000] {taskinstance.py:1956} INFO - Dependencies all met for dep_context=requeueable deps ti=<TaskInstance: multi_region_processor_7.process_region_asia.process_customers_asia manual__2025-06-09T07:54:44.650319+00:00 [queued]>
[2025-06-09T07:54:45.544+0000] {taskinstance.py:2170} INFO - Starting attempt 1 of 2
[2025-06-09T07:54:45.572+0000] {taskinstance.py:2191} INFO - Executing <Task(_PythonDecoratedOperator): process_region_asia.process_customers_asia> on 2025-06-09 07:54:44.650319+00:00
[2025-06-09T07:54:45.583+0000] {standard_task_runner.py:60} INFO - Started process 91587 to run task
[2025-06-09T07:54:45.586+0000] {standard_task_runner.py:87} INFO - Running: ['airflow', 'tasks', 'run', 'multi_region_processor_7', 'process_region_asia.process_customers_asia', 'manual__2025-06-09T07:54:44.650319+00:00', '--job-id', '618', '--raw', '--subdir', 'DAGS_FOLDER/master2.py', '--cfg-path', '/tmp/tmp8x8d6yf2']
[2025-06-09T07:54:45.589+0000] {standard_task_runner.py:88} INFO - Job 618: Subtask process_region_asia.process_customers_asia
[2025-06-09T07:54:45.617+0000] {logging_mixin.py:188} WARNING - /home/airflow/.local/lib/python3.10/site-packages/airflow/settings.py:194 DeprecationWarning: The sql_alchemy_conn option in [core] has been moved to the sql_alchemy_conn option in [database] - the old setting has been used, but please update your config.
[2025-06-09T07:54:45.686+0000] {task_command.py:423} INFO - Running <TaskInstance: multi_region_processor_7.process_region_asia.process_customers_asia manual__2025-06-09T07:54:44.650319+00:00 [running]> on host afcdbcf38bc0
[2025-06-09T07:54:45.865+0000] {taskinstance.py:2480} INFO - Exporting env vars: AIRFLOW_CTX_DAG_OWNER='data-team' AIRFLOW_CTX_DAG_ID='multi_region_processor_7' AIRFLOW_CTX_TASK_ID='process_region_asia.process_customers_asia' AIRFLOW_CTX_EXECUTION_DATE='2025-06-09T07:54:44.650319+00:00' AIRFLOW_CTX_TRY_NUMBER='1' AIRFLOW_CTX_DAG_RUN_ID='manual__2025-06-09T07:54:44.650319+00:00'
[2025-06-09T07:54:52.936+0000] {logging_mixin.py:188} INFO - Processing customers for region asia
[2025-06-09T07:54:52.945+0000] {logging_mixin.py:188} INFO - Processing customers for region asia
[2025-06-09T07:55:08.171+0000] {logging_mixin.py:188} INFO - +-----------+--------------------+----------+---------+------------+-------------------+------+-------------------+-------------------+----------------+-------------------+-------------------+-------+--------+
|customer_id|               email|first_name|last_name|       phone|         birth_date|gender|  registration_date|         last_login|customer_segment|acquisition_channel|         created_at|_region| _source|
+-----------+--------------------+----------+---------+------------+-------------------+------+-------------------+-------------------+----------------+-------------------+-------------------+-------+--------+
|          1|tanaka.yuki@email.jp|      Yuki|   Tanaka|+81312345678|1985-04-12 00:00:00|  Male|2024-01-15 09:30:45|2024-02-20 14:25:30|         premium|            organic|2024-01-15 09:30:45|   asia|postgres|
|          2|sato.hanako@gmail...|    Hanako|     Sato|+81687654321|1990-07-22 00:00:00|Female|2024-01-16 00:00:00|2024-02-21 00:00:00|         regular|       social_media|2024-01-16 11:45:20|   asia|postgres|
|          3|suzuki.taro@yahoo...|      Taro|   Suzuki|        NULL|1982-05-15 00:00:00|  Male|2024-01-17 00:00:00|2024-02-22 00:00:00|             new|           referral|2024-01-17 13:20:35|   asia|postgres|
|          4|yamada.keiko@hotm...|     Keiko|   Yamada|        NULL|               NULL|Female|               NULL|               NULL|         regular|           paid_ads|2024-01-18 15:35:10|   asia|postgres|
|          5|watanabe.akira@ou...|     Akira| Watanabe|        NULL|1975-09-25 00:00:00|  Male|2024-01-19 00:00:00|2024-02-24 00:00:00|         premium|     email_campaign|2024-01-19 08:50:25|   asia|postgres|
|          6|                NULL|    Yumiko| Nakamura|+81356789012|1992-01-30 00:00:00|Female|2024-01-20 10:15:40|2024-02-25 15:20:35|         regular|            organic|2024-01-20 10:15:40|   asia|postgres|
|          7|                NULL|   Hiroshi|      Ito|+81667890123|1980-12-05 00:00:00|  Male|2024-01-21 00:00:00|2024-02-26 00:00:00|             new|       social_media|2024-01-21 12:30:15|   asia|postgres|
|          8|                NULL|     Ayumi|     Kato|        NULL|1987-04-10 00:00:00|Female|2024-01-22 00:00:00|2024-02-27 00:00:00|         regular|           referral|2024-01-22 14:45:30|   asia|postgres|
|          9|                NULL|   Takashi|    Saito|        NULL|               NULL|  Male|               NULL|               NULL|         premium|           paid_ads|2024-01-23 16:20:45|   asia|postgres|
|         10|                NULL|    Mizuki|Kobayashi|        NULL|1991-03-06 00:00:00|Female|2024-01-24 00:00:00|2024-02-29 00:00:00|         regular|     email_campaign|2024-01-24 09:35:20|   asia|postgres|
+-----------+--------------------+----------+---------+------------+-------------------+------+-------------------+-------------------+----------------+-------------------+-------------------+-------+--------+
only showing top 10 rows
[2025-06-09T07:55:09.163+0000] {logging_mixin.py:188} INFO - Inserting into postgres
[2025-06-09T07:55:51.779+0000] {logging_mixin.py:188} INFO - Error processing customers for asia: An error occurred while calling o205.save.
: net.snowflake.client.jdbc.SnowflakeSQLException: SQL compilation error:
Schema 'RETAIL_DWH.ASIA' does not exist or not authorized.
	at net.snowflake.client.jdbc.SnowflakeUtil.checkErrorAndThrowExceptionSub(SnowflakeUtil.java:127)
	at net.snowflake.client.jdbc.SnowflakeUtil.checkErrorAndThrowException(SnowflakeUtil.java:67)
	at net.snowflake.client.core.StmtUtil.pollForOutput(StmtUtil.java:451)
	at net.snowflake.client.core.StmtUtil.execute(StmtUtil.java:354)
	at net.snowflake.client.core.SFStatement.executeHelper(SFStatement.java:487)
	at net.snowflake.client.core.SFStatement.executeQueryInternal(SFStatement.java:198)
	at net.snowflake.client.core.SFStatement.executeQuery(SFStatement.java:135)
	at net.snowflake.client.core.SFStatement.execute(SFStatement.java:767)
	at net.snowflake.client.core.SFStatement.execute(SFStatement.java:677)
	at net.snowflake.client.jdbc.SnowflakeStatementV1.executeQueryInternal(SnowflakeStatementV1.java:238)
	at net.snowflake.client.jdbc.SnowflakePreparedStatementV1.executeQuery(SnowflakePreparedStatementV1.java:117)
	at net.snowflake.spark.snowflake.JDBCWrapper.$anonfun$executePreparedQueryInterruptibly$1(SnowflakeJDBCWrapper.scala:205)
	at net.snowflake.spark.snowflake.JDBCWrapper.$anonfun$executeInterruptibly$2(SnowflakeJDBCWrapper.scala:252)
	at scala.concurrent.Future$.$anonfun$apply$1(Future.scala:659)
	at scala.util.Success.$anonfun$map$1(Try.scala:255)
	at scala.util.Success.map(Try.scala:213)
	at scala.concurrent.Future.$anonfun$map$1(Future.scala:292)
	at scala.concurrent.impl.Promise.liftedTree1$1(Promise.scala:33)
	at scala.concurrent.impl.Promise.$anonfun$transform$1(Promise.scala:33)
	at scala.concurrent.impl.CallbackRunnable.run(Promise.scala:64)
	at java.base/java.util.concurrent.ThreadPoolExecutor.runWorker(ThreadPoolExecutor.java:1128)
	at java.base/java.util.concurrent.ThreadPoolExecutor$Worker.run(ThreadPoolExecutor.java:628)
	at java.base/java.lang.Thread.run(Thread.java:829)
[2025-06-09T07:55:52.015+0000] {taskinstance.py:2698} ERROR - Task failed with exception
Traceback (most recent call last):
  File "/home/airflow/.local/lib/python3.10/site-packages/airflow/models/taskinstance.py", line 433, in _execute_task
    result = execute_callable(context=context, **execute_callable_kwargs)
  File "/home/airflow/.local/lib/python3.10/site-packages/airflow/decorators/base.py", line 241, in execute
    return_value = super().execute(context)
  File "/home/airflow/.local/lib/python3.10/site-packages/airflow/operators/python.py", line 199, in execute
    return_value = self.execute_callable()
  File "/home/airflow/.local/lib/python3.10/site-packages/airflow/operators/python.py", line 216, in execute_callable
    return self.python_callable(*self.op_args, **self.op_kwargs)
  File "/opt/airflow/dags/master2.py", line 195, in process_table
  File "/opt/airflow/dags/master2.py", line 185, in write_to_snowflake
  File "/home/airflow/.local/lib/python3.10/site-packages/pyspark/sql/readwriter.py", line 1461, in save
    self._jwrite.save()
  File "/home/airflow/.local/lib/python3.10/site-packages/py4j/java_gateway.py", line 1322, in __call__
    return_value = get_return_value(
  File "/home/airflow/.local/lib/python3.10/site-packages/pyspark/errors/exceptions/captured.py", line 179, in deco
    return f(*a, **kw)
  File "/home/airflow/.local/lib/python3.10/site-packages/py4j/protocol.py", line 326, in get_return_value
    raise Py4JJavaError(
py4j.protocol.Py4JJavaError: An error occurred while calling o205.save.
: net.snowflake.client.jdbc.SnowflakeSQLException: SQL compilation error:
Schema 'RETAIL_DWH.ASIA' does not exist or not authorized.
	at net.snowflake.client.jdbc.SnowflakeUtil.checkErrorAndThrowExceptionSub(SnowflakeUtil.java:127)
	at net.snowflake.client.jdbc.SnowflakeUtil.checkErrorAndThrowException(SnowflakeUtil.java:67)
	at net.snowflake.client.core.StmtUtil.pollForOutput(StmtUtil.java:451)
	at net.snowflake.client.core.StmtUtil.execute(StmtUtil.java:354)
	at net.snowflake.client.core.SFStatement.executeHelper(SFStatement.java:487)
	at net.snowflake.client.core.SFStatement.executeQueryInternal(SFStatement.java:198)
	at net.snowflake.client.core.SFStatement.executeQuery(SFStatement.java:135)
	at net.snowflake.client.core.SFStatement.execute(SFStatement.java:767)
	at net.snowflake.client.core.SFStatement.execute(SFStatement.java:677)
	at net.snowflake.client.jdbc.SnowflakeStatementV1.executeQueryInternal(SnowflakeStatementV1.java:238)
	at net.snowflake.client.jdbc.SnowflakePreparedStatementV1.executeQuery(SnowflakePreparedStatementV1.java:117)
	at net.snowflake.spark.snowflake.JDBCWrapper.$anonfun$executePreparedQueryInterruptibly$1(SnowflakeJDBCWrapper.scala:205)
	at net.snowflake.spark.snowflake.JDBCWrapper.$anonfun$executeInterruptibly$2(SnowflakeJDBCWrapper.scala:252)
	at scala.concurrent.Future$.$anonfun$apply$1(Future.scala:659)
	at scala.util.Success.$anonfun$map$1(Try.scala:255)
	at scala.util.Success.map(Try.scala:213)
	at scala.concurrent.Future.$anonfun$map$1(Future.scala:292)
	at scala.concurrent.impl.Promise.liftedTree1$1(Promise.scala:33)
	at scala.concurrent.impl.Promise.$anonfun$transform$1(Promise.scala:33)
	at scala.concurrent.impl.CallbackRunnable.run(Promise.scala:64)
	at java.base/java.util.concurrent.ThreadPoolExecutor.runWorker(ThreadPoolExecutor.java:1128)
	at java.base/java.util.concurrent.ThreadPoolExecutor$Worker.run(ThreadPoolExecutor.java:628)
	at java.base/java.lang.Thread.run(Thread.java:829)

[2025-06-09T07:55:52.059+0000] {taskinstance.py:1138} INFO - Marking task as UP_FOR_RETRY. dag_id=multi_region_processor_7, task_id=process_region_asia.process_customers_asia, execution_date=20250609T075444, start_date=20250609T075445, end_date=20250609T075552
[2025-06-09T07:55:52.101+0000] {standard_task_runner.py:107} ERROR - Failed to execute job 618 for task process_region_asia.process_customers_asia (An error occurred while calling o205.save.
: net.snowflake.client.jdbc.SnowflakeSQLException: SQL compilation error:
Schema 'RETAIL_DWH.ASIA' does not exist or not authorized.
	at net.snowflake.client.jdbc.SnowflakeUtil.checkErrorAndThrowExceptionSub(SnowflakeUtil.java:127)
	at net.snowflake.client.jdbc.SnowflakeUtil.checkErrorAndThrowException(SnowflakeUtil.java:67)
	at net.snowflake.client.core.StmtUtil.pollForOutput(StmtUtil.java:451)
	at net.snowflake.client.core.StmtUtil.execute(StmtUtil.java:354)
	at net.snowflake.client.core.SFStatement.executeHelper(SFStatement.java:487)
	at net.snowflake.client.core.SFStatement.executeQueryInternal(SFStatement.java:198)
	at net.snowflake.client.core.SFStatement.executeQuery(SFStatement.java:135)
	at net.snowflake.client.core.SFStatement.execute(SFStatement.java:767)
	at net.snowflake.client.core.SFStatement.execute(SFStatement.java:677)
	at net.snowflake.client.jdbc.SnowflakeStatementV1.executeQueryInternal(SnowflakeStatementV1.java:238)
	at net.snowflake.client.jdbc.SnowflakePreparedStatementV1.executeQuery(SnowflakePreparedStatementV1.java:117)
	at net.snowflake.spark.snowflake.JDBCWrapper.$anonfun$executePreparedQueryInterruptibly$1(SnowflakeJDBCWrapper.scala:205)
	at net.snowflake.spark.snowflake.JDBCWrapper.$anonfun$executeInterruptibly$2(SnowflakeJDBCWrapper.scala:252)
	at scala.concurrent.Future$.$anonfun$apply$1(Future.scala:659)
	at scala.util.Success.$anonfun$map$1(Try.scala:255)
	at scala.util.Success.map(Try.scala:213)
	at scala.concurrent.Future.$anonfun$map$1(Future.scala:292)
	at scala.concurrent.impl.Promise.liftedTree1$1(Promise.scala:33)
	at scala.concurrent.impl.Promise.$anonfun$transform$1(Promise.scala:33)
	at scala.concurrent.impl.CallbackRunnable.run(Promise.scala:64)
	at java.base/java.util.concurrent.ThreadPoolExecutor.runWorker(ThreadPoolExecutor.java:1128)
	at java.base/java.util.concurrent.ThreadPoolExecutor$Worker.run(ThreadPoolExecutor.java:628)
	at java.base/java.lang.Thread.run(Thread.java:829)
; 91587)
[2025-06-09T07:55:52.134+0000] {local_task_job_runner.py:234} INFO - Task exited with return code 1
[2025-06-09T07:55:52.235+0000] {taskinstance.py:3280} INFO - 0 downstream tasks scheduled from follow-on schedule check
