[2025-06-11T10:38:29.114+0000] {taskinstance.py:1956} INFO - Dependencies all met for dep_context=non-requeueable deps ti=<TaskInstance: extract_postgres_table_to_parquet.run_extraction_eu scheduled__2025-06-10T02:00:00+00:00 [queued]>
[2025-06-11T10:38:29.122+0000] {taskinstance.py:1956} INFO - Dependencies all met for dep_context=requeueable deps ti=<TaskInstance: extract_postgres_table_to_parquet.run_extraction_eu scheduled__2025-06-10T02:00:00+00:00 [queued]>
[2025-06-11T10:38:29.122+0000] {taskinstance.py:2170} INFO - Starting attempt 1 of 1
[2025-06-11T10:38:29.135+0000] {taskinstance.py:2191} INFO - Executing <Task(_PythonDecoratedOperator): run_extraction_eu> on 2025-06-10 02:00:00+00:00
[2025-06-11T10:38:29.140+0000] {standard_task_runner.py:60} INFO - Started process 24740 to run task
[2025-06-11T10:38:29.143+0000] {standard_task_runner.py:87} INFO - Running: ['airflow', 'tasks', 'run', 'extract_postgres_table_to_parquet', 'run_extraction_eu', 'scheduled__2025-06-10T02:00:00+00:00', '--job-id', '1584', '--raw', '--subdir', 'DAGS_FOLDER/asia/landing.py', '--cfg-path', '/tmp/tmpnn89s0r1']
[2025-06-11T10:38:29.145+0000] {standard_task_runner.py:88} INFO - Job 1584: Subtask run_extraction_eu
[2025-06-11T10:38:29.217+0000] {task_command.py:423} INFO - Running <TaskInstance: extract_postgres_table_to_parquet.run_extraction_eu scheduled__2025-06-10T02:00:00+00:00 [running]> on host 0290689661db
[2025-06-11T10:38:29.331+0000] {taskinstance.py:2480} INFO - Exporting env vars: AIRFLOW_CTX_DAG_OWNER='airflow' AIRFLOW_CTX_DAG_ID='extract_postgres_table_to_parquet' AIRFLOW_CTX_TASK_ID='run_extraction_eu' AIRFLOW_CTX_EXECUTION_DATE='2025-06-10T02:00:00+00:00' AIRFLOW_CTX_TRY_NUMBER='1' AIRFLOW_CTX_DAG_RUN_ID='scheduled__2025-06-10T02:00:00+00:00'
[2025-06-11T10:38:29.332+0000] {logging_mixin.py:188} INFO - Starting extraction for table: categories in region: eu
[2025-06-11T10:38:29.332+0000] {logging_mixin.py:188} INFO - load_date:::::2025-06-11
[2025-06-11T10:38:43.883+0000] {logging_mixin.py:188} INFO - [INFO] Last loaded timestamp: 2025-06-11 02:14:31
[2025-06-11T10:38:46.594+0000] {logging_mixin.py:188} INFO - [INFO] No new records found in eu.categories
[2025-06-11T10:38:47.594+0000] {logging_mixin.py:188} INFO - Starting extraction for table: products in region: eu
[2025-06-11T10:38:47.594+0000] {logging_mixin.py:188} INFO - load_date:::::2025-06-11
[2025-06-11T10:38:49.941+0000] {logging_mixin.py:188} INFO - [INFO] Last loaded timestamp: 2025-06-11 02:14:31
[2025-06-11T10:38:50.889+0000] {logging_mixin.py:188} INFO - [INFO] No new records found in eu.products
[2025-06-11T10:38:51.889+0000] {logging_mixin.py:188} INFO - Starting extraction for table: product_variants in region: eu
[2025-06-11T10:38:51.890+0000] {logging_mixin.py:188} INFO - load_date:::::2025-06-11
[2025-06-11T10:38:54.108+0000] {logging_mixin.py:188} INFO - [INFO] Last loaded timestamp: 2025-06-11 02:14:31
[2025-06-11T10:38:55.519+0000] {logging_mixin.py:188} INFO - [INFO] No new records found in eu.product_variants
[2025-06-11T10:38:56.505+0000] {logging_mixin.py:188} INFO - Starting extraction for table: inventory in region: eu
[2025-06-11T10:38:56.505+0000] {logging_mixin.py:188} INFO - load_date:::::2025-06-11
[2025-06-11T10:38:59.450+0000] {logging_mixin.py:188} INFO - [INFO] Last loaded timestamp: 2025-06-11 02:14:31
[2025-06-11T10:39:00.695+0000] {logging_mixin.py:188} INFO - [INFO] No new records found in eu.inventory
[2025-06-11T10:39:01.681+0000] {logging_mixin.py:188} INFO - Starting extraction for table: customers in region: eu
[2025-06-11T10:39:01.681+0000] {logging_mixin.py:188} INFO - load_date:::::2025-06-11
[2025-06-11T10:39:04.081+0000] {logging_mixin.py:188} INFO - [INFO] Last loaded timestamp: 2025-06-11 02:14:31
[2025-06-11T10:39:05.302+0000] {logging_mixin.py:188} INFO - [INFO] No new records found in eu.customers
[2025-06-11T10:39:06.296+0000] {logging_mixin.py:188} INFO - Starting extraction for table: customer_addresses in region: eu
[2025-06-11T10:39:06.296+0000] {logging_mixin.py:188} INFO - load_date:::::2025-06-11
[2025-06-11T10:39:08.525+0000] {logging_mixin.py:188} INFO - [INFO] Last loaded timestamp: 2025-06-11 02:14:31
[2025-06-11T10:39:09.098+0000] {logging_mixin.py:188} INFO - [INFO] No new records found in eu.customer_addresses
[2025-06-11T10:39:10.095+0000] {logging_mixin.py:188} INFO - Starting extraction for table: marketing_campaigns in region: eu
[2025-06-11T10:39:10.095+0000] {logging_mixin.py:188} INFO - load_date:::::2025-06-11
[2025-06-11T10:39:11.820+0000] {logging_mixin.py:188} INFO - [INFO] Last loaded timestamp: 2025-06-11 02:14:31
[2025-06-11T10:39:12.332+0000] {logging_mixin.py:188} INFO - [INFO] No new records found in eu.marketing_campaigns
[2025-06-11T10:39:13.322+0000] {logging_mixin.py:188} INFO - Starting extraction for table: discounts in region: eu
[2025-06-11T10:39:13.322+0000] {logging_mixin.py:188} INFO - load_date:::::2025-06-11
[2025-06-11T10:39:15.016+0000] {logging_mixin.py:188} INFO - [INFO] Last loaded timestamp: 2025-06-11 02:14:31
[2025-06-11T10:39:15.461+0000] {logging_mixin.py:188} INFO - [INFO] No new records found in eu.discounts
[2025-06-11T10:39:16.457+0000] {logging_mixin.py:188} INFO - Starting extraction for table: shopping_carts in region: eu
[2025-06-11T10:39:16.457+0000] {logging_mixin.py:188} INFO - load_date:::::2025-06-11
[2025-06-11T10:39:17.968+0000] {logging_mixin.py:188} INFO - [INFO] Last loaded timestamp: 2025-06-11 02:14:31
[2025-06-11T10:39:18.365+0000] {logging_mixin.py:188} INFO - [INFO] No new records found in eu.shopping_carts
[2025-06-11T10:39:19.364+0000] {logging_mixin.py:188} INFO - Starting extraction for table: cart_items in region: eu
[2025-06-11T10:39:19.364+0000] {logging_mixin.py:188} INFO - load_date:::::2025-06-11
[2025-06-11T10:39:20.997+0000] {logging_mixin.py:188} INFO - [INFO] Last loaded timestamp: 2025-06-11 02:14:31
[2025-06-11T10:39:21.495+0000] {logging_mixin.py:188} INFO - [INFO] No new records found in eu.cart_items
[2025-06-11T10:39:22.495+0000] {logging_mixin.py:188} INFO - Starting extraction for table: orders in region: eu
[2025-06-11T10:39:22.495+0000] {logging_mixin.py:188} INFO - load_date:::::2025-06-11
[2025-06-11T10:39:23.909+0000] {logging_mixin.py:188} INFO - [INFO] Last loaded timestamp: 2025-06-11 02:14:31
[2025-06-11T10:39:24.370+0000] {logging_mixin.py:188} INFO - [INFO] No new records found in eu.orders
[2025-06-11T10:39:25.372+0000] {logging_mixin.py:188} INFO - Starting extraction for table: order_items in region: eu
[2025-06-11T10:39:25.372+0000] {logging_mixin.py:188} INFO - load_date:::::2025-06-11
[2025-06-11T10:39:26.828+0000] {logging_mixin.py:188} INFO - [INFO] Last loaded timestamp: 2025-06-11 02:14:31
[2025-06-11T10:39:27.262+0000] {logging_mixin.py:188} INFO - [INFO] No new records found in eu.order_items
[2025-06-11T10:39:28.265+0000] {logging_mixin.py:188} INFO - Starting extraction for table: shipments in region: eu
[2025-06-11T10:39:28.266+0000] {logging_mixin.py:188} INFO - load_date:::::2025-06-11
[2025-06-11T10:39:29.960+0000] {logging_mixin.py:188} INFO - [INFO] Last loaded timestamp: 2025-06-11 02:14:31
[2025-06-11T10:39:30.353+0000] {logging_mixin.py:188} INFO - [INFO] No new records found in eu.shipments
[2025-06-11T10:39:31.353+0000] {logging_mixin.py:188} INFO - Starting extraction for table: returns in region: eu
[2025-06-11T10:39:31.353+0000] {logging_mixin.py:188} INFO - load_date:::::2025-06-11
[2025-06-11T10:39:32.740+0000] {logging_mixin.py:188} INFO - [INFO] Last loaded timestamp: 2025-06-11 02:14:31
[2025-06-11T10:39:33.121+0000] {logging_mixin.py:188} INFO - [INFO] No new records found in eu.returns
[2025-06-11T10:39:34.121+0000] {logging_mixin.py:188} INFO - Starting extraction for table: product_reviews in region: eu
[2025-06-11T10:39:34.121+0000] {logging_mixin.py:188} INFO - load_date:::::2025-06-11
[2025-06-11T10:39:35.714+0000] {logging_mixin.py:188} INFO - [INFO] Last loaded timestamp: 2025-06-11 02:14:31
[2025-06-11T10:39:36.104+0000] {logging_mixin.py:188} INFO - [INFO] No new records found in eu.product_reviews
[2025-06-11T10:39:37.104+0000] {logging_mixin.py:188} INFO - Starting extraction for table: payments in region: eu
[2025-06-11T10:39:37.105+0000] {logging_mixin.py:188} INFO - load_date:::::2025-06-11
[2025-06-11T10:39:39.118+0000] {logging_mixin.py:188} INFO - [INFO] Last loaded timestamp: 2025-06-11 02:14:31
[2025-06-11T10:39:39.707+0000] {logging_mixin.py:188} INFO - [INFO] No new records found in eu.payments
[2025-06-11T10:39:40.709+0000] {logging_mixin.py:188} INFO - Starting extraction for table: wishlists in region: eu
[2025-06-11T10:39:40.709+0000] {logging_mixin.py:188} INFO - load_date:::::2025-06-11
[2025-06-11T10:39:42.248+0000] {logging_mixin.py:188} INFO - [INFO] Last loaded timestamp: 2025-06-11 02:14:31
[2025-06-11T10:39:42.645+0000] {logging_mixin.py:188} INFO - [INFO] No new records found in eu.wishlists
[2025-06-11T10:39:43.645+0000] {python.py:201} INFO - Done. Returned value was: None
[2025-06-11T10:39:43.659+0000] {taskinstance.py:1138} INFO - Marking task as SUCCESS. dag_id=extract_postgres_table_to_parquet, task_id=run_extraction_eu, execution_date=20250610T020000, start_date=20250611T103829, end_date=20250611T103943
[2025-06-11T10:39:43.712+0000] {local_task_job_runner.py:234} INFO - Task exited with return code 0
[2025-06-11T10:39:43.731+0000] {taskinstance.py:3280} INFO - 0 downstream tasks scheduled from follow-on schedule check
[2025-06-11T14:38:39.408+0000] {taskinstance.py:1956} INFO - Dependencies all met for dep_context=non-requeueable deps ti=<TaskInstance: extract_postgres_table_to_parquet.run_extraction_eu scheduled__2025-06-10T02:00:00+00:00 [queued]>
[2025-06-11T14:38:39.419+0000] {taskinstance.py:1956} INFO - Dependencies all met for dep_context=requeueable deps ti=<TaskInstance: extract_postgres_table_to_parquet.run_extraction_eu scheduled__2025-06-10T02:00:00+00:00 [queued]>
[2025-06-11T14:38:39.419+0000] {taskinstance.py:2170} INFO - Starting attempt 1 of 1
[2025-06-11T14:38:39.441+0000] {taskinstance.py:2191} INFO - Executing <Task(_PythonDecoratedOperator): run_extraction_eu> on 2025-06-10 02:00:00+00:00
[2025-06-11T14:38:39.449+0000] {standard_task_runner.py:60} INFO - Started process 1174 to run task
[2025-06-11T14:38:39.454+0000] {standard_task_runner.py:87} INFO - Running: ['airflow', 'tasks', 'run', 'extract_postgres_table_to_parquet', 'run_extraction_eu', 'scheduled__2025-06-10T02:00:00+00:00', '--job-id', '7', '--raw', '--subdir', 'DAGS_FOLDER/asia/landing.py', '--cfg-path', '/tmp/tmp2r0kko0r']
[2025-06-11T14:38:39.457+0000] {standard_task_runner.py:88} INFO - Job 7: Subtask run_extraction_eu
[2025-06-11T14:38:39.548+0000] {task_command.py:423} INFO - Running <TaskInstance: extract_postgres_table_to_parquet.run_extraction_eu scheduled__2025-06-10T02:00:00+00:00 [running]> on host 94d2ab00ac05
[2025-06-11T14:38:39.693+0000] {taskinstance.py:2480} INFO - Exporting env vars: AIRFLOW_CTX_DAG_OWNER='airflow' AIRFLOW_CTX_DAG_ID='extract_postgres_table_to_parquet' AIRFLOW_CTX_TASK_ID='run_extraction_eu' AIRFLOW_CTX_EXECUTION_DATE='2025-06-10T02:00:00+00:00' AIRFLOW_CTX_TRY_NUMBER='1' AIRFLOW_CTX_DAG_RUN_ID='scheduled__2025-06-10T02:00:00+00:00'
[2025-06-11T14:38:39.694+0000] {logging_mixin.py:188} INFO - Starting extraction for table: categories in region: eu
[2025-06-11T14:38:39.694+0000] {logging_mixin.py:188} INFO - load_date:::::2025-06-11
[2025-06-11T14:38:52.934+0000] {logging_mixin.py:188} INFO - Vector(spark://94d2ab00ac05:38473/jars/snowflake-jdbc-3.13.17.jar, spark://94d2ab00ac05:38473/jars/spark-snowflake_2.12-2.16.0-spark_3.2.jar, spark://94d2ab00ac05:38473/jars/postgresql-42.7.3.jar)
[2025-06-11T14:39:07.972+0000] {logging_mixin.py:188} INFO - [INFO] No data found in eu.categories
[2025-06-11T14:39:08.871+0000] {logging_mixin.py:188} INFO - Starting extraction for table: products in region: eu
[2025-06-11T14:39:08.872+0000] {logging_mixin.py:188} INFO - load_date:::::2025-06-11
[2025-06-11T14:39:10.825+0000] {logging_mixin.py:188} INFO - Vector(spark://94d2ab00ac05:33327/jars/snowflake-jdbc-3.13.17.jar, spark://94d2ab00ac05:33327/jars/spark-snowflake_2.12-2.16.0-spark_3.2.jar, spark://94d2ab00ac05:33327/jars/postgresql-42.7.3.jar)
[2025-06-11T14:39:14.576+0000] {logging_mixin.py:188} INFO - [INFO] No data found in eu.products
[2025-06-11T14:39:15.573+0000] {logging_mixin.py:188} INFO - Starting extraction for table: product_variants in region: eu
[2025-06-11T14:39:15.574+0000] {logging_mixin.py:188} INFO - load_date:::::2025-06-11
[2025-06-11T14:39:16.829+0000] {logging_mixin.py:188} INFO - Vector(spark://94d2ab00ac05:38913/jars/postgresql-42.7.3.jar, spark://94d2ab00ac05:38913/jars/spark-snowflake_2.12-2.16.0-spark_3.2.jar, spark://94d2ab00ac05:38913/jars/snowflake-jdbc-3.13.17.jar)
[2025-06-11T14:39:58.992+0000] {logging_mixin.py:188} INFO - [INFO] No data found in eu.product_variants
[2025-06-11T14:40:00.703+0000] {logging_mixin.py:188} INFO - Starting extraction for table: inventory in region: eu
[2025-06-11T14:40:00.708+0000] {logging_mixin.py:188} INFO - load_date:::::2025-06-11
[2025-06-11T14:40:02.956+0000] {logging_mixin.py:188} INFO - Vector(spark://94d2ab00ac05:35039/jars/spark-snowflake_2.12-2.16.0-spark_3.2.jar, spark://94d2ab00ac05:35039/jars/snowflake-jdbc-3.13.17.jar, spark://94d2ab00ac05:35039/jars/postgresql-42.7.3.jar)
[2025-06-11T14:40:09.340+0000] {logging_mixin.py:188} INFO - [INFO] No data found in eu.inventory
[2025-06-11T14:40:10.381+0000] {logging_mixin.py:188} INFO - Starting extraction for table: customers in region: eu
[2025-06-11T14:40:10.382+0000] {logging_mixin.py:188} INFO - load_date:::::2025-06-11
[2025-06-11T14:40:15.092+0000] {logging_mixin.py:188} INFO - Vector(spark://94d2ab00ac05:42409/jars/postgresql-42.7.3.jar, spark://94d2ab00ac05:42409/jars/snowflake-jdbc-3.13.17.jar, spark://94d2ab00ac05:42409/jars/spark-snowflake_2.12-2.16.0-spark_3.2.jar)
