[2025-06-11T15:04:44.780+0000] {taskinstance.py:1956} INFO - Dependencies all met for dep_context=non-requeueable deps ti=<TaskInstance: extract_postgres_table_to_parquet.run_extraction_eu scheduled__2025-06-10T02:00:00+00:00 [queued]>
[2025-06-11T15:04:44.810+0000] {taskinstance.py:1956} INFO - Dependencies all met for dep_context=requeueable deps ti=<TaskInstance: extract_postgres_table_to_parquet.run_extraction_eu scheduled__2025-06-10T02:00:00+00:00 [queued]>
[2025-06-11T15:04:44.811+0000] {taskinstance.py:2170} INFO - Starting attempt 3 of 1
[2025-06-11T15:04:44.891+0000] {taskinstance.py:2191} INFO - Executing <Task(_PythonDecoratedOperator): run_extraction_eu> on 2025-06-10 02:00:00+00:00
[2025-06-11T15:04:44.915+0000] {standard_task_runner.py:60} INFO - Started process 251 to run task
[2025-06-11T15:04:44.931+0000] {standard_task_runner.py:87} INFO - Running: ['airflow', 'tasks', 'run', 'extract_postgres_table_to_parquet', 'run_extraction_eu', 'scheduled__2025-06-10T02:00:00+00:00', '--job-id', '73', '--raw', '--subdir', 'DAGS_FOLDER/asia/landing.py', '--cfg-path', '/tmp/tmpamnynvle']
[2025-06-11T15:04:44.938+0000] {standard_task_runner.py:88} INFO - Job 73: Subtask run_extraction_eu
[2025-06-11T15:04:45.146+0000] {task_command.py:423} INFO - Running <TaskInstance: extract_postgres_table_to_parquet.run_extraction_eu scheduled__2025-06-10T02:00:00+00:00 [running]> on host 94d2ab00ac05
[2025-06-11T15:04:45.423+0000] {taskinstance.py:2480} INFO - Exporting env vars: AIRFLOW_CTX_DAG_OWNER='airflow' AIRFLOW_CTX_DAG_ID='extract_postgres_table_to_parquet' AIRFLOW_CTX_TASK_ID='run_extraction_eu' AIRFLOW_CTX_EXECUTION_DATE='2025-06-10T02:00:00+00:00' AIRFLOW_CTX_TRY_NUMBER='3' AIRFLOW_CTX_DAG_RUN_ID='scheduled__2025-06-10T02:00:00+00:00'
[2025-06-11T15:04:45.425+0000] {logging_mixin.py:188} INFO - Starting extraction for table: categories in region: eu
[2025-06-11T15:04:45.426+0000] {logging_mixin.py:188} INFO - load_date:::::2025-06-11
[2025-06-11T15:05:25.266+0000] {logging_mixin.py:188} INFO - Vector(spark://94d2ab00ac05:42037/jars/postgresql-42.7.3.jar, spark://94d2ab00ac05:42037/jars/spark-snowflake_2.12-2.16.0-spark_3.2.jar, spark://94d2ab00ac05:42037/jars/snowflake-jdbc-3.13.17.jar)
[2025-06-11T15:05:58.297+0000] {logging_mixin.py:188} INFO - [INFO] No data found in eu.categories
[2025-06-11T15:06:00.109+0000] {logging_mixin.py:188} INFO - Starting extraction for table: products in region: eu
[2025-06-11T15:06:00.110+0000] {logging_mixin.py:188} INFO - load_date:::::2025-06-11
[2025-06-11T15:06:02.502+0000] {logging_mixin.py:188} INFO - Vector(spark://94d2ab00ac05:38601/jars/snowflake-jdbc-3.13.17.jar, spark://94d2ab00ac05:38601/jars/postgresql-42.7.3.jar, spark://94d2ab00ac05:38601/jars/spark-snowflake_2.12-2.16.0-spark_3.2.jar)
[2025-06-11T15:06:18.093+0000] {logging_mixin.py:188} INFO - [INFO] No data found in eu.products
[2025-06-11T15:06:20.853+0000] {logging_mixin.py:188} INFO - Starting extraction for table: product_variants in region: eu
[2025-06-11T15:06:20.863+0000] {logging_mixin.py:188} INFO - load_date:::::2025-06-11
[2025-06-11T15:07:54.651+0000] {logging_mixin.py:188} INFO - Vector(spark://94d2ab00ac05:41405/jars/postgresql-42.7.3.jar, spark://94d2ab00ac05:41405/jars/snowflake-jdbc-3.13.17.jar, spark://94d2ab00ac05:41405/jars/spark-snowflake_2.12-2.16.0-spark_3.2.jar)
[2025-06-11T15:08:05.910+0000] {logging_mixin.py:188} INFO - [INFO] No data found in eu.product_variants
[2025-06-11T15:08:06.873+0000] {logging_mixin.py:188} INFO - Starting extraction for table: inventory in region: eu
[2025-06-11T15:08:06.888+0000] {logging_mixin.py:188} INFO - load_date:::::2025-06-11
[2025-06-11T15:08:08.162+0000] {logging_mixin.py:188} INFO - Vector(spark://94d2ab00ac05:35875/jars/snowflake-jdbc-3.13.17.jar, spark://94d2ab00ac05:35875/jars/postgresql-42.7.3.jar, spark://94d2ab00ac05:35875/jars/spark-snowflake_2.12-2.16.0-spark_3.2.jar)
[2025-06-11T15:08:11.882+0000] {logging_mixin.py:188} INFO - [INFO] No data found in eu.inventory
[2025-06-11T15:08:12.835+0000] {logging_mixin.py:188} INFO - Starting extraction for table: customers in region: eu
[2025-06-11T15:08:12.835+0000] {logging_mixin.py:188} INFO - load_date:::::2025-06-11
[2025-06-11T15:08:13.609+0000] {logging_mixin.py:188} INFO - Vector(spark://94d2ab00ac05:43981/jars/snowflake-jdbc-3.13.17.jar, spark://94d2ab00ac05:43981/jars/spark-snowflake_2.12-2.16.0-spark_3.2.jar, spark://94d2ab00ac05:43981/jars/postgresql-42.7.3.jar)
[2025-06-11T15:08:16.691+0000] {logging_mixin.py:188} INFO - [INFO] No data found in eu.customers
[2025-06-11T15:08:17.654+0000] {logging_mixin.py:188} INFO - Starting extraction for table: customer_addresses in region: eu
[2025-06-11T15:08:17.655+0000] {logging_mixin.py:188} INFO - load_date:::::2025-06-11
[2025-06-11T15:08:19.021+0000] {logging_mixin.py:188} INFO - Vector(spark://94d2ab00ac05:46747/jars/spark-snowflake_2.12-2.16.0-spark_3.2.jar, spark://94d2ab00ac05:46747/jars/postgresql-42.7.3.jar, spark://94d2ab00ac05:46747/jars/snowflake-jdbc-3.13.17.jar)
[2025-06-11T15:08:23.524+0000] {logging_mixin.py:188} INFO - [INFO] No data found in eu.customer_addresses
[2025-06-11T15:08:24.517+0000] {logging_mixin.py:188} INFO - Starting extraction for table: marketing_campaigns in region: eu
[2025-06-11T15:08:24.518+0000] {logging_mixin.py:188} INFO - load_date:::::2025-06-11
[2025-06-11T15:08:26.166+0000] {logging_mixin.py:188} INFO - Vector(spark://94d2ab00ac05:46801/jars/spark-snowflake_2.12-2.16.0-spark_3.2.jar, spark://94d2ab00ac05:46801/jars/snowflake-jdbc-3.13.17.jar, spark://94d2ab00ac05:46801/jars/postgresql-42.7.3.jar)
[2025-06-11T15:08:34.529+0000] {logging_mixin.py:188} INFO - [INFO] No data found in eu.marketing_campaigns
[2025-06-11T15:08:35.493+0000] {logging_mixin.py:188} INFO - Starting extraction for table: discounts in region: eu
[2025-06-11T15:08:35.494+0000] {logging_mixin.py:188} INFO - load_date:::::2025-06-11
[2025-06-11T15:08:38.277+0000] {logging_mixin.py:188} INFO - Vector(spark://94d2ab00ac05:40511/jars/snowflake-jdbc-3.13.17.jar, spark://94d2ab00ac05:40511/jars/spark-snowflake_2.12-2.16.0-spark_3.2.jar, spark://94d2ab00ac05:40511/jars/postgresql-42.7.3.jar)
[2025-06-11T15:08:43.775+0000] {logging_mixin.py:188} INFO - [INFO] No data found in eu.discounts
[2025-06-11T15:08:44.782+0000] {logging_mixin.py:188} INFO - Starting extraction for table: shopping_carts in region: eu
[2025-06-11T15:08:44.792+0000] {logging_mixin.py:188} INFO - load_date:::::2025-06-11
[2025-06-11T15:08:46.672+0000] {logging_mixin.py:188} INFO - Vector(spark://94d2ab00ac05:42967/jars/spark-snowflake_2.12-2.16.0-spark_3.2.jar, spark://94d2ab00ac05:42967/jars/postgresql-42.7.3.jar, spark://94d2ab00ac05:42967/jars/snowflake-jdbc-3.13.17.jar)
[2025-06-11T15:08:52.908+0000] {logging_mixin.py:188} INFO - [INFO] No data found in eu.shopping_carts
[2025-06-11T15:08:53.977+0000] {logging_mixin.py:188} INFO - Starting extraction for table: cart_items in region: eu
[2025-06-11T15:08:53.980+0000] {logging_mixin.py:188} INFO - load_date:::::2025-06-11
[2025-06-11T15:08:55.800+0000] {logging_mixin.py:188} INFO - Vector(spark://94d2ab00ac05:42737/jars/postgresql-42.7.3.jar, spark://94d2ab00ac05:42737/jars/spark-snowflake_2.12-2.16.0-spark_3.2.jar, spark://94d2ab00ac05:42737/jars/snowflake-jdbc-3.13.17.jar)
[2025-06-11T15:09:01.382+0000] {logging_mixin.py:188} INFO - [INFO] No data found in eu.cart_items
[2025-06-11T15:09:02.197+0000] {logging_mixin.py:188} INFO - Starting extraction for table: orders in region: eu
[2025-06-11T15:09:02.199+0000] {logging_mixin.py:188} INFO - load_date:::::2025-06-11
[2025-06-11T15:09:04.444+0000] {logging_mixin.py:188} INFO - Vector(spark://94d2ab00ac05:42273/jars/postgresql-42.7.3.jar, spark://94d2ab00ac05:42273/jars/spark-snowflake_2.12-2.16.0-spark_3.2.jar, spark://94d2ab00ac05:42273/jars/snowflake-jdbc-3.13.17.jar)
[2025-06-11T15:09:14.903+0000] {logging_mixin.py:188} INFO - [INFO] No data found in eu.orders
[2025-06-11T15:09:17.829+0000] {logging_mixin.py:188} INFO - Starting extraction for table: order_items in region: eu
[2025-06-11T15:09:17.831+0000] {logging_mixin.py:188} INFO - load_date:::::2025-06-11
[2025-06-11T15:09:19.107+0000] {logging_mixin.py:188} INFO - Vector(spark://94d2ab00ac05:43413/jars/snowflake-jdbc-3.13.17.jar, spark://94d2ab00ac05:43413/jars/postgresql-42.7.3.jar, spark://94d2ab00ac05:43413/jars/spark-snowflake_2.12-2.16.0-spark_3.2.jar)
[2025-06-11T15:09:25.951+0000] {logging_mixin.py:188} INFO - [INFO] No data found in eu.order_items
[2025-06-11T15:09:26.945+0000] {logging_mixin.py:188} INFO - Starting extraction for table: shipments in region: eu
[2025-06-11T15:09:26.946+0000] {logging_mixin.py:188} INFO - load_date:::::2025-06-11
[2025-06-11T15:09:28.497+0000] {logging_mixin.py:188} INFO - Vector(spark://94d2ab00ac05:36351/jars/spark-snowflake_2.12-2.16.0-spark_3.2.jar, spark://94d2ab00ac05:36351/jars/snowflake-jdbc-3.13.17.jar, spark://94d2ab00ac05:36351/jars/postgresql-42.7.3.jar)
[2025-06-11T15:09:35.914+0000] {logging_mixin.py:188} INFO - [INFO] No data found in eu.shipments
[2025-06-11T15:09:36.938+0000] {logging_mixin.py:188} INFO - Starting extraction for table: returns in region: eu
[2025-06-11T15:09:36.945+0000] {logging_mixin.py:188} INFO - load_date:::::2025-06-11
[2025-06-11T15:09:38.826+0000] {logging_mixin.py:188} INFO - Vector(spark://94d2ab00ac05:46717/jars/postgresql-42.7.3.jar, spark://94d2ab00ac05:46717/jars/spark-snowflake_2.12-2.16.0-spark_3.2.jar, spark://94d2ab00ac05:46717/jars/snowflake-jdbc-3.13.17.jar)
[2025-06-11T15:09:44.379+0000] {logging_mixin.py:188} INFO - [INFO] No data found in eu.returns
[2025-06-11T15:09:45.394+0000] {logging_mixin.py:188} INFO - Starting extraction for table: product_reviews in region: eu
[2025-06-11T15:09:45.429+0000] {logging_mixin.py:188} INFO - load_date:::::2025-06-11
[2025-06-11T15:09:47.027+0000] {logging_mixin.py:188} INFO - Vector(spark://94d2ab00ac05:41643/jars/snowflake-jdbc-3.13.17.jar, spark://94d2ab00ac05:41643/jars/spark-snowflake_2.12-2.16.0-spark_3.2.jar, spark://94d2ab00ac05:41643/jars/postgresql-42.7.3.jar)
[2025-06-11T15:09:54.213+0000] {logging_mixin.py:188} INFO - [INFO] No data found in eu.product_reviews
[2025-06-11T15:09:55.228+0000] {logging_mixin.py:188} INFO - Starting extraction for table: payments in region: eu
[2025-06-11T15:09:55.229+0000] {logging_mixin.py:188} INFO - load_date:::::2025-06-11
[2025-06-11T15:09:57.132+0000] {logging_mixin.py:188} INFO - Vector(spark://94d2ab00ac05:42743/jars/spark-snowflake_2.12-2.16.0-spark_3.2.jar, spark://94d2ab00ac05:42743/jars/postgresql-42.7.3.jar, spark://94d2ab00ac05:42743/jars/snowflake-jdbc-3.13.17.jar)
[2025-06-11T15:10:25.541+0000] {logging_mixin.py:188} INFO - [INFO] No data found in eu.payments
[2025-06-11T15:10:26.562+0000] {logging_mixin.py:188} INFO - Starting extraction for table: wishlists in region: eu
[2025-06-11T15:10:26.563+0000] {logging_mixin.py:188} INFO - load_date:::::2025-06-11
[2025-06-11T15:10:28.154+0000] {logging_mixin.py:188} INFO - Vector(spark://94d2ab00ac05:40887/jars/spark-snowflake_2.12-2.16.0-spark_3.2.jar, spark://94d2ab00ac05:40887/jars/snowflake-jdbc-3.13.17.jar, spark://94d2ab00ac05:40887/jars/postgresql-42.7.3.jar)
[2025-06-11T15:10:34.250+0000] {logging_mixin.py:188} INFO - [INFO] No data found in eu.wishlists
[2025-06-11T15:10:35.255+0000] {python.py:201} INFO - Done. Returned value was: None
[2025-06-11T15:10:36.274+0000] {taskinstance.py:1138} INFO - Marking task as SUCCESS. dag_id=extract_postgres_table_to_parquet, task_id=run_extraction_eu, execution_date=20250610T020000, start_date=20250611T150444, end_date=20250611T151036
[2025-06-11T15:10:36.900+0000] {local_task_job_runner.py:234} INFO - Task exited with return code 0
[2025-06-11T15:10:37.629+0000] {taskinstance.py:3280} INFO - 0 downstream tasks scheduled from follow-on schedule check
