[2025-06-08T15:31:12.588+0000] {taskinstance.py:1956} INFO - Dependencies all met for dep_context=non-requeueable deps ti=<TaskInstance: transform_customers_csv.run_transformation_asia manual__2025-06-08T15:31:10.466026+00:00 [queued]>
[2025-06-08T15:31:12.623+0000] {taskinstance.py:1956} INFO - Dependencies all met for dep_context=requeueable deps ti=<TaskInstance: transform_customers_csv.run_transformation_asia manual__2025-06-08T15:31:10.466026+00:00 [queued]>
[2025-06-08T15:31:12.625+0000] {taskinstance.py:2170} INFO - Starting attempt 1 of 1
[2025-06-08T15:31:12.687+0000] {taskinstance.py:2191} INFO - Executing <Task(_PythonDecoratedOperator): run_transformation_asia> on 2025-06-08 15:31:10.466026+00:00
[2025-06-08T15:31:12.704+0000] {standard_task_runner.py:60} INFO - Started process 136228 to run task
[2025-06-08T15:31:12.711+0000] {standard_task_runner.py:87} INFO - Running: ['airflow', 'tasks', 'run', 'transform_customers_csv', 'run_transformation_asia', 'manual__2025-06-08T15:31:10.466026+00:00', '--job-id', '461', '--raw', '--subdir', 'DAGS_FOLDER/staging/customer_to_staging.py', '--cfg-path', '/tmp/tmpjjm6t27d']
[2025-06-08T15:31:12.714+0000] {standard_task_runner.py:88} INFO - Job 461: Subtask run_transformation_asia
[2025-06-08T15:31:12.755+0000] {logging_mixin.py:188} WARNING - /home/airflow/.local/lib/python3.10/site-packages/airflow/settings.py:194 DeprecationWarning: The sql_alchemy_conn option in [core] has been moved to the sql_alchemy_conn option in [database] - the old setting has been used, but please update your config.
[2025-06-08T15:31:12.869+0000] {task_command.py:423} INFO - Running <TaskInstance: transform_customers_csv.run_transformation_asia manual__2025-06-08T15:31:10.466026+00:00 [running]> on host f7e9b9614623
[2025-06-08T15:31:13.143+0000] {taskinstance.py:2480} INFO - Exporting env vars: AIRFLOW_CTX_DAG_OWNER='airflow' AIRFLOW_CTX_DAG_ID='transform_customers_csv' AIRFLOW_CTX_TASK_ID='run_transformation_asia' AIRFLOW_CTX_EXECUTION_DATE='2025-06-08T15:31:10.466026+00:00' AIRFLOW_CTX_TRY_NUMBER='1' AIRFLOW_CTX_DAG_RUN_ID='manual__2025-06-08T15:31:10.466026+00:00'
[2025-06-08T15:31:13.149+0000] {logging_mixin.py:188} INFO - Starting transformation for table: customers in region: asia
[2025-06-08T15:31:22.177+0000] {logging_mixin.py:188} INFO - Reading data from: /opt/airflow/data/raw/region=asia/table=customers/load_date=2025-06-06/
[2025-06-08T15:31:34.440+0000] {logging_mixin.py:188} INFO - [INFO] Processing 25 records for asia
[2025-06-08T15:31:35.662+0000] {logging_mixin.py:188} INFO - Sample transformed data for asia:
[2025-06-08T15:31:42.340+0000] {logging_mixin.py:188} INFO - +-----------+-------------------------+----------+---------+------------+-------------------+------+-------------------+-------------------+----------------+-------------------+-------------------+-------+--------+
|customer_id|email                    |first_name|last_name|phone       |birth_date         |gender|registration_date  |last_login         |customer_segment|acquisition_channel|created_at         |_region|_source |
+-----------+-------------------------+----------+---------+------------+-------------------+------+-------------------+-------------------+----------------+-------------------+-------------------+-------+--------+
|1          |tanaka.yuki@email.jp     |Yuki      |Tanaka   |+81312345678|1985-04-12 00:00:00|Male  |2024-01-15 09:30:45|2024-02-20 14:25:30|premium         |organic            |2024-01-15 09:30:45|asia   |postgres|
|2          |sato.hanako@gmail.com    |Hanako    |Sato     |+81687654321|1990-07-22 00:00:00|Female|2024-01-16 00:00:00|2024-02-21 00:00:00|regular         |social_media       |2024-01-16 11:45:20|asia   |postgres|
|3          |suzuki.taro@yahoo.co.jp  |Taro      |Suzuki   |NULL        |1982-05-15 00:00:00|Male  |2024-01-17 00:00:00|2024-02-22 00:00:00|new             |referral           |2024-01-17 13:20:35|asia   |postgres|
|4          |yamada.keiko@hotmail.com |Keiko     |Yamada   |NULL        |NULL               |Female|NULL               |NULL               |regular         |paid_ads           |2024-01-18 15:35:10|asia   |postgres|
|5          |watanabe.akira@outlook.jp|Akira     |Watanabe |NULL        |1975-09-25 00:00:00|Male  |2024-01-19 00:00:00|2024-02-24 00:00:00|premium         |email_campaign     |2024-01-19 08:50:25|asia   |postgres|
+-----------+-------------------------+----------+---------+------------+-------------------+------+-------------------+-------------------+----------------+-------------------+-------------------+-------+--------+
only showing top 5 rows
[2025-06-08T15:31:42.341+0000] {logging_mixin.py:188} INFO - Writing transformed data to: /opt/airflow/data/staging/customers/region=asia/load_date=2025-06-06/
[2025-06-08T15:31:45.000+0000] {logging_mixin.py:188} INFO - Successfully transformed 25 records for asia
[2025-06-08T15:31:45.871+0000] {logging_mixin.py:188} INFO - Finished transformation for customers in region asia
[2025-06-08T15:31:45.883+0000] {python.py:201} INFO - Done. Returned value was: None
[2025-06-08T15:31:45.955+0000] {taskinstance.py:1138} INFO - Marking task as SUCCESS. dag_id=transform_customers_csv, task_id=run_transformation_asia, execution_date=20250608T153110, start_date=20250608T153112, end_date=20250608T153145
[2025-06-08T15:31:46.062+0000] {local_task_job_runner.py:234} INFO - Task exited with return code 0
[2025-06-08T15:31:46.156+0000] {taskinstance.py:3280} INFO - 0 downstream tasks scheduled from follow-on schedule check
