[2025-06-11T15:08:20.692+0000] {taskinstance.py:1956} INFO - Dependencies all met for dep_context=non-requeueable deps ti=<TaskInstance: multi_region_transform_staging_v2.process_region_asia.process_discounts_asia scheduled__2025-06-10T00:00:00+00:00 [queued]>
[2025-06-11T15:08:20.781+0000] {taskinstance.py:1956} INFO - Dependencies all met for dep_context=requeueable deps ti=<TaskInstance: multi_region_transform_staging_v2.process_region_asia.process_discounts_asia scheduled__2025-06-10T00:00:00+00:00 [queued]>
[2025-06-11T15:08:20.782+0000] {taskinstance.py:2170} INFO - Starting attempt 1 of 2
[2025-06-11T15:08:20.856+0000] {taskinstance.py:2191} INFO - Executing <Task(_PythonDecoratedOperator): process_region_asia.process_discounts_asia> on 2025-06-10 00:00:00+00:00
[2025-06-11T15:08:20.911+0000] {standard_task_runner.py:60} INFO - Started process 4012 to run task
[2025-06-11T15:08:20.934+0000] {standard_task_runner.py:87} INFO - Running: ['airflow', 'tasks', 'run', 'multi_region_transform_staging_v2', 'process_region_asia.process_discounts_asia', 'scheduled__2025-06-10T00:00:00+00:00', '--job-id', '88', '--raw', '--subdir', 'DAGS_FOLDER/master_dag.py', '--cfg-path', '/tmp/tmp3et6d_gr']
[2025-06-11T15:08:20.938+0000] {standard_task_runner.py:88} INFO - Job 88: Subtask process_region_asia.process_discounts_asia
[2025-06-11T15:08:21.368+0000] {task_command.py:423} INFO - Running <TaskInstance: multi_region_transform_staging_v2.process_region_asia.process_discounts_asia scheduled__2025-06-10T00:00:00+00:00 [running]> on host 94d2ab00ac05
[2025-06-11T15:08:21.734+0000] {taskinstance.py:2480} INFO - Exporting env vars: AIRFLOW_CTX_DAG_OWNER='data-team' AIRFLOW_CTX_DAG_ID='multi_region_transform_staging_v2' AIRFLOW_CTX_TASK_ID='process_region_asia.process_discounts_asia' AIRFLOW_CTX_EXECUTION_DATE='2025-06-10T00:00:00+00:00' AIRFLOW_CTX_TRY_NUMBER='1' AIRFLOW_CTX_DAG_RUN_ID='scheduled__2025-06-10T00:00:00+00:00'
[2025-06-11T15:08:56.983+0000] {logging_mixin.py:188} INFO - Debugggg::::Vector(spark://94d2ab00ac05:43707/jars/snowflake-jdbc-3.13.17.jar, spark://94d2ab00ac05:43707/jars/spark-snowflake_2.12-2.16.0-spark_3.2.jar)
[2025-06-11T15:08:57.183+0000] {logging_mixin.py:188} INFO - Processing discounts for region asia
[2025-06-11T15:08:58.849+0000] {logging_mixin.py:188} INFO - /opt/airflow/data/raw/region=asia/table=discounts/load_date=2025-06-11
[2025-06-11T15:10:29.716+0000] {logging_mixin.py:188} INFO - STAGING_ASIA
[2025-06-11T15:10:35.447+0000] {logging_mixin.py:188} INFO - +-----------+-------------+--------------------+-------------+--------------+--------------------+--------------------+-----------+-----------+-------------------+-------------------+---------+-------------------+-------+--------+
|discount_id|discount_code|       discount_name|discount_type|discount_value|minimum_order_amount|maximum_order_amount|usage_limit|usage_count|         start_date|           end_date|is_active|         created_at|_region| _source|
+-----------+-------------+--------------------+-------------+--------------+--------------------+--------------------+-----------+-----------+-------------------+-------------------+---------+-------------------+-------+--------+
|          1|    WELCOME10|New Customer Welcome|   percentage|          10.0|                34.0|                68.0|       1000|        234|2024-01-01 00:00:00|2024-12-31 00:00:00|     true|2024-02-25 11:50:35|   asia|postgres|
|          2|     SPRING25| Spring Sale 25% Off|   percentage|          25.0|                68.0|               136.0|        500|        156|2024-03-01 00:00:00|2024-03-31 00:00:00|    false|2024-02-26 00:00:00|   asia|postgres|
|          3|     FREESHIP|       Free Shipping|     shipping|           0.0|                54.4|                10.2|       2000|        567|2024-03-01 00:00:00|2024-12-31 00:00:00|     true|2024-02-27 00:00:00|   asia|postgres|
|          5|   BLACKFRI30|Black Friday 30% Off|   percentage|          30.0|               102.0|               204.0|       1000|        678|2024-11-25 00:00:00|2024-11-29 00:00:00|    false|2024-02-29 00:00:00|   asia|postgres|
|          6|    STUDENT15|    Student Discount|   percentage|          15.0|                20.4|               102.0|          0|        123|2024-01-01 00:00:00|2024-12-31 00:00:00|     true|2024-03-01 12:35:30|   asia|postgres|
|          7|      LOYAL25|Loyalty Member 25...|   percentage|          25.0|                68.0|               170.0|        500|        234|2024-01-01 00:00:00|2024-12-31 00:00:00|     true|2024-03-02 00:00:00|   asia|postgres|
|          8|     SUMMER20|      Summer Special|   percentage|          20.0|                54.4|                81.6|        750|        345|2024-06-01 00:00:00|2024-08-31 00:00:00|     true|2024-03-03 00:00:00|   asia|postgres|
|         10|    WEEKEND10|     Weekend Special|   percentage|          10.0|                40.8|                54.4|          0|        456|2024-01-01 00:00:00|2024-12-31 00:00:00|     true|2024-05-03 00:00:00|   asia|postgres|
+-----------+-------------+--------------------+-------------+--------------+--------------------+--------------------+-----------+-----------+-------------------+-------------------+---------+-------------------+-------+--------+
[2025-06-11T15:10:35.450+0000] {logging_mixin.py:188} INFO - Inserting into snowflake
[2025-06-11T15:10:46.681+0000] {local_task_job_runner.py:121} ERROR - Received SIGTERM. Terminating subprocesses
[2025-06-11T15:10:46.942+0000] {process_utils.py:131} INFO - Sending 15 to group 4012. PIDs of all processes in the group: [4090, 4012]
[2025-06-11T15:10:46.977+0000] {process_utils.py:86} INFO - Sending the signal 15 to group 4012
[2025-06-11T15:10:47.010+0000] {taskinstance.py:2450} ERROR - Received SIGTERM. Terminating subprocesses.
[2025-06-11T15:10:47.054+0000] {clientserver.py:538} INFO - Error while receiving.
Traceback (most recent call last):
  File "/home/airflow/.local/lib/python3.10/site-packages/py4j/clientserver.py", line 511, in send_command
    answer = smart_decode(self.stream.readline()[:-1])
  File "/usr/local/lib/python3.10/socket.py", line 705, in readinto
    return self._sock.recv_into(b)
  File "/home/airflow/.local/lib/python3.10/site-packages/airflow/models/taskinstance.py", line 2452, in signal_handler
    raise AirflowException("Task received SIGTERM signal")
airflow.exceptions.AirflowException: Task received SIGTERM signal
[2025-06-11T15:10:47.093+0000] {clientserver.py:543} INFO - Closing down clientserver connection
[2025-06-11T15:10:47.098+0000] {java_gateway.py:1055} ERROR - Exception while sending command.
Traceback (most recent call last):
  File "/home/airflow/.local/lib/python3.10/site-packages/py4j/clientserver.py", line 511, in send_command
    answer = smart_decode(self.stream.readline()[:-1])
  File "/usr/local/lib/python3.10/socket.py", line 705, in readinto
    return self._sock.recv_into(b)
  File "/home/airflow/.local/lib/python3.10/site-packages/airflow/models/taskinstance.py", line 2452, in signal_handler
    raise AirflowException("Task received SIGTERM signal")
airflow.exceptions.AirflowException: Task received SIGTERM signal

During handling of the above exception, another exception occurred:

Traceback (most recent call last):
  File "/home/airflow/.local/lib/python3.10/site-packages/py4j/java_gateway.py", line 1038, in send_command
    response = connection.send_command(command)
  File "/home/airflow/.local/lib/python3.10/site-packages/py4j/clientserver.py", line 539, in send_command
    raise Py4JNetworkError(
py4j.protocol.Py4JNetworkError: Error while sending or receiving
[2025-06-11T15:10:47.106+0000] {clientserver.py:543} INFO - Closing down clientserver connection
[2025-06-11T15:10:47.124+0000] {logging_mixin.py:188} INFO - Error processing discounts for asia: An error occurred while calling o179.save
[2025-06-11T15:10:47.541+0000] {taskinstance.py:2698} ERROR - Task failed with exception
Traceback (most recent call last):
  File "/home/airflow/.local/lib/python3.10/site-packages/airflow/models/taskinstance.py", line 433, in _execute_task
    result = execute_callable(context=context, **execute_callable_kwargs)
  File "/home/airflow/.local/lib/python3.10/site-packages/airflow/decorators/base.py", line 241, in execute
    return_value = super().execute(context)
  File "/home/airflow/.local/lib/python3.10/site-packages/airflow/operators/python.py", line 199, in execute
    return_value = self.execute_callable()
  File "/home/airflow/.local/lib/python3.10/site-packages/airflow/operators/python.py", line 216, in execute_callable
    return self.python_callable(*self.op_args, **self.op_kwargs)
  File "/opt/airflow/dags/master_dag.py", line 283, in process_table
    write_to_snowflake(
  File "/opt/airflow/dags/master_dag.py", line 273, in write_to_snowflake
    ).mode("overwrite").save()
  File "/home/airflow/.local/lib/python3.10/site-packages/pyspark/sql/readwriter.py", line 1461, in save
    self._jwrite.save()
  File "/home/airflow/.local/lib/python3.10/site-packages/py4j/java_gateway.py", line 1322, in __call__
    return_value = get_return_value(
  File "/home/airflow/.local/lib/python3.10/site-packages/pyspark/errors/exceptions/captured.py", line 179, in deco
    return f(*a, **kw)
  File "/home/airflow/.local/lib/python3.10/site-packages/py4j/protocol.py", line 334, in get_return_value
    raise Py4JError(
py4j.protocol.Py4JError: An error occurred while calling o179.save
[2025-06-11T15:10:47.795+0000] {taskinstance.py:1138} INFO - Marking task as UP_FOR_RETRY. dag_id=multi_region_transform_staging_v2, task_id=process_region_asia.process_discounts_asia, execution_date=20250610T000000, start_date=20250611T150820, end_date=20250611T151047
[2025-06-11T15:10:48.012+0000] {standard_task_runner.py:107} ERROR - Failed to execute job 88 for task process_region_asia.process_discounts_asia (An error occurred while calling o179.save; 4012)
[2025-06-11T15:10:48.573+0000] {process_utils.py:79} INFO - Process psutil.Process(pid=4012, status='terminated', exitcode=1, started='15:08:20') (4012) terminated with exit code 1
[2025-06-11T15:10:49.275+0000] {local_task_job_runner.py:121} ERROR - Received SIGTERM. Terminating subprocesses
[2025-06-11T15:10:49.277+0000] {standard_task_runner.py:175} ERROR - Job 88 was killed before it finished (likely due to running out of memory)
