[2025-06-10T12:39:39.044+0000] {taskinstance.py:1956} INFO - Dependencies all met for dep_context=non-requeueable deps ti=<TaskInstance: marketing_performance_to_snowflake.process_marketing_data scheduled__2025-06-09T00:00:00+00:00 [queued]>
[2025-06-10T12:39:39.052+0000] {taskinstance.py:1956} INFO - Dependencies all met for dep_context=requeueable deps ti=<TaskInstance: marketing_performance_to_snowflake.process_marketing_data scheduled__2025-06-09T00:00:00+00:00 [queued]>
[2025-06-10T12:39:39.053+0000] {taskinstance.py:2170} INFO - Starting attempt 1 of 2
[2025-06-10T12:39:39.064+0000] {taskinstance.py:2191} INFO - Executing <Task(_PythonDecoratedOperator): process_marketing_data> on 2025-06-09 00:00:00+00:00
[2025-06-10T12:39:39.072+0000] {standard_task_runner.py:60} INFO - Started process 1053 to run task
[2025-06-10T12:39:39.074+0000] {standard_task_runner.py:87} INFO - Running: ['airflow', 'tasks', 'run', 'marketing_performance_to_snowflake', 'process_marketing_data', 'scheduled__2025-06-09T00:00:00+00:00', '--job-id', '1090', '--raw', '--subdir', 'DAGS_FOLDER/csv_to_snowflake_dag.py', '--cfg-path', '/tmp/tmpjheahzho']
[2025-06-10T12:39:39.075+0000] {standard_task_runner.py:88} INFO - Job 1090: Subtask process_marketing_data
[2025-06-10T12:39:39.109+0000] {logging_mixin.py:188} WARNING - /home/airflow/.local/lib/python3.10/site-packages/airflow/settings.py:194 DeprecationWarning: The sql_alchemy_conn option in [core] has been moved to the sql_alchemy_conn option in [database] - the old setting has been used, but please update your config.
[2025-06-10T12:39:39.148+0000] {task_command.py:423} INFO - Running <TaskInstance: marketing_performance_to_snowflake.process_marketing_data scheduled__2025-06-09T00:00:00+00:00 [running]> on host 2a1e0c00bfff
[2025-06-10T12:39:39.372+0000] {taskinstance.py:2480} INFO - Exporting env vars: AIRFLOW_CTX_DAG_OWNER='data-team' AIRFLOW_CTX_DAG_ID='marketing_performance_to_snowflake' AIRFLOW_CTX_TASK_ID='process_marketing_data' AIRFLOW_CTX_EXECUTION_DATE='2025-06-09T00:00:00+00:00' AIRFLOW_CTX_TRY_NUMBER='1' AIRFLOW_CTX_DAG_RUN_ID='scheduled__2025-06-09T00:00:00+00:00'
[2025-06-10T12:39:39.373+0000] {logging_mixin.py:188} INFO - Starting marketing performance data processing for date: 2025-06-08
[2025-06-10T12:39:46.334+0000] {logging_mixin.py:188} INFO - Processing csv for region 2025-06-08
[2025-06-10T12:39:46.334+0000] {logging_mixin.py:188} INFO - Error processing marketing data: local variable 'input_path' referenced before assignment
[2025-06-10T12:39:46.335+0000] {taskinstance.py:2698} ERROR - Task failed with exception
Traceback (most recent call last):
  File "/home/airflow/.local/lib/python3.10/site-packages/airflow/models/taskinstance.py", line 433, in _execute_task
    result = execute_callable(context=context, **execute_callable_kwargs)
  File "/home/airflow/.local/lib/python3.10/site-packages/airflow/decorators/base.py", line 241, in execute
    return_value = super().execute(context)
  File "/home/airflow/.local/lib/python3.10/site-packages/airflow/operators/python.py", line 199, in execute
    return_value = self.execute_callable()
  File "/home/airflow/.local/lib/python3.10/site-packages/airflow/operators/python.py", line 216, in execute_callable
    return self.python_callable(*self.op_args, **self.op_kwargs)
  File "/opt/airflow/dags/csv_to_snowflake_dag.py", line 70, in process_marketing_data
    raise e
  File "/opt/airflow/dags/csv_to_snowflake_dag.py", line 65, in process_marketing_data
    load_csv_to_snowflake(load_date)
  File "/opt/airflow/scripts/pyspark_jobs/csv_to_ods.py", line 51, in load_csv_to_snowflake
    folders = os.listdir(input_path)
UnboundLocalError: local variable 'input_path' referenced before assignment
[2025-06-10T12:39:46.352+0000] {taskinstance.py:1138} INFO - Marking task as UP_FOR_RETRY. dag_id=marketing_performance_to_snowflake, task_id=process_marketing_data, execution_date=20250609T000000, start_date=20250610T123939, end_date=20250610T123946
[2025-06-10T12:39:46.373+0000] {standard_task_runner.py:107} ERROR - Failed to execute job 1090 for task process_marketing_data (local variable 'input_path' referenced before assignment; 1053)
[2025-06-10T12:39:46.408+0000] {local_task_job_runner.py:234} INFO - Task exited with return code 1
[2025-06-10T12:39:46.436+0000] {taskinstance.py:3280} INFO - 0 downstream tasks scheduled from follow-on schedule check
