[2025-06-03T08:49:12.969+0000] {taskinstance.py:1956} INFO - Dependencies all met for dep_context=non-requeueable deps ti=<TaskInstance: ingest_raw_data_asia.extract_asia_asia_categories manual__2025-06-03T08:49:12.073568+00:00 [queued]>
[2025-06-03T08:49:12.975+0000] {taskinstance.py:1956} INFO - Dependencies all met for dep_context=requeueable deps ti=<TaskInstance: ingest_raw_data_asia.extract_asia_asia_categories manual__2025-06-03T08:49:12.073568+00:00 [queued]>
[2025-06-03T08:49:12.976+0000] {taskinstance.py:2170} INFO - Starting attempt 1 of 2
[2025-06-03T08:49:13.001+0000] {taskinstance.py:2191} INFO - Executing <Task(BashOperator): extract_asia_asia_categories> on 2025-06-03 08:49:12.073568+00:00
[2025-06-03T08:49:13.004+0000] {standard_task_runner.py:60} INFO - Started process 1056 to run task
[2025-06-03T08:49:13.006+0000] {standard_task_runner.py:87} INFO - Running: ['airflow', 'tasks', 'run', 'ingest_raw_data_asia', 'extract_asia_asia_categories', 'manual__2025-06-03T08:49:12.073568+00:00', '--job-id', '303', '--raw', '--subdir', 'DAGS_FOLDER/asia/landing.py', '--cfg-path', '/tmp/tmpgpwwtaum']
[2025-06-03T08:49:13.007+0000] {standard_task_runner.py:88} INFO - Job 303: Subtask extract_asia_asia_categories
[2025-06-03T08:49:13.130+0000] {logging_mixin.py:188} WARNING - /home/airflow/.local/lib/python3.10/site-packages/airflow/settings.py:194 DeprecationWarning: The sql_alchemy_conn option in [core] has been moved to the sql_alchemy_conn option in [database] - the old setting has been used, but please update your config.
[2025-06-03T08:49:13.167+0000] {task_command.py:423} INFO - Running <TaskInstance: ingest_raw_data_asia.extract_asia_asia_categories manual__2025-06-03T08:49:12.073568+00:00 [running]> on host 86069ee61878
[2025-06-03T08:49:13.497+0000] {taskinstance.py:2480} INFO - Exporting env vars: AIRFLOW_CTX_DAG_OWNER='airflow' AIRFLOW_CTX_DAG_ID='ingest_raw_data_asia' AIRFLOW_CTX_TASK_ID='extract_asia_asia_categories' AIRFLOW_CTX_EXECUTION_DATE='2025-06-03T08:49:12.073568+00:00' AIRFLOW_CTX_TRY_NUMBER='1' AIRFLOW_CTX_DAG_RUN_ID='manual__2025-06-03T08:49:12.073568+00:00'
[2025-06-03T08:49:13.497+0000] {subprocess.py:63} INFO - Tmp dir root location: /tmp
[2025-06-03T08:49:13.498+0000] {subprocess.py:75} INFO - Running command: ['/usr/bin/bash', '-c', '\n                /usr/local/spark/bin/spark-submit                     --jars /opt/airflow/jars/postgresql-42.7.3.jar                     /opt/airflow/scripts/pyspark_jobs/extract_to_parquet.py                     "asia.categories" "jdbc:postgresql://retail-postgres:5432/retail_etl" "retail-etl" "retail_etl" "2025-06-03"\n            ']
[2025-06-03T08:49:13.504+0000] {subprocess.py:86} INFO - Output:
[2025-06-03T08:49:16.572+0000] {subprocess.py:93} INFO - 25/06/03 08:49:16 WARN NativeCodeLoader: Unable to load native-hadoop library for your platform... using builtin-java classes where applicable
[2025-06-03T08:49:18.287+0000] {subprocess.py:93} INFO - 25/06/03 08:49:18 INFO SparkContext: Running Spark version 3.5.6
[2025-06-03T08:49:18.287+0000] {subprocess.py:93} INFO - 25/06/03 08:49:18 INFO SparkContext: OS info Linux, 6.11.0-26-generic, amd64
[2025-06-03T08:49:18.288+0000] {subprocess.py:93} INFO - 25/06/03 08:49:18 INFO SparkContext: Java version 11.0.24
[2025-06-03T08:49:18.467+0000] {subprocess.py:93} INFO - 25/06/03 08:49:18 INFO ResourceUtils: ==============================================================
[2025-06-03T08:49:18.467+0000] {subprocess.py:93} INFO - 25/06/03 08:49:18 INFO ResourceUtils: No custom resources configured for spark.driver.
[2025-06-03T08:49:18.467+0000] {subprocess.py:93} INFO - 25/06/03 08:49:18 INFO ResourceUtils: ==============================================================
[2025-06-03T08:49:18.467+0000] {subprocess.py:93} INFO - 25/06/03 08:49:18 INFO SparkContext: Submitted application: Extract_asia_asia.categories
[2025-06-03T08:49:18.529+0000] {subprocess.py:93} INFO - 25/06/03 08:49:18 INFO ResourceProfile: Default ResourceProfile created, executor resources: Map(cores -> name: cores, amount: 1, script: , vendor: , memory -> name: memory, amount: 1024, script: , vendor: , offHeap -> name: offHeap, amount: 0, script: , vendor: ), task resources: Map(cpus -> name: cpus, amount: 1.0)
[2025-06-03T08:49:18.538+0000] {subprocess.py:93} INFO - 25/06/03 08:49:18 INFO ResourceProfile: Limiting resource is cpu
[2025-06-03T08:49:18.539+0000] {subprocess.py:93} INFO - 25/06/03 08:49:18 INFO ResourceProfileManager: Added ResourceProfile id: 0
[2025-06-03T08:49:18.657+0000] {subprocess.py:93} INFO - 25/06/03 08:49:18 INFO SecurityManager: Changing view acls to: airflow
[2025-06-03T08:49:18.657+0000] {subprocess.py:93} INFO - 25/06/03 08:49:18 INFO SecurityManager: Changing modify acls to: airflow
[2025-06-03T08:49:18.657+0000] {subprocess.py:93} INFO - 25/06/03 08:49:18 INFO SecurityManager: Changing view acls groups to:
[2025-06-03T08:49:18.658+0000] {subprocess.py:93} INFO - 25/06/03 08:49:18 INFO SecurityManager: Changing modify acls groups to:
[2025-06-03T08:49:18.658+0000] {subprocess.py:93} INFO - 25/06/03 08:49:18 INFO SecurityManager: SecurityManager: authentication disabled; ui acls disabled; users with view permissions: airflow; groups with view permissions: EMPTY; users with modify permissions: airflow; groups with modify permissions: EMPTY
[2025-06-03T08:49:18.885+0000] {subprocess.py:93} INFO - 25/06/03 08:49:18 INFO Utils: Successfully started service 'sparkDriver' on port 38435.
[2025-06-03T08:49:18.909+0000] {subprocess.py:93} INFO - 25/06/03 08:49:18 INFO SparkEnv: Registering MapOutputTracker
[2025-06-03T08:49:18.953+0000] {subprocess.py:93} INFO - 25/06/03 08:49:18 INFO SparkEnv: Registering BlockManagerMaster
[2025-06-03T08:49:18.975+0000] {subprocess.py:93} INFO - 25/06/03 08:49:18 INFO BlockManagerMasterEndpoint: Using org.apache.spark.storage.DefaultTopologyMapper for getting topology information
[2025-06-03T08:49:18.976+0000] {subprocess.py:93} INFO - 25/06/03 08:49:18 INFO BlockManagerMasterEndpoint: BlockManagerMasterEndpoint up
[2025-06-03T08:49:18.979+0000] {subprocess.py:93} INFO - 25/06/03 08:49:18 INFO SparkEnv: Registering BlockManagerMasterHeartbeat
[2025-06-03T08:49:18.995+0000] {subprocess.py:93} INFO - 25/06/03 08:49:18 INFO DiskBlockManager: Created local directory at /tmp/blockmgr-9c0c86b1-d605-484b-9606-f00d42522e6e
[2025-06-03T08:49:19.007+0000] {subprocess.py:93} INFO - 25/06/03 08:49:19 INFO MemoryStore: MemoryStore started with capacity 434.4 MiB
[2025-06-03T08:49:19.019+0000] {subprocess.py:93} INFO - 25/06/03 08:49:19 INFO SparkEnv: Registering OutputCommitCoordinator
[2025-06-03T08:49:19.151+0000] {subprocess.py:93} INFO - 25/06/03 08:49:19 INFO JettyUtils: Start Jetty 0.0.0.0:4040 for SparkUI
[2025-06-03T08:49:19.202+0000] {subprocess.py:93} INFO - 25/06/03 08:49:19 INFO Utils: Successfully started service 'SparkUI' on port 4040.
[2025-06-03T08:49:19.307+0000] {subprocess.py:93} INFO - 25/06/03 08:49:19 INFO SparkContext: Added JAR /opt/airflow/jars/postgresql-42.7.3.jar at spark://86069ee61878:38435/jars/postgresql-42.7.3.jar with timestamp 1748940558129
[2025-06-03T08:49:19.308+0000] {subprocess.py:93} INFO - 25/06/03 08:49:19 INFO SparkContext: Added JAR /opt/airflow/jars/snowflake-jdbc-3.13.17.jar at spark://86069ee61878:38435/jars/snowflake-jdbc-3.13.17.jar with timestamp 1748940558129
[2025-06-03T08:49:19.308+0000] {subprocess.py:93} INFO - 25/06/03 08:49:19 INFO SparkContext: Added JAR /opt/airflow/jars/spark-snowflake_2.12-2.16.0-spark_3.2.jar at spark://86069ee61878:38435/jars/spark-snowflake_2.12-2.16.0-spark_3.2.jar with timestamp 1748940558129
[2025-06-03T08:49:19.356+0000] {subprocess.py:93} INFO - 25/06/03 08:49:19 INFO Executor: Starting executor ID driver on host 86069ee61878
[2025-06-03T08:49:19.356+0000] {subprocess.py:93} INFO - 25/06/03 08:49:19 INFO Executor: OS info Linux, 6.11.0-26-generic, amd64
[2025-06-03T08:49:19.357+0000] {subprocess.py:93} INFO - 25/06/03 08:49:19 INFO Executor: Java version 11.0.24
[2025-06-03T08:49:19.362+0000] {subprocess.py:93} INFO - 25/06/03 08:49:19 INFO Executor: Starting executor with user classpath (userClassPathFirst = false): ''
[2025-06-03T08:49:19.362+0000] {subprocess.py:93} INFO - 25/06/03 08:49:19 INFO Executor: Created or updated repl class loader org.apache.spark.util.MutableURLClassLoader@e744e81 for default.
[2025-06-03T08:49:19.373+0000] {subprocess.py:93} INFO - 25/06/03 08:49:19 INFO Executor: Fetching spark://86069ee61878:38435/jars/snowflake-jdbc-3.13.17.jar with timestamp 1748940558129
[2025-06-03T08:49:19.552+0000] {subprocess.py:93} INFO - 25/06/03 08:49:19 INFO TransportClientFactory: Successfully created connection to 86069ee61878/172.19.0.3:38435 after 158 ms (0 ms spent in bootstraps)
[2025-06-03T08:49:19.612+0000] {subprocess.py:93} INFO - 25/06/03 08:49:19 INFO Utils: Fetching spark://86069ee61878:38435/jars/snowflake-jdbc-3.13.17.jar to /tmp/spark-20f24a18-bb46-4f8e-831d-3cab20ca828b/userFiles-e4257bab-bcd3-4b9d-a6f1-c0590176f612/fetchFileTemp2711515294738948411.tmp
[2025-06-03T08:49:19.940+0000] {subprocess.py:93} INFO - 25/06/03 08:49:19 INFO Executor: Adding file:/tmp/spark-20f24a18-bb46-4f8e-831d-3cab20ca828b/userFiles-e4257bab-bcd3-4b9d-a6f1-c0590176f612/snowflake-jdbc-3.13.17.jar to class loader default
[2025-06-03T08:49:19.941+0000] {subprocess.py:93} INFO - 25/06/03 08:49:19 INFO Executor: Fetching spark://86069ee61878:38435/jars/postgresql-42.7.3.jar with timestamp 1748940558129
[2025-06-03T08:49:19.941+0000] {subprocess.py:93} INFO - 25/06/03 08:49:19 INFO Utils: Fetching spark://86069ee61878:38435/jars/postgresql-42.7.3.jar to /tmp/spark-20f24a18-bb46-4f8e-831d-3cab20ca828b/userFiles-e4257bab-bcd3-4b9d-a6f1-c0590176f612/fetchFileTemp4152179595204965066.tmp
[2025-06-03T08:49:19.946+0000] {subprocess.py:93} INFO - 25/06/03 08:49:19 INFO Executor: Adding file:/tmp/spark-20f24a18-bb46-4f8e-831d-3cab20ca828b/userFiles-e4257bab-bcd3-4b9d-a6f1-c0590176f612/postgresql-42.7.3.jar to class loader default
[2025-06-03T08:49:19.946+0000] {subprocess.py:93} INFO - 25/06/03 08:49:19 INFO Executor: Fetching spark://86069ee61878:38435/jars/spark-snowflake_2.12-2.16.0-spark_3.2.jar with timestamp 1748940558129
[2025-06-03T08:49:19.947+0000] {subprocess.py:93} INFO - 25/06/03 08:49:19 INFO Utils: Fetching spark://86069ee61878:38435/jars/spark-snowflake_2.12-2.16.0-spark_3.2.jar to /tmp/spark-20f24a18-bb46-4f8e-831d-3cab20ca828b/userFiles-e4257bab-bcd3-4b9d-a6f1-c0590176f612/fetchFileTemp6380334196557350415.tmp
[2025-06-03T08:49:19.951+0000] {subprocess.py:93} INFO - 25/06/03 08:49:19 INFO Executor: Adding file:/tmp/spark-20f24a18-bb46-4f8e-831d-3cab20ca828b/userFiles-e4257bab-bcd3-4b9d-a6f1-c0590176f612/spark-snowflake_2.12-2.16.0-spark_3.2.jar to class loader default
[2025-06-03T08:49:19.958+0000] {subprocess.py:93} INFO - 25/06/03 08:49:19 INFO Utils: Successfully started service 'org.apache.spark.network.netty.NettyBlockTransferService' on port 33279.
[2025-06-03T08:49:19.958+0000] {subprocess.py:93} INFO - 25/06/03 08:49:19 INFO NettyBlockTransferService: Server created on 86069ee61878:33279
[2025-06-03T08:49:19.960+0000] {subprocess.py:93} INFO - 25/06/03 08:49:19 INFO BlockManager: Using org.apache.spark.storage.RandomBlockReplicationPolicy for block replication policy
[2025-06-03T08:49:19.964+0000] {subprocess.py:93} INFO - 25/06/03 08:49:19 INFO BlockManagerMaster: Registering BlockManager BlockManagerId(driver, 86069ee61878, 33279, None)
[2025-06-03T08:49:19.966+0000] {subprocess.py:93} INFO - 25/06/03 08:49:19 INFO BlockManagerMasterEndpoint: Registering block manager 86069ee61878:33279 with 434.4 MiB RAM, BlockManagerId(driver, 86069ee61878, 33279, None)
[2025-06-03T08:49:19.968+0000] {subprocess.py:93} INFO - 25/06/03 08:49:19 INFO BlockManagerMaster: Registered BlockManager BlockManagerId(driver, 86069ee61878, 33279, None)
[2025-06-03T08:49:19.968+0000] {subprocess.py:93} INFO - 25/06/03 08:49:19 INFO BlockManager: Initialized BlockManager: BlockManagerId(driver, 86069ee61878, 33279, None)
[2025-06-03T08:49:20.562+0000] {subprocess.py:93} INFO - 25/06/03 08:49:20 INFO SharedState: Setting hive.metastore.warehouse.dir ('null') to the value of spark.sql.warehouse.dir.
[2025-06-03T08:49:20.564+0000] {subprocess.py:93} INFO - 25/06/03 08:49:20 INFO SharedState: Warehouse path is 'file:/tmp/airflowtmpjp7vr2nr/spark-warehouse'.
[2025-06-03T08:49:22.483+0000] {subprocess.py:93} INFO - Traceback (most recent call last):
[2025-06-03T08:49:22.483+0000] {subprocess.py:93} INFO -   File "/opt/airflow/scripts/pyspark_jobs/extract_to_parquet.py", line 27, in <module>
[2025-06-03T08:49:22.483+0000] {subprocess.py:93} INFO -     .load()
[2025-06-03T08:49:22.483+0000] {subprocess.py:93} INFO -   File "/usr/local/spark/python/lib/pyspark.zip/pyspark/sql/readwriter.py", line 314, in load
[2025-06-03T08:49:22.484+0000] {subprocess.py:93} INFO -   File "/usr/local/spark/python/lib/py4j-0.10.9.7-src.zip/py4j/java_gateway.py", line 1322, in __call__
[2025-06-03T08:49:22.484+0000] {subprocess.py:93} INFO -   File "/usr/local/spark/python/lib/pyspark.zip/pyspark/errors/exceptions/captured.py", line 179, in deco
[2025-06-03T08:49:22.484+0000] {subprocess.py:93} INFO -   File "/usr/local/spark/python/lib/py4j-0.10.9.7-src.zip/py4j/protocol.py", line 326, in get_return_value
[2025-06-03T08:49:22.484+0000] {subprocess.py:93} INFO - py4j.protocol.Py4JJavaError: An error occurred while calling o33.load.
[2025-06-03T08:49:22.484+0000] {subprocess.py:93} INFO - : org.postgresql.util.PSQLException: FATAL: password authentication failed for user "retail-etl"
[2025-06-03T08:49:22.485+0000] {subprocess.py:93} INFO - 	at org.postgresql.core.v3.ConnectionFactoryImpl.doAuthentication(ConnectionFactoryImpl.java:698)
[2025-06-03T08:49:22.485+0000] {subprocess.py:93} INFO - 	at org.postgresql.core.v3.ConnectionFactoryImpl.tryConnect(ConnectionFactoryImpl.java:207)
[2025-06-03T08:49:22.485+0000] {subprocess.py:93} INFO - 	at org.postgresql.core.v3.ConnectionFactoryImpl.openConnectionImpl(ConnectionFactoryImpl.java:262)
[2025-06-03T08:49:22.485+0000] {subprocess.py:93} INFO - 	at org.postgresql.core.ConnectionFactory.openConnection(ConnectionFactory.java:54)
[2025-06-03T08:49:22.485+0000] {subprocess.py:93} INFO - 	at org.postgresql.jdbc.PgConnection.<init>(PgConnection.java:273)
[2025-06-03T08:49:22.486+0000] {subprocess.py:93} INFO - 	at org.postgresql.Driver.makeConnection(Driver.java:446)
[2025-06-03T08:49:22.486+0000] {subprocess.py:93} INFO - 	at org.postgresql.Driver.connect(Driver.java:298)
[2025-06-03T08:49:22.486+0000] {subprocess.py:93} INFO - 	at org.apache.spark.sql.execution.datasources.jdbc.connection.BasicConnectionProvider.getConnection(BasicConnectionProvider.scala:49)
[2025-06-03T08:49:22.486+0000] {subprocess.py:93} INFO - 	at org.apache.spark.sql.execution.datasources.jdbc.connection.ConnectionProviderBase.create(ConnectionProvider.scala:102)
[2025-06-03T08:49:22.486+0000] {subprocess.py:93} INFO - 	at org.apache.spark.sql.jdbc.JdbcDialect.$anonfun$createConnectionFactory$1(JdbcDialects.scala:161)
[2025-06-03T08:49:22.487+0000] {subprocess.py:93} INFO - 	at org.apache.spark.sql.jdbc.JdbcDialect.$anonfun$createConnectionFactory$1$adapted(JdbcDialects.scala:157)
[2025-06-03T08:49:22.487+0000] {subprocess.py:93} INFO - 	at org.apache.spark.sql.execution.datasources.jdbc.JDBCRDD$.getQueryOutputSchema(JDBCRDD.scala:63)
[2025-06-03T08:49:22.487+0000] {subprocess.py:93} INFO - 	at org.apache.spark.sql.execution.datasources.jdbc.JDBCRDD$.resolveTable(JDBCRDD.scala:58)
[2025-06-03T08:49:22.487+0000] {subprocess.py:93} INFO - 	at org.apache.spark.sql.execution.datasources.jdbc.JDBCRelation$.getSchema(JDBCRelation.scala:241)
[2025-06-03T08:49:22.488+0000] {subprocess.py:93} INFO - 	at org.apache.spark.sql.execution.datasources.jdbc.JdbcRelationProvider.createRelation(JdbcRelationProvider.scala:37)
[2025-06-03T08:49:22.488+0000] {subprocess.py:93} INFO - 	at org.apache.spark.sql.execution.datasources.DataSource.resolveRelation(DataSource.scala:346)
[2025-06-03T08:49:22.488+0000] {subprocess.py:93} INFO - 	at org.apache.spark.sql.DataFrameReader.loadV1Source(DataFrameReader.scala:229)
[2025-06-03T08:49:22.488+0000] {subprocess.py:93} INFO - 	at org.apache.spark.sql.DataFrameReader.$anonfun$load$2(DataFrameReader.scala:211)
[2025-06-03T08:49:22.488+0000] {subprocess.py:93} INFO - 	at scala.Option.getOrElse(Option.scala:189)
[2025-06-03T08:49:22.489+0000] {subprocess.py:93} INFO - 	at org.apache.spark.sql.DataFrameReader.load(DataFrameReader.scala:211)
[2025-06-03T08:49:22.489+0000] {subprocess.py:93} INFO - 	at org.apache.spark.sql.DataFrameReader.load(DataFrameReader.scala:172)
[2025-06-03T08:49:22.489+0000] {subprocess.py:93} INFO - 	at java.base/jdk.internal.reflect.NativeMethodAccessorImpl.invoke0(Native Method)
[2025-06-03T08:49:22.489+0000] {subprocess.py:93} INFO - 	at java.base/jdk.internal.reflect.NativeMethodAccessorImpl.invoke(NativeMethodAccessorImpl.java:62)
[2025-06-03T08:49:22.489+0000] {subprocess.py:93} INFO - 	at java.base/jdk.internal.reflect.DelegatingMethodAccessorImpl.invoke(DelegatingMethodAccessorImpl.java:43)
[2025-06-03T08:49:22.490+0000] {subprocess.py:93} INFO - 	at java.base/java.lang.reflect.Method.invoke(Method.java:566)
[2025-06-03T08:49:22.490+0000] {subprocess.py:93} INFO - 	at py4j.reflection.MethodInvoker.invoke(MethodInvoker.java:244)
[2025-06-03T08:49:22.490+0000] {subprocess.py:93} INFO - 	at py4j.reflection.ReflectionEngine.invoke(ReflectionEngine.java:374)
[2025-06-03T08:49:22.490+0000] {subprocess.py:93} INFO - 	at py4j.Gateway.invoke(Gateway.java:282)
[2025-06-03T08:49:22.490+0000] {subprocess.py:93} INFO - 	at py4j.commands.AbstractCommand.invokeMethod(AbstractCommand.java:132)
[2025-06-03T08:49:22.491+0000] {subprocess.py:93} INFO - 	at py4j.commands.CallCommand.execute(CallCommand.java:79)
[2025-06-03T08:49:22.491+0000] {subprocess.py:93} INFO - 	at py4j.ClientServerConnection.waitForCommands(ClientServerConnection.java:182)
[2025-06-03T08:49:22.491+0000] {subprocess.py:93} INFO - 	at py4j.ClientServerConnection.run(ClientServerConnection.java:106)
[2025-06-03T08:49:22.491+0000] {subprocess.py:93} INFO - 	at java.base/java.lang.Thread.run(Thread.java:829)
[2025-06-03T08:49:22.492+0000] {subprocess.py:93} INFO - 
[2025-06-03T08:49:22.521+0000] {subprocess.py:93} INFO - 25/06/03 08:49:22 INFO SparkContext: Invoking stop() from shutdown hook
[2025-06-03T08:49:22.522+0000] {subprocess.py:93} INFO - 25/06/03 08:49:22 INFO SparkContext: SparkContext is stopping with exitCode 0.
[2025-06-03T08:49:22.529+0000] {subprocess.py:93} INFO - 25/06/03 08:49:22 INFO SparkUI: Stopped Spark web UI at http://86069ee61878:4040
[2025-06-03T08:49:22.539+0000] {subprocess.py:93} INFO - 25/06/03 08:49:22 INFO MapOutputTrackerMasterEndpoint: MapOutputTrackerMasterEndpoint stopped!
[2025-06-03T08:49:22.548+0000] {subprocess.py:93} INFO - 25/06/03 08:49:22 INFO MemoryStore: MemoryStore cleared
[2025-06-03T08:49:22.548+0000] {subprocess.py:93} INFO - 25/06/03 08:49:22 INFO BlockManager: BlockManager stopped
[2025-06-03T08:49:22.555+0000] {subprocess.py:93} INFO - 25/06/03 08:49:22 INFO BlockManagerMaster: BlockManagerMaster stopped
[2025-06-03T08:49:22.558+0000] {subprocess.py:93} INFO - 25/06/03 08:49:22 INFO OutputCommitCoordinator$OutputCommitCoordinatorEndpoint: OutputCommitCoordinator stopped!
[2025-06-03T08:49:22.567+0000] {subprocess.py:93} INFO - 25/06/03 08:49:22 INFO SparkContext: Successfully stopped SparkContext
[2025-06-03T08:49:22.567+0000] {subprocess.py:93} INFO - 25/06/03 08:49:22 INFO ShutdownHookManager: Shutdown hook called
[2025-06-03T08:49:22.568+0000] {subprocess.py:93} INFO - 25/06/03 08:49:22 INFO ShutdownHookManager: Deleting directory /tmp/spark-160e8215-a527-4acc-8f95-051f5d3cc312
[2025-06-03T08:49:22.571+0000] {subprocess.py:93} INFO - 25/06/03 08:49:22 INFO ShutdownHookManager: Deleting directory /tmp/spark-20f24a18-bb46-4f8e-831d-3cab20ca828b
[2025-06-03T08:49:22.574+0000] {subprocess.py:93} INFO - 25/06/03 08:49:22 INFO ShutdownHookManager: Deleting directory /tmp/spark-20f24a18-bb46-4f8e-831d-3cab20ca828b/pyspark-ee727371-8885-4b64-a7ed-ed487d86a63d
[2025-06-03T08:49:22.613+0000] {subprocess.py:97} INFO - Command exited with return code 1
[2025-06-03T08:49:22.625+0000] {taskinstance.py:2698} ERROR - Task failed with exception
Traceback (most recent call last):
  File "/home/airflow/.local/lib/python3.10/site-packages/airflow/models/taskinstance.py", line 433, in _execute_task
    result = execute_callable(context=context, **execute_callable_kwargs)
  File "/home/airflow/.local/lib/python3.10/site-packages/airflow/operators/bash.py", line 212, in execute
    raise AirflowException(
airflow.exceptions.AirflowException: Bash command failed. The command returned a non-zero exit code 1.
[2025-06-03T08:49:22.627+0000] {taskinstance.py:1138} INFO - Marking task as UP_FOR_RETRY. dag_id=ingest_raw_data_asia, task_id=extract_asia_asia_categories, execution_date=20250603T084912, start_date=20250603T084912, end_date=20250603T084922
[2025-06-03T08:49:22.683+0000] {standard_task_runner.py:107} ERROR - Failed to execute job 303 for task extract_asia_asia_categories (Bash command failed. The command returned a non-zero exit code 1.; 1056)
[2025-06-03T08:49:22.720+0000] {local_task_job_runner.py:234} INFO - Task exited with return code 1
[2025-06-03T08:49:22.735+0000] {taskinstance.py:3280} INFO - 0 downstream tasks scheduled from follow-on schedule check
