[2025-06-11T10:36:43.982+0000] {taskinstance.py:1956} INFO - Dependencies all met for dep_context=non-requeueable deps ti=<TaskInstance: extract_postgres_table_to_parquet.run_extraction_asia manual__2025-06-11T10:32:11.318648+00:00 [queued]>
[2025-06-11T10:36:43.995+0000] {taskinstance.py:1956} INFO - Dependencies all met for dep_context=requeueable deps ti=<TaskInstance: extract_postgres_table_to_parquet.run_extraction_asia manual__2025-06-11T10:32:11.318648+00:00 [queued]>
[2025-06-11T10:36:43.996+0000] {taskinstance.py:2170} INFO - Starting attempt 1 of 1
[2025-06-11T10:36:44.016+0000] {taskinstance.py:2191} INFO - Executing <Task(_PythonDecoratedOperator): run_extraction_asia> on 2025-06-11 10:32:11.318648+00:00
[2025-06-11T10:36:44.021+0000] {standard_task_runner.py:60} INFO - Started process 17547 to run task
[2025-06-11T10:36:44.024+0000] {standard_task_runner.py:87} INFO - Running: ['airflow', 'tasks', 'run', 'extract_postgres_table_to_parquet', 'run_extraction_asia', 'manual__2025-06-11T10:32:11.318648+00:00', '--job-id', '1581', '--raw', '--subdir', 'DAGS_FOLDER/asia/landing.py', '--cfg-path', '/tmp/tmpbjfamhgd']
[2025-06-11T10:36:44.026+0000] {standard_task_runner.py:88} INFO - Job 1581: Subtask run_extraction_asia
[2025-06-11T10:36:44.114+0000] {task_command.py:423} INFO - Running <TaskInstance: extract_postgres_table_to_parquet.run_extraction_asia manual__2025-06-11T10:32:11.318648+00:00 [running]> on host 0290689661db
[2025-06-11T10:36:44.247+0000] {taskinstance.py:2480} INFO - Exporting env vars: AIRFLOW_CTX_DAG_OWNER='airflow' AIRFLOW_CTX_DAG_ID='extract_postgres_table_to_parquet' AIRFLOW_CTX_TASK_ID='run_extraction_asia' AIRFLOW_CTX_EXECUTION_DATE='2025-06-11T10:32:11.318648+00:00' AIRFLOW_CTX_TRY_NUMBER='1' AIRFLOW_CTX_DAG_RUN_ID='manual__2025-06-11T10:32:11.318648+00:00'
[2025-06-11T10:36:44.248+0000] {logging_mixin.py:188} INFO - Starting extraction for table: categories in region: asia
[2025-06-11T10:36:44.249+0000] {logging_mixin.py:188} INFO - load_date:::::2025-06-11
[2025-06-11T10:37:08.983+0000] {logging_mixin.py:188} INFO - [INFO] Last loaded timestamp: 2025-06-11 02:14:04
[2025-06-11T10:37:12.788+0000] {logging_mixin.py:188} INFO - [INFO] No new records found in asia.categories
[2025-06-11T10:37:13.768+0000] {logging_mixin.py:188} INFO - Starting extraction for table: products in region: asia
[2025-06-11T10:37:13.769+0000] {logging_mixin.py:188} INFO - load_date:::::2025-06-11
[2025-06-11T10:37:17.596+0000] {logging_mixin.py:188} INFO - [INFO] Last loaded timestamp: 2024-01-31 00:00:00
[2025-06-11T10:37:19.083+0000] {logging_mixin.py:188} INFO - [INFO] No new records found in asia.products
[2025-06-11T10:37:20.045+0000] {logging_mixin.py:188} INFO - Starting extraction for table: product_variants in region: asia
[2025-06-11T10:37:20.045+0000] {logging_mixin.py:188} INFO - load_date:::::2025-06-11
[2025-06-11T10:37:22.590+0000] {logging_mixin.py:188} INFO - [INFO] Last loaded timestamp: 2024-11-02 00:00:00
[2025-06-11T10:37:23.878+0000] {logging_mixin.py:188} INFO - [INFO] No new records found in asia.product_variants
[2025-06-11T10:37:24.885+0000] {logging_mixin.py:188} INFO - Starting extraction for table: inventory in region: asia
[2025-06-11T10:37:24.886+0000] {logging_mixin.py:188} INFO - load_date:::::2025-06-11
[2025-06-11T10:37:28.299+0000] {logging_mixin.py:188} INFO - [INFO] Last loaded timestamp: 2024-12-03 00:00:00
[2025-06-11T10:37:29.053+0000] {logging_mixin.py:188} INFO - [INFO] No new records found in asia.inventory
[2025-06-11T10:37:30.057+0000] {logging_mixin.py:188} INFO - Starting extraction for table: customers in region: asia
[2025-06-11T10:37:30.058+0000] {logging_mixin.py:188} INFO - load_date:::::2025-06-11
[2025-06-11T10:37:32.462+0000] {logging_mixin.py:188} INFO - [INFO] Last loaded timestamp: 2024-02-08 12:50:45
[2025-06-11T10:37:33.649+0000] {logging_mixin.py:188} INFO - [INFO] No new records found in asia.customers
[2025-06-11T10:37:34.632+0000] {logging_mixin.py:188} INFO - Starting extraction for table: customer_addresses in region: asia
[2025-06-11T10:37:34.633+0000] {logging_mixin.py:188} INFO - load_date:::::2025-06-11
[2025-06-11T10:37:37.619+0000] {logging_mixin.py:188} INFO - [INFO] Last loaded timestamp: 2025-06-11 02:14:04
[2025-06-11T10:37:38.624+0000] {logging_mixin.py:188} INFO - [INFO] No new records found in asia.customer_addresses
[2025-06-11T10:37:39.606+0000] {logging_mixin.py:188} INFO - Starting extraction for table: marketing_campaigns in region: asia
[2025-06-11T10:37:39.606+0000] {logging_mixin.py:188} INFO - load_date:::::2025-06-11
[2025-06-11T10:37:41.946+0000] {logging_mixin.py:188} INFO - [INFO] Last loaded timestamp: 2024-02-24 00:00:00
[2025-06-11T10:37:42.768+0000] {logging_mixin.py:188} INFO - [INFO] No new records found in asia.marketing_campaigns
[2025-06-11T10:37:43.782+0000] {logging_mixin.py:188} INFO - Starting extraction for table: discounts in region: asia
[2025-06-11T10:37:43.783+0000] {logging_mixin.py:188} INFO - load_date:::::2025-06-11
[2025-06-11T10:37:47.028+0000] {logging_mixin.py:188} INFO - [INFO] Last loaded timestamp: 2024-05-03 00:00:00
[2025-06-11T10:37:47.564+0000] {logging_mixin.py:188} INFO - [INFO] No new records found in asia.discounts
[2025-06-11T10:37:48.564+0000] {logging_mixin.py:188} INFO - Starting extraction for table: shopping_carts in region: asia
[2025-06-11T10:37:48.564+0000] {logging_mixin.py:188} INFO - load_date:::::2025-06-11
[2025-06-11T10:37:50.861+0000] {logging_mixin.py:188} INFO - [INFO] Last loaded timestamp: 2024-03-19 00:00:00
[2025-06-11T10:37:51.610+0000] {logging_mixin.py:188} INFO - [INFO] No new records found in asia.shopping_carts
[2025-06-11T10:37:52.613+0000] {logging_mixin.py:188} INFO - Starting extraction for table: cart_items in region: asia
[2025-06-11T10:37:52.614+0000] {logging_mixin.py:188} INFO - load_date:::::2025-06-11
[2025-06-11T10:37:54.331+0000] {logging_mixin.py:188} INFO - [INFO] Last loaded timestamp: 2024-03-19 08:50:15
[2025-06-11T10:37:54.770+0000] {logging_mixin.py:188} INFO - [INFO] No new records found in asia.cart_items
[2025-06-11T10:37:55.769+0000] {logging_mixin.py:188} INFO - Starting extraction for table: orders in region: asia
[2025-06-11T10:37:55.769+0000] {logging_mixin.py:188} INFO - load_date:::::2025-06-11
[2025-06-11T10:37:57.493+0000] {logging_mixin.py:188} INFO - [INFO] Last loaded timestamp: 2024-10-03 00:00:00
[2025-06-11T10:37:58.004+0000] {logging_mixin.py:188} INFO - [INFO] No new records found in asia.orders
[2025-06-11T10:37:59.003+0000] {logging_mixin.py:188} INFO - Starting extraction for table: order_items in region: asia
[2025-06-11T10:37:59.004+0000] {logging_mixin.py:188} INFO - load_date:::::2025-06-11
[2025-06-11T10:38:00.364+0000] {logging_mixin.py:188} INFO - [INFO] Last loaded timestamp: 2024-03-14 15:30:45
[2025-06-11T10:38:00.799+0000] {logging_mixin.py:188} INFO - [INFO] No new records found in asia.order_items
[2025-06-11T10:38:01.801+0000] {logging_mixin.py:188} INFO - Starting extraction for table: shipments in region: asia
[2025-06-11T10:38:01.801+0000] {logging_mixin.py:188} INFO - load_date:::::2025-06-11
[2025-06-11T10:38:03.390+0000] {logging_mixin.py:188} INFO - [INFO] Last loaded timestamp: 2024-10-03 00:00:00
[2025-06-11T10:38:03.821+0000] {logging_mixin.py:188} INFO - [INFO] No new records found in asia.shipments
[2025-06-11T10:38:04.819+0000] {logging_mixin.py:188} INFO - Starting extraction for table: returns in region: asia
[2025-06-11T10:38:04.820+0000] {logging_mixin.py:188} INFO - load_date:::::2025-06-11
[2025-06-11T10:38:06.464+0000] {logging_mixin.py:188} INFO - [INFO] Last loaded timestamp: 2024-03-16 00:00:00
[2025-06-11T10:38:06.933+0000] {logging_mixin.py:188} INFO - [INFO] No new records found in asia.returns
[2025-06-11T10:38:07.933+0000] {logging_mixin.py:188} INFO - Starting extraction for table: product_reviews in region: asia
[2025-06-11T10:38:07.933+0000] {logging_mixin.py:188} INFO - load_date:::::2025-06-11
[2025-06-11T10:38:09.690+0000] {logging_mixin.py:188} INFO - [INFO] Last loaded timestamp: 2025-06-11 02:14:04
[2025-06-11T10:38:10.359+0000] {logging_mixin.py:188} INFO - [INFO] No new records found in asia.product_reviews
[2025-06-11T10:38:11.347+0000] {logging_mixin.py:188} INFO - Starting extraction for table: payments in region: asia
[2025-06-11T10:38:11.347+0000] {logging_mixin.py:188} INFO - load_date:::::2025-06-11
[2025-06-11T10:38:12.977+0000] {logging_mixin.py:188} INFO - [INFO] Last loaded timestamp: 2024-09-03 00:00:00
[2025-06-11T10:38:13.300+0000] {logging_mixin.py:188} INFO - [INFO] No new records found in asia.payments
[2025-06-11T10:38:14.303+0000] {logging_mixin.py:188} INFO - Starting extraction for table: wishlists in region: asia
[2025-06-11T10:38:14.304+0000] {logging_mixin.py:188} INFO - load_date:::::2025-06-11
[2025-06-11T10:38:15.872+0000] {logging_mixin.py:188} INFO - [INFO] Last loaded timestamp: 2024-03-21 00:00:00
[2025-06-11T10:38:16.521+0000] {logging_mixin.py:188} INFO - [INFO] No new records found in asia.wishlists
[2025-06-11T10:38:17.545+0000] {python.py:201} INFO - Done. Returned value was: None
[2025-06-11T10:38:17.579+0000] {taskinstance.py:1138} INFO - Marking task as SUCCESS. dag_id=extract_postgres_table_to_parquet, task_id=run_extraction_asia, execution_date=20250611T103211, start_date=20250611T103643, end_date=20250611T103817
[2025-06-11T10:38:17.634+0000] {local_task_job_runner.py:234} INFO - Task exited with return code 0
[2025-06-11T10:38:17.680+0000] {taskinstance.py:3280} INFO - 0 downstream tasks scheduled from follow-on schedule check
