[2025-06-08T16:55:22.004+0000] {taskinstance.py:1956} INFO - Dependencies all met for dep_context=non-requeueable deps ti=<TaskInstance: master_transform_parallel_dag.trigger_transform_wishlists manual__2025-06-08T16:55:19.774172+00:00 [queued]>
[2025-06-08T16:55:22.095+0000] {taskinstance.py:1956} INFO - Dependencies all met for dep_context=requeueable deps ti=<TaskInstance: master_transform_parallel_dag.trigger_transform_wishlists manual__2025-06-08T16:55:19.774172+00:00 [queued]>
[2025-06-08T16:55:22.097+0000] {taskinstance.py:2170} INFO - Starting attempt 1 of 1
[2025-06-08T16:55:22.247+0000] {taskinstance.py:2191} INFO - Executing <Task(TriggerDagRunOperator): trigger_transform_wishlists> on 2025-06-08 16:55:19.774172+00:00
[2025-06-08T16:55:22.269+0000] {standard_task_runner.py:60} INFO - Started process 7275 to run task
[2025-06-08T16:55:22.275+0000] {standard_task_runner.py:87} INFO - Running: ['airflow', 'tasks', 'run', 'master_transform_parallel_dag', 'trigger_transform_wishlists', 'manual__2025-06-08T16:55:19.774172+00:00', '--job-id', '567', '--raw', '--subdir', 'DAGS_FOLDER/master_staging.py', '--cfg-path', '/tmp/tmpehf2xd6x']
[2025-06-08T16:55:22.280+0000] {standard_task_runner.py:88} INFO - Job 567: Subtask trigger_transform_wishlists
[2025-06-08T16:55:22.513+0000] {logging_mixin.py:188} WARNING - /home/airflow/.local/lib/python3.10/site-packages/airflow/settings.py:194 DeprecationWarning: The sql_alchemy_conn option in [core] has been moved to the sql_alchemy_conn option in [database] - the old setting has been used, but please update your config.
[2025-06-08T16:55:22.793+0000] {task_command.py:423} INFO - Running <TaskInstance: master_transform_parallel_dag.trigger_transform_wishlists manual__2025-06-08T16:55:19.774172+00:00 [running]> on host ca4d96b31043
[2025-06-08T16:55:23.411+0000] {taskinstance.py:2480} INFO - Exporting env vars: AIRFLOW_CTX_DAG_OWNER='airflow' AIRFLOW_CTX_DAG_ID='master_transform_parallel_dag' AIRFLOW_CTX_TASK_ID='trigger_transform_wishlists' AIRFLOW_CTX_EXECUTION_DATE='2025-06-08T16:55:19.774172+00:00' AIRFLOW_CTX_TRY_NUMBER='1' AIRFLOW_CTX_DAG_RUN_ID='manual__2025-06-08T16:55:19.774172+00:00'
[2025-06-08T16:55:23.572+0000] {taskinstance.py:2698} ERROR - Task failed with exception
Traceback (most recent call last):
  File "/home/airflow/.local/lib/python3.10/site-packages/airflow/models/taskinstance.py", line 433, in _execute_task
    result = execute_callable(context=context, **execute_callable_kwargs)
  File "/home/airflow/.local/lib/python3.10/site-packages/airflow/operators/trigger_dagrun.py", line 165, in execute
    dag_run = trigger_dag(
  File "/home/airflow/.local/lib/python3.10/site-packages/airflow/api/common/trigger_dag.py", line 122, in trigger_dag
    raise DagNotFound(f"Dag id {dag_id} not found in DagModel")
airflow.exceptions.DagNotFound: Dag id transform_wishlists not found in DagModel
[2025-06-08T16:55:23.587+0000] {taskinstance.py:1138} INFO - Marking task as FAILED. dag_id=master_transform_parallel_dag, task_id=trigger_transform_wishlists, execution_date=20250608T165519, start_date=20250608T165522, end_date=20250608T165523
[2025-06-08T16:55:23.620+0000] {standard_task_runner.py:107} ERROR - Failed to execute job 567 for task trigger_transform_wishlists (Dag id transform_wishlists not found in DagModel; 7275)
[2025-06-08T16:55:23.668+0000] {local_task_job_runner.py:234} INFO - Task exited with return code 1
[2025-06-08T16:55:23.826+0000] {taskinstance.py:3280} INFO - 0 downstream tasks scheduled from follow-on schedule check
