[2025-06-11T02:37:46.557+0000] {taskinstance.py:1956} INFO - Dependencies all met for dep_context=non-requeueable deps ti=<TaskInstance: multi_region_to_snowflake.process_region_eu.process_products_eu scheduled__2025-06-10T00:00:00+00:00 [queued]>
[2025-06-11T02:37:46.577+0000] {taskinstance.py:1956} INFO - Dependencies all met for dep_context=requeueable deps ti=<TaskInstance: multi_region_to_snowflake.process_region_eu.process_products_eu scheduled__2025-06-10T00:00:00+00:00 [queued]>
[2025-06-11T02:37:46.577+0000] {taskinstance.py:2170} INFO - Starting attempt 1 of 2
[2025-06-11T02:37:46.599+0000] {taskinstance.py:2191} INFO - Executing <Task(_PythonDecoratedOperator): process_region_eu.process_products_eu> on 2025-06-10 00:00:00+00:00
[2025-06-11T02:37:46.612+0000] {standard_task_runner.py:60} INFO - Started process 35606 to run task
[2025-06-11T02:37:46.616+0000] {standard_task_runner.py:87} INFO - Running: ['airflow', 'tasks', 'run', 'multi_region_to_snowflake', 'process_region_eu.process_products_eu', 'scheduled__2025-06-10T00:00:00+00:00', '--job-id', '1217', '--raw', '--subdir', 'DAGS_FOLDER/master_dag.py', '--cfg-path', '/tmp/tmpt005cdzb']
[2025-06-11T02:37:46.620+0000] {standard_task_runner.py:88} INFO - Job 1217: Subtask process_region_eu.process_products_eu
[2025-06-11T02:37:46.735+0000] {task_command.py:423} INFO - Running <TaskInstance: multi_region_to_snowflake.process_region_eu.process_products_eu scheduled__2025-06-10T00:00:00+00:00 [running]> on host 5039a2bbff84
[2025-06-11T02:37:47.059+0000] {taskinstance.py:2480} INFO - Exporting env vars: AIRFLOW_CTX_DAG_OWNER='data-team' AIRFLOW_CTX_DAG_ID='multi_region_to_snowflake' AIRFLOW_CTX_TASK_ID='process_region_eu.process_products_eu' AIRFLOW_CTX_EXECUTION_DATE='2025-06-10T00:00:00+00:00' AIRFLOW_CTX_TRY_NUMBER='1' AIRFLOW_CTX_DAG_RUN_ID='scheduled__2025-06-10T00:00:00+00:00'
[2025-06-11T02:38:00.542+0000] {logging_mixin.py:188} INFO - Processing products for region eu
[2025-06-11T02:38:14.898+0000] {logging_mixin.py:188} INFO - STAGING_EU
[2025-06-11T02:38:26.449+0000] {logging_mixin.py:188} INFO - +----------+----------------+------------------+--------------------+-----------+--------+--------+--------+---------+---------+--------+---------+-------------+---------+-------------------+-------------------+-------+--------+
|product_id|     product_sku|      product_name| product_description|category_id|base_eur|cost_eur|vat_rate|weight_kg|length_cm|width_cm|height_cm|energy_rating|is_active|         created_at|         updated_at|_region| _source|
+----------+----------------+------------------+--------------------+-----------+--------+--------+--------+---------+---------+--------+---------+-------------+---------+-------------------+-------------------+-------+--------+
|         1| EU-SKU-PHONE001|     Iphone 15 Pro|Latest Apple smar...|          2| 1199.99|  800.00|   19.00|     0.22|    15.90|    7.60|     0.83|         NULL|     true|2025-06-08 19:22:57|2025-06-08 19:22:57|     eu|postgres|
|         2|EU-SKU-LAPTOP001|    Macbook Air M2|Apple MacBook Air...|          3| 1299.99|  900.00|   19.00|     1.24|    30.41|   21.24|     1.13|          A++|     true|2025-06-08 19:22:57|2025-06-08 19:22:57|     eu|postgres|
|         3|  EU-SKU-GAME001|     Playstation 5|Sony PlayStation ...|          4|  499.99|  350.00|   19.00|     4.50|    39.00|   26.00|    10.40|            B|     true|2025-06-08 19:22:57|2025-06-08 19:22:57|     eu|postgres|
|         4| EU-SKU-SHIRT001|    Cotton T-shirt|Premium cotton t-...|          6|   29.99|   12.00|   19.00|     0.20|    30.00|   25.00|     2.00|         NULL|     true|2025-06-08 19:22:57|2025-06-08 19:22:57|     eu|postgres|
|         5| EU-SKU-DRESS001|      Summer Dress|Elegant summer dr...|          7|   89.99|   35.00|   19.00|     0.30|    40.00|   30.00|     3.00|         NULL|     true|2025-06-08 19:22:57|2025-06-08 19:22:57|     eu|postgres|
|         6|  EU-SKU-SOFA001|      Leather Sofa|Premium leather 3...|          9| 1599.99|  800.00|   19.00|    85.00|   220.00|   90.00|    85.00|         NULL|     true|2025-06-08 19:22:57|2025-06-08 19:22:57|     eu|postgres|
|         7|  EU-SKU-BOOK001|Data Privacy Guide|Complete guide to...|         10|   39.99|   15.00|    7.00|     0.50|    24.00|   17.00|     2.50|         NULL|     true|2025-06-08 19:22:57|2025-06-08 19:22:57|     eu|postgres|
|         8| EU-SKU-CREAM001|  Anti Aging Cream|Premium anti-agin...|         11|   79.99|   25.00|   19.00|     0.05|     8.00|    8.00|     6.00|         NULL|     true|2025-06-08 19:22:57|2025-06-08 19:22:57|     eu|postgres|
|         9|  EU-SKU-BIKE001|     Mountain Bike|Professional moun...|         12|  899.99|  450.00|   19.00|    15.50|   180.00|   65.00|   110.00|         NULL|     true|2025-06-08 19:22:57|2025-06-08 19:22:57|     eu|postgres|
|        10|   EU-SKU-TOY001|   Lego Castle Set|Medieval castle L...|         14|  149.99|   75.00|   19.00|     2.10|    35.00|   25.00|    15.00|         NULL|     true|2025-06-08 19:22:57|2025-06-08 19:22:57|     eu|postgres|
+----------+----------------+------------------+--------------------+-----------+--------+--------+--------+---------+---------+--------+---------+-------------+---------+-------------------+-------------------+-------+--------+
only showing top 10 rows
[2025-06-11T02:38:26.450+0000] {logging_mixin.py:188} INFO - Inserting into snowflake
[2025-06-11T02:38:40.538+0000] {logging_mixin.py:188} INFO - successfully inserted in snowflake
[2025-06-11T02:38:40.604+0000] {crypto.py:82} WARNING - empty cryptography key - values will not be stored encrypted.
[2025-06-11T02:38:42.701+0000] {logging_mixin.py:188} INFO - Successfully processed 30 records for products in eu
[2025-06-11T02:38:44.050+0000] {python.py:201} INFO - Done. Returned value was: {'region': 'eu', 'table': 'products', 'record_count': 30, 'status': 'success'}
[2025-06-11T02:38:44.150+0000] {taskinstance.py:1138} INFO - Marking task as SUCCESS. dag_id=multi_region_to_snowflake, task_id=process_region_eu.process_products_eu, execution_date=20250610T000000, start_date=20250611T023746, end_date=20250611T023844
[2025-06-11T02:38:44.302+0000] {local_task_job_runner.py:234} INFO - Task exited with return code 0
[2025-06-11T02:38:44.460+0000] {taskinstance.py:3280} INFO - 3 downstream tasks scheduled from follow-on schedule check
