[2025-06-09T11:24:44.459+0000] {taskinstance.py:1956} INFO - Dependencies all met for dep_context=non-requeueable deps ti=<TaskInstance: multi_region_to_snowflake.process_region_eu.process_products_eu scheduled__2025-06-08T00:00:00+00:00 [queued]>
[2025-06-09T11:24:44.480+0000] {taskinstance.py:1956} INFO - Dependencies all met for dep_context=requeueable deps ti=<TaskInstance: multi_region_to_snowflake.process_region_eu.process_products_eu scheduled__2025-06-08T00:00:00+00:00 [queued]>
[2025-06-09T11:24:44.480+0000] {taskinstance.py:2170} INFO - Starting attempt 1 of 2
[2025-06-09T11:24:44.515+0000] {taskinstance.py:2191} INFO - Executing <Task(_PythonDecoratedOperator): process_region_eu.process_products_eu> on 2025-06-08 00:00:00+00:00
[2025-06-09T11:24:44.537+0000] {standard_task_runner.py:60} INFO - Started process 12789 to run task
[2025-06-09T11:24:44.544+0000] {standard_task_runner.py:87} INFO - Running: ['airflow', 'tasks', 'run', 'multi_region_to_snowflake', 'process_region_eu.process_products_eu', 'scheduled__2025-06-08T00:00:00+00:00', '--job-id', '734', '--raw', '--subdir', 'DAGS_FOLDER/master_dag.py', '--cfg-path', '/tmp/tmpy71s62hg']
[2025-06-09T11:24:44.549+0000] {standard_task_runner.py:88} INFO - Job 734: Subtask process_region_eu.process_products_eu
[2025-06-09T11:24:44.688+0000] {task_command.py:423} INFO - Running <TaskInstance: multi_region_to_snowflake.process_region_eu.process_products_eu scheduled__2025-06-08T00:00:00+00:00 [running]> on host 7fa6630d536c
[2025-06-09T11:24:44.900+0000] {taskinstance.py:2480} INFO - Exporting env vars: AIRFLOW_CTX_DAG_OWNER='data-team' AIRFLOW_CTX_DAG_ID='multi_region_to_snowflake' AIRFLOW_CTX_TASK_ID='process_region_eu.process_products_eu' AIRFLOW_CTX_EXECUTION_DATE='2025-06-08T00:00:00+00:00' AIRFLOW_CTX_TRY_NUMBER='1' AIRFLOW_CTX_DAG_RUN_ID='scheduled__2025-06-08T00:00:00+00:00'
[2025-06-09T11:25:00.400+0000] {logging_mixin.py:188} INFO - Processing products for region eu
[2025-06-09T11:25:13.747+0000] {logging_mixin.py:188} INFO - STAGING_EU
[2025-06-09T11:25:23.391+0000] {logging_mixin.py:188} INFO - +----------+----------------+------------------+--------------------+-----------+--------+--------+--------+---------+---------+--------+---------+-------------+---------+-------------------+-------------------+-------+--------+
|product_id|     product_sku|      product_name| product_description|category_id|base_eur|cost_eur|vat_rate|weight_kg|length_cm|width_cm|height_cm|energy_rating|is_active|         created_at|         updated_at|_region| _source|
+----------+----------------+------------------+--------------------+-----------+--------+--------+--------+---------+---------+--------+---------+-------------+---------+-------------------+-------------------+-------+--------+
|         1| EU-SKU-PHONE001|     Iphone 15 Pro|Latest Apple smar...|          2| 1199.99|  800.00|   19.00|    0.221|    15.90|    7.60|     0.83|         NULL|     true|2025-06-08 19:22:57|2025-06-08 19:22:57|     eu|postgres|
|         2|EU-SKU-LAPTOP001|    Macbook Air M2|Apple MacBook Air...|          3| 1299.99|  900.00|   19.00|    1.240|    30.41|   21.24|     1.13|          A++|     true|2025-06-08 19:22:57|2025-06-08 19:22:57|     eu|postgres|
|         3|  EU-SKU-GAME001|     Playstation 5|Sony PlayStation ...|          4|  499.99|  350.00|   19.00|    4.500|    39.00|   26.00|    10.40|            B|     true|2025-06-08 19:22:57|2025-06-08 19:22:57|     eu|postgres|
|         4| EU-SKU-SHIRT001|    Cotton T-shirt|Premium cotton t-...|          6|   29.99|   12.00|   19.00|    0.200|    30.00|   25.00|     2.00|         NULL|     true|2025-06-08 19:22:57|2025-06-08 19:22:57|     eu|postgres|
|         5| EU-SKU-DRESS001|      Summer Dress|Elegant summer dr...|          7|   89.99|   35.00|   19.00|    0.300|    40.00|   30.00|     3.00|         NULL|     true|2025-06-08 19:22:57|2025-06-08 19:22:57|     eu|postgres|
|         6|  EU-SKU-SOFA001|      Leather Sofa|Premium leather 3...|          9| 1599.99|  800.00|   19.00|   85.000|   220.00|   90.00|    85.00|         NULL|     true|2025-06-08 19:22:57|2025-06-08 19:22:57|     eu|postgres|
|         7|  EU-SKU-BOOK001|Data Privacy Guide|Complete guide to...|         10|   39.99|   15.00|    7.00|    0.500|    24.00|   17.00|     2.50|         NULL|     true|2025-06-08 19:22:57|2025-06-08 19:22:57|     eu|postgres|
|         8| EU-SKU-CREAM001|  Anti Aging Cream|Premium anti-agin...|         11|   79.99|   25.00|   19.00|    0.050|     8.00|    8.00|     6.00|         NULL|     true|2025-06-08 19:22:57|2025-06-08 19:22:57|     eu|postgres|
|         9|  EU-SKU-BIKE001|     Mountain Bike|Professional moun...|         12|  899.99|  450.00|   19.00|   15.500|   180.00|   65.00|   110.00|         NULL|     true|2025-06-08 19:22:57|2025-06-08 19:22:57|     eu|postgres|
|        10|   EU-SKU-TOY001|   Lego Castle Set|Medieval castle L...|         14|  149.99|   75.00|   19.00|    2.100|    35.00|   25.00|    15.00|         NULL|     true|2025-06-08 19:22:57|2025-06-08 19:22:57|     eu|postgres|
+----------+----------------+------------------+--------------------+-----------+--------+--------+--------+---------+---------+--------+---------+-------------+---------+-------------------+-------------------+-------+--------+
only showing top 10 rows
[2025-06-09T11:25:23.396+0000] {logging_mixin.py:188} INFO - Inserting into snowflake
[2025-06-09T11:25:39.825+0000] {logging_mixin.py:188} INFO - successfully inserted in snowflake
[2025-06-09T11:25:41.617+0000] {logging_mixin.py:188} INFO - Successfully processed 30 records for products in eu
[2025-06-09T11:25:42.813+0000] {python.py:201} INFO - Done. Returned value was: {'region': 'eu', 'table': 'products', 'record_count': 30, 'status': 'success'}
[2025-06-09T11:25:42.877+0000] {taskinstance.py:1138} INFO - Marking task as SUCCESS. dag_id=multi_region_to_snowflake, task_id=process_region_eu.process_products_eu, execution_date=20250608T000000, start_date=20250609T112444, end_date=20250609T112542
[2025-06-09T11:25:42.929+0000] {local_task_job_runner.py:234} INFO - Task exited with return code 0
[2025-06-09T11:25:43.045+0000] {taskinstance.py:3280} INFO - 3 downstream tasks scheduled from follow-on schedule check
