[2025-06-11T18:23:24.662+0000] {taskinstance.py:1956} INFO - Dependencies all met for dep_context=non-requeueable deps ti=<TaskInstance: multi_region_transform_staging_v2.process_region_us.process_shopping_carts_us manual__2025-06-11T18:20:09.445349+00:00 [queued]>
[2025-06-11T18:23:24.680+0000] {taskinstance.py:1956} INFO - Dependencies all met for dep_context=requeueable deps ti=<TaskInstance: multi_region_transform_staging_v2.process_region_us.process_shopping_carts_us manual__2025-06-11T18:20:09.445349+00:00 [queued]>
[2025-06-11T18:23:24.680+0000] {taskinstance.py:2170} INFO - Starting attempt 1 of 2
[2025-06-11T18:23:24.700+0000] {taskinstance.py:2191} INFO - Executing <Task(_PythonDecoratedOperator): process_region_us.process_shopping_carts_us> on 2025-06-11 18:20:09.445349+00:00
[2025-06-11T18:23:24.711+0000] {standard_task_runner.py:60} INFO - Started process 7887 to run task
[2025-06-11T18:23:24.714+0000] {standard_task_runner.py:87} INFO - Running: ['airflow', 'tasks', 'run', 'multi_region_transform_staging_v2', 'process_region_us.process_shopping_carts_us', 'manual__2025-06-11T18:20:09.445349+00:00', '--job-id', '626', '--raw', '--subdir', 'DAGS_FOLDER/master_dag.py', '--cfg-path', '/tmp/tmp9ilkzxc4']
[2025-06-11T18:23:24.716+0000] {standard_task_runner.py:88} INFO - Job 626: Subtask process_region_us.process_shopping_carts_us
[2025-06-11T18:23:24.816+0000] {task_command.py:423} INFO - Running <TaskInstance: multi_region_transform_staging_v2.process_region_us.process_shopping_carts_us manual__2025-06-11T18:20:09.445349+00:00 [running]> on host 5950010ae7c1
[2025-06-11T18:23:25.037+0000] {taskinstance.py:2480} INFO - Exporting env vars: AIRFLOW_CTX_DAG_OWNER='data-team' AIRFLOW_CTX_DAG_ID='multi_region_transform_staging_v2' AIRFLOW_CTX_TASK_ID='process_region_us.process_shopping_carts_us' AIRFLOW_CTX_EXECUTION_DATE='2025-06-11T18:20:09.445349+00:00' AIRFLOW_CTX_TRY_NUMBER='1' AIRFLOW_CTX_DAG_RUN_ID='manual__2025-06-11T18:20:09.445349+00:00'
[2025-06-11T18:23:35.794+0000] {logging_mixin.py:188} INFO - Debugggg::::Vector(spark://5950010ae7c1:35829/jars/snowflake-jdbc-3.13.17.jar, spark://5950010ae7c1:35829/jars/spark-snowflake_2.12-2.16.0-spark_3.2.jar)
[2025-06-11T18:23:35.795+0000] {logging_mixin.py:188} INFO - Processing shopping_carts for region us
[2025-06-11T18:23:35.847+0000] {logging_mixin.py:188} INFO - /opt/airflow/data/raw/region=us/table=shopping_carts/load_date=2025-06-11
[2025-06-11T18:24:05.905+0000] {logging_mixin.py:188} INFO - STAGING_US
[2025-06-11T18:24:08.285+0000] {logging_mixin.py:188} INFO - +-------+-----------+--------------------+-------------------+-------------------+-------------------+------------+-------+--------+
|cart_id|customer_id|          session_id|         created_at|         updated_at|       abandoned_at|is_abandoned|_region| _source|
+-------+-----------+--------------------+-------------------+-------------------+-------------------+------------+-------+--------+
|      1|          1|sess_us_abc123def456|2025-06-11 02:14:19|2025-06-11 02:14:19|               NULL|       false|     us|postgres|
|      2|          2|sess_us_ghi789jkl012|2025-06-11 02:14:19|2025-06-11 02:14:19|2024-02-01 14:30:00|        true|     us|postgres|
|      3|          3|sess_us_mno345pqr678|2025-06-11 02:14:19|2025-06-11 02:14:19|               NULL|       false|     us|postgres|
|      4|          4|sess_us_stu901vwx234|2025-06-11 02:14:19|2025-06-11 02:14:19|2024-02-02 09:45:00|        true|     us|postgres|
|      5|          5|sess_us_yza567bcd890|2025-06-11 02:14:19|2025-06-11 02:14:19|               NULL|       false|     us|postgres|
+-------+-----------+--------------------+-------------------+-------------------+-------------------+------------+-------+--------+
[2025-06-11T18:24:08.286+0000] {logging_mixin.py:188} INFO - Inserting into snowflake
[2025-06-11T18:24:18.168+0000] {logging_mixin.py:188} INFO - successfully inserted in snowflake
[2025-06-11T18:24:18.191+0000] {crypto.py:82} WARNING - empty cryptography key - values will not be stored encrypted.
[2025-06-11T18:24:18.604+0000] {logging_mixin.py:188} INFO - Successfully processed 5 records for shopping_carts in us
[2025-06-11T18:24:20.849+0000] {python.py:201} INFO - Done. Returned value was: {'region': 'us', 'table': 'shopping_carts', 'record_count': 5, 'status': 'success'}
[2025-06-11T18:24:20.896+0000] {taskinstance.py:1138} INFO - Marking task as SUCCESS. dag_id=multi_region_transform_staging_v2, task_id=process_region_us.process_shopping_carts_us, execution_date=20250611T182009, start_date=20250611T182324, end_date=20250611T182420
[2025-06-11T18:24:20.934+0000] {local_task_job_runner.py:234} INFO - Task exited with return code 0
[2025-06-11T18:24:20.996+0000] {taskinstance.py:3280} INFO - 0 downstream tasks scheduled from follow-on schedule check
