[2025-06-11T02:45:28.662+0000] {taskinstance.py:1956} INFO - Dependencies all met for dep_context=non-requeueable deps ti=<TaskInstance: multi_region_to_snowflake.process_region_us.process_returns_us scheduled__2025-06-10T00:00:00+00:00 [queued]>
[2025-06-11T02:45:28.700+0000] {taskinstance.py:1956} INFO - Dependencies all met for dep_context=requeueable deps ti=<TaskInstance: multi_region_to_snowflake.process_region_us.process_returns_us scheduled__2025-06-10T00:00:00+00:00 [queued]>
[2025-06-11T02:45:28.701+0000] {taskinstance.py:2170} INFO - Starting attempt 1 of 2
[2025-06-11T02:45:28.736+0000] {taskinstance.py:2191} INFO - Executing <Task(_PythonDecoratedOperator): process_region_us.process_returns_us> on 2025-06-10 00:00:00+00:00
[2025-06-11T02:45:28.759+0000] {standard_task_runner.py:60} INFO - Started process 49129 to run task
[2025-06-11T02:45:28.768+0000] {standard_task_runner.py:87} INFO - Running: ['airflow', 'tasks', 'run', 'multi_region_to_snowflake', 'process_region_us.process_returns_us', 'scheduled__2025-06-10T00:00:00+00:00', '--job-id', '1276', '--raw', '--subdir', 'DAGS_FOLDER/master_dag.py', '--cfg-path', '/tmp/tmp062x4ojc']
[2025-06-11T02:45:28.773+0000] {standard_task_runner.py:88} INFO - Job 1276: Subtask process_region_us.process_returns_us
[2025-06-11T02:45:28.986+0000] {task_command.py:423} INFO - Running <TaskInstance: multi_region_to_snowflake.process_region_us.process_returns_us scheduled__2025-06-10T00:00:00+00:00 [running]> on host 5039a2bbff84
[2025-06-11T02:45:29.376+0000] {taskinstance.py:2480} INFO - Exporting env vars: AIRFLOW_CTX_DAG_OWNER='data-team' AIRFLOW_CTX_DAG_ID='multi_region_to_snowflake' AIRFLOW_CTX_TASK_ID='process_region_us.process_returns_us' AIRFLOW_CTX_EXECUTION_DATE='2025-06-10T00:00:00+00:00' AIRFLOW_CTX_TRY_NUMBER='1' AIRFLOW_CTX_DAG_RUN_ID='scheduled__2025-06-10T00:00:00+00:00'
[2025-06-11T02:45:42.978+0000] {logging_mixin.py:188} INFO - Processing returns for region us
[2025-06-11T02:45:56.780+0000] {logging_mixin.py:188} INFO - STAGING_US
[2025-06-11T02:46:07.541+0000] {logging_mixin.py:188} INFO - +---------+--------+-----------------+-------------+--------------------+-------------+-------------------+--------------------+-------+--------+
|return_id|order_id|    return_reason|return_status|    return_timestamp|refund_amount|   refund_timestamp|          created_at|_region| _source|
+---------+--------+-----------------+-------------+--------------------+-------------+-------------------+--------------------+-------+--------+
|        1|       5|     Changed mind|     approved|2025-06-08 19:23:...|       279.85|2024-01-25 13:30:00|2025-06-08 19:23:...|     us|postgres|
|        2|      10|Product defective|   processing|2025-06-08 19:23:...|        49.36|               NULL|2025-06-08 19:23:...|     us|postgres|
|        1|       5|     Changed mind|     approved|2025-06-08 19:23:...|       279.85|2024-01-25 13:30:00|2025-06-08 19:23:...|     us|postgres|
|        2|      10|Product defective|   processing|2025-06-08 19:23:...|        49.36|               NULL|2025-06-08 19:23:...|     us|postgres|
+---------+--------+-----------------+-------------+--------------------+-------------+-------------------+--------------------+-------+--------+
[2025-06-11T02:46:07.542+0000] {logging_mixin.py:188} INFO - Inserting into snowflake
[2025-06-11T02:46:19.547+0000] {logging_mixin.py:188} INFO - successfully inserted in snowflake
[2025-06-11T02:46:19.579+0000] {crypto.py:82} WARNING - empty cryptography key - values will not be stored encrypted.
[2025-06-11T02:46:21.239+0000] {logging_mixin.py:188} INFO - Successfully processed 4 records for returns in us
[2025-06-11T02:46:22.848+0000] {python.py:201} INFO - Done. Returned value was: {'region': 'us', 'table': 'returns', 'record_count': 4, 'status': 'success'}
[2025-06-11T02:46:22.933+0000] {taskinstance.py:1138} INFO - Marking task as SUCCESS. dag_id=multi_region_to_snowflake, task_id=process_region_us.process_returns_us, execution_date=20250610T000000, start_date=20250611T024528, end_date=20250611T024622
[2025-06-11T02:46:22.986+0000] {local_task_job_runner.py:234} INFO - Task exited with return code 0
[2025-06-11T02:46:23.058+0000] {taskinstance.py:3280} INFO - 1 downstream tasks scheduled from follow-on schedule check
