[2025-06-04T20:40:46.927+0000] {taskinstance.py:1956} INFO - Dependencies all met for dep_context=non-requeueable deps ti=<TaskInstance: schema_evolution_framework.run_schema_evolution manual__2025-06-04T20:40:40+00:00 [queued]>
[2025-06-04T20:40:46.937+0000] {taskinstance.py:1956} INFO - Dependencies all met for dep_context=requeueable deps ti=<TaskInstance: schema_evolution_framework.run_schema_evolution manual__2025-06-04T20:40:40+00:00 [queued]>
[2025-06-04T20:40:46.937+0000] {taskinstance.py:2170} INFO - Starting attempt 1 of 2
[2025-06-04T20:40:46.952+0000] {taskinstance.py:2191} INFO - Executing <Task(BashOperator): run_schema_evolution> on 2025-06-04 20:40:40+00:00
[2025-06-04T20:40:46.958+0000] {standard_task_runner.py:60} INFO - Started process 9072 to run task
[2025-06-04T20:40:46.960+0000] {standard_task_runner.py:87} INFO - Running: ['airflow', 'tasks', 'run', 'schema_evolution_framework', 'run_schema_evolution', 'manual__2025-06-04T20:40:40+00:00', '--job-id', '78', '--raw', '--subdir', 'DAGS_FOLDER/schema_drift/schema_drift.py', '--cfg-path', '/tmp/tmp1avgezjd']
[2025-06-04T20:40:46.961+0000] {standard_task_runner.py:88} INFO - Job 78: Subtask run_schema_evolution
[2025-06-04T20:40:46.976+0000] {logging_mixin.py:188} WARNING - /home/airflow/.local/lib/python3.10/site-packages/airflow/settings.py:194 DeprecationWarning: The sql_alchemy_conn option in [core] has been moved to the sql_alchemy_conn option in [database] - the old setting has been used, but please update your config.
[2025-06-04T20:40:47.013+0000] {task_command.py:423} INFO - Running <TaskInstance: schema_evolution_framework.run_schema_evolution manual__2025-06-04T20:40:40+00:00 [running]> on host d21a88c59131
[2025-06-04T20:40:47.099+0000] {taskinstance.py:2480} INFO - Exporting env vars: AIRFLOW_CTX_DAG_OWNER='airflow' AIRFLOW_CTX_DAG_ID='schema_evolution_framework' AIRFLOW_CTX_TASK_ID='run_schema_evolution' AIRFLOW_CTX_EXECUTION_DATE='2025-06-04T20:40:40+00:00' AIRFLOW_CTX_TRY_NUMBER='1' AIRFLOW_CTX_DAG_RUN_ID='manual__2025-06-04T20:40:40+00:00'
[2025-06-04T20:40:47.100+0000] {subprocess.py:63} INFO - Tmp dir root location: /tmp
[2025-06-04T20:40:47.100+0000] {subprocess.py:75} INFO - Running command: ['/usr/bin/bash', '-c', 'spark-submit /opt/airflow/scripts/pyspark_jobs/schema_evolution.py --region asia --table customers1 --load_date 2025-06-05']
[2025-06-04T20:40:47.109+0000] {subprocess.py:86} INFO - Output:
[2025-06-04T20:40:49.578+0000] {subprocess.py:93} INFO - 25/06/04 20:40:49 INFO SparkContext: Running Spark version 3.5.6
[2025-06-04T20:40:49.580+0000] {subprocess.py:93} INFO - 25/06/04 20:40:49 INFO SparkContext: OS info Linux, 6.11.0-26-generic, amd64
[2025-06-04T20:40:49.580+0000] {subprocess.py:93} INFO - 25/06/04 20:40:49 INFO SparkContext: Java version 11.0.24
[2025-06-04T20:40:49.625+0000] {subprocess.py:93} INFO - 25/06/04 20:40:49 WARN NativeCodeLoader: Unable to load native-hadoop library for your platform... using builtin-java classes where applicable
[2025-06-04T20:40:49.700+0000] {subprocess.py:93} INFO - 25/06/04 20:40:49 INFO ResourceUtils: ==============================================================
[2025-06-04T20:40:49.700+0000] {subprocess.py:93} INFO - 25/06/04 20:40:49 INFO ResourceUtils: No custom resources configured for spark.driver.
[2025-06-04T20:40:49.700+0000] {subprocess.py:93} INFO - 25/06/04 20:40:49 INFO ResourceUtils: ==============================================================
[2025-06-04T20:40:49.701+0000] {subprocess.py:93} INFO - 25/06/04 20:40:49 INFO SparkContext: Submitted application: Schema Evolution Framework
[2025-06-04T20:40:49.721+0000] {subprocess.py:93} INFO - 25/06/04 20:40:49 INFO ResourceProfile: Default ResourceProfile created, executor resources: Map(cores -> name: cores, amount: 1, script: , vendor: , memory -> name: memory, amount: 1024, script: , vendor: , offHeap -> name: offHeap, amount: 0, script: , vendor: ), task resources: Map(cpus -> name: cpus, amount: 1.0)
[2025-06-04T20:40:49.735+0000] {subprocess.py:93} INFO - 25/06/04 20:40:49 INFO ResourceProfile: Limiting resource is cpu
[2025-06-04T20:40:49.736+0000] {subprocess.py:93} INFO - 25/06/04 20:40:49 INFO ResourceProfileManager: Added ResourceProfile id: 0
[2025-06-04T20:40:49.791+0000] {subprocess.py:93} INFO - 25/06/04 20:40:49 INFO SecurityManager: Changing view acls to: airflow
[2025-06-04T20:40:49.792+0000] {subprocess.py:93} INFO - 25/06/04 20:40:49 INFO SecurityManager: Changing modify acls to: airflow
[2025-06-04T20:40:49.792+0000] {subprocess.py:93} INFO - 25/06/04 20:40:49 INFO SecurityManager: Changing view acls groups to:
[2025-06-04T20:40:49.792+0000] {subprocess.py:93} INFO - 25/06/04 20:40:49 INFO SecurityManager: Changing modify acls groups to:
[2025-06-04T20:40:49.793+0000] {subprocess.py:93} INFO - 25/06/04 20:40:49 INFO SecurityManager: SecurityManager: authentication disabled; ui acls disabled; users with view permissions: airflow; groups with view permissions: EMPTY; users with modify permissions: airflow; groups with modify permissions: EMPTY
[2025-06-04T20:40:49.993+0000] {subprocess.py:93} INFO - 25/06/04 20:40:49 INFO Utils: Successfully started service 'sparkDriver' on port 35581.
[2025-06-04T20:40:50.017+0000] {subprocess.py:93} INFO - 25/06/04 20:40:50 INFO SparkEnv: Registering MapOutputTracker
[2025-06-04T20:40:50.051+0000] {subprocess.py:93} INFO - 25/06/04 20:40:50 INFO SparkEnv: Registering BlockManagerMaster
[2025-06-04T20:40:50.072+0000] {subprocess.py:93} INFO - 25/06/04 20:40:50 INFO BlockManagerMasterEndpoint: Using org.apache.spark.storage.DefaultTopologyMapper for getting topology information
[2025-06-04T20:40:50.073+0000] {subprocess.py:93} INFO - 25/06/04 20:40:50 INFO BlockManagerMasterEndpoint: BlockManagerMasterEndpoint up
[2025-06-04T20:40:50.077+0000] {subprocess.py:93} INFO - 25/06/04 20:40:50 INFO SparkEnv: Registering BlockManagerMasterHeartbeat
[2025-06-04T20:40:50.099+0000] {subprocess.py:93} INFO - 25/06/04 20:40:50 INFO DiskBlockManager: Created local directory at /tmp/blockmgr-21dc40b3-bc37-428f-8889-bcbcf061cae0
[2025-06-04T20:40:50.114+0000] {subprocess.py:93} INFO - 25/06/04 20:40:50 INFO MemoryStore: MemoryStore started with capacity 434.4 MiB
[2025-06-04T20:40:50.128+0000] {subprocess.py:93} INFO - 25/06/04 20:40:50 INFO SparkEnv: Registering OutputCommitCoordinator
[2025-06-04T20:40:50.270+0000] {subprocess.py:93} INFO - 25/06/04 20:40:50 INFO JettyUtils: Start Jetty 0.0.0.0:4040 for SparkUI
[2025-06-04T20:40:50.322+0000] {subprocess.py:93} INFO - 25/06/04 20:40:50 INFO Utils: Successfully started service 'SparkUI' on port 4040.
[2025-06-04T20:40:50.395+0000] {subprocess.py:93} INFO - 25/06/04 20:40:50 INFO Executor: Starting executor ID driver on host d21a88c59131
[2025-06-04T20:40:50.396+0000] {subprocess.py:93} INFO - 25/06/04 20:40:50 INFO Executor: OS info Linux, 6.11.0-26-generic, amd64
[2025-06-04T20:40:50.396+0000] {subprocess.py:93} INFO - 25/06/04 20:40:50 INFO Executor: Java version 11.0.24
[2025-06-04T20:40:50.403+0000] {subprocess.py:93} INFO - 25/06/04 20:40:50 INFO Executor: Starting executor with user classpath (userClassPathFirst = false): ''
[2025-06-04T20:40:50.403+0000] {subprocess.py:93} INFO - 25/06/04 20:40:50 INFO Executor: Created or updated repl class loader org.apache.spark.util.MutableURLClassLoader@45cafdfe for default.
[2025-06-04T20:40:50.423+0000] {subprocess.py:93} INFO - 25/06/04 20:40:50 INFO Utils: Successfully started service 'org.apache.spark.network.netty.NettyBlockTransferService' on port 33337.
[2025-06-04T20:40:50.423+0000] {subprocess.py:93} INFO - 25/06/04 20:40:50 INFO NettyBlockTransferService: Server created on d21a88c59131:33337
[2025-06-04T20:40:50.425+0000] {subprocess.py:93} INFO - 25/06/04 20:40:50 INFO BlockManager: Using org.apache.spark.storage.RandomBlockReplicationPolicy for block replication policy
[2025-06-04T20:40:50.431+0000] {subprocess.py:93} INFO - 25/06/04 20:40:50 INFO BlockManagerMaster: Registering BlockManager BlockManagerId(driver, d21a88c59131, 33337, None)
[2025-06-04T20:40:50.435+0000] {subprocess.py:93} INFO - 25/06/04 20:40:50 INFO BlockManagerMasterEndpoint: Registering block manager d21a88c59131:33337 with 434.4 MiB RAM, BlockManagerId(driver, d21a88c59131, 33337, None)
[2025-06-04T20:40:50.437+0000] {subprocess.py:93} INFO - 25/06/04 20:40:50 INFO BlockManagerMaster: Registered BlockManager BlockManagerId(driver, d21a88c59131, 33337, None)
[2025-06-04T20:40:50.438+0000] {subprocess.py:93} INFO - 25/06/04 20:40:50 INFO BlockManager: Initialized BlockManager: BlockManagerId(driver, d21a88c59131, 33337, None)
[2025-06-04T20:40:50.833+0000] {subprocess.py:93} INFO - 25/06/04 20:40:50 INFO SharedState: Setting hive.metastore.warehouse.dir ('null') to the value of spark.sql.warehouse.dir.
[2025-06-04T20:40:50.842+0000] {subprocess.py:93} INFO - 25/06/04 20:40:50 INFO SharedState: Warehouse path is 'file:/tmp/airflowtmped6_w0w9/spark-warehouse'.
[2025-06-04T20:40:51.616+0000] {subprocess.py:93} INFO - 25/06/04 20:40:51 INFO InMemoryFileIndex: It took 42 ms to list leaf files for 1 paths.
[2025-06-04T20:40:51.998+0000] {subprocess.py:93} INFO - 25/06/04 20:40:51 INFO SparkContext: Starting job: parquet at NativeMethodAccessorImpl.java:0
[2025-06-04T20:40:52.015+0000] {subprocess.py:93} INFO - 25/06/04 20:40:52 INFO DAGScheduler: Got job 0 (parquet at NativeMethodAccessorImpl.java:0) with 1 output partitions
[2025-06-04T20:40:52.015+0000] {subprocess.py:93} INFO - 25/06/04 20:40:52 INFO DAGScheduler: Final stage: ResultStage 0 (parquet at NativeMethodAccessorImpl.java:0)
[2025-06-04T20:40:52.015+0000] {subprocess.py:93} INFO - 25/06/04 20:40:52 INFO DAGScheduler: Parents of final stage: List()
[2025-06-04T20:40:52.016+0000] {subprocess.py:93} INFO - 25/06/04 20:40:52 INFO DAGScheduler: Missing parents: List()
[2025-06-04T20:40:52.019+0000] {subprocess.py:93} INFO - 25/06/04 20:40:52 INFO DAGScheduler: Submitting ResultStage 0 (MapPartitionsRDD[1] at parquet at NativeMethodAccessorImpl.java:0), which has no missing parents
[2025-06-04T20:40:52.080+0000] {subprocess.py:93} INFO - 25/06/04 20:40:52 INFO MemoryStore: Block broadcast_0 stored as values in memory (estimated size 103.3 KiB, free 434.3 MiB)
[2025-06-04T20:40:52.109+0000] {subprocess.py:93} INFO - 25/06/04 20:40:52 INFO MemoryStore: Block broadcast_0_piece0 stored as bytes in memory (estimated size 37.3 KiB, free 434.3 MiB)
[2025-06-04T20:40:52.111+0000] {subprocess.py:93} INFO - 25/06/04 20:40:52 INFO BlockManagerInfo: Added broadcast_0_piece0 in memory on d21a88c59131:33337 (size: 37.3 KiB, free: 434.4 MiB)
[2025-06-04T20:40:52.114+0000] {subprocess.py:93} INFO - 25/06/04 20:40:52 INFO SparkContext: Created broadcast 0 from broadcast at DAGScheduler.scala:1611
[2025-06-04T20:40:52.129+0000] {subprocess.py:93} INFO - 25/06/04 20:40:52 INFO DAGScheduler: Submitting 1 missing tasks from ResultStage 0 (MapPartitionsRDD[1] at parquet at NativeMethodAccessorImpl.java:0) (first 15 tasks are for partitions Vector(0))
[2025-06-04T20:40:52.130+0000] {subprocess.py:93} INFO - 25/06/04 20:40:52 INFO TaskSchedulerImpl: Adding task set 0.0 with 1 tasks resource profile 0
[2025-06-04T20:40:52.184+0000] {subprocess.py:93} INFO - 25/06/04 20:40:52 INFO TaskSetManager: Starting task 0.0 in stage 0.0 (TID 0) (d21a88c59131, executor driver, partition 0, PROCESS_LOCAL, 9238 bytes)
[2025-06-04T20:40:52.199+0000] {subprocess.py:93} INFO - 25/06/04 20:40:52 INFO Executor: Running task 0.0 in stage 0.0 (TID 0)
[2025-06-04T20:40:52.591+0000] {subprocess.py:93} INFO - 25/06/04 20:40:52 INFO Executor: Finished task 0.0 in stage 0.0 (TID 0). 3150 bytes result sent to driver
[2025-06-04T20:40:52.602+0000] {subprocess.py:93} INFO - 25/06/04 20:40:52 INFO TaskSetManager: Finished task 0.0 in stage 0.0 (TID 0) in 444 ms on d21a88c59131 (executor driver) (1/1)
[2025-06-04T20:40:52.604+0000] {subprocess.py:93} INFO - 25/06/04 20:40:52 INFO TaskSchedulerImpl: Removed TaskSet 0.0, whose tasks have all completed, from pool
[2025-06-04T20:40:52.610+0000] {subprocess.py:93} INFO - 25/06/04 20:40:52 INFO DAGScheduler: ResultStage 0 (parquet at NativeMethodAccessorImpl.java:0) finished in 0.578 s
[2025-06-04T20:40:52.613+0000] {subprocess.py:93} INFO - 25/06/04 20:40:52 INFO DAGScheduler: Job 0 is finished. Cancelling potential speculative or zombie tasks for this job
[2025-06-04T20:40:52.614+0000] {subprocess.py:93} INFO - 25/06/04 20:40:52 INFO TaskSchedulerImpl: Killing all running tasks in stage 0: Stage finished
[2025-06-04T20:40:52.615+0000] {subprocess.py:93} INFO - 25/06/04 20:40:52 INFO DAGScheduler: Job 0 finished: parquet at NativeMethodAccessorImpl.java:0, took 0.616726 s
[2025-06-04T20:40:52.883+0000] {subprocess.py:93} INFO - 25/06/04 20:40:52 INFO BlockManagerInfo: Removed broadcast_0_piece0 on d21a88c59131:33337 in memory (size: 37.3 KiB, free: 434.4 MiB)
[2025-06-04T20:40:53.339+0000] {subprocess.py:93} INFO - Schema evolution detected for customers1. Updated to version 1.
[2025-06-04T20:40:54.266+0000] {subprocess.py:93} INFO - 25/06/04 20:40:54 INFO FileSourceStrategy: Pushed Filters:
[2025-06-04T20:40:54.267+0000] {subprocess.py:93} INFO - 25/06/04 20:40:54 INFO FileSourceStrategy: Post-Scan Filters:
[2025-06-04T20:40:54.365+0000] {subprocess.py:93} INFO - 25/06/04 20:40:54 INFO ParquetUtils: Using default output committer for Parquet: org.apache.parquet.hadoop.ParquetOutputCommitter
[2025-06-04T20:40:54.379+0000] {subprocess.py:93} INFO - 25/06/04 20:40:54 INFO FileOutputCommitter: File Output Committer Algorithm version is 1
[2025-06-04T20:40:54.380+0000] {subprocess.py:93} INFO - 25/06/04 20:40:54 INFO FileOutputCommitter: FileOutputCommitter skip cleanup _temporary folders under output directory:false, ignore cleanup failures: false
[2025-06-04T20:40:54.380+0000] {subprocess.py:93} INFO - 25/06/04 20:40:54 INFO SQLHadoopMapReduceCommitProtocol: Using user defined output committer class org.apache.parquet.hadoop.ParquetOutputCommitter
[2025-06-04T20:40:54.381+0000] {subprocess.py:93} INFO - 25/06/04 20:40:54 INFO FileOutputCommitter: File Output Committer Algorithm version is 1
[2025-06-04T20:40:54.381+0000] {subprocess.py:93} INFO - 25/06/04 20:40:54 INFO FileOutputCommitter: FileOutputCommitter skip cleanup _temporary folders under output directory:false, ignore cleanup failures: false
[2025-06-04T20:40:54.381+0000] {subprocess.py:93} INFO - 25/06/04 20:40:54 INFO SQLHadoopMapReduceCommitProtocol: Using output committer class org.apache.parquet.hadoop.ParquetOutputCommitter
[2025-06-04T20:40:54.703+0000] {subprocess.py:93} INFO - 25/06/04 20:40:54 INFO CodeGenerator: Code generated in 228.951844 ms
[2025-06-04T20:40:54.717+0000] {subprocess.py:93} INFO - 25/06/04 20:40:54 INFO MemoryStore: Block broadcast_1 stored as values in memory (estimated size 203.6 KiB, free 434.2 MiB)
[2025-06-04T20:40:54.728+0000] {subprocess.py:93} INFO - 25/06/04 20:40:54 INFO MemoryStore: Block broadcast_1_piece0 stored as bytes in memory (estimated size 35.8 KiB, free 434.2 MiB)
[2025-06-04T20:40:54.729+0000] {subprocess.py:93} INFO - 25/06/04 20:40:54 INFO BlockManagerInfo: Added broadcast_1_piece0 in memory on d21a88c59131:33337 (size: 35.8 KiB, free: 434.4 MiB)
[2025-06-04T20:40:54.731+0000] {subprocess.py:93} INFO - 25/06/04 20:40:54 INFO SparkContext: Created broadcast 1 from parquet at NativeMethodAccessorImpl.java:0
[2025-06-04T20:40:54.742+0000] {subprocess.py:93} INFO - 25/06/04 20:40:54 INFO FileSourceScanExec: Planning scan with bin packing, max size: 4194304 bytes, open cost is considered as scanning 4194304 bytes.
[2025-06-04T20:40:54.824+0000] {subprocess.py:93} INFO - 25/06/04 20:40:54 INFO SparkContext: Starting job: parquet at NativeMethodAccessorImpl.java:0
[2025-06-04T20:40:54.825+0000] {subprocess.py:93} INFO - 25/06/04 20:40:54 INFO DAGScheduler: Got job 1 (parquet at NativeMethodAccessorImpl.java:0) with 1 output partitions
[2025-06-04T20:40:54.826+0000] {subprocess.py:93} INFO - 25/06/04 20:40:54 INFO DAGScheduler: Final stage: ResultStage 1 (parquet at NativeMethodAccessorImpl.java:0)
[2025-06-04T20:40:54.826+0000] {subprocess.py:93} INFO - 25/06/04 20:40:54 INFO DAGScheduler: Parents of final stage: List()
[2025-06-04T20:40:54.826+0000] {subprocess.py:93} INFO - 25/06/04 20:40:54 INFO DAGScheduler: Missing parents: List()
[2025-06-04T20:40:54.827+0000] {subprocess.py:93} INFO - 25/06/04 20:40:54 INFO DAGScheduler: Submitting ResultStage 1 (MapPartitionsRDD[5] at parquet at NativeMethodAccessorImpl.java:0), which has no missing parents
[2025-06-04T20:40:54.854+0000] {subprocess.py:93} INFO - 25/06/04 20:40:54 INFO MemoryStore: Block broadcast_2 stored as values in memory (estimated size 241.9 KiB, free 433.9 MiB)
[2025-06-04T20:40:54.857+0000] {subprocess.py:93} INFO - 25/06/04 20:40:54 INFO MemoryStore: Block broadcast_2_piece0 stored as bytes in memory (estimated size 86.6 KiB, free 433.8 MiB)
[2025-06-04T20:40:54.857+0000] {subprocess.py:93} INFO - 25/06/04 20:40:54 INFO BlockManagerInfo: Added broadcast_2_piece0 in memory on d21a88c59131:33337 (size: 86.6 KiB, free: 434.3 MiB)
[2025-06-04T20:40:54.858+0000] {subprocess.py:93} INFO - 25/06/04 20:40:54 INFO SparkContext: Created broadcast 2 from broadcast at DAGScheduler.scala:1611
[2025-06-04T20:40:54.859+0000] {subprocess.py:93} INFO - 25/06/04 20:40:54 INFO DAGScheduler: Submitting 1 missing tasks from ResultStage 1 (MapPartitionsRDD[5] at parquet at NativeMethodAccessorImpl.java:0) (first 15 tasks are for partitions Vector(0))
[2025-06-04T20:40:54.859+0000] {subprocess.py:93} INFO - 25/06/04 20:40:54 INFO TaskSchedulerImpl: Adding task set 1.0 with 1 tasks resource profile 0
[2025-06-04T20:40:54.862+0000] {subprocess.py:93} INFO - 25/06/04 20:40:54 INFO TaskSetManager: Starting task 0.0 in stage 1.0 (TID 1) (d21a88c59131, executor driver, partition 0, PROCESS_LOCAL, 9708 bytes)
[2025-06-04T20:40:54.863+0000] {subprocess.py:93} INFO - 25/06/04 20:40:54 INFO Executor: Running task 0.0 in stage 1.0 (TID 1)
[2025-06-04T20:40:54.976+0000] {subprocess.py:93} INFO - 25/06/04 20:40:54 INFO CodeGenerator: Code generated in 56.678249 ms
[2025-06-04T20:40:54.996+0000] {subprocess.py:93} INFO - 25/06/04 20:40:54 INFO CodeGenerator: Code generated in 11.121327 ms
[2025-06-04T20:40:55.015+0000] {subprocess.py:93} INFO - 25/06/04 20:40:55 INFO CodeGenerator: Code generated in 9.53412 ms
[2025-06-04T20:40:55.025+0000] {subprocess.py:93} INFO - 25/06/04 20:40:55 INFO FileOutputCommitter: File Output Committer Algorithm version is 1
[2025-06-04T20:40:55.025+0000] {subprocess.py:93} INFO - 25/06/04 20:40:55 INFO FileOutputCommitter: FileOutputCommitter skip cleanup _temporary folders under output directory:false, ignore cleanup failures: false
[2025-06-04T20:40:55.026+0000] {subprocess.py:93} INFO - 25/06/04 20:40:55 INFO SQLHadoopMapReduceCommitProtocol: Using user defined output committer class org.apache.parquet.hadoop.ParquetOutputCommitter
[2025-06-04T20:40:55.026+0000] {subprocess.py:93} INFO - 25/06/04 20:40:55 INFO FileOutputCommitter: File Output Committer Algorithm version is 1
[2025-06-04T20:40:55.026+0000] {subprocess.py:93} INFO - 25/06/04 20:40:55 INFO FileOutputCommitter: FileOutputCommitter skip cleanup _temporary folders under output directory:false, ignore cleanup failures: false
[2025-06-04T20:40:55.026+0000] {subprocess.py:93} INFO - 25/06/04 20:40:55 INFO SQLHadoopMapReduceCommitProtocol: Using output committer class org.apache.parquet.hadoop.ParquetOutputCommitter
[2025-06-04T20:40:55.054+0000] {subprocess.py:93} INFO - 25/06/04 20:40:55 INFO CodeGenerator: Code generated in 15.091568 ms
[2025-06-04T20:40:55.056+0000] {subprocess.py:93} INFO - 25/06/04 20:40:55 INFO FileScanRDD: Reading File path: file:///opt/airflow/data/raw/region=asia/table=customers1/load_date=2025-06-05/part-00000-55153742-b3d2-4b89-97f3-fa1a0e0aafd9-c000.snappy.parquet, range: 0-4556, partition values: [empty row]
[2025-06-04T20:40:55.163+0000] {subprocess.py:93} INFO - 25/06/04 20:40:55 INFO CodecPool: Got brand-new decompressor [.snappy]
[2025-06-04T20:40:55.330+0000] {subprocess.py:93} INFO - 25/06/04 20:40:55 INFO CodeGenerator: Code generated in 6.02568 ms
[2025-06-04T20:40:55.366+0000] {subprocess.py:93} INFO - 25/06/04 20:40:55 INFO CodeGenerator: Code generated in 18.893749 ms
[2025-06-04T20:40:55.374+0000] {subprocess.py:93} INFO - 25/06/04 20:40:55 INFO CodecConfig: Compression: SNAPPY
[2025-06-04T20:40:55.377+0000] {subprocess.py:93} INFO - 25/06/04 20:40:55 INFO CodecConfig: Compression: SNAPPY
[2025-06-04T20:40:55.392+0000] {subprocess.py:93} INFO - 25/06/04 20:40:55 INFO ParquetOutputFormat: ParquetRecordWriter [block size: 134217728b, row group padding size: 8388608b, validating: false]
[2025-06-04T20:40:55.401+0000] {subprocess.py:93} INFO - 25/06/04 20:40:55 INFO ParquetWriteSupport: Initialized Parquet WriteSupport with Catalyst schema:
[2025-06-04T20:40:55.401+0000] {subprocess.py:93} INFO - {
[2025-06-04T20:40:55.401+0000] {subprocess.py:93} INFO -   "type" : "struct",
[2025-06-04T20:40:55.401+0000] {subprocess.py:93} INFO -   "fields" : [ {
[2025-06-04T20:40:55.402+0000] {subprocess.py:93} INFO -     "name" : "cust_id",
[2025-06-04T20:40:55.402+0000] {subprocess.py:93} INFO -     "type" : "integer",
[2025-06-04T20:40:55.402+0000] {subprocess.py:93} INFO -     "nullable" : true,
[2025-06-04T20:40:55.402+0000] {subprocess.py:93} INFO -     "metadata" : {
[2025-06-04T20:40:55.402+0000] {subprocess.py:93} INFO -       "isSigned" : true,
[2025-06-04T20:40:55.402+0000] {subprocess.py:93} INFO -       "scale" : 0
[2025-06-04T20:40:55.402+0000] {subprocess.py:93} INFO -     }
[2025-06-04T20:40:55.403+0000] {subprocess.py:93} INFO -   }, {
[2025-06-04T20:40:55.403+0000] {subprocess.py:93} INFO -     "name" : "email",
[2025-06-04T20:40:55.403+0000] {subprocess.py:93} INFO -     "type" : "string",
[2025-06-04T20:40:55.403+0000] {subprocess.py:93} INFO -     "nullable" : true,
[2025-06-04T20:40:55.403+0000] {subprocess.py:93} INFO -     "metadata" : {
[2025-06-04T20:40:55.403+0000] {subprocess.py:93} INFO -       "isSigned" : false,
[2025-06-04T20:40:55.403+0000] {subprocess.py:93} INFO -       "scale" : 0
[2025-06-04T20:40:55.404+0000] {subprocess.py:93} INFO -     }
[2025-06-04T20:40:55.404+0000] {subprocess.py:93} INFO -   }, {
[2025-06-04T20:40:55.404+0000] {subprocess.py:93} INFO -     "name" : "fname",
[2025-06-04T20:40:55.404+0000] {subprocess.py:93} INFO -     "type" : "string",
[2025-06-04T20:40:55.404+0000] {subprocess.py:93} INFO -     "nullable" : true,
[2025-06-04T20:40:55.404+0000] {subprocess.py:93} INFO -     "metadata" : {
[2025-06-04T20:40:55.404+0000] {subprocess.py:93} INFO -       "isSigned" : false,
[2025-06-04T20:40:55.405+0000] {subprocess.py:93} INFO -       "scale" : 0
[2025-06-04T20:40:55.405+0000] {subprocess.py:93} INFO -     }
[2025-06-04T20:40:55.405+0000] {subprocess.py:93} INFO -   }, {
[2025-06-04T20:40:55.405+0000] {subprocess.py:93} INFO -     "name" : "lname",
[2025-06-04T20:40:55.405+0000] {subprocess.py:93} INFO -     "type" : "string",
[2025-06-04T20:40:55.405+0000] {subprocess.py:93} INFO -     "nullable" : true,
[2025-06-04T20:40:55.405+0000] {subprocess.py:93} INFO -     "metadata" : {
[2025-06-04T20:40:55.405+0000] {subprocess.py:93} INFO -       "isSigned" : false,
[2025-06-04T20:40:55.406+0000] {subprocess.py:93} INFO -       "scale" : 0
[2025-06-04T20:40:55.406+0000] {subprocess.py:93} INFO -     }
[2025-06-04T20:40:55.406+0000] {subprocess.py:93} INFO -   }, {
[2025-06-04T20:40:55.406+0000] {subprocess.py:93} INFO -     "name" : "phone",
[2025-06-04T20:40:55.406+0000] {subprocess.py:93} INFO -     "type" : "string",
[2025-06-04T20:40:55.406+0000] {subprocess.py:93} INFO -     "nullable" : true,
[2025-06-04T20:40:55.406+0000] {subprocess.py:93} INFO -     "metadata" : {
[2025-06-04T20:40:55.406+0000] {subprocess.py:93} INFO -       "isSigned" : false,
[2025-06-04T20:40:55.407+0000] {subprocess.py:93} INFO -       "scale" : 0
[2025-06-04T20:40:55.407+0000] {subprocess.py:93} INFO -     }
[2025-06-04T20:40:55.407+0000] {subprocess.py:93} INFO -   }, {
[2025-06-04T20:40:55.407+0000] {subprocess.py:93} INFO -     "name" : "birth_date",
[2025-06-04T20:40:55.407+0000] {subprocess.py:93} INFO -     "type" : "date",
[2025-06-04T20:40:55.407+0000] {subprocess.py:93} INFO -     "nullable" : true,
[2025-06-04T20:40:55.407+0000] {subprocess.py:93} INFO -     "metadata" : {
[2025-06-04T20:40:55.408+0000] {subprocess.py:93} INFO -       "isSigned" : false,
[2025-06-04T20:40:55.408+0000] {subprocess.py:93} INFO -       "scale" : 0
[2025-06-04T20:40:55.408+0000] {subprocess.py:93} INFO -     }
[2025-06-04T20:40:55.408+0000] {subprocess.py:93} INFO -   }, {
[2025-06-04T20:40:55.408+0000] {subprocess.py:93} INFO -     "name" : "sex",
[2025-06-04T20:40:55.408+0000] {subprocess.py:93} INFO -     "type" : "string",
[2025-06-04T20:40:55.408+0000] {subprocess.py:93} INFO -     "nullable" : true,
[2025-06-04T20:40:55.409+0000] {subprocess.py:93} INFO -     "metadata" : {
[2025-06-04T20:40:55.409+0000] {subprocess.py:93} INFO -       "__CHAR_VARCHAR_TYPE_STRING" : "varchar(10)",
[2025-06-04T20:40:55.409+0000] {subprocess.py:93} INFO -       "isSigned" : false,
[2025-06-04T20:40:55.409+0000] {subprocess.py:93} INFO -       "scale" : 0
[2025-06-04T20:40:55.409+0000] {subprocess.py:93} INFO -     }
[2025-06-04T20:40:55.409+0000] {subprocess.py:93} INFO -   }, {
[2025-06-04T20:40:55.409+0000] {subprocess.py:93} INFO -     "name" : "reg_date",
[2025-06-04T20:40:55.409+0000] {subprocess.py:93} INFO -     "type" : "timestamp",
[2025-06-04T20:40:55.410+0000] {subprocess.py:93} INFO -     "nullable" : true,
[2025-06-04T20:40:55.410+0000] {subprocess.py:93} INFO -     "metadata" : {
[2025-06-04T20:40:55.410+0000] {subprocess.py:93} INFO -       "isSigned" : false,
[2025-06-04T20:40:55.410+0000] {subprocess.py:93} INFO -       "scale" : 6
[2025-06-04T20:40:55.410+0000] {subprocess.py:93} INFO -     }
[2025-06-04T20:40:55.410+0000] {subprocess.py:93} INFO -   }, {
[2025-06-04T20:40:55.410+0000] {subprocess.py:93} INFO -     "name" : "login_time",
[2025-06-04T20:40:55.411+0000] {subprocess.py:93} INFO -     "type" : "timestamp",
[2025-06-04T20:40:55.411+0000] {subprocess.py:93} INFO -     "nullable" : true,
[2025-06-04T20:40:55.411+0000] {subprocess.py:93} INFO -     "metadata" : {
[2025-06-04T20:40:55.411+0000] {subprocess.py:93} INFO -       "isSigned" : false,
[2025-06-04T20:40:55.411+0000] {subprocess.py:93} INFO -       "scale" : 6
[2025-06-04T20:40:55.411+0000] {subprocess.py:93} INFO -     }
[2025-06-04T20:40:55.411+0000] {subprocess.py:93} INFO -   }, {
[2025-06-04T20:40:55.411+0000] {subprocess.py:93} INFO -     "name" : "is_active",
[2025-06-04T20:40:55.412+0000] {subprocess.py:93} INFO -     "type" : "boolean",
[2025-06-04T20:40:55.412+0000] {subprocess.py:93} INFO -     "nullable" : true,
[2025-06-04T20:40:55.412+0000] {subprocess.py:93} INFO -     "metadata" : {
[2025-06-04T20:40:55.412+0000] {subprocess.py:93} INFO -       "isSigned" : false,
[2025-06-04T20:40:55.412+0000] {subprocess.py:93} INFO -       "scale" : 0
[2025-06-04T20:40:55.412+0000] {subprocess.py:93} INFO -     }
[2025-06-04T20:40:55.412+0000] {subprocess.py:93} INFO -   }, {
[2025-06-04T20:40:55.413+0000] {subprocess.py:93} INFO -     "name" : "segment",
[2025-06-04T20:40:55.413+0000] {subprocess.py:93} INFO -     "type" : "string",
[2025-06-04T20:40:55.413+0000] {subprocess.py:93} INFO -     "nullable" : true,
[2025-06-04T20:40:55.413+0000] {subprocess.py:93} INFO -     "metadata" : {
[2025-06-04T20:40:55.413+0000] {subprocess.py:93} INFO -       "__CHAR_VARCHAR_TYPE_STRING" : "varchar(50)",
[2025-06-04T20:40:55.413+0000] {subprocess.py:93} INFO -       "isSigned" : false,
[2025-06-04T20:40:55.414+0000] {subprocess.py:93} INFO -       "scale" : 0
[2025-06-04T20:40:55.414+0000] {subprocess.py:93} INFO -     }
[2025-06-04T20:40:55.414+0000] {subprocess.py:93} INFO -   }, {
[2025-06-04T20:40:55.414+0000] {subprocess.py:93} INFO -     "name" : "source",
[2025-06-04T20:40:55.414+0000] {subprocess.py:93} INFO -     "type" : "string",
[2025-06-04T20:40:55.414+0000] {subprocess.py:93} INFO -     "nullable" : true,
[2025-06-04T20:40:55.414+0000] {subprocess.py:93} INFO -     "metadata" : {
[2025-06-04T20:40:55.414+0000] {subprocess.py:93} INFO -       "isSigned" : false,
[2025-06-04T20:40:55.415+0000] {subprocess.py:93} INFO -       "scale" : 0
[2025-06-04T20:40:55.415+0000] {subprocess.py:93} INFO -     }
[2025-06-04T20:40:55.415+0000] {subprocess.py:93} INFO -   }, {
[2025-06-04T20:40:55.415+0000] {subprocess.py:93} INFO -     "name" : "created",
[2025-06-04T20:40:55.415+0000] {subprocess.py:93} INFO -     "type" : "timestamp",
[2025-06-04T20:40:55.415+0000] {subprocess.py:93} INFO -     "nullable" : true,
[2025-06-04T20:40:55.416+0000] {subprocess.py:93} INFO -     "metadata" : {
[2025-06-04T20:40:55.416+0000] {subprocess.py:93} INFO -       "isSigned" : false,
[2025-06-04T20:40:55.416+0000] {subprocess.py:93} INFO -       "scale" : 6
[2025-06-04T20:40:55.416+0000] {subprocess.py:93} INFO -     }
[2025-06-04T20:40:55.416+0000] {subprocess.py:93} INFO -   }, {
[2025-06-04T20:40:55.416+0000] {subprocess.py:93} INFO -     "name" : "_region",
[2025-06-04T20:40:55.416+0000] {subprocess.py:93} INFO -     "type" : "string",
[2025-06-04T20:40:55.417+0000] {subprocess.py:93} INFO -     "nullable" : true,
[2025-06-04T20:40:55.417+0000] {subprocess.py:93} INFO -     "metadata" : { }
[2025-06-04T20:40:55.417+0000] {subprocess.py:93} INFO -   }, {
[2025-06-04T20:40:55.417+0000] {subprocess.py:93} INFO -     "name" : "_source",
[2025-06-04T20:40:55.417+0000] {subprocess.py:93} INFO -     "type" : "string",
[2025-06-04T20:40:55.418+0000] {subprocess.py:93} INFO -     "nullable" : true,
[2025-06-04T20:40:55.418+0000] {subprocess.py:93} INFO -     "metadata" : { }
[2025-06-04T20:40:55.418+0000] {subprocess.py:93} INFO -   }, {
[2025-06-04T20:40:55.418+0000] {subprocess.py:93} INFO -     "name" : "processing_timestamp",
[2025-06-04T20:40:55.418+0000] {subprocess.py:93} INFO -     "type" : "timestamp",
[2025-06-04T20:40:55.418+0000] {subprocess.py:93} INFO -     "nullable" : false,
[2025-06-04T20:40:55.418+0000] {subprocess.py:93} INFO -     "metadata" : { }
[2025-06-04T20:40:55.419+0000] {subprocess.py:93} INFO -   } ]
[2025-06-04T20:40:55.419+0000] {subprocess.py:93} INFO - }
[2025-06-04T20:40:55.419+0000] {subprocess.py:93} INFO - and corresponding Parquet message type:
[2025-06-04T20:40:55.419+0000] {subprocess.py:93} INFO - message spark_schema {
[2025-06-04T20:40:55.419+0000] {subprocess.py:93} INFO -   optional int32 cust_id;
[2025-06-04T20:40:55.419+0000] {subprocess.py:93} INFO -   optional binary email (STRING);
[2025-06-04T20:40:55.420+0000] {subprocess.py:93} INFO -   optional binary fname (STRING);
[2025-06-04T20:40:55.420+0000] {subprocess.py:93} INFO -   optional binary lname (STRING);
[2025-06-04T20:40:55.420+0000] {subprocess.py:93} INFO -   optional binary phone (STRING);
[2025-06-04T20:40:55.420+0000] {subprocess.py:93} INFO -   optional int32 birth_date (DATE);
[2025-06-04T20:40:55.420+0000] {subprocess.py:93} INFO -   optional binary sex (STRING);
[2025-06-04T20:40:55.420+0000] {subprocess.py:93} INFO -   optional int96 reg_date;
[2025-06-04T20:40:55.420+0000] {subprocess.py:93} INFO -   optional int96 login_time;
[2025-06-04T20:40:55.421+0000] {subprocess.py:93} INFO -   optional boolean is_active;
[2025-06-04T20:40:55.421+0000] {subprocess.py:93} INFO -   optional binary segment (STRING);
[2025-06-04T20:40:55.421+0000] {subprocess.py:93} INFO -   optional binary source (STRING);
[2025-06-04T20:40:55.421+0000] {subprocess.py:93} INFO -   optional int96 created;
[2025-06-04T20:40:55.421+0000] {subprocess.py:93} INFO -   optional binary _region (STRING);
[2025-06-04T20:40:55.421+0000] {subprocess.py:93} INFO -   optional binary _source (STRING);
[2025-06-04T20:40:55.421+0000] {subprocess.py:93} INFO -   required int96 processing_timestamp;
[2025-06-04T20:40:55.422+0000] {subprocess.py:93} INFO - }
[2025-06-04T20:40:55.422+0000] {subprocess.py:93} INFO - 
[2025-06-04T20:40:55.422+0000] {subprocess.py:93} INFO - 
[2025-06-04T20:40:55.426+0000] {subprocess.py:93} INFO - 25/06/04 20:40:55 INFO CodecPool: Got brand-new compressor [.snappy]
[2025-06-04T20:40:55.624+0000] {subprocess.py:93} INFO - 25/06/04 20:40:55 INFO FileOutputCommitter: Saved output of task 'attempt_202506042040542923030203430085203_0001_m_000000_1' to file:/opt/airflow/data/processed/table=customers1/_temporary/0/task_202506042040542923030203430085203_0001_m_000000
[2025-06-04T20:40:55.625+0000] {subprocess.py:93} INFO - 25/06/04 20:40:55 INFO SparkHadoopMapRedUtil: attempt_202506042040542923030203430085203_0001_m_000000_1: Committed. Elapsed time: 1 ms.
[2025-06-04T20:40:55.635+0000] {subprocess.py:93} INFO - 25/06/04 20:40:55 INFO Executor: Finished task 0.0 in stage 1.0 (TID 1). 3599 bytes result sent to driver
[2025-06-04T20:40:55.637+0000] {subprocess.py:93} INFO - 25/06/04 20:40:55 INFO TaskSetManager: Finished task 0.0 in stage 1.0 (TID 1) in 777 ms on d21a88c59131 (executor driver) (1/1)
[2025-06-04T20:40:55.638+0000] {subprocess.py:93} INFO - 25/06/04 20:40:55 INFO TaskSchedulerImpl: Removed TaskSet 1.0, whose tasks have all completed, from pool
[2025-06-04T20:40:55.639+0000] {subprocess.py:93} INFO - 25/06/04 20:40:55 INFO DAGScheduler: ResultStage 1 (parquet at NativeMethodAccessorImpl.java:0) finished in 0.809 s
[2025-06-04T20:40:55.639+0000] {subprocess.py:93} INFO - 25/06/04 20:40:55 INFO DAGScheduler: Job 1 is finished. Cancelling potential speculative or zombie tasks for this job
[2025-06-04T20:40:55.639+0000] {subprocess.py:93} INFO - 25/06/04 20:40:55 INFO TaskSchedulerImpl: Killing all running tasks in stage 1: Stage finished
[2025-06-04T20:40:55.640+0000] {subprocess.py:93} INFO - 25/06/04 20:40:55 INFO DAGScheduler: Job 1 finished: parquet at NativeMethodAccessorImpl.java:0, took 0.815148 s
[2025-06-04T20:40:55.642+0000] {subprocess.py:93} INFO - 25/06/04 20:40:55 INFO FileFormatWriter: Start to commit write Job b328693b-e169-4895-a70c-ba20acb79726.
[2025-06-04T20:40:55.657+0000] {subprocess.py:93} INFO - 25/06/04 20:40:55 INFO FileFormatWriter: Write Job b328693b-e169-4895-a70c-ba20acb79726 committed. Elapsed time: 14 ms.
[2025-06-04T20:40:55.661+0000] {subprocess.py:93} INFO - 25/06/04 20:40:55 INFO FileFormatWriter: Finished processing stats for write job b328693b-e169-4895-a70c-ba20acb79726.
[2025-06-04T20:40:55.744+0000] {subprocess.py:93} INFO - 25/06/04 20:40:55 INFO FileSourceStrategy: Pushed Filters:
[2025-06-04T20:40:55.744+0000] {subprocess.py:93} INFO - 25/06/04 20:40:55 INFO FileSourceStrategy: Post-Scan Filters:
[2025-06-04T20:40:55.838+0000] {subprocess.py:93} INFO - 25/06/04 20:40:55 INFO CodeGenerator: Code generated in 11.184571 ms
[2025-06-04T20:40:55.843+0000] {subprocess.py:93} INFO - 25/06/04 20:40:55 INFO MemoryStore: Block broadcast_3 stored as values in memory (estimated size 200.9 KiB, free 433.6 MiB)
[2025-06-04T20:40:55.853+0000] {subprocess.py:93} INFO - 25/06/04 20:40:55 INFO MemoryStore: Block broadcast_3_piece0 stored as bytes in memory (estimated size 34.8 KiB, free 433.6 MiB)
[2025-06-04T20:40:55.854+0000] {subprocess.py:93} INFO - 25/06/04 20:40:55 INFO BlockManagerInfo: Added broadcast_3_piece0 in memory on d21a88c59131:33337 (size: 34.8 KiB, free: 434.2 MiB)
[2025-06-04T20:40:55.855+0000] {subprocess.py:93} INFO - 25/06/04 20:40:55 INFO SparkContext: Created broadcast 3 from count at NativeMethodAccessorImpl.java:0
[2025-06-04T20:40:55.856+0000] {subprocess.py:93} INFO - 25/06/04 20:40:55 INFO FileSourceScanExec: Planning scan with bin packing, max size: 4194304 bytes, open cost is considered as scanning 4194304 bytes.
[2025-06-04T20:40:55.875+0000] {subprocess.py:93} INFO - 25/06/04 20:40:55 INFO DAGScheduler: Registering RDD 9 (count at NativeMethodAccessorImpl.java:0) as input to shuffle 0
[2025-06-04T20:40:55.879+0000] {subprocess.py:93} INFO - 25/06/04 20:40:55 INFO DAGScheduler: Got map stage job 2 (count at NativeMethodAccessorImpl.java:0) with 1 output partitions
[2025-06-04T20:40:55.880+0000] {subprocess.py:93} INFO - 25/06/04 20:40:55 INFO DAGScheduler: Final stage: ShuffleMapStage 2 (count at NativeMethodAccessorImpl.java:0)
[2025-06-04T20:40:55.880+0000] {subprocess.py:93} INFO - 25/06/04 20:40:55 INFO DAGScheduler: Parents of final stage: List()
[2025-06-04T20:40:55.881+0000] {subprocess.py:93} INFO - 25/06/04 20:40:55 INFO DAGScheduler: Missing parents: List()
[2025-06-04T20:40:55.882+0000] {subprocess.py:93} INFO - 25/06/04 20:40:55 INFO DAGScheduler: Submitting ShuffleMapStage 2 (MapPartitionsRDD[9] at count at NativeMethodAccessorImpl.java:0), which has no missing parents
[2025-06-04T20:40:55.893+0000] {subprocess.py:93} INFO - 25/06/04 20:40:55 INFO MemoryStore: Block broadcast_4 stored as values in memory (estimated size 17.0 KiB, free 433.6 MiB)
[2025-06-04T20:40:55.894+0000] {subprocess.py:93} INFO - 25/06/04 20:40:55 INFO MemoryStore: Block broadcast_4_piece0 stored as bytes in memory (estimated size 7.8 KiB, free 433.6 MiB)
[2025-06-04T20:40:55.894+0000] {subprocess.py:93} INFO - 25/06/04 20:40:55 INFO BlockManagerInfo: Added broadcast_4_piece0 in memory on d21a88c59131:33337 (size: 7.8 KiB, free: 434.2 MiB)
[2025-06-04T20:40:55.895+0000] {subprocess.py:93} INFO - 25/06/04 20:40:55 INFO SparkContext: Created broadcast 4 from broadcast at DAGScheduler.scala:1611
[2025-06-04T20:40:55.896+0000] {subprocess.py:93} INFO - 25/06/04 20:40:55 INFO DAGScheduler: Submitting 1 missing tasks from ShuffleMapStage 2 (MapPartitionsRDD[9] at count at NativeMethodAccessorImpl.java:0) (first 15 tasks are for partitions Vector(0))
[2025-06-04T20:40:55.896+0000] {subprocess.py:93} INFO - 25/06/04 20:40:55 INFO TaskSchedulerImpl: Adding task set 2.0 with 1 tasks resource profile 0
[2025-06-04T20:40:55.898+0000] {subprocess.py:93} INFO - 25/06/04 20:40:55 INFO TaskSetManager: Starting task 0.0 in stage 2.0 (TID 2) (d21a88c59131, executor driver, partition 0, PROCESS_LOCAL, 9697 bytes)
[2025-06-04T20:40:55.899+0000] {subprocess.py:93} INFO - 25/06/04 20:40:55 INFO Executor: Running task 0.0 in stage 2.0 (TID 2)
[2025-06-04T20:40:55.921+0000] {subprocess.py:93} INFO - 25/06/04 20:40:55 INFO CodeGenerator: Code generated in 8.276844 ms
[2025-06-04T20:40:55.930+0000] {subprocess.py:93} INFO - 25/06/04 20:40:55 INFO FileScanRDD: Reading File path: file:///opt/airflow/data/raw/region=asia/table=customers1/load_date=2025-06-05/part-00000-55153742-b3d2-4b89-97f3-fa1a0e0aafd9-c000.snappy.parquet, range: 0-4556, partition values: [empty row]
[2025-06-04T20:40:55.954+0000] {subprocess.py:93} INFO - 25/06/04 20:40:55 INFO Executor: Finished task 0.0 in stage 2.0 (TID 2). 2179 bytes result sent to driver
[2025-06-04T20:40:55.956+0000] {subprocess.py:93} INFO - 25/06/04 20:40:55 INFO TaskSetManager: Finished task 0.0 in stage 2.0 (TID 2) in 59 ms on d21a88c59131 (executor driver) (1/1)
[2025-06-04T20:40:55.956+0000] {subprocess.py:93} INFO - 25/06/04 20:40:55 INFO TaskSchedulerImpl: Removed TaskSet 2.0, whose tasks have all completed, from pool
[2025-06-04T20:40:55.957+0000] {subprocess.py:93} INFO - 25/06/04 20:40:55 INFO DAGScheduler: ShuffleMapStage 2 (count at NativeMethodAccessorImpl.java:0) finished in 0.073 s
[2025-06-04T20:40:55.958+0000] {subprocess.py:93} INFO - 25/06/04 20:40:55 INFO DAGScheduler: looking for newly runnable stages
[2025-06-04T20:40:55.958+0000] {subprocess.py:93} INFO - 25/06/04 20:40:55 INFO DAGScheduler: running: Set()
[2025-06-04T20:40:55.958+0000] {subprocess.py:93} INFO - 25/06/04 20:40:55 INFO DAGScheduler: waiting: Set()
[2025-06-04T20:40:55.959+0000] {subprocess.py:93} INFO - 25/06/04 20:40:55 INFO DAGScheduler: failed: Set()
[2025-06-04T20:40:55.984+0000] {subprocess.py:93} INFO - 25/06/04 20:40:55 INFO CodeGenerator: Code generated in 6.047587 ms
[2025-06-04T20:40:55.999+0000] {subprocess.py:93} INFO - 25/06/04 20:40:55 INFO SparkContext: Starting job: count at NativeMethodAccessorImpl.java:0
[2025-06-04T20:40:56.000+0000] {subprocess.py:93} INFO - 25/06/04 20:40:56 INFO DAGScheduler: Got job 3 (count at NativeMethodAccessorImpl.java:0) with 1 output partitions
[2025-06-04T20:40:56.000+0000] {subprocess.py:93} INFO - 25/06/04 20:40:56 INFO DAGScheduler: Final stage: ResultStage 4 (count at NativeMethodAccessorImpl.java:0)
[2025-06-04T20:40:56.001+0000] {subprocess.py:93} INFO - 25/06/04 20:40:56 INFO DAGScheduler: Parents of final stage: List(ShuffleMapStage 3)
[2025-06-04T20:40:56.001+0000] {subprocess.py:93} INFO - 25/06/04 20:40:56 INFO DAGScheduler: Missing parents: List()
[2025-06-04T20:40:56.001+0000] {subprocess.py:93} INFO - 25/06/04 20:40:56 INFO DAGScheduler: Submitting ResultStage 4 (MapPartitionsRDD[12] at count at NativeMethodAccessorImpl.java:0), which has no missing parents
[2025-06-04T20:40:56.008+0000] {subprocess.py:93} INFO - 25/06/04 20:40:56 INFO MemoryStore: Block broadcast_5 stored as values in memory (estimated size 12.5 KiB, free 433.6 MiB)
[2025-06-04T20:40:56.009+0000] {subprocess.py:93} INFO - 25/06/04 20:40:56 INFO MemoryStore: Block broadcast_5_piece0 stored as bytes in memory (estimated size 5.9 KiB, free 433.6 MiB)
[2025-06-04T20:40:56.010+0000] {subprocess.py:93} INFO - 25/06/04 20:40:56 INFO BlockManagerInfo: Added broadcast_5_piece0 in memory on d21a88c59131:33337 (size: 5.9 KiB, free: 434.2 MiB)
[2025-06-04T20:40:56.010+0000] {subprocess.py:93} INFO - 25/06/04 20:40:56 INFO SparkContext: Created broadcast 5 from broadcast at DAGScheduler.scala:1611
[2025-06-04T20:40:56.011+0000] {subprocess.py:93} INFO - 25/06/04 20:40:56 INFO DAGScheduler: Submitting 1 missing tasks from ResultStage 4 (MapPartitionsRDD[12] at count at NativeMethodAccessorImpl.java:0) (first 15 tasks are for partitions Vector(0))
[2025-06-04T20:40:56.011+0000] {subprocess.py:93} INFO - 25/06/04 20:40:56 INFO TaskSchedulerImpl: Adding task set 4.0 with 1 tasks resource profile 0
[2025-06-04T20:40:56.015+0000] {subprocess.py:93} INFO - 25/06/04 20:40:56 INFO TaskSetManager: Starting task 0.0 in stage 4.0 (TID 3) (d21a88c59131, executor driver, partition 0, NODE_LOCAL, 8999 bytes)
[2025-06-04T20:40:56.016+0000] {subprocess.py:93} INFO - 25/06/04 20:40:56 INFO Executor: Running task 0.0 in stage 4.0 (TID 3)
[2025-06-04T20:40:56.048+0000] {subprocess.py:93} INFO - 25/06/04 20:40:56 INFO ShuffleBlockFetcherIterator: Getting 1 (60.0 B) non-empty blocks including 1 (60.0 B) local and 0 (0.0 B) host-local and 0 (0.0 B) push-merged-local and 0 (0.0 B) remote blocks
[2025-06-04T20:40:56.049+0000] {subprocess.py:93} INFO - 25/06/04 20:40:56 INFO ShuffleBlockFetcherIterator: Started 0 remote fetches in 8 ms
[2025-06-04T20:40:56.058+0000] {subprocess.py:93} INFO - 25/06/04 20:40:56 INFO CodeGenerator: Code generated in 6.336337 ms
[2025-06-04T20:40:56.070+0000] {subprocess.py:93} INFO - 25/06/04 20:40:56 INFO Executor: Finished task 0.0 in stage 4.0 (TID 3). 4038 bytes result sent to driver
[2025-06-04T20:40:56.072+0000] {subprocess.py:93} INFO - 25/06/04 20:40:56 INFO TaskSetManager: Finished task 0.0 in stage 4.0 (TID 3) in 57 ms on d21a88c59131 (executor driver) (1/1)
[2025-06-04T20:40:56.072+0000] {subprocess.py:93} INFO - 25/06/04 20:40:56 INFO TaskSchedulerImpl: Removed TaskSet 4.0, whose tasks have all completed, from pool
[2025-06-04T20:40:56.073+0000] {subprocess.py:93} INFO - 25/06/04 20:40:56 INFO DAGScheduler: ResultStage 4 (count at NativeMethodAccessorImpl.java:0) finished in 0.066 s
[2025-06-04T20:40:56.073+0000] {subprocess.py:93} INFO - 25/06/04 20:40:56 INFO DAGScheduler: Job 3 is finished. Cancelling potential speculative or zombie tasks for this job
[2025-06-04T20:40:56.073+0000] {subprocess.py:93} INFO - 25/06/04 20:40:56 INFO TaskSchedulerImpl: Killing all running tasks in stage 4: Stage finished
[2025-06-04T20:40:56.073+0000] {subprocess.py:93} INFO - 25/06/04 20:40:56 INFO DAGScheduler: Job 3 finished: count at NativeMethodAccessorImpl.java:0, took 0.074512 s
[2025-06-04T20:40:56.077+0000] {subprocess.py:93} INFO - Processing result: {
[2025-06-04T20:40:56.077+0000] {subprocess.py:93} INFO -   "table": "customers1",
[2025-06-04T20:40:56.078+0000] {subprocess.py:93} INFO -   "region": "asia",
[2025-06-04T20:40:56.078+0000] {subprocess.py:93} INFO -   "load_date": "2025-06-05",
[2025-06-04T20:40:56.078+0000] {subprocess.py:93} INFO -   "schema_changed": true,
[2025-06-04T20:40:56.078+0000] {subprocess.py:93} INFO -   "record_count": 2
[2025-06-04T20:40:56.079+0000] {subprocess.py:93} INFO - }
[2025-06-04T20:40:56.121+0000] {subprocess.py:93} INFO - 25/06/04 20:40:56 INFO SparkContext: Invoking stop() from shutdown hook
[2025-06-04T20:40:56.121+0000] {subprocess.py:93} INFO - 25/06/04 20:40:56 INFO SparkContext: SparkContext is stopping with exitCode 0.
[2025-06-04T20:40:56.131+0000] {subprocess.py:93} INFO - 25/06/04 20:40:56 INFO SparkUI: Stopped Spark web UI at http://d21a88c59131:4040
[2025-06-04T20:40:56.142+0000] {subprocess.py:93} INFO - 25/06/04 20:40:56 INFO MapOutputTrackerMasterEndpoint: MapOutputTrackerMasterEndpoint stopped!
[2025-06-04T20:40:56.153+0000] {subprocess.py:93} INFO - 25/06/04 20:40:56 INFO MemoryStore: MemoryStore cleared
[2025-06-04T20:40:56.153+0000] {subprocess.py:93} INFO - 25/06/04 20:40:56 INFO BlockManager: BlockManager stopped
[2025-06-04T20:40:56.156+0000] {subprocess.py:93} INFO - 25/06/04 20:40:56 INFO BlockManagerMaster: BlockManagerMaster stopped
[2025-06-04T20:40:56.159+0000] {subprocess.py:93} INFO - 25/06/04 20:40:56 INFO OutputCommitCoordinator$OutputCommitCoordinatorEndpoint: OutputCommitCoordinator stopped!
[2025-06-04T20:40:56.165+0000] {subprocess.py:93} INFO - 25/06/04 20:40:56 INFO SparkContext: Successfully stopped SparkContext
[2025-06-04T20:40:56.165+0000] {subprocess.py:93} INFO - 25/06/04 20:40:56 INFO ShutdownHookManager: Shutdown hook called
[2025-06-04T20:40:56.165+0000] {subprocess.py:93} INFO - 25/06/04 20:40:56 INFO ShutdownHookManager: Deleting directory /tmp/spark-63e2316b-093a-48f7-b460-b51f629674b4/pyspark-5fe10499-09bb-4ff2-ad3c-4c39e3feb197
[2025-06-04T20:40:56.169+0000] {subprocess.py:93} INFO - 25/06/04 20:40:56 INFO ShutdownHookManager: Deleting directory /tmp/spark-78fccd2c-52ef-48aa-9fd9-27f337b9fb17
[2025-06-04T20:40:56.172+0000] {subprocess.py:93} INFO - 25/06/04 20:40:56 INFO ShutdownHookManager: Deleting directory /tmp/spark-63e2316b-093a-48f7-b460-b51f629674b4
[2025-06-04T20:40:56.220+0000] {subprocess.py:97} INFO - Command exited with return code 0
[2025-06-04T20:40:56.252+0000] {taskinstance.py:1138} INFO - Marking task as SUCCESS. dag_id=schema_evolution_framework, task_id=run_schema_evolution, execution_date=20250604T204040, start_date=20250604T204046, end_date=20250604T204056
[2025-06-04T20:40:56.292+0000] {local_task_job_runner.py:234} INFO - Task exited with return code 0
[2025-06-04T20:40:56.311+0000] {taskinstance.py:3280} INFO - 0 downstream tasks scheduled from follow-on schedule check
