[2025-06-10T07:46:57.062+0000] {taskinstance.py:1956} INFO - Dependencies all met for dep_context=non-requeueable deps ti=<TaskInstance: multi_region_to_snowflake.process_region_asia.process_product_variants_asia manual__2025-06-10T07:44:42.674457+00:00 [queued]>
[2025-06-10T07:46:57.083+0000] {taskinstance.py:1956} INFO - Dependencies all met for dep_context=requeueable deps ti=<TaskInstance: multi_region_to_snowflake.process_region_asia.process_product_variants_asia manual__2025-06-10T07:44:42.674457+00:00 [queued]>
[2025-06-10T07:46:57.084+0000] {taskinstance.py:2170} INFO - Starting attempt 1 of 2
[2025-06-10T07:46:57.111+0000] {taskinstance.py:2191} INFO - Executing <Task(_PythonDecoratedOperator): process_region_asia.process_product_variants_asia> on 2025-06-10 07:44:42.674457+00:00
[2025-06-10T07:46:57.128+0000] {standard_task_runner.py:60} INFO - Started process 3558 to run task
[2025-06-10T07:46:57.133+0000] {standard_task_runner.py:87} INFO - Running: ['airflow', 'tasks', 'run', 'multi_region_to_snowflake', 'process_region_asia.process_product_variants_asia', 'manual__2025-06-10T07:44:42.674457+00:00', '--job-id', '1007', '--raw', '--subdir', 'DAGS_FOLDER/master_dag.py', '--cfg-path', '/tmp/tmprid1_9ed']
[2025-06-10T07:46:57.135+0000] {standard_task_runner.py:88} INFO - Job 1007: Subtask process_region_asia.process_product_variants_asia
[2025-06-10T07:46:57.248+0000] {task_command.py:423} INFO - Running <TaskInstance: multi_region_to_snowflake.process_region_asia.process_product_variants_asia manual__2025-06-10T07:44:42.674457+00:00 [running]> on host b27730b0b8ce
[2025-06-10T07:46:57.585+0000] {taskinstance.py:2480} INFO - Exporting env vars: AIRFLOW_CTX_DAG_OWNER='data-team' AIRFLOW_CTX_DAG_ID='multi_region_to_snowflake' AIRFLOW_CTX_TASK_ID='process_region_asia.process_product_variants_asia' AIRFLOW_CTX_EXECUTION_DATE='2025-06-10T07:44:42.674457+00:00' AIRFLOW_CTX_TRY_NUMBER='1' AIRFLOW_CTX_DAG_RUN_ID='manual__2025-06-10T07:44:42.674457+00:00'
[2025-06-10T07:47:10.258+0000] {logging_mixin.py:188} INFO - Processing product_variants for region asia
[2025-06-10T07:47:22.657+0000] {logging_mixin.py:188} INFO - STAGING_ASIA
[2025-06-10T07:47:31.303+0000] {logging_mixin.py:188} INFO - +----------+----------+--------------------+--------------------+-------------+-------------+--------------+---------+-------------------+-------+--------+
|variant_id|product_id|         product_sku|        variant_name| variant_type|variant_value|price_diff_jpy|is_active|         created_at|_region| _source|
+----------+----------+--------------------+--------------------+-------------+-------------+--------------+---------+-------------------+-------+--------+
|         1|         1|JP-ITEM-001-BLACK...|iPhone 15 Pro Bla...|color_storage|  Black 128GB|             0|     true|2024-02-01 08:30:00|   asia|postgres|
|         2|         1|JP-ITEM-001-BLUE-...|iPhone 15 Pro Blu...|color_storage|   Blue 256GB|         20000|     true|               NULL|   asia|postgres|
|         3|         1|JP-ITEM-001-WHITE...|iPhone 15 Pro Whi...|color_storage|  White 512GB|         40000|     true|               NULL|   asia|postgres|
|         4|         2|JP-ITEM-002-SILVE...|MacBook Air Silve...| color_memory|   Silver 8GB|             0|     true|               NULL|   asia|postgres|
|         5|         2|JP-ITEM-002-GOLD-...|MacBook Air Gold ...| color_memory|    Gold 16GB|         30000|     true|               NULL|   asia|postgres|
|         6|         3|JP-ITEM-003-STANDARD|PlayStation 5 Sta...|      edition|     Standard|             0|     true|2024-02-04 00:00:00|   asia|postgres|
|         7|         3| JP-ITEM-003-DIGITAL|PlayStation 5 Dig...|      edition|      Digital|        -10000|     true|               NULL|   asia|postgres|
|         8|         4|   JP-ITEM-004-RED-M|Cotton T-Shirt Re...|   color_size|        Red M|             0|     true|               NULL|   asia|postgres|
|         9|         4|  JP-ITEM-004-BLUE-L|Cotton T-Shirt Bl...|   color_size|       Blue L|           500|     true|               NULL|   asia|postgres|
|        10|         4|JP-ITEM-004-BLACK-XL|Cotton T-Shirt Bl...|   color_size|     Black XL|          1000|     true|               NULL|   asia|postgres|
+----------+----------+--------------------+--------------------+-------------+-------------+--------------+---------+-------------------+-------+--------+
only showing top 10 rows
[2025-06-10T07:47:31.306+0000] {logging_mixin.py:188} INFO - Inserting into snowflake
[2025-06-10T07:47:48.114+0000] {logging_mixin.py:188} INFO - successfully inserted in snowflake
[2025-06-10T07:47:49.483+0000] {logging_mixin.py:188} INFO - Successfully processed 46 records for product_variants in asia
[2025-06-10T07:47:50.951+0000] {python.py:201} INFO - Done. Returned value was: {'region': 'asia', 'table': 'product_variants', 'record_count': 46, 'status': 'success'}
[2025-06-10T07:47:51.060+0000] {taskinstance.py:1138} INFO - Marking task as SUCCESS. dag_id=multi_region_to_snowflake, task_id=process_region_asia.process_product_variants_asia, execution_date=20250610T074442, start_date=20250610T074657, end_date=20250610T074751
[2025-06-10T07:47:51.165+0000] {local_task_job_runner.py:234} INFO - Task exited with return code 0
[2025-06-10T07:47:51.288+0000] {taskinstance.py:3280} INFO - 1 downstream tasks scheduled from follow-on schedule check
