[2025-06-11T15:04:46.018+0000] {taskinstance.py:1956} INFO - Dependencies all met for dep_context=non-requeueable deps ti=<TaskInstance: geography_to_snowflake.Load_geography_method scheduled__2024-01-01T01:00:00+00:00 [queued]>
[2025-06-11T15:04:46.034+0000] {taskinstance.py:1956} INFO - Dependencies all met for dep_context=requeueable deps ti=<TaskInstance: geography_to_snowflake.Load_geography_method scheduled__2024-01-01T01:00:00+00:00 [queued]>
[2025-06-11T15:04:46.035+0000] {taskinstance.py:2170} INFO - Starting attempt 3 of 2
[2025-06-11T15:04:46.071+0000] {taskinstance.py:2191} INFO - Executing <Task(_PythonDecoratedOperator): Load_geography_method> on 2024-01-01 01:00:00+00:00
[2025-06-11T15:04:46.094+0000] {standard_task_runner.py:60} INFO - Started process 317 to run task
[2025-06-11T15:04:46.105+0000] {standard_task_runner.py:87} INFO - Running: ['airflow', 'tasks', 'run', 'geography_to_snowflake', 'Load_geography_method', 'scheduled__2024-01-01T01:00:00+00:00', '--job-id', '75', '--raw', '--subdir', 'DAGS_FOLDER/star/geography.py', '--cfg-path', '/tmp/tmppzz2j232']
[2025-06-11T15:04:46.112+0000] {standard_task_runner.py:88} INFO - Job 75: Subtask Load_geography_method
[2025-06-11T15:04:46.281+0000] {task_command.py:423} INFO - Running <TaskInstance: geography_to_snowflake.Load_geography_method scheduled__2024-01-01T01:00:00+00:00 [running]> on host 94d2ab00ac05
[2025-06-11T15:04:46.566+0000] {taskinstance.py:2480} INFO - Exporting env vars: AIRFLOW_CTX_DAG_OWNER='data-team' AIRFLOW_CTX_DAG_ID='geography_to_snowflake' AIRFLOW_CTX_TASK_ID='Load_geography_method' AIRFLOW_CTX_EXECUTION_DATE='2024-01-01T01:00:00+00:00' AIRFLOW_CTX_TRY_NUMBER='3' AIRFLOW_CTX_DAG_RUN_ID='scheduled__2024-01-01T01:00:00+00:00'
[2025-06-11T15:08:13.069+0000] {logging_mixin.py:188} INFO - Data written to temporary Snowflake table.
[2025-06-11T15:08:13.616+0000] {connection.py:486} INFO - Snowflake Connector for Python Version: 3.15.0, Python Version: 3.10.13, Platform: Linux-6.11.0-26-generic-x86_64-with-glibc2.36
[2025-06-11T15:08:13.784+0000] {connection.py:1391} INFO - Connecting to GLOBAL Snowflake domain
[2025-06-11T15:08:21.170+0000] {logging_mixin.py:188} INFO - Merge operation completed successfully.
[2025-06-11T15:08:23.034+0000] {connection.py:486} INFO - Snowflake Connector for Python Version: 3.15.0, Python Version: 3.10.13, Platform: Linux-6.11.0-26-generic-x86_64-with-glibc2.36
[2025-06-11T15:08:23.077+0000] {connection.py:1391} INFO - Connecting to GLOBAL Snowflake domain
[2025-06-11T15:08:25.506+0000] {logging_mixin.py:188} INFO - Temporary table STAR.DIM_GEOGRAPHY_TEMP dropped successfully.
[2025-06-11T15:08:26.213+0000] {logging_mixin.py:188} INFO - Upsert completed from Spark CSV to Snowflake.
[2025-06-11T15:08:26.220+0000] {logging_mixin.py:188} INFO - Successfully completed processing.
[2025-06-11T15:08:26.224+0000] {python.py:201} INFO - Done. Returned value was: None
[2025-06-11T15:08:27.479+0000] {taskinstance.py:1138} INFO - Marking task as SUCCESS. dag_id=geography_to_snowflake, task_id=Load_geography_method, execution_date=20240101T010000, start_date=20250611T150446, end_date=20250611T150827
[2025-06-11T15:08:28.240+0000] {local_task_job_runner.py:234} INFO - Task exited with return code 0
[2025-06-11T15:08:29.003+0000] {taskinstance.py:3280} INFO - 0 downstream tasks scheduled from follow-on schedule check
