[2025-06-11T11:49:55.361+0000] {taskinstance.py:1956} INFO - Dependencies all met for dep_context=non-requeueable deps ti=<TaskInstance: master_etl_dag_v4.transform_to_staging scheduled__2025-06-10T02:00:00+00:00 [queued]>
[2025-06-11T11:49:55.369+0000] {taskinstance.py:1956} INFO - Dependencies all met for dep_context=requeueable deps ti=<TaskInstance: master_etl_dag_v4.transform_to_staging scheduled__2025-06-10T02:00:00+00:00 [queued]>
[2025-06-11T11:49:55.370+0000] {taskinstance.py:2170} INFO - Starting attempt 1 of 2
[2025-06-11T11:49:55.382+0000] {taskinstance.py:2191} INFO - Executing <Task(TriggerDagRunOperator): transform_to_staging> on 2025-06-10 02:00:00+00:00
[2025-06-11T11:49:55.386+0000] {standard_task_runner.py:60} INFO - Started process 18145 to run task
[2025-06-11T11:49:55.388+0000] {standard_task_runner.py:87} INFO - Running: ['airflow', 'tasks', 'run', 'master_etl_dag_v4', 'transform_to_staging', 'scheduled__2025-06-10T02:00:00+00:00', '--job-id', '1668', '--raw', '--subdir', 'DAGS_FOLDER/dwh/etl_pipeline.py', '--cfg-path', '/tmp/tmp995asks9']
[2025-06-11T11:49:55.389+0000] {standard_task_runner.py:88} INFO - Job 1668: Subtask transform_to_staging
[2025-06-11T11:49:55.405+0000] {logging_mixin.py:188} WARNING - /home/airflow/.local/lib/python3.10/site-packages/airflow/settings.py:194 DeprecationWarning: The sql_alchemy_conn option in [core] has been moved to the sql_alchemy_conn option in [database] - the old setting has been used, but please update your config.
[2025-06-11T11:49:55.443+0000] {task_command.py:423} INFO - Running <TaskInstance: master_etl_dag_v4.transform_to_staging scheduled__2025-06-10T02:00:00+00:00 [running]> on host 8b0a421f0af7
[2025-06-11T11:49:55.525+0000] {taskinstance.py:2480} INFO - Exporting env vars: AIRFLOW_CTX_DAG_OWNER='data_team' AIRFLOW_CTX_DAG_ID='master_etl_dag_v4' AIRFLOW_CTX_TASK_ID='transform_to_staging' AIRFLOW_CTX_EXECUTION_DATE='2025-06-10T02:00:00+00:00' AIRFLOW_CTX_TRY_NUMBER='1' AIRFLOW_CTX_DAG_RUN_ID='scheduled__2025-06-10T02:00:00+00:00'
[2025-06-11T11:49:55.570+0000] {taskinstance.py:2698} ERROR - Task failed with exception
Traceback (most recent call last):
  File "/home/airflow/.local/lib/python3.10/site-packages/airflow/models/taskinstance.py", line 433, in _execute_task
    result = execute_callable(context=context, **execute_callable_kwargs)
  File "/home/airflow/.local/lib/python3.10/site-packages/airflow/operators/trigger_dagrun.py", line 165, in execute
    dag_run = trigger_dag(
  File "/home/airflow/.local/lib/python3.10/site-packages/airflow/api/common/trigger_dag.py", line 125, in trigger_dag
    triggers = _trigger_dag(
  File "/home/airflow/.local/lib/python3.10/site-packages/airflow/api/common/trigger_dag.py", line 55, in _trigger_dag
    raise DagNotFound(f"Dag id {dag_id} not found")
airflow.exceptions.DagNotFound: Dag id multi_region_transform_staging not found
[2025-06-11T11:49:55.573+0000] {taskinstance.py:1138} INFO - Marking task as UP_FOR_RETRY. dag_id=master_etl_dag_v4, task_id=transform_to_staging, execution_date=20250610T020000, start_date=20250611T114955, end_date=20250611T114955
[2025-06-11T11:49:55.584+0000] {standard_task_runner.py:107} ERROR - Failed to execute job 1668 for task transform_to_staging (Dag id multi_region_transform_staging not found; 18145)
[2025-06-11T11:49:55.601+0000] {local_task_job_runner.py:234} INFO - Task exited with return code 1
[2025-06-11T11:49:55.625+0000] {taskinstance.py:3280} INFO - 0 downstream tasks scheduled from follow-on schedule check
