[2025-06-11T18:10:58.820+0000] {taskinstance.py:1956} INFO - Dependencies all met for dep_context=non-requeueable deps ti=<TaskInstance: multi_region_transform_staging_v2.process_region_eu.process_customers_eu manual__2025-06-11T18:10:56.178185+00:00 [queued]>
[2025-06-11T18:10:58.831+0000] {taskinstance.py:1956} INFO - Dependencies all met for dep_context=requeueable deps ti=<TaskInstance: multi_region_transform_staging_v2.process_region_eu.process_customers_eu manual__2025-06-11T18:10:56.178185+00:00 [queued]>
[2025-06-11T18:10:58.832+0000] {taskinstance.py:2170} INFO - Starting attempt 1 of 2
[2025-06-11T18:10:58.851+0000] {taskinstance.py:2191} INFO - Executing <Task(_PythonDecoratedOperator): process_region_eu.process_customers_eu> on 2025-06-11 18:10:56.178185+00:00
[2025-06-11T18:10:58.860+0000] {standard_task_runner.py:60} INFO - Started process 102022 to run task
[2025-06-11T18:10:58.864+0000] {standard_task_runner.py:87} INFO - Running: ['airflow', 'tasks', 'run', 'multi_region_transform_staging_v2', 'process_region_eu.process_customers_eu', 'manual__2025-06-11T18:10:56.178185+00:00', '--job-id', '563', '--raw', '--subdir', 'DAGS_FOLDER/master_dag.py', '--cfg-path', '/tmp/tmpxw01_9f5']
[2025-06-11T18:10:58.867+0000] {standard_task_runner.py:88} INFO - Job 563: Subtask process_region_eu.process_customers_eu
[2025-06-11T18:10:58.962+0000] {task_command.py:423} INFO - Running <TaskInstance: multi_region_transform_staging_v2.process_region_eu.process_customers_eu manual__2025-06-11T18:10:56.178185+00:00 [running]> on host 5950010ae7c1
[2025-06-11T18:10:59.143+0000] {taskinstance.py:2480} INFO - Exporting env vars: AIRFLOW_CTX_DAG_OWNER='data-team' AIRFLOW_CTX_DAG_ID='multi_region_transform_staging_v2' AIRFLOW_CTX_TASK_ID='process_region_eu.process_customers_eu' AIRFLOW_CTX_EXECUTION_DATE='2025-06-11T18:10:56.178185+00:00' AIRFLOW_CTX_TRY_NUMBER='1' AIRFLOW_CTX_DAG_RUN_ID='manual__2025-06-11T18:10:56.178185+00:00'
[2025-06-11T18:11:14.699+0000] {logging_mixin.py:188} INFO - Debugggg::::Vector(spark://5950010ae7c1:34169/jars/snowflake-jdbc-3.13.17.jar, spark://5950010ae7c1:34169/jars/spark-snowflake_2.12-2.16.0-spark_3.2.jar)
[2025-06-11T18:11:14.701+0000] {logging_mixin.py:188} INFO - Processing customers for region eu
[2025-06-11T18:11:14.780+0000] {logging_mixin.py:188} INFO - /opt/airflow/data/raw/region=eu/table=customers/load_date=2025-06-11
[2025-06-11T18:11:47.015+0000] {logging_mixin.py:188} INFO - STAGING_EU
[2025-06-11T18:11:52.628+0000] {logging_mixin.py:188} INFO - +-----------+--------------------+----------+---------+-----------------+------------+-------------------+----------+---------+----------------+-------------------+--------------------+-------------------+-------------------+-------------------+-------+--------+
|customer_id|               email|first_name|last_name|            phone|country_code|  registration_date|last_login|is_active|customer_segment|  gdpr_consent_date|data_retention_until|acquisition_channel|         created_at|         updated_at|_region| _source|
+-----------+--------------------+----------+---------+-----------------+------------+-------------------+----------+---------+----------------+-------------------+--------------------+-------------------+-------------------+-------------------+-------+--------+
|          1|55f537baf75630a85...|      J***|     D***| +49-***-***-5678|          DE|2025-06-11 02:14:31|      NULL|     true|         premium|2024-01-15 09:30:00| 2027-01-15 00:00:00|            organic|2025-06-11 02:14:31|2025-06-11 02:14:31|     eu|postgres|
|          2|8384b028d4f6ef2ac...|      M***|     G***| +34-***-***-4567|          ES|2025-06-11 02:14:31|      NULL|     true|        standard|2024-01-16 10:45:00| 2027-01-16 00:00:00|       social_media|2025-06-11 02:14:31|2025-06-11 02:14:31|     eu|postgres|
|          3|d9ff2965224667fd5...|      P***|     M***| +33-***-***-8901|          FR|2025-06-11 02:14:31|      NULL|     true|      enterprise|2024-01-17 08:20:00| 2027-01-17 00:00:00|           referral|2025-06-11 02:14:31|2025-06-11 02:14:31|     eu|postgres|
|          4|c797cfbb6e65ecf5d...|      A***|     R***| +39-***-***-4321|          IT|2025-06-11 02:14:31|      NULL|     true|        standard|2024-01-18 13:15:00| 2027-01-18 00:00:00|           paid_ads|2025-06-11 02:14:31|2025-06-11 02:14:31|     eu|postgres|
|          5|3e8f559f81c2fe033...|      L***|     N***| +45-***-***-3456|          DK|2025-06-11 02:14:31|      NULL|     true|         premium|2024-01-19 15:30:00| 2027-01-19 00:00:00|            organic|2025-06-11 02:14:31|2025-06-11 02:14:31|     eu|postgres|
|          6|                NULL|      S***|     D***| +33-***-***-7890|          FR|2025-06-11 02:14:31|      NULL|     true|        standard|2024-01-20 11:45:00| 2027-01-20 00:00:00|     email_campaign|2025-06-11 02:14:31|2025-06-11 02:14:31|     eu|postgres|
|          7|                NULL|      H***|     M***| +49-***-***-6543|          DE|2025-06-11 02:14:31|      NULL|     true|        standard|2024-01-21 07:30:00| 2027-01-21 00:00:00|            organic|2025-06-11 02:14:31|2025-06-11 02:14:31|     eu|postgres|
|          8|                NULL|      E***|     P***|+359-***-***-4567|          BG|2025-06-11 02:14:31|      NULL|     true|         premium|2024-01-22 14:20:00| 2027-01-22 00:00:00|           referral|2025-06-11 02:14:31|2025-06-11 02:14:31|     eu|postgres|
|          9|                NULL|      M***|     B***| +39-***-***-3344|          IT|2025-06-11 02:14:31|      NULL|     true|        standard|2024-01-23 10:10:00| 2027-01-23 00:00:00|       social_media|2025-06-11 02:14:31|2025-06-11 02:14:31|     eu|postgres|
|         10|                NULL|      I***|     L***| +46-***-***-6778|          SE|2025-06-11 02:14:31|      NULL|     true|      enterprise|2024-01-24 12:55:00| 2027-01-24 00:00:00|           paid_ads|2025-06-11 02:14:31|2025-06-11 02:14:31|     eu|postgres|
+-----------+--------------------+----------+---------+-----------------+------------+-------------------+----------+---------+----------------+-------------------+--------------------+-------------------+-------------------+-------------------+-------+--------+
only showing top 10 rows
[2025-06-11T18:11:52.631+0000] {logging_mixin.py:188} INFO - Inserting into snowflake
[2025-06-11T18:12:04.097+0000] {logging_mixin.py:188} INFO - successfully inserted in snowflake
