[2025-06-09T07:26:19.195+0000] {taskinstance.py:1956} INFO - Dependencies all met for dep_context=non-requeueable deps ti=<TaskInstance: multi_region_processor_7.process_region_us.process_wishlists_us manual__2025-06-09T07:23:36.480089+00:00 [queued]>
[2025-06-09T07:26:19.225+0000] {taskinstance.py:1956} INFO - Dependencies all met for dep_context=requeueable deps ti=<TaskInstance: multi_region_processor_7.process_region_us.process_wishlists_us manual__2025-06-09T07:23:36.480089+00:00 [queued]>
[2025-06-09T07:26:19.226+0000] {taskinstance.py:2170} INFO - Starting attempt 1 of 2
[2025-06-09T07:26:19.256+0000] {taskinstance.py:2191} INFO - Executing <Task(_PythonDecoratedOperator): process_region_us.process_wishlists_us> on 2025-06-09 07:23:36.480089+00:00
[2025-06-09T07:26:19.273+0000] {standard_task_runner.py:60} INFO - Started process 68289 to run task
[2025-06-09T07:26:19.280+0000] {standard_task_runner.py:87} INFO - Running: ['airflow', 'tasks', 'run', 'multi_region_processor_7', 'process_region_us.process_wishlists_us', 'manual__2025-06-09T07:23:36.480089+00:00', '--job-id', '542', '--raw', '--subdir', 'DAGS_FOLDER/master2.py', '--cfg-path', '/tmp/tmpzav7o679']
[2025-06-09T07:26:19.284+0000] {standard_task_runner.py:88} INFO - Job 542: Subtask process_region_us.process_wishlists_us
[2025-06-09T07:26:19.337+0000] {logging_mixin.py:188} WARNING - /home/airflow/.local/lib/python3.10/site-packages/airflow/settings.py:194 DeprecationWarning: The sql_alchemy_conn option in [core] has been moved to the sql_alchemy_conn option in [database] - the old setting has been used, but please update your config.
[2025-06-09T07:26:19.468+0000] {task_command.py:423} INFO - Running <TaskInstance: multi_region_processor_7.process_region_us.process_wishlists_us manual__2025-06-09T07:23:36.480089+00:00 [running]> on host afcdbcf38bc0
[2025-06-09T07:26:19.782+0000] {taskinstance.py:2480} INFO - Exporting env vars: AIRFLOW_CTX_DAG_OWNER='data-team' AIRFLOW_CTX_DAG_ID='multi_region_processor_7' AIRFLOW_CTX_TASK_ID='process_region_us.process_wishlists_us' AIRFLOW_CTX_EXECUTION_DATE='2025-06-09T07:23:36.480089+00:00' AIRFLOW_CTX_TRY_NUMBER='1' AIRFLOW_CTX_DAG_RUN_ID='manual__2025-06-09T07:23:36.480089+00:00'
[2025-06-09T07:26:31.169+0000] {logging_mixin.py:188} INFO - Processing wishlists for region us
[2025-06-09T07:26:48.746+0000] {logging_mixin.py:188} INFO - +-----------+-----------+----------+--------------------+-------+--------+
|wishlist_id|customer_id|product_id|            added_at|_region| _source|
+-----------+-----------+----------+--------------------+-------+--------+
|          1|          1|         2|2025-06-08 19:23:...|     us|postgres|
|          2|          1|         9|2025-06-08 19:23:...|     us|postgres|
|          3|          1|        11|2025-06-08 19:23:...|     us|postgres|
|          4|          2|         1|2025-06-08 19:23:...|     us|postgres|
|          5|          2|         6|2025-06-08 19:23:...|     us|postgres|
|          6|          2|         8|2025-06-08 19:23:...|     us|postgres|
|          7|          3|         4|2025-06-08 19:23:...|     us|postgres|
|          8|          3|         7|2025-06-08 19:23:...|     us|postgres|
|          9|          3|        12|2025-06-08 19:23:...|     us|postgres|
|         10|          4|         3|2025-06-08 19:23:...|     us|postgres|
+-----------+-----------+----------+--------------------+-------+--------+
only showing top 10 rows
[2025-06-09T07:26:53.727+0000] {logging_mixin.py:188} INFO - Successfully processed 60 records for wishlists in us
[2025-06-09T07:26:54.305+0000] {python.py:201} INFO - Done. Returned value was: {'region': 'us', 'table': 'wishlists', 'record_count': 60, 'status': 'success'}
[2025-06-09T07:26:54.413+0000] {taskinstance.py:1138} INFO - Marking task as SUCCESS. dag_id=multi_region_processor_7, task_id=process_region_us.process_wishlists_us, execution_date=20250609T072336, start_date=20250609T072619, end_date=20250609T072654
[2025-06-09T07:26:54.507+0000] {local_task_job_runner.py:234} INFO - Task exited with return code 0
[2025-06-09T07:26:54.620+0000] {taskinstance.py:3280} INFO - 0 downstream tasks scheduled from follow-on schedule check
