[2025-06-11T02:43:24.990+0000] {taskinstance.py:1956} INFO - Dependencies all met for dep_context=non-requeueable deps ti=<TaskInstance: multi_region_to_snowflake.process_region_asia.process_payments_asia scheduled__2025-06-10T00:00:00+00:00 [queued]>
[2025-06-11T02:43:25.009+0000] {taskinstance.py:1956} INFO - Dependencies all met for dep_context=requeueable deps ti=<TaskInstance: multi_region_to_snowflake.process_region_asia.process_payments_asia scheduled__2025-06-10T00:00:00+00:00 [queued]>
[2025-06-11T02:43:25.010+0000] {taskinstance.py:2170} INFO - Starting attempt 1 of 2
[2025-06-11T02:43:25.033+0000] {taskinstance.py:2191} INFO - Executing <Task(_PythonDecoratedOperator): process_region_asia.process_payments_asia> on 2025-06-10 00:00:00+00:00
[2025-06-11T02:43:25.048+0000] {standard_task_runner.py:60} INFO - Started process 45669 to run task
[2025-06-11T02:43:25.053+0000] {standard_task_runner.py:87} INFO - Running: ['airflow', 'tasks', 'run', 'multi_region_to_snowflake', 'process_region_asia.process_payments_asia', 'scheduled__2025-06-10T00:00:00+00:00', '--job-id', '1259', '--raw', '--subdir', 'DAGS_FOLDER/master_dag.py', '--cfg-path', '/tmp/tmpnujwzjy0']
[2025-06-11T02:43:25.057+0000] {standard_task_runner.py:88} INFO - Job 1259: Subtask process_region_asia.process_payments_asia
[2025-06-11T02:43:25.197+0000] {task_command.py:423} INFO - Running <TaskInstance: multi_region_to_snowflake.process_region_asia.process_payments_asia scheduled__2025-06-10T00:00:00+00:00 [running]> on host 5039a2bbff84
[2025-06-11T02:43:25.485+0000] {taskinstance.py:2480} INFO - Exporting env vars: AIRFLOW_CTX_DAG_OWNER='data-team' AIRFLOW_CTX_DAG_ID='multi_region_to_snowflake' AIRFLOW_CTX_TASK_ID='process_region_asia.process_payments_asia' AIRFLOW_CTX_EXECUTION_DATE='2025-06-10T00:00:00+00:00' AIRFLOW_CTX_TRY_NUMBER='1' AIRFLOW_CTX_DAG_RUN_ID='scheduled__2025-06-10T00:00:00+00:00'
[2025-06-11T02:43:40.666+0000] {logging_mixin.py:188} INFO - Processing payments for region asia
[2025-06-11T02:43:53.756+0000] {logging_mixin.py:188} INFO - STAGING_ASIA
[2025-06-11T02:44:07.781+0000] {logging_mixin.py:188} INFO - +----------+--------+--------------+--------------+------------------+-------------------+--------------+--------------------+-------------------+-------+--------+
|payment_id|order_id|payment_method|payment_status|payment_amount_jpy|  payment_timestamp|transaction_id|    gateway_response|         created_at|_region| _source|
+----------+--------+--------------+--------------+------------------+-------------------+--------------+--------------------+-------------------+-------+--------+
|         1|       1|   credit_card|     completed|            150800|2024-03-05 14:15:30| txn_jp_cc_001|  Payment successful|2024-03-05 14:15:30|   asia|postgres|
|         2|       2|       konbini|     completed|             10590|2024-03-06 00:00:00| txn_jp_kb_002|Payment received ...|2024-03-06 00:00:00|   asia|postgres|
|         3|       3| bank_transfer|       pending|            168300|2024-03-07 00:00:00| txn_jp_bt_003|Awaiting bank con...|2024-03-07 00:00:00|   asia|postgres|
|         4|       4|   credit_card|     completed|             17830|               NULL| txn_jp_cc_004|  Payment successful|               NULL|   asia|postgres|
|         5|       5|   credit_card|        failed|             28300|2024-09-03 00:00:00| txn_jp_cc_005|       Card declined|2024-09-03 00:00:00|   asia|postgres|
|         6|       6|       konbini|     completed|              9810|2024-03-10 16:50:15| txn_jp_kb_006|Payment received ...|2024-03-10 16:50:15|   asia|postgres|
|         7|       7|   credit_card|     completed|             77150|2024-03-11 00:00:00| txn_jp_cc_007|  Payment successful|2024-03-11 00:00:00|   asia|postgres|
|         8|       8| bank_transfer|     completed|              4850|2024-03-12 00:00:00| txn_jp_bt_008|  Transfer confirmed|2024-03-12 00:00:00|   asia|postgres|
|         9|       9|   credit_card|     completed|            173800|               NULL| txn_jp_cc_009|  Payment successful|               NULL|   asia|postgres|
|        10|      10|       konbini|      refunded|             13000|2024-03-14 00:00:00| txn_jp_kb_010|    Payment refunded|2024-03-14 00:00:00|   asia|postgres|
+----------+--------+--------------+--------------+------------------+-------------------+--------------+--------------------+-------------------+-------+--------+
only showing top 10 rows
[2025-06-11T02:44:07.781+0000] {logging_mixin.py:188} INFO - Inserting into snowflake
[2025-06-11T02:44:21.166+0000] {logging_mixin.py:188} INFO - successfully inserted in snowflake
[2025-06-11T02:44:21.191+0000] {crypto.py:82} WARNING - empty cryptography key - values will not be stored encrypted.
[2025-06-11T02:44:22.782+0000] {logging_mixin.py:188} INFO - Successfully processed 20 records for payments in asia
[2025-06-11T02:44:25.351+0000] {python.py:201} INFO - Done. Returned value was: {'region': 'asia', 'table': 'payments', 'record_count': 20, 'status': 'success'}
[2025-06-11T02:44:25.447+0000] {taskinstance.py:1138} INFO - Marking task as SUCCESS. dag_id=multi_region_to_snowflake, task_id=process_region_asia.process_payments_asia, execution_date=20250610T000000, start_date=20250611T024324, end_date=20250611T024425
[2025-06-11T02:44:25.535+0000] {local_task_job_runner.py:234} INFO - Task exited with return code 0
[2025-06-11T02:44:25.629+0000] {taskinstance.py:3280} INFO - 0 downstream tasks scheduled from follow-on schedule check
