[2025-06-11T10:15:51.502+0000] {taskinstance.py:1956} INFO - Dependencies all met for dep_context=non-requeueable deps ti=<TaskInstance: master_etl_dag.load_dim_geography scheduled__2025-06-10T02:00:00+00:00 [queued]>
[2025-06-11T10:15:51.512+0000] {taskinstance.py:1956} INFO - Dependencies all met for dep_context=requeueable deps ti=<TaskInstance: master_etl_dag.load_dim_geography scheduled__2025-06-10T02:00:00+00:00 [queued]>
[2025-06-11T10:15:51.513+0000] {taskinstance.py:2170} INFO - Starting attempt 1 of 2
[2025-06-11T10:15:51.530+0000] {taskinstance.py:2191} INFO - Executing <Task(TriggerDagRunOperator): load_dim_geography> on 2025-06-10 02:00:00+00:00
[2025-06-11T10:15:51.537+0000] {standard_task_runner.py:60} INFO - Started process 2501 to run task
[2025-06-11T10:15:51.539+0000] {standard_task_runner.py:87} INFO - Running: ['airflow', 'tasks', 'run', 'master_etl_dag', 'load_dim_geography', 'scheduled__2025-06-10T02:00:00+00:00', '--job-id', '1521', '--raw', '--subdir', 'DAGS_FOLDER/dwh/etl_pipeline.py', '--cfg-path', '/tmp/tmp8lmv93y8']
[2025-06-11T10:15:51.540+0000] {standard_task_runner.py:88} INFO - Job 1521: Subtask load_dim_geography
[2025-06-11T10:15:51.561+0000] {logging_mixin.py:188} WARNING - /home/airflow/.local/lib/python3.10/site-packages/airflow/settings.py:194 DeprecationWarning: The sql_alchemy_conn option in [core] has been moved to the sql_alchemy_conn option in [database] - the old setting has been used, but please update your config.
[2025-06-11T10:15:51.616+0000] {task_command.py:423} INFO - Running <TaskInstance: master_etl_dag.load_dim_geography scheduled__2025-06-10T02:00:00+00:00 [running]> on host 0290689661db
[2025-06-11T10:15:51.741+0000] {taskinstance.py:2480} INFO - Exporting env vars: AIRFLOW_CTX_DAG_OWNER='data_team' AIRFLOW_CTX_DAG_ID='master_etl_dag' AIRFLOW_CTX_TASK_ID='load_dim_geography' AIRFLOW_CTX_EXECUTION_DATE='2025-06-10T02:00:00+00:00' AIRFLOW_CTX_TRY_NUMBER='1' AIRFLOW_CTX_DAG_RUN_ID='scheduled__2025-06-10T02:00:00+00:00'
[2025-06-11T10:15:51.871+0000] {trigger_dagrun.py:210} INFO - Waiting for geography_to_snowflake on 2025-06-11 10:15:51.742259+00:00 to become allowed state ['success'] ...
[2025-06-11T10:16:21.915+0000] {trigger_dagrun.py:210} INFO - Waiting for geography_to_snowflake on 2025-06-11 10:15:51.742259+00:00 to become allowed state ['success'] ...
[2025-06-11T10:16:51.963+0000] {trigger_dagrun.py:210} INFO - Waiting for geography_to_snowflake on 2025-06-11 10:15:51.742259+00:00 to become allowed state ['success'] ...
[2025-06-11T10:17:22.003+0000] {trigger_dagrun.py:210} INFO - Waiting for geography_to_snowflake on 2025-06-11 10:15:51.742259+00:00 to become allowed state ['success'] ...
[2025-06-11T10:17:52.045+0000] {trigger_dagrun.py:210} INFO - Waiting for geography_to_snowflake on 2025-06-11 10:15:51.742259+00:00 to become allowed state ['success'] ...
[2025-06-11T10:18:22.085+0000] {trigger_dagrun.py:210} INFO - Waiting for geography_to_snowflake on 2025-06-11 10:15:51.742259+00:00 to become allowed state ['success'] ...
[2025-06-11T10:18:52.131+0000] {trigger_dagrun.py:210} INFO - Waiting for geography_to_snowflake on 2025-06-11 10:15:51.742259+00:00 to become allowed state ['success'] ...
[2025-06-11T10:19:22.172+0000] {trigger_dagrun.py:210} INFO - Waiting for geography_to_snowflake on 2025-06-11 10:15:51.742259+00:00 to become allowed state ['success'] ...
[2025-06-11T10:19:52.225+0000] {trigger_dagrun.py:210} INFO - Waiting for geography_to_snowflake on 2025-06-11 10:15:51.742259+00:00 to become allowed state ['success'] ...
[2025-06-11T10:20:22.268+0000] {trigger_dagrun.py:210} INFO - Waiting for geography_to_snowflake on 2025-06-11 10:15:51.742259+00:00 to become allowed state ['success'] ...
[2025-06-11T10:20:52.313+0000] {trigger_dagrun.py:210} INFO - Waiting for geography_to_snowflake on 2025-06-11 10:15:51.742259+00:00 to become allowed state ['success'] ...
[2025-06-11T10:21:22.355+0000] {trigger_dagrun.py:210} INFO - Waiting for geography_to_snowflake on 2025-06-11 10:15:51.742259+00:00 to become allowed state ['success'] ...
[2025-06-11T10:21:52.397+0000] {trigger_dagrun.py:210} INFO - Waiting for geography_to_snowflake on 2025-06-11 10:15:51.742259+00:00 to become allowed state ['success'] ...
[2025-06-11T10:22:22.438+0000] {trigger_dagrun.py:210} INFO - Waiting for geography_to_snowflake on 2025-06-11 10:15:51.742259+00:00 to become allowed state ['success'] ...
[2025-06-11T10:22:52.482+0000] {trigger_dagrun.py:210} INFO - Waiting for geography_to_snowflake on 2025-06-11 10:15:51.742259+00:00 to become allowed state ['success'] ...
[2025-06-11T10:23:22.526+0000] {trigger_dagrun.py:210} INFO - Waiting for geography_to_snowflake on 2025-06-11 10:15:51.742259+00:00 to become allowed state ['success'] ...
[2025-06-11T10:23:52.569+0000] {trigger_dagrun.py:210} INFO - Waiting for geography_to_snowflake on 2025-06-11 10:15:51.742259+00:00 to become allowed state ['success'] ...
[2025-06-11T10:24:22.615+0000] {trigger_dagrun.py:210} INFO - Waiting for geography_to_snowflake on 2025-06-11 10:15:51.742259+00:00 to become allowed state ['success'] ...
[2025-06-11T10:24:52.663+0000] {trigger_dagrun.py:210} INFO - Waiting for geography_to_snowflake on 2025-06-11 10:15:51.742259+00:00 to become allowed state ['success'] ...
[2025-06-11T10:25:22.727+0000] {trigger_dagrun.py:210} INFO - Waiting for geography_to_snowflake on 2025-06-11 10:15:51.742259+00:00 to become allowed state ['success'] ...
[2025-06-11T10:25:52.813+0000] {trigger_dagrun.py:210} INFO - Waiting for geography_to_snowflake on 2025-06-11 10:15:51.742259+00:00 to become allowed state ['success'] ...
