[2025-06-03T06:41:28.700+0000] {taskinstance.py:1956} INFO - Dependencies all met for dep_context=non-requeueable deps ti=<TaskInstance: ingest_raw_data_asia.extract_asia_asia_wishlists manual__2025-06-03T06:07:18.020901+00:00 [queued]>
[2025-06-03T06:41:28.714+0000] {taskinstance.py:1956} INFO - Dependencies all met for dep_context=requeueable deps ti=<TaskInstance: ingest_raw_data_asia.extract_asia_asia_wishlists manual__2025-06-03T06:07:18.020901+00:00 [queued]>
[2025-06-03T06:41:28.715+0000] {taskinstance.py:2170} INFO - Starting attempt 1 of 2
[2025-06-03T06:41:28.933+0000] {taskinstance.py:2191} INFO - Executing <Task(BashOperator): extract_asia_asia_wishlists> on 2025-06-03 06:07:18.020901+00:00
[2025-06-03T06:41:28.940+0000] {standard_task_runner.py:60} INFO - Started process 239 to run task
[2025-06-03T06:41:28.945+0000] {standard_task_runner.py:87} INFO - Running: ['airflow', 'tasks', 'run', 'ingest_raw_data_asia', 'extract_asia_asia_wishlists', 'manual__2025-06-03T06:07:18.020901+00:00', '--job-id', '224', '--raw', '--subdir', 'DAGS_FOLDER/asia/landing.py', '--cfg-path', '/tmp/tmpmf2szld4']
[2025-06-03T06:41:28.947+0000] {standard_task_runner.py:88} INFO - Job 224: Subtask extract_asia_asia_wishlists
[2025-06-03T06:41:29.122+0000] {logging_mixin.py:188} WARNING - /home/airflow/.local/lib/python3.10/site-packages/airflow/settings.py:194 DeprecationWarning: The sql_alchemy_conn option in [core] has been moved to the sql_alchemy_conn option in [database] - the old setting has been used, but please update your config.
[2025-06-03T06:41:29.193+0000] {task_command.py:423} INFO - Running <TaskInstance: ingest_raw_data_asia.extract_asia_asia_wishlists manual__2025-06-03T06:07:18.020901+00:00 [running]> on host 86069ee61878
[2025-06-03T06:41:29.643+0000] {taskinstance.py:2480} INFO - Exporting env vars: AIRFLOW_CTX_DAG_OWNER='airflow' AIRFLOW_CTX_DAG_ID='ingest_raw_data_asia' AIRFLOW_CTX_TASK_ID='extract_asia_asia_wishlists' AIRFLOW_CTX_EXECUTION_DATE='2025-06-03T06:07:18.020901+00:00' AIRFLOW_CTX_TRY_NUMBER='1' AIRFLOW_CTX_DAG_RUN_ID='manual__2025-06-03T06:07:18.020901+00:00'
[2025-06-03T06:41:29.644+0000] {subprocess.py:63} INFO - Tmp dir root location: /tmp
[2025-06-03T06:41:29.646+0000] {subprocess.py:75} INFO - Running command: ['/usr/bin/bash', '-c', '\n                spark-submit                     /opt/airflow/scripts/pyspark_jobs/extract_to_parquet.py                     asia.wishlists "jdbc:postgresql://retail-postgres:5432/retail_etl" retail-etl retail_etl 2025-06-03\n            ']
[2025-06-03T06:41:29.660+0000] {subprocess.py:86} INFO - Output:
[2025-06-03T06:45:14.494+0000] {subprocess.py:93} INFO - 25/06/03 06:45:14 INFO SparkContext: Running Spark version 3.5.6
[2025-06-03T06:45:14.949+0000] {subprocess.py:93} INFO - 25/06/03 06:45:14 INFO SparkContext: OS info Linux, 6.11.0-26-generic, amd64
[2025-06-03T06:45:14.949+0000] {subprocess.py:93} INFO - 25/06/03 06:45:14 INFO SparkContext: Java version 11.0.24
[2025-06-03T06:45:19.122+0000] {subprocess.py:93} INFO - 25/06/03 06:45:19 WARN NativeCodeLoader: Unable to load native-hadoop library for your platform... using builtin-java classes where applicable
[2025-06-03T06:45:21.818+0000] {subprocess.py:93} INFO - 25/06/03 06:45:21 INFO ResourceUtils: ==============================================================
[2025-06-03T06:45:21.834+0000] {subprocess.py:93} INFO - 25/06/03 06:45:21 INFO ResourceUtils: No custom resources configured for spark.driver.
[2025-06-03T06:45:21.835+0000] {subprocess.py:93} INFO - 25/06/03 06:45:21 INFO ResourceUtils: ==============================================================
[2025-06-03T06:45:21.835+0000] {subprocess.py:93} INFO - 25/06/03 06:45:21 INFO SparkContext: Submitted application: Extract_asia_asia.wishlists
[2025-06-03T06:45:22.143+0000] {subprocess.py:93} INFO - 25/06/03 06:45:22 INFO ResourceProfile: Default ResourceProfile created, executor resources: Map(cores -> name: cores, amount: 1, script: , vendor: , memory -> name: memory, amount: 1024, script: , vendor: , offHeap -> name: offHeap, amount: 0, script: , vendor: ), task resources: Map(cpus -> name: cpus, amount: 1.0)
[2025-06-03T06:45:22.244+0000] {subprocess.py:93} INFO - 25/06/03 06:45:22 INFO ResourceProfile: Limiting resource is cpu
[2025-06-03T06:45:22.247+0000] {subprocess.py:93} INFO - 25/06/03 06:45:22 INFO ResourceProfileManager: Added ResourceProfile id: 0
[2025-06-03T06:45:24.444+0000] {subprocess.py:93} INFO - 25/06/03 06:45:24 INFO SecurityManager: Changing view acls to: airflow
[2025-06-03T06:45:24.451+0000] {subprocess.py:93} INFO - 25/06/03 06:45:24 INFO SecurityManager: Changing modify acls to: airflow
[2025-06-03T06:45:24.452+0000] {subprocess.py:93} INFO - 25/06/03 06:45:24 INFO SecurityManager: Changing view acls groups to:
[2025-06-03T06:45:24.453+0000] {subprocess.py:93} INFO - 25/06/03 06:45:24 INFO SecurityManager: Changing modify acls groups to:
[2025-06-03T06:45:24.456+0000] {subprocess.py:93} INFO - 25/06/03 06:45:24 INFO SecurityManager: SecurityManager: authentication disabled; ui acls disabled; users with view permissions: airflow; groups with view permissions: EMPTY; users with modify permissions: airflow; groups with modify permissions: EMPTY
[2025-06-03T06:45:29.679+0000] {subprocess.py:93} INFO - 25/06/03 06:45:29 INFO Utils: Successfully started service 'sparkDriver' on port 45835.
[2025-06-03T06:45:30.619+0000] {subprocess.py:93} INFO - 25/06/03 06:45:30 INFO SparkEnv: Registering MapOutputTracker
[2025-06-03T06:45:32.170+0000] {subprocess.py:93} INFO - 25/06/03 06:45:32 INFO SparkEnv: Registering BlockManagerMaster
[2025-06-03T06:45:33.505+0000] {subprocess.py:93} INFO - 25/06/03 06:45:33 INFO BlockManagerMasterEndpoint: Using org.apache.spark.storage.DefaultTopologyMapper for getting topology information
[2025-06-03T06:45:33.507+0000] {subprocess.py:93} INFO - 25/06/03 06:45:33 INFO BlockManagerMasterEndpoint: BlockManagerMasterEndpoint up
[2025-06-03T06:45:33.677+0000] {subprocess.py:93} INFO - 25/06/03 06:45:33 INFO SparkEnv: Registering BlockManagerMasterHeartbeat
[2025-06-03T06:45:34.942+0000] {subprocess.py:93} INFO - 25/06/03 06:45:34 INFO DiskBlockManager: Created local directory at /tmp/blockmgr-b1c146fd-76b5-4b73-ae62-bba616c88520
[2025-06-03T06:45:35.381+0000] {subprocess.py:93} INFO - 25/06/03 06:45:35 INFO MemoryStore: MemoryStore started with capacity 434.4 MiB
[2025-06-03T06:45:36.005+0000] {subprocess.py:93} INFO - 25/06/03 06:45:36 INFO SparkEnv: Registering OutputCommitCoordinator
[2025-06-03T06:45:42.141+0000] {subprocess.py:93} INFO - 25/06/03 06:45:42 INFO JettyUtils: Start Jetty 0.0.0.0:4040 for SparkUI
[2025-06-03T06:45:42.800+0000] {subprocess.py:93} INFO - 25/06/03 06:45:42 WARN Utils: Service 'SparkUI' could not bind on port 4040. Attempting port 4041.
[2025-06-03T06:45:42.804+0000] {subprocess.py:93} INFO - 25/06/03 06:45:42 WARN Utils: Service 'SparkUI' could not bind on port 4041. Attempting port 4042.
[2025-06-03T06:45:42.898+0000] {subprocess.py:93} INFO - 25/06/03 06:45:42 INFO Utils: Successfully started service 'SparkUI' on port 4042.
[2025-06-03T06:45:45.784+0000] {subprocess.py:93} INFO - 25/06/03 06:45:45 INFO Executor: Starting executor ID driver on host 86069ee61878
[2025-06-03T06:45:45.785+0000] {subprocess.py:93} INFO - 25/06/03 06:45:45 INFO Executor: OS info Linux, 6.11.0-26-generic, amd64
[2025-06-03T06:45:45.785+0000] {subprocess.py:93} INFO - 25/06/03 06:45:45 INFO Executor: Java version 11.0.24
[2025-06-03T06:45:45.802+0000] {subprocess.py:93} INFO - 25/06/03 06:45:45 INFO Executor: Starting executor with user classpath (userClassPathFirst = false): ''
[2025-06-03T06:45:45.806+0000] {subprocess.py:93} INFO - 25/06/03 06:45:45 INFO Executor: Created or updated repl class loader org.apache.spark.util.MutableURLClassLoader@64999518 for default.
[2025-06-03T06:45:46.365+0000] {subprocess.py:93} INFO - 25/06/03 06:45:46 INFO Utils: Successfully started service 'org.apache.spark.network.netty.NettyBlockTransferService' on port 43577.
[2025-06-03T06:45:46.366+0000] {subprocess.py:93} INFO - 25/06/03 06:45:46 INFO NettyBlockTransferService: Server created on 86069ee61878:43577
[2025-06-03T06:45:46.763+0000] {subprocess.py:93} INFO - 25/06/03 06:45:46 INFO BlockManager: Using org.apache.spark.storage.RandomBlockReplicationPolicy for block replication policy
[2025-06-03T06:45:47.053+0000] {subprocess.py:93} INFO - 25/06/03 06:45:47 INFO BlockManagerMaster: Registering BlockManager BlockManagerId(driver, 86069ee61878, 43577, None)
[2025-06-03T06:45:47.076+0000] {subprocess.py:93} INFO - 25/06/03 06:45:47 INFO BlockManagerMasterEndpoint: Registering block manager 86069ee61878:43577 with 434.4 MiB RAM, BlockManagerId(driver, 86069ee61878, 43577, None)
[2025-06-03T06:45:47.085+0000] {subprocess.py:93} INFO - 25/06/03 06:45:47 INFO BlockManagerMaster: Registered BlockManager BlockManagerId(driver, 86069ee61878, 43577, None)
[2025-06-03T06:45:47.092+0000] {subprocess.py:93} INFO - 25/06/03 06:45:47 INFO BlockManager: Initialized BlockManager: BlockManagerId(driver, 86069ee61878, 43577, None)
[2025-06-03T06:45:51.845+0000] {subprocess.py:93} INFO - 25/06/03 06:45:51 INFO AsyncEventQueue: Process of event SparkListenerResourceProfileAdded(Profile: id = 0, executor resources: cores -> name: cores, amount: 1, script: , vendor: ,memory -> name: memory, amount: 1024, script: , vendor: ,offHeap -> name: offHeap, amount: 0, script: , vendor: , task resources: cpus -> name: cpus, amount: 1.0) by listener AppStatusListener took 1.388552645s.
[2025-06-03T06:46:22.012+0000] {subprocess.py:93} INFO - 25/06/03 06:46:22 INFO SharedState: Setting hive.metastore.warehouse.dir ('null') to the value of spark.sql.warehouse.dir.
[2025-06-03T06:46:22.399+0000] {subprocess.py:93} INFO - 25/06/03 06:46:22 INFO SharedState: Warehouse path is 'file:/tmp/airflowtmpcygc590g/spark-warehouse'.
[2025-06-03T06:47:11.767+0000] {subprocess.py:93} INFO - Traceback (most recent call last):
[2025-06-03T06:47:11.768+0000] {subprocess.py:93} INFO -   File "/opt/airflow/scripts/pyspark_jobs/extract_to_parquet.py", line 24, in <module>
[2025-06-03T06:47:11.769+0000] {subprocess.py:93} INFO -     .load()
[2025-06-03T06:47:12.232+0000] {subprocess.py:93} INFO -   File "/usr/local/spark/python/lib/pyspark.zip/pyspark/sql/readwriter.py", line 314, in load
[2025-06-03T06:47:12.232+0000] {subprocess.py:93} INFO -   File "/usr/local/spark/python/lib/py4j-0.10.9.7-src.zip/py4j/java_gateway.py", line 1322, in __call__
[2025-06-03T06:47:12.233+0000] {subprocess.py:93} INFO -   File "/usr/local/spark/python/lib/pyspark.zip/pyspark/errors/exceptions/captured.py", line 179, in deco
[2025-06-03T06:47:12.233+0000] {subprocess.py:93} INFO -   File "/usr/local/spark/python/lib/py4j-0.10.9.7-src.zip/py4j/protocol.py", line 326, in get_return_value
[2025-06-03T06:47:12.233+0000] {subprocess.py:93} INFO - py4j.protocol.Py4JJavaError: An error occurred while calling o30.load.
[2025-06-03T06:47:12.233+0000] {subprocess.py:93} INFO - : java.lang.ClassNotFoundException: org.postgresql.Driver
[2025-06-03T06:47:12.233+0000] {subprocess.py:93} INFO - 	at java.base/java.net.URLClassLoader.findClass(URLClassLoader.java:476)
[2025-06-03T06:47:12.233+0000] {subprocess.py:93} INFO - 	at java.base/java.lang.ClassLoader.loadClass(ClassLoader.java:594)
[2025-06-03T06:47:12.233+0000] {subprocess.py:93} INFO - 	at java.base/java.lang.ClassLoader.loadClass(ClassLoader.java:527)
[2025-06-03T06:47:12.233+0000] {subprocess.py:93} INFO - 	at org.apache.spark.sql.execution.datasources.jdbc.DriverRegistry$.register(DriverRegistry.scala:46)
[2025-06-03T06:47:12.233+0000] {subprocess.py:93} INFO - 	at org.apache.spark.sql.execution.datasources.jdbc.JDBCOptions.$anonfun$driverClass$1(JDBCOptions.scala:103)
[2025-06-03T06:47:12.233+0000] {subprocess.py:93} INFO - 	at org.apache.spark.sql.execution.datasources.jdbc.JDBCOptions.$anonfun$driverClass$1$adapted(JDBCOptions.scala:103)
[2025-06-03T06:47:12.234+0000] {subprocess.py:93} INFO - 	at scala.Option.foreach(Option.scala:407)
[2025-06-03T06:47:12.234+0000] {subprocess.py:93} INFO - 	at org.apache.spark.sql.execution.datasources.jdbc.JDBCOptions.<init>(JDBCOptions.scala:103)
[2025-06-03T06:47:12.234+0000] {subprocess.py:93} INFO - 	at org.apache.spark.sql.execution.datasources.jdbc.JDBCOptions.<init>(JDBCOptions.scala:41)
[2025-06-03T06:47:12.234+0000] {subprocess.py:93} INFO - 	at org.apache.spark.sql.execution.datasources.jdbc.JdbcRelationProvider.createRelation(JdbcRelationProvider.scala:34)
[2025-06-03T06:47:12.234+0000] {subprocess.py:93} INFO - 	at org.apache.spark.sql.execution.datasources.DataSource.resolveRelation(DataSource.scala:346)
[2025-06-03T06:47:12.234+0000] {subprocess.py:93} INFO - 	at org.apache.spark.sql.DataFrameReader.loadV1Source(DataFrameReader.scala:229)
[2025-06-03T06:47:12.234+0000] {subprocess.py:93} INFO - 	at org.apache.spark.sql.DataFrameReader.$anonfun$load$2(DataFrameReader.scala:211)
[2025-06-03T06:47:12.234+0000] {subprocess.py:93} INFO - 	at scala.Option.getOrElse(Option.scala:189)
[2025-06-03T06:47:12.234+0000] {subprocess.py:93} INFO - 	at org.apache.spark.sql.DataFrameReader.load(DataFrameReader.scala:211)
[2025-06-03T06:47:12.234+0000] {subprocess.py:93} INFO - 	at org.apache.spark.sql.DataFrameReader.load(DataFrameReader.scala:172)
[2025-06-03T06:47:12.235+0000] {subprocess.py:93} INFO - 	at java.base/jdk.internal.reflect.NativeMethodAccessorImpl.invoke0(Native Method)
[2025-06-03T06:47:12.235+0000] {subprocess.py:93} INFO - 	at java.base/jdk.internal.reflect.NativeMethodAccessorImpl.invoke(NativeMethodAccessorImpl.java:62)
[2025-06-03T06:47:12.235+0000] {subprocess.py:93} INFO - 	at java.base/jdk.internal.reflect.DelegatingMethodAccessorImpl.invoke(DelegatingMethodAccessorImpl.java:43)
[2025-06-03T06:47:12.235+0000] {subprocess.py:93} INFO - 	at java.base/java.lang.reflect.Method.invoke(Method.java:566)
[2025-06-03T06:47:12.235+0000] {subprocess.py:93} INFO - 	at py4j.reflection.MethodInvoker.invoke(MethodInvoker.java:244)
[2025-06-03T06:47:12.235+0000] {subprocess.py:93} INFO - 	at py4j.reflection.ReflectionEngine.invoke(ReflectionEngine.java:374)
[2025-06-03T06:47:12.235+0000] {subprocess.py:93} INFO - 	at py4j.Gateway.invoke(Gateway.java:282)
[2025-06-03T06:47:12.235+0000] {subprocess.py:93} INFO - 	at py4j.commands.AbstractCommand.invokeMethod(AbstractCommand.java:132)
[2025-06-03T06:47:12.235+0000] {subprocess.py:93} INFO - 	at py4j.commands.CallCommand.execute(CallCommand.java:79)
[2025-06-03T06:47:12.235+0000] {subprocess.py:93} INFO - 	at py4j.ClientServerConnection.waitForCommands(ClientServerConnection.java:182)
[2025-06-03T06:47:12.235+0000] {subprocess.py:93} INFO - 	at py4j.ClientServerConnection.run(ClientServerConnection.java:106)
[2025-06-03T06:47:12.236+0000] {subprocess.py:93} INFO - 	at java.base/java.lang.Thread.run(Thread.java:829)
[2025-06-03T06:47:12.236+0000] {subprocess.py:93} INFO - 
[2025-06-03T06:47:16.421+0000] {subprocess.py:93} INFO - 25/06/03 06:47:16 INFO SparkContext: Invoking stop() from shutdown hook
[2025-06-03T06:47:16.422+0000] {subprocess.py:93} INFO - 25/06/03 06:47:16 INFO SparkContext: SparkContext is stopping with exitCode 0.
[2025-06-03T06:47:17.130+0000] {subprocess.py:93} INFO - 25/06/03 06:47:17 INFO SparkUI: Stopped Spark web UI at http://86069ee61878:4042
[2025-06-03T06:47:17.737+0000] {subprocess.py:93} INFO - 25/06/03 06:47:17 INFO MapOutputTrackerMasterEndpoint: MapOutputTrackerMasterEndpoint stopped!
[2025-06-03T06:47:19.585+0000] {subprocess.py:93} INFO - 25/06/03 06:47:19 INFO MemoryStore: MemoryStore cleared
[2025-06-03T06:47:19.585+0000] {subprocess.py:93} INFO - 25/06/03 06:47:19 INFO BlockManager: BlockManager stopped
[2025-06-03T06:47:19.798+0000] {subprocess.py:93} INFO - 25/06/03 06:47:19 INFO BlockManagerMaster: BlockManagerMaster stopped
[2025-06-03T06:47:19.829+0000] {subprocess.py:93} INFO - 25/06/03 06:47:19 INFO OutputCommitCoordinator$OutputCommitCoordinatorEndpoint: OutputCommitCoordinator stopped!
[2025-06-03T06:47:19.919+0000] {subprocess.py:93} INFO - 25/06/03 06:47:19 INFO SparkContext: Successfully stopped SparkContext
[2025-06-03T06:47:19.934+0000] {subprocess.py:93} INFO - 25/06/03 06:47:19 INFO ShutdownHookManager: Shutdown hook called
[2025-06-03T06:47:19.936+0000] {subprocess.py:93} INFO - 25/06/03 06:47:19 INFO ShutdownHookManager: Deleting directory /tmp/spark-67f47e3a-68be-42a7-90ab-062359710d21
[2025-06-03T06:47:20.109+0000] {subprocess.py:93} INFO - 25/06/03 06:47:20 INFO ShutdownHookManager: Deleting directory /tmp/spark-04e397d0-5f66-4756-9660-8e3a26e9fc1b
[2025-06-03T06:47:20.165+0000] {subprocess.py:93} INFO - 25/06/03 06:47:20 INFO ShutdownHookManager: Deleting directory /tmp/spark-67f47e3a-68be-42a7-90ab-062359710d21/pyspark-5139ca3a-089d-4b31-9469-12841e2b6de1
[2025-06-03T06:47:22.123+0000] {subprocess.py:97} INFO - Command exited with return code 1
[2025-06-03T06:49:43.020+0000] {taskinstance.py:2698} ERROR - Task failed with exception
Traceback (most recent call last):
  File "/home/airflow/.local/lib/python3.10/site-packages/airflow/models/taskinstance.py", line 433, in _execute_task
    result = execute_callable(context=context, **execute_callable_kwargs)
  File "/home/airflow/.local/lib/python3.10/site-packages/airflow/operators/bash.py", line 212, in execute
    raise AirflowException(
airflow.exceptions.AirflowException: Bash command failed. The command returned a non-zero exit code 1.
[2025-06-03T06:50:01.449+0000] {taskinstance.py:1138} INFO - Marking task as UP_FOR_RETRY. dag_id=ingest_raw_data_asia, task_id=extract_asia_asia_wishlists, execution_date=20250603T060718, start_date=20250603T064128, end_date=20250603T064949
