[2025-06-11T16:15:20.289+0000] {taskinstance.py:1956} INFO - Dependencies all met for dep_context=non-requeueable deps ti=<TaskInstance: multi_region_transform_staging_v2.process_region_asia.process_wishlists_asia manual__2025-06-11T16:08:10.701979+00:00 [queued]>
[2025-06-11T16:15:20.319+0000] {taskinstance.py:1956} INFO - Dependencies all met for dep_context=requeueable deps ti=<TaskInstance: multi_region_transform_staging_v2.process_region_asia.process_wishlists_asia manual__2025-06-11T16:08:10.701979+00:00 [queued]>
[2025-06-11T16:15:20.320+0000] {taskinstance.py:2170} INFO - Starting attempt 1 of 2
[2025-06-11T16:15:20.353+0000] {taskinstance.py:2191} INFO - Executing <Task(_PythonDecoratedOperator): process_region_asia.process_wishlists_asia> on 2025-06-11 16:08:10.701979+00:00
[2025-06-11T16:15:20.381+0000] {standard_task_runner.py:60} INFO - Started process 36119 to run task
[2025-06-11T16:15:20.387+0000] {standard_task_runner.py:87} INFO - Running: ['airflow', 'tasks', 'run', 'multi_region_transform_staging_v2', 'process_region_asia.process_wishlists_asia', 'manual__2025-06-11T16:08:10.701979+00:00', '--job-id', '233', '--raw', '--subdir', 'DAGS_FOLDER/master_dag.py', '--cfg-path', '/tmp/tmpjrt4zbur']
[2025-06-11T16:15:20.392+0000] {standard_task_runner.py:88} INFO - Job 233: Subtask process_region_asia.process_wishlists_asia
[2025-06-11T16:15:20.555+0000] {task_command.py:423} INFO - Running <TaskInstance: multi_region_transform_staging_v2.process_region_asia.process_wishlists_asia manual__2025-06-11T16:08:10.701979+00:00 [running]> on host 5950010ae7c1
[2025-06-11T16:15:20.844+0000] {taskinstance.py:2480} INFO - Exporting env vars: AIRFLOW_CTX_DAG_OWNER='data-team' AIRFLOW_CTX_DAG_ID='multi_region_transform_staging_v2' AIRFLOW_CTX_TASK_ID='process_region_asia.process_wishlists_asia' AIRFLOW_CTX_EXECUTION_DATE='2025-06-11T16:08:10.701979+00:00' AIRFLOW_CTX_TRY_NUMBER='1' AIRFLOW_CTX_DAG_RUN_ID='manual__2025-06-11T16:08:10.701979+00:00'
[2025-06-11T16:15:33.353+0000] {logging_mixin.py:188} INFO - Debugggg::::Vector(spark://5950010ae7c1:36419/jars/spark-snowflake_2.12-2.16.0-spark_3.2.jar, spark://5950010ae7c1:36419/jars/snowflake-jdbc-3.13.17.jar)
[2025-06-11T16:15:33.354+0000] {logging_mixin.py:188} INFO - Processing wishlists for region asia
[2025-06-11T16:15:33.394+0000] {logging_mixin.py:188} INFO - /opt/airflow/data/raw/region=asia/table=wishlists/load_date=2025-06-11
[2025-06-11T16:16:00.316+0000] {logging_mixin.py:188} INFO - STAGING_ASIA
[2025-06-11T16:16:01.859+0000] {logging_mixin.py:188} INFO - +-----------+-----------+----------+-------------------+-------+--------+
|wishlist_id|customer_id|product_id|           added_at|_region| _source|
+-----------+-----------+----------+-------------------+-------+--------+
|          1|          1|         2|2024-03-17 09:30:45|   asia|postgres|
|          2|          1|         9|2024-03-17 09:35:20|   asia|postgres|
|          3|          1|        11|2024-03-17 09:40:15|   asia|postgres|
|          4|          2|         1|2024-03-18 00:00:00|   asia|postgres|
|          5|          2|         6|2024-03-18 00:00:00|   asia|postgres|
|          6|          2|         8|2024-03-18 00:00:00|   asia|postgres|
|          7|          3|         4|2024-03-19 00:00:00|   asia|postgres|
|          8|          3|         7|2024-03-19 00:00:00|   asia|postgres|
|          9|          3|        12|2024-03-19 00:00:00|   asia|postgres|
|         13|          5|         2|2024-03-21 00:00:00|   asia|postgres|
+-----------+-----------+----------+-------------------+-------+--------+
only showing top 10 rows
[2025-06-11T16:16:01.860+0000] {logging_mixin.py:188} INFO - Inserting into snowflake
[2025-06-11T16:16:11.799+0000] {logging_mixin.py:188} INFO - successfully inserted in snowflake
[2025-06-11T16:16:11.823+0000] {crypto.py:82} WARNING - empty cryptography key - values will not be stored encrypted.
[2025-06-11T16:16:12.111+0000] {logging_mixin.py:188} INFO - Successfully processed 12 records for wishlists in asia
[2025-06-11T16:16:14.433+0000] {python.py:201} INFO - Done. Returned value was: {'region': 'asia', 'table': 'wishlists', 'record_count': 12, 'status': 'success'}
[2025-06-11T16:16:14.464+0000] {taskinstance.py:1138} INFO - Marking task as SUCCESS. dag_id=multi_region_transform_staging_v2, task_id=process_region_asia.process_wishlists_asia, execution_date=20250611T160810, start_date=20250611T161520, end_date=20250611T161614
[2025-06-11T16:16:14.515+0000] {local_task_job_runner.py:234} INFO - Task exited with return code 0
[2025-06-11T16:16:14.540+0000] {taskinstance.py:3280} INFO - 0 downstream tasks scheduled from follow-on schedule check
