[2025-06-11T10:25:25.904+0000] {taskinstance.py:1956} INFO - Dependencies all met for dep_context=non-requeueable deps ti=<TaskInstance: load_parquet_to_snowflake_staging.load_latest_data scheduled__2025-06-10T00:00:00+00:00 [queued]>
[2025-06-11T10:25:26.008+0000] {taskinstance.py:1956} INFO - Dependencies all met for dep_context=requeueable deps ti=<TaskInstance: load_parquet_to_snowflake_staging.load_latest_data scheduled__2025-06-10T00:00:00+00:00 [queued]>
[2025-06-11T10:25:26.009+0000] {taskinstance.py:2170} INFO - Starting attempt 1 of 1
[2025-06-11T10:25:26.374+0000] {taskinstance.py:2191} INFO - Executing <Task(_PythonDecoratedOperator): load_latest_data> on 2025-06-10 00:00:00+00:00
[2025-06-11T10:25:26.381+0000] {standard_task_runner.py:60} INFO - Started process 8057 to run task
[2025-06-11T10:25:26.384+0000] {standard_task_runner.py:87} INFO - Running: ['airflow', 'tasks', 'run', 'load_parquet_to_snowflake_staging', 'load_latest_data', 'scheduled__2025-06-10T00:00:00+00:00', '--job-id', '1530', '--raw', '--subdir', 'DAGS_FOLDER/asia/staging_dag.py', '--cfg-path', '/tmp/tmpfq3d9k0y']
[2025-06-11T10:25:26.386+0000] {standard_task_runner.py:88} INFO - Job 1530: Subtask load_latest_data
[2025-06-11T10:25:26.613+0000] {task_command.py:423} INFO - Running <TaskInstance: load_parquet_to_snowflake_staging.load_latest_data scheduled__2025-06-10T00:00:00+00:00 [running]> on host 0290689661db
[2025-06-11T10:25:26.997+0000] {taskinstance.py:2480} INFO - Exporting env vars: AIRFLOW_CTX_DAG_OWNER='airflow' AIRFLOW_CTX_DAG_ID='load_parquet_to_snowflake_staging' AIRFLOW_CTX_TASK_ID='load_latest_data' AIRFLOW_CTX_EXECUTION_DATE='2025-06-10T00:00:00+00:00' AIRFLOW_CTX_TRY_NUMBER='1' AIRFLOW_CTX_DAG_RUN_ID='scheduled__2025-06-10T00:00:00+00:00'
[2025-06-11T10:25:26.998+0000] {taskinstance.py:2698} ERROR - Task failed with exception
Traceback (most recent call last):
  File "/home/airflow/.local/lib/python3.10/site-packages/airflow/models/taskinstance.py", line 433, in _execute_task
    result = execute_callable(context=context, **execute_callable_kwargs)
  File "/home/airflow/.local/lib/python3.10/site-packages/airflow/decorators/base.py", line 241, in execute
    return_value = super().execute(context)
  File "/home/airflow/.local/lib/python3.10/site-packages/airflow/operators/python.py", line 199, in execute
    return_value = self.execute_callable()
  File "/home/airflow/.local/lib/python3.10/site-packages/airflow/operators/python.py", line 216, in execute_callable
    return self.python_callable(*self.op_args, **self.op_kwargs)
  File "/opt/airflow/dags/asia/staging_dag.py", line 30, in load_latest_data
    folders = os.listdir(base_path)
FileNotFoundError: [Errno 2] No such file or directory: '/opt/airflow/data/raw/region=asia/table=customers/'
[2025-06-11T10:25:27.085+0000] {taskinstance.py:1138} INFO - Marking task as FAILED. dag_id=load_parquet_to_snowflake_staging, task_id=load_latest_data, execution_date=20250610T000000, start_date=20250611T102525, end_date=20250611T102527
[2025-06-11T10:25:27.118+0000] {standard_task_runner.py:107} ERROR - Failed to execute job 1530 for task load_latest_data ([Errno 2] No such file or directory: '/opt/airflow/data/raw/region=asia/table=customers/'; 8057)
[2025-06-11T10:25:27.168+0000] {local_task_job_runner.py:234} INFO - Task exited with return code 1
[2025-06-11T10:25:27.265+0000] {taskinstance.py:3280} INFO - 0 downstream tasks scheduled from follow-on schedule check
