[2025-06-11T10:15:51.495+0000] {taskinstance.py:1956} INFO - Dependencies all met for dep_context=non-requeueable deps ti=<TaskInstance: master_etl_dag.load_dim_payment_method scheduled__2025-06-10T02:00:00+00:00 [queued]>
[2025-06-11T10:15:51.506+0000] {taskinstance.py:1956} INFO - Dependencies all met for dep_context=requeueable deps ti=<TaskInstance: master_etl_dag.load_dim_payment_method scheduled__2025-06-10T02:00:00+00:00 [queued]>
[2025-06-11T10:15:51.506+0000] {taskinstance.py:2170} INFO - Starting attempt 1 of 2
[2025-06-11T10:15:51.520+0000] {taskinstance.py:2191} INFO - Executing <Task(TriggerDagRunOperator): load_dim_payment_method> on 2025-06-10 02:00:00+00:00
[2025-06-11T10:15:51.526+0000] {standard_task_runner.py:60} INFO - Started process 2499 to run task
[2025-06-11T10:15:51.530+0000] {standard_task_runner.py:87} INFO - Running: ['airflow', 'tasks', 'run', 'master_etl_dag', 'load_dim_payment_method', 'scheduled__2025-06-10T02:00:00+00:00', '--job-id', '1522', '--raw', '--subdir', 'DAGS_FOLDER/dwh/etl_pipeline.py', '--cfg-path', '/tmp/tmpreozqtdg']
[2025-06-11T10:15:51.532+0000] {standard_task_runner.py:88} INFO - Job 1522: Subtask load_dim_payment_method
[2025-06-11T10:15:51.554+0000] {logging_mixin.py:188} WARNING - /home/airflow/.local/lib/python3.10/site-packages/airflow/settings.py:194 DeprecationWarning: The sql_alchemy_conn option in [core] has been moved to the sql_alchemy_conn option in [database] - the old setting has been used, but please update your config.
[2025-06-11T10:15:51.606+0000] {task_command.py:423} INFO - Running <TaskInstance: master_etl_dag.load_dim_payment_method scheduled__2025-06-10T02:00:00+00:00 [running]> on host 0290689661db
[2025-06-11T10:15:51.740+0000] {taskinstance.py:2480} INFO - Exporting env vars: AIRFLOW_CTX_DAG_OWNER='data_team' AIRFLOW_CTX_DAG_ID='master_etl_dag' AIRFLOW_CTX_TASK_ID='load_dim_payment_method' AIRFLOW_CTX_EXECUTION_DATE='2025-06-10T02:00:00+00:00' AIRFLOW_CTX_TRY_NUMBER='1' AIRFLOW_CTX_DAG_RUN_ID='scheduled__2025-06-10T02:00:00+00:00'
[2025-06-11T10:15:51.872+0000] {trigger_dagrun.py:210} INFO - Waiting for payment_method_to_snowflake on 2025-06-11 10:15:51.740420+00:00 to become allowed state ['success'] ...
[2025-06-11T10:16:21.917+0000] {trigger_dagrun.py:210} INFO - Waiting for payment_method_to_snowflake on 2025-06-11 10:15:51.740420+00:00 to become allowed state ['success'] ...
[2025-06-11T10:16:51.965+0000] {trigger_dagrun.py:210} INFO - Waiting for payment_method_to_snowflake on 2025-06-11 10:15:51.740420+00:00 to become allowed state ['success'] ...
[2025-06-11T10:17:22.005+0000] {trigger_dagrun.py:210} INFO - Waiting for payment_method_to_snowflake on 2025-06-11 10:15:51.740420+00:00 to become allowed state ['success'] ...
[2025-06-11T10:17:52.047+0000] {trigger_dagrun.py:210} INFO - Waiting for payment_method_to_snowflake on 2025-06-11 10:15:51.740420+00:00 to become allowed state ['success'] ...
[2025-06-11T10:18:22.087+0000] {trigger_dagrun.py:210} INFO - Waiting for payment_method_to_snowflake on 2025-06-11 10:15:51.740420+00:00 to become allowed state ['success'] ...
[2025-06-11T10:18:52.131+0000] {trigger_dagrun.py:210} INFO - Waiting for payment_method_to_snowflake on 2025-06-11 10:15:51.740420+00:00 to become allowed state ['success'] ...
[2025-06-11T10:19:22.171+0000] {trigger_dagrun.py:210} INFO - Waiting for payment_method_to_snowflake on 2025-06-11 10:15:51.740420+00:00 to become allowed state ['success'] ...
[2025-06-11T10:19:52.224+0000] {trigger_dagrun.py:210} INFO - Waiting for payment_method_to_snowflake on 2025-06-11 10:15:51.740420+00:00 to become allowed state ['success'] ...
[2025-06-11T10:20:22.267+0000] {trigger_dagrun.py:210} INFO - Waiting for payment_method_to_snowflake on 2025-06-11 10:15:51.740420+00:00 to become allowed state ['success'] ...
[2025-06-11T10:20:52.310+0000] {trigger_dagrun.py:210} INFO - Waiting for payment_method_to_snowflake on 2025-06-11 10:15:51.740420+00:00 to become allowed state ['success'] ...
[2025-06-11T10:21:22.352+0000] {trigger_dagrun.py:210} INFO - Waiting for payment_method_to_snowflake on 2025-06-11 10:15:51.740420+00:00 to become allowed state ['success'] ...
[2025-06-11T10:21:52.393+0000] {trigger_dagrun.py:210} INFO - Waiting for payment_method_to_snowflake on 2025-06-11 10:15:51.740420+00:00 to become allowed state ['success'] ...
[2025-06-11T10:22:22.434+0000] {trigger_dagrun.py:210} INFO - Waiting for payment_method_to_snowflake on 2025-06-11 10:15:51.740420+00:00 to become allowed state ['success'] ...
[2025-06-11T10:22:52.477+0000] {trigger_dagrun.py:210} INFO - Waiting for payment_method_to_snowflake on 2025-06-11 10:15:51.740420+00:00 to become allowed state ['success'] ...
[2025-06-11T10:23:22.521+0000] {trigger_dagrun.py:210} INFO - Waiting for payment_method_to_snowflake on 2025-06-11 10:15:51.740420+00:00 to become allowed state ['success'] ...
[2025-06-11T10:23:52.562+0000] {trigger_dagrun.py:210} INFO - Waiting for payment_method_to_snowflake on 2025-06-11 10:15:51.740420+00:00 to become allowed state ['success'] ...
[2025-06-11T10:24:22.608+0000] {trigger_dagrun.py:210} INFO - Waiting for payment_method_to_snowflake on 2025-06-11 10:15:51.740420+00:00 to become allowed state ['success'] ...
[2025-06-11T10:24:52.653+0000] {trigger_dagrun.py:210} INFO - Waiting for payment_method_to_snowflake on 2025-06-11 10:15:51.740420+00:00 to become allowed state ['success'] ...
[2025-06-11T10:25:22.719+0000] {trigger_dagrun.py:210} INFO - Waiting for payment_method_to_snowflake on 2025-06-11 10:15:51.740420+00:00 to become allowed state ['success'] ...
[2025-06-11T10:25:52.791+0000] {trigger_dagrun.py:210} INFO - Waiting for payment_method_to_snowflake on 2025-06-11 10:15:51.740420+00:00 to become allowed state ['success'] ...
