[2025-06-09T07:33:52.955+0000] {taskinstance.py:1956} INFO - Dependencies all met for dep_context=non-requeueable deps ti=<TaskInstance: multi_region_processor_7.process_region_us.process_wishlists_us manual__2025-06-09T07:28:55.367695+00:00 [queued]>
[2025-06-09T07:33:52.979+0000] {taskinstance.py:1956} INFO - Dependencies all met for dep_context=requeueable deps ti=<TaskInstance: multi_region_processor_7.process_region_us.process_wishlists_us manual__2025-06-09T07:28:55.367695+00:00 [queued]>
[2025-06-09T07:33:52.979+0000] {taskinstance.py:2170} INFO - Starting attempt 1 of 2
[2025-06-09T07:33:53.003+0000] {taskinstance.py:2191} INFO - Executing <Task(_PythonDecoratedOperator): process_region_us.process_wishlists_us> on 2025-06-09 07:28:55.367695+00:00
[2025-06-09T07:33:53.012+0000] {standard_task_runner.py:60} INFO - Started process 83567 to run task
[2025-06-09T07:33:53.017+0000] {standard_task_runner.py:87} INFO - Running: ['airflow', 'tasks', 'run', 'multi_region_processor_7', 'process_region_us.process_wishlists_us', 'manual__2025-06-09T07:28:55.367695+00:00', '--job-id', '602', '--raw', '--subdir', 'DAGS_FOLDER/master2.py', '--cfg-path', '/tmp/tmpstoqe6cy']
[2025-06-09T07:33:53.019+0000] {standard_task_runner.py:88} INFO - Job 602: Subtask process_region_us.process_wishlists_us
[2025-06-09T07:33:53.051+0000] {logging_mixin.py:188} WARNING - /home/airflow/.local/lib/python3.10/site-packages/airflow/settings.py:194 DeprecationWarning: The sql_alchemy_conn option in [core] has been moved to the sql_alchemy_conn option in [database] - the old setting has been used, but please update your config.
[2025-06-09T07:33:53.135+0000] {task_command.py:423} INFO - Running <TaskInstance: multi_region_processor_7.process_region_us.process_wishlists_us manual__2025-06-09T07:28:55.367695+00:00 [running]> on host afcdbcf38bc0
[2025-06-09T07:33:53.358+0000] {taskinstance.py:2480} INFO - Exporting env vars: AIRFLOW_CTX_DAG_OWNER='data-team' AIRFLOW_CTX_DAG_ID='multi_region_processor_7' AIRFLOW_CTX_TASK_ID='process_region_us.process_wishlists_us' AIRFLOW_CTX_EXECUTION_DATE='2025-06-09T07:28:55.367695+00:00' AIRFLOW_CTX_TRY_NUMBER='1' AIRFLOW_CTX_DAG_RUN_ID='manual__2025-06-09T07:28:55.367695+00:00'
[2025-06-09T07:34:05.909+0000] {logging_mixin.py:188} INFO - Processing wishlists for region us
[2025-06-09T07:34:22.692+0000] {logging_mixin.py:188} INFO - +-----------+-----------+----------+--------------------+-------+--------+
|wishlist_id|customer_id|product_id|            added_at|_region| _source|
+-----------+-----------+----------+--------------------+-------+--------+
|          1|          1|         2|2025-06-08 19:23:...|     us|postgres|
|          2|          1|         9|2025-06-08 19:23:...|     us|postgres|
|          3|          1|        11|2025-06-08 19:23:...|     us|postgres|
|          4|          2|         1|2025-06-08 19:23:...|     us|postgres|
|          5|          2|         6|2025-06-08 19:23:...|     us|postgres|
|          6|          2|         8|2025-06-08 19:23:...|     us|postgres|
|          7|          3|         4|2025-06-08 19:23:...|     us|postgres|
|          8|          3|         7|2025-06-08 19:23:...|     us|postgres|
|          9|          3|        12|2025-06-08 19:23:...|     us|postgres|
|         10|          4|         3|2025-06-08 19:23:...|     us|postgres|
+-----------+-----------+----------+--------------------+-------+--------+
only showing top 10 rows
[2025-06-09T07:34:29.047+0000] {logging_mixin.py:188} INFO - Successfully processed 60 records for wishlists in us
[2025-06-09T07:34:29.614+0000] {python.py:201} INFO - Done. Returned value was: {'region': 'us', 'table': 'wishlists', 'record_count': 60, 'status': 'success'}
[2025-06-09T07:34:29.833+0000] {taskinstance.py:1138} INFO - Marking task as SUCCESS. dag_id=multi_region_processor_7, task_id=process_region_us.process_wishlists_us, execution_date=20250609T072855, start_date=20250609T073352, end_date=20250609T073429
[2025-06-09T07:34:29.919+0000] {local_task_job_runner.py:234} INFO - Task exited with return code 0
[2025-06-09T07:34:30.066+0000] {taskinstance.py:3280} INFO - 0 downstream tasks scheduled from follow-on schedule check
