[2025-06-09T08:01:22.657+0000] {taskinstance.py:1956} INFO - Dependencies all met for dep_context=non-requeueable deps ti=<TaskInstance: multi_region_processor_7.process_region_asia.process_cart_items_asia manual__2025-06-09T07:57:43.664622+00:00 [queued]>
[2025-06-09T08:01:22.665+0000] {taskinstance.py:1956} INFO - Dependencies all met for dep_context=requeueable deps ti=<TaskInstance: multi_region_processor_7.process_region_asia.process_cart_items_asia manual__2025-06-09T07:57:43.664622+00:00 [queued]>
[2025-06-09T08:01:22.666+0000] {taskinstance.py:2170} INFO - Starting attempt 1 of 2
[2025-06-09T08:01:22.677+0000] {taskinstance.py:2191} INFO - Executing <Task(_PythonDecoratedOperator): process_region_asia.process_cart_items_asia> on 2025-06-09 07:57:43.664622+00:00
[2025-06-09T08:01:22.683+0000] {standard_task_runner.py:60} INFO - Started process 97761 to run task
[2025-06-09T08:01:22.685+0000] {standard_task_runner.py:87} INFO - Running: ['airflow', 'tasks', 'run', 'multi_region_processor_7', 'process_region_asia.process_cart_items_asia', 'manual__2025-06-09T07:57:43.664622+00:00', '--job-id', '638', '--raw', '--subdir', 'DAGS_FOLDER/master2.py', '--cfg-path', '/tmp/tmpo8zh8rza']
[2025-06-09T08:01:22.687+0000] {standard_task_runner.py:88} INFO - Job 638: Subtask process_region_asia.process_cart_items_asia
[2025-06-09T08:01:22.706+0000] {logging_mixin.py:188} WARNING - /home/airflow/.local/lib/python3.10/site-packages/airflow/settings.py:194 DeprecationWarning: The sql_alchemy_conn option in [core] has been moved to the sql_alchemy_conn option in [database] - the old setting has been used, but please update your config.
[2025-06-09T08:01:22.746+0000] {task_command.py:423} INFO - Running <TaskInstance: multi_region_processor_7.process_region_asia.process_cart_items_asia manual__2025-06-09T07:57:43.664622+00:00 [running]> on host afcdbcf38bc0
[2025-06-09T08:01:22.850+0000] {taskinstance.py:2480} INFO - Exporting env vars: AIRFLOW_CTX_DAG_OWNER='data-team' AIRFLOW_CTX_DAG_ID='multi_region_processor_7' AIRFLOW_CTX_TASK_ID='process_region_asia.process_cart_items_asia' AIRFLOW_CTX_EXECUTION_DATE='2025-06-09T07:57:43.664622+00:00' AIRFLOW_CTX_TRY_NUMBER='1' AIRFLOW_CTX_DAG_RUN_ID='manual__2025-06-09T07:57:43.664622+00:00'
[2025-06-09T08:01:28.038+0000] {logging_mixin.py:188} INFO - Processing cart_items for region asia
[2025-06-09T08:01:38.729+0000] {logging_mixin.py:188} INFO - +------------+-------+----------+--------+--------------+-------------------+-------------------+-------+--------+
|cart_item_id|cart_id|variant_id|quantity|unit_price_jpy|           added_at|         updated_at|_region| _source|
+------------+-------+----------+--------+--------------+-------------------+-------------------+-------+--------+
|           1|      1|         2|       1|        169800|2024-03-15 09:35:20|2024-03-15 09:35:20|   asia|postgres|
|           2|      1|         8|       2|          3500|2024-03-15 09:40:35|2024-03-15 09:40:35|   asia|postgres|
|           3|      2|        15|       1|        213000|2024-03-16 11:20:10|2024-03-16 11:20:10|   asia|postgres|
|           4|      3|        19|       1|         12800|2024-03-17 13:25:45|2024-03-17 13:25:45|   asia|postgres|
|           5|      4|         6|       1|         49800|2024-03-18 15:45:30|2024-03-18 15:45:30|   asia|postgres|
|           6|      5|        12|       1|          8900|2024-03-19 08:50:15|2024-03-19 08:50:15|   asia|postgres|
|           1|      1|         2|       1|        169800|2024-03-15 09:35:20|2024-03-15 09:35:20|   asia|postgres|
|           2|      1|         8|       2|          3500|2024-03-15 09:40:35|2024-03-15 09:40:35|   asia|postgres|
|           3|      2|        15|       1|        213000|2024-03-16 11:20:10|2024-03-16 11:20:10|   asia|postgres|
|           4|      3|        19|       1|         12800|2024-03-17 13:25:45|2024-03-17 13:25:45|   asia|postgres|
+------------+-------+----------+--------+--------------+-------------------+-------------------+-------+--------+
only showing top 10 rows
[2025-06-09T08:01:38.736+0000] {logging_mixin.py:188} INFO - Inserting into snowflake
[2025-06-09T08:01:50.856+0000] {logging_mixin.py:188} INFO - successfully inserted in snowflake
[2025-06-09T08:01:51.495+0000] {logging_mixin.py:188} INFO - Successfully processed 12 records for cart_items in asia
[2025-06-09T08:01:53.375+0000] {python.py:201} INFO - Done. Returned value was: {'region': 'asia', 'table': 'cart_items', 'record_count': 12, 'status': 'success'}
[2025-06-09T08:01:53.404+0000] {taskinstance.py:1138} INFO - Marking task as SUCCESS. dag_id=multi_region_processor_7, task_id=process_region_asia.process_cart_items_asia, execution_date=20250609T075743, start_date=20250609T080122, end_date=20250609T080153
[2025-06-09T08:01:53.453+0000] {local_task_job_runner.py:234} INFO - Task exited with return code 0
[2025-06-09T08:01:53.481+0000] {taskinstance.py:3280} INFO - 0 downstream tasks scheduled from follow-on schedule check
