[2025-06-03T06:07:22.802+0000] {taskinstance.py:1956} INFO - Dependencies all met for dep_context=non-requeueable deps ti=<TaskInstance: ingest_raw_data_asia.extract_asia_asia_customers scheduled__2025-06-02T00:00:00+00:00 [queued]>
[2025-06-03T06:07:22.820+0000] {taskinstance.py:1956} INFO - Dependencies all met for dep_context=requeueable deps ti=<TaskInstance: ingest_raw_data_asia.extract_asia_asia_customers scheduled__2025-06-02T00:00:00+00:00 [queued]>
[2025-06-03T06:07:22.821+0000] {taskinstance.py:2170} INFO - Starting attempt 1 of 2
[2025-06-03T06:07:25.734+0000] {taskinstance.py:2191} INFO - Executing <Task(BashOperator): extract_asia_asia_customers> on 2025-06-02 00:00:00+00:00
[2025-06-03T06:07:25.747+0000] {standard_task_runner.py:60} INFO - Started process 3368 to run task
[2025-06-03T06:07:25.750+0000] {standard_task_runner.py:87} INFO - Running: ['airflow', 'tasks', 'run', 'ingest_raw_data_asia', 'extract_asia_asia_customers', 'scheduled__2025-06-02T00:00:00+00:00', '--job-id', '213', '--raw', '--subdir', 'DAGS_FOLDER/asia/landing.py', '--cfg-path', '/tmp/tmp2l4q2ptd']
[2025-06-03T06:07:25.752+0000] {standard_task_runner.py:88} INFO - Job 213: Subtask extract_asia_asia_customers
[2025-06-03T06:07:25.909+0000] {logging_mixin.py:188} WARNING - /home/airflow/.local/lib/python3.10/site-packages/airflow/settings.py:194 DeprecationWarning: The sql_alchemy_conn option in [core] has been moved to the sql_alchemy_conn option in [database] - the old setting has been used, but please update your config.
[2025-06-03T06:07:25.950+0000] {task_command.py:423} INFO - Running <TaskInstance: ingest_raw_data_asia.extract_asia_asia_customers scheduled__2025-06-02T00:00:00+00:00 [running]> on host 86069ee61878
[2025-06-03T06:07:26.517+0000] {taskinstance.py:2480} INFO - Exporting env vars: AIRFLOW_CTX_DAG_OWNER='airflow' AIRFLOW_CTX_DAG_ID='ingest_raw_data_asia' AIRFLOW_CTX_TASK_ID='extract_asia_asia_customers' AIRFLOW_CTX_EXECUTION_DATE='2025-06-02T00:00:00+00:00' AIRFLOW_CTX_TRY_NUMBER='1' AIRFLOW_CTX_DAG_RUN_ID='scheduled__2025-06-02T00:00:00+00:00'
[2025-06-03T06:07:26.519+0000] {subprocess.py:63} INFO - Tmp dir root location: /tmp
[2025-06-03T06:07:26.521+0000] {subprocess.py:75} INFO - Running command: ['/usr/bin/bash', '-c', '\n                spark-submit                     /opt/airflow/scripts/pyspark_jobs/extract_to_parquet.py                     asia.customers "jdbc:postgresql://retail-postgres:5432/retail_etl" retail-etl retail_etl 2025-06-02\n            ']
[2025-06-03T06:07:26.539+0000] {subprocess.py:86} INFO - Output:
[2025-06-03T06:09:41.954+0000] {subprocess.py:93} INFO - 25/06/03 06:09:41 INFO SparkContext: Running Spark version 3.5.6
[2025-06-03T06:09:42.074+0000] {subprocess.py:93} INFO - 25/06/03 06:09:41 INFO SparkContext: OS info Linux, 6.11.0-26-generic, amd64
[2025-06-03T06:09:42.074+0000] {subprocess.py:93} INFO - 25/06/03 06:09:41 INFO SparkContext: Java version 11.0.24
[2025-06-03T06:09:45.060+0000] {subprocess.py:93} INFO - 25/06/03 06:09:45 WARN NativeCodeLoader: Unable to load native-hadoop library for your platform... using builtin-java classes where applicable
[2025-06-03T06:09:47.142+0000] {subprocess.py:93} INFO - 25/06/03 06:09:47 INFO ResourceUtils: ==============================================================
[2025-06-03T06:09:47.150+0000] {subprocess.py:93} INFO - 25/06/03 06:09:47 INFO ResourceUtils: No custom resources configured for spark.driver.
[2025-06-03T06:09:47.151+0000] {subprocess.py:93} INFO - 25/06/03 06:09:47 INFO ResourceUtils: ==============================================================
[2025-06-03T06:09:47.151+0000] {subprocess.py:93} INFO - 25/06/03 06:09:47 INFO SparkContext: Submitted application: Extract_asia_asia.customers
[2025-06-03T06:09:47.400+0000] {subprocess.py:93} INFO - 25/06/03 06:09:47 INFO ResourceProfile: Default ResourceProfile created, executor resources: Map(cores -> name: cores, amount: 1, script: , vendor: , memory -> name: memory, amount: 1024, script: , vendor: , offHeap -> name: offHeap, amount: 0, script: , vendor: ), task resources: Map(cpus -> name: cpus, amount: 1.0)
[2025-06-03T06:09:47.466+0000] {subprocess.py:93} INFO - 25/06/03 06:09:47 INFO ResourceProfile: Limiting resource is cpu
[2025-06-03T06:09:47.467+0000] {subprocess.py:93} INFO - 25/06/03 06:09:47 INFO ResourceProfileManager: Added ResourceProfile id: 0
[2025-06-03T06:09:49.418+0000] {subprocess.py:93} INFO - 25/06/03 06:09:49 INFO SecurityManager: Changing view acls to: airflow
[2025-06-03T06:09:49.423+0000] {subprocess.py:93} INFO - 25/06/03 06:09:49 INFO SecurityManager: Changing modify acls to: airflow
[2025-06-03T06:09:49.427+0000] {subprocess.py:93} INFO - 25/06/03 06:09:49 INFO SecurityManager: Changing view acls groups to:
[2025-06-03T06:09:49.430+0000] {subprocess.py:93} INFO - 25/06/03 06:09:49 INFO SecurityManager: Changing modify acls groups to:
[2025-06-03T06:09:49.433+0000] {subprocess.py:93} INFO - 25/06/03 06:09:49 INFO SecurityManager: SecurityManager: authentication disabled; ui acls disabled; users with view permissions: airflow; groups with view permissions: EMPTY; users with modify permissions: airflow; groups with modify permissions: EMPTY
[2025-06-03T06:10:03.465+0000] {subprocess.py:93} INFO - 25/06/03 06:10:03 INFO Utils: Successfully started service 'sparkDriver' on port 46641.
[2025-06-03T06:10:07.223+0000] {subprocess.py:93} INFO - 25/06/03 06:10:07 INFO SparkEnv: Registering MapOutputTracker
[2025-06-03T06:10:07.320+0000] {subprocess.py:93} INFO - 25/06/03 06:10:07 INFO SparkEnv: Registering BlockManagerMaster
[2025-06-03T06:10:07.370+0000] {subprocess.py:93} INFO - 25/06/03 06:10:07 INFO BlockManagerMasterEndpoint: Using org.apache.spark.storage.DefaultTopologyMapper for getting topology information
[2025-06-03T06:10:07.374+0000] {subprocess.py:93} INFO - 25/06/03 06:10:07 INFO BlockManagerMasterEndpoint: BlockManagerMasterEndpoint up
[2025-06-03T06:10:07.381+0000] {subprocess.py:93} INFO - 25/06/03 06:10:07 INFO SparkEnv: Registering BlockManagerMasterHeartbeat
[2025-06-03T06:10:07.420+0000] {subprocess.py:93} INFO - 25/06/03 06:10:07 INFO DiskBlockManager: Created local directory at /tmp/blockmgr-d5a91e47-445f-488b-b927-1354a16a56bd
[2025-06-03T06:10:07.442+0000] {subprocess.py:93} INFO - 25/06/03 06:10:07 INFO MemoryStore: MemoryStore started with capacity 434.4 MiB
[2025-06-03T06:10:08.079+0000] {subprocess.py:93} INFO - 25/06/03 06:10:08 INFO SparkEnv: Registering OutputCommitCoordinator
[2025-06-03T06:10:11.653+0000] {subprocess.py:93} INFO - 25/06/03 06:10:11 INFO JettyUtils: Start Jetty 0.0.0.0:4040 for SparkUI
[2025-06-03T06:10:13.023+0000] {subprocess.py:93} INFO - 25/06/03 06:10:13 WARN Utils: Service 'SparkUI' could not bind on port 4040. Attempting port 4041.
[2025-06-03T06:10:13.024+0000] {subprocess.py:93} INFO - 25/06/03 06:10:13 WARN Utils: Service 'SparkUI' could not bind on port 4041. Attempting port 4042.
[2025-06-03T06:10:13.024+0000] {subprocess.py:93} INFO - 25/06/03 06:10:13 WARN Utils: Service 'SparkUI' could not bind on port 4042. Attempting port 4043.
[2025-06-03T06:10:13.098+0000] {subprocess.py:93} INFO - 25/06/03 06:10:13 INFO Utils: Successfully started service 'SparkUI' on port 4043.
[2025-06-03T06:10:15.126+0000] {subprocess.py:93} INFO - 25/06/03 06:10:15 INFO Executor: Starting executor ID driver on host 86069ee61878
[2025-06-03T06:10:15.132+0000] {subprocess.py:93} INFO - 25/06/03 06:10:15 INFO Executor: OS info Linux, 6.11.0-26-generic, amd64
[2025-06-03T06:10:15.136+0000] {subprocess.py:93} INFO - 25/06/03 06:10:15 INFO Executor: Java version 11.0.24
[2025-06-03T06:10:15.200+0000] {subprocess.py:93} INFO - 25/06/03 06:10:15 INFO Executor: Starting executor with user classpath (userClassPathFirst = false): ''
[2025-06-03T06:10:15.202+0000] {subprocess.py:93} INFO - 25/06/03 06:10:15 INFO Executor: Created or updated repl class loader org.apache.spark.util.MutableURLClassLoader@7c1da3ff for default.
[2025-06-03T06:10:15.388+0000] {subprocess.py:93} INFO - 25/06/03 06:10:15 INFO Utils: Successfully started service 'org.apache.spark.network.netty.NettyBlockTransferService' on port 33943.
[2025-06-03T06:10:15.390+0000] {subprocess.py:93} INFO - 25/06/03 06:10:15 INFO NettyBlockTransferService: Server created on 86069ee61878:33943
[2025-06-03T06:10:15.422+0000] {subprocess.py:93} INFO - 25/06/03 06:10:15 INFO BlockManager: Using org.apache.spark.storage.RandomBlockReplicationPolicy for block replication policy
[2025-06-03T06:10:15.657+0000] {subprocess.py:93} INFO - 25/06/03 06:10:15 INFO BlockManagerMaster: Registering BlockManager BlockManagerId(driver, 86069ee61878, 33943, None)
[2025-06-03T06:10:15.671+0000] {subprocess.py:93} INFO - 25/06/03 06:10:15 INFO BlockManagerMasterEndpoint: Registering block manager 86069ee61878:33943 with 434.4 MiB RAM, BlockManagerId(driver, 86069ee61878, 33943, None)
[2025-06-03T06:10:15.682+0000] {subprocess.py:93} INFO - 25/06/03 06:10:15 INFO BlockManagerMaster: Registered BlockManager BlockManagerId(driver, 86069ee61878, 33943, None)
[2025-06-03T06:10:15.685+0000] {subprocess.py:93} INFO - 25/06/03 06:10:15 INFO BlockManager: Initialized BlockManager: BlockManagerId(driver, 86069ee61878, 33943, None)
[2025-06-03T06:10:48.914+0000] {subprocess.py:93} INFO - 25/06/03 06:10:48 INFO AsyncEventQueue: Process of event SparkListenerExecutorMetricsUpdate(driver,WrappedArray(),Map((-1,-1) -> org.apache.spark.executor.ExecutorMetrics@44de674b)) by listener AppStatusListener took 3.274236532s.
[2025-06-03T06:11:04.898+0000] {subprocess.py:93} INFO - 25/06/03 06:11:04 INFO SharedState: Setting hive.metastore.warehouse.dir ('null') to the value of spark.sql.warehouse.dir.
[2025-06-03T06:11:05.181+0000] {subprocess.py:93} INFO - 25/06/03 06:11:05 INFO SharedState: Warehouse path is 'file:/tmp/airflowtmpfo8ll70b/spark-warehouse'.
[2025-06-03T06:11:56.299+0000] {subprocess.py:93} INFO - Traceback (most recent call last):
[2025-06-03T06:11:56.801+0000] {subprocess.py:93} INFO -   File "/opt/airflow/scripts/pyspark_jobs/extract_to_parquet.py", line 24, in <module>
[2025-06-03T06:11:56.801+0000] {subprocess.py:93} INFO -     .load()
[2025-06-03T06:11:56.801+0000] {subprocess.py:93} INFO -   File "/usr/local/spark/python/lib/pyspark.zip/pyspark/sql/readwriter.py", line 314, in load
[2025-06-03T06:11:59.626+0000] {subprocess.py:93} INFO -   File "/usr/local/spark/python/lib/py4j-0.10.9.7-src.zip/py4j/java_gateway.py", line 1322, in __call__
[2025-06-03T06:11:59.704+0000] {subprocess.py:93} INFO -   File "/usr/local/spark/python/lib/pyspark.zip/pyspark/errors/exceptions/captured.py", line 179, in deco
[2025-06-03T06:11:59.770+0000] {subprocess.py:93} INFO -   File "/usr/local/spark/python/lib/py4j-0.10.9.7-src.zip/py4j/protocol.py", line 326, in get_return_value
[2025-06-03T06:11:59.877+0000] {subprocess.py:93} INFO - py4j.protocol.Py4JJavaError: An error occurred while calling o30.load.
[2025-06-03T06:11:59.878+0000] {subprocess.py:93} INFO - : java.lang.ClassNotFoundException: org.postgresql.Driver
[2025-06-03T06:11:59.878+0000] {subprocess.py:93} INFO - 	at java.base/java.net.URLClassLoader.findClass(URLClassLoader.java:476)
[2025-06-03T06:11:59.878+0000] {subprocess.py:93} INFO - 	at java.base/java.lang.ClassLoader.loadClass(ClassLoader.java:594)
[2025-06-03T06:12:00.107+0000] {subprocess.py:93} INFO - 	at java.base/java.lang.ClassLoader.loadClass(ClassLoader.java:527)
[2025-06-03T06:12:00.107+0000] {subprocess.py:93} INFO - 	at org.apache.spark.sql.execution.datasources.jdbc.DriverRegistry$.register(DriverRegistry.scala:46)
[2025-06-03T06:12:00.107+0000] {subprocess.py:93} INFO - 	at org.apache.spark.sql.execution.datasources.jdbc.JDBCOptions.$anonfun$driverClass$1(JDBCOptions.scala:103)
[2025-06-03T06:12:00.107+0000] {subprocess.py:93} INFO - 	at org.apache.spark.sql.execution.datasources.jdbc.JDBCOptions.$anonfun$driverClass$1$adapted(JDBCOptions.scala:103)
[2025-06-03T06:12:00.108+0000] {subprocess.py:93} INFO - 	at scala.Option.foreach(Option.scala:407)
[2025-06-03T06:12:00.108+0000] {subprocess.py:93} INFO - 	at org.apache.spark.sql.execution.datasources.jdbc.JDBCOptions.<init>(JDBCOptions.scala:103)
[2025-06-03T06:12:00.108+0000] {subprocess.py:93} INFO - 	at org.apache.spark.sql.execution.datasources.jdbc.JDBCOptions.<init>(JDBCOptions.scala:41)
[2025-06-03T06:12:00.108+0000] {subprocess.py:93} INFO - 	at org.apache.spark.sql.execution.datasources.jdbc.JdbcRelationProvider.createRelation(JdbcRelationProvider.scala:34)
[2025-06-03T06:12:00.108+0000] {subprocess.py:93} INFO - 	at org.apache.spark.sql.execution.datasources.DataSource.resolveRelation(DataSource.scala:346)
[2025-06-03T06:12:00.108+0000] {subprocess.py:93} INFO - 	at org.apache.spark.sql.DataFrameReader.loadV1Source(DataFrameReader.scala:229)
[2025-06-03T06:12:00.108+0000] {subprocess.py:93} INFO - 	at org.apache.spark.sql.DataFrameReader.$anonfun$load$2(DataFrameReader.scala:211)
[2025-06-03T06:12:00.109+0000] {subprocess.py:93} INFO - 	at scala.Option.getOrElse(Option.scala:189)
[2025-06-03T06:12:00.109+0000] {subprocess.py:93} INFO - 	at org.apache.spark.sql.DataFrameReader.load(DataFrameReader.scala:211)
[2025-06-03T06:12:00.109+0000] {subprocess.py:93} INFO - 	at org.apache.spark.sql.DataFrameReader.load(DataFrameReader.scala:172)
[2025-06-03T06:12:00.109+0000] {subprocess.py:93} INFO - 	at java.base/jdk.internal.reflect.NativeMethodAccessorImpl.invoke0(Native Method)
[2025-06-03T06:12:00.109+0000] {subprocess.py:93} INFO - 	at java.base/jdk.internal.reflect.NativeMethodAccessorImpl.invoke(NativeMethodAccessorImpl.java:62)
[2025-06-03T06:12:00.109+0000] {subprocess.py:93} INFO - 	at java.base/jdk.internal.reflect.DelegatingMethodAccessorImpl.invoke(DelegatingMethodAccessorImpl.java:43)
[2025-06-03T06:12:00.109+0000] {subprocess.py:93} INFO - 	at java.base/java.lang.reflect.Method.invoke(Method.java:566)
[2025-06-03T06:12:00.109+0000] {subprocess.py:93} INFO - 	at py4j.reflection.MethodInvoker.invoke(MethodInvoker.java:244)
[2025-06-03T06:12:00.109+0000] {subprocess.py:93} INFO - 	at py4j.reflection.ReflectionEngine.invoke(ReflectionEngine.java:374)
[2025-06-03T06:12:00.110+0000] {subprocess.py:93} INFO - 	at py4j.Gateway.invoke(Gateway.java:282)
[2025-06-03T06:12:00.110+0000] {subprocess.py:93} INFO - 	at py4j.commands.AbstractCommand.invokeMethod(AbstractCommand.java:132)
[2025-06-03T06:12:00.110+0000] {subprocess.py:93} INFO - 	at py4j.commands.CallCommand.execute(CallCommand.java:79)
[2025-06-03T06:12:00.110+0000] {subprocess.py:93} INFO - 	at py4j.ClientServerConnection.waitForCommands(ClientServerConnection.java:182)
[2025-06-03T06:12:00.110+0000] {subprocess.py:93} INFO - 	at py4j.ClientServerConnection.run(ClientServerConnection.java:106)
[2025-06-03T06:12:00.110+0000] {subprocess.py:93} INFO - 	at java.base/java.lang.Thread.run(Thread.java:829)
[2025-06-03T06:12:00.110+0000] {subprocess.py:93} INFO - 
[2025-06-03T06:12:04.489+0000] {subprocess.py:93} INFO - 25/06/03 06:12:04 INFO SparkContext: Invoking stop() from shutdown hook
[2025-06-03T06:12:04.495+0000] {subprocess.py:93} INFO - 25/06/03 06:12:04 INFO SparkContext: SparkContext is stopping with exitCode 0.
[2025-06-03T06:12:05.620+0000] {subprocess.py:93} INFO - 25/06/03 06:12:05 INFO SparkUI: Stopped Spark web UI at http://86069ee61878:4043
[2025-06-03T06:12:06.430+0000] {subprocess.py:93} INFO - 25/06/03 06:12:06 INFO MapOutputTrackerMasterEndpoint: MapOutputTrackerMasterEndpoint stopped!
[2025-06-03T06:12:11.024+0000] {subprocess.py:93} INFO - 25/06/03 06:12:11 INFO MemoryStore: MemoryStore cleared
[2025-06-03T06:12:11.024+0000] {subprocess.py:93} INFO - 25/06/03 06:12:11 INFO BlockManager: BlockManager stopped
[2025-06-03T06:12:11.252+0000] {subprocess.py:93} INFO - 25/06/03 06:12:11 INFO BlockManagerMaster: BlockManagerMaster stopped
[2025-06-03T06:12:11.292+0000] {subprocess.py:93} INFO - 25/06/03 06:12:11 INFO OutputCommitCoordinator$OutputCommitCoordinatorEndpoint: OutputCommitCoordinator stopped!
[2025-06-03T06:12:11.332+0000] {subprocess.py:93} INFO - 25/06/03 06:12:11 INFO SparkContext: Successfully stopped SparkContext
[2025-06-03T06:12:11.334+0000] {subprocess.py:93} INFO - 25/06/03 06:12:11 INFO ShutdownHookManager: Shutdown hook called
[2025-06-03T06:12:11.335+0000] {subprocess.py:93} INFO - 25/06/03 06:12:11 INFO ShutdownHookManager: Deleting directory /tmp/spark-b52d83ff-09e0-4cb3-ac26-1e289d1f3d61/pyspark-cccef651-96e6-4404-bde1-95d5bab3d502
[2025-06-03T06:12:11.353+0000] {subprocess.py:93} INFO - 25/06/03 06:12:11 INFO ShutdownHookManager: Deleting directory /tmp/spark-e78fae40-37a9-448a-9e8f-6710e6809129
[2025-06-03T06:12:11.359+0000] {subprocess.py:93} INFO - 25/06/03 06:12:11 INFO ShutdownHookManager: Deleting directory /tmp/spark-b52d83ff-09e0-4cb3-ac26-1e289d1f3d61
[2025-06-03T06:12:12.533+0000] {subprocess.py:97} INFO - Command exited with return code 1
[2025-06-03T06:12:15.852+0000] {taskinstance.py:2698} ERROR - Task failed with exception
Traceback (most recent call last):
  File "/home/airflow/.local/lib/python3.10/site-packages/airflow/models/taskinstance.py", line 433, in _execute_task
    result = execute_callable(context=context, **execute_callable_kwargs)
  File "/home/airflow/.local/lib/python3.10/site-packages/airflow/operators/bash.py", line 212, in execute
    raise AirflowException(
airflow.exceptions.AirflowException: Bash command failed. The command returned a non-zero exit code 1.
[2025-06-03T06:12:19.045+0000] {taskinstance.py:1138} INFO - Marking task as UP_FOR_RETRY. dag_id=ingest_raw_data_asia, task_id=extract_asia_asia_customers, execution_date=20250602T000000, start_date=20250603T060722, end_date=20250603T061217
[2025-06-03T06:12:23.823+0000] {standard_task_runner.py:107} ERROR - Failed to execute job 213 for task extract_asia_asia_customers (Bash command failed. The command returned a non-zero exit code 1.; 3368)
[2025-06-03T06:12:27.350+0000] {local_task_job_runner.py:234} INFO - Task exited with return code 1
[2025-06-03T06:12:51.739+0000] {taskinstance.py:3280} INFO - 0 downstream tasks scheduled from follow-on schedule check
