[2025-06-09T08:49:31.617+0000] {taskinstance.py:1956} INFO - Dependencies all met for dep_context=non-requeueable deps ti=<TaskInstance: multi_region_processor_7.process_region_asia.process_returns_asia manual__2025-06-09T08:34:23.510298+00:00 [queued]>
[2025-06-09T08:49:31.665+0000] {taskinstance.py:1956} INFO - Dependencies all met for dep_context=requeueable deps ti=<TaskInstance: multi_region_processor_7.process_region_asia.process_returns_asia manual__2025-06-09T08:34:23.510298+00:00 [queued]>
[2025-06-09T08:49:31.666+0000] {taskinstance.py:2170} INFO - Starting attempt 1 of 2
[2025-06-09T08:49:31.718+0000] {taskinstance.py:2191} INFO - Executing <Task(_PythonDecoratedOperator): process_region_asia.process_returns_asia> on 2025-06-09 08:34:23.510298+00:00
[2025-06-09T08:49:31.743+0000] {standard_task_runner.py:60} INFO - Started process 9885 to run task
[2025-06-09T08:49:31.759+0000] {standard_task_runner.py:87} INFO - Running: ['airflow', 'tasks', 'run', 'multi_region_processor_7', 'process_region_asia.process_returns_asia', 'manual__2025-06-09T08:34:23.510298+00:00', '--job-id', '707', '--raw', '--subdir', 'DAGS_FOLDER/master2.py', '--cfg-path', '/tmp/tmp46j40q5y']
[2025-06-09T08:49:31.766+0000] {standard_task_runner.py:88} INFO - Job 707: Subtask process_region_asia.process_returns_asia
[2025-06-09T08:49:31.966+0000] {task_command.py:423} INFO - Running <TaskInstance: multi_region_processor_7.process_region_asia.process_returns_asia manual__2025-06-09T08:34:23.510298+00:00 [running]> on host afcdbcf38bc0
[2025-06-09T08:49:32.323+0000] {taskinstance.py:2480} INFO - Exporting env vars: AIRFLOW_CTX_DAG_OWNER='data-team' AIRFLOW_CTX_DAG_ID='multi_region_processor_7' AIRFLOW_CTX_TASK_ID='process_region_asia.process_returns_asia' AIRFLOW_CTX_EXECUTION_DATE='2025-06-09T08:34:23.510298+00:00' AIRFLOW_CTX_TRY_NUMBER='1' AIRFLOW_CTX_DAG_RUN_ID='manual__2025-06-09T08:34:23.510298+00:00'
[2025-06-09T08:49:46.135+0000] {logging_mixin.py:188} INFO - Processing returns for region asia
[2025-06-09T08:49:59.034+0000] {logging_mixin.py:188} INFO - STAGING_ASIA
[2025-06-09T08:50:09.102+0000] {logging_mixin.py:188} INFO - +---------+--------+-----------------+-------------+-------------------+-------------+-------------------+-------------------+-------+--------+
|return_id|order_id|    return_reason|return_status|   return_timestamp|refund_amount|   refund_timestamp|         created_at|_region| _source|
+---------+--------+-----------------+-------------+-------------------+-------------+-------------------+-------------------+-------+--------+
|        1|       5|     Changed mind|     approved|2024-03-11 10:30:45|        28300|2024-03-12 14:15:30|2024-03-11 10:30:45|   asia|postgres|
|        2|      10|Product defective|   processing|2024-03-16 00:00:00|        13000|               NULL|2024-03-16 00:00:00|   asia|postgres|
|        1|       5|     Changed mind|     approved|2024-03-11 10:30:45|        28300|2024-03-12 14:15:30|2024-03-11 10:30:45|   asia|postgres|
|        2|      10|Product defective|   processing|2024-03-16 00:00:00|        13000|               NULL|2024-03-16 00:00:00|   asia|postgres|
+---------+--------+-----------------+-------------+-------------------+-------------+-------------------+-------------------+-------+--------+
[2025-06-09T08:50:09.105+0000] {logging_mixin.py:188} INFO - Inserting into snowflake
[2025-06-09T08:50:27.712+0000] {logging_mixin.py:188} INFO - successfully inserted in snowflake
[2025-06-09T08:50:29.832+0000] {logging_mixin.py:188} INFO - Successfully processed 4 records for returns in asia
[2025-06-09T08:50:31.402+0000] {python.py:201} INFO - Done. Returned value was: {'region': 'asia', 'table': 'returns', 'record_count': 4, 'status': 'success'}
[2025-06-09T08:50:31.524+0000] {taskinstance.py:1138} INFO - Marking task as SUCCESS. dag_id=multi_region_processor_7, task_id=process_region_asia.process_returns_asia, execution_date=20250609T083423, start_date=20250609T084931, end_date=20250609T085031
[2025-06-09T08:50:31.602+0000] {local_task_job_runner.py:234} INFO - Task exited with return code 0
[2025-06-09T08:50:31.716+0000] {taskinstance.py:3280} INFO - 0 downstream tasks scheduled from follow-on schedule check
