[2025-06-03T06:41:31.728+0000] {taskinstance.py:1956} INFO - Dependencies all met for dep_context=non-requeueable deps ti=<TaskInstance: ingest_raw_data_asia.extract_asia_asia_categories scheduled__2025-06-02T00:00:00+00:00 [queued]>
[2025-06-03T06:41:31.740+0000] {taskinstance.py:1956} INFO - Dependencies all met for dep_context=requeueable deps ti=<TaskInstance: ingest_raw_data_asia.extract_asia_asia_categories scheduled__2025-06-02T00:00:00+00:00 [queued]>
[2025-06-03T06:41:31.741+0000] {taskinstance.py:2170} INFO - Starting attempt 2 of 2
[2025-06-03T06:41:31.914+0000] {taskinstance.py:2191} INFO - Executing <Task(BashOperator): extract_asia_asia_categories> on 2025-06-02 00:00:00+00:00
[2025-06-03T06:41:31.919+0000] {standard_task_runner.py:60} INFO - Started process 317 to run task
[2025-06-03T06:41:31.925+0000] {standard_task_runner.py:87} INFO - Running: ['airflow', 'tasks', 'run', 'ingest_raw_data_asia', 'extract_asia_asia_categories', 'scheduled__2025-06-02T00:00:00+00:00', '--job-id', '228', '--raw', '--subdir', 'DAGS_FOLDER/asia/landing.py', '--cfg-path', '/tmp/tmpiqclklco']
[2025-06-03T06:41:31.931+0000] {standard_task_runner.py:88} INFO - Job 228: Subtask extract_asia_asia_categories
[2025-06-03T06:41:32.112+0000] {logging_mixin.py:188} WARNING - /home/airflow/.local/lib/python3.10/site-packages/airflow/settings.py:194 DeprecationWarning: The sql_alchemy_conn option in [core] has been moved to the sql_alchemy_conn option in [database] - the old setting has been used, but please update your config.
[2025-06-03T06:41:32.167+0000] {task_command.py:423} INFO - Running <TaskInstance: ingest_raw_data_asia.extract_asia_asia_categories scheduled__2025-06-02T00:00:00+00:00 [running]> on host 86069ee61878
[2025-06-03T06:41:32.433+0000] {taskinstance.py:2480} INFO - Exporting env vars: AIRFLOW_CTX_DAG_OWNER='airflow' AIRFLOW_CTX_DAG_ID='ingest_raw_data_asia' AIRFLOW_CTX_TASK_ID='extract_asia_asia_categories' AIRFLOW_CTX_EXECUTION_DATE='2025-06-02T00:00:00+00:00' AIRFLOW_CTX_TRY_NUMBER='2' AIRFLOW_CTX_DAG_RUN_ID='scheduled__2025-06-02T00:00:00+00:00'
[2025-06-03T06:41:32.434+0000] {subprocess.py:63} INFO - Tmp dir root location: /tmp
[2025-06-03T06:41:32.435+0000] {subprocess.py:75} INFO - Running command: ['/usr/bin/bash', '-c', '\n                spark-submit                     /opt/airflow/scripts/pyspark_jobs/extract_to_parquet.py                     asia.categories "jdbc:postgresql://retail-postgres:5432/retail_etl" retail-etl retail_etl 2025-06-02\n            ']
[2025-06-03T06:41:32.443+0000] {subprocess.py:86} INFO - Output:
[2025-06-03T06:45:14.494+0000] {subprocess.py:93} INFO - 25/06/03 06:45:14 INFO SparkContext: Running Spark version 3.5.6
[2025-06-03T06:45:14.888+0000] {subprocess.py:93} INFO - 25/06/03 06:45:14 INFO SparkContext: OS info Linux, 6.11.0-26-generic, amd64
[2025-06-03T06:45:14.888+0000] {subprocess.py:93} INFO - 25/06/03 06:45:14 INFO SparkContext: Java version 11.0.24
[2025-06-03T06:45:19.119+0000] {subprocess.py:93} INFO - 25/06/03 06:45:19 WARN NativeCodeLoader: Unable to load native-hadoop library for your platform... using builtin-java classes where applicable
[2025-06-03T06:45:21.803+0000] {subprocess.py:93} INFO - 25/06/03 06:45:21 INFO ResourceUtils: ==============================================================
[2025-06-03T06:45:21.804+0000] {subprocess.py:93} INFO - 25/06/03 06:45:21 INFO ResourceUtils: No custom resources configured for spark.driver.
[2025-06-03T06:45:21.804+0000] {subprocess.py:93} INFO - 25/06/03 06:45:21 INFO ResourceUtils: ==============================================================
[2025-06-03T06:45:21.805+0000] {subprocess.py:93} INFO - 25/06/03 06:45:21 INFO SparkContext: Submitted application: Extract_asia_asia.categories
[2025-06-03T06:45:22.158+0000] {subprocess.py:93} INFO - 25/06/03 06:45:22 INFO ResourceProfile: Default ResourceProfile created, executor resources: Map(cores -> name: cores, amount: 1, script: , vendor: , memory -> name: memory, amount: 1024, script: , vendor: , offHeap -> name: offHeap, amount: 0, script: , vendor: ), task resources: Map(cpus -> name: cpus, amount: 1.0)
[2025-06-03T06:45:22.196+0000] {subprocess.py:93} INFO - 25/06/03 06:45:22 INFO ResourceProfile: Limiting resource is cpu
[2025-06-03T06:45:22.199+0000] {subprocess.py:93} INFO - 25/06/03 06:45:22 INFO ResourceProfileManager: Added ResourceProfile id: 0
[2025-06-03T06:45:24.445+0000] {subprocess.py:93} INFO - 25/06/03 06:45:24 INFO SecurityManager: Changing view acls to: airflow
[2025-06-03T06:45:24.448+0000] {subprocess.py:93} INFO - 25/06/03 06:45:24 INFO SecurityManager: Changing modify acls to: airflow
[2025-06-03T06:45:24.452+0000] {subprocess.py:93} INFO - 25/06/03 06:45:24 INFO SecurityManager: Changing view acls groups to:
[2025-06-03T06:45:24.453+0000] {subprocess.py:93} INFO - 25/06/03 06:45:24 INFO SecurityManager: Changing modify acls groups to:
[2025-06-03T06:45:24.453+0000] {subprocess.py:93} INFO - 25/06/03 06:45:24 INFO SecurityManager: SecurityManager: authentication disabled; ui acls disabled; users with view permissions: airflow; groups with view permissions: EMPTY; users with modify permissions: airflow; groups with modify permissions: EMPTY
[2025-06-03T06:45:29.673+0000] {subprocess.py:93} INFO - 25/06/03 06:45:29 INFO Utils: Successfully started service 'sparkDriver' on port 38115.
[2025-06-03T06:45:30.614+0000] {subprocess.py:93} INFO - 25/06/03 06:45:30 INFO SparkEnv: Registering MapOutputTracker
[2025-06-03T06:45:32.133+0000] {subprocess.py:93} INFO - 25/06/03 06:45:32 INFO SparkEnv: Registering BlockManagerMaster
[2025-06-03T06:45:33.497+0000] {subprocess.py:93} INFO - 25/06/03 06:45:33 INFO BlockManagerMasterEndpoint: Using org.apache.spark.storage.DefaultTopologyMapper for getting topology information
[2025-06-03T06:45:33.497+0000] {subprocess.py:93} INFO - 25/06/03 06:45:33 INFO BlockManagerMasterEndpoint: BlockManagerMasterEndpoint up
[2025-06-03T06:45:33.686+0000] {subprocess.py:93} INFO - 25/06/03 06:45:33 INFO SparkEnv: Registering BlockManagerMasterHeartbeat
[2025-06-03T06:45:34.945+0000] {subprocess.py:93} INFO - 25/06/03 06:45:34 INFO DiskBlockManager: Created local directory at /tmp/blockmgr-2fe92661-93c9-4fb7-9755-123c95d6e2c6
[2025-06-03T06:45:35.382+0000] {subprocess.py:93} INFO - 25/06/03 06:45:35 INFO MemoryStore: MemoryStore started with capacity 434.4 MiB
[2025-06-03T06:45:36.008+0000] {subprocess.py:93} INFO - 25/06/03 06:45:36 INFO SparkEnv: Registering OutputCommitCoordinator
[2025-06-03T06:45:42.143+0000] {subprocess.py:93} INFO - 25/06/03 06:45:42 INFO JettyUtils: Start Jetty 0.0.0.0:4040 for SparkUI
[2025-06-03T06:45:42.814+0000] {subprocess.py:93} INFO - 25/06/03 06:45:42 WARN Utils: Service 'SparkUI' could not bind on port 4040. Attempting port 4041.
[2025-06-03T06:45:42.815+0000] {subprocess.py:93} INFO - 25/06/03 06:45:42 WARN Utils: Service 'SparkUI' could not bind on port 4041. Attempting port 4042.
[2025-06-03T06:45:42.815+0000] {subprocess.py:93} INFO - 25/06/03 06:45:42 WARN Utils: Service 'SparkUI' could not bind on port 4042. Attempting port 4043.
[2025-06-03T06:45:42.815+0000] {subprocess.py:93} INFO - 25/06/03 06:45:42 WARN Utils: Service 'SparkUI' could not bind on port 4043. Attempting port 4044.
[2025-06-03T06:45:42.817+0000] {subprocess.py:93} INFO - 25/06/03 06:45:42 WARN Utils: Service 'SparkUI' could not bind on port 4044. Attempting port 4045.
[2025-06-03T06:45:42.819+0000] {subprocess.py:93} INFO - 25/06/03 06:45:42 WARN Utils: Service 'SparkUI' could not bind on port 4045. Attempting port 4046.
[2025-06-03T06:45:42.820+0000] {subprocess.py:93} INFO - 25/06/03 06:45:42 WARN Utils: Service 'SparkUI' could not bind on port 4046. Attempting port 4047.
[2025-06-03T06:45:42.824+0000] {subprocess.py:93} INFO - 25/06/03 06:45:42 WARN Utils: Service 'SparkUI' could not bind on port 4047. Attempting port 4048.
[2025-06-03T06:45:42.892+0000] {subprocess.py:93} INFO - 25/06/03 06:45:42 INFO Utils: Successfully started service 'SparkUI' on port 4048.
[2025-06-03T06:45:45.782+0000] {subprocess.py:93} INFO - 25/06/03 06:45:45 INFO Executor: Starting executor ID driver on host 86069ee61878
[2025-06-03T06:45:45.785+0000] {subprocess.py:93} INFO - 25/06/03 06:45:45 INFO Executor: OS info Linux, 6.11.0-26-generic, amd64
[2025-06-03T06:45:45.786+0000] {subprocess.py:93} INFO - 25/06/03 06:45:45 INFO Executor: Java version 11.0.24
[2025-06-03T06:45:45.825+0000] {subprocess.py:93} INFO - 25/06/03 06:45:45 INFO Executor: Starting executor with user classpath (userClassPathFirst = false): ''
[2025-06-03T06:45:45.826+0000] {subprocess.py:93} INFO - 25/06/03 06:45:45 INFO Executor: Created or updated repl class loader org.apache.spark.util.MutableURLClassLoader@234898c3 for default.
[2025-06-03T06:45:46.377+0000] {subprocess.py:93} INFO - 25/06/03 06:45:46 INFO Utils: Successfully started service 'org.apache.spark.network.netty.NettyBlockTransferService' on port 45029.
[2025-06-03T06:45:46.377+0000] {subprocess.py:93} INFO - 25/06/03 06:45:46 INFO NettyBlockTransferService: Server created on 86069ee61878:45029
[2025-06-03T06:45:46.762+0000] {subprocess.py:93} INFO - 25/06/03 06:45:46 INFO BlockManager: Using org.apache.spark.storage.RandomBlockReplicationPolicy for block replication policy
[2025-06-03T06:45:47.065+0000] {subprocess.py:93} INFO - 25/06/03 06:45:47 INFO BlockManagerMaster: Registering BlockManager BlockManagerId(driver, 86069ee61878, 45029, None)
[2025-06-03T06:45:47.095+0000] {subprocess.py:93} INFO - 25/06/03 06:45:47 INFO BlockManagerMasterEndpoint: Registering block manager 86069ee61878:45029 with 434.4 MiB RAM, BlockManagerId(driver, 86069ee61878, 45029, None)
[2025-06-03T06:45:47.120+0000] {subprocess.py:93} INFO - 25/06/03 06:45:47 INFO BlockManagerMaster: Registered BlockManager BlockManagerId(driver, 86069ee61878, 45029, None)
[2025-06-03T06:45:47.132+0000] {subprocess.py:93} INFO - 25/06/03 06:45:47 INFO BlockManager: Initialized BlockManager: BlockManagerId(driver, 86069ee61878, 45029, None)
[2025-06-03T06:45:51.854+0000] {subprocess.py:93} INFO - 25/06/03 06:45:51 INFO AsyncEventQueue: Process of event SparkListenerResourceProfileAdded(Profile: id = 0, executor resources: cores -> name: cores, amount: 1, script: , vendor: ,memory -> name: memory, amount: 1024, script: , vendor: ,offHeap -> name: offHeap, amount: 0, script: , vendor: , task resources: cpus -> name: cpus, amount: 1.0) by listener AppStatusListener took 1.374567172s.
[2025-06-03T06:46:21.964+0000] {subprocess.py:93} INFO - 25/06/03 06:46:21 INFO SharedState: Setting hive.metastore.warehouse.dir ('null') to the value of spark.sql.warehouse.dir.
[2025-06-03T06:46:22.397+0000] {subprocess.py:93} INFO - 25/06/03 06:46:22 INFO SharedState: Warehouse path is 'file:/tmp/airflowtmpi9h1x2jm/spark-warehouse'.
[2025-06-03T06:47:11.760+0000] {subprocess.py:93} INFO - Traceback (most recent call last):
[2025-06-03T06:47:11.761+0000] {subprocess.py:93} INFO -   File "/opt/airflow/scripts/pyspark_jobs/extract_to_parquet.py", line 24, in <module>
[2025-06-03T06:47:11.761+0000] {subprocess.py:93} INFO -     .load()
[2025-06-03T06:47:11.761+0000] {subprocess.py:93} INFO -   File "/usr/local/spark/python/lib/pyspark.zip/pyspark/sql/readwriter.py", line 314, in load
[2025-06-03T06:47:11.930+0000] {subprocess.py:93} INFO -   File "/usr/local/spark/python/lib/py4j-0.10.9.7-src.zip/py4j/java_gateway.py", line 1322, in __call__
[2025-06-03T06:47:11.930+0000] {subprocess.py:93} INFO -   File "/usr/local/spark/python/lib/pyspark.zip/pyspark/errors/exceptions/captured.py", line 179, in deco
[2025-06-03T06:47:11.931+0000] {subprocess.py:93} INFO -   File "/usr/local/spark/python/lib/py4j-0.10.9.7-src.zip/py4j/protocol.py", line 326, in get_return_value
[2025-06-03T06:47:11.931+0000] {subprocess.py:93} INFO - py4j.protocol.Py4JJavaError: An error occurred while calling o30.load.
[2025-06-03T06:47:12.020+0000] {subprocess.py:93} INFO - : java.lang.ClassNotFoundException: org.postgresql.Driver
[2025-06-03T06:47:12.021+0000] {subprocess.py:93} INFO - 	at java.base/java.net.URLClassLoader.findClass(URLClassLoader.java:476)
[2025-06-03T06:47:12.021+0000] {subprocess.py:93} INFO - 	at java.base/java.lang.ClassLoader.loadClass(ClassLoader.java:594)
[2025-06-03T06:47:12.021+0000] {subprocess.py:93} INFO - 	at java.base/java.lang.ClassLoader.loadClass(ClassLoader.java:527)
[2025-06-03T06:47:12.230+0000] {subprocess.py:93} INFO - 	at org.apache.spark.sql.execution.datasources.jdbc.DriverRegistry$.register(DriverRegistry.scala:46)
[2025-06-03T06:47:12.230+0000] {subprocess.py:93} INFO - 	at org.apache.spark.sql.execution.datasources.jdbc.JDBCOptions.$anonfun$driverClass$1(JDBCOptions.scala:103)
[2025-06-03T06:47:12.595+0000] {subprocess.py:93} INFO - 	at org.apache.spark.sql.execution.datasources.jdbc.JDBCOptions.$anonfun$driverClass$1$adapted(JDBCOptions.scala:103)
[2025-06-03T06:47:12.595+0000] {subprocess.py:93} INFO - 	at scala.Option.foreach(Option.scala:407)
[2025-06-03T06:47:12.596+0000] {subprocess.py:93} INFO - 	at org.apache.spark.sql.execution.datasources.jdbc.JDBCOptions.<init>(JDBCOptions.scala:103)
[2025-06-03T06:47:12.596+0000] {subprocess.py:93} INFO - 	at org.apache.spark.sql.execution.datasources.jdbc.JDBCOptions.<init>(JDBCOptions.scala:41)
[2025-06-03T06:47:12.596+0000] {subprocess.py:93} INFO - 	at org.apache.spark.sql.execution.datasources.jdbc.JdbcRelationProvider.createRelation(JdbcRelationProvider.scala:34)
[2025-06-03T06:47:12.596+0000] {subprocess.py:93} INFO - 	at org.apache.spark.sql.execution.datasources.DataSource.resolveRelation(DataSource.scala:346)
[2025-06-03T06:47:12.596+0000] {subprocess.py:93} INFO - 	at org.apache.spark.sql.DataFrameReader.loadV1Source(DataFrameReader.scala:229)
[2025-06-03T06:47:12.596+0000] {subprocess.py:93} INFO - 	at org.apache.spark.sql.DataFrameReader.$anonfun$load$2(DataFrameReader.scala:211)
[2025-06-03T06:47:12.596+0000] {subprocess.py:93} INFO - 	at scala.Option.getOrElse(Option.scala:189)
[2025-06-03T06:47:12.596+0000] {subprocess.py:93} INFO - 	at org.apache.spark.sql.DataFrameReader.load(DataFrameReader.scala:211)
[2025-06-03T06:47:12.596+0000] {subprocess.py:93} INFO - 	at org.apache.spark.sql.DataFrameReader.load(DataFrameReader.scala:172)
[2025-06-03T06:47:12.596+0000] {subprocess.py:93} INFO - 	at java.base/jdk.internal.reflect.NativeMethodAccessorImpl.invoke0(Native Method)
[2025-06-03T06:47:13.054+0000] {subprocess.py:93} INFO - 	at java.base/jdk.internal.reflect.NativeMethodAccessorImpl.invoke(NativeMethodAccessorImpl.java:62)
[2025-06-03T06:47:13.054+0000] {subprocess.py:93} INFO - 	at java.base/jdk.internal.reflect.DelegatingMethodAccessorImpl.invoke(DelegatingMethodAccessorImpl.java:43)
[2025-06-03T06:47:13.414+0000] {subprocess.py:93} INFO - 	at java.base/java.lang.reflect.Method.invoke(Method.java:566)
[2025-06-03T06:47:13.414+0000] {subprocess.py:93} INFO - 	at py4j.reflection.MethodInvoker.invoke(MethodInvoker.java:244)
[2025-06-03T06:47:13.414+0000] {subprocess.py:93} INFO - 	at py4j.reflection.ReflectionEngine.invoke(ReflectionEngine.java:374)
[2025-06-03T06:47:13.414+0000] {subprocess.py:93} INFO - 	at py4j.Gateway.invoke(Gateway.java:282)
[2025-06-03T06:47:13.632+0000] {subprocess.py:93} INFO - 	at py4j.commands.AbstractCommand.invokeMethod(AbstractCommand.java:132)
[2025-06-03T06:47:13.632+0000] {subprocess.py:93} INFO - 	at py4j.commands.CallCommand.execute(CallCommand.java:79)
[2025-06-03T06:47:13.632+0000] {subprocess.py:93} INFO - 	at py4j.ClientServerConnection.waitForCommands(ClientServerConnection.java:182)
[2025-06-03T06:47:13.632+0000] {subprocess.py:93} INFO - 	at py4j.ClientServerConnection.run(ClientServerConnection.java:106)
[2025-06-03T06:47:13.632+0000] {subprocess.py:93} INFO - 	at java.base/java.lang.Thread.run(Thread.java:829)
[2025-06-03T06:47:13.632+0000] {subprocess.py:93} INFO - 
[2025-06-03T06:47:16.412+0000] {subprocess.py:93} INFO - 25/06/03 06:47:16 INFO SparkContext: Invoking stop() from shutdown hook
[2025-06-03T06:47:16.413+0000] {subprocess.py:93} INFO - 25/06/03 06:47:16 INFO SparkContext: SparkContext is stopping with exitCode 0.
[2025-06-03T06:47:17.127+0000] {subprocess.py:93} INFO - 25/06/03 06:47:17 INFO SparkUI: Stopped Spark web UI at http://86069ee61878:4048
[2025-06-03T06:47:17.740+0000] {subprocess.py:93} INFO - 25/06/03 06:47:17 INFO MapOutputTrackerMasterEndpoint: MapOutputTrackerMasterEndpoint stopped!
[2025-06-03T06:47:19.625+0000] {subprocess.py:93} INFO - 25/06/03 06:47:19 INFO MemoryStore: MemoryStore cleared
[2025-06-03T06:47:19.626+0000] {subprocess.py:93} INFO - 25/06/03 06:47:19 INFO BlockManager: BlockManager stopped
[2025-06-03T06:47:19.781+0000] {subprocess.py:93} INFO - 25/06/03 06:47:19 INFO BlockManagerMaster: BlockManagerMaster stopped
[2025-06-03T06:47:19.797+0000] {subprocess.py:93} INFO - 25/06/03 06:47:19 INFO OutputCommitCoordinator$OutputCommitCoordinatorEndpoint: OutputCommitCoordinator stopped!
[2025-06-03T06:47:19.918+0000] {subprocess.py:93} INFO - 25/06/03 06:47:19 INFO SparkContext: Successfully stopped SparkContext
[2025-06-03T06:47:19.919+0000] {subprocess.py:93} INFO - 25/06/03 06:47:19 INFO ShutdownHookManager: Shutdown hook called
[2025-06-03T06:47:19.966+0000] {subprocess.py:93} INFO - 25/06/03 06:47:19 INFO ShutdownHookManager: Deleting directory /tmp/spark-e3b3a6e1-1004-4a64-b9c5-10a27c253c27
[2025-06-03T06:47:20.116+0000] {subprocess.py:93} INFO - 25/06/03 06:47:20 INFO ShutdownHookManager: Deleting directory /tmp/spark-1546875e-1508-4433-9635-731e95a558bb
[2025-06-03T06:47:20.148+0000] {subprocess.py:93} INFO - 25/06/03 06:47:20 INFO ShutdownHookManager: Deleting directory /tmp/spark-e3b3a6e1-1004-4a64-b9c5-10a27c253c27/pyspark-d238ddb5-cde5-473d-b757-68f5ff4ec922
[2025-06-03T06:47:22.258+0000] {subprocess.py:97} INFO - Command exited with return code 1
