[2025-06-08T13:07:29.942+0000] {taskinstance.py:1956} INFO - Dependencies all met for dep_context=non-requeueable deps ti=<TaskInstance: master_transform_parallel_dag.trigger_transform_customer_addresses_csv scheduled__2025-06-03T00:00:00+00:00 [queued]>
[2025-06-08T13:07:29.965+0000] {taskinstance.py:1956} INFO - Dependencies all met for dep_context=requeueable deps ti=<TaskInstance: master_transform_parallel_dag.trigger_transform_customer_addresses_csv scheduled__2025-06-03T00:00:00+00:00 [queued]>
[2025-06-08T13:07:29.966+0000] {taskinstance.py:2170} INFO - Starting attempt 1 of 1
[2025-06-08T13:07:30.057+0000] {taskinstance.py:2191} INFO - Executing <Task(TriggerDagRunOperator): trigger_transform_customer_addresses_csv> on 2025-06-03 00:00:00+00:00
[2025-06-08T13:07:30.090+0000] {standard_task_runner.py:60} INFO - Started process 2331 to run task
[2025-06-08T13:07:30.109+0000] {standard_task_runner.py:87} INFO - Running: ['airflow', 'tasks', 'run', 'master_transform_parallel_dag', 'trigger_transform_customer_addresses_csv', 'scheduled__2025-06-03T00:00:00+00:00', '--job-id', '176', '--raw', '--subdir', 'DAGS_FOLDER/master_staging.py', '--cfg-path', '/tmp/tmppg2lh5t0']
[2025-06-08T13:07:30.139+0000] {standard_task_runner.py:88} INFO - Job 176: Subtask trigger_transform_customer_addresses_csv
[2025-06-08T13:07:30.219+0000] {logging_mixin.py:188} WARNING - /home/airflow/.local/lib/python3.10/site-packages/airflow/settings.py:194 DeprecationWarning: The sql_alchemy_conn option in [core] has been moved to the sql_alchemy_conn option in [database] - the old setting has been used, but please update your config.
[2025-06-08T13:07:30.548+0000] {task_command.py:423} INFO - Running <TaskInstance: master_transform_parallel_dag.trigger_transform_customer_addresses_csv scheduled__2025-06-03T00:00:00+00:00 [running]> on host 0999767a4da3
[2025-06-08T13:07:31.135+0000] {taskinstance.py:2480} INFO - Exporting env vars: AIRFLOW_CTX_DAG_OWNER='airflow' AIRFLOW_CTX_DAG_ID='master_transform_parallel_dag' AIRFLOW_CTX_TASK_ID='trigger_transform_customer_addresses_csv' AIRFLOW_CTX_EXECUTION_DATE='2025-06-03T00:00:00+00:00' AIRFLOW_CTX_TRY_NUMBER='1' AIRFLOW_CTX_DAG_RUN_ID='scheduled__2025-06-03T00:00:00+00:00'
[2025-06-08T13:07:31.288+0000] {taskinstance.py:2698} ERROR - Task failed with exception
Traceback (most recent call last):
  File "/home/airflow/.local/lib/python3.10/site-packages/airflow/models/taskinstance.py", line 433, in _execute_task
    result = execute_callable(context=context, **execute_callable_kwargs)
  File "/home/airflow/.local/lib/python3.10/site-packages/airflow/operators/trigger_dagrun.py", line 165, in execute
    dag_run = trigger_dag(
  File "/home/airflow/.local/lib/python3.10/site-packages/airflow/api/common/trigger_dag.py", line 122, in trigger_dag
    raise DagNotFound(f"Dag id {dag_id} not found in DagModel")
airflow.exceptions.DagNotFound: Dag id transform_customer_addresses_csv not found in DagModel
[2025-06-08T13:07:31.300+0000] {taskinstance.py:1138} INFO - Marking task as FAILED. dag_id=master_transform_parallel_dag, task_id=trigger_transform_customer_addresses_csv, execution_date=20250603T000000, start_date=20250608T130729, end_date=20250608T130731
[2025-06-08T13:07:31.356+0000] {standard_task_runner.py:107} ERROR - Failed to execute job 176 for task trigger_transform_customer_addresses_csv (Dag id transform_customer_addresses_csv not found in DagModel; 2331)
[2025-06-08T13:07:31.445+0000] {local_task_job_runner.py:234} INFO - Task exited with return code 1
[2025-06-08T13:07:31.552+0000] {taskinstance.py:3280} INFO - 0 downstream tasks scheduled from follow-on schedule check
