[2025-06-03T08:02:46.629+0000] {taskinstance.py:1956} INFO - Dependencies all met for dep_context=non-requeueable deps ti=<TaskInstance: ingest_raw_data_asia.extract_asia_asia_returns manual__2025-06-03T06:07:18.020901+00:00 [queued]>
[2025-06-03T08:02:47.140+0000] {taskinstance.py:1956} INFO - Dependencies all met for dep_context=requeueable deps ti=<TaskInstance: ingest_raw_data_asia.extract_asia_asia_returns manual__2025-06-03T06:07:18.020901+00:00 [queued]>
[2025-06-03T08:02:47.141+0000] {taskinstance.py:2170} INFO - Starting attempt 3 of 2
[2025-06-03T08:02:48.149+0000] {taskinstance.py:2191} INFO - Executing <Task(BashOperator): extract_asia_asia_returns> on 2025-06-03 06:07:18.020901+00:00
[2025-06-03T08:02:48.152+0000] {standard_task_runner.py:60} INFO - Started process 3004 to run task
[2025-06-03T08:02:48.154+0000] {standard_task_runner.py:87} INFO - Running: ['airflow', 'tasks', 'run', 'ingest_raw_data_asia', 'extract_asia_asia_returns', 'manual__2025-06-03T06:07:18.020901+00:00', '--job-id', '288', '--raw', '--subdir', 'DAGS_FOLDER/asia/landing.py', '--cfg-path', '/tmp/tmpai05a4nb']
[2025-06-03T08:02:48.299+0000] {standard_task_runner.py:88} INFO - Job 288: Subtask extract_asia_asia_returns
[2025-06-03T08:02:53.171+0000] {logging_mixin.py:188} WARNING - /home/airflow/.local/lib/python3.10/site-packages/airflow/settings.py:194 DeprecationWarning: The sql_alchemy_conn option in [core] has been moved to the sql_alchemy_conn option in [database] - the old setting has been used, but please update your config.
[2025-06-03T08:02:53.212+0000] {task_command.py:423} INFO - Running <TaskInstance: ingest_raw_data_asia.extract_asia_asia_returns manual__2025-06-03T06:07:18.020901+00:00 [running]> on host 86069ee61878
[2025-06-03T08:02:56.293+0000] {taskinstance.py:2480} INFO - Exporting env vars: AIRFLOW_CTX_DAG_OWNER='airflow' AIRFLOW_CTX_DAG_ID='ingest_raw_data_asia' AIRFLOW_CTX_TASK_ID='extract_asia_asia_returns' AIRFLOW_CTX_EXECUTION_DATE='2025-06-03T06:07:18.020901+00:00' AIRFLOW_CTX_TRY_NUMBER='3' AIRFLOW_CTX_DAG_RUN_ID='manual__2025-06-03T06:07:18.020901+00:00'
[2025-06-03T08:02:56.676+0000] {subprocess.py:63} INFO - Tmp dir root location: /tmp
[2025-06-03T08:02:57.589+0000] {subprocess.py:75} INFO - Running command: ['/usr/bin/bash', '-c', '\n                spark-submit                     /opt/airflow/scripts/pyspark_jobs/extract_to_parquet.py                     asia.returns "jdbc:postgresql://retail-postgres:5432/retail_etl" retail-etl retail_etl 2025-06-03\n            ']
[2025-06-03T08:02:57.994+0000] {subprocess.py:86} INFO - Output:
[2025-06-03T08:03:31.774+0000] {subprocess.py:93} INFO - 25/06/03 08:03:31 INFO SparkContext: Running Spark version 3.5.6
[2025-06-03T08:03:31.779+0000] {subprocess.py:93} INFO - 25/06/03 08:03:31 INFO SparkContext: OS info Linux, 6.11.0-26-generic, amd64
[2025-06-03T08:03:31.788+0000] {subprocess.py:93} INFO - 25/06/03 08:03:31 INFO SparkContext: Java version 11.0.24
[2025-06-03T08:03:32.198+0000] {subprocess.py:93} INFO - 25/06/03 08:03:32 WARN NativeCodeLoader: Unable to load native-hadoop library for your platform... using builtin-java classes where applicable
[2025-06-03T08:03:32.759+0000] {subprocess.py:93} INFO - 25/06/03 08:03:32 INFO ResourceUtils: ==============================================================
[2025-06-03T08:03:32.763+0000] {subprocess.py:93} INFO - 25/06/03 08:03:32 INFO ResourceUtils: No custom resources configured for spark.driver.
[2025-06-03T08:03:32.765+0000] {subprocess.py:93} INFO - 25/06/03 08:03:32 INFO ResourceUtils: ==============================================================
[2025-06-03T08:03:32.769+0000] {subprocess.py:93} INFO - 25/06/03 08:03:32 INFO SparkContext: Submitted application: Extract_asia_asia.returns
[2025-06-03T08:03:32.841+0000] {subprocess.py:93} INFO - 25/06/03 08:03:32 INFO ResourceProfile: Default ResourceProfile created, executor resources: Map(cores -> name: cores, amount: 1, script: , vendor: , memory -> name: memory, amount: 1024, script: , vendor: , offHeap -> name: offHeap, amount: 0, script: , vendor: ), task resources: Map(cpus -> name: cpus, amount: 1.0)
[2025-06-03T08:03:32.897+0000] {subprocess.py:93} INFO - 25/06/03 08:03:32 INFO ResourceProfile: Limiting resource is cpu
[2025-06-03T08:03:32.900+0000] {subprocess.py:93} INFO - 25/06/03 08:03:32 INFO ResourceProfileManager: Added ResourceProfile id: 0
[2025-06-03T08:03:33.164+0000] {subprocess.py:93} INFO - 25/06/03 08:03:33 INFO SecurityManager: Changing view acls to: airflow
[2025-06-03T08:03:33.166+0000] {subprocess.py:93} INFO - 25/06/03 08:03:33 INFO SecurityManager: Changing modify acls to: airflow
[2025-06-03T08:03:33.169+0000] {subprocess.py:93} INFO - 25/06/03 08:03:33 INFO SecurityManager: Changing view acls groups to:
[2025-06-03T08:03:33.170+0000] {subprocess.py:93} INFO - 25/06/03 08:03:33 INFO SecurityManager: Changing modify acls groups to:
[2025-06-03T08:03:33.170+0000] {subprocess.py:93} INFO - 25/06/03 08:03:33 INFO SecurityManager: SecurityManager: authentication disabled; ui acls disabled; users with view permissions: airflow; groups with view permissions: EMPTY; users with modify permissions: airflow; groups with modify permissions: EMPTY
[2025-06-03T08:03:34.606+0000] {subprocess.py:93} INFO - 25/06/03 08:03:34 INFO Utils: Successfully started service 'sparkDriver' on port 36131.
[2025-06-03T08:03:34.722+0000] {subprocess.py:93} INFO - 25/06/03 08:03:34 INFO SparkEnv: Registering MapOutputTracker
[2025-06-03T08:03:34.897+0000] {subprocess.py:93} INFO - 25/06/03 08:03:34 INFO SparkEnv: Registering BlockManagerMaster
[2025-06-03T08:03:35.063+0000] {subprocess.py:93} INFO - 25/06/03 08:03:35 INFO BlockManagerMasterEndpoint: Using org.apache.spark.storage.DefaultTopologyMapper for getting topology information
[2025-06-03T08:03:35.078+0000] {subprocess.py:93} INFO - 25/06/03 08:03:35 INFO BlockManagerMasterEndpoint: BlockManagerMasterEndpoint up
[2025-06-03T08:03:35.113+0000] {subprocess.py:93} INFO - 25/06/03 08:03:35 INFO SparkEnv: Registering BlockManagerMasterHeartbeat
[2025-06-03T08:03:35.295+0000] {subprocess.py:93} INFO - 25/06/03 08:03:35 INFO DiskBlockManager: Created local directory at /tmp/blockmgr-033aeb0a-e722-47ad-88d5-8a33df751e4e
[2025-06-03T08:03:35.470+0000] {subprocess.py:93} INFO - 25/06/03 08:03:35 INFO MemoryStore: MemoryStore started with capacity 434.4 MiB
[2025-06-03T08:03:35.666+0000] {subprocess.py:93} INFO - 25/06/03 08:03:35 INFO SparkEnv: Registering OutputCommitCoordinator
[2025-06-03T08:03:37.075+0000] {subprocess.py:93} INFO - 25/06/03 08:03:37 INFO JettyUtils: Start Jetty 0.0.0.0:4040 for SparkUI
[2025-06-03T08:03:37.345+0000] {subprocess.py:93} INFO - 25/06/03 08:03:37 INFO Utils: Successfully started service 'SparkUI' on port 4040.
[2025-06-03T08:03:38.102+0000] {subprocess.py:93} INFO - 25/06/03 08:03:38 INFO Executor: Starting executor ID driver on host 86069ee61878
[2025-06-03T08:03:38.130+0000] {subprocess.py:93} INFO - 25/06/03 08:03:38 INFO Executor: OS info Linux, 6.11.0-26-generic, amd64
[2025-06-03T08:03:38.130+0000] {subprocess.py:93} INFO - 25/06/03 08:03:38 INFO Executor: Java version 11.0.24
[2025-06-03T08:03:38.220+0000] {subprocess.py:93} INFO - 25/06/03 08:03:38 INFO Executor: Starting executor with user classpath (userClassPathFirst = false): ''
[2025-06-03T08:03:38.241+0000] {subprocess.py:93} INFO - 25/06/03 08:03:38 INFO Executor: Created or updated repl class loader org.apache.spark.util.MutableURLClassLoader@41f48b0e for default.
[2025-06-03T08:03:38.541+0000] {subprocess.py:93} INFO - 25/06/03 08:03:38 INFO Utils: Successfully started service 'org.apache.spark.network.netty.NettyBlockTransferService' on port 33675.
[2025-06-03T08:03:38.542+0000] {subprocess.py:93} INFO - 25/06/03 08:03:38 INFO NettyBlockTransferService: Server created on 86069ee61878:33675
[2025-06-03T08:03:38.556+0000] {subprocess.py:93} INFO - 25/06/03 08:03:38 INFO BlockManager: Using org.apache.spark.storage.RandomBlockReplicationPolicy for block replication policy
[2025-06-03T08:03:38.584+0000] {subprocess.py:93} INFO - 25/06/03 08:03:38 INFO BlockManagerMaster: Registering BlockManager BlockManagerId(driver, 86069ee61878, 33675, None)
[2025-06-03T08:03:38.607+0000] {subprocess.py:93} INFO - 25/06/03 08:03:38 INFO BlockManagerMasterEndpoint: Registering block manager 86069ee61878:33675 with 434.4 MiB RAM, BlockManagerId(driver, 86069ee61878, 33675, None)
[2025-06-03T08:03:38.632+0000] {subprocess.py:93} INFO - 25/06/03 08:03:38 INFO BlockManagerMaster: Registered BlockManager BlockManagerId(driver, 86069ee61878, 33675, None)
[2025-06-03T08:03:38.640+0000] {subprocess.py:93} INFO - 25/06/03 08:03:38 INFO BlockManager: Initialized BlockManager: BlockManagerId(driver, 86069ee61878, 33675, None)
[2025-06-03T08:03:41.971+0000] {subprocess.py:93} INFO - 25/06/03 08:03:41 INFO SharedState: Setting hive.metastore.warehouse.dir ('null') to the value of spark.sql.warehouse.dir.
[2025-06-03T08:03:42.014+0000] {subprocess.py:93} INFO - 25/06/03 08:03:42 INFO SharedState: Warehouse path is 'file:/tmp/airflowtmpht22oqzo/spark-warehouse'.
[2025-06-03T08:04:48.856+0000] {subprocess.py:93} INFO - Traceback (most recent call last):
[2025-06-03T08:04:49.007+0000] {subprocess.py:93} INFO -   File "/opt/airflow/scripts/pyspark_jobs/extract_to_parquet.py", line 24, in <module>
[2025-06-03T08:04:49.007+0000] {subprocess.py:93} INFO -     .load()
[2025-06-03T08:04:49.007+0000] {subprocess.py:93} INFO -   File "/usr/local/spark/python/lib/pyspark.zip/pyspark/sql/readwriter.py", line 314, in load
[2025-06-03T08:04:49.007+0000] {subprocess.py:93} INFO -   File "/usr/local/spark/python/lib/py4j-0.10.9.7-src.zip/py4j/java_gateway.py", line 1322, in __call__
[2025-06-03T08:04:49.007+0000] {subprocess.py:93} INFO -   File "/usr/local/spark/python/lib/pyspark.zip/pyspark/errors/exceptions/captured.py", line 179, in deco
[2025-06-03T08:04:49.007+0000] {subprocess.py:93} INFO -   File "/usr/local/spark/python/lib/py4j-0.10.9.7-src.zip/py4j/protocol.py", line 326, in get_return_value
[2025-06-03T08:04:49.007+0000] {subprocess.py:93} INFO - py4j.protocol.Py4JJavaError: An error occurred while calling o30.load.
[2025-06-03T08:04:49.008+0000] {subprocess.py:93} INFO - : java.lang.ClassNotFoundException: org.postgresql.Driver
[2025-06-03T08:04:49.008+0000] {subprocess.py:93} INFO - 	at java.base/java.net.URLClassLoader.findClass(URLClassLoader.java:476)
[2025-06-03T08:04:49.008+0000] {subprocess.py:93} INFO - 	at java.base/java.lang.ClassLoader.loadClass(ClassLoader.java:594)
[2025-06-03T08:04:49.008+0000] {subprocess.py:93} INFO - 	at java.base/java.lang.ClassLoader.loadClass(ClassLoader.java:527)
[2025-06-03T08:04:49.008+0000] {subprocess.py:93} INFO - 	at org.apache.spark.sql.execution.datasources.jdbc.DriverRegistry$.register(DriverRegistry.scala:46)
[2025-06-03T08:04:49.008+0000] {subprocess.py:93} INFO - 	at org.apache.spark.sql.execution.datasources.jdbc.JDBCOptions.$anonfun$driverClass$1(JDBCOptions.scala:103)
[2025-06-03T08:04:49.008+0000] {subprocess.py:93} INFO - 	at org.apache.spark.sql.execution.datasources.jdbc.JDBCOptions.$anonfun$driverClass$1$adapted(JDBCOptions.scala:103)
[2025-06-03T08:04:49.008+0000] {subprocess.py:93} INFO - 	at scala.Option.foreach(Option.scala:407)
[2025-06-03T08:04:49.008+0000] {subprocess.py:93} INFO - 	at org.apache.spark.sql.execution.datasources.jdbc.JDBCOptions.<init>(JDBCOptions.scala:103)
[2025-06-03T08:04:49.194+0000] {subprocess.py:93} INFO - 	at org.apache.spark.sql.execution.datasources.jdbc.JDBCOptions.<init>(JDBCOptions.scala:41)
[2025-06-03T08:04:49.194+0000] {subprocess.py:93} INFO - 	at org.apache.spark.sql.execution.datasources.jdbc.JdbcRelationProvider.createRelation(JdbcRelationProvider.scala:34)
[2025-06-03T08:04:49.194+0000] {subprocess.py:93} INFO - 	at org.apache.spark.sql.execution.datasources.DataSource.resolveRelation(DataSource.scala:346)
[2025-06-03T08:04:49.195+0000] {subprocess.py:93} INFO - 	at org.apache.spark.sql.DataFrameReader.loadV1Source(DataFrameReader.scala:229)
[2025-06-03T08:04:49.195+0000] {subprocess.py:93} INFO - 	at org.apache.spark.sql.DataFrameReader.$anonfun$load$2(DataFrameReader.scala:211)
[2025-06-03T08:04:49.195+0000] {subprocess.py:93} INFO - 	at scala.Option.getOrElse(Option.scala:189)
[2025-06-03T08:04:49.195+0000] {subprocess.py:93} INFO - 	at org.apache.spark.sql.DataFrameReader.load(DataFrameReader.scala:211)
[2025-06-03T08:04:49.195+0000] {subprocess.py:93} INFO - 	at org.apache.spark.sql.DataFrameReader.load(DataFrameReader.scala:172)
[2025-06-03T08:04:49.195+0000] {subprocess.py:93} INFO - 	at java.base/jdk.internal.reflect.NativeMethodAccessorImpl.invoke0(Native Method)
[2025-06-03T08:04:49.195+0000] {subprocess.py:93} INFO - 	at java.base/jdk.internal.reflect.NativeMethodAccessorImpl.invoke(NativeMethodAccessorImpl.java:62)
[2025-06-03T08:04:49.195+0000] {subprocess.py:93} INFO - 	at java.base/jdk.internal.reflect.DelegatingMethodAccessorImpl.invoke(DelegatingMethodAccessorImpl.java:43)
[2025-06-03T08:04:49.195+0000] {subprocess.py:93} INFO - 	at java.base/java.lang.reflect.Method.invoke(Method.java:566)
[2025-06-03T08:04:49.195+0000] {subprocess.py:93} INFO - 	at py4j.reflection.MethodInvoker.invoke(MethodInvoker.java:244)
[2025-06-03T08:04:49.196+0000] {subprocess.py:93} INFO - 	at py4j.reflection.ReflectionEngine.invoke(ReflectionEngine.java:374)
[2025-06-03T08:04:49.196+0000] {subprocess.py:93} INFO - 	at py4j.Gateway.invoke(Gateway.java:282)
[2025-06-03T08:04:49.196+0000] {subprocess.py:93} INFO - 	at py4j.commands.AbstractCommand.invokeMethod(AbstractCommand.java:132)
[2025-06-03T08:04:49.196+0000] {subprocess.py:93} INFO - 	at py4j.commands.CallCommand.execute(CallCommand.java:79)
[2025-06-03T08:04:49.196+0000] {subprocess.py:93} INFO - 	at py4j.ClientServerConnection.waitForCommands(ClientServerConnection.java:182)
[2025-06-03T08:04:49.196+0000] {subprocess.py:93} INFO - 	at py4j.ClientServerConnection.run(ClientServerConnection.java:106)
[2025-06-03T08:04:49.196+0000] {subprocess.py:93} INFO - 	at java.base/java.lang.Thread.run(Thread.java:829)
[2025-06-03T08:04:49.196+0000] {subprocess.py:93} INFO - 
[2025-06-03T08:04:55.913+0000] {subprocess.py:93} INFO - 25/06/03 08:04:55 INFO SparkContext: Invoking stop() from shutdown hook
[2025-06-03T08:04:55.915+0000] {subprocess.py:93} INFO - 25/06/03 08:04:55 INFO SparkContext: SparkContext is stopping with exitCode 0.
[2025-06-03T08:04:56.447+0000] {subprocess.py:93} INFO - 25/06/03 08:04:56 INFO SparkUI: Stopped Spark web UI at http://86069ee61878:4040
[2025-06-03T08:04:57.656+0000] {subprocess.py:93} INFO - 25/06/03 08:04:57 INFO MapOutputTrackerMasterEndpoint: MapOutputTrackerMasterEndpoint stopped!
[2025-06-03T08:04:58.035+0000] {subprocess.py:93} INFO - 25/06/03 08:04:58 INFO MemoryStore: MemoryStore cleared
[2025-06-03T08:04:58.038+0000] {subprocess.py:93} INFO - 25/06/03 08:04:58 INFO BlockManager: BlockManager stopped
[2025-06-03T08:04:58.288+0000] {subprocess.py:93} INFO - 25/06/03 08:04:58 INFO BlockManagerMaster: BlockManagerMaster stopped
[2025-06-03T08:04:58.307+0000] {subprocess.py:93} INFO - 25/06/03 08:04:58 INFO OutputCommitCoordinator$OutputCommitCoordinatorEndpoint: OutputCommitCoordinator stopped!
[2025-06-03T08:04:58.403+0000] {subprocess.py:93} INFO - 25/06/03 08:04:58 INFO SparkContext: Successfully stopped SparkContext
[2025-06-03T08:04:58.403+0000] {subprocess.py:93} INFO - 25/06/03 08:04:58 INFO ShutdownHookManager: Shutdown hook called
[2025-06-03T08:04:58.407+0000] {subprocess.py:93} INFO - 25/06/03 08:04:58 INFO ShutdownHookManager: Deleting directory /tmp/spark-52419cf0-6ee1-4512-8c6c-218c27a49ea2/pyspark-99ab0c6d-ab09-4307-bb3e-718305b6a254
[2025-06-03T08:04:58.458+0000] {subprocess.py:93} INFO - 25/06/03 08:04:58 INFO ShutdownHookManager: Deleting directory /tmp/spark-52419cf0-6ee1-4512-8c6c-218c27a49ea2
[2025-06-03T08:04:58.458+0000] {subprocess.py:93} INFO - 25/06/03 08:04:58 INFO ShutdownHookManager: Deleting directory /tmp/spark-99ff2cc2-6554-49b1-a8ca-9d94227fcaae
[2025-06-03T08:05:00.663+0000] {subprocess.py:97} INFO - Command exited with return code 1
