[2025-06-09T08:34:25.274+0000] {taskinstance.py:1956} INFO - Dependencies all met for dep_context=non-requeueable deps ti=<TaskInstance: multi_region_processor_7.process_region_us.process_categories_us manual__2025-06-09T08:34:23.510298+00:00 [queued]>
[2025-06-09T08:34:25.293+0000] {taskinstance.py:1956} INFO - Dependencies all met for dep_context=requeueable deps ti=<TaskInstance: multi_region_processor_7.process_region_us.process_categories_us manual__2025-06-09T08:34:23.510298+00:00 [queued]>
[2025-06-09T08:34:25.294+0000] {taskinstance.py:2170} INFO - Starting attempt 1 of 2
[2025-06-09T08:34:25.321+0000] {taskinstance.py:2191} INFO - Executing <Task(_PythonDecoratedOperator): process_region_us.process_categories_us> on 2025-06-09 08:34:23.510298+00:00
[2025-06-09T08:34:25.332+0000] {standard_task_runner.py:60} INFO - Started process 109696 to run task
[2025-06-09T08:34:25.340+0000] {standard_task_runner.py:87} INFO - Running: ['airflow', 'tasks', 'run', 'multi_region_processor_7', 'process_region_us.process_categories_us', 'manual__2025-06-09T08:34:23.510298+00:00', '--job-id', '664', '--raw', '--subdir', 'DAGS_FOLDER/master2.py', '--cfg-path', '/tmp/tmp5otxfa5j']
[2025-06-09T08:34:25.343+0000] {standard_task_runner.py:88} INFO - Job 664: Subtask process_region_us.process_categories_us
[2025-06-09T08:34:25.502+0000] {task_command.py:423} INFO - Running <TaskInstance: multi_region_processor_7.process_region_us.process_categories_us manual__2025-06-09T08:34:23.510298+00:00 [running]> on host afcdbcf38bc0
[2025-06-09T08:34:25.717+0000] {taskinstance.py:2480} INFO - Exporting env vars: AIRFLOW_CTX_DAG_OWNER='data-team' AIRFLOW_CTX_DAG_ID='multi_region_processor_7' AIRFLOW_CTX_TASK_ID='process_region_us.process_categories_us' AIRFLOW_CTX_EXECUTION_DATE='2025-06-09T08:34:23.510298+00:00' AIRFLOW_CTX_TRY_NUMBER='1' AIRFLOW_CTX_DAG_RUN_ID='manual__2025-06-09T08:34:23.510298+00:00'
[2025-06-09T08:34:37.240+0000] {logging_mixin.py:188} INFO - Processing categories for region us
[2025-06-09T08:34:48.621+0000] {logging_mixin.py:188} INFO - STAGING_US
[2025-06-09T08:34:59.777+0000] {logging_mixin.py:188} INFO - +-----------+---------------+------------------+--------------------+---------+-------------------+-------------------+-------+--------+
|category_id|  category_name|parent_category_id|       category_path|is_active|         created_at|         updated_at|_region| _source|
+-----------+---------------+------------------+--------------------+---------+-------------------+-------------------+-------+--------+
|          1|    Electronics|              NULL|        /Electronics|     true|2025-06-08 19:23:27|2025-06-08 19:23:27|     us|postgres|
|          2|    Smartphones|                 1|/Electronics/Smar...|     true|2025-06-08 19:23:27|2025-06-08 19:23:27|     us|postgres|
|          3|        Laptops|                 1|/Electronics/Laptops|     true|2025-06-08 19:23:27|2025-06-08 19:23:27|     us|postgres|
|          4|Gaming Consoles|                 1| /Electronics/Gaming|     true|2025-06-08 19:23:27|2025-06-08 19:23:27|     us|postgres|
|          5|       Clothing|              NULL|           /Clothing|     true|2025-06-08 19:23:27|2025-06-08 19:23:27|     us|postgres|
|          6|   Mens Apparel|                 5|      /Clothing/Mens|     true|2025-06-08 19:23:27|2025-06-08 19:23:27|     us|postgres|
|          7| Womens Apparel|                 5|    /Clothing/Womens|     true|2025-06-08 19:23:27|2025-06-08 19:23:27|     us|postgres|
|          8|  Home & Garden|              NULL|        /Home-Garden|     true|2025-06-08 19:23:27|2025-06-08 19:23:27|     us|postgres|
|          9|      Furniture|                 8|/Home-Garden/Furn...|     true|2025-06-08 19:23:27|2025-06-08 19:23:27|     us|postgres|
|         10|          Books|              NULL|              /Books|     true|2025-06-08 19:23:27|2025-06-08 19:23:27|     us|postgres|
+-----------+---------------+------------------+--------------------+---------+-------------------+-------------------+-------+--------+
only showing top 10 rows
[2025-06-09T08:34:59.801+0000] {logging_mixin.py:188} INFO - Inserting into snowflake
