[2025-06-10T07:05:39.126+0000] {taskinstance.py:1956} INFO - Dependencies all met for dep_context=non-requeueable deps ti=<TaskInstance: multi_region_to_snowflake.process_region_asia.process_cart_items_asia scheduled__2025-06-09T00:00:00+00:00 [queued]>
[2025-06-10T07:05:39.141+0000] {taskinstance.py:1956} INFO - Dependencies all met for dep_context=requeueable deps ti=<TaskInstance: multi_region_to_snowflake.process_region_asia.process_cart_items_asia scheduled__2025-06-09T00:00:00+00:00 [queued]>
[2025-06-10T07:05:39.142+0000] {taskinstance.py:2170} INFO - Starting attempt 1 of 2
[2025-06-10T07:05:39.157+0000] {taskinstance.py:2191} INFO - Executing <Task(_PythonDecoratedOperator): process_region_asia.process_cart_items_asia> on 2025-06-09 00:00:00+00:00
[2025-06-10T07:05:39.163+0000] {standard_task_runner.py:60} INFO - Started process 9167 to run task
[2025-06-10T07:05:39.166+0000] {standard_task_runner.py:87} INFO - Running: ['airflow', 'tasks', 'run', 'multi_region_to_snowflake', 'process_region_asia.process_cart_items_asia', 'scheduled__2025-06-09T00:00:00+00:00', '--job-id', '978', '--raw', '--subdir', 'DAGS_FOLDER/master_dag.py', '--cfg-path', '/tmp/tmpf3knphrh']
[2025-06-10T07:05:39.169+0000] {standard_task_runner.py:88} INFO - Job 978: Subtask process_region_asia.process_cart_items_asia
[2025-06-10T07:05:39.248+0000] {task_command.py:423} INFO - Running <TaskInstance: multi_region_to_snowflake.process_region_asia.process_cart_items_asia scheduled__2025-06-09T00:00:00+00:00 [running]> on host 180d0d52c3ad
[2025-06-10T07:05:39.365+0000] {taskinstance.py:2480} INFO - Exporting env vars: AIRFLOW_CTX_DAG_OWNER='data-team' AIRFLOW_CTX_DAG_ID='multi_region_to_snowflake' AIRFLOW_CTX_TASK_ID='process_region_asia.process_cart_items_asia' AIRFLOW_CTX_EXECUTION_DATE='2025-06-09T00:00:00+00:00' AIRFLOW_CTX_TRY_NUMBER='1' AIRFLOW_CTX_DAG_RUN_ID='scheduled__2025-06-09T00:00:00+00:00'
[2025-06-10T07:05:50.019+0000] {logging_mixin.py:188} INFO - Processing cart_items for region asia
[2025-06-10T07:06:01.892+0000] {logging_mixin.py:188} INFO - STAGING_ASIA
[2025-06-10T07:06:13.013+0000] {logging_mixin.py:188} INFO - +------------+-------+----------+--------+--------------+-------------------+-------------------+-------+--------+
|cart_item_id|cart_id|variant_id|quantity|unit_price_jpy|           added_at|         updated_at|_region| _source|
+------------+-------+----------+--------+--------------+-------------------+-------------------+-------+--------+
|           1|      1|         2|       1|        169800|2024-03-15 09:35:20|2024-03-15 09:35:20|   asia|postgres|
|           2|      1|         8|       2|          3500|2024-03-15 09:40:35|2024-03-15 09:40:35|   asia|postgres|
|           3|      2|        15|       1|        213000|2024-03-16 11:20:10|2024-03-16 11:20:10|   asia|postgres|
|           4|      3|        19|       1|         12800|2024-03-17 13:25:45|2024-03-17 13:25:45|   asia|postgres|
|           5|      4|         6|       1|         49800|2024-03-18 15:45:30|2024-03-18 15:45:30|   asia|postgres|
|           6|      5|        12|       1|          8900|2024-03-19 08:50:15|2024-03-19 08:50:15|   asia|postgres|
|           1|      1|         2|       1|        169800|2024-03-15 09:35:20|2024-03-15 09:35:20|   asia|postgres|
|           2|      1|         8|       2|          3500|2024-03-15 09:40:35|2024-03-15 09:40:35|   asia|postgres|
|           3|      2|        15|       1|        213000|2024-03-16 11:20:10|2024-03-16 11:20:10|   asia|postgres|
|           4|      3|        19|       1|         12800|2024-03-17 13:25:45|2024-03-17 13:25:45|   asia|postgres|
+------------+-------+----------+--------+--------------+-------------------+-------------------+-------+--------+
only showing top 10 rows
[2025-06-10T07:06:13.024+0000] {logging_mixin.py:188} INFO - Inserting into snowflake
[2025-06-10T07:06:42.662+0000] {logging_mixin.py:188} INFO - successfully inserted in snowflake
[2025-06-10T07:06:44.263+0000] {logging_mixin.py:188} INFO - Successfully processed 12 records for cart_items in asia
[2025-06-10T07:06:46.231+0000] {python.py:201} INFO - Done. Returned value was: {'region': 'asia', 'table': 'cart_items', 'record_count': 12, 'status': 'success'}
[2025-06-10T07:06:46.303+0000] {taskinstance.py:1138} INFO - Marking task as SUCCESS. dag_id=multi_region_to_snowflake, task_id=process_region_asia.process_cart_items_asia, execution_date=20250609T000000, start_date=20250610T070539, end_date=20250610T070646
[2025-06-10T07:06:46.334+0000] {local_task_job_runner.py:234} INFO - Task exited with return code 0
[2025-06-10T07:06:46.390+0000] {taskinstance.py:3280} INFO - 0 downstream tasks scheduled from follow-on schedule check
