[2025-06-09T11:29:53.885+0000] {taskinstance.py:1956} INFO - Dependencies all met for dep_context=non-requeueable deps ti=<TaskInstance: multi_region_to_snowflake.process_region_eu.process_shopping_carts_eu manual__2025-06-09T11:22:33.329920+00:00 [queued]>
[2025-06-09T11:29:53.903+0000] {taskinstance.py:1956} INFO - Dependencies all met for dep_context=requeueable deps ti=<TaskInstance: multi_region_to_snowflake.process_region_eu.process_shopping_carts_eu manual__2025-06-09T11:22:33.329920+00:00 [queued]>
[2025-06-09T11:29:53.904+0000] {taskinstance.py:2170} INFO - Starting attempt 1 of 2
[2025-06-09T11:29:53.928+0000] {taskinstance.py:2191} INFO - Executing <Task(_PythonDecoratedOperator): process_region_eu.process_shopping_carts_eu> on 2025-06-09 11:22:33.329920+00:00
[2025-06-09T11:29:53.938+0000] {standard_task_runner.py:60} INFO - Started process 20456 to run task
[2025-06-09T11:29:53.943+0000] {standard_task_runner.py:87} INFO - Running: ['airflow', 'tasks', 'run', 'multi_region_to_snowflake', 'process_region_eu.process_shopping_carts_eu', 'manual__2025-06-09T11:22:33.329920+00:00', '--job-id', '764', '--raw', '--subdir', 'DAGS_FOLDER/master_dag.py', '--cfg-path', '/tmp/tmp0ga5xup1']
[2025-06-09T11:29:53.945+0000] {standard_task_runner.py:88} INFO - Job 764: Subtask process_region_eu.process_shopping_carts_eu
[2025-06-09T11:29:54.101+0000] {task_command.py:423} INFO - Running <TaskInstance: multi_region_to_snowflake.process_region_eu.process_shopping_carts_eu manual__2025-06-09T11:22:33.329920+00:00 [running]> on host 7fa6630d536c
[2025-06-09T11:29:54.387+0000] {taskinstance.py:2480} INFO - Exporting env vars: AIRFLOW_CTX_DAG_OWNER='data-team' AIRFLOW_CTX_DAG_ID='multi_region_to_snowflake' AIRFLOW_CTX_TASK_ID='process_region_eu.process_shopping_carts_eu' AIRFLOW_CTX_EXECUTION_DATE='2025-06-09T11:22:33.329920+00:00' AIRFLOW_CTX_TRY_NUMBER='1' AIRFLOW_CTX_DAG_RUN_ID='manual__2025-06-09T11:22:33.329920+00:00'
[2025-06-09T11:30:07.154+0000] {logging_mixin.py:188} INFO - Processing shopping_carts for region eu
[2025-06-09T11:30:21.886+0000] {logging_mixin.py:188} INFO - STAGING_EU
[2025-06-09T11:30:35.255+0000] {logging_mixin.py:188} INFO - +-------+-----------+-----------------+-------------------+-------------------+-------------------+------------+-------+--------+
|cart_id|customer_id|       session_id|         created_at|         updated_at|       abandoned_at|is_abandoned|_region| _source|
+-------+-----------+-----------------+-------------------+-------------------+-------------------+------------+-------+--------+
|      1|          1|sess_abc123def456|2025-06-08 19:22:57|2025-06-08 19:22:57|               NULL|           0|     eu|postgres|
|      2|          2|sess_ghi789jkl012|2025-06-08 19:22:57|2025-06-08 19:22:57|2024-02-01 14:30:00|           1|     eu|postgres|
|      3|          3|sess_mno345pqr678|2025-06-08 19:22:57|2025-06-08 19:22:57|               NULL|           0|     eu|postgres|
|      4|          4|sess_stu901vwx234|2025-06-08 19:22:57|2025-06-08 19:22:57|2024-02-02 09:45:00|           1|     eu|postgres|
|      5|          5|sess_yza567bcd890|2025-06-08 19:22:57|2025-06-08 19:22:57|               NULL|           0|     eu|postgres|
|      1|          1|sess_abc123def456|2025-06-08 19:22:57|2025-06-08 19:22:57|               NULL|           0|     eu|postgres|
|      2|          2|sess_ghi789jkl012|2025-06-08 19:22:57|2025-06-08 19:22:57|2024-02-01 14:30:00|           1|     eu|postgres|
|      3|          3|sess_mno345pqr678|2025-06-08 19:22:57|2025-06-08 19:22:57|               NULL|           0|     eu|postgres|
|      4|          4|sess_stu901vwx234|2025-06-08 19:22:57|2025-06-08 19:22:57|2024-02-02 09:45:00|           1|     eu|postgres|
|      5|          5|sess_yza567bcd890|2025-06-08 19:22:57|2025-06-08 19:22:57|               NULL|           0|     eu|postgres|
+-------+-----------+-----------------+-------------------+-------------------+-------------------+------------+-------+--------+
[2025-06-09T11:30:35.256+0000] {logging_mixin.py:188} INFO - Inserting into snowflake
[2025-06-09T11:30:57.450+0000] {logging_mixin.py:188} INFO - successfully inserted in snowflake
[2025-06-09T11:30:59.905+0000] {logging_mixin.py:188} INFO - Successfully processed 10 records for shopping_carts in eu
[2025-06-09T11:31:02.322+0000] {python.py:201} INFO - Done. Returned value was: {'region': 'eu', 'table': 'shopping_carts', 'record_count': 10, 'status': 'success'}
[2025-06-09T11:31:02.383+0000] {taskinstance.py:1138} INFO - Marking task as SUCCESS. dag_id=multi_region_to_snowflake, task_id=process_region_eu.process_shopping_carts_eu, execution_date=20250609T112233, start_date=20250609T112953, end_date=20250609T113102
[2025-06-09T11:31:02.469+0000] {local_task_job_runner.py:234} INFO - Task exited with return code 0
[2025-06-09T11:31:02.540+0000] {taskinstance.py:3280} INFO - 1 downstream tasks scheduled from follow-on schedule check
