[2025-06-11T02:44:24.514+0000] {taskinstance.py:1956} INFO - Dependencies all met for dep_context=non-requeueable deps ti=<TaskInstance: multi_region_to_snowflake.process_region_asia.process_discounts_asia scheduled__2025-06-10T00:00:00+00:00 [queued]>
[2025-06-11T02:44:24.536+0000] {taskinstance.py:1956} INFO - Dependencies all met for dep_context=requeueable deps ti=<TaskInstance: multi_region_to_snowflake.process_region_asia.process_discounts_asia scheduled__2025-06-10T00:00:00+00:00 [queued]>
[2025-06-11T02:44:24.536+0000] {taskinstance.py:2170} INFO - Starting attempt 1 of 2
[2025-06-11T02:44:24.562+0000] {taskinstance.py:2191} INFO - Executing <Task(_PythonDecoratedOperator): process_region_asia.process_discounts_asia> on 2025-06-10 00:00:00+00:00
[2025-06-11T02:44:24.576+0000] {standard_task_runner.py:60} INFO - Started process 47254 to run task
[2025-06-11T02:44:24.582+0000] {standard_task_runner.py:87} INFO - Running: ['airflow', 'tasks', 'run', 'multi_region_to_snowflake', 'process_region_asia.process_discounts_asia', 'scheduled__2025-06-10T00:00:00+00:00', '--job-id', '1268', '--raw', '--subdir', 'DAGS_FOLDER/master_dag.py', '--cfg-path', '/tmp/tmp327ax31r']
[2025-06-11T02:44:24.585+0000] {standard_task_runner.py:88} INFO - Job 1268: Subtask process_region_asia.process_discounts_asia
[2025-06-11T02:44:24.697+0000] {task_command.py:423} INFO - Running <TaskInstance: multi_region_to_snowflake.process_region_asia.process_discounts_asia scheduled__2025-06-10T00:00:00+00:00 [running]> on host 5039a2bbff84
[2025-06-11T02:44:24.959+0000] {taskinstance.py:2480} INFO - Exporting env vars: AIRFLOW_CTX_DAG_OWNER='data-team' AIRFLOW_CTX_DAG_ID='multi_region_to_snowflake' AIRFLOW_CTX_TASK_ID='process_region_asia.process_discounts_asia' AIRFLOW_CTX_EXECUTION_DATE='2025-06-10T00:00:00+00:00' AIRFLOW_CTX_TRY_NUMBER='1' AIRFLOW_CTX_DAG_RUN_ID='scheduled__2025-06-10T00:00:00+00:00'
[2025-06-11T02:44:38.796+0000] {logging_mixin.py:188} INFO - Processing discounts for region asia
[2025-06-11T02:44:51.600+0000] {logging_mixin.py:188} INFO - STAGING_ASIA
[2025-06-11T02:45:04.310+0000] {logging_mixin.py:188} INFO - +-----------+-------------+--------------------+-------------+--------------+--------------------+--------------------+-----------+-----------+-------------------+-------------------+---------+-------------------+-------+--------+
|discount_id|discount_code|       discount_name|discount_type|discount_value|minimum_order_amount|maximum_order_amount|usage_limit|usage_count|         start_date|           end_date|is_active|         created_at|_region| _source|
+-----------+-------------+--------------------+-------------+--------------+--------------------+--------------------+-----------+-----------+-------------------+-------------------+---------+-------------------+-------+--------+
|          1|    WELCOME10|New Customer Welcome|   percentage|          10.0|                5000|               10000|       1000|        234|2024-01-01 00:00:00|2024-12-31 00:00:00|     true|2024-02-25 11:50:35|   asia|postgres|
|          2|     SPRING25| Spring Sale 25% Off|   percentage|          25.0|               10000|               20000|        500|        156|2024-03-01 00:00:00|2024-03-31 00:00:00|    false|2024-02-26 00:00:00|   asia|postgres|
|          3|     FREESHIP|       Free Shipping|     shipping|           0.0|                8000|                1500|       2000|        567|2024-03-01 00:00:00|2024-12-31 00:00:00|     true|2024-02-27 00:00:00|   asia|postgres|
|          4|     SAVE5000|       Save 5000 Yen|        fixed|        5000.0|               20000|                5000|        300|         89|               NULL|               NULL|    false|               NULL|   asia|postgres|
|          5|   BLACKFRI30|Black Friday 30% Off|   percentage|          30.0|               15000|               30000|       1000|        678|2024-11-25 00:00:00|2024-11-29 00:00:00|    false|2024-02-29 00:00:00|   asia|postgres|
|          6|    STUDENT15|    Student Discount|   percentage|          15.0|                3000|               15000|          0|        123|2024-01-01 00:00:00|2024-12-31 00:00:00|     true|2024-03-01 12:35:30|   asia|postgres|
|          7|      LOYAL25|Loyalty Member 25...|   percentage|          25.0|               10000|               25000|        500|        234|2024-01-01 00:00:00|2024-12-31 00:00:00|     true|2024-03-02 00:00:00|   asia|postgres|
|          8|     SUMMER20|      Summer Special|   percentage|          20.0|                8000|               12000|        750|        345|2024-06-01 00:00:00|2024-08-31 00:00:00|     true|2024-03-03 00:00:00|   asia|postgres|
|          9|     FIRST100| First 100 Customers|        fixed|        2500.0|               10000|                2500|        100|        100|               NULL|               NULL|    false|               NULL|   asia|postgres|
|         10|    WEEKEND10|     Weekend Special|   percentage|          10.0|                6000|                8000|          0|        456|2024-01-01 00:00:00|2024-12-31 00:00:00|     true|2024-05-03 00:00:00|   asia|postgres|
+-----------+-------------+--------------------+-------------+--------------+--------------------+--------------------+-----------+-----------+-------------------+-------------------+---------+-------------------+-------+--------+
only showing top 10 rows
[2025-06-11T02:45:04.312+0000] {logging_mixin.py:188} INFO - Inserting into snowflake
[2025-06-11T02:45:17.742+0000] {logging_mixin.py:188} INFO - successfully inserted in snowflake
[2025-06-11T02:45:17.758+0000] {crypto.py:82} WARNING - empty cryptography key - values will not be stored encrypted.
[2025-06-11T02:45:18.922+0000] {logging_mixin.py:188} INFO - Successfully processed 20 records for discounts in asia
[2025-06-11T02:45:20.678+0000] {python.py:201} INFO - Done. Returned value was: {'region': 'asia', 'table': 'discounts', 'record_count': 20, 'status': 'success'}
[2025-06-11T02:45:20.823+0000] {taskinstance.py:1138} INFO - Marking task as SUCCESS. dag_id=multi_region_to_snowflake, task_id=process_region_asia.process_discounts_asia, execution_date=20250610T000000, start_date=20250611T024424, end_date=20250611T024520
[2025-06-11T02:45:20.922+0000] {local_task_job_runner.py:234} INFO - Task exited with return code 0
[2025-06-11T02:45:21.043+0000] {taskinstance.py:3280} INFO - 0 downstream tasks scheduled from follow-on schedule check
