[2025-06-11T18:25:29.672+0000] {taskinstance.py:1956} INFO - Dependencies all met for dep_context=non-requeueable deps ti=<TaskInstance: multi_region_transform_staging_v2.process_region_asia.process_wishlists_asia manual__2025-06-11T18:20:09.445349+00:00 [queued]>
[2025-06-11T18:25:29.697+0000] {taskinstance.py:1956} INFO - Dependencies all met for dep_context=requeueable deps ti=<TaskInstance: multi_region_transform_staging_v2.process_region_asia.process_wishlists_asia manual__2025-06-11T18:20:09.445349+00:00 [queued]>
[2025-06-11T18:25:29.698+0000] {taskinstance.py:2170} INFO - Starting attempt 1 of 2
[2025-06-11T18:25:29.722+0000] {taskinstance.py:2191} INFO - Executing <Task(_PythonDecoratedOperator): process_region_asia.process_wishlists_asia> on 2025-06-11 18:20:09.445349+00:00
[2025-06-11T18:25:29.734+0000] {standard_task_runner.py:60} INFO - Started process 11758 to run task
[2025-06-11T18:25:29.738+0000] {standard_task_runner.py:87} INFO - Running: ['airflow', 'tasks', 'run', 'multi_region_transform_staging_v2', 'process_region_asia.process_wishlists_asia', 'manual__2025-06-11T18:20:09.445349+00:00', '--job-id', '640', '--raw', '--subdir', 'DAGS_FOLDER/master_dag.py', '--cfg-path', '/tmp/tmp0_fc8mbm']
[2025-06-11T18:25:29.741+0000] {standard_task_runner.py:88} INFO - Job 640: Subtask process_region_asia.process_wishlists_asia
[2025-06-11T18:25:29.869+0000] {task_command.py:423} INFO - Running <TaskInstance: multi_region_transform_staging_v2.process_region_asia.process_wishlists_asia manual__2025-06-11T18:20:09.445349+00:00 [running]> on host 5950010ae7c1
[2025-06-11T18:25:30.208+0000] {taskinstance.py:2480} INFO - Exporting env vars: AIRFLOW_CTX_DAG_OWNER='data-team' AIRFLOW_CTX_DAG_ID='multi_region_transform_staging_v2' AIRFLOW_CTX_TASK_ID='process_region_asia.process_wishlists_asia' AIRFLOW_CTX_EXECUTION_DATE='2025-06-11T18:20:09.445349+00:00' AIRFLOW_CTX_TRY_NUMBER='1' AIRFLOW_CTX_DAG_RUN_ID='manual__2025-06-11T18:20:09.445349+00:00'
[2025-06-11T18:25:42.657+0000] {logging_mixin.py:188} INFO - Debugggg::::Vector(spark://5950010ae7c1:45189/jars/spark-snowflake_2.12-2.16.0-spark_3.2.jar, spark://5950010ae7c1:45189/jars/snowflake-jdbc-3.13.17.jar)
[2025-06-11T18:25:42.658+0000] {logging_mixin.py:188} INFO - Processing wishlists for region asia
[2025-06-11T18:25:42.688+0000] {logging_mixin.py:188} INFO - /opt/airflow/data/raw/region=asia/table=wishlists/load_date=2025-06-11
[2025-06-11T18:26:10.537+0000] {logging_mixin.py:188} INFO - STAGING_ASIA
[2025-06-11T18:26:12.499+0000] {logging_mixin.py:188} INFO - +-----------+-----------+----------+-------------------+-------+--------+
|wishlist_id|customer_id|product_id|           added_at|_region| _source|
+-----------+-----------+----------+-------------------+-------+--------+
|          1|          1|         2|2024-03-17 09:30:45|   asia|postgres|
|          2|          1|         9|2024-03-17 09:35:20|   asia|postgres|
|          3|          1|        11|2024-03-17 09:40:15|   asia|postgres|
|          4|          2|         1|2024-03-18 00:00:00|   asia|postgres|
|          5|          2|         6|2024-03-18 00:00:00|   asia|postgres|
|          6|          2|         8|2024-03-18 00:00:00|   asia|postgres|
|          7|          3|         4|2024-03-19 00:00:00|   asia|postgres|
|          8|          3|         7|2024-03-19 00:00:00|   asia|postgres|
|          9|          3|        12|2024-03-19 00:00:00|   asia|postgres|
|         13|          5|         2|2024-03-21 00:00:00|   asia|postgres|
+-----------+-----------+----------+-------------------+-------+--------+
only showing top 10 rows
[2025-06-11T18:26:12.501+0000] {logging_mixin.py:188} INFO - Inserting into snowflake
[2025-06-11T18:26:20.941+0000] {logging_mixin.py:188} INFO - successfully inserted in snowflake
[2025-06-11T18:26:20.966+0000] {crypto.py:82} WARNING - empty cryptography key - values will not be stored encrypted.
[2025-06-11T18:26:21.922+0000] {logging_mixin.py:188} INFO - Successfully processed 12 records for wishlists in asia
[2025-06-11T18:26:24.246+0000] {python.py:201} INFO - Done. Returned value was: {'region': 'asia', 'table': 'wishlists', 'record_count': 12, 'status': 'success'}
[2025-06-11T18:26:24.339+0000] {taskinstance.py:1138} INFO - Marking task as SUCCESS. dag_id=multi_region_transform_staging_v2, task_id=process_region_asia.process_wishlists_asia, execution_date=20250611T182009, start_date=20250611T182529, end_date=20250611T182624
[2025-06-11T18:26:24.411+0000] {local_task_job_runner.py:234} INFO - Task exited with return code 0
[2025-06-11T18:26:24.492+0000] {taskinstance.py:3280} INFO - 0 downstream tasks scheduled from follow-on schedule check
