[2025-06-09T04:26:38.930+0000] {taskinstance.py:1956} INFO - Dependencies all met for dep_context=non-requeueable deps ti=<TaskInstance: multi_region_processor_7.process_region_asia.process_categories_asia manual__2025-06-09T04:18:54.341856+00:00 [queued]>
[2025-06-09T04:26:38.955+0000] {taskinstance.py:1956} INFO - Dependencies all met for dep_context=requeueable deps ti=<TaskInstance: multi_region_processor_7.process_region_asia.process_categories_asia manual__2025-06-09T04:18:54.341856+00:00 [queued]>
[2025-06-09T04:26:38.957+0000] {taskinstance.py:2170} INFO - Starting attempt 2 of 2
[2025-06-09T04:26:39.101+0000] {taskinstance.py:2191} INFO - Executing <Task(_PythonDecoratedOperator): process_region_asia.process_categories_asia> on 2025-06-09 04:18:54.341856+00:00
[2025-06-09T04:26:39.109+0000] {clientserver.py:543} INFO - Closing down clientserver connection
[2025-06-09T04:26:39.109+0000] {standard_task_runner.py:60} INFO - Started process 1132 to run task
[2025-06-09T04:26:39.116+0000] {standard_task_runner.py:87} INFO - Running: ['airflow', 'tasks', 'run', 'multi_region_processor_7', 'process_region_asia.process_categories_asia', 'manual__2025-06-09T04:18:54.341856+00:00', '--job-id', '143', '--raw', '--subdir', 'DAGS_FOLDER/master2.py', '--cfg-path', '/tmp/tmpde2y6881']
[2025-06-09T04:26:39.123+0000] {standard_task_runner.py:88} INFO - Job 143: Subtask process_region_asia.process_categories_asia
[2025-06-09T04:26:39.473+0000] {logging_mixin.py:188} WARNING - /home/airflow/.local/lib/python3.10/site-packages/airflow/settings.py:194 DeprecationWarning: The sql_alchemy_conn option in [core] has been moved to the sql_alchemy_conn option in [database] - the old setting has been used, but please update your config.
[2025-06-09T04:26:39.576+0000] {task_command.py:423} INFO - Running <TaskInstance: multi_region_processor_7.process_region_asia.process_categories_asia manual__2025-06-09T04:18:54.341856+00:00 [running]> on host 847c6af56c4f
[2025-06-09T04:26:39.823+0000] {taskinstance.py:2480} INFO - Exporting env vars: AIRFLOW_CTX_DAG_OWNER='data-team' AIRFLOW_CTX_DAG_ID='multi_region_processor_7' AIRFLOW_CTX_TASK_ID='process_region_asia.process_categories_asia' AIRFLOW_CTX_EXECUTION_DATE='2025-06-09T04:18:54.341856+00:00' AIRFLOW_CTX_TRY_NUMBER='2' AIRFLOW_CTX_DAG_RUN_ID='manual__2025-06-09T04:18:54.341856+00:00'
[2025-06-09T04:26:39.861+0000] {logging_mixin.py:188} INFO - Processing categories for region asia
[2025-06-09T04:27:06.976+0000] {logging_mixin.py:188} INFO - +-------------+--------------+------------------+--------------------+---------+-------------------+-------------------+-------+--------+
|categories_id| category_name|parent_category_id|       category_path|is_active|         created_at|         updated_at|_region| _source|
+-------------+--------------+------------------+--------------------+---------+-------------------+-------------------+-------+--------+
|            1|   Electronics|              NULL|        /Electronics|     true|2024-01-01 09:00:00|2025-06-08 19:23:06|   asia|postgres|
|            2|   Smartphones|                 1|/Electronics/Smar...|     true|2024-01-02 00:00:00|2025-06-08 19:23:06|   asia|postgres|
|            3|       Laptops|                 1|/Electronics/Laptops|     true|2024-03-01 00:00:00|2025-06-08 19:23:06|   asia|postgres|
|            4|Gaming Devices|                 1| /Electronics/Gaming|     true|               NULL|2025-06-08 19:23:06|   asia|postgres|
|            5|      Clothing|              NULL|           /Clothing|     true|2024-05-01 00:00:00|2025-06-08 19:23:06|   asia|postgres|
|            6|  Mens Fashion|                 5|      /Clothing/Mens|     true|2024-01-06 00:00:00|2025-06-08 19:23:06|   asia|postgres|
|            7|Womens Fashion|                 5|    /Clothing/Womens|     true|2024-07-01 00:00:00|2025-06-08 19:23:06|   asia|postgres|
|            8| Home & Living|              NULL|        /Home-Living|     true|2024-01-08 11:20:15|2025-06-08 19:23:06|   asia|postgres|
|            9|     Furniture|                 8|/Home-Living/Furn...|     true|2024-01-09 00:00:00|2025-06-08 19:23:06|   asia|postgres|
|           10|         Books|              NULL|              /Books|     true|2024-01-10 00:00:00|2025-06-08 19:23:06|   asia|postgres|
+-------------+--------------+------------------+--------------------+---------+-------------------+-------------------+-------+--------+
only showing top 10 rows
[2025-06-09T04:27:11.212+0000] {logging_mixin.py:188} INFO - Successfully processed 30 records for categories in asia
