[2025-06-09T11:29:53.842+0000] {taskinstance.py:1956} INFO - Dependencies all met for dep_context=non-requeueable deps ti=<TaskInstance: multi_region_to_snowflake.process_region_asia.process_shopping_carts_asia manual__2025-06-09T11:22:33.329920+00:00 [queued]>
[2025-06-09T11:29:53.863+0000] {taskinstance.py:1956} INFO - Dependencies all met for dep_context=requeueable deps ti=<TaskInstance: multi_region_to_snowflake.process_region_asia.process_shopping_carts_asia manual__2025-06-09T11:22:33.329920+00:00 [queued]>
[2025-06-09T11:29:53.863+0000] {taskinstance.py:2170} INFO - Starting attempt 1 of 2
[2025-06-09T11:29:53.891+0000] {taskinstance.py:2191} INFO - Executing <Task(_PythonDecoratedOperator): process_region_asia.process_shopping_carts_asia> on 2025-06-09 11:22:33.329920+00:00
[2025-06-09T11:29:53.901+0000] {standard_task_runner.py:60} INFO - Started process 20451 to run task
[2025-06-09T11:29:53.905+0000] {standard_task_runner.py:87} INFO - Running: ['airflow', 'tasks', 'run', 'multi_region_to_snowflake', 'process_region_asia.process_shopping_carts_asia', 'manual__2025-06-09T11:22:33.329920+00:00', '--job-id', '762', '--raw', '--subdir', 'DAGS_FOLDER/master_dag.py', '--cfg-path', '/tmp/tmpbbe33alq']
[2025-06-09T11:29:53.908+0000] {standard_task_runner.py:88} INFO - Job 762: Subtask process_region_asia.process_shopping_carts_asia
[2025-06-09T11:29:54.063+0000] {task_command.py:423} INFO - Running <TaskInstance: multi_region_to_snowflake.process_region_asia.process_shopping_carts_asia manual__2025-06-09T11:22:33.329920+00:00 [running]> on host 7fa6630d536c
[2025-06-09T11:29:54.343+0000] {taskinstance.py:2480} INFO - Exporting env vars: AIRFLOW_CTX_DAG_OWNER='data-team' AIRFLOW_CTX_DAG_ID='multi_region_to_snowflake' AIRFLOW_CTX_TASK_ID='process_region_asia.process_shopping_carts_asia' AIRFLOW_CTX_EXECUTION_DATE='2025-06-09T11:22:33.329920+00:00' AIRFLOW_CTX_TRY_NUMBER='1' AIRFLOW_CTX_DAG_RUN_ID='manual__2025-06-09T11:22:33.329920+00:00'
[2025-06-09T11:30:07.122+0000] {logging_mixin.py:188} INFO - Processing shopping_carts for region asia
[2025-06-09T11:30:22.249+0000] {logging_mixin.py:188} INFO - STAGING_ASIA
[2025-06-09T11:30:35.284+0000] {logging_mixin.py:188} INFO - +-------+-----------+--------------------+-------------------+-------------------+-------------------+-------+--------+
|cart_id|customer_id|          session_id|         created_at|         updated_at|       abandoned_at|_region| _source|
+-------+-----------+--------------------+-------------------+-------------------+-------------------+-------+--------+
|      1|          1|sess_jp_abc123def456|2024-03-15 09:30:45|2024-03-15 10:45:20|               NULL|   asia|postgres|
|      2|          2|sess_jp_ghi789jkl012|2024-03-16 00:00:00|2024-03-16 00:00:00|2024-03-16 00:00:00|   asia|postgres|
|      3|          3|sess_jp_mno345pqr678|2024-03-17 00:00:00|2024-03-17 00:00:00|               NULL|   asia|postgres|
|      4|          4|sess_jp_stu901vwx234|               NULL|               NULL|               NULL|   asia|postgres|
|      5|          5|sess_jp_yza567bcd890|2024-03-19 00:00:00|2024-03-19 00:00:00|               NULL|   asia|postgres|
|      1|          1|sess_jp_abc123def456|2024-03-15 09:30:45|2024-03-15 10:45:20|               NULL|   asia|postgres|
|      2|          2|sess_jp_ghi789jkl012|2024-03-16 00:00:00|2024-03-16 00:00:00|2024-03-16 00:00:00|   asia|postgres|
|      3|          3|sess_jp_mno345pqr678|2024-03-17 00:00:00|2024-03-17 00:00:00|               NULL|   asia|postgres|
|      4|          4|sess_jp_stu901vwx234|               NULL|               NULL|               NULL|   asia|postgres|
|      5|          5|sess_jp_yza567bcd890|2024-03-19 00:00:00|2024-03-19 00:00:00|               NULL|   asia|postgres|
+-------+-----------+--------------------+-------------------+-------------------+-------------------+-------+--------+
[2025-06-09T11:30:35.286+0000] {logging_mixin.py:188} INFO - Inserting into snowflake
[2025-06-09T11:30:57.449+0000] {logging_mixin.py:188} INFO - successfully inserted in snowflake
[2025-06-09T11:30:59.567+0000] {logging_mixin.py:188} INFO - Successfully processed 10 records for shopping_carts in asia
[2025-06-09T11:31:02.317+0000] {python.py:201} INFO - Done. Returned value was: {'region': 'asia', 'table': 'shopping_carts', 'record_count': 10, 'status': 'success'}
[2025-06-09T11:31:02.377+0000] {taskinstance.py:1138} INFO - Marking task as SUCCESS. dag_id=multi_region_to_snowflake, task_id=process_region_asia.process_shopping_carts_asia, execution_date=20250609T112233, start_date=20250609T112953, end_date=20250609T113102
[2025-06-09T11:31:02.437+0000] {local_task_job_runner.py:234} INFO - Task exited with return code 0
[2025-06-09T11:31:02.504+0000] {taskinstance.py:3280} INFO - 1 downstream tasks scheduled from follow-on schedule check
