[2025-06-09T07:02:54.622+0000] {taskinstance.py:1956} INFO - Dependencies all met for dep_context=non-requeueable deps ti=<TaskInstance: transform_inventory.run_transformation_eu manual__2025-06-09T07:02:32.083464+00:00 [queued]>
[2025-06-09T07:02:54.630+0000] {taskinstance.py:1956} INFO - Dependencies all met for dep_context=requeueable deps ti=<TaskInstance: transform_inventory.run_transformation_eu manual__2025-06-09T07:02:32.083464+00:00 [queued]>
[2025-06-09T07:02:54.630+0000] {taskinstance.py:2170} INFO - Starting attempt 1 of 1
[2025-06-09T07:02:54.641+0000] {taskinstance.py:2191} INFO - Executing <Task(_PythonDecoratedOperator): run_transformation_eu> on 2025-06-09 07:02:32.083464+00:00
[2025-06-09T07:02:54.646+0000] {standard_task_runner.py:60} INFO - Started process 44756 to run task
[2025-06-09T07:02:54.649+0000] {standard_task_runner.py:87} INFO - Running: ['airflow', 'tasks', 'run', 'transform_inventory', 'run_transformation_eu', 'manual__2025-06-09T07:02:32.083464+00:00', '--job-id', '447', '--raw', '--subdir', 'DAGS_FOLDER/staging/inventory_to_staging.py', '--cfg-path', '/tmp/tmpoa4m2ma4']
[2025-06-09T07:02:54.651+0000] {standard_task_runner.py:88} INFO - Job 447: Subtask run_transformation_eu
[2025-06-09T07:02:54.666+0000] {logging_mixin.py:188} WARNING - /home/airflow/.local/lib/python3.10/site-packages/airflow/settings.py:194 DeprecationWarning: The sql_alchemy_conn option in [core] has been moved to the sql_alchemy_conn option in [database] - the old setting has been used, but please update your config.
[2025-06-09T07:02:54.716+0000] {task_command.py:423} INFO - Running <TaskInstance: transform_inventory.run_transformation_eu manual__2025-06-09T07:02:32.083464+00:00 [running]> on host afcdbcf38bc0
[2025-06-09T07:02:54.822+0000] {taskinstance.py:2480} INFO - Exporting env vars: AIRFLOW_CTX_DAG_OWNER='airflow' AIRFLOW_CTX_DAG_ID='transform_inventory' AIRFLOW_CTX_TASK_ID='run_transformation_eu' AIRFLOW_CTX_EXECUTION_DATE='2025-06-09T07:02:32.083464+00:00' AIRFLOW_CTX_TRY_NUMBER='1' AIRFLOW_CTX_DAG_RUN_ID='manual__2025-06-09T07:02:32.083464+00:00'
[2025-06-09T07:02:54.822+0000] {logging_mixin.py:188} INFO - Starting transformation for table: inventory in region: eu
[2025-06-09T07:03:00.816+0000] {logging_mixin.py:188} INFO - Reading data from: /opt/airflow/data/raw/region=eu/table=inventory/load_date=2025-06-08/
[2025-06-09T07:03:09.021+0000] {logging_mixin.py:188} INFO - [INFO] Processing 40 records for eu
[2025-06-09T07:03:09.414+0000] {logging_mixin.py:188} INFO - Sample transformed data for eu:
[2025-06-09T07:03:12.398+0000] {logging_mixin.py:188} INFO - +------------+----------+------------------+------------------+-----------------+-------------+-------------------+-------------------+-------+--------+
|inventory_id|variant_id|warehouse_location|quantity_available|quantity_reserved|reorder_level|last_restocked_at  |updated_at         |_region|_source |
+------------+----------+------------------+------------------+-----------------+-------------+-------------------+-------------------+-------+--------+
|1           |1         |EU-DE-01          |150               |25               |50           |2024-01-15 09:30:00|2025-06-08 19:22:57|eu     |postgres|
|2           |2         |EU-DE-01          |75                |15               |30           |2024-01-20 13:15:00|2025-06-08 19:22:57|eu     |postgres|
|3           |3         |EU-NL-02          |45                |8                |20           |2024-01-18 08:45:00|2025-06-08 19:22:57|eu     |postgres|
|4           |4         |EU-FR-03          |200               |35               |75           |2024-01-22 10:20:00|2025-06-08 19:22:57|eu     |postgres|
|5           |5         |EU-FR-03          |120               |20               |40           |2024-01-25 15:30:00|2025-06-08 19:22:57|eu     |postgres|
+------------+----------+------------------+------------------+-----------------+-------------+-------------------+-------------------+-------+--------+
only showing top 5 rows
[2025-06-09T07:03:12.398+0000] {logging_mixin.py:188} INFO - Writing transformed data to: /opt/airflow/data/staging/inventory/region=eu/load_date=2025-06-08/
[2025-06-09T07:03:13.424+0000] {logging_mixin.py:188} INFO - Successfully transformed 40 records for eu
[2025-06-09T07:03:13.598+0000] {logging_mixin.py:188} INFO - Finished transformation for inventory in region eu
[2025-06-09T07:03:13.599+0000] {python.py:201} INFO - Done. Returned value was: None
[2025-06-09T07:03:13.632+0000] {taskinstance.py:1138} INFO - Marking task as SUCCESS. dag_id=transform_inventory, task_id=run_transformation_eu, execution_date=20250609T070232, start_date=20250609T070254, end_date=20250609T070313
[2025-06-09T07:03:13.692+0000] {local_task_job_runner.py:234} INFO - Task exited with return code 0
[2025-06-09T07:03:13.730+0000] {taskinstance.py:3280} INFO - 0 downstream tasks scheduled from follow-on schedule check
