[2025-06-08T15:26:33.456+0000] {taskinstance.py:1956} INFO - Dependencies all met for dep_context=non-requeueable deps ti=<TaskInstance: transform_customers_csv.run_transformation_us manual__2025-06-08T15:26:31.472463+00:00 [queued]>
[2025-06-08T15:26:33.477+0000] {taskinstance.py:1956} INFO - Dependencies all met for dep_context=requeueable deps ti=<TaskInstance: transform_customers_csv.run_transformation_us manual__2025-06-08T15:26:31.472463+00:00 [queued]>
[2025-06-08T15:26:33.478+0000] {taskinstance.py:2170} INFO - Starting attempt 1 of 1
[2025-06-08T15:26:33.508+0000] {taskinstance.py:2191} INFO - Executing <Task(_PythonDecoratedOperator): run_transformation_us> on 2025-06-08 15:26:31.472463+00:00
[2025-06-08T15:26:33.518+0000] {standard_task_runner.py:60} INFO - Started process 122128 to run task
[2025-06-08T15:26:33.527+0000] {standard_task_runner.py:87} INFO - Running: ['airflow', 'tasks', 'run', 'transform_customers_csv', 'run_transformation_us', 'manual__2025-06-08T15:26:31.472463+00:00', '--job-id', '459', '--raw', '--subdir', 'DAGS_FOLDER/staging/customer_to_staging.py', '--cfg-path', '/tmp/tmpqxpogpea']
[2025-06-08T15:26:33.530+0000] {standard_task_runner.py:88} INFO - Job 459: Subtask run_transformation_us
[2025-06-08T15:26:33.581+0000] {logging_mixin.py:188} WARNING - /home/airflow/.local/lib/python3.10/site-packages/airflow/settings.py:194 DeprecationWarning: The sql_alchemy_conn option in [core] has been moved to the sql_alchemy_conn option in [database] - the old setting has been used, but please update your config.
[2025-06-08T15:26:33.666+0000] {task_command.py:423} INFO - Running <TaskInstance: transform_customers_csv.run_transformation_us manual__2025-06-08T15:26:31.472463+00:00 [running]> on host f7e9b9614623
[2025-06-08T15:26:33.915+0000] {taskinstance.py:2480} INFO - Exporting env vars: AIRFLOW_CTX_DAG_OWNER='airflow' AIRFLOW_CTX_DAG_ID='transform_customers_csv' AIRFLOW_CTX_TASK_ID='run_transformation_us' AIRFLOW_CTX_EXECUTION_DATE='2025-06-08T15:26:31.472463+00:00' AIRFLOW_CTX_TRY_NUMBER='1' AIRFLOW_CTX_DAG_RUN_ID='manual__2025-06-08T15:26:31.472463+00:00'
[2025-06-08T15:26:33.917+0000] {logging_mixin.py:188} INFO - Starting transformation for table: customers in region: us
[2025-06-08T15:26:43.238+0000] {logging_mixin.py:188} INFO - Reading data from: /opt/airflow/data/raw/region=us/table=customers/load_date=2025-06-06/
[2025-06-08T15:26:55.427+0000] {logging_mixin.py:188} INFO - [INFO] Processing 25 records for us
[2025-06-08T15:26:55.599+0000] {logging_mixin.py:188} INFO - Error transforming data for us: 'Column' object is not callable
[2025-06-08T15:26:55.926+0000] {taskinstance.py:2698} ERROR - Task failed with exception
Traceback (most recent call last):
  File "/home/airflow/.local/lib/python3.10/site-packages/airflow/models/taskinstance.py", line 433, in _execute_task
    result = execute_callable(context=context, **execute_callable_kwargs)
  File "/home/airflow/.local/lib/python3.10/site-packages/airflow/decorators/base.py", line 241, in execute
    return_value = super().execute(context)
  File "/home/airflow/.local/lib/python3.10/site-packages/airflow/operators/python.py", line 199, in execute
    return_value = self.execute_callable()
  File "/home/airflow/.local/lib/python3.10/site-packages/airflow/operators/python.py", line 216, in execute_callable
    return self.python_callable(*self.op_args, **self.op_kwargs)
  File "/opt/airflow/dags/staging/customer_to_staging.py", line 99, in run_transformation_us
    transform_customers_table(
  File "/opt/airflow/dags/staging/../../scripts/pyspark_jobs/customer.py", line 82, in transform_customers_table
    raise e
  File "/opt/airflow/dags/staging/../../scripts/pyspark_jobs/customer.py", line 64, in transform_customers_table
    df_transformed = transform_customers(df_raw, region)
  File "/opt/airflow/scripts/etl/transform/customer.py", line 185, in transform_customers
    return transform_us(df)
  File "/opt/airflow/scripts/etl/transform/customer.py", line 165, in transform_us
    validate_any_phone_udf(col("phone")).alias("phone"),
  File "/opt/airflow/scripts/etl/transform/phone_validate.py", line 46, in validate_any_phone_udf
    phone_str = phone_str.strip()
TypeError: 'Column' object is not callable
[2025-06-08T15:26:55.963+0000] {taskinstance.py:1138} INFO - Marking task as FAILED. dag_id=transform_customers_csv, task_id=run_transformation_us, execution_date=20250608T152631, start_date=20250608T152633, end_date=20250608T152655
[2025-06-08T15:26:56.001+0000] {standard_task_runner.py:107} ERROR - Failed to execute job 459 for task run_transformation_us ('Column' object is not callable; 122128)
[2025-06-08T15:26:56.050+0000] {local_task_job_runner.py:234} INFO - Task exited with return code 1
[2025-06-08T15:26:56.105+0000] {taskinstance.py:3280} INFO - 0 downstream tasks scheduled from follow-on schedule check
