[2025-06-08T16:42:42.007+0000] {taskinstance.py:1956} INFO - Dependencies all met for dep_context=non-requeueable deps ti=<TaskInstance: transform_products.run_transformation_asia scheduled__2025-06-07T01:00:00+00:00 [queued]>
[2025-06-08T16:42:42.100+0000] {taskinstance.py:1956} INFO - Dependencies all met for dep_context=requeueable deps ti=<TaskInstance: transform_products.run_transformation_asia scheduled__2025-06-07T01:00:00+00:00 [queued]>
[2025-06-08T16:42:42.101+0000] {taskinstance.py:2170} INFO - Starting attempt 2 of 1
[2025-06-08T16:42:42.144+0000] {taskinstance.py:2191} INFO - Executing <Task(_PythonDecoratedOperator): run_transformation_asia> on 2025-06-07 01:00:00+00:00
[2025-06-08T16:42:42.161+0000] {clientserver.py:543} INFO - Closing down clientserver connection
[2025-06-08T16:42:42.158+0000] {standard_task_runner.py:60} INFO - Started process 1715 to run task
[2025-06-08T16:42:42.223+0000] {standard_task_runner.py:87} INFO - Running: ['airflow', 'tasks', 'run', 'transform_products', 'run_transformation_asia', 'scheduled__2025-06-07T01:00:00+00:00', '--job-id', '516', '--raw', '--subdir', 'DAGS_FOLDER/staging/products_to_staging.py', '--cfg-path', '/tmp/tmph2wkuu72']
[2025-06-08T16:42:42.234+0000] {standard_task_runner.py:88} INFO - Job 516: Subtask run_transformation_asia
[2025-06-08T16:42:43.420+0000] {logging_mixin.py:188} WARNING - /home/airflow/.local/lib/python3.10/site-packages/airflow/settings.py:194 DeprecationWarning: The sql_alchemy_conn option in [core] has been moved to the sql_alchemy_conn option in [database] - the old setting has been used, but please update your config.
[2025-06-08T16:42:43.633+0000] {task_command.py:423} INFO - Running <TaskInstance: transform_products.run_transformation_asia scheduled__2025-06-07T01:00:00+00:00 [running]> on host c10f2fed82e0
[2025-06-08T16:42:44.627+0000] {taskinstance.py:2480} INFO - Exporting env vars: AIRFLOW_CTX_DAG_OWNER='airflow' AIRFLOW_CTX_DAG_ID='transform_products' AIRFLOW_CTX_TASK_ID='run_transformation_asia' AIRFLOW_CTX_EXECUTION_DATE='2025-06-07T01:00:00+00:00' AIRFLOW_CTX_TRY_NUMBER='2' AIRFLOW_CTX_DAG_RUN_ID='scheduled__2025-06-07T01:00:00+00:00'
[2025-06-08T16:42:44.642+0000] {logging_mixin.py:188} INFO - Starting transformation for table: products in region: asia
[2025-06-08T16:42:44.680+0000] {logging_mixin.py:188} INFO - Reading data from: /opt/airflow/data/raw/region=asia/table=products/load_date=2025-06-06/
[2025-06-08T16:43:10.463+0000] {logging_mixin.py:188} INFO - [INFO] Processing 17 records for asia
[2025-06-08T16:43:13.945+0000] {logging_mixin.py:188} INFO - Sample transformed data for asia:
[2025-06-08T16:43:25.505+0000] {logging_mixin.py:188} INFO - +----------+-----------+--------------+----------------------------------------------+-----------+---------+--------+---------+------------------+--------+------------------+---------+-------------------+-------+--------+
|product_id|product_sku|product_name  |product_description                           |category_id|price_jpy|cost_jpy|weight_kg|length_cm         |width_cm|height_cm         |is_active|created_at         |_region|_source |
+----------+-----------+--------------+----------------------------------------------+-----------+---------+--------+---------+------------------+--------+------------------+---------+-------------------+-------+--------+
|1         |JP-ITEM-001|Iphone 15 Pro |Latest Apple smartphone with advanced features|2          |149800   |95000   |0.187500 |14.669999999999998|7.15    |0.78              |true     |2024-01-15 08:30:45|asia   |postgres|
|2         |JP-ITEM-002|Macbook Air M2|Apple MacBook Air with M2 chip                |3          |158000   |98000   |1.240000 |30.410000000000004|21.5    |1.1300000000000001|true     |2024-01-16 00:00:00|asia   |postgres|
|3         |JP-ITEM-003|Playstation 5 |Sony PlayStation 5 gaming console             |4          |59800    |42000   |4.500000 |39.0              |26.0    |10.4              |true     |2024-01-17 00:00:00|asia   |postgres|
|4         |JP-ITEM-004|Cotton T-shirt|Premium cotton t-shirt for men                |6          |3500     |1200    |0.180000 |NULL              |NULL    |NULL              |true     |NULL               |asia   |postgres|
|5         |JP-ITEM-005|Summer Dress  |Elegant summer dress for women                |7          |8900     |3500    |0.300000 |NULL              |NULL    |NULL              |true     |2024-01-19 00:00:00|asia   |postgres|
+----------+-----------+--------------+----------------------------------------------+-----------+---------+--------+---------+------------------+--------+------------------+---------+-------------------+-------+--------+
only showing top 5 rows
[2025-06-08T16:43:25.512+0000] {logging_mixin.py:188} INFO - Writing transformed data to: /opt/airflow/data/staging/products/region=asia/load_date=2025-06-06/
[2025-06-08T16:43:30.186+0000] {logging_mixin.py:188} INFO - Successfully transformed 17 records for asia
[2025-06-08T16:44:23.328+0000] {job.py:213} ERROR - Job heartbeat got an exception
Traceback (most recent call last):
  File "/home/airflow/.local/lib/python3.10/site-packages/sqlalchemy/engine/base.py", line 3371, in _wrap_pool_connect
    return fn()
  File "/home/airflow/.local/lib/python3.10/site-packages/sqlalchemy/pool/base.py", line 327, in connect
    return _ConnectionFairy._checkout(self)
  File "/home/airflow/.local/lib/python3.10/site-packages/sqlalchemy/pool/base.py", line 894, in _checkout
    fairy = _ConnectionRecord.checkout(pool)
  File "/home/airflow/.local/lib/python3.10/site-packages/sqlalchemy/pool/base.py", line 493, in checkout
    rec = pool._do_get()
  File "/home/airflow/.local/lib/python3.10/site-packages/sqlalchemy/pool/impl.py", line 256, in _do_get
    return self._create_connection()
  File "/home/airflow/.local/lib/python3.10/site-packages/sqlalchemy/pool/base.py", line 273, in _create_connection
    return _ConnectionRecord(self)
  File "/home/airflow/.local/lib/python3.10/site-packages/sqlalchemy/pool/base.py", line 388, in __init__
    self.__connect()
  File "/home/airflow/.local/lib/python3.10/site-packages/sqlalchemy/pool/base.py", line 690, in __connect
    with util.safe_reraise():
  File "/home/airflow/.local/lib/python3.10/site-packages/sqlalchemy/util/langhelpers.py", line 70, in __exit__
    compat.raise_(
  File "/home/airflow/.local/lib/python3.10/site-packages/sqlalchemy/util/compat.py", line 211, in raise_
    raise exception
  File "/home/airflow/.local/lib/python3.10/site-packages/sqlalchemy/pool/base.py", line 686, in __connect
    self.dbapi_connection = connection = pool._invoke_creator(self)
  File "/home/airflow/.local/lib/python3.10/site-packages/sqlalchemy/engine/create.py", line 574, in connect
    return dialect.connect(*cargs, **cparams)
  File "/home/airflow/.local/lib/python3.10/site-packages/sqlalchemy/engine/default.py", line 598, in connect
    return self.dbapi.connect(*cargs, **cparams)
  File "/home/airflow/.local/lib/python3.10/site-packages/psycopg2/__init__.py", line 122, in connect
    conn = _connect(dsn, connection_factory=connection_factory, **kwasync)
psycopg2.OperationalError: could not translate host name "postgres" to address: Temporary failure in name resolution


The above exception was the direct cause of the following exception:

Traceback (most recent call last):
  File "/home/airflow/.local/lib/python3.10/site-packages/airflow/jobs/job.py", line 187, in heartbeat
    self._merge_from(Job._fetch_from_db(self, session))
  File "/home/airflow/.local/lib/python3.10/site-packages/airflow/api_internal/internal_api_call.py", line 114, in wrapper
    return func(*args, **kwargs)
  File "/home/airflow/.local/lib/python3.10/site-packages/airflow/utils/session.py", line 76, in wrapper
    return func(*args, **kwargs)
  File "/home/airflow/.local/lib/python3.10/site-packages/airflow/jobs/job.py", line 308, in _fetch_from_db
    session.merge(job)
  File "/home/airflow/.local/lib/python3.10/site-packages/sqlalchemy/orm/session.py", line 3056, in merge
    return self._merge(
  File "/home/airflow/.local/lib/python3.10/site-packages/sqlalchemy/orm/session.py", line 3136, in _merge
    merged = self.get(
  File "/home/airflow/.local/lib/python3.10/site-packages/sqlalchemy/orm/session.py", line 2853, in get
    return self._get_impl(
  File "/home/airflow/.local/lib/python3.10/site-packages/sqlalchemy/orm/session.py", line 2975, in _get_impl
    return db_load_fn(
  File "/home/airflow/.local/lib/python3.10/site-packages/sqlalchemy/orm/loading.py", line 530, in load_on_pk_identity
    session.execute(
  File "/home/airflow/.local/lib/python3.10/site-packages/sqlalchemy/orm/session.py", line 1716, in execute
    conn = self._connection_for_bind(bind)
  File "/home/airflow/.local/lib/python3.10/site-packages/sqlalchemy/orm/session.py", line 1555, in _connection_for_bind
    return self._transaction._connection_for_bind(
  File "/home/airflow/.local/lib/python3.10/site-packages/sqlalchemy/orm/session.py", line 750, in _connection_for_bind
    conn = bind.connect()
  File "/home/airflow/.local/lib/python3.10/site-packages/sqlalchemy/future/engine.py", line 412, in connect
    return super(Engine, self).connect()
  File "/home/airflow/.local/lib/python3.10/site-packages/sqlalchemy/engine/base.py", line 3325, in connect
    return self._connection_cls(self, close_with_result=close_with_result)
  File "/home/airflow/.local/lib/python3.10/site-packages/sqlalchemy/engine/base.py", line 96, in __init__
    else engine.raw_connection()
  File "/home/airflow/.local/lib/python3.10/site-packages/sqlalchemy/engine/base.py", line 3404, in raw_connection
    return self._wrap_pool_connect(self.pool.connect, _connection)
  File "/home/airflow/.local/lib/python3.10/site-packages/sqlalchemy/engine/base.py", line 3374, in _wrap_pool_connect
    Connection._handle_dbapi_exception_noconnection(
  File "/home/airflow/.local/lib/python3.10/site-packages/sqlalchemy/engine/base.py", line 2208, in _handle_dbapi_exception_noconnection
    util.raise_(
  File "/home/airflow/.local/lib/python3.10/site-packages/sqlalchemy/util/compat.py", line 211, in raise_
    raise exception
  File "/home/airflow/.local/lib/python3.10/site-packages/sqlalchemy/engine/base.py", line 3371, in _wrap_pool_connect
    return fn()
  File "/home/airflow/.local/lib/python3.10/site-packages/sqlalchemy/pool/base.py", line 327, in connect
    return _ConnectionFairy._checkout(self)
  File "/home/airflow/.local/lib/python3.10/site-packages/sqlalchemy/pool/base.py", line 894, in _checkout
    fairy = _ConnectionRecord.checkout(pool)
  File "/home/airflow/.local/lib/python3.10/site-packages/sqlalchemy/pool/base.py", line 493, in checkout
    rec = pool._do_get()
  File "/home/airflow/.local/lib/python3.10/site-packages/sqlalchemy/pool/impl.py", line 256, in _do_get
    return self._create_connection()
  File "/home/airflow/.local/lib/python3.10/site-packages/sqlalchemy/pool/base.py", line 273, in _create_connection
    return _ConnectionRecord(self)
  File "/home/airflow/.local/lib/python3.10/site-packages/sqlalchemy/pool/base.py", line 388, in __init__
    self.__connect()
  File "/home/airflow/.local/lib/python3.10/site-packages/sqlalchemy/pool/base.py", line 690, in __connect
    with util.safe_reraise():
  File "/home/airflow/.local/lib/python3.10/site-packages/sqlalchemy/util/langhelpers.py", line 70, in __exit__
    compat.raise_(
  File "/home/airflow/.local/lib/python3.10/site-packages/sqlalchemy/util/compat.py", line 211, in raise_
    raise exception
  File "/home/airflow/.local/lib/python3.10/site-packages/sqlalchemy/pool/base.py", line 686, in __connect
    self.dbapi_connection = connection = pool._invoke_creator(self)
  File "/home/airflow/.local/lib/python3.10/site-packages/sqlalchemy/engine/create.py", line 574, in connect
    return dialect.connect(*cargs, **cparams)
  File "/home/airflow/.local/lib/python3.10/site-packages/sqlalchemy/engine/default.py", line 598, in connect
    return self.dbapi.connect(*cargs, **cparams)
  File "/home/airflow/.local/lib/python3.10/site-packages/psycopg2/__init__.py", line 122, in connect
    conn = _connect(dsn, connection_factory=connection_factory, **kwasync)
sqlalchemy.exc.OperationalError: (psycopg2.OperationalError) could not translate host name "postgres" to address: Temporary failure in name resolution

(Background on this error at: https://sqlalche.me/e/14/e3q8)
[2025-06-08T16:44:25.499+0000] {job.py:221} ERROR - Job heartbeat failed with error. Scheduler is in unhealthy state
[2025-06-08T16:46:06.874+0000] {job.py:221} ERROR - Job heartbeat failed with error. Scheduler is in unhealthy state
[2025-06-08T16:48:11.863+0000] {local_task_job_runner.py:121} ERROR - Received SIGTERM. Terminating subprocesses
[2025-06-08T16:48:12.001+0000] {process_utils.py:131} INFO - Sending 15 to group 1715. PIDs of all processes in the group: [1715]
[2025-06-08T16:48:12.034+0000] {process_utils.py:86} INFO - Sending the signal 15 to group 1715
[2025-06-08T16:48:12.100+0000] {taskinstance.py:2450} ERROR - Received SIGTERM. Terminating subprocesses.
[2025-06-08T16:48:13.224+0000] {taskinstance.py:2698} ERROR - Task failed with exception
Traceback (most recent call last):
  File "/home/airflow/.local/lib/python3.10/site-packages/airflow/models/taskinstance.py", line 433, in _execute_task
    result = execute_callable(context=context, **execute_callable_kwargs)
  File "/home/airflow/.local/lib/python3.10/site-packages/airflow/decorators/base.py", line 241, in execute
    return_value = super().execute(context)
  File "/home/airflow/.local/lib/python3.10/site-packages/airflow/operators/python.py", line 199, in execute
    return_value = self.execute_callable()
  File "/home/airflow/.local/lib/python3.10/site-packages/airflow/operators/python.py", line 216, in execute_callable
    return self.python_callable(*self.op_args, **self.op_kwargs)
  File "/opt/airflow/dags/staging/products_to_staging.py", line 133, in run_transformation_asia
    transform_products_table(
  File "/opt/airflow/dags/staging/../../scripts/pyspark_jobs/products.py", line 77, in transform_products_table
    spark.stop()
  File "/home/airflow/.local/lib/python3.10/site-packages/pyspark/sql/session.py", line 1796, in stop
    self._sc.stop()
  File "/home/airflow/.local/lib/python3.10/site-packages/pyspark/context.py", line 666, in stop
    self._accumulatorServer.shutdown()
  File "/home/airflow/.local/lib/python3.10/site-packages/pyspark/accumulators.py", line 316, in shutdown
    SocketServer.TCPServer.shutdown(self)
  File "/usr/local/lib/python3.10/socketserver.py", line 252, in shutdown
    self.__is_shut_down.wait()
  File "/usr/local/lib/python3.10/threading.py", line 607, in wait
    signaled = self._cond.wait(timeout)
  File "/usr/local/lib/python3.10/threading.py", line 320, in wait
    waiter.acquire()
  File "/home/airflow/.local/lib/python3.10/site-packages/airflow/models/taskinstance.py", line 2452, in signal_handler
    raise AirflowException("Task received SIGTERM signal")
airflow.exceptions.AirflowException: Task received SIGTERM signal
[2025-06-08T16:48:13.349+0000] {taskinstance.py:1138} INFO - Marking task as FAILED. dag_id=transform_products, task_id=run_transformation_asia, execution_date=20250607T010000, start_date=20250608T164242, end_date=20250608T164813
[2025-06-08T16:48:13.765+0000] {standard_task_runner.py:107} ERROR - Failed to execute job 516 for task run_transformation_asia (Task received SIGTERM signal; 1715)
[2025-06-08T16:48:13.815+0000] {process_utils.py:79} INFO - Process psutil.Process(pid=1715, status='terminated', exitcode=1, started='16:42:42') (1715) terminated with exit code 1
[2025-06-08T16:48:13.827+0000] {local_task_job_runner.py:234} INFO - Task exited with return code 143
[2025-06-08T16:48:14.173+0000] {taskinstance.py:3280} INFO - 0 downstream tasks scheduled from follow-on schedule check
