[2025-06-08T19:10:28.341+0000] {taskinstance.py:1956} INFO - Dependencies all met for dep_context=non-requeueable deps ti=<TaskInstance: transform_cart_items.run_transformation_asia manual__2025-06-08T00:00:00+00:00 [queued]>
[2025-06-08T19:10:28.355+0000] {taskinstance.py:1956} INFO - Dependencies all met for dep_context=requeueable deps ti=<TaskInstance: transform_cart_items.run_transformation_asia manual__2025-06-08T00:00:00+00:00 [queued]>
[2025-06-08T19:10:28.355+0000] {taskinstance.py:2170} INFO - Starting attempt 2 of 2
[2025-06-08T19:10:28.377+0000] {taskinstance.py:2191} INFO - Executing <Task(_PythonDecoratedOperator): run_transformation_asia> on 2025-06-08 00:00:00+00:00
[2025-06-08T19:10:28.385+0000] {clientserver.py:543} INFO - Closing down clientserver connection
[2025-06-08T19:10:28.384+0000] {standard_task_runner.py:60} INFO - Started process 146687 to run task
[2025-06-08T19:10:28.390+0000] {standard_task_runner.py:87} INFO - Running: ['airflow', 'tasks', 'run', 'transform_cart_items', 'run_transformation_asia', 'manual__2025-06-08T00:00:00+00:00', '--job-id', '641', '--raw', '--subdir', 'DAGS_FOLDER/staging/cart_items_to_staging.py', '--cfg-path', '/tmp/tmp1cb0bolc']
[2025-06-08T19:10:28.391+0000] {standard_task_runner.py:88} INFO - Job 641: Subtask run_transformation_asia
[2025-06-08T19:10:28.447+0000] {logging_mixin.py:188} WARNING - /home/airflow/.local/lib/python3.10/site-packages/airflow/settings.py:194 DeprecationWarning: The sql_alchemy_conn option in [core] has been moved to the sql_alchemy_conn option in [database] - the old setting has been used, but please update your config.
[2025-06-08T19:10:28.533+0000] {task_command.py:423} INFO - Running <TaskInstance: transform_cart_items.run_transformation_asia manual__2025-06-08T00:00:00+00:00 [running]> on host 6ecd1ae3f40b
[2025-06-08T19:10:28.752+0000] {taskinstance.py:2480} INFO - Exporting env vars: AIRFLOW_CTX_DAG_OWNER='airflow' AIRFLOW_CTX_DAG_ID='transform_cart_items' AIRFLOW_CTX_TASK_ID='run_transformation_asia' AIRFLOW_CTX_EXECUTION_DATE='2025-06-08T00:00:00+00:00' AIRFLOW_CTX_TRY_NUMBER='2' AIRFLOW_CTX_DAG_RUN_ID='manual__2025-06-08T00:00:00+00:00'
[2025-06-08T19:10:28.753+0000] {logging_mixin.py:188} INFO - Starting transformation for table: cart_items in region: asia
[2025-06-08T19:10:28.764+0000] {logging_mixin.py:188} INFO - Reading data from: /opt/airflow/data/raw/region=asia/table=cart_items/load_date=2025-06-06/
[2025-06-08T19:10:39.288+0000] {logging_mixin.py:188} INFO - [INFO] Processing 6 records for asia
[2025-06-08T19:10:40.020+0000] {logging_mixin.py:188} INFO - Sample transformed data for cart_items in asia:
[2025-06-08T19:10:44.716+0000] {logging_mixin.py:188} INFO - +------------+-------+----------+--------+--------------+-------------------+-------------------+-------+--------+
|cart_item_id|cart_id|variant_id|quantity|unit_price_jpy|added_at           |updated_at         |_region|_source |
+------------+-------+----------+--------+--------------+-------------------+-------------------+-------+--------+
|1           |1      |2         |1       |169800        |2024-03-15 09:35:20|2024-03-15 09:35:20|asia   |postgres|
|2           |1      |8         |2       |3500          |2024-03-15 09:40:35|2024-03-15 09:40:35|asia   |postgres|
|3           |2      |15        |1       |213000        |2024-03-16 11:20:10|2024-03-16 11:20:10|asia   |postgres|
|4           |3      |19        |1       |12800         |2024-03-17 13:25:45|2024-03-17 13:25:45|asia   |postgres|
|5           |4      |6         |1       |49800         |2024-03-18 15:45:30|2024-03-18 15:45:30|asia   |postgres|
+------------+-------+----------+--------+--------------+-------------------+-------------------+-------+--------+
only showing top 5 rows
[2025-06-08T19:10:44.717+0000] {logging_mixin.py:188} INFO - Writing transformed data to: /opt/airflow/data/staging/cart_items/region=asia/load_date=2025-06-06/
[2025-06-08T19:10:46.406+0000] {logging_mixin.py:188} INFO - Successfully transformed 6 records for cart_items in asia
[2025-06-08T19:20:35.929+0000] {local_task_job_runner.py:121} ERROR - Received SIGTERM. Terminating subprocesses
[2025-06-08T19:20:35.938+0000] {process_utils.py:131} INFO - Sending 15 to group 146687. PIDs of all processes in the group: [146687]
[2025-06-08T19:20:35.939+0000] {process_utils.py:86} INFO - Sending the signal 15 to group 146687
[2025-06-08T19:20:35.940+0000] {taskinstance.py:2450} ERROR - Received SIGTERM. Terminating subprocesses.
[2025-06-08T19:20:35.969+0000] {taskinstance.py:2698} ERROR - Task failed with exception
Traceback (most recent call last):
  File "/home/airflow/.local/lib/python3.10/site-packages/airflow/models/taskinstance.py", line 433, in _execute_task
    result = execute_callable(context=context, **execute_callable_kwargs)
  File "/home/airflow/.local/lib/python3.10/site-packages/airflow/decorators/base.py", line 241, in execute
    return_value = super().execute(context)
  File "/home/airflow/.local/lib/python3.10/site-packages/airflow/operators/python.py", line 199, in execute
    return_value = self.execute_callable()
  File "/home/airflow/.local/lib/python3.10/site-packages/airflow/operators/python.py", line 216, in execute_callable
    return self.python_callable(*self.op_args, **self.op_kwargs)
  File "/opt/airflow/dags/staging/cart_items_to_staging.py", line 88, in run_transformation_asia
    transform_table(
  File "/opt/airflow/dags/staging/../../scripts/pyspark_jobs/generic.py", line 125, in transform_table
    spark.stop()
  File "/home/airflow/.local/lib/python3.10/site-packages/pyspark/sql/session.py", line 1796, in stop
    self._sc.stop()
  File "/home/airflow/.local/lib/python3.10/site-packages/pyspark/context.py", line 666, in stop
    self._accumulatorServer.shutdown()
  File "/home/airflow/.local/lib/python3.10/site-packages/pyspark/accumulators.py", line 316, in shutdown
    SocketServer.TCPServer.shutdown(self)
  File "/usr/local/lib/python3.10/socketserver.py", line 252, in shutdown
    self.__is_shut_down.wait()
  File "/usr/local/lib/python3.10/threading.py", line 607, in wait
    signaled = self._cond.wait(timeout)
  File "/usr/local/lib/python3.10/threading.py", line 320, in wait
    waiter.acquire()
  File "/home/airflow/.local/lib/python3.10/site-packages/airflow/models/taskinstance.py", line 2452, in signal_handler
    raise AirflowException("Task received SIGTERM signal")
airflow.exceptions.AirflowException: Task received SIGTERM signal
[2025-06-08T19:20:36.054+0000] {taskinstance.py:1138} INFO - Marking task as FAILED. dag_id=transform_cart_items, task_id=run_transformation_asia, execution_date=20250608T000000, start_date=20250608T191028, end_date=20250608T192036
[2025-06-08T19:20:36.107+0000] {standard_task_runner.py:107} ERROR - Failed to execute job 641 for task run_transformation_asia (Task received SIGTERM signal; 146687)
[2025-06-08T19:20:36.125+0000] {process_utils.py:79} INFO - Process psutil.Process(pid=146687, status='terminated', exitcode=1, started='19:10:28') (146687) terminated with exit code 1
[2025-06-08T19:20:36.127+0000] {local_task_job_runner.py:234} INFO - Task exited with return code 143
[2025-06-08T19:20:36.190+0000] {taskinstance.py:3280} INFO - 0 downstream tasks scheduled from follow-on schedule check
