[2025-06-11T02:42:24.205+0000] {taskinstance.py:1956} INFO - Dependencies all met for dep_context=non-requeueable deps ti=<TaskInstance: multi_region_to_snowflake.process_region_asia.process_shipments_asia scheduled__2025-06-10T00:00:00+00:00 [queued]>
[2025-06-11T02:42:24.221+0000] {taskinstance.py:1956} INFO - Dependencies all met for dep_context=requeueable deps ti=<TaskInstance: multi_region_to_snowflake.process_region_asia.process_shipments_asia scheduled__2025-06-10T00:00:00+00:00 [queued]>
[2025-06-11T02:42:24.221+0000] {taskinstance.py:2170} INFO - Starting attempt 1 of 2
[2025-06-11T02:42:24.243+0000] {taskinstance.py:2191} INFO - Executing <Task(_PythonDecoratedOperator): process_region_asia.process_shipments_asia> on 2025-06-10 00:00:00+00:00
[2025-06-11T02:42:24.254+0000] {standard_task_runner.py:60} INFO - Started process 44097 to run task
[2025-06-11T02:42:24.258+0000] {standard_task_runner.py:87} INFO - Running: ['airflow', 'tasks', 'run', 'multi_region_to_snowflake', 'process_region_asia.process_shipments_asia', 'scheduled__2025-06-10T00:00:00+00:00', '--job-id', '1254', '--raw', '--subdir', 'DAGS_FOLDER/master_dag.py', '--cfg-path', '/tmp/tmpdimgajy8']
[2025-06-11T02:42:24.261+0000] {standard_task_runner.py:88} INFO - Job 1254: Subtask process_region_asia.process_shipments_asia
[2025-06-11T02:42:24.390+0000] {task_command.py:423} INFO - Running <TaskInstance: multi_region_to_snowflake.process_region_asia.process_shipments_asia scheduled__2025-06-10T00:00:00+00:00 [running]> on host 5039a2bbff84
[2025-06-11T02:42:24.612+0000] {taskinstance.py:2480} INFO - Exporting env vars: AIRFLOW_CTX_DAG_OWNER='data-team' AIRFLOW_CTX_DAG_ID='multi_region_to_snowflake' AIRFLOW_CTX_TASK_ID='process_region_asia.process_shipments_asia' AIRFLOW_CTX_EXECUTION_DATE='2025-06-10T00:00:00+00:00' AIRFLOW_CTX_TRY_NUMBER='1' AIRFLOW_CTX_DAG_RUN_ID='scheduled__2025-06-10T00:00:00+00:00'
[2025-06-11T02:42:38.451+0000] {logging_mixin.py:188} INFO - Processing shipments for region asia
[2025-06-11T02:42:52.583+0000] {logging_mixin.py:188} INFO - STAGING_ASIA
[2025-06-11T02:43:05.059+0000] {logging_mixin.py:188} INFO - +-----------+--------+---------------+----------+---------------+-------------------+-----------------------+-------------------------+---------------+-------------------+-------------------+-------+--------+
|shipment_id|order_id|tracking_number|   carrier|shipping_method|  shipped_timestamp|estimated_delivery_date|actual_delivery_timestamp|shipment_status|         created_at|         updated_at|_region| _source|
+-----------+--------+---------------+----------+---------------+-------------------+-----------------------+-------------------------+---------------+-------------------+-------------------+-------+--------+
|          1|       1| YMT123456789JP|    Yamato|       Standard|2024-03-06 10:30:45|    2024-03-08 00:00:00|      2024-03-08 14:15:30|      delivered|2024-03-06 10:30:45|2024-03-08 14:15:30|   asia|postgres|
|          2|       2| SGW987654321JP|    Sagawa|        Express|2024-03-07 00:00:00|    2024-03-09 00:00:00|                     NULL|     in_transit|2024-03-07 00:00:00|2024-03-07 00:00:00|   asia|postgres|
|          3|       3|           NULL|Japan Post|       Standard|               NULL|                   NULL|                     NULL|      preparing|2024-03-07 00:00:00|2024-03-07 00:00:00|   asia|postgres|
|          4|       4| YMT456789012JP|    Yamato|       Next Day|               NULL|                   NULL|                     NULL|      delivered|               NULL|               NULL|   asia|postgres|
|          5|       6| SGW234567890JP|    Sagawa|       Same Day|2024-10-03 00:00:00|    2024-10-03 00:00:00|      2024-10-03 00:00:00|      delivered|2024-10-03 00:00:00|2024-10-03 00:00:00|   asia|postgres|
|          6|       7| YMT345678901JP|    Yamato|       Standard|2024-03-12 13:40:15|    2024-03-14 00:00:00|                     NULL|     in_transit|2024-03-12 13:40:15|2024-03-12 13:40:15|   asia|postgres|
|          7|       8| SGW456789012JP|    Sagawa|        Express|2024-03-13 00:00:00|    2024-03-15 00:00:00|                     NULL|     in_transit|2024-03-13 00:00:00|2024-03-13 00:00:00|   asia|postgres|
|          8|       9| YMT567890123JP|    Yamato|       Standard|2024-03-14 00:00:00|    2024-03-16 00:00:00|      2024-03-16 00:00:00|      delivered|2024-03-14 00:00:00|2024-03-16 00:00:00|   asia|postgres|
|          1|       1| YMT123456789JP|    Yamato|       Standard|2024-03-06 10:30:45|    2024-03-08 00:00:00|      2024-03-08 14:15:30|      delivered|2024-03-06 10:30:45|2024-03-08 14:15:30|   asia|postgres|
|          2|       2| SGW987654321JP|    Sagawa|        Express|2024-03-07 00:00:00|    2024-03-09 00:00:00|                     NULL|     in_transit|2024-03-07 00:00:00|2024-03-07 00:00:00|   asia|postgres|
+-----------+--------+---------------+----------+---------------+-------------------+-----------------------+-------------------------+---------------+-------------------+-------------------+-------+--------+
only showing top 10 rows
[2025-06-11T02:43:05.061+0000] {logging_mixin.py:188} INFO - Inserting into snowflake
[2025-06-11T02:43:19.136+0000] {logging_mixin.py:188} INFO - successfully inserted in snowflake
[2025-06-11T02:43:19.175+0000] {crypto.py:82} WARNING - empty cryptography key - values will not be stored encrypted.
[2025-06-11T02:43:20.911+0000] {logging_mixin.py:188} INFO - Successfully processed 16 records for shipments in asia
[2025-06-11T02:43:22.541+0000] {python.py:201} INFO - Done. Returned value was: {'region': 'asia', 'table': 'shipments', 'record_count': 16, 'status': 'success'}
[2025-06-11T02:43:22.591+0000] {taskinstance.py:1138} INFO - Marking task as SUCCESS. dag_id=multi_region_to_snowflake, task_id=process_region_asia.process_shipments_asia, execution_date=20250610T000000, start_date=20250611T024224, end_date=20250611T024322
[2025-06-11T02:43:22.655+0000] {local_task_job_runner.py:234} INFO - Task exited with return code 0
[2025-06-11T02:43:22.707+0000] {taskinstance.py:3280} INFO - 0 downstream tasks scheduled from follow-on schedule check
