[2025-06-11T18:21:24.321+0000] {taskinstance.py:1956} INFO - Dependencies all met for dep_context=non-requeueable deps ti=<TaskInstance: multi_region_transform_staging_v2.process_region_eu.process_products_eu manual__2025-06-11T18:20:09.445349+00:00 [queued]>
[2025-06-11T18:21:24.345+0000] {taskinstance.py:1956} INFO - Dependencies all met for dep_context=requeueable deps ti=<TaskInstance: multi_region_transform_staging_v2.process_region_eu.process_products_eu manual__2025-06-11T18:20:09.445349+00:00 [queued]>
[2025-06-11T18:21:24.346+0000] {taskinstance.py:2170} INFO - Starting attempt 1 of 2
[2025-06-11T18:21:24.374+0000] {taskinstance.py:2191} INFO - Executing <Task(_PythonDecoratedOperator): process_region_eu.process_products_eu> on 2025-06-11 18:20:09.445349+00:00
[2025-06-11T18:21:24.387+0000] {standard_task_runner.py:60} INFO - Started process 4494 to run task
[2025-06-11T18:21:24.391+0000] {standard_task_runner.py:87} INFO - Running: ['airflow', 'tasks', 'run', 'multi_region_transform_staging_v2', 'process_region_eu.process_products_eu', 'manual__2025-06-11T18:20:09.445349+00:00', '--job-id', '616', '--raw', '--subdir', 'DAGS_FOLDER/master_dag.py', '--cfg-path', '/tmp/tmpo50sgc02']
[2025-06-11T18:21:24.393+0000] {standard_task_runner.py:88} INFO - Job 616: Subtask process_region_eu.process_products_eu
[2025-06-11T18:21:24.526+0000] {task_command.py:423} INFO - Running <TaskInstance: multi_region_transform_staging_v2.process_region_eu.process_products_eu manual__2025-06-11T18:20:09.445349+00:00 [running]> on host 5950010ae7c1
[2025-06-11T18:21:24.807+0000] {taskinstance.py:2480} INFO - Exporting env vars: AIRFLOW_CTX_DAG_OWNER='data-team' AIRFLOW_CTX_DAG_ID='multi_region_transform_staging_v2' AIRFLOW_CTX_TASK_ID='process_region_eu.process_products_eu' AIRFLOW_CTX_EXECUTION_DATE='2025-06-11T18:20:09.445349+00:00' AIRFLOW_CTX_TRY_NUMBER='1' AIRFLOW_CTX_DAG_RUN_ID='manual__2025-06-11T18:20:09.445349+00:00'
[2025-06-11T18:21:37.840+0000] {logging_mixin.py:188} INFO - Debugggg::::Vector(spark://5950010ae7c1:43525/jars/spark-snowflake_2.12-2.16.0-spark_3.2.jar, spark://5950010ae7c1:43525/jars/snowflake-jdbc-3.13.17.jar)
[2025-06-11T18:21:37.841+0000] {logging_mixin.py:188} INFO - Processing products for region eu
[2025-06-11T18:21:37.867+0000] {logging_mixin.py:188} INFO - /opt/airflow/data/raw/region=eu/table=products/load_date=2025-06-11
[2025-06-11T18:22:05.134+0000] {logging_mixin.py:188} INFO - STAGING_EU
[2025-06-11T18:22:07.822+0000] {logging_mixin.py:188} INFO - +----------+----------------+------------------+--------------------+-----------+------------------+------------------+--------+---------+---------+--------+---------+-------------+---------+-------------------+-------------------+-------+--------+
|product_id|     product_sku|      product_name| product_description|category_id|          base_usd|          cost_usd|vat_rate|weight_kg|length_cm|width_cm|height_cm|energy_rating|is_active|         created_at|         updated_at|_region| _source|
+----------+----------------+------------------+--------------------+-----------+------------------+------------------+--------+---------+---------+--------+---------+-------------+---------+-------------------+-------------------+-------+--------+
|         1| EU-SKU-PHONE001|     Iphone 15 Pro|Latest Apple smar...|          2|         1295.9892|             864.0|   19.00|     0.22|    15.90|    7.60|     0.83|         NULL|     true|2025-06-11 02:14:31|2025-06-11 02:14:31|     eu|postgres|
|         2|EU-SKU-LAPTOP001|    Macbook Air M2|Apple MacBook Air...|          3|1403.9892000000002| 972.0000000000001|   19.00|     1.24|    30.41|   21.24|     1.13|          A++|     true|2025-06-11 02:14:31|2025-06-11 02:14:31|     eu|postgres|
|         3|  EU-SKU-GAME001|     Playstation 5|Sony PlayStation ...|          4| 539.9892000000001|             378.0|   19.00|     4.50|    39.00|   26.00|    10.40|            B|     true|2025-06-11 02:14:31|2025-06-11 02:14:31|     eu|postgres|
|         4| EU-SKU-SHIRT001|    Cotton T-shirt|Premium cotton t-...|          6|           32.3892|             12.96|   19.00|     0.20|    30.00|   25.00|     2.00|         NULL|     true|2025-06-11 02:14:31|2025-06-11 02:14:31|     eu|postgres|
|         5| EU-SKU-DRESS001|      Summer Dress|Elegant summer dr...|          7|           97.1892|37.800000000000004|   19.00|     0.30|    40.00|   30.00|     3.00|         NULL|     true|2025-06-11 02:14:31|2025-06-11 02:14:31|     eu|postgres|
|         6|  EU-SKU-SOFA001|      Leather Sofa|Premium leather 3...|          9|1727.9892000000002|             864.0|   19.00|    85.00|   220.00|   90.00|    85.00|         NULL|     true|2025-06-11 02:14:31|2025-06-11 02:14:31|     eu|postgres|
|         7|  EU-SKU-BOOK001|Data Privacy Guide|Complete guide to...|         10| 43.18920000000001|16.200000000000003|    7.00|     0.50|    24.00|   17.00|     2.50|         NULL|     true|2025-06-11 02:14:31|2025-06-11 02:14:31|     eu|postgres|
|         8| EU-SKU-CREAM001|  Anti Aging Cream|Premium anti-agin...|         11|           86.3892|              27.0|   19.00|     0.05|     8.00|    8.00|     6.00|         NULL|     true|2025-06-11 02:14:31|2025-06-11 02:14:31|     eu|postgres|
|         9|  EU-SKU-BIKE001|     Mountain Bike|Professional moun...|         12| 971.9892000000001|486.00000000000006|   19.00|    15.50|   180.00|   65.00|   110.00|         NULL|     true|2025-06-11 02:14:31|2025-06-11 02:14:31|     eu|postgres|
|        10|   EU-SKU-TOY001|   Lego Castle Set|Medieval castle L...|         14|          161.9892|              81.0|   19.00|     2.10|    35.00|   25.00|    15.00|         NULL|     true|2025-06-11 02:14:31|2025-06-11 02:14:31|     eu|postgres|
+----------+----------------+------------------+--------------------+-----------+------------------+------------------+--------+---------+---------+--------+---------+-------------+---------+-------------------+-------------------+-------+--------+
only showing top 10 rows
[2025-06-11T18:22:07.823+0000] {logging_mixin.py:188} INFO - Inserting into snowflake
[2025-06-11T18:22:18.774+0000] {logging_mixin.py:188} INFO - successfully inserted in snowflake
[2025-06-11T18:22:18.797+0000] {crypto.py:82} WARNING - empty cryptography key - values will not be stored encrypted.
[2025-06-11T18:22:19.022+0000] {logging_mixin.py:188} INFO - Successfully processed 15 records for products in eu
[2025-06-11T18:22:21.103+0000] {python.py:201} INFO - Done. Returned value was: {'region': 'eu', 'table': 'products', 'record_count': 15, 'status': 'success'}
[2025-06-11T18:22:21.163+0000] {taskinstance.py:1138} INFO - Marking task as SUCCESS. dag_id=multi_region_transform_staging_v2, task_id=process_region_eu.process_products_eu, execution_date=20250611T182009, start_date=20250611T182124, end_date=20250611T182221
[2025-06-11T18:22:21.220+0000] {local_task_job_runner.py:234} INFO - Task exited with return code 0
[2025-06-11T18:22:21.274+0000] {taskinstance.py:3280} INFO - 3 downstream tasks scheduled from follow-on schedule check
