[2025-06-11T18:22:23.364+0000] {taskinstance.py:1956} INFO - Dependencies all met for dep_context=non-requeueable deps ti=<TaskInstance: multi_region_transform_staging_v2.process_region_us.process_orders_us manual__2025-06-11T18:20:09.445349+00:00 [queued]>
[2025-06-11T18:22:23.377+0000] {taskinstance.py:1956} INFO - Dependencies all met for dep_context=requeueable deps ti=<TaskInstance: multi_region_transform_staging_v2.process_region_us.process_orders_us manual__2025-06-11T18:20:09.445349+00:00 [queued]>
[2025-06-11T18:22:23.377+0000] {taskinstance.py:2170} INFO - Starting attempt 1 of 2
[2025-06-11T18:22:23.399+0000] {taskinstance.py:2191} INFO - Executing <Task(_PythonDecoratedOperator): process_region_us.process_orders_us> on 2025-06-11 18:20:09.445349+00:00
[2025-06-11T18:22:23.410+0000] {standard_task_runner.py:60} INFO - Started process 6141 to run task
[2025-06-11T18:22:23.413+0000] {standard_task_runner.py:87} INFO - Running: ['airflow', 'tasks', 'run', 'multi_region_transform_staging_v2', 'process_region_us.process_orders_us', 'manual__2025-06-11T18:20:09.445349+00:00', '--job-id', '619', '--raw', '--subdir', 'DAGS_FOLDER/master_dag.py', '--cfg-path', '/tmp/tmpgznvu5d6']
[2025-06-11T18:22:23.416+0000] {standard_task_runner.py:88} INFO - Job 619: Subtask process_region_us.process_orders_us
[2025-06-11T18:22:23.504+0000] {task_command.py:423} INFO - Running <TaskInstance: multi_region_transform_staging_v2.process_region_us.process_orders_us manual__2025-06-11T18:20:09.445349+00:00 [running]> on host 5950010ae7c1
[2025-06-11T18:22:23.665+0000] {taskinstance.py:2480} INFO - Exporting env vars: AIRFLOW_CTX_DAG_OWNER='data-team' AIRFLOW_CTX_DAG_ID='multi_region_transform_staging_v2' AIRFLOW_CTX_TASK_ID='process_region_us.process_orders_us' AIRFLOW_CTX_EXECUTION_DATE='2025-06-11T18:20:09.445349+00:00' AIRFLOW_CTX_TRY_NUMBER='1' AIRFLOW_CTX_DAG_RUN_ID='manual__2025-06-11T18:20:09.445349+00:00'
[2025-06-11T18:22:38.276+0000] {logging_mixin.py:188} INFO - Debugggg::::Vector(spark://5950010ae7c1:40459/jars/snowflake-jdbc-3.13.17.jar, spark://5950010ae7c1:40459/jars/spark-snowflake_2.12-2.16.0-spark_3.2.jar)
[2025-06-11T18:22:38.277+0000] {logging_mixin.py:188} INFO - Processing orders for region us
[2025-06-11T18:22:38.330+0000] {logging_mixin.py:188} INFO - /opt/airflow/data/raw/region=us/table=orders/load_date=2025-06-11
[2025-06-11T18:23:09.216+0000] {logging_mixin.py:188} INFO - STAGING_US
[2025-06-11T18:23:12.578+0000] {logging_mixin.py:188} INFO - +--------+---------------+-----------+------------+-------------------+------------+--------------+-------------------+-------------------+----------------+------------------+-------------------+-----------+-----------+-------------------+-------------------+-------+--------+
|order_id|order_reference|customer_id|order_status|    order_timestamp|subtotal_usd|tax_amount_usd|shipping_amount_usd|discount_amount_usd|total_amount_usd|billing_address_id|shipping_address_id|campaign_id|discount_id|         created_at|         updated_at|_region| _source|
+--------+---------------+-----------+------------+-------------------+------------+--------------+-------------------+-------------------+----------------+------------------+-------------------+-----------+-----------+-------------------+-------------------+-------+--------+
|       1|  US-ORD-100001|          1|   delivered|2025-06-11 02:14:19|      999.99|         87.49|              12.99|             149.99|          950.48|                 1|                  2|          1|          1|2025-06-11 02:14:19|2025-06-11 02:14:19|     us|postgres|
|       2|  US-ORD-100002|          2|     shipped|2025-06-11 02:14:19|       79.99|          7.99|               8.99|               0.00|           96.97|                 3|                  3|          2|       NULL|2025-06-11 02:14:19|2025-06-11 02:14:19|     us|postgres|
|       3|  US-ORD-100003|          3|  processing|2025-06-11 02:14:19|     1299.99|        123.49|               0.00|             324.99|         1098.49|                 4|                  5|          3|          3|2025-06-11 02:14:19|2025-06-11 02:14:19|     us|postgres|
|       4|  US-ORD-100004|          4|   delivered|2025-06-11 02:14:19|      299.99|         26.24|               9.99|              59.99|          276.23|                 6|                  6|          4|          4|2025-06-11 02:14:19|2025-06-11 02:14:19|     us|postgres|
|       5|  US-ORD-100005|          5|   cancelled|2025-06-11 02:14:19|      249.99|         21.87|               7.99|               0.00|          279.85|                 7|                  7|          5|       NULL|2025-06-11 02:14:19|2025-06-11 02:14:19|     us|postgres|
|       6|  US-ORD-100006|          6|   delivered|2025-06-11 02:14:19|       89.99|          7.87|               5.99|              17.99|           85.86|                 8|                  8|          6|          6|2025-06-11 02:14:19|2025-06-11 02:14:19|     us|postgres|
|       7|  US-ORD-100007|          7|     shipped|2025-06-11 02:14:19|      799.99|         69.99|              19.99|             159.99|          729.98|                 9|                  9|          7|          7|2025-06-11 02:14:19|2025-06-11 02:14:19|     us|postgres|
|       8|  US-ORD-100008|          8|  processing|2025-06-11 02:14:19|      199.99|         17.49|              12.99|              39.99|          190.48|                10|                 10|          8|          8|2025-06-11 02:14:19|2025-06-11 02:14:19|     us|postgres|
|       9|  US-ORD-100009|          9|   delivered|2025-06-11 02:14:19|     1599.99|        139.99|               0.00|               0.00|         1739.98|                11|                 11|          9|       NULL|2025-06-11 02:14:19|2025-06-11 02:14:19|     us|postgres|
|      10|  US-ORD-100010|         10|    returned|2025-06-11 02:14:19|       49.99|          4.37|               4.99|               9.99|           49.36|                12|                 12|         10|          9|2025-06-11 02:14:19|2025-06-11 02:14:19|     us|postgres|
+--------+---------------+-----------+------------+-------------------+------------+--------------+-------------------+-------------------+----------------+------------------+-------------------+-----------+-----------+-------------------+-------------------+-------+--------+
[2025-06-11T18:23:12.579+0000] {logging_mixin.py:188} INFO - Inserting into snowflake
[2025-06-11T18:23:22.653+0000] {logging_mixin.py:188} INFO - successfully inserted in snowflake
[2025-06-11T18:23:22.671+0000] {crypto.py:82} WARNING - empty cryptography key - values will not be stored encrypted.
[2025-06-11T18:23:23.242+0000] {logging_mixin.py:188} INFO - Successfully processed 10 records for orders in us
[2025-06-11T18:23:25.707+0000] {python.py:201} INFO - Done. Returned value was: {'region': 'us', 'table': 'orders', 'record_count': 10, 'status': 'success'}
[2025-06-11T18:23:25.800+0000] {taskinstance.py:1138} INFO - Marking task as SUCCESS. dag_id=multi_region_transform_staging_v2, task_id=process_region_us.process_orders_us, execution_date=20250611T182009, start_date=20250611T182223, end_date=20250611T182325
[2025-06-11T18:23:25.865+0000] {local_task_job_runner.py:234} INFO - Task exited with return code 0
[2025-06-11T18:23:25.978+0000] {taskinstance.py:3280} INFO - 3 downstream tasks scheduled from follow-on schedule check
