[2025-06-05T08:54:04.599+0000] {taskinstance.py:1956} INFO - Dependencies all met for dep_context=non-requeueable deps ti=<TaskInstance: extract_postgres_table_to_parquet.run_extraction manual__2025-06-05T08:54:03.780064+00:00 map_index=2 [queued]>
[2025-06-05T08:54:04.616+0000] {taskinstance.py:1956} INFO - Dependencies all met for dep_context=requeueable deps ti=<TaskInstance: extract_postgres_table_to_parquet.run_extraction manual__2025-06-05T08:54:03.780064+00:00 map_index=2 [queued]>
[2025-06-05T08:54:04.617+0000] {taskinstance.py:2170} INFO - Starting attempt 1 of 1
[2025-06-05T08:54:04.645+0000] {taskinstance.py:2191} INFO - Executing <Mapped(_PythonDecoratedOperator): run_extraction> on 2025-06-05 08:54:03.780064+00:00
[2025-06-05T08:54:04.656+0000] {standard_task_runner.py:60} INFO - Started process 4633 to run task
[2025-06-05T08:54:04.661+0000] {standard_task_runner.py:87} INFO - Running: ['airflow', 'tasks', 'run', 'extract_postgres_table_to_parquet', 'run_extraction', 'manual__2025-06-05T08:54:03.780064+00:00', '--job-id', '19', '--raw', '--subdir', 'DAGS_FOLDER/asia/landing.py', '--cfg-path', '/tmp/tmpwlt3cvra', '--map-index', '2']
[2025-06-05T08:54:04.663+0000] {standard_task_runner.py:88} INFO - Job 19: Subtask run_extraction
[2025-06-05T08:54:04.747+0000] {task_command.py:423} INFO - Running <TaskInstance: extract_postgres_table_to_parquet.run_extraction manual__2025-06-05T08:54:03.780064+00:00 map_index=2 [running]> on host 1d07dfe4334d
[2025-06-05T08:54:04.864+0000] {taskinstance.py:2480} INFO - Exporting env vars: AIRFLOW_CTX_DAG_OWNER='airflow' AIRFLOW_CTX_DAG_ID='extract_postgres_table_to_parquet' AIRFLOW_CTX_TASK_ID='run_extraction' AIRFLOW_CTX_EXECUTION_DATE='2025-06-05T08:54:03.780064+00:00' AIRFLOW_CTX_TRY_NUMBER='1' AIRFLOW_CTX_DAG_RUN_ID='manual__2025-06-05T08:54:03.780064+00:00'
[2025-06-05T08:54:04.865+0000] {logging_mixin.py:188} INFO - Starting extraction for table: customers in region: us
[2025-06-05T08:54:04.880+0000] {logging_mixin.py:188} INFO - [INFO] No variable found. Using default: 2000-01-01 00:00:00.000
[2025-06-05T08:54:11.284+0000] {logging_mixin.py:188} INFO - (SELECT * FROM us.customers WHERE created_at > '2000-01-01 00:00:00.000') AS filtered_data
[2025-06-05T08:54:19.357+0000] {logging_mixin.py:188} INFO - +-----------+-------------------+----------+---------+-----------------+-------------+------+-------------------+-------------------+---------+----------------+-------------------+-------------------+-------------------+-------+--------+
|customer_id|              email|first_name|last_name|            phone|date_of_birth|gender|  registration_date|      last_login_at|is_active|customer_segment|acquisition_channel|         created_at|         updated_at|_region| _source|
+-----------+-------------------+----------+---------+-----------------+-------------+------+-------------------+-------------------+---------+----------------+-------------------+-------------------+-------------------+-------+--------+
|        201| mike.j@example.com|      Mike|   ohnson|  +1-202-555-0173|   1988-07-15|     M|2025-05-10 00:00:00|2025-06-01 08:00:00|     true|            Gold|                Web|2025-05-10 00:00:00|2025-06-01 00:00:00|     us|postgres|
|        202| susan.l@sample.com|     Susan|      LeE|       2025550123|   1990-07-20|     F|2025-05-11 00:00:00|2025-06-02 09:30:00|    false|          Silver|           Referral|2025-05-11 00:00:00|2025-06-02 00:00:00|     us|postgres|
|        203|   wrong.email.com@|       Tom|   HaRRis|              N/A|   1985-03-15|  Male|2025-05-12 00:00:00|               NULL|     true|          Bronze|                Ads|2025-05-12 00:00:00|2025-06-03 00:00:00|     us|postgres|
|        204|   emma.w@domaincom|     EmMa |  Watson |+1 (555) 123-4567|         NULL| Other|2025-05-13 00:00:00|2025-06-04 12:00:00|     true|            Gold|            Organic|2025-05-13 00:00:00|2025-06-04 00:00:00|     us|postgres|
|        205|james.k@company.com|     James|     King|     +12025550199|   1992-11-30|     M|2025-05-14 00:00:00|2025-06-05 07:45:00|    false|        Platinum|                App|2025-05-14 00:00:00|2025-06-05 00:00:00|     us|postgres|
+-----------+-------------------+----------+---------+-----------------+-------------+------+-------------------+-------------------+---------+----------------+-------------------+-------------------+-------------------+-------+--------+
[2025-06-05T08:54:19.357+0000] {logging_mixin.py:188} INFO - Writing data to /opt/airflow/data/raw/region=us/table=customers/load_date=2025-06-05/
[2025-06-05T08:54:21.716+0000] {crypto.py:82} WARNING - empty cryptography key - values will not be stored encrypted.
[2025-06-05T08:54:21.735+0000] {logging_mixin.py:188} INFO - [INFO] Updated Airflow Variable 'last_extracted_parquet_timestamp_us_customers' to 2025-05-14 00:00:00.000
[2025-06-05T08:54:22.055+0000] {logging_mixin.py:188} INFO - Finished extraction for customers
[2025-06-05T08:54:22.056+0000] {python.py:201} INFO - Done. Returned value was: None
[2025-06-05T08:54:22.079+0000] {taskinstance.py:1138} INFO - Marking task as SUCCESS. dag_id=extract_postgres_table_to_parquet, task_id=run_extraction, map_index=2, execution_date=20250605T085403, start_date=20250605T085404, end_date=20250605T085422
[2025-06-05T08:54:22.138+0000] {local_task_job_runner.py:234} INFO - Task exited with return code 0
[2025-06-05T08:54:22.176+0000] {taskinstance.py:3280} INFO - 0 downstream tasks scheduled from follow-on schedule check
