[2025-06-05T08:42:51.274+0000] {taskinstance.py:1956} INFO - Dependencies all met for dep_context=non-requeueable deps ti=<TaskInstance: extract_postgres_table_to_parquet.run_extraction manual__2025-06-05T08:42:50.108161+00:00 map_index=0 [queued]>
[2025-06-05T08:42:51.288+0000] {taskinstance.py:1956} INFO - Dependencies all met for dep_context=requeueable deps ti=<TaskInstance: extract_postgres_table_to_parquet.run_extraction manual__2025-06-05T08:42:50.108161+00:00 map_index=0 [queued]>
[2025-06-05T08:42:51.288+0000] {taskinstance.py:2170} INFO - Starting attempt 1 of 1
[2025-06-05T08:42:51.307+0000] {taskinstance.py:2191} INFO - Executing <Mapped(_PythonDecoratedOperator): run_extraction> on 2025-06-05 08:42:50.108161+00:00
[2025-06-05T08:42:51.315+0000] {standard_task_runner.py:60} INFO - Started process 3118 to run task
[2025-06-05T08:42:51.318+0000] {standard_task_runner.py:87} INFO - Running: ['airflow', 'tasks', 'run', 'extract_postgres_table_to_parquet', 'run_extraction', 'manual__2025-06-05T08:42:50.108161+00:00', '--job-id', '12', '--raw', '--subdir', 'DAGS_FOLDER/asia/landing.py', '--cfg-path', '/tmp/tmpjf6bbny5', '--map-index', '0']
[2025-06-05T08:42:51.319+0000] {standard_task_runner.py:88} INFO - Job 12: Subtask run_extraction
[2025-06-05T08:42:51.400+0000] {task_command.py:423} INFO - Running <TaskInstance: extract_postgres_table_to_parquet.run_extraction manual__2025-06-05T08:42:50.108161+00:00 map_index=0 [running]> on host 1d07dfe4334d
[2025-06-05T08:42:51.536+0000] {taskinstance.py:2480} INFO - Exporting env vars: AIRFLOW_CTX_DAG_OWNER='airflow' AIRFLOW_CTX_DAG_ID='extract_postgres_table_to_parquet' AIRFLOW_CTX_TASK_ID='run_extraction' AIRFLOW_CTX_EXECUTION_DATE='2025-06-05T08:42:50.108161+00:00' AIRFLOW_CTX_TRY_NUMBER='1' AIRFLOW_CTX_DAG_RUN_ID='manual__2025-06-05T08:42:50.108161+00:00'
[2025-06-05T08:42:51.537+0000] {logging_mixin.py:188} INFO - Starting extraction for table: customers in region: asia
[2025-06-05T08:42:51.553+0000] {logging_mixin.py:188} INFO - [INFO] Last extracted timestamp: 2000-06-05 00:00:00.000
[2025-06-05T08:42:58.627+0000] {logging_mixin.py:188} INFO - (SELECT * FROM asia.customers WHERE created > '2000-06-05 00:00:00.000') AS filtered_data
[2025-06-05T08:43:05.329+0000] {logging_mixin.py:188} INFO - +-------+--------------------+------+--------+-----------------+----------+-----+--------------------+-------------------+--------+--------+-------------------+-------+--------+
|cust_id|               email| fname|   lname|            phone|birth_date|  sex|            reg_date|         login_time| segment|  source|            created|_region| _source|
+-------+--------------------+------+--------+-----------------+----------+-----+--------------------+-------------------+--------+--------+-------------------+-------+--------+
|      1|  John.Doe@Email.com|  JOHN|     DOE|     123-456-7890|1990-01-15|    M|2025-06-05 08:25:...|2025-06-01 08:30:00|    Gold|     Web|2025-06-01 00:00:00|   asia|postgres|
|      2|jane_smith@Exampl...|  Jane|   Smith|  +44 9876 543210|15-02-1985| Male|2025-06-05 08:25:...|2025-06-02 09:00:00|  Silver|Referral|2025-06-02 00:00:00|   asia|postgres|
|      3|          notanemail|robert|   brown|           999999|12/31/1980|    F|2025-06-05 08:25:...|2025-06-03 10:00:00|  Bronze|     Ads|2025-06-03 00:00:00|   asia|postgres|
|      4|    alex@company.org|  Alex|     Lee|              N/A|1982/03/01| NULL|2025-06-05 08:25:...|2025-06-04 12:00:00|    Gold| Organic|2025-06-04 00:00:00|   asia|postgres|
|      5|sam.taylor@servic...|  SAM | TAYLOR |+1 (800) 333 2222|01/01/1995|Other|2025-06-05 08:25:...|2025-06-05 11:00:00|Platinum|     App|2025-06-05 00:00:00|   asia|postgres|
+-------+--------------------+------+--------+-----------------+----------+-----+--------------------+-------------------+--------+--------+-------------------+-------+--------+
[2025-06-05T08:43:05.329+0000] {logging_mixin.py:188} INFO - Writing data to /opt/airflow/data/raw/region=asia/table=customers/load_date=2025-06-05/
[2025-06-05T08:43:06.793+0000] {crypto.py:82} WARNING - empty cryptography key - values will not be stored encrypted.
[2025-06-05T08:43:06.798+0000] {logging_mixin.py:188} INFO - [INFO] Updated Airflow Variable 'last_extracted_parquet_timestamp_asia_customers' to 2025-06-05 00:00:00.000
[2025-06-05T08:43:06.899+0000] {logging_mixin.py:188} INFO - Finished extraction for customers
[2025-06-05T08:43:06.899+0000] {python.py:201} INFO - Done. Returned value was: None
[2025-06-05T08:43:06.921+0000] {taskinstance.py:1138} INFO - Marking task as SUCCESS. dag_id=extract_postgres_table_to_parquet, task_id=run_extraction, map_index=0, execution_date=20250605T084250, start_date=20250605T084251, end_date=20250605T084306
[2025-06-05T08:43:06.974+0000] {local_task_job_runner.py:234} INFO - Task exited with return code 0
[2025-06-05T08:43:07.000+0000] {taskinstance.py:3280} INFO - 0 downstream tasks scheduled from follow-on schedule check
