[2025-06-10T07:06:46.105+0000] {taskinstance.py:1956} INFO - Dependencies all met for dep_context=non-requeueable deps ti=<TaskInstance: multi_region_to_snowflake.process_region_us.process_order_items_us scheduled__2025-06-09T00:00:00+00:00 [queued]>
[2025-06-10T07:06:46.132+0000] {taskinstance.py:1956} INFO - Dependencies all met for dep_context=requeueable deps ti=<TaskInstance: multi_region_to_snowflake.process_region_us.process_order_items_us scheduled__2025-06-09T00:00:00+00:00 [queued]>
[2025-06-10T07:06:46.132+0000] {taskinstance.py:2170} INFO - Starting attempt 2 of 2
[2025-06-10T07:06:46.182+0000] {taskinstance.py:2191} INFO - Executing <Task(_PythonDecoratedOperator): process_region_us.process_order_items_us> on 2025-06-09 00:00:00+00:00
[2025-06-10T07:06:46.195+0000] {standard_task_runner.py:60} INFO - Started process 10754 to run task
[2025-06-10T07:06:46.200+0000] {standard_task_runner.py:87} INFO - Running: ['airflow', 'tasks', 'run', 'multi_region_to_snowflake', 'process_region_us.process_order_items_us', 'scheduled__2025-06-09T00:00:00+00:00', '--job-id', '983', '--raw', '--subdir', 'DAGS_FOLDER/master_dag.py', '--cfg-path', '/tmp/tmp6f8wud8d']
[2025-06-10T07:06:46.204+0000] {standard_task_runner.py:88} INFO - Job 983: Subtask process_region_us.process_order_items_us
[2025-06-10T07:06:46.337+0000] {task_command.py:423} INFO - Running <TaskInstance: multi_region_to_snowflake.process_region_us.process_order_items_us scheduled__2025-06-09T00:00:00+00:00 [running]> on host 180d0d52c3ad
[2025-06-10T07:06:46.600+0000] {taskinstance.py:2480} INFO - Exporting env vars: AIRFLOW_CTX_DAG_OWNER='data-team' AIRFLOW_CTX_DAG_ID='multi_region_to_snowflake' AIRFLOW_CTX_TASK_ID='process_region_us.process_order_items_us' AIRFLOW_CTX_EXECUTION_DATE='2025-06-09T00:00:00+00:00' AIRFLOW_CTX_TRY_NUMBER='2' AIRFLOW_CTX_DAG_RUN_ID='scheduled__2025-06-09T00:00:00+00:00'
[2025-06-10T07:07:01.158+0000] {logging_mixin.py:188} INFO - Processing order_items for region us
[2025-06-10T07:07:14.439+0000] {logging_mixin.py:188} INFO - STAGING_US
[2025-06-10T07:07:26.836+0000] {logging_mixin.py:188} INFO - +-------------+--------+----------+--------+--------------+---------------+--------------------+-------+--------+
|order_item_id|order_id|variant_id|quantity|unit_price_usd|total_price_usd|          created_at|_region| _source|
+-------------+--------+----------+--------+--------------+---------------+--------------------+-------+--------+
|            1|       1|         1|       1|        999.99|         999.99|2025-06-08 19:23:...|     us|postgres|
|            2|       2|        11|       1|         79.99|          79.99|2025-06-08 19:23:...|     us|postgres|
|            3|       3|         4|       1|       1199.99|        1199.99|2025-06-08 19:23:...|     us|postgres|
|            4|       3|         5|       1|        100.00|         100.00|2025-06-08 19:23:...|     us|postgres|
|            5|       4|        14|       1|        299.99|         299.99|2025-06-08 19:23:...|     us|postgres|
|            6|       5|        11|       1|        249.99|         249.99|2025-06-08 19:23:...|     us|postgres|
|            7|       6|        18|       1|         89.99|          89.99|2025-06-08 19:23:...|     us|postgres|
|            8|       7|        20|       1|        799.99|         799.99|2025-06-08 19:23:...|     us|postgres|
|            9|       8|        10|       1|        199.99|         199.99|2025-06-08 19:23:...|     us|postgres|
|           10|       9|        12|       1|       1599.99|        1599.99|2025-06-08 19:23:...|     us|postgres|
+-------------+--------+----------+--------+--------------+---------------+--------------------+-------+--------+
only showing top 10 rows
[2025-06-10T07:07:26.837+0000] {logging_mixin.py:188} INFO - Inserting into snowflake
[2025-06-10T07:07:40.606+0000] {logging_mixin.py:188} INFO - successfully inserted in snowflake
[2025-06-10T07:07:41.786+0000] {logging_mixin.py:188} INFO - Successfully processed 22 records for order_items in us
[2025-06-10T07:07:42.715+0000] {python.py:201} INFO - Done. Returned value was: {'region': 'us', 'table': 'order_items', 'record_count': 22, 'status': 'success'}
[2025-06-10T07:07:42.751+0000] {taskinstance.py:1138} INFO - Marking task as SUCCESS. dag_id=multi_region_to_snowflake, task_id=process_region_us.process_order_items_us, execution_date=20250609T000000, start_date=20250610T070646, end_date=20250610T070742
[2025-06-10T07:07:42.772+0000] {local_task_job_runner.py:234} INFO - Task exited with return code 0
[2025-06-10T07:07:42.815+0000] {taskinstance.py:3280} INFO - 0 downstream tasks scheduled from follow-on schedule check
