[2025-06-09T07:32:30.642+0000] {taskinstance.py:1956} INFO - Dependencies all met for dep_context=non-requeueable deps ti=<TaskInstance: multi_region_processor_7.process_region_us.process_payments_us manual__2025-06-09T07:28:55.367695+00:00 [queued]>
[2025-06-09T07:32:30.659+0000] {taskinstance.py:1956} INFO - Dependencies all met for dep_context=requeueable deps ti=<TaskInstance: multi_region_processor_7.process_region_us.process_payments_us manual__2025-06-09T07:28:55.367695+00:00 [queued]>
[2025-06-09T07:32:30.660+0000] {taskinstance.py:2170} INFO - Starting attempt 1 of 2
[2025-06-09T07:32:30.682+0000] {taskinstance.py:2191} INFO - Executing <Task(_PythonDecoratedOperator): process_region_us.process_payments_us> on 2025-06-09 07:28:55.367695+00:00
[2025-06-09T07:32:30.689+0000] {standard_task_runner.py:60} INFO - Started process 80511 to run task
[2025-06-09T07:32:30.694+0000] {standard_task_runner.py:87} INFO - Running: ['airflow', 'tasks', 'run', 'multi_region_processor_7', 'process_region_us.process_payments_us', 'manual__2025-06-09T07:28:55.367695+00:00', '--job-id', '585', '--raw', '--subdir', 'DAGS_FOLDER/master2.py', '--cfg-path', '/tmp/tmp3nm1fwk8']
[2025-06-09T07:32:30.697+0000] {standard_task_runner.py:88} INFO - Job 585: Subtask process_region_us.process_payments_us
[2025-06-09T07:32:30.748+0000] {logging_mixin.py:188} WARNING - /home/airflow/.local/lib/python3.10/site-packages/airflow/settings.py:194 DeprecationWarning: The sql_alchemy_conn option in [core] has been moved to the sql_alchemy_conn option in [database] - the old setting has been used, but please update your config.
[2025-06-09T07:32:30.823+0000] {task_command.py:423} INFO - Running <TaskInstance: multi_region_processor_7.process_region_us.process_payments_us manual__2025-06-09T07:28:55.367695+00:00 [running]> on host afcdbcf38bc0
[2025-06-09T07:32:31.013+0000] {taskinstance.py:2480} INFO - Exporting env vars: AIRFLOW_CTX_DAG_OWNER='data-team' AIRFLOW_CTX_DAG_ID='multi_region_processor_7' AIRFLOW_CTX_TASK_ID='process_region_us.process_payments_us' AIRFLOW_CTX_EXECUTION_DATE='2025-06-09T07:28:55.367695+00:00' AIRFLOW_CTX_TRY_NUMBER='1' AIRFLOW_CTX_DAG_RUN_ID='manual__2025-06-09T07:28:55.367695+00:00'
[2025-06-09T07:32:43.888+0000] {logging_mixin.py:188} INFO - Processing payments for region us
[2025-06-09T07:33:04.133+0000] {logging_mixin.py:188} INFO - +----------+--------+--------------+--------------+------------------+--------------------+--------------+--------------------+--------------------+-------+--------+
|payment_id|order_id|payment_method|payment_status|payment_amount_usd|   payment_timestamp|transaction_id|    gateway_response|          created_at|_region| _source|
+----------+--------+--------------+--------------+------------------+--------------------+--------------+--------------------+--------------------+-------+--------+
|         1|       1|   credit_card|     completed|            950.48|2025-06-08 19:23:...| txn_cc_us_001|Payment successfu...|2025-06-08 19:23:...|     us|postgres|
|         2|       2|        paypal|     completed|             96.97|2025-06-08 19:23:...| txn_pp_us_002|PayPal payment co...|2025-06-08 19:23:...|     us|postgres|
|         3|       3|     apple_pay|       pending|           1098.49|2025-06-08 19:23:...| txn_ap_us_003|Apple Pay processing|2025-06-08 19:23:...|     us|postgres|
|         4|       4|   credit_card|     completed|            276.23|2025-06-08 19:23:...| txn_cc_us_004|Payment successfu...|2025-06-08 19:23:...|     us|postgres|
|         5|       5|   credit_card|        failed|            279.85|2025-06-08 19:23:...| txn_cc_us_005|Declined - Insuff...|2025-06-08 19:23:...|     us|postgres|
|         6|       6| bank_transfer|     completed|             85.86|2025-06-08 19:23:...| txn_bt_us_006|ACH transfer comp...|2025-06-08 19:23:...|     us|postgres|
|         7|       7|        paypal|     completed|            729.98|2025-06-08 19:23:...| txn_pp_us_007|PayPal payment co...|2025-06-08 19:23:...|     us|postgres|
|         8|       8|   credit_card|     completed|            190.48|2025-06-08 19:23:...| txn_cc_us_008|Payment successfu...|2025-06-08 19:23:...|     us|postgres|
|         9|       9|     apple_pay|     completed|           1739.98|2025-06-08 19:23:...| txn_ap_us_009| Apple Pay completed|2025-06-08 19:23:...|     us|postgres|
|        10|      10|   credit_card|      refunded|             49.36|2025-06-08 19:23:...| txn_cc_us_010|Payment refunded ...|2025-06-08 19:23:...|     us|postgres|
+----------+--------+--------------+--------------+------------------+--------------------+--------------+--------------------+--------------------+-------+--------+
only showing top 10 rows
[2025-06-09T07:33:10.274+0000] {logging_mixin.py:188} INFO - Successfully processed 20 records for payments in us
[2025-06-09T07:33:11.131+0000] {python.py:201} INFO - Done. Returned value was: {'region': 'us', 'table': 'payments', 'record_count': 20, 'status': 'success'}
[2025-06-09T07:33:11.228+0000] {taskinstance.py:1138} INFO - Marking task as SUCCESS. dag_id=multi_region_processor_7, task_id=process_region_us.process_payments_us, execution_date=20250609T072855, start_date=20250609T073230, end_date=20250609T073311
[2025-06-09T07:33:11.302+0000] {local_task_job_runner.py:234} INFO - Task exited with return code 0
[2025-06-09T07:33:11.402+0000] {taskinstance.py:3280} INFO - 0 downstream tasks scheduled from follow-on schedule check
