[2025-06-11T18:24:28.598+0000] {taskinstance.py:1956} INFO - Dependencies all met for dep_context=non-requeueable deps ti=<TaskInstance: multi_region_transform_staging_v2.process_region_asia.process_cart_items_asia manual__2025-06-11T18:20:09.445349+00:00 [queued]>
[2025-06-11T18:24:28.624+0000] {taskinstance.py:1956} INFO - Dependencies all met for dep_context=requeueable deps ti=<TaskInstance: multi_region_transform_staging_v2.process_region_asia.process_cart_items_asia manual__2025-06-11T18:20:09.445349+00:00 [queued]>
[2025-06-11T18:24:28.625+0000] {taskinstance.py:2170} INFO - Starting attempt 1 of 2
[2025-06-11T18:24:28.650+0000] {taskinstance.py:2191} INFO - Executing <Task(_PythonDecoratedOperator): process_region_asia.process_cart_items_asia> on 2025-06-11 18:20:09.445349+00:00
[2025-06-11T18:24:28.666+0000] {standard_task_runner.py:60} INFO - Started process 9917 to run task
[2025-06-11T18:24:28.672+0000] {standard_task_runner.py:87} INFO - Running: ['airflow', 'tasks', 'run', 'multi_region_transform_staging_v2', 'process_region_asia.process_cart_items_asia', 'manual__2025-06-11T18:20:09.445349+00:00', '--job-id', '634', '--raw', '--subdir', 'DAGS_FOLDER/master_dag.py', '--cfg-path', '/tmp/tmpveo10r88']
[2025-06-11T18:24:28.677+0000] {standard_task_runner.py:88} INFO - Job 634: Subtask process_region_asia.process_cart_items_asia
[2025-06-11T18:24:28.822+0000] {task_command.py:423} INFO - Running <TaskInstance: multi_region_transform_staging_v2.process_region_asia.process_cart_items_asia manual__2025-06-11T18:20:09.445349+00:00 [running]> on host 5950010ae7c1
[2025-06-11T18:24:29.111+0000] {taskinstance.py:2480} INFO - Exporting env vars: AIRFLOW_CTX_DAG_OWNER='data-team' AIRFLOW_CTX_DAG_ID='multi_region_transform_staging_v2' AIRFLOW_CTX_TASK_ID='process_region_asia.process_cart_items_asia' AIRFLOW_CTX_EXECUTION_DATE='2025-06-11T18:20:09.445349+00:00' AIRFLOW_CTX_TRY_NUMBER='1' AIRFLOW_CTX_DAG_RUN_ID='manual__2025-06-11T18:20:09.445349+00:00'
[2025-06-11T18:24:42.382+0000] {logging_mixin.py:188} INFO - Debugggg::::Vector(spark://5950010ae7c1:33627/jars/snowflake-jdbc-3.13.17.jar, spark://5950010ae7c1:33627/jars/spark-snowflake_2.12-2.16.0-spark_3.2.jar)
[2025-06-11T18:24:42.384+0000] {logging_mixin.py:188} INFO - Processing cart_items for region asia
[2025-06-11T18:24:42.426+0000] {logging_mixin.py:188} INFO - /opt/airflow/data/raw/region=asia/table=cart_items/load_date=2025-06-11
[2025-06-11T18:25:12.912+0000] {logging_mixin.py:188} INFO - STAGING_ASIA
[2025-06-11T18:25:15.511+0000] {logging_mixin.py:188} INFO - +------------+-------+----------+--------+------------------+-------------------+-------------------+-------+--------+
|cart_item_id|cart_id|variant_id|quantity|    unit_price_usd|           added_at|         updated_at|_region| _source|
+------------+-------+----------+--------+------------------+-------------------+-------------------+-------+--------+
|           1|      1|         2|       1|1154.6399999999999|2024-03-15 09:35:20|2024-03-15 09:35:20|   asia|postgres|
|           2|      1|         8|       2|23.799999999999997|2024-03-15 09:40:35|2024-03-15 09:40:35|   asia|postgres|
|           3|      2|        15|       1|1448.3999999999999|2024-03-16 11:20:10|2024-03-16 11:20:10|   asia|postgres|
|           4|      3|        19|       1| 87.03999999999999|2024-03-17 13:25:45|2024-03-17 13:25:45|   asia|postgres|
|           5|      4|         6|       1|            338.64|2024-03-18 15:45:30|2024-03-18 15:45:30|   asia|postgres|
|           6|      5|        12|       1|60.519999999999996|2024-03-19 08:50:15|2024-03-19 08:50:15|   asia|postgres|
+------------+-------+----------+--------+------------------+-------------------+-------------------+-------+--------+
[2025-06-11T18:25:15.512+0000] {logging_mixin.py:188} INFO - Inserting into snowflake
[2025-06-11T18:25:24.526+0000] {logging_mixin.py:188} INFO - successfully inserted in snowflake
[2025-06-11T18:25:24.543+0000] {crypto.py:82} WARNING - empty cryptography key - values will not be stored encrypted.
[2025-06-11T18:25:25.105+0000] {logging_mixin.py:188} INFO - Successfully processed 6 records for cart_items in asia
[2025-06-11T18:25:27.872+0000] {python.py:201} INFO - Done. Returned value was: {'region': 'asia', 'table': 'cart_items', 'record_count': 6, 'status': 'success'}
[2025-06-11T18:25:27.963+0000] {taskinstance.py:1138} INFO - Marking task as SUCCESS. dag_id=multi_region_transform_staging_v2, task_id=process_region_asia.process_cart_items_asia, execution_date=20250611T182009, start_date=20250611T182428, end_date=20250611T182527
[2025-06-11T18:25:28.050+0000] {local_task_job_runner.py:234} INFO - Task exited with return code 0
[2025-06-11T18:25:28.143+0000] {taskinstance.py:3280} INFO - 0 downstream tasks scheduled from follow-on schedule check
