[2025-06-08T16:27:28.366+0000] {taskinstance.py:1956} INFO - Dependencies all met for dep_context=non-requeueable deps ti=<TaskInstance: transform_shipments.run_transformation_us scheduled__2025-06-07T01:00:00+00:00 [queued]>
[2025-06-08T16:27:28.391+0000] {taskinstance.py:1956} INFO - Dependencies all met for dep_context=requeueable deps ti=<TaskInstance: transform_shipments.run_transformation_us scheduled__2025-06-07T01:00:00+00:00 [queued]>
[2025-06-08T16:27:28.391+0000] {taskinstance.py:2170} INFO - Starting attempt 2 of 1
[2025-06-08T16:27:28.534+0000] {taskinstance.py:2191} INFO - Executing <Task(_PythonDecoratedOperator): run_transformation_us> on 2025-06-07 01:00:00+00:00
[2025-06-08T16:27:28.559+0000] {clientserver.py:543} INFO - Closing down clientserver connection
[2025-06-08T16:27:28.558+0000] {standard_task_runner.py:60} INFO - Started process 3974 to run task
[2025-06-08T16:27:28.611+0000] {standard_task_runner.py:87} INFO - Running: ['airflow', 'tasks', 'run', 'transform_shipments', 'run_transformation_us', 'scheduled__2025-06-07T01:00:00+00:00', '--job-id', '502', '--raw', '--subdir', 'DAGS_FOLDER/staging/shipments_to_staging.py', '--cfg-path', '/tmp/tmprtv5qha7']
[2025-06-08T16:27:28.613+0000] {standard_task_runner.py:88} INFO - Job 502: Subtask run_transformation_us
[2025-06-08T16:27:28.743+0000] {logging_mixin.py:188} WARNING - /home/airflow/.local/lib/python3.10/site-packages/airflow/settings.py:194 DeprecationWarning: The sql_alchemy_conn option in [core] has been moved to the sql_alchemy_conn option in [database] - the old setting has been used, but please update your config.
[2025-06-08T16:27:28.874+0000] {task_command.py:423} INFO - Running <TaskInstance: transform_shipments.run_transformation_us scheduled__2025-06-07T01:00:00+00:00 [running]> on host c10f2fed82e0
[2025-06-08T16:27:29.359+0000] {taskinstance.py:2480} INFO - Exporting env vars: AIRFLOW_CTX_DAG_OWNER='airflow' AIRFLOW_CTX_DAG_ID='transform_shipments' AIRFLOW_CTX_TASK_ID='run_transformation_us' AIRFLOW_CTX_EXECUTION_DATE='2025-06-07T01:00:00+00:00' AIRFLOW_CTX_TRY_NUMBER='2' AIRFLOW_CTX_DAG_RUN_ID='scheduled__2025-06-07T01:00:00+00:00'
[2025-06-08T16:27:29.365+0000] {logging_mixin.py:188} INFO - Starting transformation for table: shipments in region: us
[2025-06-08T16:27:29.498+0000] {logging_mixin.py:188} INFO - Reading data from: /opt/airflow/data/raw/region=us/table=shipments/load_date=2025-06-06/
[2025-06-08T16:27:55.126+0000] {logging_mixin.py:188} INFO - [INFO] Processing 8 records for us
[2025-06-08T16:27:56.108+0000] {logging_mixin.py:188} INFO - Sample transformed data for us:
[2025-06-08T16:28:04.754+0000] {logging_mixin.py:188} INFO - +-----------+--------+----------------------+-------+---------------+-------------------+-----------------------+-------------------------+---------------+--------------------------+--------------------------+-------+--------+
|shipment_id|order_id|tracking_number       |carrier|shipping_method|shipped_timestamp  |estimated_delivery_date|actual_delivery_timestamp|shipment_status|created_at                |updated_at                |_region|_source |
+-----------+--------+----------------------+-------+---------------+-------------------+-----------------------+-------------------------+---------------+--------------------------+--------------------------+-------+--------+
|1          |1       |1Z999AA1234567890     |UPS    |Ground         |2024-01-16 13:30:00|2024-01-18             |2024-01-18 15:45:00      |delivered      |2025-06-06 08:00:56.578543|2025-06-06 08:00:56.578543|us     |postgres|
|2          |2       |7749123456789012      |FedEx  |2-Day Air      |2024-01-17 09:15:00|2024-01-19             |NULL                     |in_transit     |2025-06-06 08:00:56.578543|2025-06-06 08:00:56.578543|us     |postgres|
|3          |3       |9400123456789012345678|USPS   |Priority Mail  |NULL               |NULL                   |NULL                     |preparing      |2025-06-06 08:00:56.578543|2025-06-06 08:00:56.578543|us     |postgres|
|4          |4       |1Z999AA9876543210     |UPS    |Next Day Air   |2024-01-18 08:45:00|2024-01-19             |2024-01-19 13:20:00      |delivered      |2025-06-06 08:00:56.578543|2025-06-06 08:00:56.578543|us     |postgres|
|5          |6       |7749987654321098      |FedEx  |Same Day       |2024-01-19 10:30:00|2024-01-19             |2024-01-19 17:15:00      |delivered      |2025-06-06 08:00:56.578543|2025-06-06 08:00:56.578543|us     |postgres|
+-----------+--------+----------------------+-------+---------------+-------------------+-----------------------+-------------------------+---------------+--------------------------+--------------------------+-------+--------+
only showing top 5 rows
[2025-06-08T16:28:04.763+0000] {logging_mixin.py:188} INFO - Writing transformed data to: /opt/airflow/data/staging/shipments/region=us/load_date=2025-06-06/
[2025-06-08T16:28:07.581+0000] {logging_mixin.py:188} INFO - Successfully transformed 8 records for us
[2025-06-08T16:31:38.424+0000] {job.py:213} ERROR - Job heartbeat got an exception
Traceback (most recent call last):
  File "/home/airflow/.local/lib/python3.10/site-packages/sqlalchemy/engine/base.py", line 3371, in _wrap_pool_connect
    return fn()
  File "/home/airflow/.local/lib/python3.10/site-packages/sqlalchemy/pool/base.py", line 327, in connect
    return _ConnectionFairy._checkout(self)
  File "/home/airflow/.local/lib/python3.10/site-packages/sqlalchemy/pool/base.py", line 894, in _checkout
    fairy = _ConnectionRecord.checkout(pool)
  File "/home/airflow/.local/lib/python3.10/site-packages/sqlalchemy/pool/base.py", line 493, in checkout
    rec = pool._do_get()
  File "/home/airflow/.local/lib/python3.10/site-packages/sqlalchemy/pool/impl.py", line 256, in _do_get
    return self._create_connection()
  File "/home/airflow/.local/lib/python3.10/site-packages/sqlalchemy/pool/base.py", line 273, in _create_connection
    return _ConnectionRecord(self)
  File "/home/airflow/.local/lib/python3.10/site-packages/sqlalchemy/pool/base.py", line 388, in __init__
    self.__connect()
  File "/home/airflow/.local/lib/python3.10/site-packages/sqlalchemy/pool/base.py", line 690, in __connect
    with util.safe_reraise():
  File "/home/airflow/.local/lib/python3.10/site-packages/sqlalchemy/util/langhelpers.py", line 70, in __exit__
    compat.raise_(
  File "/home/airflow/.local/lib/python3.10/site-packages/sqlalchemy/util/compat.py", line 211, in raise_
    raise exception
  File "/home/airflow/.local/lib/python3.10/site-packages/sqlalchemy/pool/base.py", line 686, in __connect
    self.dbapi_connection = connection = pool._invoke_creator(self)
  File "/home/airflow/.local/lib/python3.10/site-packages/sqlalchemy/engine/create.py", line 574, in connect
    return dialect.connect(*cargs, **cparams)
  File "/home/airflow/.local/lib/python3.10/site-packages/sqlalchemy/engine/default.py", line 598, in connect
    return self.dbapi.connect(*cargs, **cparams)
  File "/home/airflow/.local/lib/python3.10/site-packages/psycopg2/__init__.py", line 122, in connect
    conn = _connect(dsn, connection_factory=connection_factory, **kwasync)
psycopg2.OperationalError: could not translate host name "postgres" to address: Temporary failure in name resolution


The above exception was the direct cause of the following exception:

Traceback (most recent call last):
  File "/home/airflow/.local/lib/python3.10/site-packages/airflow/jobs/job.py", line 187, in heartbeat
    self._merge_from(Job._fetch_from_db(self, session))
  File "/home/airflow/.local/lib/python3.10/site-packages/airflow/api_internal/internal_api_call.py", line 114, in wrapper
    return func(*args, **kwargs)
  File "/home/airflow/.local/lib/python3.10/site-packages/airflow/utils/session.py", line 76, in wrapper
    return func(*args, **kwargs)
  File "/home/airflow/.local/lib/python3.10/site-packages/airflow/jobs/job.py", line 308, in _fetch_from_db
    session.merge(job)
  File "/home/airflow/.local/lib/python3.10/site-packages/sqlalchemy/orm/session.py", line 3056, in merge
    return self._merge(
  File "/home/airflow/.local/lib/python3.10/site-packages/sqlalchemy/orm/session.py", line 3136, in _merge
    merged = self.get(
  File "/home/airflow/.local/lib/python3.10/site-packages/sqlalchemy/orm/session.py", line 2853, in get
    return self._get_impl(
  File "/home/airflow/.local/lib/python3.10/site-packages/sqlalchemy/orm/session.py", line 2975, in _get_impl
    return db_load_fn(
  File "/home/airflow/.local/lib/python3.10/site-packages/sqlalchemy/orm/loading.py", line 530, in load_on_pk_identity
    session.execute(
  File "/home/airflow/.local/lib/python3.10/site-packages/sqlalchemy/orm/session.py", line 1716, in execute
    conn = self._connection_for_bind(bind)
  File "/home/airflow/.local/lib/python3.10/site-packages/sqlalchemy/orm/session.py", line 1555, in _connection_for_bind
    return self._transaction._connection_for_bind(
  File "/home/airflow/.local/lib/python3.10/site-packages/sqlalchemy/orm/session.py", line 750, in _connection_for_bind
    conn = bind.connect()
  File "/home/airflow/.local/lib/python3.10/site-packages/sqlalchemy/future/engine.py", line 412, in connect
    return super(Engine, self).connect()
  File "/home/airflow/.local/lib/python3.10/site-packages/sqlalchemy/engine/base.py", line 3325, in connect
    return self._connection_cls(self, close_with_result=close_with_result)
  File "/home/airflow/.local/lib/python3.10/site-packages/sqlalchemy/engine/base.py", line 96, in __init__
    else engine.raw_connection()
  File "/home/airflow/.local/lib/python3.10/site-packages/sqlalchemy/engine/base.py", line 3404, in raw_connection
    return self._wrap_pool_connect(self.pool.connect, _connection)
  File "/home/airflow/.local/lib/python3.10/site-packages/sqlalchemy/engine/base.py", line 3374, in _wrap_pool_connect
    Connection._handle_dbapi_exception_noconnection(
  File "/home/airflow/.local/lib/python3.10/site-packages/sqlalchemy/engine/base.py", line 2208, in _handle_dbapi_exception_noconnection
    util.raise_(
  File "/home/airflow/.local/lib/python3.10/site-packages/sqlalchemy/util/compat.py", line 211, in raise_
    raise exception
  File "/home/airflow/.local/lib/python3.10/site-packages/sqlalchemy/engine/base.py", line 3371, in _wrap_pool_connect
    return fn()
  File "/home/airflow/.local/lib/python3.10/site-packages/sqlalchemy/pool/base.py", line 327, in connect
    return _ConnectionFairy._checkout(self)
  File "/home/airflow/.local/lib/python3.10/site-packages/sqlalchemy/pool/base.py", line 894, in _checkout
    fairy = _ConnectionRecord.checkout(pool)
  File "/home/airflow/.local/lib/python3.10/site-packages/sqlalchemy/pool/base.py", line 493, in checkout
    rec = pool._do_get()
  File "/home/airflow/.local/lib/python3.10/site-packages/sqlalchemy/pool/impl.py", line 256, in _do_get
    return self._create_connection()
  File "/home/airflow/.local/lib/python3.10/site-packages/sqlalchemy/pool/base.py", line 273, in _create_connection
    return _ConnectionRecord(self)
  File "/home/airflow/.local/lib/python3.10/site-packages/sqlalchemy/pool/base.py", line 388, in __init__
    self.__connect()
  File "/home/airflow/.local/lib/python3.10/site-packages/sqlalchemy/pool/base.py", line 690, in __connect
    with util.safe_reraise():
  File "/home/airflow/.local/lib/python3.10/site-packages/sqlalchemy/util/langhelpers.py", line 70, in __exit__
    compat.raise_(
  File "/home/airflow/.local/lib/python3.10/site-packages/sqlalchemy/util/compat.py", line 211, in raise_
    raise exception
  File "/home/airflow/.local/lib/python3.10/site-packages/sqlalchemy/pool/base.py", line 686, in __connect
    self.dbapi_connection = connection = pool._invoke_creator(self)
  File "/home/airflow/.local/lib/python3.10/site-packages/sqlalchemy/engine/create.py", line 574, in connect
    return dialect.connect(*cargs, **cparams)
  File "/home/airflow/.local/lib/python3.10/site-packages/sqlalchemy/engine/default.py", line 598, in connect
    return self.dbapi.connect(*cargs, **cparams)
  File "/home/airflow/.local/lib/python3.10/site-packages/psycopg2/__init__.py", line 122, in connect
    conn = _connect(dsn, connection_factory=connection_factory, **kwasync)
sqlalchemy.exc.OperationalError: (psycopg2.OperationalError) could not translate host name "postgres" to address: Temporary failure in name resolution

(Background on this error at: https://sqlalche.me/e/14/e3q8)
[2025-06-08T16:31:40.665+0000] {job.py:221} ERROR - Job heartbeat failed with error. Scheduler is in unhealthy state
[2025-06-08T16:35:23.760+0000] {job.py:221} ERROR - Job heartbeat failed with error. Scheduler is in unhealthy state
