[2025-06-03T08:38:16.118+0000] {taskinstance.py:1956} INFO - Dependencies all met for dep_context=non-requeueable deps ti=<TaskInstance: ingest_raw_data_asia.extract_asia_asia_categories manual__2025-06-03T08:38:13.546319+00:00 [queued]>
[2025-06-03T08:38:16.131+0000] {taskinstance.py:1956} INFO - Dependencies all met for dep_context=requeueable deps ti=<TaskInstance: ingest_raw_data_asia.extract_asia_asia_categories manual__2025-06-03T08:38:13.546319+00:00 [queued]>
[2025-06-03T08:38:16.131+0000] {taskinstance.py:2170} INFO - Starting attempt 1 of 2
[2025-06-03T08:38:16.217+0000] {taskinstance.py:2191} INFO - Executing <Task(BashOperator): extract_asia_asia_categories> on 2025-06-03 08:38:13.546319+00:00
[2025-06-03T08:38:16.220+0000] {standard_task_runner.py:60} INFO - Started process 480 to run task
[2025-06-03T08:38:16.223+0000] {standard_task_runner.py:87} INFO - Running: ['airflow', 'tasks', 'run', 'ingest_raw_data_asia', 'extract_asia_asia_categories', 'manual__2025-06-03T08:38:13.546319+00:00', '--job-id', '301', '--raw', '--subdir', 'DAGS_FOLDER/asia/landing.py', '--cfg-path', '/tmp/tmpt77n3wwa']
[2025-06-03T08:38:16.225+0000] {standard_task_runner.py:88} INFO - Job 301: Subtask extract_asia_asia_categories
[2025-06-03T08:38:16.252+0000] {logging_mixin.py:188} WARNING - /home/airflow/.local/lib/python3.10/site-packages/airflow/settings.py:194 DeprecationWarning: The sql_alchemy_conn option in [core] has been moved to the sql_alchemy_conn option in [database] - the old setting has been used, but please update your config.
[2025-06-03T08:38:16.288+0000] {task_command.py:423} INFO - Running <TaskInstance: ingest_raw_data_asia.extract_asia_asia_categories manual__2025-06-03T08:38:13.546319+00:00 [running]> on host 86069ee61878
[2025-06-03T08:38:16.418+0000] {taskinstance.py:2480} INFO - Exporting env vars: AIRFLOW_CTX_DAG_OWNER='airflow' AIRFLOW_CTX_DAG_ID='ingest_raw_data_asia' AIRFLOW_CTX_TASK_ID='extract_asia_asia_categories' AIRFLOW_CTX_EXECUTION_DATE='2025-06-03T08:38:13.546319+00:00' AIRFLOW_CTX_TRY_NUMBER='1' AIRFLOW_CTX_DAG_RUN_ID='manual__2025-06-03T08:38:13.546319+00:00'
[2025-06-03T08:38:16.419+0000] {subprocess.py:63} INFO - Tmp dir root location: /tmp
[2025-06-03T08:38:16.419+0000] {subprocess.py:75} INFO - Running command: ['/usr/bin/bash', '-c', '\n                spark-submit                     /opt/airflow/scripts/pyspark_jobs/extract_to_parquet.py                     asia.categories "jdbc:postgresql://retail-postgres:5432/retail_etl" retail-etl retail_etl 2025-06-03\n            ']
[2025-06-03T08:38:16.452+0000] {subprocess.py:86} INFO - Output:
[2025-06-03T08:38:21.751+0000] {subprocess.py:93} INFO - 25/06/03 08:38:21 INFO SparkContext: Running Spark version 3.5.6
[2025-06-03T08:38:21.755+0000] {subprocess.py:93} INFO - 25/06/03 08:38:21 INFO SparkContext: OS info Linux, 6.11.0-26-generic, amd64
[2025-06-03T08:38:21.757+0000] {subprocess.py:93} INFO - 25/06/03 08:38:21 INFO SparkContext: Java version 11.0.24
[2025-06-03T08:38:21.824+0000] {subprocess.py:93} INFO - 25/06/03 08:38:21 WARN NativeCodeLoader: Unable to load native-hadoop library for your platform... using builtin-java classes where applicable
[2025-06-03T08:38:21.910+0000] {subprocess.py:93} INFO - 25/06/03 08:38:21 INFO ResourceUtils: ==============================================================
[2025-06-03T08:38:21.910+0000] {subprocess.py:93} INFO - 25/06/03 08:38:21 INFO ResourceUtils: No custom resources configured for spark.driver.
[2025-06-03T08:38:21.911+0000] {subprocess.py:93} INFO - 25/06/03 08:38:21 INFO ResourceUtils: ==============================================================
[2025-06-03T08:38:21.911+0000] {subprocess.py:93} INFO - 25/06/03 08:38:21 INFO SparkContext: Submitted application: Extract_asia_asia.categories
[2025-06-03T08:38:21.932+0000] {subprocess.py:93} INFO - 25/06/03 08:38:21 INFO ResourceProfile: Default ResourceProfile created, executor resources: Map(cores -> name: cores, amount: 1, script: , vendor: , memory -> name: memory, amount: 1024, script: , vendor: , offHeap -> name: offHeap, amount: 0, script: , vendor: ), task resources: Map(cpus -> name: cpus, amount: 1.0)
[2025-06-03T08:38:21.948+0000] {subprocess.py:93} INFO - 25/06/03 08:38:21 INFO ResourceProfile: Limiting resource is cpu
[2025-06-03T08:38:21.952+0000] {subprocess.py:93} INFO - 25/06/03 08:38:21 INFO ResourceProfileManager: Added ResourceProfile id: 0
[2025-06-03T08:38:22.016+0000] {subprocess.py:93} INFO - 25/06/03 08:38:22 INFO SecurityManager: Changing view acls to: airflow
[2025-06-03T08:38:22.017+0000] {subprocess.py:93} INFO - 25/06/03 08:38:22 INFO SecurityManager: Changing modify acls to: airflow
[2025-06-03T08:38:22.017+0000] {subprocess.py:93} INFO - 25/06/03 08:38:22 INFO SecurityManager: Changing view acls groups to:
[2025-06-03T08:38:22.018+0000] {subprocess.py:93} INFO - 25/06/03 08:38:22 INFO SecurityManager: Changing modify acls groups to:
[2025-06-03T08:38:22.018+0000] {subprocess.py:93} INFO - 25/06/03 08:38:22 INFO SecurityManager: SecurityManager: authentication disabled; ui acls disabled; users with view permissions: airflow; groups with view permissions: EMPTY; users with modify permissions: airflow; groups with modify permissions: EMPTY
[2025-06-03T08:38:22.252+0000] {subprocess.py:93} INFO - 25/06/03 08:38:22 INFO Utils: Successfully started service 'sparkDriver' on port 42845.
[2025-06-03T08:38:22.272+0000] {subprocess.py:93} INFO - 25/06/03 08:38:22 INFO SparkEnv: Registering MapOutputTracker
[2025-06-03T08:38:22.300+0000] {subprocess.py:93} INFO - 25/06/03 08:38:22 INFO SparkEnv: Registering BlockManagerMaster
[2025-06-03T08:38:22.316+0000] {subprocess.py:93} INFO - 25/06/03 08:38:22 INFO BlockManagerMasterEndpoint: Using org.apache.spark.storage.DefaultTopologyMapper for getting topology information
[2025-06-03T08:38:22.316+0000] {subprocess.py:93} INFO - 25/06/03 08:38:22 INFO BlockManagerMasterEndpoint: BlockManagerMasterEndpoint up
[2025-06-03T08:38:22.319+0000] {subprocess.py:93} INFO - 25/06/03 08:38:22 INFO SparkEnv: Registering BlockManagerMasterHeartbeat
[2025-06-03T08:38:22.336+0000] {subprocess.py:93} INFO - 25/06/03 08:38:22 INFO DiskBlockManager: Created local directory at /tmp/blockmgr-d52709c0-67cc-4a24-91c2-7d9633f3d796
[2025-06-03T08:38:22.348+0000] {subprocess.py:93} INFO - 25/06/03 08:38:22 INFO MemoryStore: MemoryStore started with capacity 434.4 MiB
[2025-06-03T08:38:22.360+0000] {subprocess.py:93} INFO - 25/06/03 08:38:22 INFO SparkEnv: Registering OutputCommitCoordinator
[2025-06-03T08:38:23.075+0000] {subprocess.py:93} INFO - 25/06/03 08:38:23 INFO JettyUtils: Start Jetty 0.0.0.0:4040 for SparkUI
[2025-06-03T08:38:23.121+0000] {subprocess.py:93} INFO - 25/06/03 08:38:23 INFO Utils: Successfully started service 'SparkUI' on port 4040.
[2025-06-03T08:38:23.195+0000] {subprocess.py:93} INFO - 25/06/03 08:38:23 INFO SparkContext: Added JAR /opt/airflow/jars/postgresql-42.7.3.jar at spark://86069ee61878:42845/jars/postgresql-42.7.3.jar with timestamp 1748939901736
[2025-06-03T08:38:23.196+0000] {subprocess.py:93} INFO - 25/06/03 08:38:23 INFO SparkContext: Added JAR /opt/airflow/jars/snowflake-jdbc-3.13.17.jar at spark://86069ee61878:42845/jars/snowflake-jdbc-3.13.17.jar with timestamp 1748939901736
[2025-06-03T08:38:23.196+0000] {subprocess.py:93} INFO - 25/06/03 08:38:23 INFO SparkContext: Added JAR /opt/airflow/jars/spark-snowflake_2.12-2.16.0-spark_3.2.jar at spark://86069ee61878:42845/jars/spark-snowflake_2.12-2.16.0-spark_3.2.jar with timestamp 1748939901736
[2025-06-03T08:38:23.249+0000] {subprocess.py:93} INFO - 25/06/03 08:38:23 INFO Executor: Starting executor ID driver on host 86069ee61878
[2025-06-03T08:38:23.249+0000] {subprocess.py:93} INFO - 25/06/03 08:38:23 INFO Executor: OS info Linux, 6.11.0-26-generic, amd64
[2025-06-03T08:38:23.249+0000] {subprocess.py:93} INFO - 25/06/03 08:38:23 INFO Executor: Java version 11.0.24
[2025-06-03T08:38:23.256+0000] {subprocess.py:93} INFO - 25/06/03 08:38:23 INFO Executor: Starting executor with user classpath (userClassPathFirst = false): ''
[2025-06-03T08:38:23.256+0000] {subprocess.py:93} INFO - 25/06/03 08:38:23 INFO Executor: Created or updated repl class loader org.apache.spark.util.MutableURLClassLoader@1d3db35f for default.
[2025-06-03T08:38:23.267+0000] {subprocess.py:93} INFO - 25/06/03 08:38:23 INFO Executor: Fetching spark://86069ee61878:42845/jars/postgresql-42.7.3.jar with timestamp 1748939901736
[2025-06-03T08:38:23.364+0000] {subprocess.py:93} INFO - 25/06/03 08:38:23 INFO TransportClientFactory: Successfully created connection to 86069ee61878/172.19.0.3:42845 after 35 ms (0 ms spent in bootstraps)
[2025-06-03T08:38:23.373+0000] {subprocess.py:93} INFO - 25/06/03 08:38:23 INFO Utils: Fetching spark://86069ee61878:42845/jars/postgresql-42.7.3.jar to /tmp/spark-4e1b76fb-aa45-44c7-ab3c-39e4ece4daa8/userFiles-379fb6b1-39d9-46a7-bc0e-5a7335764814/fetchFileTemp7520731751869701374.tmp
[2025-06-03T08:38:24.557+0000] {subprocess.py:93} INFO - 25/06/03 08:38:24 INFO Executor: Adding file:/tmp/spark-4e1b76fb-aa45-44c7-ab3c-39e4ece4daa8/userFiles-379fb6b1-39d9-46a7-bc0e-5a7335764814/postgresql-42.7.3.jar to class loader default
[2025-06-03T08:38:24.557+0000] {subprocess.py:93} INFO - 25/06/03 08:38:24 INFO Executor: Fetching spark://86069ee61878:42845/jars/spark-snowflake_2.12-2.16.0-spark_3.2.jar with timestamp 1748939901736
[2025-06-03T08:38:24.558+0000] {subprocess.py:93} INFO - 25/06/03 08:38:24 INFO Utils: Fetching spark://86069ee61878:42845/jars/spark-snowflake_2.12-2.16.0-spark_3.2.jar to /tmp/spark-4e1b76fb-aa45-44c7-ab3c-39e4ece4daa8/userFiles-379fb6b1-39d9-46a7-bc0e-5a7335764814/fetchFileTemp6948584375804094752.tmp
[2025-06-03T08:38:24.815+0000] {subprocess.py:93} INFO - 25/06/03 08:38:24 INFO Executor: Adding file:/tmp/spark-4e1b76fb-aa45-44c7-ab3c-39e4ece4daa8/userFiles-379fb6b1-39d9-46a7-bc0e-5a7335764814/spark-snowflake_2.12-2.16.0-spark_3.2.jar to class loader default
[2025-06-03T08:38:24.816+0000] {subprocess.py:93} INFO - 25/06/03 08:38:24 INFO Executor: Fetching spark://86069ee61878:42845/jars/snowflake-jdbc-3.13.17.jar with timestamp 1748939901736
[2025-06-03T08:38:24.816+0000] {subprocess.py:93} INFO - 25/06/03 08:38:24 INFO Utils: Fetching spark://86069ee61878:42845/jars/snowflake-jdbc-3.13.17.jar to /tmp/spark-4e1b76fb-aa45-44c7-ab3c-39e4ece4daa8/userFiles-379fb6b1-39d9-46a7-bc0e-5a7335764814/fetchFileTemp8308335278754071561.tmp
[2025-06-03T08:38:27.949+0000] {subprocess.py:93} INFO - 25/06/03 08:38:27 INFO Executor: Adding file:/tmp/spark-4e1b76fb-aa45-44c7-ab3c-39e4ece4daa8/userFiles-379fb6b1-39d9-46a7-bc0e-5a7335764814/snowflake-jdbc-3.13.17.jar to class loader default
[2025-06-03T08:38:27.959+0000] {subprocess.py:93} INFO - 25/06/03 08:38:27 INFO Utils: Successfully started service 'org.apache.spark.network.netty.NettyBlockTransferService' on port 41123.
[2025-06-03T08:38:27.960+0000] {subprocess.py:93} INFO - 25/06/03 08:38:27 INFO NettyBlockTransferService: Server created on 86069ee61878:41123
[2025-06-03T08:38:27.961+0000] {subprocess.py:93} INFO - 25/06/03 08:38:27 INFO BlockManager: Using org.apache.spark.storage.RandomBlockReplicationPolicy for block replication policy
[2025-06-03T08:38:27.966+0000] {subprocess.py:93} INFO - 25/06/03 08:38:27 INFO BlockManagerMaster: Registering BlockManager BlockManagerId(driver, 86069ee61878, 41123, None)
[2025-06-03T08:38:27.971+0000] {subprocess.py:93} INFO - 25/06/03 08:38:27 INFO BlockManagerMasterEndpoint: Registering block manager 86069ee61878:41123 with 434.4 MiB RAM, BlockManagerId(driver, 86069ee61878, 41123, None)
[2025-06-03T08:38:27.973+0000] {subprocess.py:93} INFO - 25/06/03 08:38:27 INFO BlockManagerMaster: Registered BlockManager BlockManagerId(driver, 86069ee61878, 41123, None)
[2025-06-03T08:38:27.974+0000] {subprocess.py:93} INFO - 25/06/03 08:38:27 INFO BlockManager: Initialized BlockManager: BlockManagerId(driver, 86069ee61878, 41123, None)
[2025-06-03T08:38:28.367+0000] {subprocess.py:93} INFO - 25/06/03 08:38:28 INFO SharedState: Setting hive.metastore.warehouse.dir ('null') to the value of spark.sql.warehouse.dir.
[2025-06-03T08:38:28.373+0000] {subprocess.py:93} INFO - 25/06/03 08:38:28 INFO SharedState: Warehouse path is 'file:/tmp/airflowtmp4wg1aw8g/spark-warehouse'.
[2025-06-03T08:38:29.078+0000] {subprocess.py:93} INFO - Traceback (most recent call last):
[2025-06-03T08:38:29.078+0000] {subprocess.py:93} INFO -   File "/opt/airflow/scripts/pyspark_jobs/extract_to_parquet.py", line 27, in <module>
[2025-06-03T08:38:29.144+0000] {subprocess.py:93} INFO -     .load()
[2025-06-03T08:38:29.145+0000] {subprocess.py:93} INFO -   File "/usr/local/spark/python/lib/pyspark.zip/pyspark/sql/readwriter.py", line 314, in load
[2025-06-03T08:38:29.145+0000] {subprocess.py:93} INFO -   File "/usr/local/spark/python/lib/py4j-0.10.9.7-src.zip/py4j/java_gateway.py", line 1322, in __call__
[2025-06-03T08:38:29.145+0000] {subprocess.py:93} INFO -   File "/usr/local/spark/python/lib/pyspark.zip/pyspark/errors/exceptions/captured.py", line 179, in deco
[2025-06-03T08:38:29.145+0000] {subprocess.py:93} INFO -   File "/usr/local/spark/python/lib/py4j-0.10.9.7-src.zip/py4j/protocol.py", line 326, in get_return_value
[2025-06-03T08:38:29.145+0000] {subprocess.py:93} INFO - py4j.protocol.Py4JJavaError: An error occurred while calling o32.load.
[2025-06-03T08:38:29.145+0000] {subprocess.py:93} INFO - : java.lang.ClassNotFoundException: org.postgresql.Driver
[2025-06-03T08:38:29.145+0000] {subprocess.py:93} INFO - 	at java.base/java.net.URLClassLoader.findClass(URLClassLoader.java:476)
[2025-06-03T08:38:29.146+0000] {subprocess.py:93} INFO - 	at java.base/java.lang.ClassLoader.loadClass(ClassLoader.java:594)
[2025-06-03T08:38:29.146+0000] {subprocess.py:93} INFO - 	at java.base/java.lang.ClassLoader.loadClass(ClassLoader.java:527)
[2025-06-03T08:38:29.146+0000] {subprocess.py:93} INFO - 	at org.apache.spark.sql.execution.datasources.jdbc.DriverRegistry$.register(DriverRegistry.scala:46)
[2025-06-03T08:38:29.146+0000] {subprocess.py:93} INFO - 	at org.apache.spark.sql.execution.datasources.jdbc.JDBCOptions.$anonfun$driverClass$1(JDBCOptions.scala:103)
[2025-06-03T08:38:29.146+0000] {subprocess.py:93} INFO - 	at org.apache.spark.sql.execution.datasources.jdbc.JDBCOptions.$anonfun$driverClass$1$adapted(JDBCOptions.scala:103)
[2025-06-03T08:38:29.146+0000] {subprocess.py:93} INFO - 	at scala.Option.foreach(Option.scala:407)
[2025-06-03T08:38:29.146+0000] {subprocess.py:93} INFO - 	at org.apache.spark.sql.execution.datasources.jdbc.JDBCOptions.<init>(JDBCOptions.scala:103)
[2025-06-03T08:38:29.146+0000] {subprocess.py:93} INFO - 	at org.apache.spark.sql.execution.datasources.jdbc.JDBCOptions.<init>(JDBCOptions.scala:41)
[2025-06-03T08:38:29.147+0000] {subprocess.py:93} INFO - 	at org.apache.spark.sql.execution.datasources.jdbc.JdbcRelationProvider.createRelation(JdbcRelationProvider.scala:34)
[2025-06-03T08:38:29.147+0000] {subprocess.py:93} INFO - 	at org.apache.spark.sql.execution.datasources.DataSource.resolveRelation(DataSource.scala:346)
[2025-06-03T08:38:29.147+0000] {subprocess.py:93} INFO - 	at org.apache.spark.sql.DataFrameReader.loadV1Source(DataFrameReader.scala:229)
[2025-06-03T08:38:29.147+0000] {subprocess.py:93} INFO - 	at org.apache.spark.sql.DataFrameReader.$anonfun$load$2(DataFrameReader.scala:211)
[2025-06-03T08:38:29.147+0000] {subprocess.py:93} INFO - 	at scala.Option.getOrElse(Option.scala:189)
[2025-06-03T08:38:29.147+0000] {subprocess.py:93} INFO - 	at org.apache.spark.sql.DataFrameReader.load(DataFrameReader.scala:211)
[2025-06-03T08:38:29.147+0000] {subprocess.py:93} INFO - 	at org.apache.spark.sql.DataFrameReader.load(DataFrameReader.scala:172)
[2025-06-03T08:38:29.147+0000] {subprocess.py:93} INFO - 	at java.base/jdk.internal.reflect.NativeMethodAccessorImpl.invoke0(Native Method)
[2025-06-03T08:38:29.147+0000] {subprocess.py:93} INFO - 	at java.base/jdk.internal.reflect.NativeMethodAccessorImpl.invoke(NativeMethodAccessorImpl.java:62)
[2025-06-03T08:38:29.148+0000] {subprocess.py:93} INFO - 	at java.base/jdk.internal.reflect.DelegatingMethodAccessorImpl.invoke(DelegatingMethodAccessorImpl.java:43)
[2025-06-03T08:38:29.148+0000] {subprocess.py:93} INFO - 	at java.base/java.lang.reflect.Method.invoke(Method.java:566)
[2025-06-03T08:38:29.148+0000] {subprocess.py:93} INFO - 	at py4j.reflection.MethodInvoker.invoke(MethodInvoker.java:244)
[2025-06-03T08:38:29.148+0000] {subprocess.py:93} INFO - 	at py4j.reflection.ReflectionEngine.invoke(ReflectionEngine.java:374)
[2025-06-03T08:38:29.148+0000] {subprocess.py:93} INFO - 	at py4j.Gateway.invoke(Gateway.java:282)
[2025-06-03T08:38:29.148+0000] {subprocess.py:93} INFO - 	at py4j.commands.AbstractCommand.invokeMethod(AbstractCommand.java:132)
[2025-06-03T08:38:29.148+0000] {subprocess.py:93} INFO - 	at py4j.commands.CallCommand.execute(CallCommand.java:79)
[2025-06-03T08:38:29.148+0000] {subprocess.py:93} INFO - 	at py4j.ClientServerConnection.waitForCommands(ClientServerConnection.java:182)
[2025-06-03T08:38:29.149+0000] {subprocess.py:93} INFO - 	at py4j.ClientServerConnection.run(ClientServerConnection.java:106)
[2025-06-03T08:38:29.149+0000] {subprocess.py:93} INFO - 	at java.base/java.lang.Thread.run(Thread.java:829)
[2025-06-03T08:38:29.149+0000] {subprocess.py:93} INFO - 
[2025-06-03T08:38:29.238+0000] {subprocess.py:93} INFO - 25/06/03 08:38:29 INFO SparkContext: Invoking stop() from shutdown hook
[2025-06-03T08:38:29.238+0000] {subprocess.py:93} INFO - 25/06/03 08:38:29 INFO SparkContext: SparkContext is stopping with exitCode 0.
[2025-06-03T08:38:29.247+0000] {subprocess.py:93} INFO - 25/06/03 08:38:29 INFO SparkUI: Stopped Spark web UI at http://86069ee61878:4040
[2025-06-03T08:38:29.258+0000] {subprocess.py:93} INFO - 25/06/03 08:38:29 INFO MapOutputTrackerMasterEndpoint: MapOutputTrackerMasterEndpoint stopped!
[2025-06-03T08:38:29.272+0000] {subprocess.py:93} INFO - 25/06/03 08:38:29 INFO MemoryStore: MemoryStore cleared
[2025-06-03T08:38:29.272+0000] {subprocess.py:93} INFO - 25/06/03 08:38:29 INFO BlockManager: BlockManager stopped
[2025-06-03T08:38:29.276+0000] {subprocess.py:93} INFO - 25/06/03 08:38:29 INFO BlockManagerMaster: BlockManagerMaster stopped
[2025-06-03T08:38:29.279+0000] {subprocess.py:93} INFO - 25/06/03 08:38:29 INFO OutputCommitCoordinator$OutputCommitCoordinatorEndpoint: OutputCommitCoordinator stopped!
[2025-06-03T08:38:29.289+0000] {subprocess.py:93} INFO - 25/06/03 08:38:29 INFO SparkContext: Successfully stopped SparkContext
[2025-06-03T08:38:29.290+0000] {subprocess.py:93} INFO - 25/06/03 08:38:29 INFO ShutdownHookManager: Shutdown hook called
[2025-06-03T08:38:29.290+0000] {subprocess.py:93} INFO - 25/06/03 08:38:29 INFO ShutdownHookManager: Deleting directory /tmp/spark-4e1b76fb-aa45-44c7-ab3c-39e4ece4daa8
[2025-06-03T08:38:29.293+0000] {subprocess.py:93} INFO - 25/06/03 08:38:29 INFO ShutdownHookManager: Deleting directory /tmp/spark-4e1b76fb-aa45-44c7-ab3c-39e4ece4daa8/pyspark-2ad74cf5-6184-4503-b7a5-b5b6bdef2102
[2025-06-03T08:38:29.296+0000] {subprocess.py:93} INFO - 25/06/03 08:38:29 INFO ShutdownHookManager: Deleting directory /tmp/spark-8a7385b8-017a-4789-ad84-eedc53ddc583
[2025-06-03T08:38:29.372+0000] {subprocess.py:97} INFO - Command exited with return code 1
[2025-06-03T08:38:29.386+0000] {taskinstance.py:2698} ERROR - Task failed with exception
Traceback (most recent call last):
  File "/home/airflow/.local/lib/python3.10/site-packages/airflow/models/taskinstance.py", line 433, in _execute_task
    result = execute_callable(context=context, **execute_callable_kwargs)
  File "/home/airflow/.local/lib/python3.10/site-packages/airflow/operators/bash.py", line 212, in execute
    raise AirflowException(
airflow.exceptions.AirflowException: Bash command failed. The command returned a non-zero exit code 1.
[2025-06-03T08:38:29.388+0000] {taskinstance.py:1138} INFO - Marking task as UP_FOR_RETRY. dag_id=ingest_raw_data_asia, task_id=extract_asia_asia_categories, execution_date=20250603T083813, start_date=20250603T083816, end_date=20250603T083829
[2025-06-03T08:38:29.629+0000] {standard_task_runner.py:107} ERROR - Failed to execute job 301 for task extract_asia_asia_categories (Bash command failed. The command returned a non-zero exit code 1.; 480)
[2025-06-03T08:38:29.636+0000] {local_task_job_runner.py:234} INFO - Task exited with return code 1
[2025-06-03T08:38:29.656+0000] {taskinstance.py:3280} INFO - 0 downstream tasks scheduled from follow-on schedule check
