[2025-06-03T08:43:31.349+0000] {taskinstance.py:1956} INFO - Dependencies all met for dep_context=non-requeueable deps ti=<TaskInstance: ingest_raw_data_asia.extract_asia_asia_categories manual__2025-06-03T08:38:13.546319+00:00 [queued]>
[2025-06-03T08:43:31.355+0000] {taskinstance.py:1956} INFO - Dependencies all met for dep_context=requeueable deps ti=<TaskInstance: ingest_raw_data_asia.extract_asia_asia_categories manual__2025-06-03T08:38:13.546319+00:00 [queued]>
[2025-06-03T08:43:31.355+0000] {taskinstance.py:2170} INFO - Starting attempt 2 of 2
[2025-06-03T08:43:31.414+0000] {taskinstance.py:2191} INFO - Executing <Task(BashOperator): extract_asia_asia_categories> on 2025-06-03 08:38:13.546319+00:00
[2025-06-03T08:43:31.418+0000] {standard_task_runner.py:60} INFO - Started process 764 to run task
[2025-06-03T08:43:31.420+0000] {standard_task_runner.py:87} INFO - Running: ['airflow', 'tasks', 'run', 'ingest_raw_data_asia', 'extract_asia_asia_categories', 'manual__2025-06-03T08:38:13.546319+00:00', '--job-id', '302', '--raw', '--subdir', 'DAGS_FOLDER/asia/landing.py', '--cfg-path', '/tmp/tmp3phtm585']
[2025-06-03T08:43:31.421+0000] {standard_task_runner.py:88} INFO - Job 302: Subtask extract_asia_asia_categories
[2025-06-03T08:43:31.480+0000] {logging_mixin.py:188} WARNING - /home/airflow/.local/lib/python3.10/site-packages/airflow/settings.py:194 DeprecationWarning: The sql_alchemy_conn option in [core] has been moved to the sql_alchemy_conn option in [database] - the old setting has been used, but please update your config.
[2025-06-03T08:43:31.517+0000] {task_command.py:423} INFO - Running <TaskInstance: ingest_raw_data_asia.extract_asia_asia_categories manual__2025-06-03T08:38:13.546319+00:00 [running]> on host 86069ee61878
[2025-06-03T08:43:31.667+0000] {taskinstance.py:2480} INFO - Exporting env vars: AIRFLOW_CTX_DAG_OWNER='airflow' AIRFLOW_CTX_DAG_ID='ingest_raw_data_asia' AIRFLOW_CTX_TASK_ID='extract_asia_asia_categories' AIRFLOW_CTX_EXECUTION_DATE='2025-06-03T08:38:13.546319+00:00' AIRFLOW_CTX_TRY_NUMBER='2' AIRFLOW_CTX_DAG_RUN_ID='manual__2025-06-03T08:38:13.546319+00:00'
[2025-06-03T08:43:31.667+0000] {subprocess.py:63} INFO - Tmp dir root location: /tmp
[2025-06-03T08:43:31.668+0000] {subprocess.py:75} INFO - Running command: ['/usr/bin/bash', '-c', '\n                spark-submit                     --jars /opt/airflow/jars/postgresql-42.7.3.jar                     /opt/airflow/scripts/pyspark_jobs/extract_to_parquet.py                     asia.categories "jdbc:postgresql://retail-postgres:5432/retail_etl" retail-etl retail_etl 2025-06-03\n            ']
[2025-06-03T08:43:31.675+0000] {subprocess.py:86} INFO - Output:
[2025-06-03T08:43:35.527+0000] {subprocess.py:93} INFO - 25/06/03 08:43:35 WARN NativeCodeLoader: Unable to load native-hadoop library for your platform... using builtin-java classes where applicable
[2025-06-03T08:43:36.545+0000] {subprocess.py:93} INFO - 25/06/03 08:43:36 INFO SparkContext: Running Spark version 3.5.6
[2025-06-03T08:43:36.545+0000] {subprocess.py:93} INFO - 25/06/03 08:43:36 INFO SparkContext: OS info Linux, 6.11.0-26-generic, amd64
[2025-06-03T08:43:36.546+0000] {subprocess.py:93} INFO - 25/06/03 08:43:36 INFO SparkContext: Java version 11.0.24
[2025-06-03T08:43:36.579+0000] {subprocess.py:93} INFO - 25/06/03 08:43:36 INFO ResourceUtils: ==============================================================
[2025-06-03T08:43:36.579+0000] {subprocess.py:93} INFO - 25/06/03 08:43:36 INFO ResourceUtils: No custom resources configured for spark.driver.
[2025-06-03T08:43:36.579+0000] {subprocess.py:93} INFO - 25/06/03 08:43:36 INFO ResourceUtils: ==============================================================
[2025-06-03T08:43:36.580+0000] {subprocess.py:93} INFO - 25/06/03 08:43:36 INFO SparkContext: Submitted application: Extract_asia_asia.categories
[2025-06-03T08:43:36.601+0000] {subprocess.py:93} INFO - 25/06/03 08:43:36 INFO ResourceProfile: Default ResourceProfile created, executor resources: Map(cores -> name: cores, amount: 1, script: , vendor: , memory -> name: memory, amount: 1024, script: , vendor: , offHeap -> name: offHeap, amount: 0, script: , vendor: ), task resources: Map(cpus -> name: cpus, amount: 1.0)
[2025-06-03T08:43:36.614+0000] {subprocess.py:93} INFO - 25/06/03 08:43:36 INFO ResourceProfile: Limiting resource is cpu
[2025-06-03T08:43:36.615+0000] {subprocess.py:93} INFO - 25/06/03 08:43:36 INFO ResourceProfileManager: Added ResourceProfile id: 0
[2025-06-03T08:43:36.668+0000] {subprocess.py:93} INFO - 25/06/03 08:43:36 INFO SecurityManager: Changing view acls to: airflow
[2025-06-03T08:43:36.668+0000] {subprocess.py:93} INFO - 25/06/03 08:43:36 INFO SecurityManager: Changing modify acls to: airflow
[2025-06-03T08:43:36.669+0000] {subprocess.py:93} INFO - 25/06/03 08:43:36 INFO SecurityManager: Changing view acls groups to:
[2025-06-03T08:43:36.669+0000] {subprocess.py:93} INFO - 25/06/03 08:43:36 INFO SecurityManager: Changing modify acls groups to:
[2025-06-03T08:43:36.670+0000] {subprocess.py:93} INFO - 25/06/03 08:43:36 INFO SecurityManager: SecurityManager: authentication disabled; ui acls disabled; users with view permissions: airflow; groups with view permissions: EMPTY; users with modify permissions: airflow; groups with modify permissions: EMPTY
[2025-06-03T08:43:37.177+0000] {subprocess.py:93} INFO - 25/06/03 08:43:37 INFO Utils: Successfully started service 'sparkDriver' on port 37123.
[2025-06-03T08:43:37.200+0000] {subprocess.py:93} INFO - 25/06/03 08:43:37 INFO SparkEnv: Registering MapOutputTracker
[2025-06-03T08:43:37.234+0000] {subprocess.py:93} INFO - 25/06/03 08:43:37 INFO SparkEnv: Registering BlockManagerMaster
[2025-06-03T08:43:37.252+0000] {subprocess.py:93} INFO - 25/06/03 08:43:37 INFO BlockManagerMasterEndpoint: Using org.apache.spark.storage.DefaultTopologyMapper for getting topology information
[2025-06-03T08:43:37.253+0000] {subprocess.py:93} INFO - 25/06/03 08:43:37 INFO BlockManagerMasterEndpoint: BlockManagerMasterEndpoint up
[2025-06-03T08:43:37.256+0000] {subprocess.py:93} INFO - 25/06/03 08:43:37 INFO SparkEnv: Registering BlockManagerMasterHeartbeat
[2025-06-03T08:43:37.276+0000] {subprocess.py:93} INFO - 25/06/03 08:43:37 INFO DiskBlockManager: Created local directory at /tmp/blockmgr-14a5a3c5-64bf-4fe0-9ad8-dc25b8543b7b
[2025-06-03T08:43:37.294+0000] {subprocess.py:93} INFO - 25/06/03 08:43:37 INFO MemoryStore: MemoryStore started with capacity 434.4 MiB
[2025-06-03T08:43:37.308+0000] {subprocess.py:93} INFO - 25/06/03 08:43:37 INFO SparkEnv: Registering OutputCommitCoordinator
[2025-06-03T08:43:37.451+0000] {subprocess.py:93} INFO - 25/06/03 08:43:37 INFO JettyUtils: Start Jetty 0.0.0.0:4040 for SparkUI
[2025-06-03T08:43:37.501+0000] {subprocess.py:93} INFO - 25/06/03 08:43:37 INFO Utils: Successfully started service 'SparkUI' on port 4040.
[2025-06-03T08:43:37.534+0000] {subprocess.py:93} INFO - 25/06/03 08:43:37 INFO SparkContext: Added JAR /opt/airflow/jars/postgresql-42.7.3.jar at spark://86069ee61878:37123/jars/postgresql-42.7.3.jar with timestamp 1748940216535
[2025-06-03T08:43:37.534+0000] {subprocess.py:93} INFO - 25/06/03 08:43:37 INFO SparkContext: Added JAR /opt/airflow/jars/snowflake-jdbc-3.13.17.jar at spark://86069ee61878:37123/jars/snowflake-jdbc-3.13.17.jar with timestamp 1748940216535
[2025-06-03T08:43:37.534+0000] {subprocess.py:93} INFO - 25/06/03 08:43:37 INFO SparkContext: Added JAR /opt/airflow/jars/spark-snowflake_2.12-2.16.0-spark_3.2.jar at spark://86069ee61878:37123/jars/spark-snowflake_2.12-2.16.0-spark_3.2.jar with timestamp 1748940216535
[2025-06-03T08:43:37.590+0000] {subprocess.py:93} INFO - 25/06/03 08:43:37 INFO Executor: Starting executor ID driver on host 86069ee61878
[2025-06-03T08:43:37.590+0000] {subprocess.py:93} INFO - 25/06/03 08:43:37 INFO Executor: OS info Linux, 6.11.0-26-generic, amd64
[2025-06-03T08:43:37.590+0000] {subprocess.py:93} INFO - 25/06/03 08:43:37 INFO Executor: Java version 11.0.24
[2025-06-03T08:43:37.596+0000] {subprocess.py:93} INFO - 25/06/03 08:43:37 INFO Executor: Starting executor with user classpath (userClassPathFirst = false): ''
[2025-06-03T08:43:37.596+0000] {subprocess.py:93} INFO - 25/06/03 08:43:37 INFO Executor: Created or updated repl class loader org.apache.spark.util.MutableURLClassLoader@1affe04a for default.
[2025-06-03T08:43:37.607+0000] {subprocess.py:93} INFO - 25/06/03 08:43:37 INFO Executor: Fetching spark://86069ee61878:37123/jars/postgresql-42.7.3.jar with timestamp 1748940216535
[2025-06-03T08:43:37.661+0000] {subprocess.py:93} INFO - 25/06/03 08:43:37 INFO TransportClientFactory: Successfully created connection to 86069ee61878/172.19.0.3:37123 after 32 ms (0 ms spent in bootstraps)
[2025-06-03T08:43:37.709+0000] {subprocess.py:93} INFO - 25/06/03 08:43:37 INFO Utils: Fetching spark://86069ee61878:37123/jars/postgresql-42.7.3.jar to /tmp/spark-58974333-841c-4ad7-9208-c34e7c6c1ea9/userFiles-344c4567-26b3-421f-80f2-73b14486681a/fetchFileTemp3139468132497497133.tmp
[2025-06-03T08:43:37.750+0000] {subprocess.py:93} INFO - 25/06/03 08:43:37 INFO Executor: Adding file:/tmp/spark-58974333-841c-4ad7-9208-c34e7c6c1ea9/userFiles-344c4567-26b3-421f-80f2-73b14486681a/postgresql-42.7.3.jar to class loader default
[2025-06-03T08:43:37.750+0000] {subprocess.py:93} INFO - 25/06/03 08:43:37 INFO Executor: Fetching spark://86069ee61878:37123/jars/snowflake-jdbc-3.13.17.jar with timestamp 1748940216535
[2025-06-03T08:43:37.751+0000] {subprocess.py:93} INFO - 25/06/03 08:43:37 INFO Utils: Fetching spark://86069ee61878:37123/jars/snowflake-jdbc-3.13.17.jar to /tmp/spark-58974333-841c-4ad7-9208-c34e7c6c1ea9/userFiles-344c4567-26b3-421f-80f2-73b14486681a/fetchFileTemp3715696337891301152.tmp
[2025-06-03T08:43:37.881+0000] {subprocess.py:93} INFO - 25/06/03 08:43:37 INFO Executor: Adding file:/tmp/spark-58974333-841c-4ad7-9208-c34e7c6c1ea9/userFiles-344c4567-26b3-421f-80f2-73b14486681a/snowflake-jdbc-3.13.17.jar to class loader default
[2025-06-03T08:43:37.881+0000] {subprocess.py:93} INFO - 25/06/03 08:43:37 INFO Executor: Fetching spark://86069ee61878:37123/jars/spark-snowflake_2.12-2.16.0-spark_3.2.jar with timestamp 1748940216535
[2025-06-03T08:43:37.882+0000] {subprocess.py:93} INFO - 25/06/03 08:43:37 INFO Utils: Fetching spark://86069ee61878:37123/jars/spark-snowflake_2.12-2.16.0-spark_3.2.jar to /tmp/spark-58974333-841c-4ad7-9208-c34e7c6c1ea9/userFiles-344c4567-26b3-421f-80f2-73b14486681a/fetchFileTemp17004655281221667161.tmp
[2025-06-03T08:43:37.923+0000] {subprocess.py:93} INFO - 25/06/03 08:43:37 INFO Executor: Adding file:/tmp/spark-58974333-841c-4ad7-9208-c34e7c6c1ea9/userFiles-344c4567-26b3-421f-80f2-73b14486681a/spark-snowflake_2.12-2.16.0-spark_3.2.jar to class loader default
[2025-06-03T08:43:37.934+0000] {subprocess.py:93} INFO - 25/06/03 08:43:37 INFO Utils: Successfully started service 'org.apache.spark.network.netty.NettyBlockTransferService' on port 34235.
[2025-06-03T08:43:37.934+0000] {subprocess.py:93} INFO - 25/06/03 08:43:37 INFO NettyBlockTransferService: Server created on 86069ee61878:34235
[2025-06-03T08:43:37.936+0000] {subprocess.py:93} INFO - 25/06/03 08:43:37 INFO BlockManager: Using org.apache.spark.storage.RandomBlockReplicationPolicy for block replication policy
[2025-06-03T08:43:37.943+0000] {subprocess.py:93} INFO - 25/06/03 08:43:37 INFO BlockManagerMaster: Registering BlockManager BlockManagerId(driver, 86069ee61878, 34235, None)
[2025-06-03T08:43:37.959+0000] {subprocess.py:93} INFO - 25/06/03 08:43:37 INFO BlockManagerMasterEndpoint: Registering block manager 86069ee61878:34235 with 434.4 MiB RAM, BlockManagerId(driver, 86069ee61878, 34235, None)
[2025-06-03T08:43:37.969+0000] {subprocess.py:93} INFO - 25/06/03 08:43:37 INFO BlockManagerMaster: Registered BlockManager BlockManagerId(driver, 86069ee61878, 34235, None)
[2025-06-03T08:43:37.970+0000] {subprocess.py:93} INFO - 25/06/03 08:43:37 INFO BlockManager: Initialized BlockManager: BlockManagerId(driver, 86069ee61878, 34235, None)
[2025-06-03T08:43:39.263+0000] {subprocess.py:93} INFO - 25/06/03 08:43:39 INFO SharedState: Setting hive.metastore.warehouse.dir ('null') to the value of spark.sql.warehouse.dir.
[2025-06-03T08:43:39.266+0000] {subprocess.py:93} INFO - 25/06/03 08:43:39 INFO SharedState: Warehouse path is 'file:/tmp/airflowtmp3alssf5s/spark-warehouse'.
[2025-06-03T08:43:42.106+0000] {subprocess.py:93} INFO - Traceback (most recent call last):
[2025-06-03T08:43:42.106+0000] {subprocess.py:93} INFO -   File "/opt/airflow/scripts/pyspark_jobs/extract_to_parquet.py", line 27, in <module>
[2025-06-03T08:43:42.106+0000] {subprocess.py:93} INFO -     .load()
[2025-06-03T08:43:42.107+0000] {subprocess.py:93} INFO -   File "/usr/local/spark/python/lib/pyspark.zip/pyspark/sql/readwriter.py", line 314, in load
[2025-06-03T08:43:42.107+0000] {subprocess.py:93} INFO -   File "/usr/local/spark/python/lib/py4j-0.10.9.7-src.zip/py4j/java_gateway.py", line 1322, in __call__
[2025-06-03T08:43:42.107+0000] {subprocess.py:93} INFO -   File "/usr/local/spark/python/lib/pyspark.zip/pyspark/errors/exceptions/captured.py", line 179, in deco
[2025-06-03T08:43:42.107+0000] {subprocess.py:93} INFO -   File "/usr/local/spark/python/lib/py4j-0.10.9.7-src.zip/py4j/protocol.py", line 326, in get_return_value
[2025-06-03T08:43:42.107+0000] {subprocess.py:93} INFO - py4j.protocol.Py4JJavaError: An error occurred while calling o33.load.
[2025-06-03T08:43:42.107+0000] {subprocess.py:93} INFO - : org.postgresql.util.PSQLException: FATAL: password authentication failed for user "retail-etl"
[2025-06-03T08:43:42.108+0000] {subprocess.py:93} INFO - 	at org.postgresql.core.v3.ConnectionFactoryImpl.doAuthentication(ConnectionFactoryImpl.java:698)
[2025-06-03T08:43:42.108+0000] {subprocess.py:93} INFO - 	at org.postgresql.core.v3.ConnectionFactoryImpl.tryConnect(ConnectionFactoryImpl.java:207)
[2025-06-03T08:43:42.108+0000] {subprocess.py:93} INFO - 	at org.postgresql.core.v3.ConnectionFactoryImpl.openConnectionImpl(ConnectionFactoryImpl.java:262)
[2025-06-03T08:43:42.108+0000] {subprocess.py:93} INFO - 	at org.postgresql.core.ConnectionFactory.openConnection(ConnectionFactory.java:54)
[2025-06-03T08:43:42.108+0000] {subprocess.py:93} INFO - 	at org.postgresql.jdbc.PgConnection.<init>(PgConnection.java:273)
[2025-06-03T08:43:42.108+0000] {subprocess.py:93} INFO - 	at org.postgresql.Driver.makeConnection(Driver.java:446)
[2025-06-03T08:43:42.109+0000] {subprocess.py:93} INFO - 	at org.postgresql.Driver.connect(Driver.java:298)
[2025-06-03T08:43:42.109+0000] {subprocess.py:93} INFO - 	at org.apache.spark.sql.execution.datasources.jdbc.connection.BasicConnectionProvider.getConnection(BasicConnectionProvider.scala:49)
[2025-06-03T08:43:42.109+0000] {subprocess.py:93} INFO - 	at org.apache.spark.sql.execution.datasources.jdbc.connection.ConnectionProviderBase.create(ConnectionProvider.scala:102)
[2025-06-03T08:43:42.109+0000] {subprocess.py:93} INFO - 	at org.apache.spark.sql.jdbc.JdbcDialect.$anonfun$createConnectionFactory$1(JdbcDialects.scala:161)
[2025-06-03T08:43:42.109+0000] {subprocess.py:93} INFO - 	at org.apache.spark.sql.jdbc.JdbcDialect.$anonfun$createConnectionFactory$1$adapted(JdbcDialects.scala:157)
[2025-06-03T08:43:42.109+0000] {subprocess.py:93} INFO - 	at org.apache.spark.sql.execution.datasources.jdbc.JDBCRDD$.getQueryOutputSchema(JDBCRDD.scala:63)
[2025-06-03T08:43:42.109+0000] {subprocess.py:93} INFO - 	at org.apache.spark.sql.execution.datasources.jdbc.JDBCRDD$.resolveTable(JDBCRDD.scala:58)
[2025-06-03T08:43:42.109+0000] {subprocess.py:93} INFO - 	at org.apache.spark.sql.execution.datasources.jdbc.JDBCRelation$.getSchema(JDBCRelation.scala:241)
[2025-06-03T08:43:42.110+0000] {subprocess.py:93} INFO - 	at org.apache.spark.sql.execution.datasources.jdbc.JdbcRelationProvider.createRelation(JdbcRelationProvider.scala:37)
[2025-06-03T08:43:42.110+0000] {subprocess.py:93} INFO - 	at org.apache.spark.sql.execution.datasources.DataSource.resolveRelation(DataSource.scala:346)
[2025-06-03T08:43:42.110+0000] {subprocess.py:93} INFO - 	at org.apache.spark.sql.DataFrameReader.loadV1Source(DataFrameReader.scala:229)
[2025-06-03T08:43:42.110+0000] {subprocess.py:93} INFO - 	at org.apache.spark.sql.DataFrameReader.$anonfun$load$2(DataFrameReader.scala:211)
[2025-06-03T08:43:42.110+0000] {subprocess.py:93} INFO - 	at scala.Option.getOrElse(Option.scala:189)
[2025-06-03T08:43:42.110+0000] {subprocess.py:93} INFO - 	at org.apache.spark.sql.DataFrameReader.load(DataFrameReader.scala:211)
[2025-06-03T08:43:42.110+0000] {subprocess.py:93} INFO - 	at org.apache.spark.sql.DataFrameReader.load(DataFrameReader.scala:172)
[2025-06-03T08:43:42.111+0000] {subprocess.py:93} INFO - 	at java.base/jdk.internal.reflect.NativeMethodAccessorImpl.invoke0(Native Method)
[2025-06-03T08:43:42.111+0000] {subprocess.py:93} INFO - 	at java.base/jdk.internal.reflect.NativeMethodAccessorImpl.invoke(NativeMethodAccessorImpl.java:62)
[2025-06-03T08:43:42.111+0000] {subprocess.py:93} INFO - 	at java.base/jdk.internal.reflect.DelegatingMethodAccessorImpl.invoke(DelegatingMethodAccessorImpl.java:43)
[2025-06-03T08:43:42.111+0000] {subprocess.py:93} INFO - 	at java.base/java.lang.reflect.Method.invoke(Method.java:566)
[2025-06-03T08:43:42.111+0000] {subprocess.py:93} INFO - 	at py4j.reflection.MethodInvoker.invoke(MethodInvoker.java:244)
[2025-06-03T08:43:42.111+0000] {subprocess.py:93} INFO - 	at py4j.reflection.ReflectionEngine.invoke(ReflectionEngine.java:374)
[2025-06-03T08:43:42.111+0000] {subprocess.py:93} INFO - 	at py4j.Gateway.invoke(Gateway.java:282)
[2025-06-03T08:43:42.112+0000] {subprocess.py:93} INFO - 	at py4j.commands.AbstractCommand.invokeMethod(AbstractCommand.java:132)
[2025-06-03T08:43:42.112+0000] {subprocess.py:93} INFO - 	at py4j.commands.CallCommand.execute(CallCommand.java:79)
[2025-06-03T08:43:42.112+0000] {subprocess.py:93} INFO - 	at py4j.ClientServerConnection.waitForCommands(ClientServerConnection.java:182)
[2025-06-03T08:43:42.112+0000] {subprocess.py:93} INFO - 	at py4j.ClientServerConnection.run(ClientServerConnection.java:106)
[2025-06-03T08:43:42.112+0000] {subprocess.py:93} INFO - 	at java.base/java.lang.Thread.run(Thread.java:829)
[2025-06-03T08:43:42.112+0000] {subprocess.py:93} INFO - 
[2025-06-03T08:43:42.212+0000] {subprocess.py:93} INFO - 25/06/03 08:43:42 INFO SparkContext: Invoking stop() from shutdown hook
[2025-06-03T08:43:42.213+0000] {subprocess.py:93} INFO - 25/06/03 08:43:42 INFO SparkContext: SparkContext is stopping with exitCode 0.
[2025-06-03T08:43:42.284+0000] {subprocess.py:93} INFO - 25/06/03 08:43:42 INFO SparkUI: Stopped Spark web UI at http://86069ee61878:4040
[2025-06-03T08:43:42.427+0000] {subprocess.py:93} INFO - 25/06/03 08:43:42 INFO MapOutputTrackerMasterEndpoint: MapOutputTrackerMasterEndpoint stopped!
[2025-06-03T08:43:42.482+0000] {subprocess.py:93} INFO - 25/06/03 08:43:42 INFO MemoryStore: MemoryStore cleared
[2025-06-03T08:43:42.482+0000] {subprocess.py:93} INFO - 25/06/03 08:43:42 INFO BlockManager: BlockManager stopped
[2025-06-03T08:43:42.493+0000] {subprocess.py:93} INFO - 25/06/03 08:43:42 INFO BlockManagerMaster: BlockManagerMaster stopped
[2025-06-03T08:43:42.529+0000] {subprocess.py:93} INFO - 25/06/03 08:43:42 INFO OutputCommitCoordinator$OutputCommitCoordinatorEndpoint: OutputCommitCoordinator stopped!
[2025-06-03T08:43:42.539+0000] {subprocess.py:93} INFO - 25/06/03 08:43:42 INFO SparkContext: Successfully stopped SparkContext
[2025-06-03T08:43:42.539+0000] {subprocess.py:93} INFO - 25/06/03 08:43:42 INFO ShutdownHookManager: Shutdown hook called
[2025-06-03T08:43:42.540+0000] {subprocess.py:93} INFO - 25/06/03 08:43:42 INFO ShutdownHookManager: Deleting directory /tmp/spark-58974333-841c-4ad7-9208-c34e7c6c1ea9
[2025-06-03T08:43:42.543+0000] {subprocess.py:93} INFO - 25/06/03 08:43:42 INFO ShutdownHookManager: Deleting directory /tmp/spark-fab0ad4e-d9eb-449a-bcfd-3f66a696afa0
[2025-06-03T08:43:42.546+0000] {subprocess.py:93} INFO - 25/06/03 08:43:42 INFO ShutdownHookManager: Deleting directory /tmp/spark-58974333-841c-4ad7-9208-c34e7c6c1ea9/pyspark-86a41037-213a-46db-bfed-af218ce6e4d1
[2025-06-03T08:43:42.588+0000] {subprocess.py:97} INFO - Command exited with return code 1
[2025-06-03T08:43:42.602+0000] {taskinstance.py:2698} ERROR - Task failed with exception
Traceback (most recent call last):
  File "/home/airflow/.local/lib/python3.10/site-packages/airflow/models/taskinstance.py", line 433, in _execute_task
    result = execute_callable(context=context, **execute_callable_kwargs)
  File "/home/airflow/.local/lib/python3.10/site-packages/airflow/operators/bash.py", line 212, in execute
    raise AirflowException(
airflow.exceptions.AirflowException: Bash command failed. The command returned a non-zero exit code 1.
[2025-06-03T08:43:42.629+0000] {taskinstance.py:1138} INFO - Marking task as FAILED. dag_id=ingest_raw_data_asia, task_id=extract_asia_asia_categories, execution_date=20250603T083813, start_date=20250603T084331, end_date=20250603T084342
[2025-06-03T08:43:42.735+0000] {standard_task_runner.py:107} ERROR - Failed to execute job 302 for task extract_asia_asia_categories (Bash command failed. The command returned a non-zero exit code 1.; 764)
[2025-06-03T08:43:42.763+0000] {local_task_job_runner.py:234} INFO - Task exited with return code 1
[2025-06-03T08:43:42.782+0000] {taskinstance.py:3280} INFO - 0 downstream tasks scheduled from follow-on schedule check
