[2025-06-10T07:00:26.147+0000] {taskinstance.py:1956} INFO - Dependencies all met for dep_context=non-requeueable deps ti=<TaskInstance: multi_region_to_snowflake.process_region_asia.process_products_asia scheduled__2025-06-09T00:00:00+00:00 [queued]>
[2025-06-10T07:00:26.171+0000] {taskinstance.py:1956} INFO - Dependencies all met for dep_context=requeueable deps ti=<TaskInstance: multi_region_to_snowflake.process_region_asia.process_products_asia scheduled__2025-06-09T00:00:00+00:00 [queued]>
[2025-06-10T07:00:26.172+0000] {taskinstance.py:2170} INFO - Starting attempt 1 of 2
[2025-06-10T07:00:26.209+0000] {taskinstance.py:2191} INFO - Executing <Task(_PythonDecoratedOperator): process_region_asia.process_products_asia> on 2025-06-09 00:00:00+00:00
[2025-06-10T07:00:26.218+0000] {standard_task_runner.py:60} INFO - Started process 1918 to run task
[2025-06-10T07:00:26.224+0000] {standard_task_runner.py:87} INFO - Running: ['airflow', 'tasks', 'run', 'multi_region_to_snowflake', 'process_region_asia.process_products_asia', 'scheduled__2025-06-09T00:00:00+00:00', '--job-id', '950', '--raw', '--subdir', 'DAGS_FOLDER/master_dag.py', '--cfg-path', '/tmp/tmps4lsgft3']
[2025-06-10T07:00:26.227+0000] {standard_task_runner.py:88} INFO - Job 950: Subtask process_region_asia.process_products_asia
[2025-06-10T07:00:26.403+0000] {task_command.py:423} INFO - Running <TaskInstance: multi_region_to_snowflake.process_region_asia.process_products_asia scheduled__2025-06-09T00:00:00+00:00 [running]> on host 180d0d52c3ad
[2025-06-10T07:00:26.708+0000] {taskinstance.py:2480} INFO - Exporting env vars: AIRFLOW_CTX_DAG_OWNER='data-team' AIRFLOW_CTX_DAG_ID='multi_region_to_snowflake' AIRFLOW_CTX_TASK_ID='process_region_asia.process_products_asia' AIRFLOW_CTX_EXECUTION_DATE='2025-06-09T00:00:00+00:00' AIRFLOW_CTX_TRY_NUMBER='1' AIRFLOW_CTX_DAG_RUN_ID='scheduled__2025-06-09T00:00:00+00:00'
[2025-06-10T07:00:39.361+0000] {logging_mixin.py:188} INFO - Processing products for region asia
[2025-06-10T07:00:49.582+0000] {logging_mixin.py:188} INFO - STAGING_ASIA
[2025-06-10T07:00:57.965+0000] {logging_mixin.py:188} INFO - +----------+-----------+----------------+--------------------+-----------+---------+--------+---------+------------------+--------+------------------+---------+-------------------+-------+--------+
|product_id|product_sku|    product_name| product_description|category_id|price_jpy|cost_jpy|weight_kg|         length_cm|width_cm|         height_cm|is_active|         created_at|_region| _source|
+----------+-----------+----------------+--------------------+-----------+---------+--------+---------+------------------+--------+------------------+---------+-------------------+-------+--------+
|         1|JP-ITEM-001|   Iphone 15 Pro|Latest Apple smar...|          2|   149800|   95000|     0.19|14.669999999999998|    7.15|              0.78|     true|2024-01-15 08:30:45|   asia|postgres|
|         2|JP-ITEM-002|  Macbook Air M2|Apple MacBook Air...|          3|   158000|   98000|     1.24|30.410000000000004|    21.5|1.1300000000000001|     true|2024-01-16 00:00:00|   asia|postgres|
|         3|JP-ITEM-003|   Playstation 5|Sony PlayStation ...|          4|    59800|   42000|     4.50|              39.0|    26.0|              10.4|     true|2024-01-17 00:00:00|   asia|postgres|
|         4|JP-ITEM-004|  Cotton T-shirt|Premium cotton t-...|          6|     3500|    1200|     0.18|              NULL|    NULL|              NULL|     true|               NULL|   asia|postgres|
|         5|JP-ITEM-005|    Summer Dress|Elegant summer dr...|          7|     8900|    3500|     0.30|              NULL|    NULL|              NULL|     true|2024-01-19 00:00:00|   asia|postgres|
|         6|JP-ITEM-006|    Leather Sofa|Premium leather 3...|          9|   198000|   95000|    85.00|             220.0|    90.0|              85.0|     true|2024-01-20 00:00:00|   asia|postgres|
|         7|JP-ITEM-007|Manga Collection|Complete manga se...|         10|    12500|    6000|     2.50|              18.0|    12.0|              20.0|     true|2024-01-21 00:00:00|   asia|postgres|
|         8|JP-ITEM-008|    Facial Serum|Premium anti-agin...|         11|     9800|    3000|     0.05|              12.0|     4.0|               4.0|     true|2024-01-22 00:00:00|   asia|postgres|
|         9|JP-ITEM-009|   Mountain Bike|Professional moun...|         12|    89000|   45000|    12.50|             170.0|    65.0|             110.0|     true|2024-01-23 00:00:00|   asia|postgres|
|        10|JP-ITEM-010|Gundam Model Kit|Detailed Gundam p...|         14|     4500|    2200|     0.35|              30.0|    25.0|              10.0|     true|               NULL|   asia|postgres|
+----------+-----------+----------------+--------------------+-----------+---------+--------+---------+------------------+--------+------------------+---------+-------------------+-------+--------+
only showing top 10 rows
[2025-06-10T07:00:57.965+0000] {logging_mixin.py:188} INFO - Inserting into snowflake
[2025-06-10T07:01:30.956+0000] {logging_mixin.py:188} INFO - Error processing products for asia: An error occurred while calling o126.save.
: org.apache.spark.SparkException: Job aborted due to stage failure: Task 0 in stage 2.0 failed 1 times, most recent failure: Lost task 0.0 in stage 2.0 (TID 2) (180d0d52c3ad executor driver): net.snowflake.client.jdbc.internal.amazonaws.SdkClientException: Unable to execute HTTP request: sfc-prod3-ds1-85-customer-stage.s3.us-west-2.amazonaws.com
	at net.snowflake.client.jdbc.internal.amazonaws.http.AmazonHttpClient$RequestExecutor.handleRetryableException(AmazonHttpClient.java:1134)
	at net.snowflake.client.jdbc.internal.amazonaws.http.AmazonHttpClient$RequestExecutor.executeHelper(AmazonHttpClient.java:1080)
	at net.snowflake.client.jdbc.internal.amazonaws.http.AmazonHttpClient$RequestExecutor.doExecute(AmazonHttpClient.java:745)
	at net.snowflake.client.jdbc.internal.amazonaws.http.AmazonHttpClient$RequestExecutor.executeWithTimer(AmazonHttpClient.java:719)
	at net.snowflake.client.jdbc.internal.amazonaws.http.AmazonHttpClient$RequestExecutor.execute(AmazonHttpClient.java:701)
	at net.snowflake.client.jdbc.internal.amazonaws.http.AmazonHttpClient$RequestExecutor.access$500(AmazonHttpClient.java:669)
	at net.snowflake.client.jdbc.internal.amazonaws.http.AmazonHttpClient$RequestExecutionBuilderImpl.execute(AmazonHttpClient.java:651)
	at net.snowflake.client.jdbc.internal.amazonaws.http.AmazonHttpClient.execute(AmazonHttpClient.java:515)
	at net.snowflake.client.jdbc.internal.amazonaws.services.s3.AmazonS3Client.invoke(AmazonS3Client.java:4443)
	at net.snowflake.client.jdbc.internal.amazonaws.services.s3.AmazonS3Client.invoke(AmazonS3Client.java:4390)
	at net.snowflake.client.jdbc.internal.amazonaws.services.s3.AmazonS3Client.putObject(AmazonS3Client.java:1774)
	at net.snowflake.client.jdbc.internal.amazonaws.services.s3.AmazonS3Client.putObject(AmazonS3Client.java:1635)
	at net.snowflake.spark.snowflake.io.S3UploadOutputStream.uploadDataChunk(CloudStorageOperations.scala:2029)
	at net.snowflake.spark.snowflake.io.S3UploadOutputStream.close(CloudStorageOperations.scala:2162)
	at java.base/javax.crypto.CipherOutputStream.close(CipherOutputStream.java:220)
	at java.base/java.util.zip.DeflaterOutputStream.close(DeflaterOutputStream.java:250)
	at net.snowflake.spark.snowflake.io.CloudStorage.doUploadPartition(CloudStorageOperations.scala:703)
	at net.snowflake.spark.snowflake.io.CloudStorage.uploadPartition(CloudStorageOperations.scala:611)
	at net.snowflake.spark.snowflake.io.CloudStorage.uploadPartition$(CloudStorageOperations.scala:594)
	at net.snowflake.spark.snowflake.io.InternalS3Storage.uploadPartition(CloudStorageOperations.scala:1324)
	at net.snowflake.spark.snowflake.io.CloudStorage.$anonfun$uploadRDD$2(CloudStorageOperations.scala:806)
	at net.snowflake.spark.snowflake.io.CloudStorage.$anonfun$uploadRDD$2$adapted(CloudStorageOperations.scala:796)
	at org.apache.spark.rdd.RDD.$anonfun$mapPartitionsWithIndex$2(RDD.scala:910)
	at org.apache.spark.rdd.RDD.$anonfun$mapPartitionsWithIndex$2$adapted(RDD.scala:910)
	at org.apache.spark.rdd.MapPartitionsRDD.compute(MapPartitionsRDD.scala:52)
	at org.apache.spark.rdd.RDD.computeOrReadCheckpoint(RDD.scala:367)
	at org.apache.spark.rdd.RDD.iterator(RDD.scala:331)
	at org.apache.spark.scheduler.ResultTask.runTask(ResultTask.scala:93)
	at org.apache.spark.TaskContext.runTaskWithListeners(TaskContext.scala:166)
	at org.apache.spark.scheduler.Task.run(Task.scala:141)
	at org.apache.spark.executor.Executor$TaskRunner.$anonfun$run$4(Executor.scala:621)
	at org.apache.spark.util.SparkErrorUtils.tryWithSafeFinally(SparkErrorUtils.scala:64)
	at org.apache.spark.util.SparkErrorUtils.tryWithSafeFinally$(SparkErrorUtils.scala:61)
	at org.apache.spark.util.Utils$.tryWithSafeFinally(Utils.scala:94)
	at org.apache.spark.executor.Executor$TaskRunner.run(Executor.scala:624)
	at java.base/java.util.concurrent.ThreadPoolExecutor.runWorker(ThreadPoolExecutor.java:1128)
	at java.base/java.util.concurrent.ThreadPoolExecutor$Worker.run(ThreadPoolExecutor.java:628)
	at java.base/java.lang.Thread.run(Thread.java:829)
Caused by: java.net.UnknownHostException: sfc-prod3-ds1-85-customer-stage.s3.us-west-2.amazonaws.com
	at java.base/java.net.InetAddress$CachedAddresses.get(InetAddress.java:797)
	at java.base/java.net.InetAddress.getAllByName0(InetAddress.java:1533)
	at java.base/java.net.InetAddress.getAllByName(InetAddress.java:1386)
	at java.base/java.net.InetAddress.getAllByName(InetAddress.java:1307)
	at net.snowflake.client.jdbc.internal.amazonaws.SystemDefaultDnsResolver.resolve(SystemDefaultDnsResolver.java:27)
	at net.snowflake.client.jdbc.internal.amazonaws.http.DelegatingDnsResolver.resolve(DelegatingDnsResolver.java:38)
	at net.snowflake.client.jdbc.internal.apache.http.impl.conn.DefaultHttpClientConnectionOperator.connect(DefaultHttpClientConnectionOperator.java:112)
	at net.snowflake.client.jdbc.internal.apache.http.impl.conn.PoolingHttpClientConnectionManager.connect(PoolingHttpClientConnectionManager.java:376)
	at java.base/jdk.internal.reflect.NativeMethodAccessorImpl.invoke0(Native Method)
	at java.base/jdk.internal.reflect.NativeMethodAccessorImpl.invoke(NativeMethodAccessorImpl.java:62)
	at java.base/jdk.internal.reflect.DelegatingMethodAccessorImpl.invoke(DelegatingMethodAccessorImpl.java:43)
	at java.base/java.lang.reflect.Method.invoke(Method.java:566)
	at net.snowflake.client.jdbc.internal.amazonaws.http.conn.ClientConnectionManagerFactory$Handler.invoke(ClientConnectionManagerFactory.java:76)
	at net.snowflake.client.jdbc.internal.amazonaws.http.conn.$Proxy40.connect(Unknown Source)
	at net.snowflake.client.jdbc.internal.apache.http.impl.execchain.MainClientExec.establishRoute(MainClientExec.java:393)
	at net.snowflake.client.jdbc.internal.apache.http.impl.execchain.MainClientExec.execute(MainClientExec.java:236)
	at net.snowflake.client.jdbc.internal.apache.http.impl.execchain.ProtocolExec.execute(ProtocolExec.java:186)
	at net.snowflake.client.jdbc.internal.apache.http.impl.client.InternalHttpClient.doExecute(InternalHttpClient.java:185)
	at net.snowflake.client.jdbc.internal.apache.http.impl.client.CloseableHttpClient.execute(CloseableHttpClient.java:83)
	at net.snowflake.client.jdbc.internal.apache.http.impl.client.CloseableHttpClient.execute(CloseableHttpClient.java:56)
	at net.snowflake.client.jdbc.internal.amazonaws.http.apache.client.impl.SdkHttpClient.execute(SdkHttpClient.java:72)
	at net.snowflake.client.jdbc.internal.amazonaws.http.AmazonHttpClient$RequestExecutor.executeOneRequest(AmazonHttpClient.java:1256)
	at net.snowflake.client.jdbc.internal.amazonaws.http.AmazonHttpClient$RequestExecutor.executeHelper(AmazonHttpClient.java:1072)
	... 36 more

Driver stacktrace:
	at org.apache.spark.scheduler.DAGScheduler.failJobAndIndependentStages(DAGScheduler.scala:2898)
	at org.apache.spark.scheduler.DAGScheduler.$anonfun$abortStage$2(DAGScheduler.scala:2834)
	at org.apache.spark.scheduler.DAGScheduler.$anonfun$abortStage$2$adapted(DAGScheduler.scala:2833)
	at scala.collection.mutable.ResizableArray.foreach(ResizableArray.scala:62)
	at scala.collection.mutable.ResizableArray.foreach$(ResizableArray.scala:55)
	at scala.collection.mutable.ArrayBuffer.foreach(ArrayBuffer.scala:49)
	at org.apache.spark.scheduler.DAGScheduler.abortStage(DAGScheduler.scala:2833)
	at org.apache.spark.scheduler.DAGScheduler.$anonfun$handleTaskSetFailed$1(DAGScheduler.scala:1253)
	at org.apache.spark.scheduler.DAGScheduler.$anonfun$handleTaskSetFailed$1$adapted(DAGScheduler.scala:1253)
	at scala.Option.foreach(Option.scala:407)
	at org.apache.spark.scheduler.DAGScheduler.handleTaskSetFailed(DAGScheduler.scala:1253)
	at org.apache.spark.scheduler.DAGSchedulerEventProcessLoop.doOnReceive(DAGScheduler.scala:3102)
	at org.apache.spark.scheduler.DAGSchedulerEventProcessLoop.onReceive(DAGScheduler.scala:3036)
	at org.apache.spark.scheduler.DAGSchedulerEventProcessLoop.onReceive(DAGScheduler.scala:3025)
	at org.apache.spark.util.EventLoop$$anon$1.run(EventLoop.scala:49)
	at org.apache.spark.scheduler.DAGScheduler.runJob(DAGScheduler.scala:995)
	at org.apache.spark.SparkContext.runJob(SparkContext.scala:2393)
	at org.apache.spark.SparkContext.runJob(SparkContext.scala:2414)
	at org.apache.spark.SparkContext.runJob(SparkContext.scala:2433)
	at org.apache.spark.SparkContext.runJob(SparkContext.scala:2458)
	at org.apache.spark.rdd.RDD.$anonfun$collect$1(RDD.scala:1049)
	at org.apache.spark.rdd.RDDOperationScope$.withScope(RDDOperationScope.scala:151)
	at org.apache.spark.rdd.RDDOperationScope$.withScope(RDDOperationScope.scala:112)
	at org.apache.spark.rdd.RDD.withScope(RDD.scala:410)
	at org.apache.spark.rdd.RDD.collect(RDD.scala:1048)
	at net.snowflake.spark.snowflake.io.CloudStorage.uploadRDD(CloudStorageOperations.scala:813)
	at net.snowflake.spark.snowflake.io.CloudStorage.uploadRDD$(CloudStorageOperations.scala:774)
	at net.snowflake.spark.snowflake.io.InternalS3Storage.uploadRDD(CloudStorageOperations.scala:1324)
	at net.snowflake.spark.snowflake.io.CloudStorage.upload(CloudStorageOperations.scala:566)
	at net.snowflake.spark.snowflake.io.CloudStorage.upload$(CloudStorageOperations.scala:562)
	at net.snowflake.spark.snowflake.io.InternalS3Storage.upload(CloudStorageOperations.scala:1324)
	at net.snowflake.spark.snowflake.io.StageWriter$.writeToStage(StageWriter.scala:219)
	at net.snowflake.spark.snowflake.io.package$.writeRDD(package.scala:51)
	at net.snowflake.spark.snowflake.SnowflakeWriter.save(SnowflakeWriter.scala:73)
	at net.snowflake.spark.snowflake.DefaultSource.createRelation(DefaultSource.scala:137)
	at org.apache.spark.sql.execution.datasources.SaveIntoDataSourceCommand.run(SaveIntoDataSourceCommand.scala:48)
	at org.apache.spark.sql.execution.command.ExecutedCommandExec.sideEffectResult$lzycompute(commands.scala:75)
	at org.apache.spark.sql.execution.command.ExecutedCommandExec.sideEffectResult(commands.scala:73)
	at org.apache.spark.sql.execution.command.ExecutedCommandExec.executeCollect(commands.scala:84)
	at org.apache.spark.sql.execution.QueryExecution$$anonfun$eagerlyExecuteCommands$1.$anonfun$applyOrElse$1(QueryExecution.scala:107)
	at org.apache.spark.sql.execution.SQLExecution$.$anonfun$withNewExecutionId$6(SQLExecution.scala:125)
	at org.apache.spark.sql.execution.SQLExecution$.withSQLConfPropagated(SQLExecution.scala:201)
	at org.apache.spark.sql.execution.SQLExecution$.$anonfun$withNewExecutionId$1(SQLExecution.scala:108)
	at org.apache.spark.sql.SparkSession.withActive(SparkSession.scala:900)
	at org.apache.spark.sql.execution.SQLExecution$.withNewExecutionId(SQLExecution.scala:66)
	at org.apache.spark.sql.execution.QueryExecution$$anonfun$eagerlyExecuteCommands$1.applyOrElse(QueryExecution.scala:107)
	at org.apache.spark.sql.execution.QueryExecution$$anonfun$eagerlyExecuteCommands$1.applyOrElse(QueryExecution.scala:98)
	at org.apache.spark.sql.catalyst.trees.TreeNode.$anonfun$transformDownWithPruning$1(TreeNode.scala:461)
	at org.apache.spark.sql.catalyst.trees.CurrentOrigin$.withOrigin(origin.scala:76)
	at org.apache.spark.sql.catalyst.trees.TreeNode.transformDownWithPruning(TreeNode.scala:461)
	at org.apache.spark.sql.catalyst.plans.logical.LogicalPlan.org$apache$spark$sql$catalyst$plans$logical$AnalysisHelper$$super$transformDownWithPruning(LogicalPlan.scala:32)
	at org.apache.spark.sql.catalyst.plans.logical.AnalysisHelper.transformDownWithPruning(AnalysisHelper.scala:267)
	at org.apache.spark.sql.catalyst.plans.logical.AnalysisHelper.transformDownWithPruning$(AnalysisHelper.scala:263)
	at org.apache.spark.sql.catalyst.plans.logical.LogicalPlan.transformDownWithPruning(LogicalPlan.scala:32)
	at org.apache.spark.sql.catalyst.plans.logical.LogicalPlan.transformDownWithPruning(LogicalPlan.scala:32)
	at org.apache.spark.sql.catalyst.trees.TreeNode.transformDown(TreeNode.scala:437)
	at org.apache.spark.sql.execution.QueryExecution.eagerlyExecuteCommands(QueryExecution.scala:98)
	at org.apache.spark.sql.execution.QueryExecution.commandExecuted$lzycompute(QueryExecution.scala:85)
	at org.apache.spark.sql.execution.QueryExecution.commandExecuted(QueryExecution.scala:83)
	at org.apache.spark.sql.execution.QueryExecution.assertCommandExecuted(QueryExecution.scala:142)
	at org.apache.spark.sql.DataFrameWriter.runCommand(DataFrameWriter.scala:869)
	at org.apache.spark.sql.DataFrameWriter.saveToV1Source(DataFrameWriter.scala:391)
	at org.apache.spark.sql.DataFrameWriter.saveInternal(DataFrameWriter.scala:364)
	at org.apache.spark.sql.DataFrameWriter.save(DataFrameWriter.scala:251)
	at java.base/jdk.internal.reflect.NativeMethodAccessorImpl.invoke0(Native Method)
	at java.base/jdk.internal.reflect.NativeMethodAccessorImpl.invoke(NativeMethodAccessorImpl.java:62)
	at java.base/jdk.internal.reflect.DelegatingMethodAccessorImpl.invoke(DelegatingMethodAccessorImpl.java:43)
	at java.base/java.lang.reflect.Method.invoke(Method.java:566)
	at py4j.reflection.MethodInvoker.invoke(MethodInvoker.java:244)
	at py4j.reflection.ReflectionEngine.invoke(ReflectionEngine.java:374)
	at py4j.Gateway.invoke(Gateway.java:282)
	at py4j.commands.AbstractCommand.invokeMethod(AbstractCommand.java:132)
	at py4j.commands.CallCommand.execute(CallCommand.java:79)
	at py4j.ClientServerConnection.waitForCommands(ClientServerConnection.java:182)
	at py4j.ClientServerConnection.run(ClientServerConnection.java:106)
	at java.base/java.lang.Thread.run(Thread.java:829)
Caused by: net.snowflake.client.jdbc.internal.amazonaws.SdkClientException: Unable to execute HTTP request: sfc-prod3-ds1-85-customer-stage.s3.us-west-2.amazonaws.com
	at net.snowflake.client.jdbc.internal.amazonaws.http.AmazonHttpClient$RequestExecutor.handleRetryableException(AmazonHttpClient.java:1134)
	at net.snowflake.client.jdbc.internal.amazonaws.http.AmazonHttpClient$RequestExecutor.executeHelper(AmazonHttpClient.java:1080)
	at net.snowflake.client.jdbc.internal.amazonaws.http.AmazonHttpClient$RequestExecutor.doExecute(AmazonHttpClient.java:745)
	at net.snowflake.client.jdbc.internal.amazonaws.http.AmazonHttpClient$RequestExecutor.executeWithTimer(AmazonHttpClient.java:719)
	at net.snowflake.client.jdbc.internal.amazonaws.http.AmazonHttpClient$RequestExecutor.execute(AmazonHttpClient.java:701)
	at net.snowflake.client.jdbc.internal.amazonaws.http.AmazonHttpClient$RequestExecutor.access$500(AmazonHttpClient.java:669)
	at net.snowflake.client.jdbc.internal.amazonaws.http.AmazonHttpClient$RequestExecutionBuilderImpl.execute(AmazonHttpClient.java:651)
	at net.snowflake.client.jdbc.internal.amazonaws.http.AmazonHttpClient.execute(AmazonHttpClient.java:515)
	at net.snowflake.client.jdbc.internal.amazonaws.services.s3.AmazonS3Client.invoke(AmazonS3Client.java:4443)
	at net.snowflake.client.jdbc.internal.amazonaws.services.s3.AmazonS3Client.invoke(AmazonS3Client.java:4390)
	at net.snowflake.client.jdbc.internal.amazonaws.services.s3.AmazonS3Client.putObject(AmazonS3Client.java:1774)
	at net.snowflake.client.jdbc.internal.amazonaws.services.s3.AmazonS3Client.putObject(AmazonS3Client.java:1635)
	at net.snowflake.spark.snowflake.io.S3UploadOutputStream.uploadDataChunk(CloudStorageOperations.scala:2029)
	at net.snowflake.spark.snowflake.io.S3UploadOutputStream.close(CloudStorageOperations.scala:2162)
	at java.base/javax.crypto.CipherOutputStream.close(CipherOutputStream.java:220)
	at java.base/java.util.zip.DeflaterOutputStream.close(DeflaterOutputStream.java:250)
	at net.snowflake.spark.snowflake.io.CloudStorage.doUploadPartition(CloudStorageOperations.scala:703)
	at net.snowflake.spark.snowflake.io.CloudStorage.uploadPartition(CloudStorageOperations.scala:611)
	at net.snowflake.spark.snowflake.io.CloudStorage.uploadPartition$(CloudStorageOperations.scala:594)
	at net.snowflake.spark.snowflake.io.InternalS3Storage.uploadPartition(CloudStorageOperations.scala:1324)
	at net.snowflake.spark.snowflake.io.CloudStorage.$anonfun$uploadRDD$2(CloudStorageOperations.scala:806)
	at net.snowflake.spark.snowflake.io.CloudStorage.$anonfun$uploadRDD$2$adapted(CloudStorageOperations.scala:796)
	at org.apache.spark.rdd.RDD.$anonfun$mapPartitionsWithIndex$2(RDD.scala:910)
	at org.apache.spark.rdd.RDD.$anonfun$mapPartitionsWithIndex$2$adapted(RDD.scala:910)
	at org.apache.spark.rdd.MapPartitionsRDD.compute(MapPartitionsRDD.scala:52)
	at org.apache.spark.rdd.RDD.computeOrReadCheckpoint(RDD.scala:367)
	at org.apache.spark.rdd.RDD.iterator(RDD.scala:331)
	at org.apache.spark.scheduler.ResultTask.runTask(ResultTask.scala:93)
	at org.apache.spark.TaskContext.runTaskWithListeners(TaskContext.scala:166)
	at org.apache.spark.scheduler.Task.run(Task.scala:141)
	at org.apache.spark.executor.Executor$TaskRunner.$anonfun$run$4(Executor.scala:621)
	at org.apache.spark.util.SparkErrorUtils.tryWithSafeFinally(SparkErrorUtils.scala:64)
	at org.apache.spark.util.SparkErrorUtils.tryWithSafeFinally$(SparkErrorUtils.scala:61)
	at org.apache.spark.util.Utils$.tryWithSafeFinally(Utils.scala:94)
	at org.apache.spark.executor.Executor$TaskRunner.run(Executor.scala:624)
	at java.base/java.util.concurrent.ThreadPoolExecutor.runWorker(ThreadPoolExecutor.java:1128)
	at java.base/java.util.concurrent.ThreadPoolExecutor$Worker.run(ThreadPoolExecutor.java:628)
	... 1 more
Caused by: java.net.UnknownHostException: sfc-prod3-ds1-85-customer-stage.s3.us-west-2.amazonaws.com
	at java.base/java.net.InetAddress$CachedAddresses.get(InetAddress.java:797)
	at java.base/java.net.InetAddress.getAllByName0(InetAddress.java:1533)
	at java.base/java.net.InetAddress.getAllByName(InetAddress.java:1386)
	at java.base/java.net.InetAddress.getAllByName(InetAddress.java:1307)
	at net.snowflake.client.jdbc.internal.amazonaws.SystemDefaultDnsResolver.resolve(SystemDefaultDnsResolver.java:27)
	at net.snowflake.client.jdbc.internal.amazonaws.http.DelegatingDnsResolver.resolve(DelegatingDnsResolver.java:38)
	at net.snowflake.client.jdbc.internal.apache.http.impl.conn.DefaultHttpClientConnectionOperator.connect(DefaultHttpClientConnectionOperator.java:112)
	at net.snowflake.client.jdbc.internal.apache.http.impl.conn.PoolingHttpClientConnectionManager.connect(PoolingHttpClientConnectionManager.java:376)
	at java.base/jdk.internal.reflect.NativeMethodAccessorImpl.invoke0(Native Method)
	at java.base/jdk.internal.reflect.NativeMethodAccessorImpl.invoke(NativeMethodAccessorImpl.java:62)
	at java.base/jdk.internal.reflect.DelegatingMethodAccessorImpl.invoke(DelegatingMethodAccessorImpl.java:43)
	at java.base/java.lang.reflect.Method.invoke(Method.java:566)
	at net.snowflake.client.jdbc.internal.amazonaws.http.conn.ClientConnectionManagerFactory$Handler.invoke(ClientConnectionManagerFactory.java:76)
	at net.snowflake.client.jdbc.internal.amazonaws.http.conn.$Proxy40.connect(Unknown Source)
	at net.snowflake.client.jdbc.internal.apache.http.impl.execchain.MainClientExec.establishRoute(MainClientExec.java:393)
	at net.snowflake.client.jdbc.internal.apache.http.impl.execchain.MainClientExec.execute(MainClientExec.java:236)
	at net.snowflake.client.jdbc.internal.apache.http.impl.execchain.ProtocolExec.execute(ProtocolExec.java:186)
	at net.snowflake.client.jdbc.internal.apache.http.impl.client.InternalHttpClient.doExecute(InternalHttpClient.java:185)
	at net.snowflake.client.jdbc.internal.apache.http.impl.client.CloseableHttpClient.execute(CloseableHttpClient.java:83)
	at net.snowflake.client.jdbc.internal.apache.http.impl.client.CloseableHttpClient.execute(CloseableHttpClient.java:56)
	at net.snowflake.client.jdbc.internal.amazonaws.http.apache.client.impl.SdkHttpClient.execute(SdkHttpClient.java:72)
	at net.snowflake.client.jdbc.internal.amazonaws.http.AmazonHttpClient$RequestExecutor.executeOneRequest(AmazonHttpClient.java:1256)
	at net.snowflake.client.jdbc.internal.amazonaws.http.AmazonHttpClient$RequestExecutor.executeHelper(AmazonHttpClient.java:1072)
	... 36 more
[2025-06-10T07:01:31.869+0000] {taskinstance.py:2698} ERROR - Task failed with exception
Traceback (most recent call last):
  File "/home/airflow/.local/lib/python3.10/site-packages/airflow/models/taskinstance.py", line 433, in _execute_task
    result = execute_callable(context=context, **execute_callable_kwargs)
  File "/home/airflow/.local/lib/python3.10/site-packages/airflow/decorators/base.py", line 241, in execute
    return_value = super().execute(context)
  File "/home/airflow/.local/lib/python3.10/site-packages/airflow/operators/python.py", line 199, in execute
    return_value = self.execute_callable()
  File "/home/airflow/.local/lib/python3.10/site-packages/airflow/operators/python.py", line 216, in execute_callable
    return self.python_callable(*self.op_args, **self.op_kwargs)
  File "/opt/airflow/dags/master_dag.py", line 209, in process_table
    write_to_snowflake(
  File "/opt/airflow/dags/master_dag.py", line 201, in write_to_snowflake
    ).mode("overwrite").save()
  File "/home/airflow/.local/lib/python3.10/site-packages/pyspark/sql/readwriter.py", line 1461, in save
    self._jwrite.save()
  File "/home/airflow/.local/lib/python3.10/site-packages/py4j/java_gateway.py", line 1322, in __call__
    return_value = get_return_value(
  File "/home/airflow/.local/lib/python3.10/site-packages/pyspark/errors/exceptions/captured.py", line 179, in deco
    return f(*a, **kw)
  File "/home/airflow/.local/lib/python3.10/site-packages/py4j/protocol.py", line 326, in get_return_value
    raise Py4JJavaError(
py4j.protocol.Py4JJavaError: An error occurred while calling o126.save.
: org.apache.spark.SparkException: Job aborted due to stage failure: Task 0 in stage 2.0 failed 1 times, most recent failure: Lost task 0.0 in stage 2.0 (TID 2) (180d0d52c3ad executor driver): net.snowflake.client.jdbc.internal.amazonaws.SdkClientException: Unable to execute HTTP request: sfc-prod3-ds1-85-customer-stage.s3.us-west-2.amazonaws.com
	at net.snowflake.client.jdbc.internal.amazonaws.http.AmazonHttpClient$RequestExecutor.handleRetryableException(AmazonHttpClient.java:1134)
	at net.snowflake.client.jdbc.internal.amazonaws.http.AmazonHttpClient$RequestExecutor.executeHelper(AmazonHttpClient.java:1080)
	at net.snowflake.client.jdbc.internal.amazonaws.http.AmazonHttpClient$RequestExecutor.doExecute(AmazonHttpClient.java:745)
	at net.snowflake.client.jdbc.internal.amazonaws.http.AmazonHttpClient$RequestExecutor.executeWithTimer(AmazonHttpClient.java:719)
	at net.snowflake.client.jdbc.internal.amazonaws.http.AmazonHttpClient$RequestExecutor.execute(AmazonHttpClient.java:701)
	at net.snowflake.client.jdbc.internal.amazonaws.http.AmazonHttpClient$RequestExecutor.access$500(AmazonHttpClient.java:669)
	at net.snowflake.client.jdbc.internal.amazonaws.http.AmazonHttpClient$RequestExecutionBuilderImpl.execute(AmazonHttpClient.java:651)
	at net.snowflake.client.jdbc.internal.amazonaws.http.AmazonHttpClient.execute(AmazonHttpClient.java:515)
	at net.snowflake.client.jdbc.internal.amazonaws.services.s3.AmazonS3Client.invoke(AmazonS3Client.java:4443)
	at net.snowflake.client.jdbc.internal.amazonaws.services.s3.AmazonS3Client.invoke(AmazonS3Client.java:4390)
	at net.snowflake.client.jdbc.internal.amazonaws.services.s3.AmazonS3Client.putObject(AmazonS3Client.java:1774)
	at net.snowflake.client.jdbc.internal.amazonaws.services.s3.AmazonS3Client.putObject(AmazonS3Client.java:1635)
	at net.snowflake.spark.snowflake.io.S3UploadOutputStream.uploadDataChunk(CloudStorageOperations.scala:2029)
	at net.snowflake.spark.snowflake.io.S3UploadOutputStream.close(CloudStorageOperations.scala:2162)
	at java.base/javax.crypto.CipherOutputStream.close(CipherOutputStream.java:220)
	at java.base/java.util.zip.DeflaterOutputStream.close(DeflaterOutputStream.java:250)
	at net.snowflake.spark.snowflake.io.CloudStorage.doUploadPartition(CloudStorageOperations.scala:703)
	at net.snowflake.spark.snowflake.io.CloudStorage.uploadPartition(CloudStorageOperations.scala:611)
	at net.snowflake.spark.snowflake.io.CloudStorage.uploadPartition$(CloudStorageOperations.scala:594)
	at net.snowflake.spark.snowflake.io.InternalS3Storage.uploadPartition(CloudStorageOperations.scala:1324)
	at net.snowflake.spark.snowflake.io.CloudStorage.$anonfun$uploadRDD$2(CloudStorageOperations.scala:806)
	at net.snowflake.spark.snowflake.io.CloudStorage.$anonfun$uploadRDD$2$adapted(CloudStorageOperations.scala:796)
	at org.apache.spark.rdd.RDD.$anonfun$mapPartitionsWithIndex$2(RDD.scala:910)
	at org.apache.spark.rdd.RDD.$anonfun$mapPartitionsWithIndex$2$adapted(RDD.scala:910)
	at org.apache.spark.rdd.MapPartitionsRDD.compute(MapPartitionsRDD.scala:52)
	at org.apache.spark.rdd.RDD.computeOrReadCheckpoint(RDD.scala:367)
	at org.apache.spark.rdd.RDD.iterator(RDD.scala:331)
	at org.apache.spark.scheduler.ResultTask.runTask(ResultTask.scala:93)
	at org.apache.spark.TaskContext.runTaskWithListeners(TaskContext.scala:166)
	at org.apache.spark.scheduler.Task.run(Task.scala:141)
	at org.apache.spark.executor.Executor$TaskRunner.$anonfun$run$4(Executor.scala:621)
	at org.apache.spark.util.SparkErrorUtils.tryWithSafeFinally(SparkErrorUtils.scala:64)
	at org.apache.spark.util.SparkErrorUtils.tryWithSafeFinally$(SparkErrorUtils.scala:61)
	at org.apache.spark.util.Utils$.tryWithSafeFinally(Utils.scala:94)
	at org.apache.spark.executor.Executor$TaskRunner.run(Executor.scala:624)
	at java.base/java.util.concurrent.ThreadPoolExecutor.runWorker(ThreadPoolExecutor.java:1128)
	at java.base/java.util.concurrent.ThreadPoolExecutor$Worker.run(ThreadPoolExecutor.java:628)
	at java.base/java.lang.Thread.run(Thread.java:829)
Caused by: java.net.UnknownHostException: sfc-prod3-ds1-85-customer-stage.s3.us-west-2.amazonaws.com
	at java.base/java.net.InetAddress$CachedAddresses.get(InetAddress.java:797)
	at java.base/java.net.InetAddress.getAllByName0(InetAddress.java:1533)
	at java.base/java.net.InetAddress.getAllByName(InetAddress.java:1386)
	at java.base/java.net.InetAddress.getAllByName(InetAddress.java:1307)
	at net.snowflake.client.jdbc.internal.amazonaws.SystemDefaultDnsResolver.resolve(SystemDefaultDnsResolver.java:27)
	at net.snowflake.client.jdbc.internal.amazonaws.http.DelegatingDnsResolver.resolve(DelegatingDnsResolver.java:38)
	at net.snowflake.client.jdbc.internal.apache.http.impl.conn.DefaultHttpClientConnectionOperator.connect(DefaultHttpClientConnectionOperator.java:112)
	at net.snowflake.client.jdbc.internal.apache.http.impl.conn.PoolingHttpClientConnectionManager.connect(PoolingHttpClientConnectionManager.java:376)
	at java.base/jdk.internal.reflect.NativeMethodAccessorImpl.invoke0(Native Method)
	at java.base/jdk.internal.reflect.NativeMethodAccessorImpl.invoke(NativeMethodAccessorImpl.java:62)
	at java.base/jdk.internal.reflect.DelegatingMethodAccessorImpl.invoke(DelegatingMethodAccessorImpl.java:43)
	at java.base/java.lang.reflect.Method.invoke(Method.java:566)
	at net.snowflake.client.jdbc.internal.amazonaws.http.conn.ClientConnectionManagerFactory$Handler.invoke(ClientConnectionManagerFactory.java:76)
	at net.snowflake.client.jdbc.internal.amazonaws.http.conn.$Proxy40.connect(Unknown Source)
	at net.snowflake.client.jdbc.internal.apache.http.impl.execchain.MainClientExec.establishRoute(MainClientExec.java:393)
	at net.snowflake.client.jdbc.internal.apache.http.impl.execchain.MainClientExec.execute(MainClientExec.java:236)
	at net.snowflake.client.jdbc.internal.apache.http.impl.execchain.ProtocolExec.execute(ProtocolExec.java:186)
	at net.snowflake.client.jdbc.internal.apache.http.impl.client.InternalHttpClient.doExecute(InternalHttpClient.java:185)
	at net.snowflake.client.jdbc.internal.apache.http.impl.client.CloseableHttpClient.execute(CloseableHttpClient.java:83)
	at net.snowflake.client.jdbc.internal.apache.http.impl.client.CloseableHttpClient.execute(CloseableHttpClient.java:56)
	at net.snowflake.client.jdbc.internal.amazonaws.http.apache.client.impl.SdkHttpClient.execute(SdkHttpClient.java:72)
	at net.snowflake.client.jdbc.internal.amazonaws.http.AmazonHttpClient$RequestExecutor.executeOneRequest(AmazonHttpClient.java:1256)
	at net.snowflake.client.jdbc.internal.amazonaws.http.AmazonHttpClient$RequestExecutor.executeHelper(AmazonHttpClient.java:1072)
	... 36 more

Driver stacktrace:
	at org.apache.spark.scheduler.DAGScheduler.failJobAndIndependentStages(DAGScheduler.scala:2898)
	at org.apache.spark.scheduler.DAGScheduler.$anonfun$abortStage$2(DAGScheduler.scala:2834)
	at org.apache.spark.scheduler.DAGScheduler.$anonfun$abortStage$2$adapted(DAGScheduler.scala:2833)
	at scala.collection.mutable.ResizableArray.foreach(ResizableArray.scala:62)
	at scala.collection.mutable.ResizableArray.foreach$(ResizableArray.scala:55)
	at scala.collection.mutable.ArrayBuffer.foreach(ArrayBuffer.scala:49)
	at org.apache.spark.scheduler.DAGScheduler.abortStage(DAGScheduler.scala:2833)
	at org.apache.spark.scheduler.DAGScheduler.$anonfun$handleTaskSetFailed$1(DAGScheduler.scala:1253)
	at org.apache.spark.scheduler.DAGScheduler.$anonfun$handleTaskSetFailed$1$adapted(DAGScheduler.scala:1253)
	at scala.Option.foreach(Option.scala:407)
	at org.apache.spark.scheduler.DAGScheduler.handleTaskSetFailed(DAGScheduler.scala:1253)
	at org.apache.spark.scheduler.DAGSchedulerEventProcessLoop.doOnReceive(DAGScheduler.scala:3102)
	at org.apache.spark.scheduler.DAGSchedulerEventProcessLoop.onReceive(DAGScheduler.scala:3036)
	at org.apache.spark.scheduler.DAGSchedulerEventProcessLoop.onReceive(DAGScheduler.scala:3025)
	at org.apache.spark.util.EventLoop$$anon$1.run(EventLoop.scala:49)
	at org.apache.spark.scheduler.DAGScheduler.runJob(DAGScheduler.scala:995)
	at org.apache.spark.SparkContext.runJob(SparkContext.scala:2393)
	at org.apache.spark.SparkContext.runJob(SparkContext.scala:2414)
	at org.apache.spark.SparkContext.runJob(SparkContext.scala:2433)
	at org.apache.spark.SparkContext.runJob(SparkContext.scala:2458)
	at org.apache.spark.rdd.RDD.$anonfun$collect$1(RDD.scala:1049)
	at org.apache.spark.rdd.RDDOperationScope$.withScope(RDDOperationScope.scala:151)
	at org.apache.spark.rdd.RDDOperationScope$.withScope(RDDOperationScope.scala:112)
	at org.apache.spark.rdd.RDD.withScope(RDD.scala:410)
	at org.apache.spark.rdd.RDD.collect(RDD.scala:1048)
	at net.snowflake.spark.snowflake.io.CloudStorage.uploadRDD(CloudStorageOperations.scala:813)
	at net.snowflake.spark.snowflake.io.CloudStorage.uploadRDD$(CloudStorageOperations.scala:774)
	at net.snowflake.spark.snowflake.io.InternalS3Storage.uploadRDD(CloudStorageOperations.scala:1324)
	at net.snowflake.spark.snowflake.io.CloudStorage.upload(CloudStorageOperations.scala:566)
	at net.snowflake.spark.snowflake.io.CloudStorage.upload$(CloudStorageOperations.scala:562)
	at net.snowflake.spark.snowflake.io.InternalS3Storage.upload(CloudStorageOperations.scala:1324)
	at net.snowflake.spark.snowflake.io.StageWriter$.writeToStage(StageWriter.scala:219)
	at net.snowflake.spark.snowflake.io.package$.writeRDD(package.scala:51)
	at net.snowflake.spark.snowflake.SnowflakeWriter.save(SnowflakeWriter.scala:73)
	at net.snowflake.spark.snowflake.DefaultSource.createRelation(DefaultSource.scala:137)
	at org.apache.spark.sql.execution.datasources.SaveIntoDataSourceCommand.run(SaveIntoDataSourceCommand.scala:48)
	at org.apache.spark.sql.execution.command.ExecutedCommandExec.sideEffectResult$lzycompute(commands.scala:75)
	at org.apache.spark.sql.execution.command.ExecutedCommandExec.sideEffectResult(commands.scala:73)
	at org.apache.spark.sql.execution.command.ExecutedCommandExec.executeCollect(commands.scala:84)
	at org.apache.spark.sql.execution.QueryExecution$$anonfun$eagerlyExecuteCommands$1.$anonfun$applyOrElse$1(QueryExecution.scala:107)
	at org.apache.spark.sql.execution.SQLExecution$.$anonfun$withNewExecutionId$6(SQLExecution.scala:125)
	at org.apache.spark.sql.execution.SQLExecution$.withSQLConfPropagated(SQLExecution.scala:201)
	at org.apache.spark.sql.execution.SQLExecution$.$anonfun$withNewExecutionId$1(SQLExecution.scala:108)
	at org.apache.spark.sql.SparkSession.withActive(SparkSession.scala:900)
	at org.apache.spark.sql.execution.SQLExecution$.withNewExecutionId(SQLExecution.scala:66)
	at org.apache.spark.sql.execution.QueryExecution$$anonfun$eagerlyExecuteCommands$1.applyOrElse(QueryExecution.scala:107)
	at org.apache.spark.sql.execution.QueryExecution$$anonfun$eagerlyExecuteCommands$1.applyOrElse(QueryExecution.scala:98)
	at org.apache.spark.sql.catalyst.trees.TreeNode.$anonfun$transformDownWithPruning$1(TreeNode.scala:461)
	at org.apache.spark.sql.catalyst.trees.CurrentOrigin$.withOrigin(origin.scala:76)
	at org.apache.spark.sql.catalyst.trees.TreeNode.transformDownWithPruning(TreeNode.scala:461)
	at org.apache.spark.sql.catalyst.plans.logical.LogicalPlan.org$apache$spark$sql$catalyst$plans$logical$AnalysisHelper$$super$transformDownWithPruning(LogicalPlan.scala:32)
	at org.apache.spark.sql.catalyst.plans.logical.AnalysisHelper.transformDownWithPruning(AnalysisHelper.scala:267)
	at org.apache.spark.sql.catalyst.plans.logical.AnalysisHelper.transformDownWithPruning$(AnalysisHelper.scala:263)
	at org.apache.spark.sql.catalyst.plans.logical.LogicalPlan.transformDownWithPruning(LogicalPlan.scala:32)
	at org.apache.spark.sql.catalyst.plans.logical.LogicalPlan.transformDownWithPruning(LogicalPlan.scala:32)
	at org.apache.spark.sql.catalyst.trees.TreeNode.transformDown(TreeNode.scala:437)
	at org.apache.spark.sql.execution.QueryExecution.eagerlyExecuteCommands(QueryExecution.scala:98)
	at org.apache.spark.sql.execution.QueryExecution.commandExecuted$lzycompute(QueryExecution.scala:85)
	at org.apache.spark.sql.execution.QueryExecution.commandExecuted(QueryExecution.scala:83)
	at org.apache.spark.sql.execution.QueryExecution.assertCommandExecuted(QueryExecution.scala:142)
	at org.apache.spark.sql.DataFrameWriter.runCommand(DataFrameWriter.scala:869)
	at org.apache.spark.sql.DataFrameWriter.saveToV1Source(DataFrameWriter.scala:391)
	at org.apache.spark.sql.DataFrameWriter.saveInternal(DataFrameWriter.scala:364)
	at org.apache.spark.sql.DataFrameWriter.save(DataFrameWriter.scala:251)
	at java.base/jdk.internal.reflect.NativeMethodAccessorImpl.invoke0(Native Method)
	at java.base/jdk.internal.reflect.NativeMethodAccessorImpl.invoke(NativeMethodAccessorImpl.java:62)
	at java.base/jdk.internal.reflect.DelegatingMethodAccessorImpl.invoke(DelegatingMethodAccessorImpl.java:43)
	at java.base/java.lang.reflect.Method.invoke(Method.java:566)
	at py4j.reflection.MethodInvoker.invoke(MethodInvoker.java:244)
	at py4j.reflection.ReflectionEngine.invoke(ReflectionEngine.java:374)
	at py4j.Gateway.invoke(Gateway.java:282)
	at py4j.commands.AbstractCommand.invokeMethod(AbstractCommand.java:132)
	at py4j.commands.CallCommand.execute(CallCommand.java:79)
	at py4j.ClientServerConnection.waitForCommands(ClientServerConnection.java:182)
	at py4j.ClientServerConnection.run(ClientServerConnection.java:106)
	at java.base/java.lang.Thread.run(Thread.java:829)
Caused by: net.snowflake.client.jdbc.internal.amazonaws.SdkClientException: Unable to execute HTTP request: sfc-prod3-ds1-85-customer-stage.s3.us-west-2.amazonaws.com
	at net.snowflake.client.jdbc.internal.amazonaws.http.AmazonHttpClient$RequestExecutor.handleRetryableException(AmazonHttpClient.java:1134)
	at net.snowflake.client.jdbc.internal.amazonaws.http.AmazonHttpClient$RequestExecutor.executeHelper(AmazonHttpClient.java:1080)
	at net.snowflake.client.jdbc.internal.amazonaws.http.AmazonHttpClient$RequestExecutor.doExecute(AmazonHttpClient.java:745)
	at net.snowflake.client.jdbc.internal.amazonaws.http.AmazonHttpClient$RequestExecutor.executeWithTimer(AmazonHttpClient.java:719)
	at net.snowflake.client.jdbc.internal.amazonaws.http.AmazonHttpClient$RequestExecutor.execute(AmazonHttpClient.java:701)
	at net.snowflake.client.jdbc.internal.amazonaws.http.AmazonHttpClient$RequestExecutor.access$500(AmazonHttpClient.java:669)
	at net.snowflake.client.jdbc.internal.amazonaws.http.AmazonHttpClient$RequestExecutionBuilderImpl.execute(AmazonHttpClient.java:651)
	at net.snowflake.client.jdbc.internal.amazonaws.http.AmazonHttpClient.execute(AmazonHttpClient.java:515)
	at net.snowflake.client.jdbc.internal.amazonaws.services.s3.AmazonS3Client.invoke(AmazonS3Client.java:4443)
	at net.snowflake.client.jdbc.internal.amazonaws.services.s3.AmazonS3Client.invoke(AmazonS3Client.java:4390)
	at net.snowflake.client.jdbc.internal.amazonaws.services.s3.AmazonS3Client.putObject(AmazonS3Client.java:1774)
	at net.snowflake.client.jdbc.internal.amazonaws.services.s3.AmazonS3Client.putObject(AmazonS3Client.java:1635)
	at net.snowflake.spark.snowflake.io.S3UploadOutputStream.uploadDataChunk(CloudStorageOperations.scala:2029)
	at net.snowflake.spark.snowflake.io.S3UploadOutputStream.close(CloudStorageOperations.scala:2162)
	at java.base/javax.crypto.CipherOutputStream.close(CipherOutputStream.java:220)
	at java.base/java.util.zip.DeflaterOutputStream.close(DeflaterOutputStream.java:250)
	at net.snowflake.spark.snowflake.io.CloudStorage.doUploadPartition(CloudStorageOperations.scala:703)
	at net.snowflake.spark.snowflake.io.CloudStorage.uploadPartition(CloudStorageOperations.scala:611)
	at net.snowflake.spark.snowflake.io.CloudStorage.uploadPartition$(CloudStorageOperations.scala:594)
	at net.snowflake.spark.snowflake.io.InternalS3Storage.uploadPartition(CloudStorageOperations.scala:1324)
	at net.snowflake.spark.snowflake.io.CloudStorage.$anonfun$uploadRDD$2(CloudStorageOperations.scala:806)
	at net.snowflake.spark.snowflake.io.CloudStorage.$anonfun$uploadRDD$2$adapted(CloudStorageOperations.scala:796)
	at org.apache.spark.rdd.RDD.$anonfun$mapPartitionsWithIndex$2(RDD.scala:910)
	at org.apache.spark.rdd.RDD.$anonfun$mapPartitionsWithIndex$2$adapted(RDD.scala:910)
	at org.apache.spark.rdd.MapPartitionsRDD.compute(MapPartitionsRDD.scala:52)
	at org.apache.spark.rdd.RDD.computeOrReadCheckpoint(RDD.scala:367)
	at org.apache.spark.rdd.RDD.iterator(RDD.scala:331)
	at org.apache.spark.scheduler.ResultTask.runTask(ResultTask.scala:93)
	at org.apache.spark.TaskContext.runTaskWithListeners(TaskContext.scala:166)
	at org.apache.spark.scheduler.Task.run(Task.scala:141)
	at org.apache.spark.executor.Executor$TaskRunner.$anonfun$run$4(Executor.scala:621)
	at org.apache.spark.util.SparkErrorUtils.tryWithSafeFinally(SparkErrorUtils.scala:64)
	at org.apache.spark.util.SparkErrorUtils.tryWithSafeFinally$(SparkErrorUtils.scala:61)
	at org.apache.spark.util.Utils$.tryWithSafeFinally(Utils.scala:94)
	at org.apache.spark.executor.Executor$TaskRunner.run(Executor.scala:624)
	at java.base/java.util.concurrent.ThreadPoolExecutor.runWorker(ThreadPoolExecutor.java:1128)
	at java.base/java.util.concurrent.ThreadPoolExecutor$Worker.run(ThreadPoolExecutor.java:628)
	... 1 more
Caused by: java.net.UnknownHostException: sfc-prod3-ds1-85-customer-stage.s3.us-west-2.amazonaws.com
	at java.base/java.net.InetAddress$CachedAddresses.get(InetAddress.java:797)
	at java.base/java.net.InetAddress.getAllByName0(InetAddress.java:1533)
	at java.base/java.net.InetAddress.getAllByName(InetAddress.java:1386)
	at java.base/java.net.InetAddress.getAllByName(InetAddress.java:1307)
	at net.snowflake.client.jdbc.internal.amazonaws.SystemDefaultDnsResolver.resolve(SystemDefaultDnsResolver.java:27)
	at net.snowflake.client.jdbc.internal.amazonaws.http.DelegatingDnsResolver.resolve(DelegatingDnsResolver.java:38)
	at net.snowflake.client.jdbc.internal.apache.http.impl.conn.DefaultHttpClientConnectionOperator.connect(DefaultHttpClientConnectionOperator.java:112)
	at net.snowflake.client.jdbc.internal.apache.http.impl.conn.PoolingHttpClientConnectionManager.connect(PoolingHttpClientConnectionManager.java:376)
	at java.base/jdk.internal.reflect.NativeMethodAccessorImpl.invoke0(Native Method)
	at java.base/jdk.internal.reflect.NativeMethodAccessorImpl.invoke(NativeMethodAccessorImpl.java:62)
	at java.base/jdk.internal.reflect.DelegatingMethodAccessorImpl.invoke(DelegatingMethodAccessorImpl.java:43)
	at java.base/java.lang.reflect.Method.invoke(Method.java:566)
	at net.snowflake.client.jdbc.internal.amazonaws.http.conn.ClientConnectionManagerFactory$Handler.invoke(ClientConnectionManagerFactory.java:76)
	at net.snowflake.client.jdbc.internal.amazonaws.http.conn.$Proxy40.connect(Unknown Source)
	at net.snowflake.client.jdbc.internal.apache.http.impl.execchain.MainClientExec.establishRoute(MainClientExec.java:393)
	at net.snowflake.client.jdbc.internal.apache.http.impl.execchain.MainClientExec.execute(MainClientExec.java:236)
	at net.snowflake.client.jdbc.internal.apache.http.impl.execchain.ProtocolExec.execute(ProtocolExec.java:186)
	at net.snowflake.client.jdbc.internal.apache.http.impl.client.InternalHttpClient.doExecute(InternalHttpClient.java:185)
	at net.snowflake.client.jdbc.internal.apache.http.impl.client.CloseableHttpClient.execute(CloseableHttpClient.java:83)
	at net.snowflake.client.jdbc.internal.apache.http.impl.client.CloseableHttpClient.execute(CloseableHttpClient.java:56)
	at net.snowflake.client.jdbc.internal.amazonaws.http.apache.client.impl.SdkHttpClient.execute(SdkHttpClient.java:72)
	at net.snowflake.client.jdbc.internal.amazonaws.http.AmazonHttpClient$RequestExecutor.executeOneRequest(AmazonHttpClient.java:1256)
	at net.snowflake.client.jdbc.internal.amazonaws.http.AmazonHttpClient$RequestExecutor.executeHelper(AmazonHttpClient.java:1072)
	... 36 more

[2025-06-10T07:01:31.950+0000] {taskinstance.py:1138} INFO - Marking task as UP_FOR_RETRY. dag_id=multi_region_to_snowflake, task_id=process_region_asia.process_products_asia, execution_date=20250609T000000, start_date=20250610T070026, end_date=20250610T070131
[2025-06-10T07:01:32.009+0000] {standard_task_runner.py:107} ERROR - Failed to execute job 950 for task process_region_asia.process_products_asia (An error occurred while calling o126.save.
: org.apache.spark.SparkException: Job aborted due to stage failure: Task 0 in stage 2.0 failed 1 times, most recent failure: Lost task 0.0 in stage 2.0 (TID 2) (180d0d52c3ad executor driver): net.snowflake.client.jdbc.internal.amazonaws.SdkClientException: Unable to execute HTTP request: sfc-prod3-ds1-85-customer-stage.s3.us-west-2.amazonaws.com
	at net.snowflake.client.jdbc.internal.amazonaws.http.AmazonHttpClient$RequestExecutor.handleRetryableException(AmazonHttpClient.java:1134)
	at net.snowflake.client.jdbc.internal.amazonaws.http.AmazonHttpClient$RequestExecutor.executeHelper(AmazonHttpClient.java:1080)
	at net.snowflake.client.jdbc.internal.amazonaws.http.AmazonHttpClient$RequestExecutor.doExecute(AmazonHttpClient.java:745)
	at net.snowflake.client.jdbc.internal.amazonaws.http.AmazonHttpClient$RequestExecutor.executeWithTimer(AmazonHttpClient.java:719)
	at net.snowflake.client.jdbc.internal.amazonaws.http.AmazonHttpClient$RequestExecutor.execute(AmazonHttpClient.java:701)
	at net.snowflake.client.jdbc.internal.amazonaws.http.AmazonHttpClient$RequestExecutor.access$500(AmazonHttpClient.java:669)
	at net.snowflake.client.jdbc.internal.amazonaws.http.AmazonHttpClient$RequestExecutionBuilderImpl.execute(AmazonHttpClient.java:651)
	at net.snowflake.client.jdbc.internal.amazonaws.http.AmazonHttpClient.execute(AmazonHttpClient.java:515)
	at net.snowflake.client.jdbc.internal.amazonaws.services.s3.AmazonS3Client.invoke(AmazonS3Client.java:4443)
	at net.snowflake.client.jdbc.internal.amazonaws.services.s3.AmazonS3Client.invoke(AmazonS3Client.java:4390)
	at net.snowflake.client.jdbc.internal.amazonaws.services.s3.AmazonS3Client.putObject(AmazonS3Client.java:1774)
	at net.snowflake.client.jdbc.internal.amazonaws.services.s3.AmazonS3Client.putObject(AmazonS3Client.java:1635)
	at net.snowflake.spark.snowflake.io.S3UploadOutputStream.uploadDataChunk(CloudStorageOperations.scala:2029)
	at net.snowflake.spark.snowflake.io.S3UploadOutputStream.close(CloudStorageOperations.scala:2162)
	at java.base/javax.crypto.CipherOutputStream.close(CipherOutputStream.java:220)
	at java.base/java.util.zip.DeflaterOutputStream.close(DeflaterOutputStream.java:250)
	at net.snowflake.spark.snowflake.io.CloudStorage.doUploadPartition(CloudStorageOperations.scala:703)
	at net.snowflake.spark.snowflake.io.CloudStorage.uploadPartition(CloudStorageOperations.scala:611)
	at net.snowflake.spark.snowflake.io.CloudStorage.uploadPartition$(CloudStorageOperations.scala:594)
	at net.snowflake.spark.snowflake.io.InternalS3Storage.uploadPartition(CloudStorageOperations.scala:1324)
	at net.snowflake.spark.snowflake.io.CloudStorage.$anonfun$uploadRDD$2(CloudStorageOperations.scala:806)
	at net.snowflake.spark.snowflake.io.CloudStorage.$anonfun$uploadRDD$2$adapted(CloudStorageOperations.scala:796)
	at org.apache.spark.rdd.RDD.$anonfun$mapPartitionsWithIndex$2(RDD.scala:910)
	at org.apache.spark.rdd.RDD.$anonfun$mapPartitionsWithIndex$2$adapted(RDD.scala:910)
	at org.apache.spark.rdd.MapPartitionsRDD.compute(MapPartitionsRDD.scala:52)
	at org.apache.spark.rdd.RDD.computeOrReadCheckpoint(RDD.scala:367)
	at org.apache.spark.rdd.RDD.iterator(RDD.scala:331)
	at org.apache.spark.scheduler.ResultTask.runTask(ResultTask.scala:93)
	at org.apache.spark.TaskContext.runTaskWithListeners(TaskContext.scala:166)
	at org.apache.spark.scheduler.Task.run(Task.scala:141)
	at org.apache.spark.executor.Executor$TaskRunner.$anonfun$run$4(Executor.scala:621)
	at org.apache.spark.util.SparkErrorUtils.tryWithSafeFinally(SparkErrorUtils.scala:64)
	at org.apache.spark.util.SparkErrorUtils.tryWithSafeFinally$(SparkErrorUtils.scala:61)
	at org.apache.spark.util.Utils$.tryWithSafeFinally(Utils.scala:94)
	at org.apache.spark.executor.Executor$TaskRunner.run(Executor.scala:624)
	at java.base/java.util.concurrent.ThreadPoolExecutor.runWorker(ThreadPoolExecutor.java:1128)
	at java.base/java.util.concurrent.ThreadPoolExecutor$Worker.run(ThreadPoolExecutor.java:628)
	at java.base/java.lang.Thread.run(Thread.java:829)
Caused by: java.net.UnknownHostException: sfc-prod3-ds1-85-customer-stage.s3.us-west-2.amazonaws.com
	at java.base/java.net.InetAddress$CachedAddresses.get(InetAddress.java:797)
	at java.base/java.net.InetAddress.getAllByName0(InetAddress.java:1533)
	at java.base/java.net.InetAddress.getAllByName(InetAddress.java:1386)
	at java.base/java.net.InetAddress.getAllByName(InetAddress.java:1307)
	at net.snowflake.client.jdbc.internal.amazonaws.SystemDefaultDnsResolver.resolve(SystemDefaultDnsResolver.java:27)
	at net.snowflake.client.jdbc.internal.amazonaws.http.DelegatingDnsResolver.resolve(DelegatingDnsResolver.java:38)
	at net.snowflake.client.jdbc.internal.apache.http.impl.conn.DefaultHttpClientConnectionOperator.connect(DefaultHttpClientConnectionOperator.java:112)
	at net.snowflake.client.jdbc.internal.apache.http.impl.conn.PoolingHttpClientConnectionManager.connect(PoolingHttpClientConnectionManager.java:376)
	at java.base/jdk.internal.reflect.NativeMethodAccessorImpl.invoke0(Native Method)
	at java.base/jdk.internal.reflect.NativeMethodAccessorImpl.invoke(NativeMethodAccessorImpl.java:62)
	at java.base/jdk.internal.reflect.DelegatingMethodAccessorImpl.invoke(DelegatingMethodAccessorImpl.java:43)
	at java.base/java.lang.reflect.Method.invoke(Method.java:566)
	at net.snowflake.client.jdbc.internal.amazonaws.http.conn.ClientConnectionManagerFactory$Handler.invoke(ClientConnectionManagerFactory.java:76)
	at net.snowflake.client.jdbc.internal.amazonaws.http.conn.$Proxy40.connect(Unknown Source)
	at net.snowflake.client.jdbc.internal.apache.http.impl.execchain.MainClientExec.establishRoute(MainClientExec.java:393)
	at net.snowflake.client.jdbc.internal.apache.http.impl.execchain.MainClientExec.execute(MainClientExec.java:236)
	at net.snowflake.client.jdbc.internal.apache.http.impl.execchain.ProtocolExec.execute(ProtocolExec.java:186)
	at net.snowflake.client.jdbc.internal.apache.http.impl.client.InternalHttpClient.doExecute(InternalHttpClient.java:185)
	at net.snowflake.client.jdbc.internal.apache.http.impl.client.CloseableHttpClient.execute(CloseableHttpClient.java:83)
	at net.snowflake.client.jdbc.internal.apache.http.impl.client.CloseableHttpClient.execute(CloseableHttpClient.java:56)
	at net.snowflake.client.jdbc.internal.amazonaws.http.apache.client.impl.SdkHttpClient.execute(SdkHttpClient.java:72)
	at net.snowflake.client.jdbc.internal.amazonaws.http.AmazonHttpClient$RequestExecutor.executeOneRequest(AmazonHttpClient.java:1256)
	at net.snowflake.client.jdbc.internal.amazonaws.http.AmazonHttpClient$RequestExecutor.executeHelper(AmazonHttpClient.java:1072)
	... 36 more

Driver stacktrace:
	at org.apache.spark.scheduler.DAGScheduler.failJobAndIndependentStages(DAGScheduler.scala:2898)
	at org.apache.spark.scheduler.DAGScheduler.$anonfun$abortStage$2(DAGScheduler.scala:2834)
	at org.apache.spark.scheduler.DAGScheduler.$anonfun$abortStage$2$adapted(DAGScheduler.scala:2833)
	at scala.collection.mutable.ResizableArray.foreach(ResizableArray.scala:62)
	at scala.collection.mutable.ResizableArray.foreach$(ResizableArray.scala:55)
	at scala.collection.mutable.ArrayBuffer.foreach(ArrayBuffer.scala:49)
	at org.apache.spark.scheduler.DAGScheduler.abortStage(DAGScheduler.scala:2833)
	at org.apache.spark.scheduler.DAGScheduler.$anonfun$handleTaskSetFailed$1(DAGScheduler.scala:1253)
	at org.apache.spark.scheduler.DAGScheduler.$anonfun$handleTaskSetFailed$1$adapted(DAGScheduler.scala:1253)
	at scala.Option.foreach(Option.scala:407)
	at org.apache.spark.scheduler.DAGScheduler.handleTaskSetFailed(DAGScheduler.scala:1253)
	at org.apache.spark.scheduler.DAGSchedulerEventProcessLoop.doOnReceive(DAGScheduler.scala:3102)
	at org.apache.spark.scheduler.DAGSchedulerEventProcessLoop.onReceive(DAGScheduler.scala:3036)
	at org.apache.spark.scheduler.DAGSchedulerEventProcessLoop.onReceive(DAGScheduler.scala:3025)
	at org.apache.spark.util.EventLoop$$anon$1.run(EventLoop.scala:49)
	at org.apache.spark.scheduler.DAGScheduler.runJob(DAGScheduler.scala:995)
	at org.apache.spark.SparkContext.runJob(SparkContext.scala:2393)
	at org.apache.spark.SparkContext.runJob(SparkContext.scala:2414)
	at org.apache.spark.SparkContext.runJob(SparkContext.scala:2433)
	at org.apache.spark.SparkContext.runJob(SparkContext.scala:2458)
	at org.apache.spark.rdd.RDD.$anonfun$collect$1(RDD.scala:1049)
	at org.apache.spark.rdd.RDDOperationScope$.withScope(RDDOperationScope.scala:151)
	at org.apache.spark.rdd.RDDOperationScope$.withScope(RDDOperationScope.scala:112)
	at org.apache.spark.rdd.RDD.withScope(RDD.scala:410)
	at org.apache.spark.rdd.RDD.collect(RDD.scala:1048)
	at net.snowflake.spark.snowflake.io.CloudStorage.uploadRDD(CloudStorageOperations.scala:813)
	at net.snowflake.spark.snowflake.io.CloudStorage.uploadRDD$(CloudStorageOperations.scala:774)
	at net.snowflake.spark.snowflake.io.InternalS3Storage.uploadRDD(CloudStorageOperations.scala:1324)
	at net.snowflake.spark.snowflake.io.CloudStorage.upload(CloudStorageOperations.scala:566)
	at net.snowflake.spark.snowflake.io.CloudStorage.upload$(CloudStorageOperations.scala:562)
	at net.snowflake.spark.snowflake.io.InternalS3Storage.upload(CloudStorageOperations.scala:1324)
	at net.snowflake.spark.snowflake.io.StageWriter$.writeToStage(StageWriter.scala:219)
	at net.snowflake.spark.snowflake.io.package$.writeRDD(package.scala:51)
	at net.snowflake.spark.snowflake.SnowflakeWriter.save(SnowflakeWriter.scala:73)
	at net.snowflake.spark.snowflake.DefaultSource.createRelation(DefaultSource.scala:137)
	at org.apache.spark.sql.execution.datasources.SaveIntoDataSourceCommand.run(SaveIntoDataSourceCommand.scala:48)
	at org.apache.spark.sql.execution.command.ExecutedCommandExec.sideEffectResult$lzycompute(commands.scala:75)
	at org.apache.spark.sql.execution.command.ExecutedCommandExec.sideEffectResult(commands.scala:73)
	at org.apache.spark.sql.execution.command.ExecutedCommandExec.executeCollect(commands.scala:84)
	at org.apache.spark.sql.execution.QueryExecution$$anonfun$eagerlyExecuteCommands$1.$anonfun$applyOrElse$1(QueryExecution.scala:107)
	at org.apache.spark.sql.execution.SQLExecution$.$anonfun$withNewExecutionId$6(SQLExecution.scala:125)
	at org.apache.spark.sql.execution.SQLExecution$.withSQLConfPropagated(SQLExecution.scala:201)
	at org.apache.spark.sql.execution.SQLExecution$.$anonfun$withNewExecutionId$1(SQLExecution.scala:108)
	at org.apache.spark.sql.SparkSession.withActive(SparkSession.scala:900)
	at org.apache.spark.sql.execution.SQLExecution$.withNewExecutionId(SQLExecution.scala:66)
	at org.apache.spark.sql.execution.QueryExecution$$anonfun$eagerlyExecuteCommands$1.applyOrElse(QueryExecution.scala:107)
	at org.apache.spark.sql.execution.QueryExecution$$anonfun$eagerlyExecuteCommands$1.applyOrElse(QueryExecution.scala:98)
	at org.apache.spark.sql.catalyst.trees.TreeNode.$anonfun$transformDownWithPruning$1(TreeNode.scala:461)
	at org.apache.spark.sql.catalyst.trees.CurrentOrigin$.withOrigin(origin.scala:76)
	at org.apache.spark.sql.catalyst.trees.TreeNode.transformDownWithPruning(TreeNode.scala:461)
	at org.apache.spark.sql.catalyst.plans.logical.LogicalPlan.org$apache$spark$sql$catalyst$plans$logical$AnalysisHelper$$super$transformDownWithPruning(LogicalPlan.scala:32)
	at org.apache.spark.sql.catalyst.plans.logical.AnalysisHelper.transformDownWithPruning(AnalysisHelper.scala:267)
	at org.apache.spark.sql.catalyst.plans.logical.AnalysisHelper.transformDownWithPruning$(AnalysisHelper.scala:263)
	at org.apache.spark.sql.catalyst.plans.logical.LogicalPlan.transformDownWithPruning(LogicalPlan.scala:32)
	at org.apache.spark.sql.catalyst.plans.logical.LogicalPlan.transformDownWithPruning(LogicalPlan.scala:32)
	at org.apache.spark.sql.catalyst.trees.TreeNode.transformDown(TreeNode.scala:437)
	at org.apache.spark.sql.execution.QueryExecution.eagerlyExecuteCommands(QueryExecution.scala:98)
	at org.apache.spark.sql.execution.QueryExecution.commandExecuted$lzycompute(QueryExecution.scala:85)
	at org.apache.spark.sql.execution.QueryExecution.commandExecuted(QueryExecution.scala:83)
	at org.apache.spark.sql.execution.QueryExecution.assertCommandExecuted(QueryExecution.scala:142)
	at org.apache.spark.sql.DataFrameWriter.runCommand(DataFrameWriter.scala:869)
	at org.apache.spark.sql.DataFrameWriter.saveToV1Source(DataFrameWriter.scala:391)
	at org.apache.spark.sql.DataFrameWriter.saveInternal(DataFrameWriter.scala:364)
	at org.apache.spark.sql.DataFrameWriter.save(DataFrameWriter.scala:251)
	at java.base/jdk.internal.reflect.NativeMethodAccessorImpl.invoke0(Native Method)
	at java.base/jdk.internal.reflect.NativeMethodAccessorImpl.invoke(NativeMethodAccessorImpl.java:62)
	at java.base/jdk.internal.reflect.DelegatingMethodAccessorImpl.invoke(DelegatingMethodAccessorImpl.java:43)
	at java.base/java.lang.reflect.Method.invoke(Method.java:566)
	at py4j.reflection.MethodInvoker.invoke(MethodInvoker.java:244)
	at py4j.reflection.ReflectionEngine.invoke(ReflectionEngine.java:374)
	at py4j.Gateway.invoke(Gateway.java:282)
	at py4j.commands.AbstractCommand.invokeMethod(AbstractCommand.java:132)
	at py4j.commands.CallCommand.execute(CallCommand.java:79)
	at py4j.ClientServerConnection.waitForCommands(ClientServerConnection.java:182)
	at py4j.ClientServerConnection.run(ClientServerConnection.java:106)
	at java.base/java.lang.Thread.run(Thread.java:829)
Caused by: net.snowflake.client.jdbc.internal.amazonaws.SdkClientException: Unable to execute HTTP request: sfc-prod3-ds1-85-customer-stage.s3.us-west-2.amazonaws.com
	at net.snowflake.client.jdbc.internal.amazonaws.http.AmazonHttpClient$RequestExecutor.handleRetryableException(AmazonHttpClient.java:1134)
	at net.snowflake.client.jdbc.internal.amazonaws.http.AmazonHttpClient$RequestExecutor.executeHelper(AmazonHttpClient.java:1080)
	at net.snowflake.client.jdbc.internal.amazonaws.http.AmazonHttpClient$RequestExecutor.doExecute(AmazonHttpClient.java:745)
	at net.snowflake.client.jdbc.internal.amazonaws.http.AmazonHttpClient$RequestExecutor.executeWithTimer(AmazonHttpClient.java:719)
	at net.snowflake.client.jdbc.internal.amazonaws.http.AmazonHttpClient$RequestExecutor.execute(AmazonHttpClient.java:701)
	at net.snowflake.client.jdbc.internal.amazonaws.http.AmazonHttpClient$RequestExecutor.access$500(AmazonHttpClient.java:669)
	at net.snowflake.client.jdbc.internal.amazonaws.http.AmazonHttpClient$RequestExecutionBuilderImpl.execute(AmazonHttpClient.java:651)
	at net.snowflake.client.jdbc.internal.amazonaws.http.AmazonHttpClient.execute(AmazonHttpClient.java:515)
	at net.snowflake.client.jdbc.internal.amazonaws.services.s3.AmazonS3Client.invoke(AmazonS3Client.java:4443)
	at net.snowflake.client.jdbc.internal.amazonaws.services.s3.AmazonS3Client.invoke(AmazonS3Client.java:4390)
	at net.snowflake.client.jdbc.internal.amazonaws.services.s3.AmazonS3Client.putObject(AmazonS3Client.java:1774)
	at net.snowflake.client.jdbc.internal.amazonaws.services.s3.AmazonS3Client.putObject(AmazonS3Client.java:1635)
	at net.snowflake.spark.snowflake.io.S3UploadOutputStream.uploadDataChunk(CloudStorageOperations.scala:2029)
	at net.snowflake.spark.snowflake.io.S3UploadOutputStream.close(CloudStorageOperations.scala:2162)
	at java.base/javax.crypto.CipherOutputStream.close(CipherOutputStream.java:220)
	at java.base/java.util.zip.DeflaterOutputStream.close(DeflaterOutputStream.java:250)
	at net.snowflake.spark.snowflake.io.CloudStorage.doUploadPartition(CloudStorageOperations.scala:703)
	at net.snowflake.spark.snowflake.io.CloudStorage.uploadPartition(CloudStorageOperations.scala:611)
	at net.snowflake.spark.snowflake.io.CloudStorage.uploadPartition$(CloudStorageOperations.scala:594)
	at net.snowflake.spark.snowflake.io.InternalS3Storage.uploadPartition(CloudStorageOperations.scala:1324)
	at net.snowflake.spark.snowflake.io.CloudStorage.$anonfun$uploadRDD$2(CloudStorageOperations.scala:806)
	at net.snowflake.spark.snowflake.io.CloudStorage.$anonfun$uploadRDD$2$adapted(CloudStorageOperations.scala:796)
	at org.apache.spark.rdd.RDD.$anonfun$mapPartitionsWithIndex$2(RDD.scala:910)
	at org.apache.spark.rdd.RDD.$anonfun$mapPartitionsWithIndex$2$adapted(RDD.scala:910)
	at org.apache.spark.rdd.MapPartitionsRDD.compute(MapPartitionsRDD.scala:52)
	at org.apache.spark.rdd.RDD.computeOrReadCheckpoint(RDD.scala:367)
	at org.apache.spark.rdd.RDD.iterator(RDD.scala:331)
	at org.apache.spark.scheduler.ResultTask.runTask(ResultTask.scala:93)
	at org.apache.spark.TaskContext.runTaskWithListeners(TaskContext.scala:166)
	at org.apache.spark.scheduler.Task.run(Task.scala:141)
	at org.apache.spark.executor.Executor$TaskRunner.$anonfun$run$4(Executor.scala:621)
	at org.apache.spark.util.SparkErrorUtils.tryWithSafeFinally(SparkErrorUtils.scala:64)
	at org.apache.spark.util.SparkErrorUtils.tryWithSafeFinally$(SparkErrorUtils.scala:61)
	at org.apache.spark.util.Utils$.tryWithSafeFinally(Utils.scala:94)
	at org.apache.spark.executor.Executor$TaskRunner.run(Executor.scala:624)
	at java.base/java.util.concurrent.ThreadPoolExecutor.runWorker(ThreadPoolExecutor.java:1128)
	at java.base/java.util.concurrent.ThreadPoolExecutor$Worker.run(ThreadPoolExecutor.java:628)
	... 1 more
Caused by: java.net.UnknownHostException: sfc-prod3-ds1-85-customer-stage.s3.us-west-2.amazonaws.com
	at java.base/java.net.InetAddress$CachedAddresses.get(InetAddress.java:797)
	at java.base/java.net.InetAddress.getAllByName0(InetAddress.java:1533)
	at java.base/java.net.InetAddress.getAllByName(InetAddress.java:1386)
	at java.base/java.net.InetAddress.getAllByName(InetAddress.java:1307)
	at net.snowflake.client.jdbc.internal.amazonaws.SystemDefaultDnsResolver.resolve(SystemDefaultDnsResolver.java:27)
	at net.snowflake.client.jdbc.internal.amazonaws.http.DelegatingDnsResolver.resolve(DelegatingDnsResolver.java:38)
	at net.snowflake.client.jdbc.internal.apache.http.impl.conn.DefaultHttpClientConnectionOperator.connect(DefaultHttpClientConnectionOperator.java:112)
	at net.snowflake.client.jdbc.internal.apache.http.impl.conn.PoolingHttpClientConnectionManager.connect(PoolingHttpClientConnectionManager.java:376)
	at java.base/jdk.internal.reflect.NativeMethodAccessorImpl.invoke0(Native Method)
	at java.base/jdk.internal.reflect.NativeMethodAccessorImpl.invoke(NativeMethodAccessorImpl.java:62)
	at java.base/jdk.internal.reflect.DelegatingMethodAccessorImpl.invoke(DelegatingMethodAccessorImpl.java:43)
	at java.base/java.lang.reflect.Method.invoke(Method.java:566)
	at net.snowflake.client.jdbc.internal.amazonaws.http.conn.ClientConnectionManagerFactory$Handler.invoke(ClientConnectionManagerFactory.java:76)
	at net.snowflake.client.jdbc.internal.amazonaws.http.conn.$Proxy40.connect(Unknown Source)
	at net.snowflake.client.jdbc.internal.apache.http.impl.execchain.MainClientExec.establishRoute(MainClientExec.java:393)
	at net.snowflake.client.jdbc.internal.apache.http.impl.execchain.MainClientExec.execute(MainClientExec.java:236)
	at net.snowflake.client.jdbc.internal.apache.http.impl.execchain.ProtocolExec.execute(ProtocolExec.java:186)
	at net.snowflake.client.jdbc.internal.apache.http.impl.client.InternalHttpClient.doExecute(InternalHttpClient.java:185)
	at net.snowflake.client.jdbc.internal.apache.http.impl.client.CloseableHttpClient.execute(CloseableHttpClient.java:83)
	at net.snowflake.client.jdbc.internal.apache.http.impl.client.CloseableHttpClient.execute(CloseableHttpClient.java:56)
	at net.snowflake.client.jdbc.internal.amazonaws.http.apache.client.impl.SdkHttpClient.execute(SdkHttpClient.java:72)
	at net.snowflake.client.jdbc.internal.amazonaws.http.AmazonHttpClient$RequestExecutor.executeOneRequest(AmazonHttpClient.java:1256)
	at net.snowflake.client.jdbc.internal.amazonaws.http.AmazonHttpClient$RequestExecutor.executeHelper(AmazonHttpClient.java:1072)
	... 36 more
; 1918)
[2025-06-10T07:01:32.082+0000] {local_task_job_runner.py:234} INFO - Task exited with return code 1
[2025-06-10T07:01:32.188+0000] {taskinstance.py:3280} INFO - 0 downstream tasks scheduled from follow-on schedule check
