[2025-06-08T15:20:16.706+0000] {taskinstance.py:1956} INFO - Dependencies all met for dep_context=non-requeueable deps ti=<TaskInstance: transform_customers_csv.run_transformation_eu manual__2025-06-08T15:20:15.143858+00:00 [queued]>
[2025-06-08T15:20:16.730+0000] {taskinstance.py:1956} INFO - Dependencies all met for dep_context=requeueable deps ti=<TaskInstance: transform_customers_csv.run_transformation_eu manual__2025-06-08T15:20:15.143858+00:00 [queued]>
[2025-06-08T15:20:16.731+0000] {taskinstance.py:2170} INFO - Starting attempt 1 of 1
[2025-06-08T15:20:16.778+0000] {taskinstance.py:2191} INFO - Executing <Task(_PythonDecoratedOperator): run_transformation_eu> on 2025-06-08 15:20:15.143858+00:00
[2025-06-08T15:20:16.789+0000] {standard_task_runner.py:60} INFO - Started process 103940 to run task
[2025-06-08T15:20:16.807+0000] {standard_task_runner.py:87} INFO - Running: ['airflow', 'tasks', 'run', 'transform_customers_csv', 'run_transformation_eu', 'manual__2025-06-08T15:20:15.143858+00:00', '--job-id', '456', '--raw', '--subdir', 'DAGS_FOLDER/staging/customer_to_staging.py', '--cfg-path', '/tmp/tmpjek8n2xh']
[2025-06-08T15:20:16.812+0000] {standard_task_runner.py:88} INFO - Job 456: Subtask run_transformation_eu
[2025-06-08T15:20:16.861+0000] {logging_mixin.py:188} WARNING - /home/airflow/.local/lib/python3.10/site-packages/airflow/settings.py:194 DeprecationWarning: The sql_alchemy_conn option in [core] has been moved to the sql_alchemy_conn option in [database] - the old setting has been used, but please update your config.
[2025-06-08T15:20:16.984+0000] {task_command.py:423} INFO - Running <TaskInstance: transform_customers_csv.run_transformation_eu manual__2025-06-08T15:20:15.143858+00:00 [running]> on host f7e9b9614623
[2025-06-08T15:20:17.204+0000] {taskinstance.py:2480} INFO - Exporting env vars: AIRFLOW_CTX_DAG_OWNER='airflow' AIRFLOW_CTX_DAG_ID='transform_customers_csv' AIRFLOW_CTX_TASK_ID='run_transformation_eu' AIRFLOW_CTX_EXECUTION_DATE='2025-06-08T15:20:15.143858+00:00' AIRFLOW_CTX_TRY_NUMBER='1' AIRFLOW_CTX_DAG_RUN_ID='manual__2025-06-08T15:20:15.143858+00:00'
[2025-06-08T15:20:17.205+0000] {logging_mixin.py:188} INFO - Starting transformation for table: customers in region: eu
[2025-06-08T15:20:27.081+0000] {logging_mixin.py:188} INFO - Reading data from: /opt/airflow/data/raw/region=eu/table=customers/load_date=2025-06-06/
[2025-06-08T15:20:38.737+0000] {logging_mixin.py:188} INFO - [INFO] Processing 25 records for eu
[2025-06-08T15:20:40.339+0000] {logging_mixin.py:188} INFO - Sample transformed data for eu:
[2025-06-08T15:20:47.562+0000] {logging_mixin.py:188} INFO - +-----------+----------------------------------------------------------------+----------+---------+----------------+------------+-------------------+----------+----------------------------------------------------------------------------------------------+----------------+-------------------+--------------------+-------------------+-------------------+-------------------+-------+--------+
|customer_id|email                                                           |first_name|last_name|phone           |country_code|registration_date  |last_login|CASE WHEN (status_code = 1) THEN true WHEN (status_code IN (0, 2, 3)) THEN false ELSE NULL END|customer_segment|gdpr_consent_date  |data_retention_until|acquisition_channel|created_at         |updated_at         |_region|_source |
+-----------+----------------------------------------------------------------+----------+---------+----------------+------------+-------------------+----------+----------------------------------------------------------------------------------------------+----------------+-------------------+--------------------+-------------------+-------------------+-------------------+-------+--------+
|1          |55f537baf75630a85fda6540cdf43859a51ab13ba33dc314600618f89a6ffa0e|J***      |D***     |+49-***-***-5678|DE          |2025-06-06 08:01:32|NULL      |true                                                                                          |premium         |2024-01-15 09:30:00|2027-01-15 00:00:00 |organic            |2025-06-06 08:01:32|2025-06-06 08:01:32|eu     |postgres|
|2          |8384b028d4f6ef2ac5613f88cf373049eb3a63c1844d0ced070362d7d22c191a|M***      |G***     |+34-***-***-4567|ES          |2025-06-06 08:01:32|NULL      |true                                                                                          |standard        |2024-01-16 10:45:00|2027-01-16 00:00:00 |social_media       |2025-06-06 08:01:32|2025-06-06 08:01:32|eu     |postgres|
|3          |d9ff2965224667fd5a03dc1820a34b57dbcaab750dd8493a105b7d0bbffcc047|P***      |M***     |+33-***-***-8901|FR          |2025-06-06 08:01:32|NULL      |true                                                                                          |enterprise      |2024-01-17 08:20:00|2027-01-17 00:00:00 |referral           |2025-06-06 08:01:32|2025-06-06 08:01:32|eu     |postgres|
|4          |c797cfbb6e65ecf5d83c1ceb494fb727b67b64a79f700c99452db5ce8cb0b2f0|A***      |R***     |+39-***-***-4321|IT          |2025-06-06 08:01:32|NULL      |true                                                                                          |standard        |2024-01-18 13:15:00|2027-01-18 00:00:00 |paid_ads           |2025-06-06 08:01:32|2025-06-06 08:01:32|eu     |postgres|
|5          |3e8f559f81c2fe033caeed8d4b1bb486d2333ac0e4a1c1313e7664cf7116907d|L***      |N***     |+45-***-***-3456|DK          |2025-06-06 08:01:32|NULL      |true                                                                                          |premium         |2024-01-19 15:30:00|2027-01-19 00:00:00 |organic            |2025-06-06 08:01:32|2025-06-06 08:01:32|eu     |postgres|
+-----------+----------------------------------------------------------------+----------+---------+----------------+------------+-------------------+----------+----------------------------------------------------------------------------------------------+----------------+-------------------+--------------------+-------------------+-------------------+-------------------+-------+--------+
only showing top 5 rows
[2025-06-08T15:20:47.562+0000] {logging_mixin.py:188} INFO - Writing transformed data to: /opt/airflow/data/staging/customers/region=eu/load_date=2025-06-06/
[2025-06-08T15:20:49.892+0000] {logging_mixin.py:188} INFO - Successfully transformed 25 records for eu
[2025-06-08T15:20:50.840+0000] {logging_mixin.py:188} INFO - Finished transformation for customers in region eu
[2025-06-08T15:20:50.841+0000] {python.py:201} INFO - Done. Returned value was: None
[2025-06-08T15:20:50.875+0000] {taskinstance.py:1138} INFO - Marking task as SUCCESS. dag_id=transform_customers_csv, task_id=run_transformation_eu, execution_date=20250608T152015, start_date=20250608T152016, end_date=20250608T152050
[2025-06-08T15:20:50.937+0000] {local_task_job_runner.py:234} INFO - Task exited with return code 0
[2025-06-08T15:20:50.989+0000] {taskinstance.py:3280} INFO - 0 downstream tasks scheduled from follow-on schedule check
