[2025-06-11T11:45:21.720+0000] {taskinstance.py:1956} INFO - Dependencies all met for dep_context=non-requeueable deps ti=<TaskInstance: extract_postgres_table_to_parquet.run_extraction_eu manual__2025-06-11T11:42:43.248872+00:00 [queued]>
[2025-06-11T11:45:21.776+0000] {taskinstance.py:1956} INFO - Dependencies all met for dep_context=requeueable deps ti=<TaskInstance: extract_postgres_table_to_parquet.run_extraction_eu manual__2025-06-11T11:42:43.248872+00:00 [queued]>
[2025-06-11T11:45:21.778+0000] {taskinstance.py:2170} INFO - Starting attempt 1 of 1
[2025-06-11T11:45:21.881+0000] {taskinstance.py:2191} INFO - Executing <Task(_PythonDecoratedOperator): run_extraction_eu> on 2025-06-11 11:42:43.248872+00:00
[2025-06-11T11:45:21.915+0000] {standard_task_runner.py:60} INFO - Started process 255 to run task
[2025-06-11T11:45:21.923+0000] {standard_task_runner.py:87} INFO - Running: ['airflow', 'tasks', 'run', 'extract_postgres_table_to_parquet', 'run_extraction_eu', 'manual__2025-06-11T11:42:43.248872+00:00', '--job-id', '1656', '--raw', '--subdir', 'DAGS_FOLDER/asia/landing.py', '--cfg-path', '/tmp/tmpwh4185ae']
[2025-06-11T11:45:21.951+0000] {standard_task_runner.py:88} INFO - Job 1656: Subtask run_extraction_eu
[2025-06-11T11:45:22.378+0000] {task_command.py:423} INFO - Running <TaskInstance: extract_postgres_table_to_parquet.run_extraction_eu manual__2025-06-11T11:42:43.248872+00:00 [running]> on host 8b0a421f0af7
[2025-06-11T11:45:22.820+0000] {taskinstance.py:2480} INFO - Exporting env vars: AIRFLOW_CTX_DAG_OWNER='airflow' AIRFLOW_CTX_DAG_ID='extract_postgres_table_to_parquet' AIRFLOW_CTX_TASK_ID='run_extraction_eu' AIRFLOW_CTX_EXECUTION_DATE='2025-06-11T11:42:43.248872+00:00' AIRFLOW_CTX_TRY_NUMBER='1' AIRFLOW_CTX_DAG_RUN_ID='manual__2025-06-11T11:42:43.248872+00:00'
[2025-06-11T11:45:22.827+0000] {logging_mixin.py:188} INFO - Starting extraction for table: categories in region: eu
[2025-06-11T11:45:22.832+0000] {logging_mixin.py:188} INFO - load_date:::::2025-06-11
[2025-06-11T11:46:31.660+0000] {logging_mixin.py:188} INFO - [INFO] Last loaded timestamp: 2025-06-11 02:14:31
[2025-06-11T11:46:38.707+0000] {logging_mixin.py:188} INFO - [INFO] No new records found in eu.categories
[2025-06-11T11:46:39.782+0000] {logging_mixin.py:188} INFO - Starting extraction for table: products in region: eu
[2025-06-11T11:46:39.783+0000] {logging_mixin.py:188} INFO - load_date:::::2025-06-11
[2025-06-11T11:46:45.054+0000] {logging_mixin.py:188} INFO - [INFO] Last loaded timestamp: 2025-06-11 02:14:31
[2025-06-11T11:46:46.848+0000] {logging_mixin.py:188} INFO - [INFO] No new records found in eu.products
[2025-06-11T11:46:47.828+0000] {logging_mixin.py:188} INFO - Starting extraction for table: product_variants in region: eu
[2025-06-11T11:46:47.829+0000] {logging_mixin.py:188} INFO - load_date:::::2025-06-11
[2025-06-11T11:46:52.174+0000] {logging_mixin.py:188} INFO - [INFO] Last loaded timestamp: 2025-06-11 02:14:31
[2025-06-11T11:46:54.363+0000] {logging_mixin.py:188} INFO - [INFO] No new records found in eu.product_variants
[2025-06-11T11:46:55.358+0000] {logging_mixin.py:188} INFO - Starting extraction for table: inventory in region: eu
[2025-06-11T11:46:55.359+0000] {logging_mixin.py:188} INFO - load_date:::::2025-06-11
[2025-06-11T11:46:58.434+0000] {logging_mixin.py:188} INFO - [INFO] Last loaded timestamp: 2025-06-11 02:14:31
[2025-06-11T11:46:59.726+0000] {logging_mixin.py:188} INFO - [INFO] No new records found in eu.inventory
[2025-06-11T11:47:00.719+0000] {logging_mixin.py:188} INFO - Starting extraction for table: customers in region: eu
[2025-06-11T11:47:00.729+0000] {logging_mixin.py:188} INFO - load_date:::::2025-06-11
[2025-06-11T11:47:03.191+0000] {logging_mixin.py:188} INFO - [INFO] Last loaded timestamp: 2025-06-11 02:14:31
[2025-06-11T11:47:03.746+0000] {logging_mixin.py:188} INFO - [INFO] No new records found in eu.customers
[2025-06-11T11:47:04.746+0000] {logging_mixin.py:188} INFO - Starting extraction for table: customer_addresses in region: eu
[2025-06-11T11:47:04.747+0000] {logging_mixin.py:188} INFO - load_date:::::2025-06-11
[2025-06-11T11:47:06.833+0000] {logging_mixin.py:188} INFO - [INFO] Last loaded timestamp: 2025-06-11 02:14:31
[2025-06-11T11:47:07.376+0000] {logging_mixin.py:188} INFO - [INFO] No new records found in eu.customer_addresses
[2025-06-11T11:47:08.381+0000] {logging_mixin.py:188} INFO - Starting extraction for table: marketing_campaigns in region: eu
[2025-06-11T11:47:08.382+0000] {logging_mixin.py:188} INFO - load_date:::::2025-06-11
[2025-06-11T11:47:11.071+0000] {logging_mixin.py:188} INFO - [INFO] Last loaded timestamp: 2025-06-11 02:14:31
[2025-06-11T11:47:12.271+0000] {logging_mixin.py:188} INFO - [INFO] No new records found in eu.marketing_campaigns
[2025-06-11T11:47:13.259+0000] {logging_mixin.py:188} INFO - Starting extraction for table: discounts in region: eu
[2025-06-11T11:47:13.261+0000] {logging_mixin.py:188} INFO - load_date:::::2025-06-11
[2025-06-11T11:47:16.602+0000] {logging_mixin.py:188} INFO - [INFO] Last loaded timestamp: 2025-06-11 02:14:31
[2025-06-11T11:47:18.102+0000] {logging_mixin.py:188} INFO - [INFO] No new records found in eu.discounts
[2025-06-11T11:47:19.103+0000] {logging_mixin.py:188} INFO - Starting extraction for table: shopping_carts in region: eu
[2025-06-11T11:47:19.104+0000] {logging_mixin.py:188} INFO - load_date:::::2025-06-11
[2025-06-11T11:47:22.888+0000] {logging_mixin.py:188} INFO - [INFO] Last loaded timestamp: 2025-06-11 02:14:31
[2025-06-11T11:47:23.886+0000] {logging_mixin.py:188} INFO - [INFO] No new records found in eu.shopping_carts
[2025-06-11T11:47:24.891+0000] {logging_mixin.py:188} INFO - Starting extraction for table: cart_items in region: eu
[2025-06-11T11:47:24.893+0000] {logging_mixin.py:188} INFO - load_date:::::2025-06-11
[2025-06-11T11:47:28.322+0000] {logging_mixin.py:188} INFO - [INFO] Last loaded timestamp: 2025-06-11 02:14:31
[2025-06-11T11:47:29.515+0000] {logging_mixin.py:188} INFO - [INFO] No new records found in eu.cart_items
[2025-06-11T11:47:30.520+0000] {logging_mixin.py:188} INFO - Starting extraction for table: orders in region: eu
[2025-06-11T11:47:30.522+0000] {logging_mixin.py:188} INFO - load_date:::::2025-06-11
[2025-06-11T11:47:34.953+0000] {logging_mixin.py:188} INFO - [INFO] Last loaded timestamp: 2025-06-11 02:14:31
[2025-06-11T11:47:36.385+0000] {logging_mixin.py:188} INFO - [INFO] No new records found in eu.orders
[2025-06-11T11:47:37.364+0000] {logging_mixin.py:188} INFO - Starting extraction for table: order_items in region: eu
[2025-06-11T11:47:37.366+0000] {logging_mixin.py:188} INFO - load_date:::::2025-06-11
[2025-06-11T11:47:40.601+0000] {logging_mixin.py:188} INFO - [INFO] Last loaded timestamp: 2025-06-11 02:14:31
[2025-06-11T11:47:41.433+0000] {logging_mixin.py:188} INFO - [INFO] No new records found in eu.order_items
[2025-06-11T11:47:42.436+0000] {logging_mixin.py:188} INFO - Starting extraction for table: shipments in region: eu
[2025-06-11T11:47:42.437+0000] {logging_mixin.py:188} INFO - load_date:::::2025-06-11
[2025-06-11T11:47:44.997+0000] {logging_mixin.py:188} INFO - [INFO] Last loaded timestamp: 2025-06-11 02:14:31
[2025-06-11T11:47:46.595+0000] {logging_mixin.py:188} INFO - [INFO] No new records found in eu.shipments
[2025-06-11T11:47:47.569+0000] {logging_mixin.py:188} INFO - Starting extraction for table: returns in region: eu
[2025-06-11T11:47:47.570+0000] {logging_mixin.py:188} INFO - load_date:::::2025-06-11
[2025-06-11T11:47:51.033+0000] {logging_mixin.py:188} INFO - [INFO] Last loaded timestamp: 2025-06-11 02:14:31
[2025-06-11T11:47:52.351+0000] {logging_mixin.py:188} INFO - [INFO] No new records found in eu.returns
[2025-06-11T11:47:53.329+0000] {logging_mixin.py:188} INFO - Starting extraction for table: product_reviews in region: eu
[2025-06-11T11:47:53.329+0000] {logging_mixin.py:188} INFO - load_date:::::2025-06-11
[2025-06-11T11:47:55.199+0000] {logging_mixin.py:188} INFO - [INFO] Last loaded timestamp: 2025-06-11 02:14:31
[2025-06-11T11:47:55.882+0000] {logging_mixin.py:188} INFO - [INFO] No new records found in eu.product_reviews
[2025-06-11T11:47:56.885+0000] {logging_mixin.py:188} INFO - Starting extraction for table: payments in region: eu
[2025-06-11T11:47:56.886+0000] {logging_mixin.py:188} INFO - load_date:::::2025-06-11
[2025-06-11T11:47:58.636+0000] {logging_mixin.py:188} INFO - [INFO] Last loaded timestamp: 2025-06-11 02:14:31
[2025-06-11T11:47:59.085+0000] {logging_mixin.py:188} INFO - [INFO] No new records found in eu.payments
[2025-06-11T11:48:00.085+0000] {logging_mixin.py:188} INFO - Starting extraction for table: wishlists in region: eu
[2025-06-11T11:48:00.086+0000] {logging_mixin.py:188} INFO - load_date:::::2025-06-11
[2025-06-11T11:48:01.489+0000] {logging_mixin.py:188} INFO - [INFO] Last loaded timestamp: 2025-06-11 02:14:31
[2025-06-11T11:48:01.882+0000] {logging_mixin.py:188} INFO - [INFO] No new records found in eu.wishlists
[2025-06-11T11:48:02.889+0000] {python.py:201} INFO - Done. Returned value was: None
[2025-06-11T11:48:02.971+0000] {taskinstance.py:1138} INFO - Marking task as SUCCESS. dag_id=extract_postgres_table_to_parquet, task_id=run_extraction_eu, execution_date=20250611T114243, start_date=20250611T114521, end_date=20250611T114802
[2025-06-11T11:48:03.068+0000] {local_task_job_runner.py:234} INFO - Task exited with return code 0
[2025-06-11T11:48:03.198+0000] {taskinstance.py:3280} INFO - 0 downstream tasks scheduled from follow-on schedule check
