[2025-06-11T16:45:15.641+0000] {taskinstance.py:1956} INFO - Dependencies all met for dep_context=non-requeueable deps ti=<TaskInstance: multi_region_ods_merge_v2.ods_merge_group.merge_categories manual__2025-06-11T16:44:09.485843+00:00 [queued]>
[2025-06-11T16:45:15.651+0000] {taskinstance.py:1956} INFO - Dependencies all met for dep_context=requeueable deps ti=<TaskInstance: multi_region_ods_merge_v2.ods_merge_group.merge_categories manual__2025-06-11T16:44:09.485843+00:00 [queued]>
[2025-06-11T16:45:15.651+0000] {taskinstance.py:2170} INFO - Starting attempt 2 of 2
[2025-06-11T16:45:15.667+0000] {taskinstance.py:2191} INFO - Executing <Task(_PythonDecoratedOperator): ods_merge_group.merge_categories> on 2025-06-11 16:44:09.485843+00:00
[2025-06-11T16:45:15.674+0000] {standard_task_runner.py:60} INFO - Started process 75028 to run task
[2025-06-11T16:45:15.676+0000] {standard_task_runner.py:87} INFO - Running: ['airflow', 'tasks', 'run', 'multi_region_ods_merge_v2', 'ods_merge_group.merge_categories', 'manual__2025-06-11T16:44:09.485843+00:00', '--job-id', '421', '--raw', '--subdir', 'DAGS_FOLDER/master_ods_dag.py', '--cfg-path', '/tmp/tmpeqzdsrnl']
[2025-06-11T16:45:15.679+0000] {standard_task_runner.py:88} INFO - Job 421: Subtask ods_merge_group.merge_categories
[2025-06-11T16:45:15.744+0000] {task_command.py:423} INFO - Running <TaskInstance: multi_region_ods_merge_v2.ods_merge_group.merge_categories manual__2025-06-11T16:44:09.485843+00:00 [running]> on host 5950010ae7c1
[2025-06-11T16:45:15.831+0000] {taskinstance.py:2480} INFO - Exporting env vars: AIRFLOW_CTX_DAG_OWNER='data-team' AIRFLOW_CTX_DAG_ID='multi_region_ods_merge_v2' AIRFLOW_CTX_TASK_ID='ods_merge_group.merge_categories' AIRFLOW_CTX_EXECUTION_DATE='2025-06-11T16:44:09.485843+00:00' AIRFLOW_CTX_TRY_NUMBER='2' AIRFLOW_CTX_DAG_RUN_ID='manual__2025-06-11T16:44:09.485843+00:00'
[2025-06-11T16:45:15.832+0000] {connection.py:486} INFO - Snowflake Connector for Python Version: 3.15.0, Python Version: 3.10.13, Platform: Linux-6.11.0-26-generic-x86_64-with-glibc2.36
[2025-06-11T16:45:15.832+0000] {connection.py:1391} INFO - Connecting to GLOBAL Snowflake domain
[2025-06-11T16:45:17.634+0000] {logging_mixin.py:188} INFO - Successfully connected to Snowflake via snowflake.connector.
[2025-06-11T16:45:17.635+0000] {logging_mixin.py:188} INFO - Running merge for categories...
[2025-06-11T16:45:18.262+0000] {logging_mixin.py:188} INFO - Error running merge for categories: 000904 (42000): 01bcf62d-0305-91a9-0008-654b0013b23a: SQL compilation error: error line 23 at position 12
invalid identifier 'IS_GDPR_SENSITIVE'
[2025-06-11T16:45:19.263+0000] {taskinstance.py:2698} ERROR - Task failed with exception
Traceback (most recent call last):
  File "/home/airflow/.local/lib/python3.10/site-packages/airflow/models/taskinstance.py", line 433, in _execute_task
    result = execute_callable(context=context, **execute_callable_kwargs)
  File "/home/airflow/.local/lib/python3.10/site-packages/airflow/decorators/base.py", line 241, in execute
    return_value = super().execute(context)
  File "/home/airflow/.local/lib/python3.10/site-packages/airflow/operators/python.py", line 199, in execute
    return_value = self.execute_callable()
  File "/home/airflow/.local/lib/python3.10/site-packages/airflow/operators/python.py", line 216, in execute_callable
    return self.python_callable(*self.op_args, **self.op_kwargs)
  File "/opt/airflow/dags/master_ods_dag.py", line 171, in merge_table
    run_merge_query(t)
  File "/opt/airflow/dags/master_ods_dag.py", line 150, in run_merge_query
    cursor.execute(merge_sql)
  File "/home/airflow/.local/lib/python3.10/site-packages/snowflake/connector/cursor.py", line 1134, in execute
    Error.errorhandler_wrapper(self.connection, self, error_class, errvalue)
  File "/home/airflow/.local/lib/python3.10/site-packages/snowflake/connector/errors.py", line 279, in errorhandler_wrapper
    handed_over = Error.hand_to_other_handler(
  File "/home/airflow/.local/lib/python3.10/site-packages/snowflake/connector/errors.py", line 334, in hand_to_other_handler
    cursor.errorhandler(connection, cursor, error_class, error_value)
  File "/home/airflow/.local/lib/python3.10/site-packages/snowflake/connector/errors.py", line 210, in default_errorhandler
    raise error_class(
snowflake.connector.errors.ProgrammingError: 000904 (42000): 01bcf62d-0305-91a9-0008-654b0013b23a: SQL compilation error: error line 23 at position 12
invalid identifier 'IS_GDPR_SENSITIVE'
[2025-06-11T16:45:19.273+0000] {taskinstance.py:1138} INFO - Marking task as FAILED. dag_id=multi_region_ods_merge_v2, task_id=ods_merge_group.merge_categories, execution_date=20250611T164409, start_date=20250611T164515, end_date=20250611T164519
[2025-06-11T16:45:19.284+0000] {standard_task_runner.py:107} ERROR - Failed to execute job 421 for task ods_merge_group.merge_categories (000904 (42000): 01bcf62d-0305-91a9-0008-654b0013b23a: SQL compilation error: error line 23 at position 12
invalid identifier 'IS_GDPR_SENSITIVE'; 75028)
[2025-06-11T16:45:19.301+0000] {local_task_job_runner.py:234} INFO - Task exited with return code 1
[2025-06-11T16:45:19.326+0000] {taskinstance.py:3280} INFO - 0 downstream tasks scheduled from follow-on schedule check
