[2025-06-08T13:42:38.549+0000] {taskinstance.py:1956} INFO - Dependencies all met for dep_context=non-requeueable deps ti=<TaskInstance: transform_cart_items_csv.run_cart_items_transform__2 manual__2025-06-08T13:42:24.439598+00:00 [queued]>
[2025-06-08T13:42:38.580+0000] {taskinstance.py:1956} INFO - Dependencies all met for dep_context=requeueable deps ti=<TaskInstance: transform_cart_items_csv.run_cart_items_transform__2 manual__2025-06-08T13:42:24.439598+00:00 [queued]>
[2025-06-08T13:42:38.583+0000] {taskinstance.py:2170} INFO - Starting attempt 1 of 1
[2025-06-08T13:42:38.621+0000] {taskinstance.py:2191} INFO - Executing <Task(_PythonDecoratedOperator): run_cart_items_transform__2> on 2025-06-08 13:42:24.439598+00:00
[2025-06-08T13:42:38.634+0000] {standard_task_runner.py:60} INFO - Started process 27094 to run task
[2025-06-08T13:42:38.634+0000] {clientserver.py:543} INFO - Closing down clientserver connection
[2025-06-08T13:42:38.644+0000] {standard_task_runner.py:87} INFO - Running: ['airflow', 'tasks', 'run', 'transform_cart_items_csv', 'run_cart_items_transform__2', 'manual__2025-06-08T13:42:24.439598+00:00', '--job-id', '348', '--raw', '--subdir', 'DAGS_FOLDER/staging/cart_items_to_staging.py', '--cfg-path', '/tmp/tmpr1vfqlaj']
[2025-06-08T13:42:38.648+0000] {standard_task_runner.py:88} INFO - Job 348: Subtask run_cart_items_transform__2
[2025-06-08T13:42:38.715+0000] {logging_mixin.py:188} WARNING - /home/airflow/.local/lib/python3.10/site-packages/airflow/settings.py:194 DeprecationWarning: The sql_alchemy_conn option in [core] has been moved to the sql_alchemy_conn option in [database] - the old setting has been used, but please update your config.
[2025-06-08T13:42:38.853+0000] {task_command.py:423} INFO - Running <TaskInstance: transform_cart_items_csv.run_cart_items_transform__2 manual__2025-06-08T13:42:24.439598+00:00 [running]> on host d0ede4cad666
[2025-06-08T13:42:39.043+0000] {clientserver.py:505} INFO - Error while sending or receiving.
Traceback (most recent call last):
  File "/home/airflow/.local/lib/python3.10/site-packages/py4j/clientserver.py", line 503, in send_command
    self.socket.sendall(command.encode("utf-8"))
ConnectionResetError: [Errno 104] Connection reset by peer
[2025-06-08T13:42:39.045+0000] {clientserver.py:543} INFO - Closing down clientserver connection
[2025-06-08T13:42:39.048+0000] {java_gateway.py:1052} INFO - Exception while sending command.
Traceback (most recent call last):
  File "/home/airflow/.local/lib/python3.10/site-packages/py4j/clientserver.py", line 503, in send_command
    self.socket.sendall(command.encode("utf-8"))
ConnectionResetError: [Errno 104] Connection reset by peer

During handling of the above exception, another exception occurred:

Traceback (most recent call last):
  File "/home/airflow/.local/lib/python3.10/site-packages/py4j/java_gateway.py", line 1038, in send_command
    response = connection.send_command(command)
  File "/home/airflow/.local/lib/python3.10/site-packages/py4j/clientserver.py", line 506, in send_command
    raise Py4JNetworkError(
py4j.protocol.Py4JNetworkError: Error while sending
[2025-06-08T13:42:39.052+0000] {clientserver.py:543} INFO - Closing down clientserver connection
[2025-06-08T13:42:39.133+0000] {taskinstance.py:2480} INFO - Exporting env vars: AIRFLOW_CTX_DAG_OWNER='airflow' AIRFLOW_CTX_DAG_ID='transform_cart_items_csv' AIRFLOW_CTX_TASK_ID='run_cart_items_transform__2' AIRFLOW_CTX_EXECUTION_DATE='2025-06-08T13:42:24.439598+00:00' AIRFLOW_CTX_TRY_NUMBER='1' AIRFLOW_CTX_DAG_RUN_ID='manual__2025-06-08T13:42:24.439598+00:00'
[2025-06-08T13:42:53.320+0000] {logging_mixin.py:188} INFO - Transformed rows count: 6
[2025-06-08T13:51:26.658+0000] {local_task_job_runner.py:302} WARNING - State of this instance has been externally set to failed. Terminating instance.
[2025-06-08T13:51:26.662+0000] {process_utils.py:131} INFO - Sending 15 to group 27094. PIDs of all processes in the group: [27094]
[2025-06-08T13:51:26.663+0000] {process_utils.py:86} INFO - Sending the signal 15 to group 27094
[2025-06-08T13:51:26.663+0000] {taskinstance.py:2450} ERROR - Received SIGTERM. Terminating subprocesses.
[2025-06-08T13:51:26.756+0000] {process_utils.py:79} INFO - Process psutil.Process(pid=27094, status='terminated', exitcode=0, started='13:42:38') (27094) terminated with exit code 0
