[2025-06-09T07:14:41.878+0000] {taskinstance.py:1956} INFO - Dependencies all met for dep_context=non-requeueable deps ti=<TaskInstance: multi_region_processor_7.process_region_asia.process_shopping_carts_asia manual__2025-06-09T07:13:27.516305+00:00 [queued]>
[2025-06-09T07:14:41.901+0000] {taskinstance.py:1956} INFO - Dependencies all met for dep_context=requeueable deps ti=<TaskInstance: multi_region_processor_7.process_region_asia.process_shopping_carts_asia manual__2025-06-09T07:13:27.516305+00:00 [queued]>
[2025-06-09T07:14:41.902+0000] {taskinstance.py:2170} INFO - Starting attempt 1 of 2
[2025-06-09T07:14:41.957+0000] {taskinstance.py:2191} INFO - Executing <Task(_PythonDecoratedOperator): process_region_asia.process_shopping_carts_asia> on 2025-06-09 07:13:27.516305+00:00
[2025-06-09T07:14:41.975+0000] {standard_task_runner.py:60} INFO - Started process 54035 to run task
[2025-06-09T07:14:41.986+0000] {standard_task_runner.py:87} INFO - Running: ['airflow', 'tasks', 'run', 'multi_region_processor_7', 'process_region_asia.process_shopping_carts_asia', 'manual__2025-06-09T07:13:27.516305+00:00', '--job-id', '490', '--raw', '--subdir', 'DAGS_FOLDER/master2.py', '--cfg-path', '/tmp/tmp7rwkoe0x']
[2025-06-09T07:14:41.993+0000] {standard_task_runner.py:88} INFO - Job 490: Subtask process_region_asia.process_shopping_carts_asia
[2025-06-09T07:14:42.069+0000] {logging_mixin.py:188} WARNING - /home/airflow/.local/lib/python3.10/site-packages/airflow/settings.py:194 DeprecationWarning: The sql_alchemy_conn option in [core] has been moved to the sql_alchemy_conn option in [database] - the old setting has been used, but please update your config.
[2025-06-09T07:14:42.231+0000] {task_command.py:423} INFO - Running <TaskInstance: multi_region_processor_7.process_region_asia.process_shopping_carts_asia manual__2025-06-09T07:13:27.516305+00:00 [running]> on host afcdbcf38bc0
[2025-06-09T07:14:42.565+0000] {taskinstance.py:2480} INFO - Exporting env vars: AIRFLOW_CTX_DAG_OWNER='data-team' AIRFLOW_CTX_DAG_ID='multi_region_processor_7' AIRFLOW_CTX_TASK_ID='process_region_asia.process_shopping_carts_asia' AIRFLOW_CTX_EXECUTION_DATE='2025-06-09T07:13:27.516305+00:00' AIRFLOW_CTX_TRY_NUMBER='1' AIRFLOW_CTX_DAG_RUN_ID='manual__2025-06-09T07:13:27.516305+00:00'
[2025-06-09T07:14:54.692+0000] {logging_mixin.py:188} INFO - Processing shopping_carts for region asia
[2025-06-09T07:15:13.507+0000] {logging_mixin.py:188} INFO - +-------+-----------+--------------------+-------------------+-------------------+-------------------+-------+--------+
|cart_id|customer_id|          session_id|         created_at|         updated_at|       abandoned_at|_region| _source|
+-------+-----------+--------------------+-------------------+-------------------+-------------------+-------+--------+
|      1|          1|sess_jp_abc123def456|2024-03-15 09:30:45|2024-03-15 10:45:20|               NULL|   asia|postgres|
|      2|          2|sess_jp_ghi789jkl012|2024-03-16 00:00:00|2024-03-16 00:00:00|2024-03-16 00:00:00|   asia|postgres|
|      3|          3|sess_jp_mno345pqr678|2024-03-17 00:00:00|2024-03-17 00:00:00|               NULL|   asia|postgres|
|      4|          4|sess_jp_stu901vwx234|               NULL|               NULL|               NULL|   asia|postgres|
|      5|          5|sess_jp_yza567bcd890|2024-03-19 00:00:00|2024-03-19 00:00:00|               NULL|   asia|postgres|
|      1|          1|sess_jp_abc123def456|2024-03-15 09:30:45|2024-03-15 10:45:20|               NULL|   asia|postgres|
|      2|          2|sess_jp_ghi789jkl012|2024-03-16 00:00:00|2024-03-16 00:00:00|2024-03-16 00:00:00|   asia|postgres|
|      3|          3|sess_jp_mno345pqr678|2024-03-17 00:00:00|2024-03-17 00:00:00|               NULL|   asia|postgres|
|      4|          4|sess_jp_stu901vwx234|               NULL|               NULL|               NULL|   asia|postgres|
|      5|          5|sess_jp_yza567bcd890|2024-03-19 00:00:00|2024-03-19 00:00:00|               NULL|   asia|postgres|
+-------+-----------+--------------------+-------------------+-------------------+-------------------+-------+--------+
[2025-06-09T07:15:18.261+0000] {logging_mixin.py:188} INFO - Successfully processed 10 records for shopping_carts in asia
[2025-06-09T07:15:18.822+0000] {python.py:201} INFO - Done. Returned value was: {'region': 'asia', 'table': 'shopping_carts', 'record_count': 10, 'status': 'success'}
[2025-06-09T07:15:18.954+0000] {taskinstance.py:1138} INFO - Marking task as SUCCESS. dag_id=multi_region_processor_7, task_id=process_region_asia.process_shopping_carts_asia, execution_date=20250609T071327, start_date=20250609T071441, end_date=20250609T071518
[2025-06-09T07:15:19.077+0000] {local_task_job_runner.py:234} INFO - Task exited with return code 0
[2025-06-09T07:15:19.185+0000] {taskinstance.py:3280} INFO - 0 downstream tasks scheduled from follow-on schedule check
