[2025-06-11T12:39:37.965+0000] {taskinstance.py:1956} INFO - Dependencies all met for dep_context=non-requeueable deps ti=<TaskInstance: multi_region_transform_staging_v2.process_region_asia.process_categories_asia manual__2025-06-11T12:39:18.079948+00:00 [queued]>
[2025-06-11T12:39:37.979+0000] {taskinstance.py:1956} INFO - Dependencies all met for dep_context=requeueable deps ti=<TaskInstance: multi_region_transform_staging_v2.process_region_asia.process_categories_asia manual__2025-06-11T12:39:18.079948+00:00 [queued]>
[2025-06-11T12:39:37.980+0000] {taskinstance.py:2170} INFO - Starting attempt 1 of 2
[2025-06-11T12:39:38.002+0000] {taskinstance.py:2191} INFO - Executing <Task(_PythonDecoratedOperator): process_region_asia.process_categories_asia> on 2025-06-11 12:39:18.079948+00:00
[2025-06-11T12:39:38.012+0000] {clientserver.py:543} INFO - Closing down clientserver connection
[2025-06-11T12:39:38.012+0000] {standard_task_runner.py:60} INFO - Started process 60130 to run task
[2025-06-11T12:39:38.018+0000] {standard_task_runner.py:87} INFO - Running: ['airflow', 'tasks', 'run', 'multi_region_transform_staging_v2', 'process_region_asia.process_categories_asia', 'manual__2025-06-11T12:39:18.079948+00:00', '--job-id', '1770', '--raw', '--subdir', 'DAGS_FOLDER/master_dag.py', '--cfg-path', '/tmp/tmpbeh4dzrn']
[2025-06-11T12:39:38.021+0000] {standard_task_runner.py:88} INFO - Job 1770: Subtask process_region_asia.process_categories_asia
[2025-06-11T12:39:38.138+0000] {task_command.py:423} INFO - Running <TaskInstance: multi_region_transform_staging_v2.process_region_asia.process_categories_asia manual__2025-06-11T12:39:18.079948+00:00 [running]> on host 8b0a421f0af7
[2025-06-11T12:39:38.352+0000] {taskinstance.py:2480} INFO - Exporting env vars: AIRFLOW_CTX_DAG_OWNER='data-team' AIRFLOW_CTX_DAG_ID='multi_region_transform_staging_v2' AIRFLOW_CTX_TASK_ID='process_region_asia.process_categories_asia' AIRFLOW_CTX_EXECUTION_DATE='2025-06-11T12:39:18.079948+00:00' AIRFLOW_CTX_TRY_NUMBER='1' AIRFLOW_CTX_DAG_RUN_ID='manual__2025-06-11T12:39:18.079948+00:00'
[2025-06-11T12:39:38.371+0000] {logging_mixin.py:188} INFO - Found an existing Spark session. Stopping it.
[2025-06-11T12:39:38.484+0000] {clientserver.py:505} INFO - Error while sending or receiving.
Traceback (most recent call last):
  File "/home/airflow/.local/lib/python3.10/site-packages/py4j/clientserver.py", line 503, in send_command
    self.socket.sendall(command.encode("utf-8"))
ConnectionResetError: [Errno 104] Connection reset by peer
[2025-06-11T12:39:38.486+0000] {clientserver.py:543} INFO - Closing down clientserver connection
[2025-06-11T12:39:38.487+0000] {java_gateway.py:1052} INFO - Exception while sending command.
Traceback (most recent call last):
  File "/home/airflow/.local/lib/python3.10/site-packages/py4j/clientserver.py", line 503, in send_command
    self.socket.sendall(command.encode("utf-8"))
ConnectionResetError: [Errno 104] Connection reset by peer

During handling of the above exception, another exception occurred:

Traceback (most recent call last):
  File "/home/airflow/.local/lib/python3.10/site-packages/py4j/java_gateway.py", line 1038, in send_command
    response = connection.send_command(command)
  File "/home/airflow/.local/lib/python3.10/site-packages/py4j/clientserver.py", line 506, in send_command
    raise Py4JNetworkError(
py4j.protocol.Py4JNetworkError: Error while sending
[2025-06-11T12:39:38.490+0000] {clientserver.py:543} INFO - Closing down clientserver connection
[2025-06-11T12:43:50.926+0000] {local_task_job_runner.py:302} WARNING - State of this instance has been externally set to failed. Terminating instance.
[2025-06-11T12:43:51.110+0000] {process_utils.py:131} INFO - Sending 15 to group 60130. PIDs of all processes in the group: [60130]
[2025-06-11T12:43:51.124+0000] {process_utils.py:86} INFO - Sending the signal 15 to group 60130
[2025-06-11T12:43:51.154+0000] {taskinstance.py:2450} ERROR - Received SIGTERM. Terminating subprocesses.
[2025-06-11T12:43:51.463+0000] {process_utils.py:79} INFO - Process psutil.Process(pid=60130, status='terminated', exitcode=0, started='12:39:37') (60130) terminated with exit code 0
