[2025-06-09T02:25:10.312+0000] {taskinstance.py:1956} INFO - Dependencies all met for dep_context=non-requeueable deps ti=<TaskInstance: multi_region_processor1.process_region_asia.process_discounts_asia manual__2025-06-09T02:24:49.586766+00:00 [queued]>
[2025-06-09T02:25:10.333+0000] {taskinstance.py:1956} INFO - Dependencies all met for dep_context=requeueable deps ti=<TaskInstance: multi_region_processor1.process_region_asia.process_discounts_asia manual__2025-06-09T02:24:49.586766+00:00 [queued]>
[2025-06-09T02:25:10.333+0000] {taskinstance.py:2170} INFO - Starting attempt 1 of 3
[2025-06-09T02:25:10.429+0000] {taskinstance.py:2191} INFO - Executing <Task(_PythonDecoratedOperator): process_region_asia.process_discounts_asia> on 2025-06-09 02:24:49.586766+00:00
[2025-06-09T02:25:10.435+0000] {standard_task_runner.py:60} INFO - Started process 43451 to run task
[2025-06-09T02:25:10.435+0000] {clientserver.py:543} INFO - Closing down clientserver connection
[2025-06-09T02:25:10.439+0000] {standard_task_runner.py:87} INFO - Running: ['airflow', 'tasks', 'run', 'multi_region_processor1', 'process_region_asia.process_discounts_asia', 'manual__2025-06-09T02:24:49.586766+00:00', '--job-id', '30', '--raw', '--subdir', 'DAGS_FOLDER/master2.py', '--cfg-path', '/tmp/tmpk029munz']
[2025-06-09T02:25:10.441+0000] {standard_task_runner.py:88} INFO - Job 30: Subtask process_region_asia.process_discounts_asia
[2025-06-09T02:25:10.827+0000] {logging_mixin.py:188} WARNING - /home/airflow/.local/lib/python3.10/site-packages/airflow/settings.py:194 DeprecationWarning: The sql_alchemy_conn option in [core] has been moved to the sql_alchemy_conn option in [database] - the old setting has been used, but please update your config.
[2025-06-09T02:25:10.927+0000] {task_command.py:423} INFO - Running <TaskInstance: multi_region_processor1.process_region_asia.process_discounts_asia manual__2025-06-09T02:24:49.586766+00:00 [running]> on host 847c6af56c4f
[2025-06-09T02:25:11.303+0000] {taskinstance.py:2480} INFO - Exporting env vars: AIRFLOW_CTX_DAG_OWNER='data-team' AIRFLOW_CTX_DAG_ID='multi_region_processor1' AIRFLOW_CTX_TASK_ID='process_region_asia.process_discounts_asia' AIRFLOW_CTX_EXECUTION_DATE='2025-06-09T02:24:49.586766+00:00' AIRFLOW_CTX_TRY_NUMBER='1' AIRFLOW_CTX_DAG_RUN_ID='manual__2025-06-09T02:24:49.586766+00:00'
[2025-06-09T02:25:11.315+0000] {logging_mixin.py:188} INFO - Processing discounts for region asia
[2025-06-09T02:25:24.400+0000] {logging_mixin.py:188} INFO - ❌ Error processing discounts for asia: An error occurred while calling o169.save.
: org.apache.spark.SparkClassNotFoundException: [DATA_SOURCE_NOT_FOUND] Failed to find the data source: snowflake. Please find packages at `https://spark.apache.org/third-party-projects.html`.
	at org.apache.spark.sql.errors.QueryExecutionErrors$.dataSourceNotFoundError(QueryExecutionErrors.scala:725)
	at org.apache.spark.sql.execution.datasources.DataSource$.lookupDataSource(DataSource.scala:647)
	at org.apache.spark.sql.execution.datasources.DataSource$.lookupDataSourceV2(DataSource.scala:697)
	at org.apache.spark.sql.DataFrameWriter.lookupV2Provider(DataFrameWriter.scala:873)
	at org.apache.spark.sql.DataFrameWriter.saveInternal(DataFrameWriter.scala:260)
	at org.apache.spark.sql.DataFrameWriter.save(DataFrameWriter.scala:251)
	at java.base/jdk.internal.reflect.NativeMethodAccessorImpl.invoke0(Native Method)
	at java.base/jdk.internal.reflect.NativeMethodAccessorImpl.invoke(NativeMethodAccessorImpl.java:62)
	at java.base/jdk.internal.reflect.DelegatingMethodAccessorImpl.invoke(DelegatingMethodAccessorImpl.java:43)
	at java.base/java.lang.reflect.Method.invoke(Method.java:566)
	at py4j.reflection.MethodInvoker.invoke(MethodInvoker.java:244)
	at py4j.reflection.ReflectionEngine.invoke(ReflectionEngine.java:374)
	at py4j.Gateway.invoke(Gateway.java:282)
	at py4j.commands.AbstractCommand.invokeMethod(AbstractCommand.java:132)
	at py4j.commands.CallCommand.execute(CallCommand.java:79)
	at py4j.ClientServerConnection.waitForCommands(ClientServerConnection.java:182)
	at py4j.ClientServerConnection.run(ClientServerConnection.java:106)
	at java.base/java.lang.Thread.run(Thread.java:829)
Caused by: java.lang.ClassNotFoundException: snowflake.DefaultSource
	at java.base/java.net.URLClassLoader.findClass(URLClassLoader.java:476)
	at java.base/java.lang.ClassLoader.loadClass(ClassLoader.java:594)
	at java.base/java.lang.ClassLoader.loadClass(ClassLoader.java:527)
	at org.apache.spark.sql.execution.datasources.DataSource$.$anonfun$lookupDataSource$5(DataSource.scala:633)
	at scala.util.Try$.apply(Try.scala:213)
	at org.apache.spark.sql.execution.datasources.DataSource$.$anonfun$lookupDataSource$4(DataSource.scala:633)
	at scala.util.Failure.orElse(Try.scala:224)
	at org.apache.spark.sql.execution.datasources.DataSource$.lookupDataSource(DataSource.scala:633)
	... 16 more
