[2025-06-09T07:15:32.953+0000] {taskinstance.py:1956} INFO - Dependencies all met for dep_context=non-requeueable deps ti=<TaskInstance: multi_region_processor_7.process_region_asia.process_order_items_asia manual__2025-06-09T07:13:27.516305+00:00 [queued]>
[2025-06-09T07:15:32.975+0000] {taskinstance.py:1956} INFO - Dependencies all met for dep_context=requeueable deps ti=<TaskInstance: multi_region_processor_7.process_region_asia.process_order_items_asia manual__2025-06-09T07:13:27.516305+00:00 [queued]>
[2025-06-09T07:15:32.975+0000] {taskinstance.py:2170} INFO - Starting attempt 1 of 2
[2025-06-09T07:15:33.007+0000] {taskinstance.py:2191} INFO - Executing <Task(_PythonDecoratedOperator): process_region_asia.process_order_items_asia> on 2025-06-09 07:13:27.516305+00:00
[2025-06-09T07:15:33.018+0000] {standard_task_runner.py:60} INFO - Started process 56219 to run task
[2025-06-09T07:15:33.023+0000] {standard_task_runner.py:87} INFO - Running: ['airflow', 'tasks', 'run', 'multi_region_processor_7', 'process_region_asia.process_order_items_asia', 'manual__2025-06-09T07:13:27.516305+00:00', '--job-id', '499', '--raw', '--subdir', 'DAGS_FOLDER/master2.py', '--cfg-path', '/tmp/tmpvup_cvto']
[2025-06-09T07:15:33.025+0000] {standard_task_runner.py:88} INFO - Job 499: Subtask process_region_asia.process_order_items_asia
[2025-06-09T07:15:33.062+0000] {logging_mixin.py:188} WARNING - /home/airflow/.local/lib/python3.10/site-packages/airflow/settings.py:194 DeprecationWarning: The sql_alchemy_conn option in [core] has been moved to the sql_alchemy_conn option in [database] - the old setting has been used, but please update your config.
[2025-06-09T07:15:33.140+0000] {task_command.py:423} INFO - Running <TaskInstance: multi_region_processor_7.process_region_asia.process_order_items_asia manual__2025-06-09T07:13:27.516305+00:00 [running]> on host afcdbcf38bc0
[2025-06-09T07:15:33.366+0000] {taskinstance.py:2480} INFO - Exporting env vars: AIRFLOW_CTX_DAG_OWNER='data-team' AIRFLOW_CTX_DAG_ID='multi_region_processor_7' AIRFLOW_CTX_TASK_ID='process_region_asia.process_order_items_asia' AIRFLOW_CTX_EXECUTION_DATE='2025-06-09T07:13:27.516305+00:00' AIRFLOW_CTX_TRY_NUMBER='1' AIRFLOW_CTX_DAG_RUN_ID='manual__2025-06-09T07:13:27.516305+00:00'
[2025-06-09T07:15:46.006+0000] {logging_mixin.py:188} INFO - Processing order_items for region asia
[2025-06-09T07:16:11.273+0000] {logging_mixin.py:188} INFO - +-------------+--------+----------+--------+--------------+---------------+-------------------+-------+--------+
|order_item_id|order_id|variant_id|quantity|unit_price_jpy|total_price_jpy|         created_at|_region| _source|
+-------------+--------+----------+--------+--------------+---------------+-------------------+-------+--------+
|            1|       1|         1|       1|        149800|         149800|2024-03-05 13:35:40|   asia|postgres|
|            2|       2|        11|       1|          8900|           8900|2024-03-06 15:50:25|   asia|postgres|
|            3|       3|        14|       1|        198000|         198000|2024-03-07 08:25:30|   asia|postgres|
|            4|       4|        14|       1|         19800|          19800|2024-03-08 10:40:45|   asia|postgres|
|            5|       5|        11|       1|         25000|          25000|2024-03-09 12:55:20|   asia|postgres|
|            6|       6|        18|       1|          9800|           9800|2024-03-10 15:20:35|   asia|postgres|
|            7|       7|        20|       1|         89000|          89000|2024-03-11 08:35:50|   asia|postgres|
|            8|       8|        10|       1|          4500|           4500|2024-03-12 10:50:15|   asia|postgres|
|            9|       9|         4|       1|        158000|         158000|2024-03-13 13:15:30|   asia|postgres|
|           10|      10|        16|       1|         12500|          12500|2024-03-14 15:30:45|   asia|postgres|
+-------------+--------+----------+--------+--------------+---------------+-------------------+-------+--------+
only showing top 10 rows
[2025-06-09T07:16:15.664+0000] {logging_mixin.py:188} INFO - Successfully processed 20 records for order_items in asia
[2025-06-09T07:16:16.162+0000] {python.py:201} INFO - Done. Returned value was: {'region': 'asia', 'table': 'order_items', 'record_count': 20, 'status': 'success'}
[2025-06-09T07:16:16.269+0000] {taskinstance.py:1138} INFO - Marking task as SUCCESS. dag_id=multi_region_processor_7, task_id=process_region_asia.process_order_items_asia, execution_date=20250609T071327, start_date=20250609T071532, end_date=20250609T071616
[2025-06-09T07:16:16.364+0000] {local_task_job_runner.py:234} INFO - Task exited with return code 0
[2025-06-09T07:16:16.479+0000] {taskinstance.py:3280} INFO - 1 downstream tasks scheduled from follow-on schedule check
