[2025-06-09T07:24:21.469+0000] {taskinstance.py:1956} INFO - Dependencies all met for dep_context=non-requeueable deps ti=<TaskInstance: multi_region_processor_7.process_region_asia.process_customer_addresses_asia manual__2025-06-09T07:23:36.480089+00:00 [queued]>
[2025-06-09T07:24:21.489+0000] {taskinstance.py:1956} INFO - Dependencies all met for dep_context=requeueable deps ti=<TaskInstance: multi_region_processor_7.process_region_asia.process_customer_addresses_asia manual__2025-06-09T07:23:36.480089+00:00 [queued]>
[2025-06-09T07:24:21.490+0000] {taskinstance.py:2170} INFO - Starting attempt 1 of 2
[2025-06-09T07:24:21.518+0000] {taskinstance.py:2191} INFO - Executing <Task(_PythonDecoratedOperator): process_region_asia.process_customer_addresses_asia> on 2025-06-09 07:23:36.480089+00:00
[2025-06-09T07:24:21.526+0000] {standard_task_runner.py:60} INFO - Started process 63661 to run task
[2025-06-09T07:24:21.530+0000] {standard_task_runner.py:87} INFO - Running: ['airflow', 'tasks', 'run', 'multi_region_processor_7', 'process_region_asia.process_customer_addresses_asia', 'manual__2025-06-09T07:23:36.480089+00:00', '--job-id', '522', '--raw', '--subdir', 'DAGS_FOLDER/master2.py', '--cfg-path', '/tmp/tmpbu3fwamr']
[2025-06-09T07:24:21.532+0000] {standard_task_runner.py:88} INFO - Job 522: Subtask process_region_asia.process_customer_addresses_asia
[2025-06-09T07:24:21.560+0000] {logging_mixin.py:188} WARNING - /home/airflow/.local/lib/python3.10/site-packages/airflow/settings.py:194 DeprecationWarning: The sql_alchemy_conn option in [core] has been moved to the sql_alchemy_conn option in [database] - the old setting has been used, but please update your config.
[2025-06-09T07:24:21.639+0000] {task_command.py:423} INFO - Running <TaskInstance: multi_region_processor_7.process_region_asia.process_customer_addresses_asia manual__2025-06-09T07:23:36.480089+00:00 [running]> on host afcdbcf38bc0
[2025-06-09T07:24:21.839+0000] {taskinstance.py:2480} INFO - Exporting env vars: AIRFLOW_CTX_DAG_OWNER='data-team' AIRFLOW_CTX_DAG_ID='multi_region_processor_7' AIRFLOW_CTX_TASK_ID='process_region_asia.process_customer_addresses_asia' AIRFLOW_CTX_EXECUTION_DATE='2025-06-09T07:23:36.480089+00:00' AIRFLOW_CTX_TRY_NUMBER='1' AIRFLOW_CTX_DAG_RUN_ID='manual__2025-06-09T07:23:36.480089+00:00'
[2025-06-09T07:24:31.683+0000] {logging_mixin.py:188} INFO - Processing customer_addresses for region asia
[2025-06-09T07:24:52.954+0000] {logging_mixin.py:188} INFO - +----------+-----------+------------+-----------------+--------+--------+-----------+-------+----------+-------------------+-------+--------+
|address_id|customer_id|address_type|   street_address|    city|  region|postal_code|country|is_default|         created_at|_region| _source|
+----------+-----------+------------+-----------------+--------+--------+-----------+-------+----------+-------------------+-------+--------+
|         1|          1|     Billing|    1-2-3 Chiyoda|   Tokyo|   Tokyo|   100-0001|  Japan|      true|2025-06-08 19:23:06|   asia|postgres|
|         2|          1|    Shipping|     4-5-6 Minato|   Tokyo|   Tokyo|   105-0001|  Japan|     false|2025-06-08 19:23:06|   asia|postgres|
|         3|          2|     Billing|     7-8-9 Naniwa|   Osaka|   Osaka|   556-0001|  Japan|      true|2025-06-08 19:23:06|   asia|postgres|
|         4|          3|     Billing|10-11-12 Nakamura|  Nagoya|   Aichi|   450-0001|  Japan|      true|2025-06-08 19:23:06|   asia|postgres|
|         5|          3|    Shipping| 13-14-15 Higashi|  Nagoya|   Aichi|   461-0001|  Japan|     false|2025-06-08 19:23:06|   asia|postgres|
|         6|          4|     Billing|  16-17-18 Hakata| Fukuoka| Fukuoka|   812-0011|  Japan|      true|2025-06-08 19:23:06|   asia|postgres|
|         7|          5|     Billing|    19-20-21 Chuo| Sapporo|Hokkaido|   060-0001|  Japan|      true|2025-06-08 19:23:06|   asia|postgres|
|         8|          6|     Billing|    22-23-24 Aoba|Yokohama|Kanagawa|   225-0001|  Japan|      true|2025-06-08 19:23:06|   asia|postgres|
|         9|          7|     Billing|   25-26-27 Nishi|    Kobe|   Hyogo|   651-0001|  Japan|      true|2025-06-08 19:23:06|   asia|postgres|
|        10|          8|     Billing|    28-29-30 Kita|   Kyoto|   Kyoto|   603-8001|  Japan|      true|2025-06-08 19:23:06|   asia|postgres|
+----------+-----------+------------+-----------------+--------+--------+-----------+-------+----------+-------------------+-------+--------+
only showing top 10 rows
[2025-06-09T07:24:56.918+0000] {logging_mixin.py:188} INFO - Successfully processed 54 records for customer_addresses in asia
[2025-06-09T07:24:57.418+0000] {python.py:201} INFO - Done. Returned value was: {'region': 'asia', 'table': 'customer_addresses', 'record_count': 54, 'status': 'success'}
[2025-06-09T07:24:57.613+0000] {taskinstance.py:1138} INFO - Marking task as SUCCESS. dag_id=multi_region_processor_7, task_id=process_region_asia.process_customer_addresses_asia, execution_date=20250609T072336, start_date=20250609T072421, end_date=20250609T072457
[2025-06-09T07:24:57.647+0000] {local_task_job_runner.py:234} INFO - Task exited with return code 0
[2025-06-09T07:24:57.711+0000] {taskinstance.py:3280} INFO - 1 downstream tasks scheduled from follow-on schedule check
