[2025-06-11T16:24:47.678+0000] {taskinstance.py:1956} INFO - Dependencies all met for dep_context=non-requeueable deps ti=<TaskInstance: multi_region_transform_staging_v2.process_region_us.process_order_items_us manual__2025-06-11T16:23:03.913561+00:00 [queued]>
[2025-06-11T16:24:47.695+0000] {taskinstance.py:1956} INFO - Dependencies all met for dep_context=requeueable deps ti=<TaskInstance: multi_region_transform_staging_v2.process_region_us.process_order_items_us manual__2025-06-11T16:23:03.913561+00:00 [queued]>
[2025-06-11T16:24:47.696+0000] {taskinstance.py:2170} INFO - Starting attempt 1 of 2
[2025-06-11T16:24:47.715+0000] {taskinstance.py:2191} INFO - Executing <Task(_PythonDecoratedOperator): process_region_us.process_order_items_us> on 2025-06-11 16:23:03.913561+00:00
[2025-06-11T16:24:47.726+0000] {standard_task_runner.py:60} INFO - Started process 54589 to run task
[2025-06-11T16:24:47.729+0000] {standard_task_runner.py:87} INFO - Running: ['airflow', 'tasks', 'run', 'multi_region_transform_staging_v2', 'process_region_us.process_order_items_us', 'manual__2025-06-11T16:23:03.913561+00:00', '--job-id', '320', '--raw', '--subdir', 'DAGS_FOLDER/master_dag.py', '--cfg-path', '/tmp/tmpeyx28bji']
[2025-06-11T16:24:47.732+0000] {standard_task_runner.py:88} INFO - Job 320: Subtask process_region_us.process_order_items_us
[2025-06-11T16:24:47.836+0000] {task_command.py:423} INFO - Running <TaskInstance: multi_region_transform_staging_v2.process_region_us.process_order_items_us manual__2025-06-11T16:23:03.913561+00:00 [running]> on host 5950010ae7c1
[2025-06-11T16:24:48.046+0000] {taskinstance.py:2480} INFO - Exporting env vars: AIRFLOW_CTX_DAG_OWNER='data-team' AIRFLOW_CTX_DAG_ID='multi_region_transform_staging_v2' AIRFLOW_CTX_TASK_ID='process_region_us.process_order_items_us' AIRFLOW_CTX_EXECUTION_DATE='2025-06-11T16:23:03.913561+00:00' AIRFLOW_CTX_TRY_NUMBER='1' AIRFLOW_CTX_DAG_RUN_ID='manual__2025-06-11T16:23:03.913561+00:00'
[2025-06-11T16:24:59.383+0000] {logging_mixin.py:188} INFO - Debugggg::::Vector(spark://5950010ae7c1:35835/jars/spark-snowflake_2.12-2.16.0-spark_3.2.jar, spark://5950010ae7c1:35835/jars/snowflake-jdbc-3.13.17.jar)
[2025-06-11T16:24:59.386+0000] {logging_mixin.py:188} INFO - Processing order_items for region us
[2025-06-11T16:24:59.426+0000] {logging_mixin.py:188} INFO - /opt/airflow/data/raw/region=us/table=order_items/load_date=2025-06-11
[2025-06-11T16:25:28.850+0000] {logging_mixin.py:188} INFO - Error processing order_items for us: transform_order_items_us() takes 1 positional argument but 2 were given
[2025-06-11T16:25:30.933+0000] {taskinstance.py:2698} ERROR - Task failed with exception
Traceback (most recent call last):
  File "/home/airflow/.local/lib/python3.10/site-packages/airflow/models/taskinstance.py", line 433, in _execute_task
    result = execute_callable(context=context, **execute_callable_kwargs)
  File "/home/airflow/.local/lib/python3.10/site-packages/airflow/decorators/base.py", line 241, in execute
    return_value = super().execute(context)
  File "/home/airflow/.local/lib/python3.10/site-packages/airflow/operators/python.py", line 199, in execute
    return_value = self.execute_callable()
  File "/home/airflow/.local/lib/python3.10/site-packages/airflow/operators/python.py", line 216, in execute_callable
    return self.python_callable(*self.op_args, **self.op_kwargs)
  File "/opt/airflow/dags/master_dag.py", line 242, in process_table
    df_transformed = transform_func(df_raw, region,exchange_rates)
  File "/opt/airflow/scripts/etl/transform/order_items.py", line 118, in transform_order_items
    return transform_order_items_us(df,exchange_rates)
TypeError: transform_order_items_us() takes 1 positional argument but 2 were given
[2025-06-11T16:25:30.980+0000] {taskinstance.py:1138} INFO - Marking task as UP_FOR_RETRY. dag_id=multi_region_transform_staging_v2, task_id=process_region_us.process_order_items_us, execution_date=20250611T162303, start_date=20250611T162447, end_date=20250611T162530
[2025-06-11T16:25:31.039+0000] {standard_task_runner.py:107} ERROR - Failed to execute job 320 for task process_region_us.process_order_items_us (transform_order_items_us() takes 1 positional argument but 2 were given; 54589)
[2025-06-11T16:25:31.092+0000] {local_task_job_runner.py:234} INFO - Task exited with return code 1
[2025-06-11T16:25:31.221+0000] {taskinstance.py:3280} INFO - 0 downstream tasks scheduled from follow-on schedule check
