[2025-06-11T16:26:34.294+0000] {taskinstance.py:1956} INFO - Dependencies all met for dep_context=non-requeueable deps ti=<TaskInstance: multi_region_transform_staging_v2.process_region_us.process_order_items_us manual__2025-06-11T16:23:03.913561+00:00 [queued]>
[2025-06-11T16:26:34.317+0000] {taskinstance.py:1956} INFO - Dependencies all met for dep_context=requeueable deps ti=<TaskInstance: multi_region_transform_staging_v2.process_region_us.process_order_items_us manual__2025-06-11T16:23:03.913561+00:00 [queued]>
[2025-06-11T16:26:34.318+0000] {taskinstance.py:2170} INFO - Starting attempt 2 of 2
[2025-06-11T16:26:34.342+0000] {taskinstance.py:2191} INFO - Executing <Task(_PythonDecoratedOperator): process_region_us.process_order_items_us> on 2025-06-11 16:23:03.913561+00:00
[2025-06-11T16:26:34.354+0000] {standard_task_runner.py:60} INFO - Started process 58667 to run task
[2025-06-11T16:26:34.358+0000] {standard_task_runner.py:87} INFO - Running: ['airflow', 'tasks', 'run', 'multi_region_transform_staging_v2', 'process_region_us.process_order_items_us', 'manual__2025-06-11T16:23:03.913561+00:00', '--job-id', '339', '--raw', '--subdir', 'DAGS_FOLDER/master_dag.py', '--cfg-path', '/tmp/tmpjw0owin_']
[2025-06-11T16:26:34.361+0000] {standard_task_runner.py:88} INFO - Job 339: Subtask process_region_us.process_order_items_us
[2025-06-11T16:26:34.465+0000] {task_command.py:423} INFO - Running <TaskInstance: multi_region_transform_staging_v2.process_region_us.process_order_items_us manual__2025-06-11T16:23:03.913561+00:00 [running]> on host 5950010ae7c1
[2025-06-11T16:26:34.729+0000] {taskinstance.py:2480} INFO - Exporting env vars: AIRFLOW_CTX_DAG_OWNER='data-team' AIRFLOW_CTX_DAG_ID='multi_region_transform_staging_v2' AIRFLOW_CTX_TASK_ID='process_region_us.process_order_items_us' AIRFLOW_CTX_EXECUTION_DATE='2025-06-11T16:23:03.913561+00:00' AIRFLOW_CTX_TRY_NUMBER='2' AIRFLOW_CTX_DAG_RUN_ID='manual__2025-06-11T16:23:03.913561+00:00'
[2025-06-11T16:26:41.056+0000] {logging_mixin.py:188} INFO - Debugggg::::Vector(spark://5950010ae7c1:37853/jars/snowflake-jdbc-3.13.17.jar, spark://5950010ae7c1:37853/jars/spark-snowflake_2.12-2.16.0-spark_3.2.jar)
[2025-06-11T16:26:41.058+0000] {logging_mixin.py:188} INFO - Processing order_items for region us
[2025-06-11T16:26:41.081+0000] {logging_mixin.py:188} INFO - /opt/airflow/data/raw/region=us/table=order_items/load_date=2025-06-11
[2025-06-11T16:26:59.652+0000] {logging_mixin.py:188} INFO - STAGING_US
[2025-06-11T16:27:00.925+0000] {logging_mixin.py:188} INFO - +-------------+--------+----------+--------+--------------+---------------+--------------------+-------+--------+
|order_item_id|order_id|variant_id|quantity|unit_price_usd|total_price_usd|          created_at|_region| _source|
+-------------+--------+----------+--------+--------------+---------------+--------------------+-------+--------+
|            1|       1|         1|       1|        999.99|         999.99|2025-06-11 02:14:...|     us|postgres|
|            2|       2|        11|       1|         79.99|          79.99|2025-06-11 02:14:...|     us|postgres|
|            3|       3|         4|       1|       1199.99|        1199.99|2025-06-11 02:14:...|     us|postgres|
|            4|       3|         5|       1|        100.00|         100.00|2025-06-11 02:14:...|     us|postgres|
|            5|       4|        14|       1|        299.99|         299.99|2025-06-11 02:14:...|     us|postgres|
|            6|       5|        11|       1|        249.99|         249.99|2025-06-11 02:14:...|     us|postgres|
|            7|       6|        18|       1|         89.99|          89.99|2025-06-11 02:14:...|     us|postgres|
|            8|       7|        20|       1|        799.99|         799.99|2025-06-11 02:14:...|     us|postgres|
|            9|       8|        10|       1|        199.99|         199.99|2025-06-11 02:14:...|     us|postgres|
|           10|       9|        12|       1|       1599.99|        1599.99|2025-06-11 02:14:...|     us|postgres|
+-------------+--------+----------+--------+--------------+---------------+--------------------+-------+--------+
only showing top 10 rows
[2025-06-11T16:27:00.925+0000] {logging_mixin.py:188} INFO - Inserting into snowflake
[2025-06-11T16:27:09.997+0000] {logging_mixin.py:188} INFO - successfully inserted in snowflake
[2025-06-11T16:27:10.016+0000] {crypto.py:82} WARNING - empty cryptography key - values will not be stored encrypted.
[2025-06-11T16:27:10.455+0000] {logging_mixin.py:188} INFO - Successfully processed 11 records for order_items in us
[2025-06-11T16:27:13.318+0000] {python.py:201} INFO - Done. Returned value was: {'region': 'us', 'table': 'order_items', 'record_count': 11, 'status': 'success'}
[2025-06-11T16:27:13.411+0000] {taskinstance.py:1138} INFO - Marking task as SUCCESS. dag_id=multi_region_transform_staging_v2, task_id=process_region_us.process_order_items_us, execution_date=20250611T162303, start_date=20250611T162634, end_date=20250611T162713
[2025-06-11T16:27:13.506+0000] {local_task_job_runner.py:234} INFO - Task exited with return code 0
[2025-06-11T16:27:13.649+0000] {taskinstance.py:3280} INFO - 1 downstream tasks scheduled from follow-on schedule check
