[2025-06-01T18:45:50.346+0000] {taskinstance.py:1956} INFO - Dependencies all met for dep_context=non-requeueable deps ti=<TaskInstance: copy_postgres_table_to_table.transfer_table_data manual__2025-06-01T18:45:48.205712+00:00 [queued]>
[2025-06-01T18:45:50.352+0000] {taskinstance.py:1956} INFO - Dependencies all met for dep_context=requeueable deps ti=<TaskInstance: copy_postgres_table_to_table.transfer_table_data manual__2025-06-01T18:45:48.205712+00:00 [queued]>
[2025-06-01T18:45:50.353+0000] {taskinstance.py:2170} INFO - Starting attempt 1 of 1
[2025-06-01T18:45:50.403+0000] {taskinstance.py:2191} INFO - Executing <Task(_PythonDecoratedOperator): transfer_table_data> on 2025-06-01 18:45:48.205712+00:00
[2025-06-01T18:45:50.407+0000] {standard_task_runner.py:60} INFO - Started process 614 to run task
[2025-06-01T18:45:50.409+0000] {standard_task_runner.py:87} INFO - Running: ['airflow', 'tasks', 'run', 'copy_postgres_table_to_table', 'transfer_table_data', 'manual__2025-06-01T18:45:48.205712+00:00', '--job-id', '88', '--raw', '--subdir', 'DAGS_FOLDER/asia/extract_load_staging_asia.py', '--cfg-path', '/tmp/tmpbutk85on']
[2025-06-01T18:45:50.410+0000] {standard_task_runner.py:88} INFO - Job 88: Subtask transfer_table_data
[2025-06-01T18:45:50.468+0000] {logging_mixin.py:188} WARNING - /home/airflow/.local/lib/python3.10/site-packages/airflow/settings.py:194 DeprecationWarning: The sql_alchemy_conn option in [core] has been moved to the sql_alchemy_conn option in [database] - the old setting has been used, but please update your config.
[2025-06-01T18:45:50.502+0000] {task_command.py:423} INFO - Running <TaskInstance: copy_postgres_table_to_table.transfer_table_data manual__2025-06-01T18:45:48.205712+00:00 [running]> on host 6493224efbbf
[2025-06-01T18:45:50.743+0000] {taskinstance.py:2480} INFO - Exporting env vars: AIRFLOW_CTX_DAG_OWNER='airflow' AIRFLOW_CTX_DAG_ID='copy_postgres_table_to_table' AIRFLOW_CTX_TASK_ID='transfer_table_data' AIRFLOW_CTX_EXECUTION_DATE='2025-06-01T18:45:48.205712+00:00' AIRFLOW_CTX_TRY_NUMBER='1' AIRFLOW_CTX_DAG_RUN_ID='manual__2025-06-01T18:45:48.205712+00:00'
[2025-06-01T18:45:50.744+0000] {logging_mixin.py:188} INFO - Postgres JDBC URL: jdbc:postgresql://None:None/None
[2025-06-01T18:45:50.744+0000] {logging_mixin.py:188} INFO - Postgres User: None
[2025-06-01T18:45:50.744+0000] {logging_mixin.py:188} INFO - Postgres Password is set: False
[2025-06-01T18:45:50.744+0000] {logging_mixin.py:188} INFO - Postgres Driver: org.postgresql.Driver
[2025-06-01T18:45:56.604+0000] {taskinstance.py:2698} ERROR - Task failed with exception
Traceback (most recent call last):
  File "/home/airflow/.local/lib/python3.10/site-packages/airflow/models/taskinstance.py", line 433, in _execute_task
    result = execute_callable(context=context, **execute_callable_kwargs)
  File "/home/airflow/.local/lib/python3.10/site-packages/airflow/decorators/base.py", line 241, in execute
    return_value = super().execute(context)
  File "/home/airflow/.local/lib/python3.10/site-packages/airflow/operators/python.py", line 199, in execute
    return_value = self.execute_callable()
  File "/home/airflow/.local/lib/python3.10/site-packages/airflow/operators/python.py", line 216, in execute_callable
    return self.python_callable(*self.op_args, **self.op_kwargs)
  File "/opt/airflow/dags/asia/extract_load_staging_asia.py", line 46, in transfer_table_data
    .load()
  File "/home/airflow/.local/lib/python3.10/site-packages/pyspark/sql/readwriter.py", line 314, in load
    return self._df(self._jreader.load())
  File "/home/airflow/.local/lib/python3.10/site-packages/py4j/java_gateway.py", line 1322, in __call__
    return_value = get_return_value(
  File "/home/airflow/.local/lib/python3.10/site-packages/pyspark/errors/exceptions/captured.py", line 179, in deco
    return f(*a, **kw)
  File "/home/airflow/.local/lib/python3.10/site-packages/py4j/protocol.py", line 326, in get_return_value
    raise Py4JJavaError(
py4j.protocol.Py4JJavaError: An error occurred while calling o34.load.
: java.lang.NullPointerException
	at java.base/java.util.concurrent.ConcurrentHashMap.putVal(ConcurrentHashMap.java:1011)
	at java.base/java.util.concurrent.ConcurrentHashMap.put(ConcurrentHashMap.java:1006)
	at java.base/java.util.Properties.put(Properties.java:1343)
	at java.base/java.util.Properties.setProperty(Properties.java:231)
	at org.apache.spark.sql.execution.datasources.jdbc.JDBCOptions.$anonfun$asProperties$1(JDBCOptions.scala:54)
	at scala.collection.immutable.HashMap$HashMap1.foreach(HashMap.scala:400)
	at scala.collection.immutable.HashMap$HashTrieMap.foreach(HashMap.scala:728)
	at org.apache.spark.sql.execution.datasources.jdbc.JDBCOptions.<init>(JDBCOptions.scala:54)
	at org.apache.spark.sql.execution.datasources.jdbc.JDBCOptions.<init>(JDBCOptions.scala:41)
	at org.apache.spark.sql.execution.datasources.jdbc.JdbcRelationProvider.createRelation(JdbcRelationProvider.scala:34)
	at org.apache.spark.sql.execution.datasources.DataSource.resolveRelation(DataSource.scala:346)
	at org.apache.spark.sql.DataFrameReader.loadV1Source(DataFrameReader.scala:229)
	at org.apache.spark.sql.DataFrameReader.$anonfun$load$2(DataFrameReader.scala:211)
	at scala.Option.getOrElse(Option.scala:189)
	at org.apache.spark.sql.DataFrameReader.load(DataFrameReader.scala:211)
	at org.apache.spark.sql.DataFrameReader.load(DataFrameReader.scala:172)
	at java.base/jdk.internal.reflect.NativeMethodAccessorImpl.invoke0(Native Method)
	at java.base/jdk.internal.reflect.NativeMethodAccessorImpl.invoke(NativeMethodAccessorImpl.java:62)
	at java.base/jdk.internal.reflect.DelegatingMethodAccessorImpl.invoke(DelegatingMethodAccessorImpl.java:43)
	at java.base/java.lang.reflect.Method.invoke(Method.java:566)
	at py4j.reflection.MethodInvoker.invoke(MethodInvoker.java:244)
	at py4j.reflection.ReflectionEngine.invoke(ReflectionEngine.java:374)
	at py4j.Gateway.invoke(Gateway.java:282)
	at py4j.commands.AbstractCommand.invokeMethod(AbstractCommand.java:132)
	at py4j.commands.CallCommand.execute(CallCommand.java:79)
	at py4j.ClientServerConnection.waitForCommands(ClientServerConnection.java:182)
	at py4j.ClientServerConnection.run(ClientServerConnection.java:106)
	at java.base/java.lang.Thread.run(Thread.java:829)

[2025-06-01T18:45:56.621+0000] {taskinstance.py:1138} INFO - Marking task as FAILED. dag_id=copy_postgres_table_to_table, task_id=transfer_table_data, execution_date=20250601T184548, start_date=20250601T184550, end_date=20250601T184556
[2025-06-01T18:45:56.881+0000] {standard_task_runner.py:107} ERROR - Failed to execute job 88 for task transfer_table_data (An error occurred while calling o34.load.
: java.lang.NullPointerException
	at java.base/java.util.concurrent.ConcurrentHashMap.putVal(ConcurrentHashMap.java:1011)
	at java.base/java.util.concurrent.ConcurrentHashMap.put(ConcurrentHashMap.java:1006)
	at java.base/java.util.Properties.put(Properties.java:1343)
	at java.base/java.util.Properties.setProperty(Properties.java:231)
	at org.apache.spark.sql.execution.datasources.jdbc.JDBCOptions.$anonfun$asProperties$1(JDBCOptions.scala:54)
	at scala.collection.immutable.HashMap$HashMap1.foreach(HashMap.scala:400)
	at scala.collection.immutable.HashMap$HashTrieMap.foreach(HashMap.scala:728)
	at org.apache.spark.sql.execution.datasources.jdbc.JDBCOptions.<init>(JDBCOptions.scala:54)
	at org.apache.spark.sql.execution.datasources.jdbc.JDBCOptions.<init>(JDBCOptions.scala:41)
	at org.apache.spark.sql.execution.datasources.jdbc.JdbcRelationProvider.createRelation(JdbcRelationProvider.scala:34)
	at org.apache.spark.sql.execution.datasources.DataSource.resolveRelation(DataSource.scala:346)
	at org.apache.spark.sql.DataFrameReader.loadV1Source(DataFrameReader.scala:229)
	at org.apache.spark.sql.DataFrameReader.$anonfun$load$2(DataFrameReader.scala:211)
	at scala.Option.getOrElse(Option.scala:189)
	at org.apache.spark.sql.DataFrameReader.load(DataFrameReader.scala:211)
	at org.apache.spark.sql.DataFrameReader.load(DataFrameReader.scala:172)
	at java.base/jdk.internal.reflect.NativeMethodAccessorImpl.invoke0(Native Method)
	at java.base/jdk.internal.reflect.NativeMethodAccessorImpl.invoke(NativeMethodAccessorImpl.java:62)
	at java.base/jdk.internal.reflect.DelegatingMethodAccessorImpl.invoke(DelegatingMethodAccessorImpl.java:43)
	at java.base/java.lang.reflect.Method.invoke(Method.java:566)
	at py4j.reflection.MethodInvoker.invoke(MethodInvoker.java:244)
	at py4j.reflection.ReflectionEngine.invoke(ReflectionEngine.java:374)
	at py4j.Gateway.invoke(Gateway.java:282)
	at py4j.commands.AbstractCommand.invokeMethod(AbstractCommand.java:132)
	at py4j.commands.CallCommand.execute(CallCommand.java:79)
	at py4j.ClientServerConnection.waitForCommands(ClientServerConnection.java:182)
	at py4j.ClientServerConnection.run(ClientServerConnection.java:106)
	at java.base/java.lang.Thread.run(Thread.java:829)
; 614)
[2025-06-01T18:45:56.970+0000] {local_task_job_runner.py:234} INFO - Task exited with return code 1
[2025-06-01T18:45:56.989+0000] {taskinstance.py:3280} INFO - 0 downstream tasks scheduled from follow-on schedule check
