[2025-06-06T09:32:11.615+0000] {taskinstance.py:1956} INFO - Dependencies all met for dep_context=non-requeueable deps ti=<TaskInstance: extract_postgres_table_to_parquet.run_extraction_us scheduled__2025-06-05T00:00:00+00:00 [queued]>
[2025-06-06T09:32:11.639+0000] {taskinstance.py:1956} INFO - Dependencies all met for dep_context=requeueable deps ti=<TaskInstance: extract_postgres_table_to_parquet.run_extraction_us scheduled__2025-06-05T00:00:00+00:00 [queued]>
[2025-06-06T09:32:11.639+0000] {taskinstance.py:2170} INFO - Starting attempt 1 of 1
[2025-06-06T09:32:11.660+0000] {taskinstance.py:2191} INFO - Executing <Task(_PythonDecoratedOperator): run_extraction_us> on 2025-06-05 00:00:00+00:00
[2025-06-06T09:32:11.667+0000] {standard_task_runner.py:60} INFO - Started process 253 to run task
[2025-06-06T09:32:11.671+0000] {standard_task_runner.py:87} INFO - Running: ['airflow', 'tasks', 'run', 'extract_postgres_table_to_parquet', 'run_extraction_us', 'scheduled__2025-06-05T00:00:00+00:00', '--job-id', '103', '--raw', '--subdir', 'DAGS_FOLDER/asia/landing.py', '--cfg-path', '/tmp/tmpemqvnh3a']
[2025-06-06T09:32:11.674+0000] {standard_task_runner.py:88} INFO - Job 103: Subtask run_extraction_us
[2025-06-06T09:32:11.781+0000] {task_command.py:423} INFO - Running <TaskInstance: extract_postgres_table_to_parquet.run_extraction_us scheduled__2025-06-05T00:00:00+00:00 [running]> on host 59a35f77855d
[2025-06-06T09:32:11.948+0000] {taskinstance.py:2480} INFO - Exporting env vars: AIRFLOW_CTX_DAG_OWNER='airflow' AIRFLOW_CTX_DAG_ID='extract_postgres_table_to_parquet' AIRFLOW_CTX_TASK_ID='run_extraction_us' AIRFLOW_CTX_EXECUTION_DATE='2025-06-05T00:00:00+00:00' AIRFLOW_CTX_TRY_NUMBER='1' AIRFLOW_CTX_DAG_RUN_ID='scheduled__2025-06-05T00:00:00+00:00'
[2025-06-06T09:32:11.950+0000] {logging_mixin.py:188} INFO - Starting extraction for table: categories in region: us
[2025-06-06T09:32:11.975+0000] {logging_mixin.py:188} INFO - [INFO] No variable found. Using default: 2000-01-01 00:00:00.000
[2025-06-06T09:32:29.315+0000] {taskinstance.py:2698} ERROR - Task failed with exception
Traceback (most recent call last):
  File "/home/airflow/.local/lib/python3.10/site-packages/airflow/models/taskinstance.py", line 433, in _execute_task
    result = execute_callable(context=context, **execute_callable_kwargs)
  File "/home/airflow/.local/lib/python3.10/site-packages/airflow/decorators/base.py", line 241, in execute
    return_value = super().execute(context)
  File "/home/airflow/.local/lib/python3.10/site-packages/airflow/operators/python.py", line 199, in execute
    return_value = self.execute_callable()
  File "/home/airflow/.local/lib/python3.10/site-packages/airflow/operators/python.py", line 216, in execute_callable
    return self.python_callable(*self.op_args, **self.op_kwargs)
  File "/opt/airflow/dags/asia/landing.py", line 60, in run_extraction_us
    extract_postgres_table(
  File "/opt/airflow/dags/asia/../../scripts/pyspark_jobs/extract_to_parquet.py", line 39, in extract_postgres_table
    timestamp_col = TABLE_CONFIG[table]["regions"][region]["timestamp_column"]
KeyError: 'categories'
[2025-06-06T09:32:29.411+0000] {taskinstance.py:1138} INFO - Marking task as FAILED. dag_id=extract_postgres_table_to_parquet, task_id=run_extraction_us, execution_date=20250605T000000, start_date=20250606T093211, end_date=20250606T093229
[2025-06-06T09:32:29.482+0000] {standard_task_runner.py:107} ERROR - Failed to execute job 103 for task run_extraction_us ('categories'; 253)
[2025-06-06T09:32:29.536+0000] {local_task_job_runner.py:234} INFO - Task exited with return code 1
[2025-06-06T09:32:29.711+0000] {taskinstance.py:3280} INFO - 0 downstream tasks scheduled from follow-on schedule check
