[2025-06-09T07:31:45.174+0000] {taskinstance.py:1956} INFO - Dependencies all met for dep_context=non-requeueable deps ti=<TaskInstance: multi_region_processor_7.process_region_asia.process_wishlists_asia manual__2025-06-09T07:28:55.367695+00:00 [queued]>
[2025-06-09T07:31:45.191+0000] {taskinstance.py:1956} INFO - Dependencies all met for dep_context=requeueable deps ti=<TaskInstance: multi_region_processor_7.process_region_asia.process_wishlists_asia manual__2025-06-09T07:28:55.367695+00:00 [queued]>
[2025-06-09T07:31:45.191+0000] {taskinstance.py:2170} INFO - Starting attempt 1 of 2
[2025-06-09T07:31:45.209+0000] {taskinstance.py:2191} INFO - Executing <Task(_PythonDecoratedOperator): process_region_asia.process_wishlists_asia> on 2025-06-09 07:28:55.367695+00:00
[2025-06-09T07:31:45.214+0000] {standard_task_runner.py:60} INFO - Started process 78970 to run task
[2025-06-09T07:31:45.218+0000] {standard_task_runner.py:87} INFO - Running: ['airflow', 'tasks', 'run', 'multi_region_processor_7', 'process_region_asia.process_wishlists_asia', 'manual__2025-06-09T07:28:55.367695+00:00', '--job-id', '579', '--raw', '--subdir', 'DAGS_FOLDER/master2.py', '--cfg-path', '/tmp/tmps740fm54']
[2025-06-09T07:31:45.220+0000] {standard_task_runner.py:88} INFO - Job 579: Subtask process_region_asia.process_wishlists_asia
[2025-06-09T07:31:45.243+0000] {logging_mixin.py:188} WARNING - /home/airflow/.local/lib/python3.10/site-packages/airflow/settings.py:194 DeprecationWarning: The sql_alchemy_conn option in [core] has been moved to the sql_alchemy_conn option in [database] - the old setting has been used, but please update your config.
[2025-06-09T07:31:45.297+0000] {task_command.py:423} INFO - Running <TaskInstance: multi_region_processor_7.process_region_asia.process_wishlists_asia manual__2025-06-09T07:28:55.367695+00:00 [running]> on host afcdbcf38bc0
[2025-06-09T07:31:45.436+0000] {taskinstance.py:2480} INFO - Exporting env vars: AIRFLOW_CTX_DAG_OWNER='data-team' AIRFLOW_CTX_DAG_ID='multi_region_processor_7' AIRFLOW_CTX_TASK_ID='process_region_asia.process_wishlists_asia' AIRFLOW_CTX_EXECUTION_DATE='2025-06-09T07:28:55.367695+00:00' AIRFLOW_CTX_TRY_NUMBER='1' AIRFLOW_CTX_DAG_RUN_ID='manual__2025-06-09T07:28:55.367695+00:00'
[2025-06-09T07:31:59.359+0000] {logging_mixin.py:188} INFO - Processing wishlists for region asia
[2025-06-09T07:32:24.024+0000] {logging_mixin.py:188} INFO - +-----------+-----------+----------+-------------------+-------+--------+
|wishlist_id|customer_id|product_id|           added_at|_region| _source|
+-----------+-----------+----------+-------------------+-------+--------+
|          1|          1|         2|2024-03-17 09:30:45|   asia|postgres|
|          2|          1|         9|2024-03-17 09:35:20|   asia|postgres|
|          3|          1|        11|2024-03-17 09:40:15|   asia|postgres|
|          4|          2|         1|2024-03-18 00:00:00|   asia|postgres|
|          5|          2|         6|2024-03-18 00:00:00|   asia|postgres|
|          6|          2|         8|2024-03-18 00:00:00|   asia|postgres|
|          7|          3|         4|2024-03-19 00:00:00|   asia|postgres|
|          8|          3|         7|2024-03-19 00:00:00|   asia|postgres|
|          9|          3|        12|2024-03-19 00:00:00|   asia|postgres|
|         10|          4|         3|               NULL|   asia|postgres|
+-----------+-----------+----------+-------------------+-------+--------+
only showing top 10 rows
[2025-06-09T07:32:28.236+0000] {logging_mixin.py:188} INFO - Successfully processed 30 records for wishlists in asia
[2025-06-09T07:32:28.710+0000] {python.py:201} INFO - Done. Returned value was: {'region': 'asia', 'table': 'wishlists', 'record_count': 30, 'status': 'success'}
[2025-06-09T07:32:28.782+0000] {taskinstance.py:1138} INFO - Marking task as SUCCESS. dag_id=multi_region_processor_7, task_id=process_region_asia.process_wishlists_asia, execution_date=20250609T072855, start_date=20250609T073145, end_date=20250609T073228
[2025-06-09T07:32:28.881+0000] {local_task_job_runner.py:234} INFO - Task exited with return code 0
[2025-06-09T07:32:29.127+0000] {taskinstance.py:3280} INFO - 0 downstream tasks scheduled from follow-on schedule check
