[2025-06-10T07:45:59.447+0000] {taskinstance.py:1956} INFO - Dependencies all met for dep_context=non-requeueable deps ti=<TaskInstance: multi_region_to_snowflake.process_region_eu.process_customer_addresses_eu manual__2025-06-10T07:44:42.674457+00:00 [queued]>
[2025-06-10T07:45:59.461+0000] {taskinstance.py:1956} INFO - Dependencies all met for dep_context=requeueable deps ti=<TaskInstance: multi_region_to_snowflake.process_region_eu.process_customer_addresses_eu manual__2025-06-10T07:44:42.674457+00:00 [queued]>
[2025-06-10T07:45:59.462+0000] {taskinstance.py:2170} INFO - Starting attempt 1 of 2
[2025-06-10T07:45:59.483+0000] {taskinstance.py:2191} INFO - Executing <Task(_PythonDecoratedOperator): process_region_eu.process_customer_addresses_eu> on 2025-06-10 07:44:42.674457+00:00
[2025-06-10T07:45:59.491+0000] {standard_task_runner.py:60} INFO - Started process 1989 to run task
[2025-06-10T07:45:59.496+0000] {standard_task_runner.py:87} INFO - Running: ['airflow', 'tasks', 'run', 'multi_region_to_snowflake', 'process_region_eu.process_customer_addresses_eu', 'manual__2025-06-10T07:44:42.674457+00:00', '--job-id', '1001', '--raw', '--subdir', 'DAGS_FOLDER/master_dag.py', '--cfg-path', '/tmp/tmp5re1qpis']
[2025-06-10T07:45:59.500+0000] {standard_task_runner.py:88} INFO - Job 1001: Subtask process_region_eu.process_customer_addresses_eu
[2025-06-10T07:45:59.595+0000] {task_command.py:423} INFO - Running <TaskInstance: multi_region_to_snowflake.process_region_eu.process_customer_addresses_eu manual__2025-06-10T07:44:42.674457+00:00 [running]> on host b27730b0b8ce
[2025-06-10T07:45:59.771+0000] {taskinstance.py:2480} INFO - Exporting env vars: AIRFLOW_CTX_DAG_OWNER='data-team' AIRFLOW_CTX_DAG_ID='multi_region_to_snowflake' AIRFLOW_CTX_TASK_ID='process_region_eu.process_customer_addresses_eu' AIRFLOW_CTX_EXECUTION_DATE='2025-06-10T07:44:42.674457+00:00' AIRFLOW_CTX_TRY_NUMBER='1' AIRFLOW_CTX_DAG_RUN_ID='manual__2025-06-10T07:44:42.674457+00:00'
[2025-06-10T07:46:12.430+0000] {logging_mixin.py:188} INFO - Processing customer_addresses for region eu
[2025-06-10T07:46:24.615+0000] {logging_mixin.py:188} INFO - STAGING_EU
[2025-06-10T07:46:33.253+0000] {logging_mixin.py:188} INFO - +----------+-----------+------------+--------------------+----------+--------------+-----------+-------+----------+-------------------+-------+--------+
|address_id|customer_id|address_type|      street_address|      city|        region|postal_code|country|is_default|         created_at|_region| _source|
+----------+-----------+------------+--------------------+----------+--------------+-----------+-------+----------+-------------------+-------+--------+
|         1|          1|     billing|  Unter den Linden 1|    Berlin|        Berlin|      10117|     DE|      true|2025-06-08 19:22:57|     eu|postgres|
|         2|          1|    shipping|    Alexanderplatz 5|    Berlin|        Berlin|      10178|     DE|     false|2025-06-08 19:22:57|     eu|postgres|
|         3|          2|     billing|   Calle Gran Vía 28|    Madrid|        Madrid|      28013|     ES|      true|2025-06-08 19:22:57|     eu|postgres|
|         4|          3|     billing|Avenue des Champs...|     Paris| Île-de-France|      75008|     FR|      true|2025-06-08 19:22:57|     eu|postgres|
|         5|          3|    shipping|    Rue de Rivoli 50|     Paris| Île-de-France|      75001|     FR|     false|2025-06-08 19:22:57|     eu|postgres|
|         6|          4|     billing|   Via del Corso 123|      Rome|         Lazio|      00186|     IT|      true|2025-06-08 19:22:57|     eu|postgres|
|         7|          5|     billing|          Strøget 15|Copenhagen|Capital Region|       1160|     DK|      true|2025-06-08 19:22:57|     eu|postgres|
|         8|          6|     billing|Boulevard Saint-G...|     Paris| Île-de-France|      75006|     FR|      true|2025-06-08 19:22:57|     eu|postgres|
|         9|          7|     billing|       Marienplatz 8|    Munich|       Bavaria|      80331|     DE|      true|2025-06-08 19:22:57|     eu|postgres|
|        10|          8|     billing|Vitosha Boulevard 89|     Sofia|    Sofia City|       1000|     BG|      true|2025-06-08 19:22:57|     eu|postgres|
+----------+-----------+------------+--------------------+----------+--------------+-----------+-------+----------+-------------------+-------+--------+
only showing top 10 rows
[2025-06-10T07:46:33.255+0000] {logging_mixin.py:188} INFO - Inserting into snowflake
[2025-06-10T07:46:52.612+0000] {logging_mixin.py:188} INFO - successfully inserted in snowflake
[2025-06-10T07:46:54.172+0000] {logging_mixin.py:188} INFO - Successfully processed 54 records for customer_addresses in eu
[2025-06-10T07:46:55.661+0000] {python.py:201} INFO - Done. Returned value was: {'region': 'eu', 'table': 'customer_addresses', 'record_count': 54, 'status': 'success'}
[2025-06-10T07:46:55.774+0000] {taskinstance.py:1138} INFO - Marking task as SUCCESS. dag_id=multi_region_to_snowflake, task_id=process_region_eu.process_customer_addresses_eu, execution_date=20250610T074442, start_date=20250610T074559, end_date=20250610T074655
[2025-06-10T07:46:55.853+0000] {local_task_job_runner.py:234} INFO - Task exited with return code 0
[2025-06-10T07:46:56.005+0000] {taskinstance.py:3280} INFO - 1 downstream tasks scheduled from follow-on schedule check
