[2025-06-11T15:56:45.145+0000] {taskinstance.py:1956} INFO - Dependencies all met for dep_context=non-requeueable deps ti=<TaskInstance: extract_postgres_table_to_parquet.run_extraction_us manual__2025-06-11T15:04:44.549280+00:00 [queued]>
[2025-06-11T15:56:45.170+0000] {taskinstance.py:1956} INFO - Dependencies all met for dep_context=requeueable deps ti=<TaskInstance: extract_postgres_table_to_parquet.run_extraction_us manual__2025-06-11T15:04:44.549280+00:00 [queued]>
[2025-06-11T15:56:45.171+0000] {taskinstance.py:2170} INFO - Starting attempt 1 of 1
[2025-06-11T15:56:45.220+0000] {taskinstance.py:2191} INFO - Executing <Task(_PythonDecoratedOperator): run_extraction_us> on 2025-06-11 15:04:44.549280+00:00
[2025-06-11T15:56:45.231+0000] {standard_task_runner.py:60} INFO - Started process 8425 to run task
[2025-06-11T15:56:45.258+0000] {standard_task_runner.py:87} INFO - Running: ['airflow', 'tasks', 'run', 'extract_postgres_table_to_parquet', 'run_extraction_us', 'manual__2025-06-11T15:04:44.549280+00:00', '--job-id', '149', '--raw', '--subdir', 'DAGS_FOLDER/asia/landing.py', '--cfg-path', '/tmp/tmp11xorflt']
[2025-06-11T15:56:45.274+0000] {standard_task_runner.py:88} INFO - Job 149: Subtask run_extraction_us
[2025-06-11T15:56:45.571+0000] {task_command.py:423} INFO - Running <TaskInstance: extract_postgres_table_to_parquet.run_extraction_us manual__2025-06-11T15:04:44.549280+00:00 [running]> on host 5950010ae7c1
[2025-06-11T15:56:45.979+0000] {taskinstance.py:2480} INFO - Exporting env vars: AIRFLOW_CTX_DAG_OWNER='airflow' AIRFLOW_CTX_DAG_ID='extract_postgres_table_to_parquet' AIRFLOW_CTX_TASK_ID='run_extraction_us' AIRFLOW_CTX_EXECUTION_DATE='2025-06-11T15:04:44.549280+00:00' AIRFLOW_CTX_TRY_NUMBER='1' AIRFLOW_CTX_DAG_RUN_ID='manual__2025-06-11T15:04:44.549280+00:00'
[2025-06-11T15:56:45.981+0000] {logging_mixin.py:188} INFO - Starting extraction for table: categories in region: us
[2025-06-11T15:56:45.982+0000] {logging_mixin.py:188} INFO - load_date:::::2025-06-11
[2025-06-11T15:57:13.105+0000] {logging_mixin.py:188} INFO - Vector(spark://5950010ae7c1:44783/jars/postgresql-42.7.3.jar, spark://5950010ae7c1:44783/jars/snowflake-jdbc-3.13.17.jar, spark://5950010ae7c1:44783/jars/spark-snowflake_2.12-2.16.0-spark_3.2.jar)
[2025-06-11T15:57:31.415+0000] {logging_mixin.py:188} INFO - [INFO] No data found in us.categories
[2025-06-11T15:57:33.285+0000] {logging_mixin.py:188} INFO - Starting extraction for table: products in region: us
[2025-06-11T15:57:33.288+0000] {logging_mixin.py:188} INFO - load_date:::::2025-06-11
[2025-06-11T15:57:35.271+0000] {logging_mixin.py:188} INFO - Vector(spark://5950010ae7c1:39053/jars/snowflake-jdbc-3.13.17.jar, spark://5950010ae7c1:39053/jars/postgresql-42.7.3.jar, spark://5950010ae7c1:39053/jars/spark-snowflake_2.12-2.16.0-spark_3.2.jar)
[2025-06-11T15:58:42.618+0000] {job.py:213} ERROR - Job heartbeat got an exception
Traceback (most recent call last):
  File "/home/airflow/.local/lib/python3.10/site-packages/sqlalchemy/engine/base.py", line 3371, in _wrap_pool_connect
    return fn()
  File "/home/airflow/.local/lib/python3.10/site-packages/sqlalchemy/pool/base.py", line 327, in connect
    return _ConnectionFairy._checkout(self)
  File "/home/airflow/.local/lib/python3.10/site-packages/sqlalchemy/pool/base.py", line 894, in _checkout
    fairy = _ConnectionRecord.checkout(pool)
  File "/home/airflow/.local/lib/python3.10/site-packages/sqlalchemy/pool/base.py", line 493, in checkout
    rec = pool._do_get()
  File "/home/airflow/.local/lib/python3.10/site-packages/sqlalchemy/pool/impl.py", line 256, in _do_get
    return self._create_connection()
  File "/home/airflow/.local/lib/python3.10/site-packages/sqlalchemy/pool/base.py", line 273, in _create_connection
    return _ConnectionRecord(self)
  File "/home/airflow/.local/lib/python3.10/site-packages/sqlalchemy/pool/base.py", line 388, in __init__
    self.__connect()
  File "/home/airflow/.local/lib/python3.10/site-packages/sqlalchemy/pool/base.py", line 690, in __connect
    with util.safe_reraise():
  File "/home/airflow/.local/lib/python3.10/site-packages/sqlalchemy/util/langhelpers.py", line 70, in __exit__
    compat.raise_(
  File "/home/airflow/.local/lib/python3.10/site-packages/sqlalchemy/util/compat.py", line 211, in raise_
    raise exception
  File "/home/airflow/.local/lib/python3.10/site-packages/sqlalchemy/pool/base.py", line 686, in __connect
    self.dbapi_connection = connection = pool._invoke_creator(self)
  File "/home/airflow/.local/lib/python3.10/site-packages/sqlalchemy/engine/create.py", line 574, in connect
    return dialect.connect(*cargs, **cparams)
  File "/home/airflow/.local/lib/python3.10/site-packages/sqlalchemy/engine/default.py", line 598, in connect
    return self.dbapi.connect(*cargs, **cparams)
  File "/home/airflow/.local/lib/python3.10/site-packages/psycopg2/__init__.py", line 122, in connect
    conn = _connect(dsn, connection_factory=connection_factory, **kwasync)
psycopg2.OperationalError: could not translate host name "postgres" to address: Temporary failure in name resolution


The above exception was the direct cause of the following exception:

Traceback (most recent call last):
  File "/home/airflow/.local/lib/python3.10/site-packages/airflow/jobs/job.py", line 187, in heartbeat
    self._merge_from(Job._fetch_from_db(self, session))
  File "/home/airflow/.local/lib/python3.10/site-packages/airflow/api_internal/internal_api_call.py", line 114, in wrapper
    return func(*args, **kwargs)
  File "/home/airflow/.local/lib/python3.10/site-packages/airflow/utils/session.py", line 76, in wrapper
    return func(*args, **kwargs)
  File "/home/airflow/.local/lib/python3.10/site-packages/airflow/jobs/job.py", line 308, in _fetch_from_db
    session.merge(job)
  File "/home/airflow/.local/lib/python3.10/site-packages/sqlalchemy/orm/session.py", line 3056, in merge
    return self._merge(
  File "/home/airflow/.local/lib/python3.10/site-packages/sqlalchemy/orm/session.py", line 3136, in _merge
    merged = self.get(
  File "/home/airflow/.local/lib/python3.10/site-packages/sqlalchemy/orm/session.py", line 2853, in get
    return self._get_impl(
  File "/home/airflow/.local/lib/python3.10/site-packages/sqlalchemy/orm/session.py", line 2975, in _get_impl
    return db_load_fn(
  File "/home/airflow/.local/lib/python3.10/site-packages/sqlalchemy/orm/loading.py", line 530, in load_on_pk_identity
    session.execute(
  File "/home/airflow/.local/lib/python3.10/site-packages/sqlalchemy/orm/session.py", line 1716, in execute
    conn = self._connection_for_bind(bind)
  File "/home/airflow/.local/lib/python3.10/site-packages/sqlalchemy/orm/session.py", line 1555, in _connection_for_bind
    return self._transaction._connection_for_bind(
  File "/home/airflow/.local/lib/python3.10/site-packages/sqlalchemy/orm/session.py", line 750, in _connection_for_bind
    conn = bind.connect()
  File "/home/airflow/.local/lib/python3.10/site-packages/sqlalchemy/future/engine.py", line 412, in connect
    return super(Engine, self).connect()
  File "/home/airflow/.local/lib/python3.10/site-packages/sqlalchemy/engine/base.py", line 3325, in connect
    return self._connection_cls(self, close_with_result=close_with_result)
  File "/home/airflow/.local/lib/python3.10/site-packages/sqlalchemy/engine/base.py", line 96, in __init__
    else engine.raw_connection()
  File "/home/airflow/.local/lib/python3.10/site-packages/sqlalchemy/engine/base.py", line 3404, in raw_connection
    return self._wrap_pool_connect(self.pool.connect, _connection)
  File "/home/airflow/.local/lib/python3.10/site-packages/sqlalchemy/engine/base.py", line 3374, in _wrap_pool_connect
    Connection._handle_dbapi_exception_noconnection(
  File "/home/airflow/.local/lib/python3.10/site-packages/sqlalchemy/engine/base.py", line 2208, in _handle_dbapi_exception_noconnection
    util.raise_(
  File "/home/airflow/.local/lib/python3.10/site-packages/sqlalchemy/util/compat.py", line 211, in raise_
    raise exception
  File "/home/airflow/.local/lib/python3.10/site-packages/sqlalchemy/engine/base.py", line 3371, in _wrap_pool_connect
    return fn()
  File "/home/airflow/.local/lib/python3.10/site-packages/sqlalchemy/pool/base.py", line 327, in connect
    return _ConnectionFairy._checkout(self)
  File "/home/airflow/.local/lib/python3.10/site-packages/sqlalchemy/pool/base.py", line 894, in _checkout
    fairy = _ConnectionRecord.checkout(pool)
  File "/home/airflow/.local/lib/python3.10/site-packages/sqlalchemy/pool/base.py", line 493, in checkout
    rec = pool._do_get()
  File "/home/airflow/.local/lib/python3.10/site-packages/sqlalchemy/pool/impl.py", line 256, in _do_get
    return self._create_connection()
  File "/home/airflow/.local/lib/python3.10/site-packages/sqlalchemy/pool/base.py", line 273, in _create_connection
    return _ConnectionRecord(self)
  File "/home/airflow/.local/lib/python3.10/site-packages/sqlalchemy/pool/base.py", line 388, in __init__
    self.__connect()
  File "/home/airflow/.local/lib/python3.10/site-packages/sqlalchemy/pool/base.py", line 690, in __connect
    with util.safe_reraise():
  File "/home/airflow/.local/lib/python3.10/site-packages/sqlalchemy/util/langhelpers.py", line 70, in __exit__
    compat.raise_(
  File "/home/airflow/.local/lib/python3.10/site-packages/sqlalchemy/util/compat.py", line 211, in raise_
    raise exception
  File "/home/airflow/.local/lib/python3.10/site-packages/sqlalchemy/pool/base.py", line 686, in __connect
    self.dbapi_connection = connection = pool._invoke_creator(self)
  File "/home/airflow/.local/lib/python3.10/site-packages/sqlalchemy/engine/create.py", line 574, in connect
    return dialect.connect(*cargs, **cparams)
  File "/home/airflow/.local/lib/python3.10/site-packages/sqlalchemy/engine/default.py", line 598, in connect
    return self.dbapi.connect(*cargs, **cparams)
  File "/home/airflow/.local/lib/python3.10/site-packages/psycopg2/__init__.py", line 122, in connect
    conn = _connect(dsn, connection_factory=connection_factory, **kwasync)
sqlalchemy.exc.OperationalError: (psycopg2.OperationalError) could not translate host name "postgres" to address: Temporary failure in name resolution

(Background on this error at: https://sqlalche.me/e/14/e3q8)
[2025-06-11T15:58:55.678+0000] {job.py:221} ERROR - Job heartbeat failed with error. Scheduler is in unhealthy state
[2025-06-11T16:01:54.360+0000] {logging_mixin.py:188} INFO - [INFO] No data found in us.products
[2025-06-11T16:01:56.029+0000] {logging_mixin.py:188} INFO - Starting extraction for table: product_variants in region: us
[2025-06-11T16:01:56.032+0000] {logging_mixin.py:188} INFO - load_date:::::2025-06-11
[2025-06-11T16:01:58.117+0000] {logging_mixin.py:188} INFO - Vector(spark://5950010ae7c1:45471/jars/snowflake-jdbc-3.13.17.jar, spark://5950010ae7c1:45471/jars/postgresql-42.7.3.jar, spark://5950010ae7c1:45471/jars/spark-snowflake_2.12-2.16.0-spark_3.2.jar)
[2025-06-11T16:02:04.815+0000] {logging_mixin.py:188} INFO - [INFO] No data found in us.product_variants
[2025-06-11T16:02:05.822+0000] {logging_mixin.py:188} INFO - Starting extraction for table: inventory in region: us
[2025-06-11T16:02:05.822+0000] {logging_mixin.py:188} INFO - load_date:::::2025-06-11
[2025-06-11T16:02:07.231+0000] {logging_mixin.py:188} INFO - Vector(spark://5950010ae7c1:39933/jars/spark-snowflake_2.12-2.16.0-spark_3.2.jar, spark://5950010ae7c1:39933/jars/postgresql-42.7.3.jar, spark://5950010ae7c1:39933/jars/snowflake-jdbc-3.13.17.jar)
[2025-06-11T16:02:11.454+0000] {logging_mixin.py:188} INFO - [INFO] No data found in us.inventory
[2025-06-11T16:02:12.456+0000] {logging_mixin.py:188} INFO - Starting extraction for table: customers in region: us
[2025-06-11T16:02:12.456+0000] {logging_mixin.py:188} INFO - load_date:::::2025-06-11
[2025-06-11T16:02:13.757+0000] {logging_mixin.py:188} INFO - Vector(spark://5950010ae7c1:39395/jars/postgresql-42.7.3.jar, spark://5950010ae7c1:39395/jars/spark-snowflake_2.12-2.16.0-spark_3.2.jar, spark://5950010ae7c1:39395/jars/snowflake-jdbc-3.13.17.jar)
[2025-06-11T16:02:21.127+0000] {logging_mixin.py:188} INFO - [INFO] No data found in us.customers
[2025-06-11T16:02:22.151+0000] {logging_mixin.py:188} INFO - Starting extraction for table: customer_addresses in region: us
[2025-06-11T16:02:22.152+0000] {logging_mixin.py:188} INFO - load_date:::::2025-06-11
[2025-06-11T16:02:24.567+0000] {logging_mixin.py:188} INFO - Vector(spark://5950010ae7c1:35109/jars/snowflake-jdbc-3.13.17.jar, spark://5950010ae7c1:35109/jars/spark-snowflake_2.12-2.16.0-spark_3.2.jar, spark://5950010ae7c1:35109/jars/postgresql-42.7.3.jar)
[2025-06-11T16:02:32.218+0000] {logging_mixin.py:188} INFO - [INFO] No data found in us.customer_addresses
[2025-06-11T16:02:33.253+0000] {logging_mixin.py:188} INFO - Starting extraction for table: marketing_campaigns in region: us
[2025-06-11T16:02:33.254+0000] {logging_mixin.py:188} INFO - load_date:::::2025-06-11
[2025-06-11T16:02:35.317+0000] {logging_mixin.py:188} INFO - Vector(spark://5950010ae7c1:45503/jars/snowflake-jdbc-3.13.17.jar, spark://5950010ae7c1:45503/jars/postgresql-42.7.3.jar, spark://5950010ae7c1:45503/jars/spark-snowflake_2.12-2.16.0-spark_3.2.jar)
[2025-06-11T16:02:42.647+0000] {logging_mixin.py:188} INFO - [INFO] No data found in us.marketing_campaigns
[2025-06-11T16:02:43.662+0000] {logging_mixin.py:188} INFO - Starting extraction for table: discounts in region: us
[2025-06-11T16:02:43.692+0000] {logging_mixin.py:188} INFO - load_date:::::2025-06-11
[2025-06-11T16:02:46.002+0000] {logging_mixin.py:188} INFO - Vector(spark://5950010ae7c1:44557/jars/postgresql-42.7.3.jar, spark://5950010ae7c1:44557/jars/snowflake-jdbc-3.13.17.jar, spark://5950010ae7c1:44557/jars/spark-snowflake_2.12-2.16.0-spark_3.2.jar)
[2025-06-11T16:02:51.661+0000] {logging_mixin.py:188} INFO - [INFO] No data found in us.discounts
[2025-06-11T16:02:52.690+0000] {logging_mixin.py:188} INFO - Starting extraction for table: shopping_carts in region: us
[2025-06-11T16:02:52.695+0000] {logging_mixin.py:188} INFO - load_date:::::2025-06-11
[2025-06-11T16:02:54.540+0000] {logging_mixin.py:188} INFO - Vector(spark://5950010ae7c1:43795/jars/snowflake-jdbc-3.13.17.jar, spark://5950010ae7c1:43795/jars/spark-snowflake_2.12-2.16.0-spark_3.2.jar, spark://5950010ae7c1:43795/jars/postgresql-42.7.3.jar)
[2025-06-11T16:03:00.924+0000] {logging_mixin.py:188} INFO - [INFO] No data found in us.shopping_carts
[2025-06-11T16:03:01.899+0000] {logging_mixin.py:188} INFO - Starting extraction for table: cart_items in region: us
[2025-06-11T16:03:01.906+0000] {logging_mixin.py:188} INFO - load_date:::::2025-06-11
[2025-06-11T16:03:03.821+0000] {logging_mixin.py:188} INFO - Vector(spark://5950010ae7c1:34071/jars/spark-snowflake_2.12-2.16.0-spark_3.2.jar, spark://5950010ae7c1:34071/jars/postgresql-42.7.3.jar, spark://5950010ae7c1:34071/jars/snowflake-jdbc-3.13.17.jar)
[2025-06-11T16:03:09.053+0000] {logging_mixin.py:188} INFO - [INFO] No data found in us.cart_items
[2025-06-11T16:03:10.032+0000] {logging_mixin.py:188} INFO - Starting extraction for table: orders in region: us
[2025-06-11T16:03:10.034+0000] {logging_mixin.py:188} INFO - load_date:::::2025-06-11
[2025-06-11T16:03:10.925+0000] {logging_mixin.py:188} INFO - Vector(spark://5950010ae7c1:42765/jars/spark-snowflake_2.12-2.16.0-spark_3.2.jar, spark://5950010ae7c1:42765/jars/postgresql-42.7.3.jar, spark://5950010ae7c1:42765/jars/snowflake-jdbc-3.13.17.jar)
[2025-06-11T16:03:15.439+0000] {logging_mixin.py:188} INFO - [INFO] No data found in us.orders
[2025-06-11T16:03:16.425+0000] {logging_mixin.py:188} INFO - Starting extraction for table: order_items in region: us
[2025-06-11T16:03:16.426+0000] {logging_mixin.py:188} INFO - load_date:::::2025-06-11
[2025-06-11T16:03:17.675+0000] {logging_mixin.py:188} INFO - Vector(spark://5950010ae7c1:36175/jars/postgresql-42.7.3.jar, spark://5950010ae7c1:36175/jars/snowflake-jdbc-3.13.17.jar, spark://5950010ae7c1:36175/jars/spark-snowflake_2.12-2.16.0-spark_3.2.jar)
[2025-06-11T16:03:20.588+0000] {logging_mixin.py:188} INFO - [INFO] No data found in us.order_items
[2025-06-11T16:03:21.587+0000] {logging_mixin.py:188} INFO - Starting extraction for table: shipments in region: us
[2025-06-11T16:03:21.588+0000] {logging_mixin.py:188} INFO - load_date:::::2025-06-11
[2025-06-11T16:03:21.841+0000] {logging_mixin.py:188} INFO - Vector(spark://5950010ae7c1:42573/jars/snowflake-jdbc-3.13.17.jar, spark://5950010ae7c1:42573/jars/postgresql-42.7.3.jar, spark://5950010ae7c1:42573/jars/spark-snowflake_2.12-2.16.0-spark_3.2.jar)
[2025-06-11T16:03:26.290+0000] {logging_mixin.py:188} INFO - [INFO] No data found in us.shipments
[2025-06-11T16:03:27.217+0000] {logging_mixin.py:188} INFO - Starting extraction for table: returns in region: us
[2025-06-11T16:03:27.217+0000] {logging_mixin.py:188} INFO - load_date:::::2025-06-11
[2025-06-11T16:03:27.392+0000] {logging_mixin.py:188} INFO - Vector(spark://5950010ae7c1:35823/jars/spark-snowflake_2.12-2.16.0-spark_3.2.jar, spark://5950010ae7c1:35823/jars/postgresql-42.7.3.jar, spark://5950010ae7c1:35823/jars/snowflake-jdbc-3.13.17.jar)
[2025-06-11T16:03:27.466+0000] {taskinstance.py:2698} ERROR - Task failed with exception
Traceback (most recent call last):
  File "/home/airflow/.local/lib/python3.10/site-packages/airflow/models/taskinstance.py", line 433, in _execute_task
    result = execute_callable(context=context, **execute_callable_kwargs)
  File "/home/airflow/.local/lib/python3.10/site-packages/airflow/decorators/base.py", line 241, in execute
    return_value = super().execute(context)
  File "/home/airflow/.local/lib/python3.10/site-packages/airflow/operators/python.py", line 199, in execute
    return_value = self.execute_callable()
  File "/home/airflow/.local/lib/python3.10/site-packages/airflow/operators/python.py", line 216, in execute_callable
    return self.python_callable(*self.op_args, **self.op_kwargs)
  File "/opt/airflow/dags/asia/landing.py", line 72, in run_extraction_us
    extract_postgres_table(
  File "/opt/airflow/dags/asia/../../scripts/pyspark_jobs/extract_to_parquet.py", line 205, in extract_postgres_table
    .load()
  File "/home/airflow/.local/lib/python3.10/site-packages/pyspark/sql/readwriter.py", line 314, in load
    return self._df(self._jreader.load())
  File "/home/airflow/.local/lib/python3.10/site-packages/py4j/java_gateway.py", line 1322, in __call__
    return_value = get_return_value(
  File "/home/airflow/.local/lib/python3.10/site-packages/pyspark/errors/exceptions/captured.py", line 179, in deco
    return f(*a, **kw)
  File "/home/airflow/.local/lib/python3.10/site-packages/py4j/protocol.py", line 326, in get_return_value
    raise Py4JJavaError(
py4j.protocol.Py4JJavaError: An error occurred while calling o754.load.
: org.postgresql.util.PSQLException: ERROR: relation "us.returns" does not exist
  Position: 30
	at org.postgresql.core.v3.QueryExecutorImpl.receiveErrorResponse(QueryExecutorImpl.java:2725)
	at org.postgresql.core.v3.QueryExecutorImpl.processResults(QueryExecutorImpl.java:2412)
	at org.postgresql.core.v3.QueryExecutorImpl.execute(QueryExecutorImpl.java:371)
	at org.postgresql.jdbc.PgStatement.executeInternal(PgStatement.java:502)
	at org.postgresql.jdbc.PgStatement.execute(PgStatement.java:419)
	at org.postgresql.jdbc.PgPreparedStatement.executeWithFlags(PgPreparedStatement.java:194)
	at org.postgresql.jdbc.PgPreparedStatement.executeQuery(PgPreparedStatement.java:137)
	at org.apache.spark.sql.execution.datasources.jdbc.JDBCRDD$.getQueryOutputSchema(JDBCRDD.scala:68)
	at org.apache.spark.sql.execution.datasources.jdbc.JDBCRDD$.resolveTable(JDBCRDD.scala:58)
	at org.apache.spark.sql.execution.datasources.jdbc.JDBCRelation$.getSchema(JDBCRelation.scala:241)
	at org.apache.spark.sql.execution.datasources.jdbc.JdbcRelationProvider.createRelation(JdbcRelationProvider.scala:37)
	at org.apache.spark.sql.execution.datasources.DataSource.resolveRelation(DataSource.scala:346)
	at org.apache.spark.sql.DataFrameReader.loadV1Source(DataFrameReader.scala:229)
	at org.apache.spark.sql.DataFrameReader.$anonfun$load$2(DataFrameReader.scala:211)
	at scala.Option.getOrElse(Option.scala:189)
	at org.apache.spark.sql.DataFrameReader.load(DataFrameReader.scala:211)
	at org.apache.spark.sql.DataFrameReader.load(DataFrameReader.scala:172)
	at java.base/jdk.internal.reflect.NativeMethodAccessorImpl.invoke0(Native Method)
	at java.base/jdk.internal.reflect.NativeMethodAccessorImpl.invoke(NativeMethodAccessorImpl.java:62)
	at java.base/jdk.internal.reflect.DelegatingMethodAccessorImpl.invoke(DelegatingMethodAccessorImpl.java:43)
	at java.base/java.lang.reflect.Method.invoke(Method.java:566)
	at py4j.reflection.MethodInvoker.invoke(MethodInvoker.java:244)
	at py4j.reflection.ReflectionEngine.invoke(ReflectionEngine.java:374)
	at py4j.Gateway.invoke(Gateway.java:282)
	at py4j.commands.AbstractCommand.invokeMethod(AbstractCommand.java:132)
	at py4j.commands.CallCommand.execute(CallCommand.java:79)
	at py4j.ClientServerConnection.waitForCommands(ClientServerConnection.java:182)
	at py4j.ClientServerConnection.run(ClientServerConnection.java:106)
	at java.base/java.lang.Thread.run(Thread.java:829)

[2025-06-11T16:03:27.633+0000] {taskinstance.py:1138} INFO - Marking task as FAILED. dag_id=extract_postgres_table_to_parquet, task_id=run_extraction_us, execution_date=20250611T150444, start_date=20250611T155645, end_date=20250611T160327
[2025-06-11T16:03:27.756+0000] {standard_task_runner.py:107} ERROR - Failed to execute job 149 for task run_extraction_us (An error occurred while calling o754.load.
: org.postgresql.util.PSQLException: ERROR: relation "us.returns" does not exist
  Position: 30
	at org.postgresql.core.v3.QueryExecutorImpl.receiveErrorResponse(QueryExecutorImpl.java:2725)
	at org.postgresql.core.v3.QueryExecutorImpl.processResults(QueryExecutorImpl.java:2412)
	at org.postgresql.core.v3.QueryExecutorImpl.execute(QueryExecutorImpl.java:371)
	at org.postgresql.jdbc.PgStatement.executeInternal(PgStatement.java:502)
	at org.postgresql.jdbc.PgStatement.execute(PgStatement.java:419)
	at org.postgresql.jdbc.PgPreparedStatement.executeWithFlags(PgPreparedStatement.java:194)
	at org.postgresql.jdbc.PgPreparedStatement.executeQuery(PgPreparedStatement.java:137)
	at org.apache.spark.sql.execution.datasources.jdbc.JDBCRDD$.getQueryOutputSchema(JDBCRDD.scala:68)
	at org.apache.spark.sql.execution.datasources.jdbc.JDBCRDD$.resolveTable(JDBCRDD.scala:58)
	at org.apache.spark.sql.execution.datasources.jdbc.JDBCRelation$.getSchema(JDBCRelation.scala:241)
	at org.apache.spark.sql.execution.datasources.jdbc.JdbcRelationProvider.createRelation(JdbcRelationProvider.scala:37)
	at org.apache.spark.sql.execution.datasources.DataSource.resolveRelation(DataSource.scala:346)
	at org.apache.spark.sql.DataFrameReader.loadV1Source(DataFrameReader.scala:229)
	at org.apache.spark.sql.DataFrameReader.$anonfun$load$2(DataFrameReader.scala:211)
	at scala.Option.getOrElse(Option.scala:189)
	at org.apache.spark.sql.DataFrameReader.load(DataFrameReader.scala:211)
	at org.apache.spark.sql.DataFrameReader.load(DataFrameReader.scala:172)
	at java.base/jdk.internal.reflect.NativeMethodAccessorImpl.invoke0(Native Method)
	at java.base/jdk.internal.reflect.NativeMethodAccessorImpl.invoke(NativeMethodAccessorImpl.java:62)
	at java.base/jdk.internal.reflect.DelegatingMethodAccessorImpl.invoke(DelegatingMethodAccessorImpl.java:43)
	at java.base/java.lang.reflect.Method.invoke(Method.java:566)
	at py4j.reflection.MethodInvoker.invoke(MethodInvoker.java:244)
	at py4j.reflection.ReflectionEngine.invoke(ReflectionEngine.java:374)
	at py4j.Gateway.invoke(Gateway.java:282)
	at py4j.commands.AbstractCommand.invokeMethod(AbstractCommand.java:132)
	at py4j.commands.CallCommand.execute(CallCommand.java:79)
	at py4j.ClientServerConnection.waitForCommands(ClientServerConnection.java:182)
	at py4j.ClientServerConnection.run(ClientServerConnection.java:106)
	at java.base/java.lang.Thread.run(Thread.java:829)
; 8425)
[2025-06-11T16:03:27.812+0000] {local_task_job_runner.py:234} INFO - Task exited with return code 1
[2025-06-11T16:03:27.982+0000] {taskinstance.py:3280} INFO - 0 downstream tasks scheduled from follow-on schedule check
