[2025-06-11T18:23:29.085+0000] {taskinstance.py:1956} INFO - Dependencies all met for dep_context=non-requeueable deps ti=<TaskInstance: multi_region_transform_staging_v2.process_region_us.process_order_items_us manual__2025-06-11T18:20:09.445349+00:00 [queued]>
[2025-06-11T18:23:29.109+0000] {taskinstance.py:1956} INFO - Dependencies all met for dep_context=requeueable deps ti=<TaskInstance: multi_region_transform_staging_v2.process_region_us.process_order_items_us manual__2025-06-11T18:20:09.445349+00:00 [queued]>
[2025-06-11T18:23:29.110+0000] {taskinstance.py:2170} INFO - Starting attempt 1 of 2
[2025-06-11T18:23:29.138+0000] {taskinstance.py:2191} INFO - Executing <Task(_PythonDecoratedOperator): process_region_us.process_order_items_us> on 2025-06-11 18:20:09.445349+00:00
[2025-06-11T18:23:29.153+0000] {standard_task_runner.py:60} INFO - Started process 8119 to run task
[2025-06-11T18:23:29.161+0000] {standard_task_runner.py:87} INFO - Running: ['airflow', 'tasks', 'run', 'multi_region_transform_staging_v2', 'process_region_us.process_order_items_us', 'manual__2025-06-11T18:20:09.445349+00:00', '--job-id', '630', '--raw', '--subdir', 'DAGS_FOLDER/master_dag.py', '--cfg-path', '/tmp/tmp5v77t5tj']
[2025-06-11T18:23:29.166+0000] {standard_task_runner.py:88} INFO - Job 630: Subtask process_region_us.process_order_items_us
[2025-06-11T18:23:29.334+0000] {task_command.py:423} INFO - Running <TaskInstance: multi_region_transform_staging_v2.process_region_us.process_order_items_us manual__2025-06-11T18:20:09.445349+00:00 [running]> on host 5950010ae7c1
[2025-06-11T18:23:29.660+0000] {taskinstance.py:2480} INFO - Exporting env vars: AIRFLOW_CTX_DAG_OWNER='data-team' AIRFLOW_CTX_DAG_ID='multi_region_transform_staging_v2' AIRFLOW_CTX_TASK_ID='process_region_us.process_order_items_us' AIRFLOW_CTX_EXECUTION_DATE='2025-06-11T18:20:09.445349+00:00' AIRFLOW_CTX_TRY_NUMBER='1' AIRFLOW_CTX_DAG_RUN_ID='manual__2025-06-11T18:20:09.445349+00:00'
[2025-06-11T18:23:44.174+0000] {logging_mixin.py:188} INFO - Debugggg::::Vector(spark://5950010ae7c1:33145/jars/spark-snowflake_2.12-2.16.0-spark_3.2.jar, spark://5950010ae7c1:33145/jars/snowflake-jdbc-3.13.17.jar)
[2025-06-11T18:23:44.175+0000] {logging_mixin.py:188} INFO - Processing order_items for region us
[2025-06-11T18:23:44.229+0000] {logging_mixin.py:188} INFO - /opt/airflow/data/raw/region=us/table=order_items/load_date=2025-06-11
[2025-06-11T18:24:11.948+0000] {logging_mixin.py:188} INFO - STAGING_US
[2025-06-11T18:24:13.895+0000] {logging_mixin.py:188} INFO - +-------------+--------+----------+--------+--------------+---------------+--------------------+-------+--------+
|order_item_id|order_id|variant_id|quantity|unit_price_usd|total_price_usd|          created_at|_region| _source|
+-------------+--------+----------+--------+--------------+---------------+--------------------+-------+--------+
|            1|       1|         1|       1|        999.99|         999.99|2025-06-11 02:14:...|     us|postgres|
|            2|       2|        11|       1|         79.99|          79.99|2025-06-11 02:14:...|     us|postgres|
|            3|       3|         4|       1|       1199.99|        1199.99|2025-06-11 02:14:...|     us|postgres|
|            4|       3|         5|       1|        100.00|         100.00|2025-06-11 02:14:...|     us|postgres|
|            5|       4|        14|       1|        299.99|         299.99|2025-06-11 02:14:...|     us|postgres|
|            6|       5|        11|       1|        249.99|         249.99|2025-06-11 02:14:...|     us|postgres|
|            7|       6|        18|       1|         89.99|          89.99|2025-06-11 02:14:...|     us|postgres|
|            8|       7|        20|       1|        799.99|         799.99|2025-06-11 02:14:...|     us|postgres|
|            9|       8|        10|       1|        199.99|         199.99|2025-06-11 02:14:...|     us|postgres|
|           10|       9|        12|       1|       1599.99|        1599.99|2025-06-11 02:14:...|     us|postgres|
+-------------+--------+----------+--------+--------------+---------------+--------------------+-------+--------+
only showing top 10 rows
[2025-06-11T18:24:13.896+0000] {logging_mixin.py:188} INFO - Inserting into snowflake
[2025-06-11T18:24:22.025+0000] {logging_mixin.py:188} INFO - successfully inserted in snowflake
[2025-06-11T18:24:22.047+0000] {crypto.py:82} WARNING - empty cryptography key - values will not be stored encrypted.
[2025-06-11T18:24:22.371+0000] {logging_mixin.py:188} INFO - Successfully processed 11 records for order_items in us
[2025-06-11T18:24:25.143+0000] {python.py:201} INFO - Done. Returned value was: {'region': 'us', 'table': 'order_items', 'record_count': 11, 'status': 'success'}
[2025-06-11T18:24:25.276+0000] {taskinstance.py:1138} INFO - Marking task as SUCCESS. dag_id=multi_region_transform_staging_v2, task_id=process_region_us.process_order_items_us, execution_date=20250611T182009, start_date=20250611T182329, end_date=20250611T182425
[2025-06-11T18:24:25.451+0000] {local_task_job_runner.py:234} INFO - Task exited with return code 0
[2025-06-11T18:24:25.558+0000] {taskinstance.py:3280} INFO - 1 downstream tasks scheduled from follow-on schedule check
