[2025-06-10T15:13:10.886+0000] {taskinstance.py:1956} INFO - Dependencies all met for dep_context=non-requeueable deps ti=<TaskInstance: marketing_performance_to_snowflake.process_marketing_data manual__2025-06-10T15:13:09.485500+00:00 [queued]>
[2025-06-10T15:13:10.893+0000] {taskinstance.py:1956} INFO - Dependencies all met for dep_context=requeueable deps ti=<TaskInstance: marketing_performance_to_snowflake.process_marketing_data manual__2025-06-10T15:13:09.485500+00:00 [queued]>
[2025-06-10T15:13:10.893+0000] {taskinstance.py:2170} INFO - Starting attempt 1 of 2
[2025-06-10T15:13:10.904+0000] {taskinstance.py:2191} INFO - Executing <Task(_PythonDecoratedOperator): process_marketing_data> on 2025-06-10 15:13:09.485500+00:00
[2025-06-10T15:13:10.910+0000] {standard_task_runner.py:60} INFO - Started process 32377 to run task
[2025-06-10T15:13:10.912+0000] {standard_task_runner.py:87} INFO - Running: ['airflow', 'tasks', 'run', 'marketing_performance_to_snowflake', 'process_marketing_data', 'manual__2025-06-10T15:13:09.485500+00:00', '--job-id', '1106', '--raw', '--subdir', 'DAGS_FOLDER/csv_to_snowflake_dag.py', '--cfg-path', '/tmp/tmp1pzw1_cx']
[2025-06-10T15:13:10.914+0000] {standard_task_runner.py:88} INFO - Job 1106: Subtask process_marketing_data
[2025-06-10T15:13:10.961+0000] {task_command.py:423} INFO - Running <TaskInstance: marketing_performance_to_snowflake.process_marketing_data manual__2025-06-10T15:13:09.485500+00:00 [running]> on host 2a1e0c00bfff
[2025-06-10T15:13:11.047+0000] {taskinstance.py:2480} INFO - Exporting env vars: AIRFLOW_CTX_DAG_OWNER='data-team' AIRFLOW_CTX_DAG_ID='marketing_performance_to_snowflake' AIRFLOW_CTX_TASK_ID='process_marketing_data' AIRFLOW_CTX_EXECUTION_DATE='2025-06-10T15:13:09.485500+00:00' AIRFLOW_CTX_TRY_NUMBER='1' AIRFLOW_CTX_DAG_RUN_ID='manual__2025-06-10T15:13:09.485500+00:00'
[2025-06-10T15:13:11.048+0000] {logging_mixin.py:188} INFO - Starting marketing performance data processing for date: 2025-06-08
[2025-06-10T15:13:11.048+0000] {logging_mixin.py:188} INFO - Starting CSV load for table: MARKETING_PERFORMANCE for date: 2025-06-08
[2025-06-10T15:13:15.078+0000] {logging_mixin.py:188} INFO - Processing csv for date 2025-06-08
[2025-06-10T15:13:15.096+0000] {logging_mixin.py:188} INFO - [INFO] Last loaded timestamp: 2000-01-01
[2025-06-10T15:13:21.861+0000] {logging_mixin.py:188} INFO - [INFO] Found 4 records in CSV file
[2025-06-10T15:13:21.861+0000] {logging_mixin.py:188} INFO - Sample data:
[2025-06-10T15:13:22.175+0000] {logging_mixin.py:188} INFO - +-----------+------------------+------------+---------------+-----------+-----------+------+---------+-----------+--------------------+-------------+---------------------+----------+----------+
|campaign_id|ad_platform       |ad_id       |ad_group_id    |record_date|impressions|clicks|spend_usd|conversions|conversion_value_usd|source_region|source_system        |created_at|updated_at|
+-----------+------------------+------------+---------------+-----------+-----------+------+---------+-----------+--------------------+-------------+---------------------+----------+----------+
|10         | 'Google Ads'     | 'GA_AD_001'| 'GA_ADGRP_001'| 2024-06-01|5000.0     |100.0 |50.0     |5.0        |250.0               | 'EU'        | 'google_ads_api'    |2025-06-08|2025-06-08|
|11         | 'Facebook Ads'   | 'FB_AD_002'| 'FB_ADGRP_002'| 2024-06-01|8000.0     |120.0 |60.0     |7.0        |350.0               | 'EU'        | 'facebook_ads_api'  |2025-06-08|2025-06-08|
|11         | 'Google Ads'     | 'GA_AD_003'| 'GA_ADGRP_003'| 2024-06-05|3000.0     |80.0  |40.0     |3.0        |150.0               | 'US'        | 'google_ads_api'    |2025-06-08|2025-06-08|
|12         | 'Email Marketing'| 'EMAIL_001'| NULL          | 2024-06-05|10000.0    |150.0 |0.0      |10.0       |500.0               | 'US'        | 'email_platform_api'|2025-06-08|2025-06-08|
+-----------+------------------+------------+---------------+-----------+-----------+------+---------+-----------+--------------------+-------------+---------------------+----------+----------+
[2025-06-10T15:13:22.176+0000] {logging_mixin.py:188} INFO - Loading data to Snowflake table: MARKETING_PERFORMANCE using UPSERT...
[2025-06-10T15:13:22.177+0000] {connection.py:486} INFO - Snowflake Connector for Python Version: 3.15.0, Python Version: 3.10.13, Platform: Linux-6.11.0-26-generic-x86_64-with-glibc2.36
[2025-06-10T15:13:22.178+0000] {connection.py:1391} INFO - Connecting to GLOBAL Snowflake domain
[2025-06-10T15:13:26.190+0000] {connectionpool.py:824} WARNING - Retrying (Retry(total=0, connect=None, read=None, redirect=None, status=None)) after connection broken by 'NewConnectionError('<snowflake.connector.vendored.urllib3.connection.HTTPSConnection object at 0x75c573fda1a0>: Failed to establish a new connection: [Errno -2] Name or service not known')': /session/v1/login-request?request_id=efb88114-1686-44aa-a258-9f43c36a9894&databaseName=retail_dwh&schemaName=ODS&warehouse=COMPUTE_WH&request_guid=ce4bf4a1-3a7f-4bd4-9a38-a0c77a78c643
[2025-06-10T15:13:28.837+0000] {logging_mixin.py:188} INFO - Writing data to temporary staging table: ODS.MARKETING_PERFORMANCE_TEMP_STAGE_20250610151322176328
[2025-06-10T15:13:42.265+0000] {logging_mixin.py:188} INFO - Data successfully written to temporary staging table: ODS.MARKETING_PERFORMANCE_TEMP_STAGE_20250610151322176328
[2025-06-10T15:13:42.267+0000] {logging_mixin.py:188} INFO - Executing MERGE statement for ODS.MARKETING_PERFORMANCE from staging table...
[2025-06-10T15:13:42.267+0000] {logging_mixin.py:188} INFO - MERGE SQL: 
            MERGE INTO ODS.MARKETING_PERFORMANCE AS target
            USING ODS.MARKETING_PERFORMANCE_TEMP_STAGE_20250610151322176328 AS source
            ON target.CAMPAIGN_ID = source.CAMPAIGN_ID AND target.SOURCE_REGION = source.SOURCE_REGION
            WHEN MATCHED THEN
                UPDATE SET
                    target.AD_PLATFORM = source.AD_PLATFORM, target.AD_ID = source.AD_ID, target.AD_GROUP_ID = source.AD_GROUP_ID, target.RECORD_DATE = source.RECORD_DATE, target.IMPRESSIONS = source.IMPRESSIONS, target.CLICKS = source.CLICKS, target.SPEND_USD = source.SPEND_USD, target.CONVERSIONS = source.CONVERSIONS, target.CONVERSION_VALUE_USD = source.CONVERSION_VALUE_USD, target.SOURCE_SYSTEM = source.SOURCE_SYSTEM, target.CREATED_AT = source.CREATED_AT, target.UPDATED_AT = source.UPDATED_AT
            WHEN NOT MATCHED THEN
                INSERT (CAMPAIGN_ID, AD_PLATFORM, AD_ID, AD_GROUP_ID, RECORD_DATE, IMPRESSIONS, CLICKS, SPEND_USD, CONVERSIONS, CONVERSION_VALUE_USD, SOURCE_REGION, SOURCE_SYSTEM, CREATED_AT, UPDATED_AT)
                VALUES (source.CAMPAIGN_ID, source.AD_PLATFORM, source.AD_ID, source.AD_GROUP_ID, source.RECORD_DATE, source.IMPRESSIONS, source.CLICKS, source.SPEND_USD, source.CONVERSIONS, source.CONVERSION_VALUE_USD, source.SOURCE_REGION, source.SOURCE_SYSTEM, source.CREATED_AT, source.UPDATED_AT);
        
[2025-06-10T15:13:43.789+0000] {logging_mixin.py:188} INFO - Data successfully MERGED into ODS.MARKETING_PERFORMANCE from staging table.
[2025-06-10T15:13:43.789+0000] {logging_mixin.py:188} INFO - Successfully completed UPSERT operation for table: ODS.MARKETING_PERFORMANCE
[2025-06-10T15:13:44.596+0000] {connection.py:486} INFO - Snowflake Connector for Python Version: 3.15.0, Python Version: 3.10.13, Platform: Linux-6.11.0-26-generic-x86_64-with-glibc2.36
[2025-06-10T15:13:44.597+0000] {connection.py:1391} INFO - Connecting to GLOBAL Snowflake domain
[2025-06-10T15:13:46.544+0000] {logging_mixin.py:188} INFO - Temporary staging table ODS.MARKETING_PERFORMANCE_TEMP_STAGE_20250610151322176328 dropped successfully.
[2025-06-10T15:13:47.362+0000] {logging_mixin.py:188} INFO - [SUCCESS] Successfully loaded 4 records to MARKETING_PERFORMANCE using UPSERT
[2025-06-10T15:13:48.942+0000] {logging_mixin.py:188} INFO - Finished loading for date 2025-06-08
[2025-06-10T15:13:48.943+0000] {logging_mixin.py:188} INFO - Successfully completed processing for date: 2025-06-08
[2025-06-10T15:13:48.943+0000] {python.py:201} INFO - Done. Returned value was: None
[2025-06-10T15:13:48.956+0000] {taskinstance.py:1138} INFO - Marking task as SUCCESS. dag_id=marketing_performance_to_snowflake, task_id=process_marketing_data, execution_date=20250610T151309, start_date=20250610T151310, end_date=20250610T151348
[2025-06-10T15:13:48.992+0000] {local_task_job_runner.py:234} INFO - Task exited with return code 0
[2025-06-10T15:13:49.016+0000] {taskinstance.py:3280} INFO - 0 downstream tasks scheduled from follow-on schedule check
