[2025-06-11T10:32:10.415+0000] {taskinstance.py:1956} INFO - Dependencies all met for dep_context=non-requeueable deps ti=<TaskInstance: master_etl_dag_v2.load_dim_geography scheduled__2025-06-10T02:00:00+00:00 [queued]>
[2025-06-11T10:32:10.449+0000] {taskinstance.py:1956} INFO - Dependencies all met for dep_context=requeueable deps ti=<TaskInstance: master_etl_dag_v2.load_dim_geography scheduled__2025-06-10T02:00:00+00:00 [queued]>
[2025-06-11T10:32:10.450+0000] {taskinstance.py:2170} INFO - Starting attempt 2 of 2
[2025-06-11T10:32:10.514+0000] {taskinstance.py:2191} INFO - Executing <Task(TriggerDagRunOperator): load_dim_geography> on 2025-06-10 02:00:00+00:00
[2025-06-11T10:32:10.526+0000] {standard_task_runner.py:60} INFO - Started process 229 to run task
[2025-06-11T10:32:10.553+0000] {standard_task_runner.py:87} INFO - Running: ['airflow', 'tasks', 'run', 'master_etl_dag_v2', 'load_dim_geography', 'scheduled__2025-06-10T02:00:00+00:00', '--job-id', '1562', '--raw', '--subdir', 'DAGS_FOLDER/dwh/etl_pipeline.py', '--cfg-path', '/tmp/tmpjywbqk_l']
[2025-06-11T10:32:10.566+0000] {standard_task_runner.py:88} INFO - Job 1562: Subtask load_dim_geography
[2025-06-11T10:32:10.652+0000] {logging_mixin.py:188} WARNING - /home/airflow/.local/lib/python3.10/site-packages/airflow/settings.py:194 DeprecationWarning: The sql_alchemy_conn option in [core] has been moved to the sql_alchemy_conn option in [database] - the old setting has been used, but please update your config.
[2025-06-11T10:32:10.931+0000] {task_command.py:423} INFO - Running <TaskInstance: master_etl_dag_v2.load_dim_geography scheduled__2025-06-10T02:00:00+00:00 [running]> on host 0290689661db
[2025-06-11T10:32:11.462+0000] {taskinstance.py:2480} INFO - Exporting env vars: AIRFLOW_CTX_DAG_OWNER='data_team' AIRFLOW_CTX_DAG_ID='master_etl_dag_v2' AIRFLOW_CTX_TASK_ID='load_dim_geography' AIRFLOW_CTX_EXECUTION_DATE='2025-06-10T02:00:00+00:00' AIRFLOW_CTX_TRY_NUMBER='2' AIRFLOW_CTX_DAG_RUN_ID='scheduled__2025-06-10T02:00:00+00:00'
[2025-06-11T10:32:11.902+0000] {trigger_dagrun.py:210} INFO - Waiting for geography_to_snowflake on 2025-06-11 10:32:11.465672+00:00 to become allowed state ['success'] ...
[2025-06-11T10:32:41.989+0000] {trigger_dagrun.py:210} INFO - Waiting for geography_to_snowflake on 2025-06-11 10:32:11.465672+00:00 to become allowed state ['success'] ...
[2025-06-11T10:33:12.096+0000] {trigger_dagrun.py:210} INFO - Waiting for geography_to_snowflake on 2025-06-11 10:32:11.465672+00:00 to become allowed state ['success'] ...
[2025-06-11T10:33:42.185+0000] {trigger_dagrun.py:210} INFO - Waiting for geography_to_snowflake on 2025-06-11 10:32:11.465672+00:00 to become allowed state ['success'] ...
[2025-06-11T10:34:12.256+0000] {trigger_dagrun.py:210} INFO - Waiting for geography_to_snowflake on 2025-06-11 10:32:11.465672+00:00 to become allowed state ['success'] ...
[2025-06-11T10:34:42.320+0000] {trigger_dagrun.py:210} INFO - Waiting for geography_to_snowflake on 2025-06-11 10:32:11.465672+00:00 to become allowed state ['success'] ...
[2025-06-11T10:35:12.404+0000] {trigger_dagrun.py:210} INFO - Waiting for geography_to_snowflake on 2025-06-11 10:32:11.465672+00:00 to become allowed state ['success'] ...
[2025-06-11T10:35:42.462+0000] {trigger_dagrun.py:210} INFO - Waiting for geography_to_snowflake on 2025-06-11 10:32:11.465672+00:00 to become allowed state ['success'] ...
[2025-06-11T10:36:12.531+0000] {trigger_dagrun.py:223} INFO - geography_to_snowflake finished with allowed state success
[2025-06-11T10:36:12.859+0000] {taskinstance.py:1138} INFO - Marking task as SUCCESS. dag_id=master_etl_dag_v2, task_id=load_dim_geography, execution_date=20250610T020000, start_date=20250611T103210, end_date=20250611T103612
[2025-06-11T10:36:13.257+0000] {local_task_job_runner.py:234} INFO - Task exited with return code 0
[2025-06-11T10:36:14.083+0000] {taskinstance.py:3280} INFO - 0 downstream tasks scheduled from follow-on schedule check
