[2025-06-10T07:05:53.923+0000] {taskinstance.py:1956} INFO - Dependencies all met for dep_context=non-requeueable deps ti=<TaskInstance: multi_region_to_snowflake.process_region_us.process_shipments_us scheduled__2025-06-09T00:00:00+00:00 [queued]>
[2025-06-10T07:05:53.950+0000] {taskinstance.py:1956} INFO - Dependencies all met for dep_context=requeueable deps ti=<TaskInstance: multi_region_to_snowflake.process_region_us.process_shipments_us scheduled__2025-06-09T00:00:00+00:00 [queued]>
[2025-06-10T07:05:53.951+0000] {taskinstance.py:2170} INFO - Starting attempt 1 of 2
[2025-06-10T07:05:53.990+0000] {taskinstance.py:2191} INFO - Executing <Task(_PythonDecoratedOperator): process_region_us.process_shipments_us> on 2025-06-09 00:00:00+00:00
[2025-06-10T07:05:54.001+0000] {standard_task_runner.py:60} INFO - Started process 9977 to run task
[2025-06-10T07:05:54.017+0000] {standard_task_runner.py:87} INFO - Running: ['airflow', 'tasks', 'run', 'multi_region_to_snowflake', 'process_region_us.process_shipments_us', 'scheduled__2025-06-09T00:00:00+00:00', '--job-id', '982', '--raw', '--subdir', 'DAGS_FOLDER/master_dag.py', '--cfg-path', '/tmp/tmpms4bu37a']
[2025-06-10T07:05:54.020+0000] {standard_task_runner.py:88} INFO - Job 982: Subtask process_region_us.process_shipments_us
[2025-06-10T07:05:54.205+0000] {task_command.py:423} INFO - Running <TaskInstance: multi_region_to_snowflake.process_region_us.process_shipments_us scheduled__2025-06-09T00:00:00+00:00 [running]> on host 180d0d52c3ad
[2025-06-10T07:05:54.532+0000] {taskinstance.py:2480} INFO - Exporting env vars: AIRFLOW_CTX_DAG_OWNER='data-team' AIRFLOW_CTX_DAG_ID='multi_region_to_snowflake' AIRFLOW_CTX_TASK_ID='process_region_us.process_shipments_us' AIRFLOW_CTX_EXECUTION_DATE='2025-06-09T00:00:00+00:00' AIRFLOW_CTX_TRY_NUMBER='1' AIRFLOW_CTX_DAG_RUN_ID='scheduled__2025-06-09T00:00:00+00:00'
[2025-06-10T07:06:09.965+0000] {logging_mixin.py:188} INFO - Processing shipments for region us
[2025-06-10T07:06:23.876+0000] {logging_mixin.py:188} INFO - STAGING_US
[2025-06-10T07:06:27.115+0000] {logging_mixin.py:188} INFO - +-----------+--------+--------------------+-------+---------------+-------------------+-----------------------+-------------------------+---------------+--------------------+--------------------+-------+--------+
|shipment_id|order_id|     tracking_number|carrier|shipping_method|  shipped_timestamp|estimated_delivery_date|actual_delivery_timestamp|shipment_status|          created_at|          updated_at|_region| _source|
+-----------+--------+--------------------+-------+---------------+-------------------+-----------------------+-------------------------+---------------+--------------------+--------------------+-------+--------+
|          1|       1|   1Z999AA1234567890|    UPS|         Ground|2024-01-16 13:30:00|             2024-01-18|      2024-01-18 15:45:00|      delivered|2025-06-08 19:23:...|2025-06-08 19:23:...|     us|postgres|
|          2|       2|    7749123456789012|  FedEx|      2-Day Air|2024-01-17 09:15:00|             2024-01-19|                     NULL|     in_transit|2025-06-08 19:23:...|2025-06-08 19:23:...|     us|postgres|
|          3|       3|94001234567890123...|   USPS|  Priority Mail|               NULL|                   NULL|                     NULL|      preparing|2025-06-08 19:23:...|2025-06-08 19:23:...|     us|postgres|
|          4|       4|   1Z999AA9876543210|    UPS|   Next Day Air|2024-01-18 08:45:00|             2024-01-19|      2024-01-19 13:20:00|      delivered|2025-06-08 19:23:...|2025-06-08 19:23:...|     us|postgres|
|          5|       6|    7749987654321098|  FedEx|       Same Day|2024-01-19 10:30:00|             2024-01-19|      2024-01-19 17:15:00|      delivered|2025-06-08 19:23:...|2025-06-08 19:23:...|     us|postgres|
|          6|       7|   1Z999AA5555666677|    UPS|         Ground|2024-01-20 12:20:00|             2024-01-22|                     NULL|     in_transit|2025-06-08 19:23:...|2025-06-08 19:23:...|     us|postgres|
|          7|       8|    7749111122223333|  FedEx|        Express|2024-01-21 14:45:00|             2024-01-23|                     NULL|     in_transit|2025-06-08 19:23:...|2025-06-08 19:23:...|     us|postgres|
|          8|       9|   1Z999AA4444555566|    UPS|         Ground|2024-01-22 07:30:00|             2024-01-24|      2024-01-24 11:10:00|      delivered|2025-06-08 19:23:...|2025-06-08 19:23:...|     us|postgres|
|          1|       1|   1Z999AA1234567890|    UPS|         Ground|2024-01-16 13:30:00|             2024-01-18|      2024-01-18 15:45:00|      delivered|2025-06-08 19:23:...|2025-06-08 19:23:...|     us|postgres|
|          2|       2|    7749123456789012|  FedEx|      2-Day Air|2024-01-17 09:15:00|             2024-01-19|                     NULL|     in_transit|2025-06-08 19:23:...|2025-06-08 19:23:...|     us|postgres|
+-----------+--------+--------------------+-------+---------------+-------------------+-----------------------+-------------------------+---------------+--------------------+--------------------+-------+--------+
only showing top 10 rows
[2025-06-10T07:06:27.115+0000] {logging_mixin.py:188} INFO - Inserting into snowflake
[2025-06-10T07:06:46.155+0000] {logging_mixin.py:188} INFO - successfully inserted in snowflake
[2025-06-10T07:06:47.250+0000] {logging_mixin.py:188} INFO - Successfully processed 16 records for shipments in us
[2025-06-10T07:06:49.458+0000] {python.py:201} INFO - Done. Returned value was: {'region': 'us', 'table': 'shipments', 'record_count': 16, 'status': 'success'}
[2025-06-10T07:06:49.580+0000] {taskinstance.py:1138} INFO - Marking task as SUCCESS. dag_id=multi_region_to_snowflake, task_id=process_region_us.process_shipments_us, execution_date=20250609T000000, start_date=20250610T070553, end_date=20250610T070649
[2025-06-10T07:06:49.662+0000] {local_task_job_runner.py:234} INFO - Task exited with return code 0
[2025-06-10T07:06:49.840+0000] {taskinstance.py:3280} INFO - 0 downstream tasks scheduled from follow-on schedule check
