[2025-06-11T02:36:48.881+0000] {taskinstance.py:1956} INFO - Dependencies all met for dep_context=non-requeueable deps ti=<TaskInstance: multi_region_to_snowflake.process_region_us.process_categories_us manual__2025-06-11T02:35:33.719261+00:00 [queued]>
[2025-06-11T02:36:48.904+0000] {taskinstance.py:1956} INFO - Dependencies all met for dep_context=requeueable deps ti=<TaskInstance: multi_region_to_snowflake.process_region_us.process_categories_us manual__2025-06-11T02:35:33.719261+00:00 [queued]>
[2025-06-11T02:36:48.905+0000] {taskinstance.py:2170} INFO - Starting attempt 1 of 2
[2025-06-11T02:36:48.941+0000] {taskinstance.py:2191} INFO - Executing <Task(_PythonDecoratedOperator): process_region_us.process_categories_us> on 2025-06-11 02:35:33.719261+00:00
[2025-06-11T02:36:48.963+0000] {standard_task_runner.py:60} INFO - Started process 34037 to run task
[2025-06-11T02:36:48.973+0000] {standard_task_runner.py:87} INFO - Running: ['airflow', 'tasks', 'run', 'multi_region_to_snowflake', 'process_region_us.process_categories_us', 'manual__2025-06-11T02:35:33.719261+00:00', '--job-id', '1215', '--raw', '--subdir', 'DAGS_FOLDER/master_dag.py', '--cfg-path', '/tmp/tmp6vkh0jsj']
[2025-06-11T02:36:48.981+0000] {standard_task_runner.py:88} INFO - Job 1215: Subtask process_region_us.process_categories_us
[2025-06-11T02:36:49.122+0000] {task_command.py:423} INFO - Running <TaskInstance: multi_region_to_snowflake.process_region_us.process_categories_us manual__2025-06-11T02:35:33.719261+00:00 [running]> on host 5039a2bbff84
[2025-06-11T02:36:49.322+0000] {taskinstance.py:2480} INFO - Exporting env vars: AIRFLOW_CTX_DAG_OWNER='data-team' AIRFLOW_CTX_DAG_ID='multi_region_to_snowflake' AIRFLOW_CTX_TASK_ID='process_region_us.process_categories_us' AIRFLOW_CTX_EXECUTION_DATE='2025-06-11T02:35:33.719261+00:00' AIRFLOW_CTX_TRY_NUMBER='1' AIRFLOW_CTX_DAG_RUN_ID='manual__2025-06-11T02:35:33.719261+00:00'
[2025-06-11T02:37:04.668+0000] {logging_mixin.py:188} INFO - Processing categories for region us
[2025-06-11T02:37:16.840+0000] {logging_mixin.py:188} INFO - STAGING_US
[2025-06-11T02:37:28.205+0000] {logging_mixin.py:188} INFO - +-----------+---------------+------------------+--------------------+---------+-------------------+-------------------+-------+--------+
|category_id|  category_name|parent_category_id|       category_path|is_active|         created_at|         updated_at|_region| _source|
+-----------+---------------+------------------+--------------------+---------+-------------------+-------------------+-------+--------+
|          1|    Electronics|              NULL|        /Electronics|     true|2025-06-08 19:23:27|2025-06-08 19:23:27|     us|postgres|
|          2|    Smartphones|                 1|/Electronics/Smar...|     true|2025-06-08 19:23:27|2025-06-08 19:23:27|     us|postgres|
|          3|        Laptops|                 1|/Electronics/Laptops|     true|2025-06-08 19:23:27|2025-06-08 19:23:27|     us|postgres|
|          4|Gaming Consoles|                 1| /Electronics/Gaming|     true|2025-06-08 19:23:27|2025-06-08 19:23:27|     us|postgres|
|          5|       Clothing|              NULL|           /Clothing|     true|2025-06-08 19:23:27|2025-06-08 19:23:27|     us|postgres|
|          6|   Mens Apparel|                 5|      /Clothing/Mens|     true|2025-06-08 19:23:27|2025-06-08 19:23:27|     us|postgres|
|          7| Womens Apparel|                 5|    /Clothing/Womens|     true|2025-06-08 19:23:27|2025-06-08 19:23:27|     us|postgres|
|          8|  Home & Garden|              NULL|        /Home-Garden|     true|2025-06-08 19:23:27|2025-06-08 19:23:27|     us|postgres|
|          9|      Furniture|                 8|/Home-Garden/Furn...|     true|2025-06-08 19:23:27|2025-06-08 19:23:27|     us|postgres|
|         10|          Books|              NULL|              /Books|     true|2025-06-08 19:23:27|2025-06-08 19:23:27|     us|postgres|
+-----------+---------------+------------------+--------------------+---------+-------------------+-------------------+-------+--------+
only showing top 10 rows
[2025-06-11T02:37:28.206+0000] {logging_mixin.py:188} INFO - Inserting into snowflake
[2025-06-11T02:37:42.361+0000] {logging_mixin.py:188} INFO - successfully inserted in snowflake
[2025-06-11T02:37:42.377+0000] {crypto.py:82} WARNING - empty cryptography key - values will not be stored encrypted.
[2025-06-11T02:37:43.207+0000] {logging_mixin.py:188} INFO - Successfully processed 30 records for categories in us
[2025-06-11T02:37:44.427+0000] {python.py:201} INFO - Done. Returned value was: {'region': 'us', 'table': 'categories', 'record_count': 30, 'status': 'success'}
[2025-06-11T02:37:44.490+0000] {taskinstance.py:1138} INFO - Marking task as SUCCESS. dag_id=multi_region_to_snowflake, task_id=process_region_us.process_categories_us, execution_date=20250611T023533, start_date=20250611T023648, end_date=20250611T023744
[2025-06-11T02:37:44.529+0000] {local_task_job_runner.py:234} INFO - Task exited with return code 0
[2025-06-11T02:37:44.634+0000] {taskinstance.py:3280} INFO - 1 downstream tasks scheduled from follow-on schedule check
