[2025-06-09T07:15:34.337+0000] {taskinstance.py:1956} INFO - Dependencies all met for dep_context=non-requeueable deps ti=<TaskInstance: multi_region_processor_7.process_region_asia.process_shipments_asia manual__2025-06-09T07:13:27.516305+00:00 [queued]>
[2025-06-09T07:15:34.363+0000] {taskinstance.py:1956} INFO - Dependencies all met for dep_context=requeueable deps ti=<TaskInstance: multi_region_processor_7.process_region_asia.process_shipments_asia manual__2025-06-09T07:13:27.516305+00:00 [queued]>
[2025-06-09T07:15:34.364+0000] {taskinstance.py:2170} INFO - Starting attempt 1 of 2
[2025-06-09T07:15:34.406+0000] {taskinstance.py:2191} INFO - Executing <Task(_PythonDecoratedOperator): process_region_asia.process_shipments_asia> on 2025-06-09 07:13:27.516305+00:00
[2025-06-09T07:15:34.425+0000] {standard_task_runner.py:60} INFO - Started process 56330 to run task
[2025-06-09T07:15:34.437+0000] {standard_task_runner.py:87} INFO - Running: ['airflow', 'tasks', 'run', 'multi_region_processor_7', 'process_region_asia.process_shipments_asia', 'manual__2025-06-09T07:13:27.516305+00:00', '--job-id', '500', '--raw', '--subdir', 'DAGS_FOLDER/master2.py', '--cfg-path', '/tmp/tmp0a02pwlz']
[2025-06-09T07:15:34.448+0000] {standard_task_runner.py:88} INFO - Job 500: Subtask process_region_asia.process_shipments_asia
[2025-06-09T07:15:34.503+0000] {logging_mixin.py:188} WARNING - /home/airflow/.local/lib/python3.10/site-packages/airflow/settings.py:194 DeprecationWarning: The sql_alchemy_conn option in [core] has been moved to the sql_alchemy_conn option in [database] - the old setting has been used, but please update your config.
[2025-06-09T07:15:34.631+0000] {task_command.py:423} INFO - Running <TaskInstance: multi_region_processor_7.process_region_asia.process_shipments_asia manual__2025-06-09T07:13:27.516305+00:00 [running]> on host afcdbcf38bc0
[2025-06-09T07:15:34.957+0000] {taskinstance.py:2480} INFO - Exporting env vars: AIRFLOW_CTX_DAG_OWNER='data-team' AIRFLOW_CTX_DAG_ID='multi_region_processor_7' AIRFLOW_CTX_TASK_ID='process_region_asia.process_shipments_asia' AIRFLOW_CTX_EXECUTION_DATE='2025-06-09T07:13:27.516305+00:00' AIRFLOW_CTX_TRY_NUMBER='1' AIRFLOW_CTX_DAG_RUN_ID='manual__2025-06-09T07:13:27.516305+00:00'
[2025-06-09T07:15:48.997+0000] {logging_mixin.py:188} INFO - Processing shipments for region asia
[2025-06-09T07:16:16.695+0000] {logging_mixin.py:188} INFO - +-----------+--------+---------------+----------+---------------+-------------------+-----------------------+-------------------------+---------------+-------------------+-------------------+-------+--------+
|shipment_id|order_id|tracking_number|   carrier|shipping_method|  shipped_timestamp|estimated_delivery_date|actual_delivery_timestamp|shipment_status|         created_at|         updated_at|_region| _source|
+-----------+--------+---------------+----------+---------------+-------------------+-----------------------+-------------------------+---------------+-------------------+-------------------+-------+--------+
|          1|       1| YMT123456789JP|    Yamato|       Standard|2024-03-06 10:30:45|    2024-03-08 00:00:00|      2024-03-08 14:15:30|      delivered|2024-03-06 10:30:45|2024-03-08 14:15:30|   asia|postgres|
|          2|       2| SGW987654321JP|    Sagawa|        Express|2024/03/07 12:45:20|    2024-03-09 00:00:00|                     NULL|     in_transit|2024-03-07 00:00:00|2024-03-07 00:00:00|   asia|postgres|
|          3|       3|           NULL|Japan Post|       Standard|               NULL|                   NULL|                     NULL|      preparing|2024-03-07 00:00:00|2024-03-07 00:00:00|   asia|postgres|
|          4|       4| YMT456789012JP|    Yamato|       Next Day|2024.03.09 09:35:50|                   NULL|                     NULL|      delivered|               NULL|               NULL|   asia|postgres|
|          5|       6| SGW234567890JP|    Sagawa|       Same Day|10/03/2024 11:15:30|    2024-10-03 00:00:00|      2024-10-03 00:00:00|      delivered|2024-10-03 00:00:00|2024-10-03 00:00:00|   asia|postgres|
|          6|       7| YMT345678901JP|    Yamato|       Standard|2024-03-12 13:40:15|    2024-03-14 00:00:00|                     NULL|     in_transit|2024-03-12 13:40:15|2024-03-12 13:40:15|   asia|postgres|
|          7|       8| SGW456789012JP|    Sagawa|        Express|2024/03/13 15:55:30|    2024-03-15 00:00:00|                     NULL|     in_transit|2024-03-13 00:00:00|2024-03-13 00:00:00|   asia|postgres|
|          8|       9| YMT567890123JP|    Yamato|       Standard|14-03-2024 09:10:45|    2024-03-16 00:00:00|      2024-03-16 00:00:00|      delivered|2024-03-14 00:00:00|2024-03-16 00:00:00|   asia|postgres|
|          1|       1| YMT123456789JP|    Yamato|       Standard|2024-03-06 10:30:45|    2024-03-08 00:00:00|      2024-03-08 14:15:30|      delivered|2024-03-06 10:30:45|2024-03-08 14:15:30|   asia|postgres|
|          2|       2| SGW987654321JP|    Sagawa|        Express|2024/03/07 12:45:20|    2024-03-09 00:00:00|                     NULL|     in_transit|2024-03-07 00:00:00|2024-03-07 00:00:00|   asia|postgres|
+-----------+--------+---------------+----------+---------------+-------------------+-----------------------+-------------------------+---------------+-------------------+-------------------+-------+--------+
only showing top 10 rows
[2025-06-09T07:16:21.188+0000] {logging_mixin.py:188} INFO - Successfully processed 16 records for shipments in asia
[2025-06-09T07:16:22.007+0000] {python.py:201} INFO - Done. Returned value was: {'region': 'asia', 'table': 'shipments', 'record_count': 16, 'status': 'success'}
[2025-06-09T07:16:22.140+0000] {taskinstance.py:1138} INFO - Marking task as SUCCESS. dag_id=multi_region_processor_7, task_id=process_region_asia.process_shipments_asia, execution_date=20250609T071327, start_date=20250609T071534, end_date=20250609T071622
[2025-06-09T07:16:22.243+0000] {local_task_job_runner.py:234} INFO - Task exited with return code 0
[2025-06-09T07:16:22.448+0000] {taskinstance.py:3280} INFO - 0 downstream tasks scheduled from follow-on schedule check
