[2025-06-11T18:25:28.206+0000] {taskinstance.py:1956} INFO - Dependencies all met for dep_context=non-requeueable deps ti=<TaskInstance: multi_region_transform_staging_v2.process_region_asia.process_returns_asia manual__2025-06-11T18:20:09.445349+00:00 [queued]>
[2025-06-11T18:25:28.240+0000] {taskinstance.py:1956} INFO - Dependencies all met for dep_context=requeueable deps ti=<TaskInstance: multi_region_transform_staging_v2.process_region_asia.process_returns_asia manual__2025-06-11T18:20:09.445349+00:00 [queued]>
[2025-06-11T18:25:28.241+0000] {taskinstance.py:2170} INFO - Starting attempt 1 of 2
[2025-06-11T18:25:28.283+0000] {taskinstance.py:2191} INFO - Executing <Task(_PythonDecoratedOperator): process_region_asia.process_returns_asia> on 2025-06-11 18:20:09.445349+00:00
[2025-06-11T18:25:28.303+0000] {standard_task_runner.py:60} INFO - Started process 11698 to run task
[2025-06-11T18:25:28.310+0000] {standard_task_runner.py:87} INFO - Running: ['airflow', 'tasks', 'run', 'multi_region_transform_staging_v2', 'process_region_asia.process_returns_asia', 'manual__2025-06-11T18:20:09.445349+00:00', '--job-id', '639', '--raw', '--subdir', 'DAGS_FOLDER/master_dag.py', '--cfg-path', '/tmp/tmpdlk0k7wk']
[2025-06-11T18:25:28.314+0000] {standard_task_runner.py:88} INFO - Job 639: Subtask process_region_asia.process_returns_asia
[2025-06-11T18:25:28.448+0000] {task_command.py:423} INFO - Running <TaskInstance: multi_region_transform_staging_v2.process_region_asia.process_returns_asia manual__2025-06-11T18:20:09.445349+00:00 [running]> on host 5950010ae7c1
[2025-06-11T18:25:28.721+0000] {taskinstance.py:2480} INFO - Exporting env vars: AIRFLOW_CTX_DAG_OWNER='data-team' AIRFLOW_CTX_DAG_ID='multi_region_transform_staging_v2' AIRFLOW_CTX_TASK_ID='process_region_asia.process_returns_asia' AIRFLOW_CTX_EXECUTION_DATE='2025-06-11T18:20:09.445349+00:00' AIRFLOW_CTX_TRY_NUMBER='1' AIRFLOW_CTX_DAG_RUN_ID='manual__2025-06-11T18:20:09.445349+00:00'
[2025-06-11T18:25:40.291+0000] {logging_mixin.py:188} INFO - Debugggg::::Vector(spark://5950010ae7c1:36603/jars/snowflake-jdbc-3.13.17.jar, spark://5950010ae7c1:36603/jars/spark-snowflake_2.12-2.16.0-spark_3.2.jar)
[2025-06-11T18:25:40.292+0000] {logging_mixin.py:188} INFO - Processing returns for region asia
[2025-06-11T18:25:40.333+0000] {logging_mixin.py:188} INFO - /opt/airflow/data/raw/region=asia/table=returns/load_date=2025-06-11
[2025-06-11T18:26:09.885+0000] {logging_mixin.py:188} INFO - STAGING_ASIA
[2025-06-11T18:26:12.001+0000] {logging_mixin.py:188} INFO - +---------+--------+-----------------+-------------+-------------------+-----------------+-------------------+-------------------+-------+--------+
|return_id|order_id|    return_reason|return_status|   return_timestamp|    refund_amount|   refund_timestamp|         created_at|_region| _source|
+---------+--------+-----------------+-------------+-------------------+-----------------+-------------------+-------------------+-------+--------+
|        1|       5|     Changed mind|     approved|2024-03-11 10:30:45|           192.44|2024-03-12 14:15:30|2024-03-11 10:30:45|   asia|postgres|
|        2|      10|Product defective|   processing|2024-03-16 00:00:00|88.39999999999999|               NULL|2024-03-16 00:00:00|   asia|postgres|
+---------+--------+-----------------+-------------+-------------------+-----------------+-------------------+-------------------+-------+--------+
[2025-06-11T18:26:12.002+0000] {logging_mixin.py:188} INFO - Inserting into snowflake
[2025-06-11T18:26:20.836+0000] {logging_mixin.py:188} INFO - successfully inserted in snowflake
[2025-06-11T18:26:20.850+0000] {crypto.py:82} WARNING - empty cryptography key - values will not be stored encrypted.
[2025-06-11T18:26:21.458+0000] {logging_mixin.py:188} INFO - Successfully processed 2 records for returns in asia
[2025-06-11T18:26:24.196+0000] {python.py:201} INFO - Done. Returned value was: {'region': 'asia', 'table': 'returns', 'record_count': 2, 'status': 'success'}
[2025-06-11T18:26:24.292+0000] {taskinstance.py:1138} INFO - Marking task as SUCCESS. dag_id=multi_region_transform_staging_v2, task_id=process_region_asia.process_returns_asia, execution_date=20250611T182009, start_date=20250611T182528, end_date=20250611T182624
[2025-06-11T18:26:24.338+0000] {local_task_job_runner.py:234} INFO - Task exited with return code 0
[2025-06-11T18:26:24.417+0000] {taskinstance.py:3280} INFO - 0 downstream tasks scheduled from follow-on schedule check
