[2025-06-11T11:32:12.107+0000] {taskinstance.py:1956} INFO - Dependencies all met for dep_context=non-requeueable deps ti=<TaskInstance: extract_postgres_table_to_parquet.run_extraction_us manual__2025-06-11T11:32:10.715030+00:00 [queued]>
[2025-06-11T11:32:12.117+0000] {taskinstance.py:1956} INFO - Dependencies all met for dep_context=requeueable deps ti=<TaskInstance: extract_postgres_table_to_parquet.run_extraction_us manual__2025-06-11T11:32:10.715030+00:00 [queued]>
[2025-06-11T11:32:12.117+0000] {taskinstance.py:2170} INFO - Starting attempt 1 of 1
[2025-06-11T11:32:12.132+0000] {taskinstance.py:2191} INFO - Executing <Task(_PythonDecoratedOperator): run_extraction_us> on 2025-06-11 11:32:10.715030+00:00
[2025-06-11T11:32:12.138+0000] {standard_task_runner.py:60} INFO - Started process 15315 to run task
[2025-06-11T11:32:12.142+0000] {standard_task_runner.py:87} INFO - Running: ['airflow', 'tasks', 'run', 'extract_postgres_table_to_parquet', 'run_extraction_us', 'manual__2025-06-11T11:32:10.715030+00:00', '--job-id', '1610', '--raw', '--subdir', 'DAGS_FOLDER/asia/landing.py', '--cfg-path', '/tmp/tmpboodkvr7']
[2025-06-11T11:32:12.144+0000] {standard_task_runner.py:88} INFO - Job 1610: Subtask run_extraction_us
[2025-06-11T11:32:12.208+0000] {task_command.py:423} INFO - Running <TaskInstance: extract_postgres_table_to_parquet.run_extraction_us manual__2025-06-11T11:32:10.715030+00:00 [running]> on host 8b0a421f0af7
[2025-06-11T11:32:12.345+0000] {taskinstance.py:2480} INFO - Exporting env vars: AIRFLOW_CTX_DAG_OWNER='airflow' AIRFLOW_CTX_DAG_ID='extract_postgres_table_to_parquet' AIRFLOW_CTX_TASK_ID='run_extraction_us' AIRFLOW_CTX_EXECUTION_DATE='2025-06-11T11:32:10.715030+00:00' AIRFLOW_CTX_TRY_NUMBER='1' AIRFLOW_CTX_DAG_RUN_ID='manual__2025-06-11T11:32:10.715030+00:00'
[2025-06-11T11:32:12.346+0000] {logging_mixin.py:188} INFO - Starting extraction for table: categories in region: us
[2025-06-11T11:32:12.347+0000] {logging_mixin.py:188} INFO - load_date:::::2025-06-11
[2025-06-11T11:32:31.996+0000] {logging_mixin.py:188} INFO - [INFO] Last loaded timestamp: 2025-06-11 02:14:19
[2025-06-11T11:32:36.072+0000] {logging_mixin.py:188} INFO - [INFO] No new records found in us.categories
[2025-06-11T11:32:37.054+0000] {logging_mixin.py:188} INFO - Starting extraction for table: products in region: us
[2025-06-11T11:32:37.054+0000] {logging_mixin.py:188} INFO - load_date:::::2025-06-11
[2025-06-11T11:32:39.459+0000] {logging_mixin.py:188} INFO - [INFO] Last loaded timestamp: 2025-06-11 02:14:19
[2025-06-11T11:32:40.261+0000] {logging_mixin.py:188} INFO - [INFO] No new records found in us.products
[2025-06-11T11:32:41.263+0000] {logging_mixin.py:188} INFO - Starting extraction for table: product_variants in region: us
[2025-06-11T11:32:41.264+0000] {logging_mixin.py:188} INFO - load_date:::::2025-06-11
[2025-06-11T11:32:43.477+0000] {logging_mixin.py:188} INFO - [INFO] Last loaded timestamp: 2025-06-11 02:14:19
[2025-06-11T11:32:44.433+0000] {logging_mixin.py:188} INFO - [INFO] No new records found in us.product_variants
[2025-06-11T11:32:45.433+0000] {logging_mixin.py:188} INFO - Starting extraction for table: inventory in region: us
[2025-06-11T11:32:45.434+0000] {logging_mixin.py:188} INFO - load_date:::::2025-06-11
[2025-06-11T11:32:47.658+0000] {logging_mixin.py:188} INFO - [INFO] Last loaded timestamp: 2025-06-11 02:14:19
[2025-06-11T11:32:48.315+0000] {logging_mixin.py:188} INFO - [INFO] No new records found in us.inventory
[2025-06-11T11:32:49.314+0000] {logging_mixin.py:188} INFO - Starting extraction for table: customers in region: us
[2025-06-11T11:32:49.315+0000] {logging_mixin.py:188} INFO - load_date:::::2025-06-11
[2025-06-11T11:32:51.529+0000] {logging_mixin.py:188} INFO - [INFO] Last loaded timestamp: 2025-06-11 02:14:19
[2025-06-11T11:32:52.509+0000] {logging_mixin.py:188} INFO - [INFO] No new records found in us.customers
[2025-06-11T11:32:53.500+0000] {logging_mixin.py:188} INFO - Starting extraction for table: customer_addresses in region: us
[2025-06-11T11:32:53.501+0000] {logging_mixin.py:188} INFO - load_date:::::2025-06-11
[2025-06-11T11:32:56.724+0000] {logging_mixin.py:188} INFO - [INFO] Last loaded timestamp: 2025-06-11 02:14:19
[2025-06-11T11:32:57.562+0000] {logging_mixin.py:188} INFO - [INFO] No new records found in us.customer_addresses
[2025-06-11T11:32:58.568+0000] {logging_mixin.py:188} INFO - Starting extraction for table: marketing_campaigns in region: us
[2025-06-11T11:32:58.569+0000] {logging_mixin.py:188} INFO - load_date:::::2025-06-11
[2025-06-11T11:33:00.359+0000] {logging_mixin.py:188} INFO - [INFO] Last loaded timestamp: 2025-06-11 02:14:19
[2025-06-11T11:33:01.310+0000] {logging_mixin.py:188} INFO - [INFO] No new records found in us.marketing_campaigns
[2025-06-11T11:33:02.313+0000] {logging_mixin.py:188} INFO - Starting extraction for table: discounts in region: us
[2025-06-11T11:33:02.313+0000] {logging_mixin.py:188} INFO - load_date:::::2025-06-11
[2025-06-11T11:33:05.302+0000] {logging_mixin.py:188} INFO - [INFO] Last loaded timestamp: 2025-06-11 02:14:19
[2025-06-11T11:33:06.103+0000] {logging_mixin.py:188} INFO - [INFO] No new records found in us.discounts
[2025-06-11T11:33:07.103+0000] {logging_mixin.py:188} INFO - Starting extraction for table: shopping_carts in region: us
[2025-06-11T11:33:07.104+0000] {logging_mixin.py:188} INFO - load_date:::::2025-06-11
[2025-06-11T11:33:10.172+0000] {logging_mixin.py:188} INFO - [INFO] Last loaded timestamp: 2025-06-11 02:14:19
[2025-06-11T11:33:11.178+0000] {logging_mixin.py:188} INFO - [INFO] No new records found in us.shopping_carts
[2025-06-11T11:33:12.177+0000] {logging_mixin.py:188} INFO - Starting extraction for table: cart_items in region: us
[2025-06-11T11:33:12.178+0000] {logging_mixin.py:188} INFO - load_date:::::2025-06-11
[2025-06-11T11:33:14.858+0000] {logging_mixin.py:188} INFO - [INFO] Last loaded timestamp: 2025-06-11 02:14:19
[2025-06-11T11:33:15.703+0000] {logging_mixin.py:188} INFO - [INFO] No new records found in us.cart_items
[2025-06-11T11:33:16.703+0000] {logging_mixin.py:188} INFO - Starting extraction for table: orders in region: us
[2025-06-11T11:33:16.704+0000] {logging_mixin.py:188} INFO - load_date:::::2025-06-11
[2025-06-11T11:33:19.028+0000] {logging_mixin.py:188} INFO - [INFO] Last loaded timestamp: 2025-06-11 02:14:19
[2025-06-11T11:33:19.888+0000] {logging_mixin.py:188} INFO - [INFO] No new records found in us.orders
[2025-06-11T11:33:20.899+0000] {logging_mixin.py:188} INFO - Starting extraction for table: order_items in region: us
[2025-06-11T11:33:20.900+0000] {logging_mixin.py:188} INFO - load_date:::::2025-06-11
[2025-06-11T11:33:23.057+0000] {logging_mixin.py:188} INFO - [INFO] Last loaded timestamp: 2025-06-11 02:14:19
[2025-06-11T11:33:23.963+0000] {logging_mixin.py:188} INFO - [INFO] No new records found in us.order_items
[2025-06-11T11:33:24.964+0000] {logging_mixin.py:188} INFO - Starting extraction for table: shipments in region: us
[2025-06-11T11:33:24.964+0000] {logging_mixin.py:188} INFO - load_date:::::2025-06-11
[2025-06-11T11:33:26.936+0000] {logging_mixin.py:188} INFO - [INFO] Last loaded timestamp: 2025-06-11 02:14:19
[2025-06-11T11:33:27.624+0000] {logging_mixin.py:188} INFO - [INFO] No new records found in us.shipments
[2025-06-11T11:33:28.624+0000] {logging_mixin.py:188} INFO - Starting extraction for table: returns in region: us
[2025-06-11T11:33:28.625+0000] {logging_mixin.py:188} INFO - load_date:::::2025-06-11
[2025-06-11T11:33:30.077+0000] {logging_mixin.py:188} INFO - [INFO] Last loaded timestamp: 2025-06-11 02:14:19
[2025-06-11T11:33:30.625+0000] {logging_mixin.py:188} INFO - [INFO] No new records found in us.returns
[2025-06-11T11:33:31.627+0000] {logging_mixin.py:188} INFO - Starting extraction for table: product_reviews in region: us
[2025-06-11T11:33:31.628+0000] {logging_mixin.py:188} INFO - load_date:::::2025-06-11
[2025-06-11T11:33:33.396+0000] {logging_mixin.py:188} INFO - [INFO] Last loaded timestamp: 2025-06-11 02:14:19
[2025-06-11T11:33:34.075+0000] {logging_mixin.py:188} INFO - [INFO] No new records found in us.product_reviews
[2025-06-11T11:33:35.073+0000] {logging_mixin.py:188} INFO - Starting extraction for table: payments in region: us
[2025-06-11T11:33:35.073+0000] {logging_mixin.py:188} INFO - load_date:::::2025-06-11
[2025-06-11T11:33:36.678+0000] {logging_mixin.py:188} INFO - [INFO] Last loaded timestamp: 2025-06-11 02:14:19
[2025-06-11T11:33:37.410+0000] {logging_mixin.py:188} INFO - [INFO] No new records found in us.payments
[2025-06-11T11:33:38.411+0000] {logging_mixin.py:188} INFO - Starting extraction for table: wishlists in region: us
[2025-06-11T11:33:38.412+0000] {logging_mixin.py:188} INFO - load_date:::::2025-06-11
[2025-06-11T11:33:40.112+0000] {logging_mixin.py:188} INFO - [INFO] Last loaded timestamp: 2025-06-11 02:14:19
[2025-06-11T11:33:40.829+0000] {logging_mixin.py:188} INFO - [INFO] No new records found in us.wishlists
[2025-06-11T11:33:41.828+0000] {python.py:201} INFO - Done. Returned value was: None
[2025-06-11T11:33:41.852+0000] {taskinstance.py:1138} INFO - Marking task as SUCCESS. dag_id=extract_postgres_table_to_parquet, task_id=run_extraction_us, execution_date=20250611T113210, start_date=20250611T113212, end_date=20250611T113341
[2025-06-11T11:33:41.888+0000] {local_task_job_runner.py:234} INFO - Task exited with return code 0
[2025-06-11T11:33:41.925+0000] {taskinstance.py:3280} INFO - 0 downstream tasks scheduled from follow-on schedule check
