[2025-06-09T11:36:00.020+0000] {taskinstance.py:1956} INFO - Dependencies all met for dep_context=non-requeueable deps ti=<TaskInstance: multi_region_to_snowflake.process_region_us.process_inventory_us manual__2025-06-09T11:22:33.329920+00:00 [queued]>
[2025-06-09T11:36:00.052+0000] {taskinstance.py:1956} INFO - Dependencies all met for dep_context=requeueable deps ti=<TaskInstance: multi_region_to_snowflake.process_region_us.process_inventory_us manual__2025-06-09T11:22:33.329920+00:00 [queued]>
[2025-06-09T11:36:00.053+0000] {taskinstance.py:2170} INFO - Starting attempt 1 of 2
[2025-06-09T11:36:00.081+0000] {taskinstance.py:2191} INFO - Executing <Task(_PythonDecoratedOperator): process_region_us.process_inventory_us> on 2025-06-09 11:22:33.329920+00:00
[2025-06-09T11:36:00.092+0000] {standard_task_runner.py:60} INFO - Started process 29336 to run task
[2025-06-09T11:36:00.099+0000] {standard_task_runner.py:87} INFO - Running: ['airflow', 'tasks', 'run', 'multi_region_to_snowflake', 'process_region_us.process_inventory_us', 'manual__2025-06-09T11:22:33.329920+00:00', '--job-id', '798', '--raw', '--subdir', 'DAGS_FOLDER/master_dag.py', '--cfg-path', '/tmp/tmpkrm3phyw']
[2025-06-09T11:36:00.103+0000] {standard_task_runner.py:88} INFO - Job 798: Subtask process_region_us.process_inventory_us
[2025-06-09T11:36:00.255+0000] {task_command.py:423} INFO - Running <TaskInstance: multi_region_to_snowflake.process_region_us.process_inventory_us manual__2025-06-09T11:22:33.329920+00:00 [running]> on host 7fa6630d536c
[2025-06-09T11:36:00.588+0000] {taskinstance.py:2480} INFO - Exporting env vars: AIRFLOW_CTX_DAG_OWNER='data-team' AIRFLOW_CTX_DAG_ID='multi_region_to_snowflake' AIRFLOW_CTX_TASK_ID='process_region_us.process_inventory_us' AIRFLOW_CTX_EXECUTION_DATE='2025-06-09T11:22:33.329920+00:00' AIRFLOW_CTX_TRY_NUMBER='1' AIRFLOW_CTX_DAG_RUN_ID='manual__2025-06-09T11:22:33.329920+00:00'
[2025-06-09T11:36:16.365+0000] {logging_mixin.py:188} INFO - Processing inventory for region us
[2025-06-09T11:36:27.400+0000] {logging_mixin.py:188} INFO - STAGING_US
[2025-06-09T11:36:37.294+0000] {logging_mixin.py:188} INFO - +------------+----------+------------------+------------------+-----------------+-------------+-------------------+-------------------+-------+--------+
|inventory_id|variant_id|warehouse_location|quantity_available|quantity_reserved|reorder_level|  last_restocked_at|         updated_at|_region| _source|
+------------+----------+------------------+------------------+-----------------+-------------+-------------------+-------------------+-------+--------+
|           1|         1|        US-WEST-01|               125|               20|           40|2024-01-15 08:30:00|2025-06-08 19:23:28|     us|postgres|
|           2|         2|        US-WEST-01|                85|               15|           25|2024-01-18 10:15:00|2025-06-08 19:23:28|     us|postgres|
|           3|         3|        US-EAST-02|                65|               12|           20|2024-01-20 14:45:00|2025-06-08 19:23:28|     us|postgres|
|           4|         4|     US-CENTRAL-03|               200|               35|           60|2024-01-22 09:20:00|2025-06-08 19:23:28|     us|postgres|
|           5|         5|     US-CENTRAL-03|               150|               25|           50|2024-01-25 11:30:00|2025-06-08 19:23:28|     us|postgres|
|           6|         6|        US-WEST-01|                95|               18|           30|2024-01-19 16:10:00|2025-06-08 19:23:28|     us|postgres|
|           7|         7|       US-SOUTH-04|                75|               10|           25|2024-01-21 13:45:00|2025-06-08 19:23:28|     us|postgres|
|           8|         8|        US-EAST-02|               250|               40|           80|2024-01-23 07:50:00|2025-06-08 19:23:28|     us|postgres|
|           9|         9|        US-WEST-01|               180|               30|           55|2024-01-24 12:20:00|2025-06-08 19:23:28|     us|postgres|
|          10|        10|     US-CENTRAL-03|               220|               45|           70|2024-01-26 15:35:00|2025-06-08 19:23:28|     us|postgres|
+------------+----------+------------------+------------------+-----------------+-------------+-------------------+-------------------+-------+--------+
only showing top 10 rows
[2025-06-09T11:36:37.296+0000] {logging_mixin.py:188} INFO - Inserting into snowflake
[2025-06-09T11:36:55.935+0000] {logging_mixin.py:188} INFO - successfully inserted in snowflake
[2025-06-09T11:38:02.062+0000] {logging_mixin.py:188} INFO - Successfully processed 40 records for inventory in us
[2025-06-09T11:38:03.326+0000] {python.py:201} INFO - Done. Returned value was: {'region': 'us', 'table': 'inventory', 'record_count': 40, 'status': 'success'}
[2025-06-09T11:38:03.538+0000] {taskinstance.py:1138} INFO - Marking task as SUCCESS. dag_id=multi_region_to_snowflake, task_id=process_region_us.process_inventory_us, execution_date=20250609T112233, start_date=20250609T113600, end_date=20250609T113803
[2025-06-09T11:38:03.681+0000] {local_task_job_runner.py:234} INFO - Task exited with return code 0
[2025-06-09T11:38:03.775+0000] {taskinstance.py:3280} INFO - 0 downstream tasks scheduled from follow-on schedule check
