[2025-06-09T07:52:53.453+0000] {taskinstance.py:1956} INFO - Dependencies all met for dep_context=non-requeueable deps ti=<TaskInstance: multi_region_processor_7.process_region_asia.process_discounts_asia manual__2025-06-09T07:52:52.017416+00:00 [queued]>
[2025-06-09T07:52:53.467+0000] {taskinstance.py:1956} INFO - Dependencies all met for dep_context=requeueable deps ti=<TaskInstance: multi_region_processor_7.process_region_asia.process_discounts_asia manual__2025-06-09T07:52:52.017416+00:00 [queued]>
[2025-06-09T07:52:53.468+0000] {taskinstance.py:2170} INFO - Starting attempt 1 of 2
[2025-06-09T07:52:53.488+0000] {taskinstance.py:2191} INFO - Executing <Task(_PythonDecoratedOperator): process_region_asia.process_discounts_asia> on 2025-06-09 07:52:52.017416+00:00
[2025-06-09T07:52:53.495+0000] {standard_task_runner.py:60} INFO - Started process 90256 to run task
[2025-06-09T07:52:53.499+0000] {standard_task_runner.py:87} INFO - Running: ['airflow', 'tasks', 'run', 'multi_region_processor_7', 'process_region_asia.process_discounts_asia', 'manual__2025-06-09T07:52:52.017416+00:00', '--job-id', '610', '--raw', '--subdir', 'DAGS_FOLDER/master2.py', '--cfg-path', '/tmp/tmpqexcoofz']
[2025-06-09T07:52:53.501+0000] {standard_task_runner.py:88} INFO - Job 610: Subtask process_region_asia.process_discounts_asia
[2025-06-09T07:52:53.530+0000] {logging_mixin.py:188} WARNING - /home/airflow/.local/lib/python3.10/site-packages/airflow/settings.py:194 DeprecationWarning: The sql_alchemy_conn option in [core] has been moved to the sql_alchemy_conn option in [database] - the old setting has been used, but please update your config.
[2025-06-09T07:52:53.598+0000] {task_command.py:423} INFO - Running <TaskInstance: multi_region_processor_7.process_region_asia.process_discounts_asia manual__2025-06-09T07:52:52.017416+00:00 [running]> on host afcdbcf38bc0
[2025-06-09T07:52:53.755+0000] {taskinstance.py:2480} INFO - Exporting env vars: AIRFLOW_CTX_DAG_OWNER='data-team' AIRFLOW_CTX_DAG_ID='multi_region_processor_7' AIRFLOW_CTX_TASK_ID='process_region_asia.process_discounts_asia' AIRFLOW_CTX_EXECUTION_DATE='2025-06-09T07:52:52.017416+00:00' AIRFLOW_CTX_TRY_NUMBER='1' AIRFLOW_CTX_DAG_RUN_ID='manual__2025-06-09T07:52:52.017416+00:00'
[2025-06-09T07:53:00.642+0000] {logging_mixin.py:188} INFO - Processing discounts for region asia
[2025-06-09T07:53:00.643+0000] {logging_mixin.py:188} INFO - Error processing discounts for asia: No load_date folders found in /opt/airflow/data/raw/region=asia/table=discounts/load_date=2025-06-08/
[2025-06-09T07:53:00.959+0000] {taskinstance.py:2698} ERROR - Task failed with exception
Traceback (most recent call last):
  File "/home/airflow/.local/lib/python3.10/site-packages/airflow/models/taskinstance.py", line 433, in _execute_task
    result = execute_callable(context=context, **execute_callable_kwargs)
  File "/home/airflow/.local/lib/python3.10/site-packages/airflow/decorators/base.py", line 241, in execute
    return_value = super().execute(context)
  File "/home/airflow/.local/lib/python3.10/site-packages/airflow/operators/python.py", line 199, in execute
    return_value = self.execute_callable()
  File "/home/airflow/.local/lib/python3.10/site-packages/airflow/operators/python.py", line 216, in execute_callable
    return self.python_callable(*self.op_args, **self.op_kwargs)
  File "/opt/airflow/dags/master2.py", line 143, in process_table
    raise FileNotFoundError(f"No load_date folders found in {input_path}")
FileNotFoundError: No load_date folders found in /opt/airflow/data/raw/region=asia/table=discounts/load_date=2025-06-08/
[2025-06-09T07:53:00.978+0000] {taskinstance.py:1138} INFO - Marking task as UP_FOR_RETRY. dag_id=multi_region_processor_7, task_id=process_region_asia.process_discounts_asia, execution_date=20250609T075252, start_date=20250609T075253, end_date=20250609T075300
[2025-06-09T07:53:00.993+0000] {standard_task_runner.py:107} ERROR - Failed to execute job 610 for task process_region_asia.process_discounts_asia (No load_date folders found in /opt/airflow/data/raw/region=asia/table=discounts/load_date=2025-06-08/; 90256)
[2025-06-09T07:53:01.026+0000] {local_task_job_runner.py:234} INFO - Task exited with return code 1
[2025-06-09T07:53:01.079+0000] {taskinstance.py:3280} INFO - 0 downstream tasks scheduled from follow-on schedule check
