[2025-06-08T17:15:47.239+0000] {taskinstance.py:1956} INFO - Dependencies all met for dep_context=non-requeueable deps ti=<TaskInstance: transform_cart_items.run_transformation_eu scheduled__2025-06-07T01:00:00+00:00 [queued]>
[2025-06-08T17:15:47.255+0000] {taskinstance.py:1956} INFO - Dependencies all met for dep_context=requeueable deps ti=<TaskInstance: transform_cart_items.run_transformation_eu scheduled__2025-06-07T01:00:00+00:00 [queued]>
[2025-06-08T17:15:47.256+0000] {taskinstance.py:2170} INFO - Starting attempt 1 of 1
[2025-06-08T17:15:47.288+0000] {taskinstance.py:2191} INFO - Executing <Task(_PythonDecoratedOperator): run_transformation_eu> on 2025-06-07 01:00:00+00:00
[2025-06-08T17:15:47.297+0000] {standard_task_runner.py:60} INFO - Started process 65614 to run task
[2025-06-08T17:15:47.297+0000] {clientserver.py:543} INFO - Closing down clientserver connection
[2025-06-08T17:15:47.304+0000] {standard_task_runner.py:87} INFO - Running: ['airflow', 'tasks', 'run', 'transform_cart_items', 'run_transformation_eu', 'scheduled__2025-06-07T01:00:00+00:00', '--job-id', '597', '--raw', '--subdir', 'DAGS_FOLDER/staging/cart_items_to_staging.py', '--cfg-path', '/tmp/tmp2gxch7c0']
[2025-06-08T17:15:47.307+0000] {standard_task_runner.py:88} INFO - Job 597: Subtask run_transformation_eu
[2025-06-08T17:15:47.360+0000] {logging_mixin.py:188} WARNING - /home/airflow/.local/lib/python3.10/site-packages/airflow/settings.py:194 DeprecationWarning: The sql_alchemy_conn option in [core] has been moved to the sql_alchemy_conn option in [database] - the old setting has been used, but please update your config.
[2025-06-08T17:15:47.465+0000] {task_command.py:423} INFO - Running <TaskInstance: transform_cart_items.run_transformation_eu scheduled__2025-06-07T01:00:00+00:00 [running]> on host ca4d96b31043
[2025-06-08T17:15:47.752+0000] {clientserver.py:505} INFO - Error while sending or receiving.
Traceback (most recent call last):
  File "/home/airflow/.local/lib/python3.10/site-packages/py4j/clientserver.py", line 503, in send_command
    self.socket.sendall(command.encode("utf-8"))
ConnectionResetError: [Errno 104] Connection reset by peer
[2025-06-08T17:15:47.754+0000] {clientserver.py:543} INFO - Closing down clientserver connection
[2025-06-08T17:15:47.755+0000] {java_gateway.py:1052} INFO - Exception while sending command.
Traceback (most recent call last):
  File "/home/airflow/.local/lib/python3.10/site-packages/py4j/clientserver.py", line 503, in send_command
    self.socket.sendall(command.encode("utf-8"))
ConnectionResetError: [Errno 104] Connection reset by peer

During handling of the above exception, another exception occurred:

Traceback (most recent call last):
  File "/home/airflow/.local/lib/python3.10/site-packages/py4j/java_gateway.py", line 1038, in send_command
    response = connection.send_command(command)
  File "/home/airflow/.local/lib/python3.10/site-packages/py4j/clientserver.py", line 506, in send_command
    raise Py4JNetworkError(
py4j.protocol.Py4JNetworkError: Error while sending
[2025-06-08T17:15:47.766+0000] {clientserver.py:543} INFO - Closing down clientserver connection
[2025-06-08T17:15:47.775+0000] {taskinstance.py:2480} INFO - Exporting env vars: AIRFLOW_CTX_DAG_OWNER='airflow' AIRFLOW_CTX_DAG_ID='transform_cart_items' AIRFLOW_CTX_TASK_ID='run_transformation_eu' AIRFLOW_CTX_EXECUTION_DATE='2025-06-07T01:00:00+00:00' AIRFLOW_CTX_TRY_NUMBER='1' AIRFLOW_CTX_DAG_RUN_ID='scheduled__2025-06-07T01:00:00+00:00'
[2025-06-08T17:15:47.781+0000] {taskinstance.py:2698} ERROR - Task failed with exception
Traceback (most recent call last):
  File "/home/airflow/.local/lib/python3.10/site-packages/airflow/models/taskinstance.py", line 433, in _execute_task
    result = execute_callable(context=context, **execute_callable_kwargs)
  File "/home/airflow/.local/lib/python3.10/site-packages/airflow/decorators/base.py", line 241, in execute
    return_value = super().execute(context)
  File "/home/airflow/.local/lib/python3.10/site-packages/airflow/operators/python.py", line 199, in execute
    return_value = self.execute_callable()
  File "/home/airflow/.local/lib/python3.10/site-packages/airflow/operators/python.py", line 216, in execute_callable
    return self.python_callable(*self.op_args, **self.op_kwargs)
  File "/opt/airflow/dags/staging/cart_items_to_staging.py", line 94, in run_transformation_eu
    transform_cart_items(
TypeError: transform_cart_items() got an unexpected keyword argument 'table'
[2025-06-08T17:15:47.823+0000] {taskinstance.py:1138} INFO - Marking task as FAILED. dag_id=transform_cart_items, task_id=run_transformation_eu, execution_date=20250607T010000, start_date=20250608T171547, end_date=20250608T171547
[2025-06-08T17:15:47.850+0000] {standard_task_runner.py:107} ERROR - Failed to execute job 597 for task run_transformation_eu (transform_cart_items() got an unexpected keyword argument 'table'; 65614)
[2025-06-08T17:15:47.883+0000] {local_task_job_runner.py:234} INFO - Task exited with return code 1
[2025-06-08T17:15:47.954+0000] {taskinstance.py:3280} INFO - 0 downstream tasks scheduled from follow-on schedule check
[2025-06-08T19:31:49.250+0000] {taskinstance.py:1956} INFO - Dependencies all met for dep_context=non-requeueable deps ti=<TaskInstance: transform_cart_items.run_transformation_eu scheduled__2025-06-07T01:00:00+00:00 [queued]>
[2025-06-08T19:31:49.266+0000] {taskinstance.py:1956} INFO - Dependencies all met for dep_context=requeueable deps ti=<TaskInstance: transform_cart_items.run_transformation_eu scheduled__2025-06-07T01:00:00+00:00 [queued]>
[2025-06-08T19:31:49.267+0000] {taskinstance.py:2170} INFO - Starting attempt 1 of 1
[2025-06-08T19:31:49.288+0000] {taskinstance.py:2191} INFO - Executing <Task(_PythonDecoratedOperator): run_transformation_eu> on 2025-06-07 01:00:00+00:00
[2025-06-08T19:31:49.296+0000] {standard_task_runner.py:60} INFO - Started process 40343 to run task
[2025-06-08T19:31:49.296+0000] {clientserver.py:543} INFO - Closing down clientserver connection
[2025-06-08T19:31:49.303+0000] {standard_task_runner.py:87} INFO - Running: ['airflow', 'tasks', 'run', 'transform_cart_items', 'run_transformation_eu', 'scheduled__2025-06-07T01:00:00+00:00', '--job-id', '10', '--raw', '--subdir', 'DAGS_FOLDER/staging/cart_items_to_staging.py', '--cfg-path', '/tmp/tmpd5p1ukz0']
[2025-06-08T19:31:49.305+0000] {standard_task_runner.py:88} INFO - Job 10: Subtask run_transformation_eu
[2025-06-08T19:31:49.339+0000] {logging_mixin.py:188} WARNING - /home/airflow/.local/lib/python3.10/site-packages/airflow/settings.py:194 DeprecationWarning: The sql_alchemy_conn option in [core] has been moved to the sql_alchemy_conn option in [database] - the old setting has been used, but please update your config.
[2025-06-08T19:31:49.419+0000] {task_command.py:423} INFO - Running <TaskInstance: transform_cart_items.run_transformation_eu scheduled__2025-06-07T01:00:00+00:00 [running]> on host 098d7b977cb8
[2025-06-08T19:31:49.625+0000] {taskinstance.py:2480} INFO - Exporting env vars: AIRFLOW_CTX_DAG_OWNER='airflow' AIRFLOW_CTX_DAG_ID='transform_cart_items' AIRFLOW_CTX_TASK_ID='run_transformation_eu' AIRFLOW_CTX_EXECUTION_DATE='2025-06-07T01:00:00+00:00' AIRFLOW_CTX_TRY_NUMBER='1' AIRFLOW_CTX_DAG_RUN_ID='scheduled__2025-06-07T01:00:00+00:00'
[2025-06-08T19:31:49.628+0000] {logging_mixin.py:188} INFO - Starting transformation for table: cart_items in region: eu
[2025-06-08T19:31:49.635+0000] {logging_mixin.py:188} INFO - Reading data from: /opt/airflow/data/raw/region=eu/table=cart_items/load_date=2025-06-08/
[2025-06-08T19:31:49.862+0000] {clientserver.py:505} INFO - Error while sending or receiving.
Traceback (most recent call last):
  File "/home/airflow/.local/lib/python3.10/site-packages/py4j/clientserver.py", line 503, in send_command
    self.socket.sendall(command.encode("utf-8"))
ConnectionResetError: [Errno 104] Connection reset by peer
[2025-06-08T19:31:49.865+0000] {clientserver.py:543} INFO - Closing down clientserver connection
[2025-06-08T19:31:49.866+0000] {java_gateway.py:1052} INFO - Exception while sending command.
Traceback (most recent call last):
  File "/home/airflow/.local/lib/python3.10/site-packages/py4j/clientserver.py", line 503, in send_command
    self.socket.sendall(command.encode("utf-8"))
ConnectionResetError: [Errno 104] Connection reset by peer

During handling of the above exception, another exception occurred:

Traceback (most recent call last):
  File "/home/airflow/.local/lib/python3.10/site-packages/py4j/java_gateway.py", line 1038, in send_command
    response = connection.send_command(command)
  File "/home/airflow/.local/lib/python3.10/site-packages/py4j/clientserver.py", line 506, in send_command
    raise Py4JNetworkError(
py4j.protocol.Py4JNetworkError: Error while sending
[2025-06-08T19:31:49.886+0000] {clientserver.py:543} INFO - Closing down clientserver connection
[2025-06-08T19:31:59.421+0000] {logging_mixin.py:188} INFO - [INFO] Processing 12 records for eu
[2025-06-08T19:32:00.127+0000] {logging_mixin.py:188} INFO - Sample transformed data for cart_items in eu:
[2025-06-08T19:32:04.314+0000] {logging_mixin.py:188} INFO - +------------+-------+----------+--------+--------------+-------------------+-------------------+-------+--------+
|cart_item_id|cart_id|variant_id|quantity|unit_price_eur|added_at           |updated_at         |_region|_source |
+------------+-------+----------+--------+--------------+-------------------+-------------------+-------+--------+
|1           |1      |2         |1       |1399.99       |2025-06-08 19:22:57|2025-06-08 19:22:57|eu     |postgres|
|2           |1      |8         |2       |29.99         |2025-06-08 19:22:57|2025-06-08 19:22:57|eu     |postgres|
|3           |2      |15        |1       |1799.99       |2025-06-08 19:22:57|2025-06-08 19:22:57|eu     |postgres|
|4           |3      |19        |1       |109.99        |2025-06-08 19:22:57|2025-06-08 19:22:57|eu     |postgres|
|5           |4      |6         |1       |399.99        |2025-06-08 19:22:57|2025-06-08 19:22:57|eu     |postgres|
+------------+-------+----------+--------+--------------+-------------------+-------------------+-------+--------+
only showing top 5 rows
[2025-06-08T19:32:04.314+0000] {logging_mixin.py:188} INFO - Writing transformed data to: /opt/airflow/data/staging/cart_items/region=eu/load_date=2025-06-08/
[2025-06-08T19:32:06.427+0000] {logging_mixin.py:188} INFO - Successfully transformed 12 records for cart_items in eu
[2025-06-08T20:00:48.531+0000] {local_task_job_runner.py:302} WARNING - State of this instance has been externally set to success. Terminating instance.
[2025-06-08T20:00:48.611+0000] {process_utils.py:131} INFO - Sending 15 to group 40343. PIDs of all processes in the group: [40343]
[2025-06-08T20:00:48.615+0000] {process_utils.py:86} INFO - Sending the signal 15 to group 40343
[2025-06-08T20:00:48.650+0000] {taskinstance.py:2450} ERROR - Received SIGTERM. Terminating subprocesses.
[2025-06-08T20:00:49.564+0000] {process_utils.py:79} INFO - Process psutil.Process(pid=40343, status='terminated', exitcode=0, started='19:31:49') (40343) terminated with exit code 0
