[2025-06-11T12:05:52.769+0000] {taskinstance.py:1956} INFO - Dependencies all met for dep_context=non-requeueable deps ti=<TaskInstance: multi_region_transform_staging_v2.process_region_asia.process_customers_asia manual__2025-06-11T12:05:33.520660+00:00 [queued]>
[2025-06-11T12:05:52.784+0000] {taskinstance.py:1956} INFO - Dependencies all met for dep_context=requeueable deps ti=<TaskInstance: multi_region_transform_staging_v2.process_region_asia.process_customers_asia manual__2025-06-11T12:05:33.520660+00:00 [queued]>
[2025-06-11T12:05:52.784+0000] {taskinstance.py:2170} INFO - Starting attempt 1 of 2
[2025-06-11T12:05:52.806+0000] {taskinstance.py:2191} INFO - Executing <Task(_PythonDecoratedOperator): process_region_asia.process_customers_asia> on 2025-06-11 12:05:33.520660+00:00
[2025-06-11T12:05:52.817+0000] {standard_task_runner.py:60} INFO - Started process 31215 to run task
[2025-06-11T12:05:52.817+0000] {clientserver.py:543} INFO - Closing down clientserver connection
[2025-06-11T12:05:52.823+0000] {standard_task_runner.py:87} INFO - Running: ['airflow', 'tasks', 'run', 'multi_region_transform_staging_v2', 'process_region_asia.process_customers_asia', 'manual__2025-06-11T12:05:33.520660+00:00', '--job-id', '1696', '--raw', '--subdir', 'DAGS_FOLDER/master_dag.py', '--cfg-path', '/tmp/tmphyb2fwhl']
[2025-06-11T12:05:52.826+0000] {standard_task_runner.py:88} INFO - Job 1696: Subtask process_region_asia.process_customers_asia
[2025-06-11T12:05:52.961+0000] {task_command.py:423} INFO - Running <TaskInstance: multi_region_transform_staging_v2.process_region_asia.process_customers_asia manual__2025-06-11T12:05:33.520660+00:00 [running]> on host 8b0a421f0af7
[2025-06-11T12:05:53.242+0000] {taskinstance.py:2480} INFO - Exporting env vars: AIRFLOW_CTX_DAG_OWNER='data-team' AIRFLOW_CTX_DAG_ID='multi_region_transform_staging_v2' AIRFLOW_CTX_TASK_ID='process_region_asia.process_customers_asia' AIRFLOW_CTX_EXECUTION_DATE='2025-06-11T12:05:33.520660+00:00' AIRFLOW_CTX_TRY_NUMBER='1' AIRFLOW_CTX_DAG_RUN_ID='manual__2025-06-11T12:05:33.520660+00:00'
[2025-06-11T12:05:53.366+0000] {logging_mixin.py:188} INFO - Vector()
[2025-06-11T12:05:53.368+0000] {logging_mixin.py:188} INFO - Processing customers for region asia
[2025-06-11T12:05:53.376+0000] {clientserver.py:505} INFO - Error while sending or receiving.
Traceback (most recent call last):
  File "/home/airflow/.local/lib/python3.10/site-packages/py4j/clientserver.py", line 503, in send_command
    self.socket.sendall(command.encode("utf-8"))
ConnectionResetError: [Errno 104] Connection reset by peer
[2025-06-11T12:05:53.378+0000] {clientserver.py:543} INFO - Closing down clientserver connection
[2025-06-11T12:05:53.380+0000] {java_gateway.py:1052} INFO - Exception while sending command.
Traceback (most recent call last):
  File "/home/airflow/.local/lib/python3.10/site-packages/py4j/clientserver.py", line 503, in send_command
    self.socket.sendall(command.encode("utf-8"))
ConnectionResetError: [Errno 104] Connection reset by peer

During handling of the above exception, another exception occurred:

Traceback (most recent call last):
  File "/home/airflow/.local/lib/python3.10/site-packages/py4j/java_gateway.py", line 1038, in send_command
    response = connection.send_command(command)
  File "/home/airflow/.local/lib/python3.10/site-packages/py4j/clientserver.py", line 506, in send_command
    raise Py4JNetworkError(
py4j.protocol.Py4JNetworkError: Error while sending
[2025-06-11T12:05:53.396+0000] {clientserver.py:543} INFO - Closing down clientserver connection
[2025-06-11T12:05:53.398+0000] {logging_mixin.py:188} INFO - /opt/airflow/data/raw/region=asia/table=customers/load_date=2025-06-11
[2025-06-11T12:06:03.052+0000] {logging_mixin.py:188} INFO - Error processing customers for asia: An error occurred while calling o43.load.
: org.apache.spark.SparkClassNotFoundException: [DATA_SOURCE_NOT_FOUND] Failed to find the data source: snowflake. Please find packages at `https://spark.apache.org/third-party-projects.html`.
	at org.apache.spark.sql.errors.QueryExecutionErrors$.dataSourceNotFoundError(QueryExecutionErrors.scala:725)
	at org.apache.spark.sql.execution.datasources.DataSource$.lookupDataSource(DataSource.scala:647)
	at org.apache.spark.sql.execution.datasources.DataSource$.lookupDataSourceV2(DataSource.scala:697)
	at org.apache.spark.sql.DataFrameReader.load(DataFrameReader.scala:208)
	at org.apache.spark.sql.DataFrameReader.load(DataFrameReader.scala:172)
	at java.base/jdk.internal.reflect.NativeMethodAccessorImpl.invoke0(Native Method)
	at java.base/jdk.internal.reflect.NativeMethodAccessorImpl.invoke(NativeMethodAccessorImpl.java:62)
	at java.base/jdk.internal.reflect.DelegatingMethodAccessorImpl.invoke(DelegatingMethodAccessorImpl.java:43)
	at java.base/java.lang.reflect.Method.invoke(Method.java:566)
	at py4j.reflection.MethodInvoker.invoke(MethodInvoker.java:244)
	at py4j.reflection.ReflectionEngine.invoke(ReflectionEngine.java:374)
	at py4j.Gateway.invoke(Gateway.java:282)
	at py4j.commands.AbstractCommand.invokeMethod(AbstractCommand.java:132)
	at py4j.commands.CallCommand.execute(CallCommand.java:79)
	at py4j.ClientServerConnection.waitForCommands(ClientServerConnection.java:182)
	at py4j.ClientServerConnection.run(ClientServerConnection.java:106)
	at java.base/java.lang.Thread.run(Thread.java:829)
Caused by: java.lang.ClassNotFoundException: snowflake.DefaultSource
	at java.base/java.net.URLClassLoader.findClass(URLClassLoader.java:476)
	at java.base/java.lang.ClassLoader.loadClass(ClassLoader.java:594)
	at java.base/java.lang.ClassLoader.loadClass(ClassLoader.java:527)
	at org.apache.spark.sql.execution.datasources.DataSource$.$anonfun$lookupDataSource$5(DataSource.scala:633)
	at scala.util.Try$.apply(Try.scala:213)
	at org.apache.spark.sql.execution.datasources.DataSource$.$anonfun$lookupDataSource$4(DataSource.scala:633)
	at scala.util.Failure.orElse(Try.scala:224)
	at org.apache.spark.sql.execution.datasources.DataSource$.lookupDataSource(DataSource.scala:633)
	... 15 more
[2025-06-11T12:10:31.059+0000] {local_task_job_runner.py:302} WARNING - State of this instance has been externally set to failed. Terminating instance.
[2025-06-11T12:10:31.406+0000] {process_utils.py:131} INFO - Sending 15 to group 31215. PIDs of all processes in the group: [31215]
[2025-06-11T12:10:31.409+0000] {process_utils.py:86} INFO - Sending the signal 15 to group 31215
[2025-06-11T12:10:31.411+0000] {taskinstance.py:2450} ERROR - Received SIGTERM. Terminating subprocesses.
[2025-06-11T12:10:31.585+0000] {process_utils.py:79} INFO - Process psutil.Process(pid=31215, status='terminated', exitcode=0, started='12:05:52') (31215) terminated with exit code 0
