[2025-06-04T17:49:15.630+0000] {taskinstance.py:1956} INFO - Dependencies all met for dep_context=non-requeueable deps ti=<TaskInstance: schema_evolution_framework.run_schema_evolution manual__2025-06-04T17:48:55+00:00 [queued]>
[2025-06-04T17:49:15.643+0000] {taskinstance.py:1956} INFO - Dependencies all met for dep_context=requeueable deps ti=<TaskInstance: schema_evolution_framework.run_schema_evolution manual__2025-06-04T17:48:55+00:00 [queued]>
[2025-06-04T17:49:15.643+0000] {taskinstance.py:2170} INFO - Starting attempt 1 of 2
[2025-06-04T17:49:15.660+0000] {taskinstance.py:2191} INFO - Executing <Task(BashOperator): run_schema_evolution> on 2025-06-04 17:48:55+00:00
[2025-06-04T17:49:15.666+0000] {standard_task_runner.py:60} INFO - Started process 606 to run task
[2025-06-04T17:49:15.670+0000] {standard_task_runner.py:87} INFO - Running: ['airflow', 'tasks', 'run', 'schema_evolution_framework', 'run_schema_evolution', 'manual__2025-06-04T17:48:55+00:00', '--job-id', '61', '--raw', '--subdir', 'DAGS_FOLDER/schema_drift/schema_drift.py', '--cfg-path', '/tmp/tmpbj0zwd4a']
[2025-06-04T17:49:15.672+0000] {standard_task_runner.py:88} INFO - Job 61: Subtask run_schema_evolution
[2025-06-04T17:49:15.690+0000] {logging_mixin.py:188} WARNING - /home/airflow/.local/lib/python3.10/site-packages/airflow/settings.py:194 DeprecationWarning: The sql_alchemy_conn option in [core] has been moved to the sql_alchemy_conn option in [database] - the old setting has been used, but please update your config.
[2025-06-04T17:49:15.731+0000] {task_command.py:423} INFO - Running <TaskInstance: schema_evolution_framework.run_schema_evolution manual__2025-06-04T17:48:55+00:00 [running]> on host 96233e9a0e62
[2025-06-04T17:49:15.833+0000] {taskinstance.py:2480} INFO - Exporting env vars: AIRFLOW_CTX_DAG_OWNER='airflow' AIRFLOW_CTX_DAG_ID='schema_evolution_framework' AIRFLOW_CTX_TASK_ID='run_schema_evolution' AIRFLOW_CTX_EXECUTION_DATE='2025-06-04T17:48:55+00:00' AIRFLOW_CTX_TRY_NUMBER='1' AIRFLOW_CTX_DAG_RUN_ID='manual__2025-06-04T17:48:55+00:00'
[2025-06-04T17:49:15.834+0000] {subprocess.py:63} INFO - Tmp dir root location: /tmp
[2025-06-04T17:49:15.835+0000] {subprocess.py:75} INFO - Running command: ['/usr/bin/bash', '-c', 'spark-submit /opt/airflow/scripts/pyspark_jobs/schema_evolution.py --region asia --table customers --load_date 2025-06-03']
[2025-06-04T17:49:15.846+0000] {subprocess.py:86} INFO - Output:
[2025-06-04T17:49:18.466+0000] {subprocess.py:93} INFO - 25/06/04 17:49:18 INFO SparkContext: Running Spark version 3.5.6
[2025-06-04T17:49:18.469+0000] {subprocess.py:93} INFO - 25/06/04 17:49:18 INFO SparkContext: OS info Linux, 6.11.0-26-generic, amd64
[2025-06-04T17:49:18.470+0000] {subprocess.py:93} INFO - 25/06/04 17:49:18 INFO SparkContext: Java version 11.0.24
[2025-06-04T17:49:18.599+0000] {subprocess.py:93} INFO - 25/06/04 17:49:18 WARN NativeCodeLoader: Unable to load native-hadoop library for your platform... using builtin-java classes where applicable
[2025-06-04T17:49:18.768+0000] {subprocess.py:93} INFO - 25/06/04 17:49:18 INFO ResourceUtils: ==============================================================
[2025-06-04T17:49:18.768+0000] {subprocess.py:93} INFO - 25/06/04 17:49:18 INFO ResourceUtils: No custom resources configured for spark.driver.
[2025-06-04T17:49:18.768+0000] {subprocess.py:93} INFO - 25/06/04 17:49:18 INFO ResourceUtils: ==============================================================
[2025-06-04T17:49:18.769+0000] {subprocess.py:93} INFO - 25/06/04 17:49:18 INFO SparkContext: Submitted application: Schema Evolution Framework
[2025-06-04T17:49:18.801+0000] {subprocess.py:93} INFO - 25/06/04 17:49:18 INFO ResourceProfile: Default ResourceProfile created, executor resources: Map(cores -> name: cores, amount: 1, script: , vendor: , memory -> name: memory, amount: 1024, script: , vendor: , offHeap -> name: offHeap, amount: 0, script: , vendor: ), task resources: Map(cpus -> name: cpus, amount: 1.0)
[2025-06-04T17:49:18.816+0000] {subprocess.py:93} INFO - 25/06/04 17:49:18 INFO ResourceProfile: Limiting resource is cpu
[2025-06-04T17:49:18.817+0000] {subprocess.py:93} INFO - 25/06/04 17:49:18 INFO ResourceProfileManager: Added ResourceProfile id: 0
[2025-06-04T17:49:18.901+0000] {subprocess.py:93} INFO - 25/06/04 17:49:18 INFO SecurityManager: Changing view acls to: airflow
[2025-06-04T17:49:18.902+0000] {subprocess.py:93} INFO - 25/06/04 17:49:18 INFO SecurityManager: Changing modify acls to: airflow
[2025-06-04T17:49:18.903+0000] {subprocess.py:93} INFO - 25/06/04 17:49:18 INFO SecurityManager: Changing view acls groups to:
[2025-06-04T17:49:18.903+0000] {subprocess.py:93} INFO - 25/06/04 17:49:18 INFO SecurityManager: Changing modify acls groups to:
[2025-06-04T17:49:18.904+0000] {subprocess.py:93} INFO - 25/06/04 17:49:18 INFO SecurityManager: SecurityManager: authentication disabled; ui acls disabled; users with view permissions: airflow; groups with view permissions: EMPTY; users with modify permissions: airflow; groups with modify permissions: EMPTY
[2025-06-04T17:49:19.157+0000] {subprocess.py:93} INFO - 25/06/04 17:49:19 INFO Utils: Successfully started service 'sparkDriver' on port 37355.
[2025-06-04T17:49:19.568+0000] {subprocess.py:93} INFO - 25/06/04 17:49:19 INFO SparkEnv: Registering MapOutputTracker
[2025-06-04T17:49:19.598+0000] {subprocess.py:93} INFO - 25/06/04 17:49:19 INFO SparkEnv: Registering BlockManagerMaster
[2025-06-04T17:49:19.619+0000] {subprocess.py:93} INFO - 25/06/04 17:49:19 INFO BlockManagerMasterEndpoint: Using org.apache.spark.storage.DefaultTopologyMapper for getting topology information
[2025-06-04T17:49:19.619+0000] {subprocess.py:93} INFO - 25/06/04 17:49:19 INFO BlockManagerMasterEndpoint: BlockManagerMasterEndpoint up
[2025-06-04T17:49:19.622+0000] {subprocess.py:93} INFO - 25/06/04 17:49:19 INFO SparkEnv: Registering BlockManagerMasterHeartbeat
[2025-06-04T17:49:19.648+0000] {subprocess.py:93} INFO - 25/06/04 17:49:19 INFO DiskBlockManager: Created local directory at /tmp/blockmgr-e3c228e2-e1cc-4b6f-9f86-743a63326fdc
[2025-06-04T17:49:19.661+0000] {subprocess.py:93} INFO - 25/06/04 17:49:19 INFO MemoryStore: MemoryStore started with capacity 434.4 MiB
[2025-06-04T17:49:19.677+0000] {subprocess.py:93} INFO - 25/06/04 17:49:19 INFO SparkEnv: Registering OutputCommitCoordinator
[2025-06-04T17:49:19.831+0000] {subprocess.py:93} INFO - 25/06/04 17:49:19 INFO JettyUtils: Start Jetty 0.0.0.0:4040 for SparkUI
[2025-06-04T17:49:19.894+0000] {subprocess.py:93} INFO - 25/06/04 17:49:19 INFO Utils: Successfully started service 'SparkUI' on port 4040.
[2025-06-04T17:49:19.985+0000] {subprocess.py:93} INFO - 25/06/04 17:49:19 INFO Executor: Starting executor ID driver on host 96233e9a0e62
[2025-06-04T17:49:19.985+0000] {subprocess.py:93} INFO - 25/06/04 17:49:19 INFO Executor: OS info Linux, 6.11.0-26-generic, amd64
[2025-06-04T17:49:19.985+0000] {subprocess.py:93} INFO - 25/06/04 17:49:19 INFO Executor: Java version 11.0.24
[2025-06-04T17:49:19.991+0000] {subprocess.py:93} INFO - 25/06/04 17:49:19 INFO Executor: Starting executor with user classpath (userClassPathFirst = false): ''
[2025-06-04T17:49:19.991+0000] {subprocess.py:93} INFO - 25/06/04 17:49:19 INFO Executor: Created or updated repl class loader org.apache.spark.util.MutableURLClassLoader@5ee3841 for default.
[2025-06-04T17:49:20.010+0000] {subprocess.py:93} INFO - 25/06/04 17:49:20 INFO Utils: Successfully started service 'org.apache.spark.network.netty.NettyBlockTransferService' on port 43253.
[2025-06-04T17:49:20.010+0000] {subprocess.py:93} INFO - 25/06/04 17:49:20 INFO NettyBlockTransferService: Server created on 96233e9a0e62:43253
[2025-06-04T17:49:20.012+0000] {subprocess.py:93} INFO - 25/06/04 17:49:20 INFO BlockManager: Using org.apache.spark.storage.RandomBlockReplicationPolicy for block replication policy
[2025-06-04T17:49:20.018+0000] {subprocess.py:93} INFO - 25/06/04 17:49:20 INFO BlockManagerMaster: Registering BlockManager BlockManagerId(driver, 96233e9a0e62, 43253, None)
[2025-06-04T17:49:20.021+0000] {subprocess.py:93} INFO - 25/06/04 17:49:20 INFO BlockManagerMasterEndpoint: Registering block manager 96233e9a0e62:43253 with 434.4 MiB RAM, BlockManagerId(driver, 96233e9a0e62, 43253, None)
[2025-06-04T17:49:20.024+0000] {subprocess.py:93} INFO - 25/06/04 17:49:20 INFO BlockManagerMaster: Registered BlockManager BlockManagerId(driver, 96233e9a0e62, 43253, None)
[2025-06-04T17:49:20.024+0000] {subprocess.py:93} INFO - 25/06/04 17:49:20 INFO BlockManager: Initialized BlockManager: BlockManagerId(driver, 96233e9a0e62, 43253, None)
[2025-06-04T17:49:20.366+0000] {subprocess.py:93} INFO - Traceback (most recent call last):
[2025-06-04T17:49:20.366+0000] {subprocess.py:93} INFO -   File "/opt/airflow/scripts/pyspark_jobs/schema_evolution.py", line 246, in <module>
[2025-06-04T17:49:20.366+0000] {subprocess.py:93} INFO -     result = process_table_with_schema_evolution(args.region, args.table, args.load_date)
[2025-06-04T17:49:20.366+0000] {subprocess.py:93} INFO -   File "/opt/airflow/scripts/pyspark_jobs/schema_evolution.py", line 171, in process_table_with_schema_evolution
[2025-06-04T17:49:20.366+0000] {subprocess.py:93} INFO -     ensure_directory_exists(target_path)
[2025-06-04T17:49:20.366+0000] {subprocess.py:93} INFO -   File "/opt/airflow/scripts/pyspark_jobs/schema_evolution.py", line 24, in ensure_directory_exists
[2025-06-04T17:49:20.366+0000] {subprocess.py:93} INFO -     os.makedirs(path)
[2025-06-04T17:49:20.367+0000] {subprocess.py:93} INFO -   File "/usr/local/lib/python3.10/os.py", line 215, in makedirs
[2025-06-04T17:49:20.367+0000] {subprocess.py:93} INFO -     makedirs(head, exist_ok=exist_ok)
[2025-06-04T17:49:20.367+0000] {subprocess.py:93} INFO -   File "/usr/local/lib/python3.10/os.py", line 225, in makedirs
[2025-06-04T17:49:20.367+0000] {subprocess.py:93} INFO -     mkdir(name, mode)
[2025-06-04T17:49:20.367+0000] {subprocess.py:93} INFO - PermissionError: [Errno 13] Permission denied: '/opt/airflow/data/processed'
[2025-06-04T17:49:20.404+0000] {subprocess.py:93} INFO - 25/06/04 17:49:20 INFO SparkContext: Invoking stop() from shutdown hook
[2025-06-04T17:49:20.404+0000] {subprocess.py:93} INFO - 25/06/04 17:49:20 INFO SparkContext: SparkContext is stopping with exitCode 0.
[2025-06-04T17:49:20.414+0000] {subprocess.py:93} INFO - 25/06/04 17:49:20 INFO SparkUI: Stopped Spark web UI at http://96233e9a0e62:4040
[2025-06-04T17:49:20.426+0000] {subprocess.py:93} INFO - 25/06/04 17:49:20 INFO MapOutputTrackerMasterEndpoint: MapOutputTrackerMasterEndpoint stopped!
[2025-06-04T17:49:20.436+0000] {subprocess.py:93} INFO - 25/06/04 17:49:20 INFO MemoryStore: MemoryStore cleared
[2025-06-04T17:49:20.436+0000] {subprocess.py:93} INFO - 25/06/04 17:49:20 INFO BlockManager: BlockManager stopped
[2025-06-04T17:49:20.442+0000] {subprocess.py:93} INFO - 25/06/04 17:49:20 INFO BlockManagerMaster: BlockManagerMaster stopped
[2025-06-04T17:49:20.445+0000] {subprocess.py:93} INFO - 25/06/04 17:49:20 INFO OutputCommitCoordinator$OutputCommitCoordinatorEndpoint: OutputCommitCoordinator stopped!
[2025-06-04T17:49:20.451+0000] {subprocess.py:93} INFO - 25/06/04 17:49:20 INFO SparkContext: Successfully stopped SparkContext
[2025-06-04T17:49:20.451+0000] {subprocess.py:93} INFO - 25/06/04 17:49:20 INFO ShutdownHookManager: Shutdown hook called
[2025-06-04T17:49:20.452+0000] {subprocess.py:93} INFO - 25/06/04 17:49:20 INFO ShutdownHookManager: Deleting directory /tmp/spark-5337eb56-d05e-4325-87de-362f061e01c1
[2025-06-04T17:49:20.454+0000] {subprocess.py:93} INFO - 25/06/04 17:49:20 INFO ShutdownHookManager: Deleting directory /tmp/spark-91a7c705-6074-4975-a971-739bcdb63065/pyspark-bcda473c-954b-4b88-9f68-54fdf067dc46
[2025-06-04T17:49:20.457+0000] {subprocess.py:93} INFO - 25/06/04 17:49:20 INFO ShutdownHookManager: Deleting directory /tmp/spark-91a7c705-6074-4975-a971-739bcdb63065
[2025-06-04T17:49:20.491+0000] {subprocess.py:97} INFO - Command exited with return code 1
[2025-06-04T17:49:20.504+0000] {taskinstance.py:2698} ERROR - Task failed with exception
Traceback (most recent call last):
  File "/home/airflow/.local/lib/python3.10/site-packages/airflow/models/taskinstance.py", line 433, in _execute_task
    result = execute_callable(context=context, **execute_callable_kwargs)
  File "/home/airflow/.local/lib/python3.10/site-packages/airflow/operators/bash.py", line 212, in execute
    raise AirflowException(
airflow.exceptions.AirflowException: Bash command failed. The command returned a non-zero exit code 1.
[2025-06-04T17:49:20.506+0000] {taskinstance.py:1138} INFO - Marking task as UP_FOR_RETRY. dag_id=schema_evolution_framework, task_id=run_schema_evolution, execution_date=20250604T174855, start_date=20250604T174915, end_date=20250604T174920
[2025-06-04T17:49:20.518+0000] {standard_task_runner.py:107} ERROR - Failed to execute job 61 for task run_schema_evolution (Bash command failed. The command returned a non-zero exit code 1.; 606)
[2025-06-04T17:49:20.535+0000] {local_task_job_runner.py:234} INFO - Task exited with return code 1
[2025-06-04T17:49:20.553+0000] {taskinstance.py:3280} INFO - 0 downstream tasks scheduled from follow-on schedule check
