[2025-06-03T08:33:02.064+0000] {taskinstance.py:1956} INFO - Dependencies all met for dep_context=non-requeueable deps ti=<TaskInstance: ingest_raw_data_asia.extract_asia_asia_categories manual__2025-06-03T06:07:18.020901+00:00 [queued]>
[2025-06-03T08:33:02.072+0000] {taskinstance.py:1956} INFO - Dependencies all met for dep_context=requeueable deps ti=<TaskInstance: ingest_raw_data_asia.extract_asia_asia_categories manual__2025-06-03T06:07:18.020901+00:00 [queued]>
[2025-06-03T08:33:02.072+0000] {taskinstance.py:2170} INFO - Starting attempt 3 of 2
[2025-06-03T08:33:02.151+0000] {taskinstance.py:2191} INFO - Executing <Task(BashOperator): extract_asia_asia_categories> on 2025-06-03 06:07:18.020901+00:00
[2025-06-03T08:33:02.155+0000] {standard_task_runner.py:60} INFO - Started process 221 to run task
[2025-06-03T08:33:02.157+0000] {standard_task_runner.py:87} INFO - Running: ['airflow', 'tasks', 'run', 'ingest_raw_data_asia', 'extract_asia_asia_categories', 'manual__2025-06-03T06:07:18.020901+00:00', '--job-id', '300', '--raw', '--subdir', 'DAGS_FOLDER/asia/landing.py', '--cfg-path', '/tmp/tmpxgfpze24']
[2025-06-03T08:33:02.159+0000] {standard_task_runner.py:88} INFO - Job 300: Subtask extract_asia_asia_categories
[2025-06-03T08:33:02.226+0000] {logging_mixin.py:188} WARNING - /home/airflow/.local/lib/python3.10/site-packages/airflow/settings.py:194 DeprecationWarning: The sql_alchemy_conn option in [core] has been moved to the sql_alchemy_conn option in [database] - the old setting has been used, but please update your config.
[2025-06-03T08:33:02.259+0000] {task_command.py:423} INFO - Running <TaskInstance: ingest_raw_data_asia.extract_asia_asia_categories manual__2025-06-03T06:07:18.020901+00:00 [running]> on host 86069ee61878
[2025-06-03T08:33:02.473+0000] {taskinstance.py:2480} INFO - Exporting env vars: AIRFLOW_CTX_DAG_OWNER='airflow' AIRFLOW_CTX_DAG_ID='ingest_raw_data_asia' AIRFLOW_CTX_TASK_ID='extract_asia_asia_categories' AIRFLOW_CTX_EXECUTION_DATE='2025-06-03T06:07:18.020901+00:00' AIRFLOW_CTX_TRY_NUMBER='3' AIRFLOW_CTX_DAG_RUN_ID='manual__2025-06-03T06:07:18.020901+00:00'
[2025-06-03T08:33:02.474+0000] {subprocess.py:63} INFO - Tmp dir root location: /tmp
[2025-06-03T08:33:02.474+0000] {subprocess.py:75} INFO - Running command: ['/usr/bin/bash', '-c', '\n                spark-submit                     /opt/airflow/scripts/pyspark_jobs/extract_to_parquet.py                     asia.categories "jdbc:postgresql://retail-postgres:5432/retail_etl" retail-etl retail_etl 2025-06-03\n            ']
[2025-06-03T08:33:02.481+0000] {subprocess.py:86} INFO - Output:
[2025-06-03T08:33:44.844+0000] {subprocess.py:93} INFO - 25/06/03 08:33:44 INFO SparkContext: Running Spark version 3.5.6
[2025-06-03T08:33:44.846+0000] {subprocess.py:93} INFO - 25/06/03 08:33:44 INFO SparkContext: OS info Linux, 6.11.0-26-generic, amd64
[2025-06-03T08:33:44.846+0000] {subprocess.py:93} INFO - 25/06/03 08:33:44 INFO SparkContext: Java version 11.0.24
[2025-06-03T08:33:46.807+0000] {subprocess.py:93} INFO - 25/06/03 08:33:46 WARN NativeCodeLoader: Unable to load native-hadoop library for your platform... using builtin-java classes where applicable
[2025-06-03T08:33:47.901+0000] {subprocess.py:93} INFO - 25/06/03 08:33:47 INFO ResourceUtils: ==============================================================
[2025-06-03T08:33:47.902+0000] {subprocess.py:93} INFO - 25/06/03 08:33:47 INFO ResourceUtils: No custom resources configured for spark.driver.
[2025-06-03T08:33:47.902+0000] {subprocess.py:93} INFO - 25/06/03 08:33:47 INFO ResourceUtils: ==============================================================
[2025-06-03T08:33:47.903+0000] {subprocess.py:93} INFO - 25/06/03 08:33:47 INFO SparkContext: Submitted application: Extract_asia_asia.categories
[2025-06-03T08:33:48.003+0000] {subprocess.py:93} INFO - 25/06/03 08:33:48 INFO ResourceProfile: Default ResourceProfile created, executor resources: Map(cores -> name: cores, amount: 1, script: , vendor: , memory -> name: memory, amount: 1024, script: , vendor: , offHeap -> name: offHeap, amount: 0, script: , vendor: ), task resources: Map(cpus -> name: cpus, amount: 1.0)
[2025-06-03T08:33:48.014+0000] {subprocess.py:93} INFO - 25/06/03 08:33:48 INFO ResourceProfile: Limiting resource is cpu
[2025-06-03T08:33:48.014+0000] {subprocess.py:93} INFO - 25/06/03 08:33:48 INFO ResourceProfileManager: Added ResourceProfile id: 0
[2025-06-03T08:33:48.618+0000] {subprocess.py:93} INFO - 25/06/03 08:33:48 INFO SecurityManager: Changing view acls to: airflow
[2025-06-03T08:33:48.618+0000] {subprocess.py:93} INFO - 25/06/03 08:33:48 INFO SecurityManager: Changing modify acls to: airflow
[2025-06-03T08:33:48.619+0000] {subprocess.py:93} INFO - 25/06/03 08:33:48 INFO SecurityManager: Changing view acls groups to:
[2025-06-03T08:33:48.619+0000] {subprocess.py:93} INFO - 25/06/03 08:33:48 INFO SecurityManager: Changing modify acls groups to:
[2025-06-03T08:33:48.619+0000] {subprocess.py:93} INFO - 25/06/03 08:33:48 INFO SecurityManager: SecurityManager: authentication disabled; ui acls disabled; users with view permissions: airflow; groups with view permissions: EMPTY; users with modify permissions: airflow; groups with modify permissions: EMPTY
[2025-06-03T08:33:49.772+0000] {subprocess.py:93} INFO - 25/06/03 08:33:49 INFO Utils: Successfully started service 'sparkDriver' on port 46157.
[2025-06-03T08:33:50.041+0000] {subprocess.py:93} INFO - 25/06/03 08:33:50 INFO SparkEnv: Registering MapOutputTracker
[2025-06-03T08:33:50.216+0000] {subprocess.py:93} INFO - 25/06/03 08:33:50 INFO SparkEnv: Registering BlockManagerMaster
[2025-06-03T08:33:50.236+0000] {subprocess.py:93} INFO - 25/06/03 08:33:50 INFO BlockManagerMasterEndpoint: Using org.apache.spark.storage.DefaultTopologyMapper for getting topology information
[2025-06-03T08:33:50.237+0000] {subprocess.py:93} INFO - 25/06/03 08:33:50 INFO BlockManagerMasterEndpoint: BlockManagerMasterEndpoint up
[2025-06-03T08:33:50.273+0000] {subprocess.py:93} INFO - 25/06/03 08:33:50 INFO SparkEnv: Registering BlockManagerMasterHeartbeat
[2025-06-03T08:33:50.345+0000] {subprocess.py:93} INFO - 25/06/03 08:33:50 INFO DiskBlockManager: Created local directory at /tmp/blockmgr-5e44450e-ef37-4224-afaf-37cdd527e61d
[2025-06-03T08:33:50.445+0000] {subprocess.py:93} INFO - 25/06/03 08:33:50 INFO MemoryStore: MemoryStore started with capacity 434.4 MiB
[2025-06-03T08:33:50.457+0000] {subprocess.py:93} INFO - 25/06/03 08:33:50 INFO SparkEnv: Registering OutputCommitCoordinator
[2025-06-03T08:33:51.138+0000] {subprocess.py:93} INFO - 25/06/03 08:33:51 INFO JettyUtils: Start Jetty 0.0.0.0:4040 for SparkUI
[2025-06-03T08:33:51.209+0000] {subprocess.py:93} INFO - 25/06/03 08:33:51 INFO Utils: Successfully started service 'SparkUI' on port 4040.
[2025-06-03T08:33:51.538+0000] {subprocess.py:93} INFO - 25/06/03 08:33:51 INFO Executor: Starting executor ID driver on host 86069ee61878
[2025-06-03T08:33:51.539+0000] {subprocess.py:93} INFO - 25/06/03 08:33:51 INFO Executor: OS info Linux, 6.11.0-26-generic, amd64
[2025-06-03T08:33:51.539+0000] {subprocess.py:93} INFO - 25/06/03 08:33:51 INFO Executor: Java version 11.0.24
[2025-06-03T08:33:51.545+0000] {subprocess.py:93} INFO - 25/06/03 08:33:51 INFO Executor: Starting executor with user classpath (userClassPathFirst = false): ''
[2025-06-03T08:33:51.546+0000] {subprocess.py:93} INFO - 25/06/03 08:33:51 INFO Executor: Created or updated repl class loader org.apache.spark.util.MutableURLClassLoader@1296d0cf for default.
[2025-06-03T08:33:51.656+0000] {subprocess.py:93} INFO - 25/06/03 08:33:51 INFO Utils: Successfully started service 'org.apache.spark.network.netty.NettyBlockTransferService' on port 44639.
[2025-06-03T08:33:51.657+0000] {subprocess.py:93} INFO - 25/06/03 08:33:51 INFO NettyBlockTransferService: Server created on 86069ee61878:44639
[2025-06-03T08:33:51.659+0000] {subprocess.py:93} INFO - 25/06/03 08:33:51 INFO BlockManager: Using org.apache.spark.storage.RandomBlockReplicationPolicy for block replication policy
[2025-06-03T08:33:51.708+0000] {subprocess.py:93} INFO - 25/06/03 08:33:51 INFO BlockManagerMaster: Registering BlockManager BlockManagerId(driver, 86069ee61878, 44639, None)
[2025-06-03T08:33:51.710+0000] {subprocess.py:93} INFO - 25/06/03 08:33:51 INFO BlockManagerMasterEndpoint: Registering block manager 86069ee61878:44639 with 434.4 MiB RAM, BlockManagerId(driver, 86069ee61878, 44639, None)
[2025-06-03T08:33:51.716+0000] {subprocess.py:93} INFO - 25/06/03 08:33:51 INFO BlockManagerMaster: Registered BlockManager BlockManagerId(driver, 86069ee61878, 44639, None)
[2025-06-03T08:33:51.716+0000] {subprocess.py:93} INFO - 25/06/03 08:33:51 INFO BlockManager: Initialized BlockManager: BlockManagerId(driver, 86069ee61878, 44639, None)
[2025-06-03T08:33:53.544+0000] {subprocess.py:93} INFO - 25/06/03 08:33:53 INFO SharedState: Setting hive.metastore.warehouse.dir ('null') to the value of spark.sql.warehouse.dir.
[2025-06-03T08:33:53.759+0000] {subprocess.py:93} INFO - 25/06/03 08:33:53 INFO SharedState: Warehouse path is 'file:/tmp/airflowtmpowx211r7/spark-warehouse'.
[2025-06-03T08:33:57.441+0000] {subprocess.py:93} INFO - Traceback (most recent call last):
[2025-06-03T08:33:57.441+0000] {subprocess.py:93} INFO -   File "/opt/airflow/scripts/pyspark_jobs/extract_to_parquet.py", line 24, in <module>
[2025-06-03T08:33:57.441+0000] {subprocess.py:93} INFO -     .load()
[2025-06-03T08:33:57.441+0000] {subprocess.py:93} INFO -   File "/usr/local/spark/python/lib/pyspark.zip/pyspark/sql/readwriter.py", line 314, in load
[2025-06-03T08:33:57.441+0000] {subprocess.py:93} INFO -   File "/usr/local/spark/python/lib/py4j-0.10.9.7-src.zip/py4j/java_gateway.py", line 1322, in __call__
[2025-06-03T08:33:57.441+0000] {subprocess.py:93} INFO -   File "/usr/local/spark/python/lib/pyspark.zip/pyspark/errors/exceptions/captured.py", line 179, in deco
[2025-06-03T08:33:57.442+0000] {subprocess.py:93} INFO -   File "/usr/local/spark/python/lib/py4j-0.10.9.7-src.zip/py4j/protocol.py", line 326, in get_return_value
[2025-06-03T08:33:57.442+0000] {subprocess.py:93} INFO - py4j.protocol.Py4JJavaError: An error occurred while calling o30.load.
[2025-06-03T08:33:57.442+0000] {subprocess.py:93} INFO - : java.lang.ClassNotFoundException: org.postgresql.Driver
[2025-06-03T08:33:57.442+0000] {subprocess.py:93} INFO - 	at java.base/java.net.URLClassLoader.findClass(URLClassLoader.java:476)
[2025-06-03T08:33:57.443+0000] {subprocess.py:93} INFO - 	at java.base/java.lang.ClassLoader.loadClass(ClassLoader.java:594)
[2025-06-03T08:33:57.443+0000] {subprocess.py:93} INFO - 	at java.base/java.lang.ClassLoader.loadClass(ClassLoader.java:527)
[2025-06-03T08:33:57.443+0000] {subprocess.py:93} INFO - 	at org.apache.spark.sql.execution.datasources.jdbc.DriverRegistry$.register(DriverRegistry.scala:46)
[2025-06-03T08:33:57.443+0000] {subprocess.py:93} INFO - 	at org.apache.spark.sql.execution.datasources.jdbc.JDBCOptions.$anonfun$driverClass$1(JDBCOptions.scala:103)
[2025-06-03T08:33:57.443+0000] {subprocess.py:93} INFO - 	at org.apache.spark.sql.execution.datasources.jdbc.JDBCOptions.$anonfun$driverClass$1$adapted(JDBCOptions.scala:103)
[2025-06-03T08:33:57.443+0000] {subprocess.py:93} INFO - 	at scala.Option.foreach(Option.scala:407)
[2025-06-03T08:33:57.443+0000] {subprocess.py:93} INFO - 	at org.apache.spark.sql.execution.datasources.jdbc.JDBCOptions.<init>(JDBCOptions.scala:103)
[2025-06-03T08:33:57.444+0000] {subprocess.py:93} INFO - 	at org.apache.spark.sql.execution.datasources.jdbc.JDBCOptions.<init>(JDBCOptions.scala:41)
[2025-06-03T08:33:57.444+0000] {subprocess.py:93} INFO - 	at org.apache.spark.sql.execution.datasources.jdbc.JdbcRelationProvider.createRelation(JdbcRelationProvider.scala:34)
[2025-06-03T08:33:57.444+0000] {subprocess.py:93} INFO - 	at org.apache.spark.sql.execution.datasources.DataSource.resolveRelation(DataSource.scala:346)
[2025-06-03T08:33:57.444+0000] {subprocess.py:93} INFO - 	at org.apache.spark.sql.DataFrameReader.loadV1Source(DataFrameReader.scala:229)
[2025-06-03T08:33:57.444+0000] {subprocess.py:93} INFO - 	at org.apache.spark.sql.DataFrameReader.$anonfun$load$2(DataFrameReader.scala:211)
[2025-06-03T08:33:57.444+0000] {subprocess.py:93} INFO - 	at scala.Option.getOrElse(Option.scala:189)
[2025-06-03T08:33:57.445+0000] {subprocess.py:93} INFO - 	at org.apache.spark.sql.DataFrameReader.load(DataFrameReader.scala:211)
[2025-06-03T08:33:57.445+0000] {subprocess.py:93} INFO - 	at org.apache.spark.sql.DataFrameReader.load(DataFrameReader.scala:172)
[2025-06-03T08:33:57.445+0000] {subprocess.py:93} INFO - 	at java.base/jdk.internal.reflect.NativeMethodAccessorImpl.invoke0(Native Method)
[2025-06-03T08:33:57.445+0000] {subprocess.py:93} INFO - 	at java.base/jdk.internal.reflect.NativeMethodAccessorImpl.invoke(NativeMethodAccessorImpl.java:62)
[2025-06-03T08:33:57.445+0000] {subprocess.py:93} INFO - 	at java.base/jdk.internal.reflect.DelegatingMethodAccessorImpl.invoke(DelegatingMethodAccessorImpl.java:43)
[2025-06-03T08:33:57.445+0000] {subprocess.py:93} INFO - 	at java.base/java.lang.reflect.Method.invoke(Method.java:566)
[2025-06-03T08:33:57.445+0000] {subprocess.py:93} INFO - 	at py4j.reflection.MethodInvoker.invoke(MethodInvoker.java:244)
[2025-06-03T08:33:57.446+0000] {subprocess.py:93} INFO - 	at py4j.reflection.ReflectionEngine.invoke(ReflectionEngine.java:374)
[2025-06-03T08:33:57.446+0000] {subprocess.py:93} INFO - 	at py4j.Gateway.invoke(Gateway.java:282)
[2025-06-03T08:33:57.446+0000] {subprocess.py:93} INFO - 	at py4j.commands.AbstractCommand.invokeMethod(AbstractCommand.java:132)
[2025-06-03T08:33:57.446+0000] {subprocess.py:93} INFO - 	at py4j.commands.CallCommand.execute(CallCommand.java:79)
[2025-06-03T08:33:57.446+0000] {subprocess.py:93} INFO - 	at py4j.ClientServerConnection.waitForCommands(ClientServerConnection.java:182)
[2025-06-03T08:33:57.446+0000] {subprocess.py:93} INFO - 	at py4j.ClientServerConnection.run(ClientServerConnection.java:106)
[2025-06-03T08:33:57.446+0000] {subprocess.py:93} INFO - 	at java.base/java.lang.Thread.run(Thread.java:829)
[2025-06-03T08:33:57.447+0000] {subprocess.py:93} INFO - 
[2025-06-03T08:33:57.509+0000] {subprocess.py:93} INFO - 25/06/03 08:33:57 INFO SparkContext: Invoking stop() from shutdown hook
[2025-06-03T08:33:57.510+0000] {subprocess.py:93} INFO - 25/06/03 08:33:57 INFO SparkContext: SparkContext is stopping with exitCode 0.
[2025-06-03T08:33:57.572+0000] {subprocess.py:93} INFO - 25/06/03 08:33:57 INFO SparkUI: Stopped Spark web UI at http://86069ee61878:4040
[2025-06-03T08:33:57.606+0000] {subprocess.py:93} INFO - 25/06/03 08:33:57 INFO MapOutputTrackerMasterEndpoint: MapOutputTrackerMasterEndpoint stopped!
[2025-06-03T08:33:57.689+0000] {subprocess.py:93} INFO - 25/06/03 08:33:57 INFO MemoryStore: MemoryStore cleared
[2025-06-03T08:33:57.690+0000] {subprocess.py:93} INFO - 25/06/03 08:33:57 INFO BlockManager: BlockManager stopped
[2025-06-03T08:33:57.694+0000] {subprocess.py:93} INFO - 25/06/03 08:33:57 INFO BlockManagerMaster: BlockManagerMaster stopped
[2025-06-03T08:33:57.696+0000] {subprocess.py:93} INFO - 25/06/03 08:33:57 INFO OutputCommitCoordinator$OutputCommitCoordinatorEndpoint: OutputCommitCoordinator stopped!
[2025-06-03T08:33:57.701+0000] {subprocess.py:93} INFO - 25/06/03 08:33:57 INFO SparkContext: Successfully stopped SparkContext
[2025-06-03T08:33:57.701+0000] {subprocess.py:93} INFO - 25/06/03 08:33:57 INFO ShutdownHookManager: Shutdown hook called
[2025-06-03T08:33:57.702+0000] {subprocess.py:93} INFO - 25/06/03 08:33:57 INFO ShutdownHookManager: Deleting directory /tmp/spark-199625ed-73fb-4553-b4d8-8906133134bd
[2025-06-03T08:33:57.704+0000] {subprocess.py:93} INFO - 25/06/03 08:33:57 INFO ShutdownHookManager: Deleting directory /tmp/spark-199625ed-73fb-4553-b4d8-8906133134bd/pyspark-c05861a5-1f6a-4c76-874f-ca321e3a23fa
[2025-06-03T08:33:57.706+0000] {subprocess.py:93} INFO - 25/06/03 08:33:57 INFO ShutdownHookManager: Deleting directory /tmp/spark-173a2f4c-401f-49aa-8920-9e59c7ca809e
[2025-06-03T08:33:57.732+0000] {subprocess.py:97} INFO - Command exited with return code 1
[2025-06-03T08:33:57.745+0000] {taskinstance.py:2698} ERROR - Task failed with exception
Traceback (most recent call last):
  File "/home/airflow/.local/lib/python3.10/site-packages/airflow/models/taskinstance.py", line 433, in _execute_task
    result = execute_callable(context=context, **execute_callable_kwargs)
  File "/home/airflow/.local/lib/python3.10/site-packages/airflow/operators/bash.py", line 212, in execute
    raise AirflowException(
airflow.exceptions.AirflowException: Bash command failed. The command returned a non-zero exit code 1.
[2025-06-03T08:33:57.757+0000] {taskinstance.py:1138} INFO - Marking task as FAILED. dag_id=ingest_raw_data_asia, task_id=extract_asia_asia_categories, execution_date=20250603T060718, start_date=20250603T083302, end_date=20250603T083357
[2025-06-03T08:33:58.005+0000] {standard_task_runner.py:107} ERROR - Failed to execute job 300 for task extract_asia_asia_categories (Bash command failed. The command returned a non-zero exit code 1.; 221)
[2025-06-03T08:33:58.032+0000] {local_task_job_runner.py:234} INFO - Task exited with return code 1
[2025-06-03T08:33:58.050+0000] {taskinstance.py:3280} INFO - 0 downstream tasks scheduled from follow-on schedule check
