[2025-06-05T08:56:25.955+0000] {taskinstance.py:1956} INFO - Dependencies all met for dep_context=non-requeueable deps ti=<TaskInstance: extract_postgres_table_to_parquet.run_extraction manual__2025-06-05T08:56:24.795244+00:00 map_index=1 [queued]>
[2025-06-05T08:56:25.971+0000] {taskinstance.py:1956} INFO - Dependencies all met for dep_context=requeueable deps ti=<TaskInstance: extract_postgres_table_to_parquet.run_extraction manual__2025-06-05T08:56:24.795244+00:00 map_index=1 [queued]>
[2025-06-05T08:56:25.971+0000] {taskinstance.py:2170} INFO - Starting attempt 1 of 1
[2025-06-05T08:56:25.988+0000] {taskinstance.py:2191} INFO - Executing <Mapped(_PythonDecoratedOperator): run_extraction> on 2025-06-05 08:56:24.795244+00:00
[2025-06-05T08:56:25.994+0000] {standard_task_runner.py:60} INFO - Started process 5330 to run task
[2025-06-05T08:56:25.999+0000] {standard_task_runner.py:87} INFO - Running: ['airflow', 'tasks', 'run', 'extract_postgres_table_to_parquet', 'run_extraction', 'manual__2025-06-05T08:56:24.795244+00:00', '--job-id', '22', '--raw', '--subdir', 'DAGS_FOLDER/asia/landing.py', '--cfg-path', '/tmp/tmpjhatyro4', '--map-index', '1']
[2025-06-05T08:56:26.000+0000] {standard_task_runner.py:88} INFO - Job 22: Subtask run_extraction
[2025-06-05T08:56:26.073+0000] {task_command.py:423} INFO - Running <TaskInstance: extract_postgres_table_to_parquet.run_extraction manual__2025-06-05T08:56:24.795244+00:00 map_index=1 [running]> on host 1d07dfe4334d
[2025-06-05T08:56:26.190+0000] {taskinstance.py:2480} INFO - Exporting env vars: AIRFLOW_CTX_DAG_OWNER='airflow' AIRFLOW_CTX_DAG_ID='extract_postgres_table_to_parquet' AIRFLOW_CTX_TASK_ID='run_extraction' AIRFLOW_CTX_EXECUTION_DATE='2025-06-05T08:56:24.795244+00:00' AIRFLOW_CTX_TRY_NUMBER='1' AIRFLOW_CTX_DAG_RUN_ID='manual__2025-06-05T08:56:24.795244+00:00'
[2025-06-05T08:56:26.191+0000] {logging_mixin.py:188} INFO - Starting extraction for table: customers in region: eu
[2025-06-05T08:56:26.207+0000] {logging_mixin.py:188} INFO - [INFO] Last extracted timestamp: "2000-01-01 00:00:00.000"
[2025-06-05T08:56:32.488+0000] {logging_mixin.py:188} INFO - (SELECT * FROM eu.customers WHERE created_at > '"2000-01-01 00:00:00.000"
') AS filtered_data
[2025-06-05T08:56:42.012+0000] {logging_mixin.py:188} INFO - +-----------+-------------------+-----------------+----------------+----------------+------------+-------------------+-------------------+-----------+-------------+-------------------+--------------------+-------------------+-------------------+-------------------+-------+--------+
|customer_id|         email_hash|first_name_masked|last_name_masked|    phone_masked|country_code|  registration_date|      last_login_at|status_code|customer_tier|  gdpr_consent_date|data_retention_until|acquisition_channel|         created_at|         updated_at|_region| _source|
+-----------+-------------------+-----------------+----------------+----------------+------------+-------------------+-------------------+-----------+-------------+-------------------+--------------------+-------------------+-------------------+-------------------+-------+--------+
|        101|  alice.b@domain.eu|            Alice|           Brown| +49 170 1234567|          DE|2025-05-01 00:00:00|2025-06-01 10:00:00|          1|         Gold|2025-01-01 00:00:00|          2026-01-01|                Web|2025-05-01 00:00:00|2025-06-01 00:00:00|     eu|postgres|
|        102|   bob.c@example.eu|              BoB|          CarteR|0049 171 7654321|          DE|2025-06-01 00:00:00|2025-06-02 11:00:00|          0|       Silver|2025-02-01 00:00:00|          2026-02-01|           Referral|2025-06-01 00:00:00|2025-06-02 00:00:00|     eu|postgres|
|        103|   invalidemail@eu@|          charlie|           davis|             N/A|          FR|2025-04-15 00:00:00|               NULL|          2|       Bronze|2025-03-01 00:00:00|          2026-03-01|                Ads|2025-04-15 00:00:00|2025-05-15 00:00:00|     eu|postgres|
|        104|  diana.e@domain@eu|           DiAna |          EvAns |   +33 612345678|          FR|2025-05-15 00:00:00|2025-06-03 12:00:00|          3|         Gold|               NULL|                NULL|            Organic|2025-05-15 00:00:00|2025-06-03 00:00:00|     eu|postgres|
|        105|edward.f@company.eu|           Edward|             Fox| +44 7911 123456|          UK|2025-05-20 00:00:00|2025-06-04 09:00:00|          1|     Platinum|2025-01-15 00:00:00|          2026-01-15|                App|2025-05-20 00:00:00|2025-06-04 00:00:00|     eu|postgres|
+-----------+-------------------+-----------------+----------------+----------------+------------+-------------------+-------------------+-----------+-------------+-------------------+--------------------+-------------------+-------------------+-------------------+-------+--------+
[2025-06-05T08:56:42.012+0000] {logging_mixin.py:188} INFO - Writing data to /opt/airflow/data/raw/region=eu/table=customers/load_date=2025-06-05/
[2025-06-05T08:56:44.359+0000] {crypto.py:82} WARNING - empty cryptography key - values will not be stored encrypted.
[2025-06-05T08:56:44.370+0000] {logging_mixin.py:188} INFO - [INFO] Updated Airflow Variable 'last_extracted_parquet_timestamp_eu_customers' to 2025-06-01 00:00:00.000
[2025-06-05T08:56:44.778+0000] {logging_mixin.py:188} INFO - Finished extraction for customers
[2025-06-05T08:56:44.778+0000] {python.py:201} INFO - Done. Returned value was: None
[2025-06-05T08:56:44.798+0000] {taskinstance.py:1138} INFO - Marking task as SUCCESS. dag_id=extract_postgres_table_to_parquet, task_id=run_extraction, map_index=1, execution_date=20250605T085624, start_date=20250605T085625, end_date=20250605T085644
[2025-06-05T08:56:44.854+0000] {local_task_job_runner.py:234} INFO - Task exited with return code 0
[2025-06-05T08:56:44.886+0000] {taskinstance.py:3280} INFO - 0 downstream tasks scheduled from follow-on schedule check
