[2025-06-06T09:32:11.619+0000] {taskinstance.py:1956} INFO - Dependencies all met for dep_context=non-requeueable deps ti=<TaskInstance: extract_postgres_table_to_parquet.run_extraction_eu scheduled__2025-06-05T00:00:00+00:00 [queued]>
[2025-06-06T09:32:11.647+0000] {taskinstance.py:1956} INFO - Dependencies all met for dep_context=requeueable deps ti=<TaskInstance: extract_postgres_table_to_parquet.run_extraction_eu scheduled__2025-06-05T00:00:00+00:00 [queued]>
[2025-06-06T09:32:11.648+0000] {taskinstance.py:2170} INFO - Starting attempt 1 of 1
[2025-06-06T09:32:11.672+0000] {taskinstance.py:2191} INFO - Executing <Task(_PythonDecoratedOperator): run_extraction_eu> on 2025-06-05 00:00:00+00:00
[2025-06-06T09:32:11.682+0000] {standard_task_runner.py:60} INFO - Started process 256 to run task
[2025-06-06T09:32:11.687+0000] {standard_task_runner.py:87} INFO - Running: ['airflow', 'tasks', 'run', 'extract_postgres_table_to_parquet', 'run_extraction_eu', 'scheduled__2025-06-05T00:00:00+00:00', '--job-id', '104', '--raw', '--subdir', 'DAGS_FOLDER/asia/landing.py', '--cfg-path', '/tmp/tmp3yvdigwh']
[2025-06-06T09:32:11.689+0000] {standard_task_runner.py:88} INFO - Job 104: Subtask run_extraction_eu
[2025-06-06T09:32:11.790+0000] {task_command.py:423} INFO - Running <TaskInstance: extract_postgres_table_to_parquet.run_extraction_eu scheduled__2025-06-05T00:00:00+00:00 [running]> on host 59a35f77855d
[2025-06-06T09:32:11.978+0000] {taskinstance.py:2480} INFO - Exporting env vars: AIRFLOW_CTX_DAG_OWNER='airflow' AIRFLOW_CTX_DAG_ID='extract_postgres_table_to_parquet' AIRFLOW_CTX_TASK_ID='run_extraction_eu' AIRFLOW_CTX_EXECUTION_DATE='2025-06-05T00:00:00+00:00' AIRFLOW_CTX_TRY_NUMBER='1' AIRFLOW_CTX_DAG_RUN_ID='scheduled__2025-06-05T00:00:00+00:00'
[2025-06-06T09:32:11.980+0000] {logging_mixin.py:188} INFO - Starting extraction for table: categories in region: eu
[2025-06-06T09:32:12.000+0000] {logging_mixin.py:188} INFO - [INFO] No variable found. Using default: 2000-01-01 00:00:00.000
[2025-06-06T09:32:29.032+0000] {taskinstance.py:2698} ERROR - Task failed with exception
Traceback (most recent call last):
  File "/home/airflow/.local/lib/python3.10/site-packages/airflow/models/taskinstance.py", line 433, in _execute_task
    result = execute_callable(context=context, **execute_callable_kwargs)
  File "/home/airflow/.local/lib/python3.10/site-packages/airflow/decorators/base.py", line 241, in execute
    return_value = super().execute(context)
  File "/home/airflow/.local/lib/python3.10/site-packages/airflow/operators/python.py", line 199, in execute
    return_value = self.execute_callable()
  File "/home/airflow/.local/lib/python3.10/site-packages/airflow/operators/python.py", line 216, in execute_callable
    return self.python_callable(*self.op_args, **self.op_kwargs)
  File "/opt/airflow/dags/asia/landing.py", line 49, in run_extraction_eu
    extract_postgres_table(
  File "/opt/airflow/dags/asia/../../scripts/pyspark_jobs/extract_to_parquet.py", line 39, in extract_postgres_table
    timestamp_col = TABLE_CONFIG[table]["regions"][region]["timestamp_column"]
KeyError: 'categories'
[2025-06-06T09:32:29.154+0000] {taskinstance.py:1138} INFO - Marking task as FAILED. dag_id=extract_postgres_table_to_parquet, task_id=run_extraction_eu, execution_date=20250605T000000, start_date=20250606T093211, end_date=20250606T093229
[2025-06-06T09:32:29.298+0000] {standard_task_runner.py:107} ERROR - Failed to execute job 104 for task run_extraction_eu ('categories'; 256)
[2025-06-06T09:32:29.377+0000] {local_task_job_runner.py:234} INFO - Task exited with return code 1
[2025-06-06T09:32:29.512+0000] {taskinstance.py:3280} INFO - 0 downstream tasks scheduled from follow-on schedule check
