[2025-06-09T05:35:55.235+0000] {taskinstance.py:1956} INFO - Dependencies all met for dep_context=non-requeueable deps ti=<TaskInstance: transform_categories.run_transformation_eu scheduled__2025-06-08T01:00:00+00:00 [queued]>
[2025-06-09T05:35:55.258+0000] {taskinstance.py:1956} INFO - Dependencies all met for dep_context=requeueable deps ti=<TaskInstance: transform_categories.run_transformation_eu scheduled__2025-06-08T01:00:00+00:00 [queued]>
[2025-06-09T05:35:55.259+0000] {taskinstance.py:2170} INFO - Starting attempt 1 of 1
[2025-06-09T05:35:55.285+0000] {taskinstance.py:2191} INFO - Executing <Task(_PythonDecoratedOperator): run_transformation_eu> on 2025-06-08 01:00:00+00:00
[2025-06-09T05:35:55.295+0000] {standard_task_runner.py:60} INFO - Started process 5162 to run task
[2025-06-09T05:35:55.295+0000] {clientserver.py:543} INFO - Closing down clientserver connection
[2025-06-09T05:35:55.301+0000] {clientserver.py:505} INFO - Error while sending or receiving.
Traceback (most recent call last):
  File "/home/airflow/.local/lib/python3.10/site-packages/py4j/clientserver.py", line 503, in send_command
    self.socket.sendall(command.encode("utf-8"))
ConnectionResetError: [Errno 104] Connection reset by peer
[2025-06-09T05:35:55.303+0000] {clientserver.py:543} INFO - Closing down clientserver connection
[2025-06-09T05:35:55.304+0000] {standard_task_runner.py:87} INFO - Running: ['airflow', 'tasks', 'run', 'transform_categories', 'run_transformation_eu', 'scheduled__2025-06-08T01:00:00+00:00', '--job-id', '164', '--raw', '--subdir', 'DAGS_FOLDER/staging/categories_to_staging.py', '--cfg-path', '/tmp/tmp9fsdu_j1']
[2025-06-09T05:35:55.307+0000] {standard_task_runner.py:88} INFO - Job 164: Subtask run_transformation_eu
[2025-06-09T05:35:55.306+0000] {java_gateway.py:1052} INFO - Exception while sending command.
Traceback (most recent call last):
  File "/home/airflow/.local/lib/python3.10/site-packages/py4j/clientserver.py", line 503, in send_command
    self.socket.sendall(command.encode("utf-8"))
ConnectionResetError: [Errno 104] Connection reset by peer

During handling of the above exception, another exception occurred:

Traceback (most recent call last):
  File "/home/airflow/.local/lib/python3.10/site-packages/py4j/java_gateway.py", line 1038, in send_command
    response = connection.send_command(command)
  File "/home/airflow/.local/lib/python3.10/site-packages/py4j/clientserver.py", line 506, in send_command
    raise Py4JNetworkError(
py4j.protocol.Py4JNetworkError: Error while sending
[2025-06-09T05:35:55.311+0000] {clientserver.py:543} INFO - Closing down clientserver connection
[2025-06-09T05:35:55.370+0000] {logging_mixin.py:188} WARNING - /home/airflow/.local/lib/python3.10/site-packages/airflow/settings.py:194 DeprecationWarning: The sql_alchemy_conn option in [core] has been moved to the sql_alchemy_conn option in [database] - the old setting has been used, but please update your config.
[2025-06-09T05:35:55.476+0000] {task_command.py:423} INFO - Running <TaskInstance: transform_categories.run_transformation_eu scheduled__2025-06-08T01:00:00+00:00 [running]> on host 847c6af56c4f
[2025-06-09T05:35:55.711+0000] {taskinstance.py:2480} INFO - Exporting env vars: AIRFLOW_CTX_DAG_OWNER='airflow' AIRFLOW_CTX_DAG_ID='transform_categories' AIRFLOW_CTX_TASK_ID='run_transformation_eu' AIRFLOW_CTX_EXECUTION_DATE='2025-06-08T01:00:00+00:00' AIRFLOW_CTX_TRY_NUMBER='1' AIRFLOW_CTX_DAG_RUN_ID='scheduled__2025-06-08T01:00:00+00:00'
[2025-06-09T05:35:55.712+0000] {logging_mixin.py:188} INFO - Starting transformation for table: categories in region: eu
[2025-06-09T05:35:55.757+0000] {logging_mixin.py:188} INFO - Reading data from: /opt/airflow/data/raw/region=eu/table=categories/load_date=2025-06-08/
[2025-06-09T05:36:07.698+0000] {logging_mixin.py:188} INFO - [INFO] Processing 30 records for eu
[2025-06-09T05:36:08.442+0000] {logging_mixin.py:188} INFO - Sample transformed data for eu:
[2025-06-09T05:36:14.057+0000] {logging_mixin.py:188} INFO - +-----------+-------------+-------------------+------------------+------------------------+---------+--------------+-------------------+-------------------+-------+--------+
|category_id|category_name|category_name_local|parent_category_id|category_path           |is_active|gdpr_sensitive|created_at         |updated_at         |_region|_source |
+-----------+-------------+-------------------+------------------+------------------------+---------+--------------+-------------------+-------------------+-------+--------+
|1          |Electronics  |Elektronik         |NULL              |/Electronics            |1        |false         |2025-06-08 19:22:57|2025-06-08 19:22:57|eu     |postgres|
|2          |Smartphones  |Smartphones        |1                 |/Electronics/Smartphones|1        |false         |2025-06-08 19:22:57|2025-06-08 19:22:57|eu     |postgres|
|3          |Laptops      |Laptops            |1                 |/Electronics/Laptops    |1        |false         |2025-06-08 19:22:57|2025-06-08 19:22:57|eu     |postgres|
|4          |Gaming       |Spiele             |1                 |/Electronics/Gaming     |1        |false         |2025-06-08 19:22:57|2025-06-08 19:22:57|eu     |postgres|
|5          |Clothing     |Kleidung           |NULL              |/Clothing               |1        |false         |2025-06-08 19:22:57|2025-06-08 19:22:57|eu     |postgres|
+-----------+-------------+-------------------+------------------+------------------------+---------+--------------+-------------------+-------------------+-------+--------+
only showing top 5 rows
[2025-06-09T05:36:14.058+0000] {logging_mixin.py:188} INFO - Writing transformed data to: /opt/airflow/data/staging/categories/region=eu/load_date=2025-06-08/
[2025-06-09T05:36:16.638+0000] {logging_mixin.py:188} INFO - Successfully transformed 30 records for eu
[2025-06-09T05:38:40.049+0000] {local_task_job_runner.py:121} ERROR - Received SIGTERM. Terminating subprocesses
[2025-06-09T05:38:40.082+0000] {process_utils.py:131} INFO - Sending 15 to group 5162. PIDs of all processes in the group: [5162]
[2025-06-09T05:38:40.083+0000] {process_utils.py:86} INFO - Sending the signal 15 to group 5162
[2025-06-09T05:38:40.092+0000] {taskinstance.py:2450} ERROR - Received SIGTERM. Terminating subprocesses.
[2025-06-09T05:38:40.140+0000] {taskinstance.py:2698} ERROR - Task failed with exception
Traceback (most recent call last):
  File "/home/airflow/.local/lib/python3.10/site-packages/airflow/models/taskinstance.py", line 433, in _execute_task
    result = execute_callable(context=context, **execute_callable_kwargs)
  File "/home/airflow/.local/lib/python3.10/site-packages/airflow/decorators/base.py", line 241, in execute
    return_value = super().execute(context)
  File "/home/airflow/.local/lib/python3.10/site-packages/airflow/operators/python.py", line 199, in execute
    return_value = self.execute_callable()
  File "/home/airflow/.local/lib/python3.10/site-packages/airflow/operators/python.py", line 216, in execute_callable
    return self.python_callable(*self.op_args, **self.op_kwargs)
  File "/opt/airflow/dags/staging/categories_to_staging.py", line 91, in run_transformation_eu
    transform_categories_table(
  File "/opt/airflow/dags/staging/../../scripts/pyspark_jobs/categories.py", line 77, in transform_categories_table
    spark.stop()
  File "/home/airflow/.local/lib/python3.10/site-packages/pyspark/sql/session.py", line 1796, in stop
    self._sc.stop()
  File "/home/airflow/.local/lib/python3.10/site-packages/pyspark/context.py", line 666, in stop
    self._accumulatorServer.shutdown()
  File "/home/airflow/.local/lib/python3.10/site-packages/pyspark/accumulators.py", line 316, in shutdown
    SocketServer.TCPServer.shutdown(self)
  File "/usr/local/lib/python3.10/socketserver.py", line 252, in shutdown
    self.__is_shut_down.wait()
  File "/usr/local/lib/python3.10/threading.py", line 607, in wait
    signaled = self._cond.wait(timeout)
  File "/usr/local/lib/python3.10/threading.py", line 320, in wait
    waiter.acquire()
  File "/home/airflow/.local/lib/python3.10/site-packages/airflow/models/taskinstance.py", line 2452, in signal_handler
    raise AirflowException("Task received SIGTERM signal")
airflow.exceptions.AirflowException: Task received SIGTERM signal
[2025-06-09T05:38:40.154+0000] {taskinstance.py:1138} INFO - Marking task as FAILED. dag_id=transform_categories, task_id=run_transformation_eu, execution_date=20250608T010000, start_date=20250609T053555, end_date=20250609T053840
[2025-06-09T05:38:40.296+0000] {standard_task_runner.py:107} ERROR - Failed to execute job 164 for task run_transformation_eu (Task received SIGTERM signal; 5162)
[2025-06-09T05:38:40.317+0000] {process_utils.py:79} INFO - Process psutil.Process(pid=5162, status='terminated', exitcode=1, started='05:35:55') (5162) terminated with exit code 1
[2025-06-09T05:38:40.318+0000] {local_task_job_runner.py:234} INFO - Task exited with return code 143
[2025-06-09T05:38:40.389+0000] {taskinstance.py:3280} INFO - 0 downstream tasks scheduled from follow-on schedule check
[2025-06-09T05:53:21.872+0000] {taskinstance.py:1956} INFO - Dependencies all met for dep_context=non-requeueable deps ti=<TaskInstance: transform_categories.run_transformation_eu scheduled__2025-06-08T01:00:00+00:00 [queued]>
[2025-06-09T05:53:21.893+0000] {taskinstance.py:1956} INFO - Dependencies all met for dep_context=requeueable deps ti=<TaskInstance: transform_categories.run_transformation_eu scheduled__2025-06-08T01:00:00+00:00 [queued]>
[2025-06-09T05:53:21.894+0000] {taskinstance.py:2170} INFO - Starting attempt 1 of 1
[2025-06-09T05:53:21.917+0000] {taskinstance.py:2191} INFO - Executing <Task(_PythonDecoratedOperator): run_transformation_eu> on 2025-06-08 01:00:00+00:00
[2025-06-09T05:53:21.928+0000] {standard_task_runner.py:60} INFO - Started process 4794 to run task
[2025-06-09T05:53:21.929+0000] {clientserver.py:543} INFO - Closing down clientserver connection
[2025-06-09T05:53:21.936+0000] {standard_task_runner.py:87} INFO - Running: ['airflow', 'tasks', 'run', 'transform_categories', 'run_transformation_eu', 'scheduled__2025-06-08T01:00:00+00:00', '--job-id', '2', '--raw', '--subdir', 'DAGS_FOLDER/staging/categories_to_staging.py', '--cfg-path', '/tmp/tmp7a2w5pzz']
[2025-06-09T05:53:21.939+0000] {standard_task_runner.py:88} INFO - Job 2: Subtask run_transformation_eu
[2025-06-09T05:53:21.981+0000] {logging_mixin.py:188} WARNING - /home/airflow/.local/lib/python3.10/site-packages/airflow/settings.py:194 DeprecationWarning: The sql_alchemy_conn option in [core] has been moved to the sql_alchemy_conn option in [database] - the old setting has been used, but please update your config.
[2025-06-09T05:53:22.090+0000] {task_command.py:423} INFO - Running <TaskInstance: transform_categories.run_transformation_eu scheduled__2025-06-08T01:00:00+00:00 [running]> on host 64d899e082be
[2025-06-09T05:53:22.321+0000] {taskinstance.py:2480} INFO - Exporting env vars: AIRFLOW_CTX_DAG_OWNER='airflow' AIRFLOW_CTX_DAG_ID='transform_categories' AIRFLOW_CTX_TASK_ID='run_transformation_eu' AIRFLOW_CTX_EXECUTION_DATE='2025-06-08T01:00:00+00:00' AIRFLOW_CTX_TRY_NUMBER='1' AIRFLOW_CTX_DAG_RUN_ID='scheduled__2025-06-08T01:00:00+00:00'
[2025-06-09T05:53:22.323+0000] {logging_mixin.py:188} INFO - Starting transformation for table: categories in region: eu
[2025-06-09T05:53:22.371+0000] {logging_mixin.py:188} INFO - Reading data from: /opt/airflow/data/raw/region=eu/table=categories/load_date=2025-06-08/
[2025-06-09T05:53:30.758+0000] {logging_mixin.py:188} INFO - [INFO] Processing 30 records for eu
[2025-06-09T05:53:31.249+0000] {logging_mixin.py:188} INFO - Sample transformed data for eu:
[2025-06-09T05:53:36.840+0000] {logging_mixin.py:188} INFO - +-----------+-------------+-------------------+------------------+------------------------+---------+--------------+-------------------+-------------------+-------+--------+
|category_id|category_name|category_name_local|parent_category_id|category_path           |is_active|gdpr_sensitive|created_at         |updated_at         |_region|_source |
+-----------+-------------+-------------------+------------------+------------------------+---------+--------------+-------------------+-------------------+-------+--------+
|1          |Electronics  |Elektronik         |NULL              |/Electronics            |1        |false         |2025-06-08 19:22:57|2025-06-08 19:22:57|eu     |postgres|
|2          |Smartphones  |Smartphones        |1                 |/Electronics/Smartphones|1        |false         |2025-06-08 19:22:57|2025-06-08 19:22:57|eu     |postgres|
|3          |Laptops      |Laptops            |1                 |/Electronics/Laptops    |1        |false         |2025-06-08 19:22:57|2025-06-08 19:22:57|eu     |postgres|
|4          |Gaming       |Spiele             |1                 |/Electronics/Gaming     |1        |false         |2025-06-08 19:22:57|2025-06-08 19:22:57|eu     |postgres|
|5          |Clothing     |Kleidung           |NULL              |/Clothing               |1        |false         |2025-06-08 19:22:57|2025-06-08 19:22:57|eu     |postgres|
+-----------+-------------+-------------------+------------------+------------------------+---------+--------------+-------------------+-------------------+-------+--------+
only showing top 5 rows
[2025-06-09T05:53:36.840+0000] {logging_mixin.py:188} INFO - Writing transformed data to: /opt/airflow/data/staging/categories/region=eu/load_date=2025-06-08/
[2025-06-09T05:53:38.360+0000] {logging_mixin.py:188} INFO - Successfully transformed 30 records for eu
[2025-06-09T06:01:19.458+0000] {local_task_job_runner.py:302} WARNING - State of this instance has been externally set to success. Terminating instance.
[2025-06-09T06:01:19.463+0000] {process_utils.py:131} INFO - Sending 15 to group 4794. PIDs of all processes in the group: [4794]
[2025-06-09T06:01:19.463+0000] {process_utils.py:86} INFO - Sending the signal 15 to group 4794
[2025-06-09T06:01:19.464+0000] {taskinstance.py:2450} ERROR - Received SIGTERM. Terminating subprocesses.
[2025-06-09T06:01:19.557+0000] {process_utils.py:79} INFO - Process psutil.Process(pid=4794, status='terminated', exitcode=0, started='05:53:21') (4794) terminated with exit code 0
