[2025-06-10T15:09:34.690+0000] {taskinstance.py:1956} INFO - Dependencies all met for dep_context=non-requeueable deps ti=<TaskInstance: marketing_performance_to_snowflake.process_marketing_data manual__2025-06-10T15:09:32.953818+00:00 [queued]>
[2025-06-10T15:09:34.697+0000] {taskinstance.py:1956} INFO - Dependencies all met for dep_context=requeueable deps ti=<TaskInstance: marketing_performance_to_snowflake.process_marketing_data manual__2025-06-10T15:09:32.953818+00:00 [queued]>
[2025-06-10T15:09:34.697+0000] {taskinstance.py:2170} INFO - Starting attempt 1 of 2
[2025-06-10T15:09:34.707+0000] {taskinstance.py:2191} INFO - Executing <Task(_PythonDecoratedOperator): process_marketing_data> on 2025-06-10 15:09:32.953818+00:00
[2025-06-10T15:09:34.713+0000] {standard_task_runner.py:60} INFO - Started process 31187 to run task
[2025-06-10T15:09:34.715+0000] {standard_task_runner.py:87} INFO - Running: ['airflow', 'tasks', 'run', 'marketing_performance_to_snowflake', 'process_marketing_data', 'manual__2025-06-10T15:09:32.953818+00:00', '--job-id', '1104', '--raw', '--subdir', 'DAGS_FOLDER/csv_to_snowflake_dag.py', '--cfg-path', '/tmp/tmpp_xso9uy']
[2025-06-10T15:09:34.717+0000] {standard_task_runner.py:88} INFO - Job 1104: Subtask process_marketing_data
[2025-06-10T15:09:34.766+0000] {task_command.py:423} INFO - Running <TaskInstance: marketing_performance_to_snowflake.process_marketing_data manual__2025-06-10T15:09:32.953818+00:00 [running]> on host 2a1e0c00bfff
[2025-06-10T15:09:34.857+0000] {taskinstance.py:2480} INFO - Exporting env vars: AIRFLOW_CTX_DAG_OWNER='data-team' AIRFLOW_CTX_DAG_ID='marketing_performance_to_snowflake' AIRFLOW_CTX_TASK_ID='process_marketing_data' AIRFLOW_CTX_EXECUTION_DATE='2025-06-10T15:09:32.953818+00:00' AIRFLOW_CTX_TRY_NUMBER='1' AIRFLOW_CTX_DAG_RUN_ID='manual__2025-06-10T15:09:32.953818+00:00'
[2025-06-10T15:09:34.858+0000] {logging_mixin.py:188} INFO - Starting marketing performance data processing for date: 2025-06-08
[2025-06-10T15:09:34.858+0000] {logging_mixin.py:188} INFO - Starting CSV load for table: MARKETING_PERFORMANCE for date: 2025-06-08
[2025-06-10T15:09:39.012+0000] {logging_mixin.py:188} INFO - Processing csv for date 2025-06-08
[2025-06-10T15:09:39.031+0000] {logging_mixin.py:188} INFO - [ERROR] Failed to load data to Snowflake: 'Variable last_loaded_timestamp does not exist'
[2025-06-10T15:09:39.350+0000] {logging_mixin.py:188} INFO - Error processing marketing data: 'Variable last_loaded_timestamp does not exist'
[2025-06-10T15:09:39.350+0000] {taskinstance.py:2698} ERROR - Task failed with exception
Traceback (most recent call last):
  File "/home/airflow/.local/lib/python3.10/site-packages/airflow/models/taskinstance.py", line 433, in _execute_task
    result = execute_callable(context=context, **execute_callable_kwargs)
  File "/home/airflow/.local/lib/python3.10/site-packages/airflow/decorators/base.py", line 241, in execute
    return_value = super().execute(context)
  File "/home/airflow/.local/lib/python3.10/site-packages/airflow/operators/python.py", line 199, in execute
    return_value = self.execute_callable()
  File "/home/airflow/.local/lib/python3.10/site-packages/airflow/operators/python.py", line 216, in execute_callable
    return self.python_callable(*self.op_args, **self.op_kwargs)
  File "/opt/airflow/dags/csv_to_snowflake_dag.py", line 75, in process_marketing_data
    raise e
  File "/opt/airflow/dags/csv_to_snowflake_dag.py", line 66, in process_marketing_data
    load_csv_to_snowflake(
  File "/opt/airflow/scripts/pyspark_jobs/csv_ods_draft.py", line 255, in load_csv_to_snowflake
    raise e
  File "/opt/airflow/scripts/pyspark_jobs/csv_ods_draft.py", line 202, in load_csv_to_snowflake
    last_loaded_timestamp = Variable.get(var_key)
  File "/home/airflow/.local/lib/python3.10/site-packages/airflow/models/variable.py", line 143, in get
    raise KeyError(f"Variable {key} does not exist")
KeyError: 'Variable last_loaded_timestamp does not exist'
[2025-06-10T15:09:39.368+0000] {taskinstance.py:1138} INFO - Marking task as UP_FOR_RETRY. dag_id=marketing_performance_to_snowflake, task_id=process_marketing_data, execution_date=20250610T150932, start_date=20250610T150934, end_date=20250610T150939
[2025-06-10T15:09:39.383+0000] {standard_task_runner.py:107} ERROR - Failed to execute job 1104 for task process_marketing_data ('Variable last_loaded_timestamp does not exist'; 31187)
[2025-06-10T15:09:39.421+0000] {local_task_job_runner.py:234} INFO - Task exited with return code 1
[2025-06-10T15:09:39.440+0000] {taskinstance.py:3280} INFO - 0 downstream tasks scheduled from follow-on schedule check
