[2025-06-09T06:01:31.738+0000] {taskinstance.py:1956} INFO - Dependencies all met for dep_context=non-requeueable deps ti=<TaskInstance: transform_categories.run_transformation_eu manual__2025-06-09T05:53:09.877616+00:00 [queued]>
[2025-06-09T06:01:31.758+0000] {taskinstance.py:1956} INFO - Dependencies all met for dep_context=requeueable deps ti=<TaskInstance: transform_categories.run_transformation_eu manual__2025-06-09T05:53:09.877616+00:00 [queued]>
[2025-06-09T06:01:31.759+0000] {taskinstance.py:2170} INFO - Starting attempt 1 of 1
[2025-06-09T06:01:31.794+0000] {taskinstance.py:2191} INFO - Executing <Task(_PythonDecoratedOperator): run_transformation_eu> on 2025-06-09 05:53:09.877616+00:00
[2025-06-09T06:01:31.806+0000] {clientserver.py:543} INFO - Closing down clientserver connection
[2025-06-09T06:01:31.804+0000] {standard_task_runner.py:60} INFO - Started process 29047 to run task
[2025-06-09T06:01:31.817+0000] {standard_task_runner.py:87} INFO - Running: ['airflow', 'tasks', 'run', 'transform_categories', 'run_transformation_eu', 'manual__2025-06-09T05:53:09.877616+00:00', '--job-id', '6', '--raw', '--subdir', 'DAGS_FOLDER/staging/categories_to_staging.py', '--cfg-path', '/tmp/tmptghrvjs1']
[2025-06-09T06:01:31.820+0000] {standard_task_runner.py:88} INFO - Job 6: Subtask run_transformation_eu
[2025-06-09T06:01:31.858+0000] {logging_mixin.py:188} WARNING - /home/airflow/.local/lib/python3.10/site-packages/airflow/settings.py:194 DeprecationWarning: The sql_alchemy_conn option in [core] has been moved to the sql_alchemy_conn option in [database] - the old setting has been used, but please update your config.
[2025-06-09T06:01:31.951+0000] {task_command.py:423} INFO - Running <TaskInstance: transform_categories.run_transformation_eu manual__2025-06-09T05:53:09.877616+00:00 [running]> on host 64d899e082be
[2025-06-09T06:01:32.188+0000] {taskinstance.py:2480} INFO - Exporting env vars: AIRFLOW_CTX_DAG_OWNER='airflow' AIRFLOW_CTX_DAG_ID='transform_categories' AIRFLOW_CTX_TASK_ID='run_transformation_eu' AIRFLOW_CTX_EXECUTION_DATE='2025-06-09T05:53:09.877616+00:00' AIRFLOW_CTX_TRY_NUMBER='1' AIRFLOW_CTX_DAG_RUN_ID='manual__2025-06-09T05:53:09.877616+00:00'
[2025-06-09T06:01:32.190+0000] {logging_mixin.py:188} INFO - Starting transformation for table: categories in region: eu
[2025-06-09T06:01:32.234+0000] {logging_mixin.py:188} INFO - Reading data from: /opt/airflow/data/raw/region=eu/table=categories/load_date=2025-06-08/
[2025-06-09T06:01:41.916+0000] {logging_mixin.py:188} INFO - [INFO] Processing 30 records for eu
[2025-06-09T06:01:42.417+0000] {logging_mixin.py:188} INFO - Sample transformed data for eu:
[2025-06-09T06:01:47.235+0000] {logging_mixin.py:188} INFO - +-----------+-------------+-------------------+------------------+------------------------+---------+--------------+-------------------+-------------------+-------+--------+
|category_id|category_name|category_name_local|parent_category_id|category_path           |is_active|gdpr_sensitive|created_at         |updated_at         |_region|_source |
+-----------+-------------+-------------------+------------------+------------------------+---------+--------------+-------------------+-------------------+-------+--------+
|1          |Electronics  |Elektronik         |NULL              |/Electronics            |1        |false         |2025-06-08 19:22:57|2025-06-08 19:22:57|eu     |postgres|
|2          |Smartphones  |Smartphones        |1                 |/Electronics/Smartphones|1        |false         |2025-06-08 19:22:57|2025-06-08 19:22:57|eu     |postgres|
|3          |Laptops      |Laptops            |1                 |/Electronics/Laptops    |1        |false         |2025-06-08 19:22:57|2025-06-08 19:22:57|eu     |postgres|
|4          |Gaming       |Spiele             |1                 |/Electronics/Gaming     |1        |false         |2025-06-08 19:22:57|2025-06-08 19:22:57|eu     |postgres|
|5          |Clothing     |Kleidung           |NULL              |/Clothing               |1        |false         |2025-06-08 19:22:57|2025-06-08 19:22:57|eu     |postgres|
+-----------+-------------+-------------------+------------------+------------------------+---------+--------------+-------------------+-------------------+-------+--------+
only showing top 5 rows
[2025-06-09T06:01:47.237+0000] {logging_mixin.py:188} INFO - Writing transformed data to: /opt/airflow/data/staging/categories/region=eu/load_date=2025-06-08/
[2025-06-09T06:01:48.987+0000] {logging_mixin.py:188} INFO - Successfully transformed 30 records for eu
[2025-06-09T06:13:02.343+0000] {local_task_job_runner.py:302} WARNING - State of this instance has been externally set to skipped. Terminating instance.
[2025-06-09T06:13:02.414+0000] {process_utils.py:131} INFO - Sending 15 to group 29047. PIDs of all processes in the group: [29047]
[2025-06-09T06:13:02.418+0000] {process_utils.py:86} INFO - Sending the signal 15 to group 29047
[2025-06-09T06:13:02.433+0000] {taskinstance.py:2450} ERROR - Received SIGTERM. Terminating subprocesses.
[2025-06-09T06:13:02.634+0000] {process_utils.py:79} INFO - Process psutil.Process(pid=29047, status='terminated', exitcode=0, started='06:01:31') (29047) terminated with exit code 0
