[2025-06-11T11:32:12.096+0000] {taskinstance.py:1956} INFO - Dependencies all met for dep_context=non-requeueable deps ti=<TaskInstance: extract_postgres_table_to_parquet.run_extraction_asia manual__2025-06-11T11:32:10.715030+00:00 [queued]>
[2025-06-11T11:32:12.107+0000] {taskinstance.py:1956} INFO - Dependencies all met for dep_context=requeueable deps ti=<TaskInstance: extract_postgres_table_to_parquet.run_extraction_asia manual__2025-06-11T11:32:10.715030+00:00 [queued]>
[2025-06-11T11:32:12.107+0000] {taskinstance.py:2170} INFO - Starting attempt 1 of 1
[2025-06-11T11:32:12.119+0000] {taskinstance.py:2191} INFO - Executing <Task(_PythonDecoratedOperator): run_extraction_asia> on 2025-06-11 11:32:10.715030+00:00
[2025-06-11T11:32:12.126+0000] {standard_task_runner.py:60} INFO - Started process 15314 to run task
[2025-06-11T11:32:12.129+0000] {standard_task_runner.py:87} INFO - Running: ['airflow', 'tasks', 'run', 'extract_postgres_table_to_parquet', 'run_extraction_asia', 'manual__2025-06-11T11:32:10.715030+00:00', '--job-id', '1609', '--raw', '--subdir', 'DAGS_FOLDER/asia/landing.py', '--cfg-path', '/tmp/tmpj1njok34']
[2025-06-11T11:32:12.130+0000] {standard_task_runner.py:88} INFO - Job 1609: Subtask run_extraction_asia
[2025-06-11T11:32:12.196+0000] {task_command.py:423} INFO - Running <TaskInstance: extract_postgres_table_to_parquet.run_extraction_asia manual__2025-06-11T11:32:10.715030+00:00 [running]> on host 8b0a421f0af7
[2025-06-11T11:32:12.332+0000] {taskinstance.py:2480} INFO - Exporting env vars: AIRFLOW_CTX_DAG_OWNER='airflow' AIRFLOW_CTX_DAG_ID='extract_postgres_table_to_parquet' AIRFLOW_CTX_TASK_ID='run_extraction_asia' AIRFLOW_CTX_EXECUTION_DATE='2025-06-11T11:32:10.715030+00:00' AIRFLOW_CTX_TRY_NUMBER='1' AIRFLOW_CTX_DAG_RUN_ID='manual__2025-06-11T11:32:10.715030+00:00'
[2025-06-11T11:32:12.333+0000] {logging_mixin.py:188} INFO - Starting extraction for table: categories in region: asia
[2025-06-11T11:32:12.333+0000] {logging_mixin.py:188} INFO - load_date:::::2025-06-11
[2025-06-11T11:32:32.567+0000] {logging_mixin.py:188} INFO - [INFO] Last loaded timestamp: 2025-06-11 02:14:04
[2025-06-11T11:32:36.465+0000] {logging_mixin.py:188} INFO - [INFO] No new records found in asia.categories
[2025-06-11T11:32:37.461+0000] {logging_mixin.py:188} INFO - Starting extraction for table: products in region: asia
[2025-06-11T11:32:37.462+0000] {logging_mixin.py:188} INFO - load_date:::::2025-06-11
[2025-06-11T11:32:40.237+0000] {logging_mixin.py:188} INFO - [INFO] Last loaded timestamp: 2024-01-31 00:00:00
[2025-06-11T11:32:41.163+0000] {logging_mixin.py:188} INFO - [INFO] No new records found in asia.products
[2025-06-11T11:32:42.162+0000] {logging_mixin.py:188} INFO - Starting extraction for table: product_variants in region: asia
[2025-06-11T11:32:42.163+0000] {logging_mixin.py:188} INFO - load_date:::::2025-06-11
[2025-06-11T11:32:44.725+0000] {logging_mixin.py:188} INFO - [INFO] Last loaded timestamp: 2024-11-02 00:00:00
[2025-06-11T11:32:45.304+0000] {logging_mixin.py:188} INFO - [INFO] No new records found in asia.product_variants
[2025-06-11T11:32:46.301+0000] {logging_mixin.py:188} INFO - Starting extraction for table: inventory in region: asia
[2025-06-11T11:32:46.301+0000] {logging_mixin.py:188} INFO - load_date:::::2025-06-11
[2025-06-11T11:32:48.156+0000] {logging_mixin.py:188} INFO - [INFO] Last loaded timestamp: 2024-12-03 00:00:00
[2025-06-11T11:32:48.821+0000] {logging_mixin.py:188} INFO - [INFO] No new records found in asia.inventory
[2025-06-11T11:32:49.816+0000] {logging_mixin.py:188} INFO - Starting extraction for table: customers in region: asia
[2025-06-11T11:32:49.816+0000] {logging_mixin.py:188} INFO - load_date:::::2025-06-11
[2025-06-11T11:32:52.397+0000] {logging_mixin.py:188} INFO - [INFO] Last loaded timestamp: 2024-02-08 12:50:45
[2025-06-11T11:32:53.321+0000] {logging_mixin.py:188} INFO - [INFO] No new records found in asia.customers
[2025-06-11T11:32:54.331+0000] {logging_mixin.py:188} INFO - Starting extraction for table: customer_addresses in region: asia
[2025-06-11T11:32:54.333+0000] {logging_mixin.py:188} INFO - load_date:::::2025-06-11
[2025-06-11T11:32:57.534+0000] {logging_mixin.py:188} INFO - [INFO] Last loaded timestamp: 2025-06-11 02:14:04
[2025-06-11T11:32:58.408+0000] {logging_mixin.py:188} INFO - [INFO] No new records found in asia.customer_addresses
[2025-06-11T11:32:59.412+0000] {logging_mixin.py:188} INFO - Starting extraction for table: marketing_campaigns in region: asia
[2025-06-11T11:32:59.412+0000] {logging_mixin.py:188} INFO - load_date:::::2025-06-11
[2025-06-11T11:33:01.852+0000] {logging_mixin.py:188} INFO - [INFO] Last loaded timestamp: 2024-02-24 00:00:00
[2025-06-11T11:33:02.673+0000] {logging_mixin.py:188} INFO - [INFO] No new records found in asia.marketing_campaigns
[2025-06-11T11:33:03.681+0000] {logging_mixin.py:188} INFO - Starting extraction for table: discounts in region: asia
[2025-06-11T11:33:03.682+0000] {logging_mixin.py:188} INFO - load_date:::::2025-06-11
[2025-06-11T11:33:06.681+0000] {logging_mixin.py:188} INFO - [INFO] Last loaded timestamp: 2024-05-03 00:00:00
[2025-06-11T11:33:07.402+0000] {logging_mixin.py:188} INFO - [INFO] No new records found in asia.discounts
[2025-06-11T11:33:08.403+0000] {logging_mixin.py:188} INFO - Starting extraction for table: shopping_carts in region: asia
[2025-06-11T11:33:08.404+0000] {logging_mixin.py:188} INFO - load_date:::::2025-06-11
[2025-06-11T11:33:11.422+0000] {logging_mixin.py:188} INFO - [INFO] Last loaded timestamp: 2024-03-19 00:00:00
[2025-06-11T11:33:12.215+0000] {logging_mixin.py:188} INFO - [INFO] No new records found in asia.shopping_carts
[2025-06-11T11:33:13.217+0000] {logging_mixin.py:188} INFO - Starting extraction for table: cart_items in region: asia
[2025-06-11T11:33:13.217+0000] {logging_mixin.py:188} INFO - load_date:::::2025-06-11
[2025-06-11T11:33:15.887+0000] {logging_mixin.py:188} INFO - [INFO] Last loaded timestamp: 2024-03-19 08:50:15
[2025-06-11T11:33:16.806+0000] {logging_mixin.py:188} INFO - [INFO] No new records found in asia.cart_items
[2025-06-11T11:33:17.798+0000] {logging_mixin.py:188} INFO - Starting extraction for table: orders in region: asia
[2025-06-11T11:33:17.799+0000] {logging_mixin.py:188} INFO - load_date:::::2025-06-11
[2025-06-11T11:33:20.346+0000] {logging_mixin.py:188} INFO - [INFO] Last loaded timestamp: 2024-10-03 00:00:00
[2025-06-11T11:33:20.807+0000] {logging_mixin.py:188} INFO - [INFO] No new records found in asia.orders
[2025-06-11T11:33:21.807+0000] {logging_mixin.py:188} INFO - Starting extraction for table: order_items in region: asia
[2025-06-11T11:33:21.807+0000] {logging_mixin.py:188} INFO - load_date:::::2025-06-11
[2025-06-11T11:33:24.328+0000] {logging_mixin.py:188} INFO - [INFO] Last loaded timestamp: 2024-03-14 15:30:45
[2025-06-11T11:33:25.300+0000] {logging_mixin.py:188} INFO - [INFO] No new records found in asia.order_items
[2025-06-11T11:33:26.289+0000] {logging_mixin.py:188} INFO - Starting extraction for table: shipments in region: asia
[2025-06-11T11:33:26.290+0000] {logging_mixin.py:188} INFO - load_date:::::2025-06-11
[2025-06-11T11:33:28.141+0000] {logging_mixin.py:188} INFO - [INFO] Last loaded timestamp: 2024-10-03 00:00:00
[2025-06-11T11:33:28.662+0000] {logging_mixin.py:188} INFO - [INFO] No new records found in asia.shipments
[2025-06-11T11:33:29.661+0000] {logging_mixin.py:188} INFO - Starting extraction for table: returns in region: asia
[2025-06-11T11:33:29.661+0000] {logging_mixin.py:188} INFO - load_date:::::2025-06-11
[2025-06-11T11:33:31.204+0000] {logging_mixin.py:188} INFO - [INFO] Last loaded timestamp: 2024-03-16 00:00:00
[2025-06-11T11:33:31.572+0000] {logging_mixin.py:188} INFO - [INFO] No new records found in asia.returns
[2025-06-11T11:33:32.573+0000] {logging_mixin.py:188} INFO - Starting extraction for table: product_reviews in region: asia
[2025-06-11T11:33:32.573+0000] {logging_mixin.py:188} INFO - load_date:::::2025-06-11
[2025-06-11T11:33:34.521+0000] {logging_mixin.py:188} INFO - [INFO] Last loaded timestamp: 2025-06-11 02:14:04
[2025-06-11T11:33:34.905+0000] {logging_mixin.py:188} INFO - [INFO] No new records found in asia.product_reviews
[2025-06-11T11:33:35.906+0000] {logging_mixin.py:188} INFO - Starting extraction for table: payments in region: asia
[2025-06-11T11:33:35.906+0000] {logging_mixin.py:188} INFO - load_date:::::2025-06-11
[2025-06-11T11:33:37.985+0000] {logging_mixin.py:188} INFO - [INFO] Last loaded timestamp: 2024-09-03 00:00:00
[2025-06-11T11:33:38.384+0000] {logging_mixin.py:188} INFO - [INFO] No new records found in asia.payments
[2025-06-11T11:33:39.386+0000] {logging_mixin.py:188} INFO - Starting extraction for table: wishlists in region: asia
[2025-06-11T11:33:39.386+0000] {logging_mixin.py:188} INFO - load_date:::::2025-06-11
[2025-06-11T11:33:41.343+0000] {logging_mixin.py:188} INFO - [INFO] Last loaded timestamp: 2024-03-21 00:00:00
[2025-06-11T11:33:41.704+0000] {logging_mixin.py:188} INFO - [INFO] No new records found in asia.wishlists
[2025-06-11T11:33:42.705+0000] {python.py:201} INFO - Done. Returned value was: None
[2025-06-11T11:33:42.729+0000] {taskinstance.py:1138} INFO - Marking task as SUCCESS. dag_id=extract_postgres_table_to_parquet, task_id=run_extraction_asia, execution_date=20250611T113210, start_date=20250611T113212, end_date=20250611T113342
[2025-06-11T11:33:42.783+0000] {local_task_job_runner.py:234} INFO - Task exited with return code 0
[2025-06-11T11:33:42.826+0000] {taskinstance.py:3280} INFO - 0 downstream tasks scheduled from follow-on schedule check
