[2025-06-06T09:03:17.675+0000] {taskinstance.py:1956} INFO - Dependencies all met for dep_context=non-requeueable deps ti=<TaskInstance: extract_postgres_table_to_parquet.extractions.run_extraction scheduled__2025-06-05T00:00:00+00:00 map_index=33 [queued]>
[2025-06-06T09:03:17.719+0000] {taskinstance.py:1956} INFO - Dependencies all met for dep_context=requeueable deps ti=<TaskInstance: extract_postgres_table_to_parquet.extractions.run_extraction scheduled__2025-06-05T00:00:00+00:00 map_index=33 [queued]>
[2025-06-06T09:03:17.720+0000] {taskinstance.py:2170} INFO - Starting attempt 1 of 1
[2025-06-06T09:03:17.832+0000] {taskinstance.py:2191} INFO - Executing <Mapped(_PythonDecoratedOperator): extractions.run_extraction> on 2025-06-05 00:00:00+00:00
[2025-06-06T09:03:17.873+0000] {standard_task_runner.py:60} INFO - Started process 3549 to run task
[2025-06-06T09:03:17.885+0000] {standard_task_runner.py:87} INFO - Running: ['airflow', 'tasks', 'run', 'extract_postgres_table_to_parquet', 'extractions.run_extraction', 'scheduled__2025-06-05T00:00:00+00:00', '--job-id', '71', '--raw', '--subdir', 'DAGS_FOLDER/asia/landing.py', '--cfg-path', '/tmp/tmp6wvock1n', '--map-index', '33']
[2025-06-06T09:03:17.890+0000] {standard_task_runner.py:88} INFO - Job 71: Subtask extractions.run_extraction
[2025-06-06T09:03:18.308+0000] {task_command.py:423} INFO - Running <TaskInstance: extract_postgres_table_to_parquet.extractions.run_extraction scheduled__2025-06-05T00:00:00+00:00 map_index=33 [running]> on host 59a35f77855d
[2025-06-06T09:03:18.759+0000] {taskinstance.py:2480} INFO - Exporting env vars: AIRFLOW_CTX_DAG_OWNER='airflow' AIRFLOW_CTX_DAG_ID='extract_postgres_table_to_parquet' AIRFLOW_CTX_TASK_ID='extractions.run_extraction' AIRFLOW_CTX_EXECUTION_DATE='2025-06-05T00:00:00+00:00' AIRFLOW_CTX_TRY_NUMBER='1' AIRFLOW_CTX_DAG_RUN_ID='scheduled__2025-06-05T00:00:00+00:00'
[2025-06-06T09:03:18.767+0000] {logging_mixin.py:188} INFO - Starting extraction for table: wishlists in region: eu
[2025-06-06T09:03:18.822+0000] {logging_mixin.py:188} INFO - [INFO] No variable found. Using default: 2000-01-01 00:00:00.000
[2025-06-06T09:04:14.541+0000] {clientserver.py:538} INFO - Error while receiving.
Traceback (most recent call last):
  File "/home/airflow/.local/lib/python3.10/site-packages/py4j/clientserver.py", line 516, in send_command
    raise Py4JNetworkError("Answer from Java side is empty")
py4j.protocol.Py4JNetworkError: Answer from Java side is empty
[2025-06-06T09:04:15.472+0000] {clientserver.py:543} INFO - Closing down clientserver connection
[2025-06-06T09:04:15.483+0000] {java_gateway.py:1055} ERROR - Exception while sending command.
Traceback (most recent call last):
  File "/home/airflow/.local/lib/python3.10/site-packages/py4j/clientserver.py", line 516, in send_command
    raise Py4JNetworkError("Answer from Java side is empty")
py4j.protocol.Py4JNetworkError: Answer from Java side is empty

During handling of the above exception, another exception occurred:

Traceback (most recent call last):
  File "/home/airflow/.local/lib/python3.10/site-packages/py4j/java_gateway.py", line 1038, in send_command
    response = connection.send_command(command)
  File "/home/airflow/.local/lib/python3.10/site-packages/py4j/clientserver.py", line 539, in send_command
    raise Py4JNetworkError(
py4j.protocol.Py4JNetworkError: Error while sending or receiving
[2025-06-06T09:04:15.492+0000] {clientserver.py:543} INFO - Closing down clientserver connection
[2025-06-06T09:04:15.950+0000] {taskinstance.py:2698} ERROR - Task failed with exception
Traceback (most recent call last):
  File "/home/airflow/.local/lib/python3.10/site-packages/airflow/models/taskinstance.py", line 433, in _execute_task
    result = execute_callable(context=context, **execute_callable_kwargs)
  File "/home/airflow/.local/lib/python3.10/site-packages/airflow/decorators/base.py", line 241, in execute
    return_value = super().execute(context)
  File "/home/airflow/.local/lib/python3.10/site-packages/airflow/operators/python.py", line 199, in execute
    return_value = self.execute_callable()
  File "/home/airflow/.local/lib/python3.10/site-packages/airflow/operators/python.py", line 216, in execute_callable
    return self.python_callable(*self.op_args, **self.op_kwargs)
  File "/opt/airflow/dags/asia/landing.py", line 42, in run_extraction
    extract_postgres_table(
  File "/opt/airflow/dags/asia/../../scripts/pyspark_jobs/extract_to_parquet.py", line 38, in extract_postgres_table
    .getOrCreate()
  File "/home/airflow/.local/lib/python3.10/site-packages/pyspark/sql/session.py", line 497, in getOrCreate
    sc = SparkContext.getOrCreate(sparkConf)
  File "/home/airflow/.local/lib/python3.10/site-packages/pyspark/context.py", line 515, in getOrCreate
    SparkContext(conf=conf or SparkConf())
  File "/home/airflow/.local/lib/python3.10/site-packages/pyspark/context.py", line 203, in __init__
    self._do_init(
  File "/home/airflow/.local/lib/python3.10/site-packages/pyspark/context.py", line 296, in _do_init
    self._jsc = jsc or self._initialize_context(self._conf._jconf)
  File "/home/airflow/.local/lib/python3.10/site-packages/pyspark/context.py", line 421, in _initialize_context
    return self._jvm.JavaSparkContext(jconf)
  File "/home/airflow/.local/lib/python3.10/site-packages/py4j/java_gateway.py", line 1587, in __call__
    return_value = get_return_value(
  File "/home/airflow/.local/lib/python3.10/site-packages/py4j/protocol.py", line 334, in get_return_value
    raise Py4JError(
py4j.protocol.Py4JError: An error occurred while calling None.org.apache.spark.api.java.JavaSparkContext
[2025-06-06T09:04:18.363+0000] {taskinstance.py:1138} INFO - Marking task as FAILED. dag_id=extract_postgres_table_to_parquet, task_id=extractions.run_extraction, map_index=33, execution_date=20250605T000000, start_date=20250606T090317, end_date=20250606T090418
[2025-06-06T09:04:20.552+0000] {standard_task_runner.py:107} ERROR - Failed to execute job 71 for task extractions.run_extraction (An error occurred while calling None.org.apache.spark.api.java.JavaSparkContext; 3549)
[2025-06-06T09:04:20.647+0000] {local_task_job_runner.py:234} INFO - Task exited with return code 1
[2025-06-06T09:04:22.833+0000] {taskinstance.py:3280} INFO - 0 downstream tasks scheduled from follow-on schedule check
