[2025-06-09T08:46:07.084+0000] {taskinstance.py:1956} INFO - Dependencies all met for dep_context=non-requeueable deps ti=<TaskInstance: multi_region_processor_7.process_region_us.process_shopping_carts_us manual__2025-06-09T08:34:23.510298+00:00 [queued]>
[2025-06-09T08:46:07.098+0000] {taskinstance.py:1956} INFO - Dependencies all met for dep_context=requeueable deps ti=<TaskInstance: multi_region_processor_7.process_region_us.process_shopping_carts_us manual__2025-06-09T08:34:23.510298+00:00 [queued]>
[2025-06-09T08:46:07.099+0000] {taskinstance.py:2170} INFO - Starting attempt 1 of 2
[2025-06-09T08:46:07.114+0000] {taskinstance.py:2191} INFO - Executing <Task(_PythonDecoratedOperator): process_region_us.process_shopping_carts_us> on 2025-06-09 08:34:23.510298+00:00
[2025-06-09T08:46:07.122+0000] {standard_task_runner.py:60} INFO - Started process 4423 to run task
[2025-06-09T08:46:07.125+0000] {standard_task_runner.py:87} INFO - Running: ['airflow', 'tasks', 'run', 'multi_region_processor_7', 'process_region_us.process_shopping_carts_us', 'manual__2025-06-09T08:34:23.510298+00:00', '--job-id', '684', '--raw', '--subdir', 'DAGS_FOLDER/master2.py', '--cfg-path', '/tmp/tmp2rt0akih']
[2025-06-09T08:46:07.127+0000] {standard_task_runner.py:88} INFO - Job 684: Subtask process_region_us.process_shopping_carts_us
[2025-06-09T08:46:07.226+0000] {task_command.py:423} INFO - Running <TaskInstance: multi_region_processor_7.process_region_us.process_shopping_carts_us manual__2025-06-09T08:34:23.510298+00:00 [running]> on host afcdbcf38bc0
[2025-06-09T08:46:07.413+0000] {taskinstance.py:2480} INFO - Exporting env vars: AIRFLOW_CTX_DAG_OWNER='data-team' AIRFLOW_CTX_DAG_ID='multi_region_processor_7' AIRFLOW_CTX_TASK_ID='process_region_us.process_shopping_carts_us' AIRFLOW_CTX_EXECUTION_DATE='2025-06-09T08:34:23.510298+00:00' AIRFLOW_CTX_TRY_NUMBER='1' AIRFLOW_CTX_DAG_RUN_ID='manual__2025-06-09T08:34:23.510298+00:00'
[2025-06-09T08:46:22.059+0000] {logging_mixin.py:188} INFO - Processing shopping_carts for region us
[2025-06-09T08:46:34.227+0000] {logging_mixin.py:188} INFO - STAGING_US
[2025-06-09T08:46:50.263+0000] {logging_mixin.py:188} INFO - +-------+-----------+--------------------+-------------------+-------------------+-------------------+------------+-------+--------+
|cart_id|customer_id|          session_id|         created_at|         updated_at|       abandoned_at|is_abandoned|_region| _source|
+-------+-----------+--------------------+-------------------+-------------------+-------------------+------------+-------+--------+
|      1|          1|sess_us_abc123def456|2025-06-08 19:23:28|2025-06-08 19:23:28|               NULL|       false|     us|postgres|
|      2|          2|sess_us_ghi789jkl012|2025-06-08 19:23:28|2025-06-08 19:23:28|2024-02-01 14:30:00|        true|     us|postgres|
|      3|          3|sess_us_mno345pqr678|2025-06-08 19:23:28|2025-06-08 19:23:28|               NULL|       false|     us|postgres|
|      4|          4|sess_us_stu901vwx234|2025-06-08 19:23:28|2025-06-08 19:23:28|2024-02-02 09:45:00|        true|     us|postgres|
|      5|          5|sess_us_yza567bcd890|2025-06-08 19:23:28|2025-06-08 19:23:28|               NULL|       false|     us|postgres|
|      1|          1|sess_us_abc123def456|2025-06-08 19:23:28|2025-06-08 19:23:28|               NULL|       false|     us|postgres|
|      2|          2|sess_us_ghi789jkl012|2025-06-08 19:23:28|2025-06-08 19:23:28|2024-02-01 14:30:00|        true|     us|postgres|
|      3|          3|sess_us_mno345pqr678|2025-06-08 19:23:28|2025-06-08 19:23:28|               NULL|       false|     us|postgres|
|      4|          4|sess_us_stu901vwx234|2025-06-08 19:23:28|2025-06-08 19:23:28|2024-02-02 09:45:00|        true|     us|postgres|
|      5|          5|sess_us_yza567bcd890|2025-06-08 19:23:28|2025-06-08 19:23:28|               NULL|       false|     us|postgres|
+-------+-----------+--------------------+-------------------+-------------------+-------------------+------------+-------+--------+
[2025-06-09T08:46:50.265+0000] {logging_mixin.py:188} INFO - Inserting into snowflake
[2025-06-09T08:47:14.631+0000] {logging_mixin.py:188} INFO - successfully inserted in snowflake
[2025-06-09T08:47:16.879+0000] {logging_mixin.py:188} INFO - Successfully processed 10 records for shopping_carts in us
[2025-06-09T08:47:18.412+0000] {python.py:201} INFO - Done. Returned value was: {'region': 'us', 'table': 'shopping_carts', 'record_count': 10, 'status': 'success'}
[2025-06-09T08:47:18.459+0000] {taskinstance.py:1138} INFO - Marking task as SUCCESS. dag_id=multi_region_processor_7, task_id=process_region_us.process_shopping_carts_us, execution_date=20250609T083423, start_date=20250609T084607, end_date=20250609T084718
[2025-06-09T08:47:18.493+0000] {local_task_job_runner.py:234} INFO - Task exited with return code 0
[2025-06-09T08:47:18.559+0000] {taskinstance.py:3280} INFO - 1 downstream tasks scheduled from follow-on schedule check
