[2025-06-09T07:27:39.485+0000] {taskinstance.py:1956} INFO - Dependencies all met for dep_context=non-requeueable deps ti=<TaskInstance: multi_region_processor_7.process_region_asia.process_payments_asia manual__2025-06-09T07:23:36.480089+00:00 [queued]>
[2025-06-09T07:27:39.519+0000] {taskinstance.py:1956} INFO - Dependencies all met for dep_context=requeueable deps ti=<TaskInstance: multi_region_processor_7.process_region_asia.process_payments_asia manual__2025-06-09T07:23:36.480089+00:00 [queued]>
[2025-06-09T07:27:39.520+0000] {taskinstance.py:2170} INFO - Starting attempt 1 of 2
[2025-06-09T07:27:39.554+0000] {taskinstance.py:2191} INFO - Executing <Task(_PythonDecoratedOperator): process_region_asia.process_payments_asia> on 2025-06-09 07:23:36.480089+00:00
[2025-06-09T07:27:39.565+0000] {standard_task_runner.py:60} INFO - Started process 71369 to run task
[2025-06-09T07:27:39.571+0000] {standard_task_runner.py:87} INFO - Running: ['airflow', 'tasks', 'run', 'multi_region_processor_7', 'process_region_asia.process_payments_asia', 'manual__2025-06-09T07:23:36.480089+00:00', '--job-id', '553', '--raw', '--subdir', 'DAGS_FOLDER/master2.py', '--cfg-path', '/tmp/tmpui5ifile']
[2025-06-09T07:27:39.574+0000] {standard_task_runner.py:88} INFO - Job 553: Subtask process_region_asia.process_payments_asia
[2025-06-09T07:27:39.618+0000] {logging_mixin.py:188} WARNING - /home/airflow/.local/lib/python3.10/site-packages/airflow/settings.py:194 DeprecationWarning: The sql_alchemy_conn option in [core] has been moved to the sql_alchemy_conn option in [database] - the old setting has been used, but please update your config.
[2025-06-09T07:27:39.718+0000] {task_command.py:423} INFO - Running <TaskInstance: multi_region_processor_7.process_region_asia.process_payments_asia manual__2025-06-09T07:23:36.480089+00:00 [running]> on host afcdbcf38bc0
[2025-06-09T07:27:39.994+0000] {taskinstance.py:2480} INFO - Exporting env vars: AIRFLOW_CTX_DAG_OWNER='data-team' AIRFLOW_CTX_DAG_ID='multi_region_processor_7' AIRFLOW_CTX_TASK_ID='process_region_asia.process_payments_asia' AIRFLOW_CTX_EXECUTION_DATE='2025-06-09T07:23:36.480089+00:00' AIRFLOW_CTX_TRY_NUMBER='1' AIRFLOW_CTX_DAG_RUN_ID='manual__2025-06-09T07:23:36.480089+00:00'
[2025-06-09T07:27:52.362+0000] {logging_mixin.py:188} INFO - Processing payments for region asia
[2025-06-09T07:28:15.325+0000] {logging_mixin.py:188} INFO - +----------+--------+--------------+--------------+------------------+-------------------+--------------+--------------------+-------------------+-------+--------+
|payment_id|order_id|payment_method|payment_status|payment_amount_jpy|  payment_timestamp|transaction_id|    gateway_response|         created_at|_region| _source|
+----------+--------+--------------+--------------+------------------+-------------------+--------------+--------------------+-------------------+-------+--------+
|         1|       1|   credit_card|     completed|            150800|2024-03-05 14:15:30| txn_jp_cc_001|  Payment successful|2024-03-05 14:15:30|   asia|postgres|
|         2|       2|       konbini|     completed|             10590|2024-03-06 00:00:00| txn_jp_kb_002|Payment received ...|2024-03-06 00:00:00|   asia|postgres|
|         3|       3| bank_transfer|       pending|            168300|2024-03-07 00:00:00| txn_jp_bt_003|Awaiting bank con...|2024-03-07 00:00:00|   asia|postgres|
|         4|       4|   credit_card|     completed|             17830|               NULL| txn_jp_cc_004|  Payment successful|               NULL|   asia|postgres|
|         5|       5|   credit_card|        failed|             28300|2024-09-03 00:00:00| txn_jp_cc_005|       Card declined|2024-09-03 00:00:00|   asia|postgres|
|         6|       6|       konbini|     completed|              9810|2024-03-10 16:50:15| txn_jp_kb_006|Payment received ...|2024-03-10 16:50:15|   asia|postgres|
|         7|       7|   credit_card|     completed|             77150|2024-03-11 00:00:00| txn_jp_cc_007|  Payment successful|2024-03-11 00:00:00|   asia|postgres|
|         8|       8| bank_transfer|     completed|              4850|2024-03-12 00:00:00| txn_jp_bt_008|  Transfer confirmed|2024-03-12 00:00:00|   asia|postgres|
|         9|       9|   credit_card|     completed|            173800|               NULL| txn_jp_cc_009|  Payment successful|               NULL|   asia|postgres|
|        10|      10|       konbini|      refunded|             13000|2024-03-14 00:00:00| txn_jp_kb_010|    Payment refunded|2024-03-14 00:00:00|   asia|postgres|
+----------+--------+--------------+--------------+------------------+-------------------+--------------+--------------------+-------------------+-------+--------+
only showing top 10 rows
[2025-06-09T07:28:18.006+0000] {logging_mixin.py:188} INFO - Successfully processed 20 records for payments in asia
[2025-06-09T07:28:18.552+0000] {python.py:201} INFO - Done. Returned value was: {'region': 'asia', 'table': 'payments', 'record_count': 20, 'status': 'success'}
[2025-06-09T07:28:18.609+0000] {taskinstance.py:1138} INFO - Marking task as SUCCESS. dag_id=multi_region_processor_7, task_id=process_region_asia.process_payments_asia, execution_date=20250609T072336, start_date=20250609T072739, end_date=20250609T072818
[2025-06-09T07:28:18.654+0000] {local_task_job_runner.py:234} INFO - Task exited with return code 0
[2025-06-09T07:28:18.698+0000] {taskinstance.py:3280} INFO - 0 downstream tasks scheduled from follow-on schedule check
