[2025-06-06T09:03:12.110+0000] {taskinstance.py:1956} INFO - Dependencies all met for dep_context=non-requeueable deps ti=<TaskInstance: extract_postgres_table_to_parquet.extractions.run_extraction scheduled__2025-06-05T00:00:00+00:00 map_index=20 [queued]>
[2025-06-06T09:03:12.163+0000] {taskinstance.py:1956} INFO - Dependencies all met for dep_context=requeueable deps ti=<TaskInstance: extract_postgres_table_to_parquet.extractions.run_extraction scheduled__2025-06-05T00:00:00+00:00 map_index=20 [queued]>
[2025-06-06T09:03:12.164+0000] {taskinstance.py:2170} INFO - Starting attempt 1 of 1
[2025-06-06T09:03:12.250+0000] {taskinstance.py:2191} INFO - Executing <Mapped(_PythonDecoratedOperator): extractions.run_extraction> on 2025-06-05 00:00:00+00:00
[2025-06-06T09:03:12.262+0000] {standard_task_runner.py:60} INFO - Started process 2690 to run task
[2025-06-06T09:03:12.278+0000] {standard_task_runner.py:87} INFO - Running: ['airflow', 'tasks', 'run', 'extract_postgres_table_to_parquet', 'extractions.run_extraction', 'scheduled__2025-06-05T00:00:00+00:00', '--job-id', '58', '--raw', '--subdir', 'DAGS_FOLDER/asia/landing.py', '--cfg-path', '/tmp/tmpdk036b81', '--map-index', '20']
[2025-06-06T09:03:12.284+0000] {standard_task_runner.py:88} INFO - Job 58: Subtask extractions.run_extraction
[2025-06-06T09:03:12.607+0000] {task_command.py:423} INFO - Running <TaskInstance: extract_postgres_table_to_parquet.extractions.run_extraction scheduled__2025-06-05T00:00:00+00:00 map_index=20 [running]> on host 59a35f77855d
[2025-06-06T09:03:13.554+0000] {taskinstance.py:2480} INFO - Exporting env vars: AIRFLOW_CTX_DAG_OWNER='airflow' AIRFLOW_CTX_DAG_ID='extract_postgres_table_to_parquet' AIRFLOW_CTX_TASK_ID='extractions.run_extraction' AIRFLOW_CTX_EXECUTION_DATE='2025-06-05T00:00:00+00:00' AIRFLOW_CTX_TRY_NUMBER='1' AIRFLOW_CTX_DAG_RUN_ID='scheduled__2025-06-05T00:00:00+00:00'
[2025-06-06T09:03:13.561+0000] {logging_mixin.py:188} INFO - Starting extraction for table: inventory in region: eu
[2025-06-06T09:03:13.706+0000] {logging_mixin.py:188} INFO - [INFO] No variable found. Using default: 2000-01-01 00:00:00.000
[2025-06-06T09:04:18.261+0000] {taskinstance.py:2698} ERROR - Task failed with exception
Traceback (most recent call last):
  File "/home/airflow/.local/lib/python3.10/site-packages/airflow/models/taskinstance.py", line 433, in _execute_task
    result = execute_callable(context=context, **execute_callable_kwargs)
  File "/home/airflow/.local/lib/python3.10/site-packages/airflow/decorators/base.py", line 241, in execute
    return_value = super().execute(context)
  File "/home/airflow/.local/lib/python3.10/site-packages/airflow/operators/python.py", line 199, in execute
    return_value = self.execute_callable()
  File "/home/airflow/.local/lib/python3.10/site-packages/airflow/operators/python.py", line 216, in execute_callable
    return self.python_callable(*self.op_args, **self.op_kwargs)
  File "/opt/airflow/dags/asia/landing.py", line 42, in run_extraction
    extract_postgres_table(
  File "/opt/airflow/dags/asia/../../scripts/pyspark_jobs/extract_to_parquet.py", line 39, in extract_postgres_table
    timestamp_col = TABLE_CONFIG[table]["regions"][region]["timestamp_column"]
KeyError: 'inventory'
[2025-06-06T09:04:20.195+0000] {taskinstance.py:1138} INFO - Marking task as FAILED. dag_id=extract_postgres_table_to_parquet, task_id=extractions.run_extraction, map_index=20, execution_date=20250605T000000, start_date=20250606T090312, end_date=20250606T090419
[2025-06-06T09:04:21.869+0000] {standard_task_runner.py:107} ERROR - Failed to execute job 58 for task extractions.run_extraction ('inventory'; 2690)
[2025-06-06T09:04:22.182+0000] {local_task_job_runner.py:234} INFO - Task exited with return code 1
[2025-06-06T09:04:26.511+0000] {taskinstance.py:3280} INFO - 0 downstream tasks scheduled from follow-on schedule check
