[2025-06-09T07:26:53.422+0000] {taskinstance.py:1956} INFO - Dependencies all met for dep_context=non-requeueable deps ti=<TaskInstance: multi_region_processor_7.process_region_us.process_returns_us manual__2025-06-09T07:23:36.480089+00:00 [queued]>
[2025-06-09T07:26:53.451+0000] {taskinstance.py:1956} INFO - Dependencies all met for dep_context=requeueable deps ti=<TaskInstance: multi_region_processor_7.process_region_us.process_returns_us manual__2025-06-09T07:23:36.480089+00:00 [queued]>
[2025-06-09T07:26:53.452+0000] {taskinstance.py:2170} INFO - Starting attempt 1 of 2
[2025-06-09T07:26:53.516+0000] {taskinstance.py:2191} INFO - Executing <Task(_PythonDecoratedOperator): process_region_us.process_returns_us> on 2025-06-09 07:23:36.480089+00:00
[2025-06-09T07:26:53.528+0000] {standard_task_runner.py:60} INFO - Started process 69570 to run task
[2025-06-09T07:26:53.539+0000] {standard_task_runner.py:87} INFO - Running: ['airflow', 'tasks', 'run', 'multi_region_processor_7', 'process_region_us.process_returns_us', 'manual__2025-06-09T07:23:36.480089+00:00', '--job-id', '544', '--raw', '--subdir', 'DAGS_FOLDER/master2.py', '--cfg-path', '/tmp/tmp2tbh4vhe']
[2025-06-09T07:26:53.544+0000] {standard_task_runner.py:88} INFO - Job 544: Subtask process_region_us.process_returns_us
[2025-06-09T07:26:53.606+0000] {logging_mixin.py:188} WARNING - /home/airflow/.local/lib/python3.10/site-packages/airflow/settings.py:194 DeprecationWarning: The sql_alchemy_conn option in [core] has been moved to the sql_alchemy_conn option in [database] - the old setting has been used, but please update your config.
[2025-06-09T07:26:53.756+0000] {task_command.py:423} INFO - Running <TaskInstance: multi_region_processor_7.process_region_us.process_returns_us manual__2025-06-09T07:23:36.480089+00:00 [running]> on host afcdbcf38bc0
[2025-06-09T07:26:54.093+0000] {taskinstance.py:2480} INFO - Exporting env vars: AIRFLOW_CTX_DAG_OWNER='data-team' AIRFLOW_CTX_DAG_ID='multi_region_processor_7' AIRFLOW_CTX_TASK_ID='process_region_us.process_returns_us' AIRFLOW_CTX_EXECUTION_DATE='2025-06-09T07:23:36.480089+00:00' AIRFLOW_CTX_TRY_NUMBER='1' AIRFLOW_CTX_DAG_RUN_ID='manual__2025-06-09T07:23:36.480089+00:00'
[2025-06-09T07:27:05.482+0000] {logging_mixin.py:188} INFO - Processing returns for region us
[2025-06-09T07:27:23.899+0000] {logging_mixin.py:188} INFO - +---------+--------+-----------------+-------------+--------------------+-------------+-------------------+--------------------+-------+--------+
|return_id|order_id|    return_reason|return_status|    return_timestamp|refund_amount|   refund_timestamp|          created_at|_region| _source|
+---------+--------+-----------------+-------------+--------------------+-------------+-------------------+--------------------+-------+--------+
|        1|       5|     Changed mind|     approved|2025-06-08 19:23:...|       279.85|2024-01-25 13:30:00|2025-06-08 19:23:...|     us|postgres|
|        2|      10|Product defective|   processing|2025-06-08 19:23:...|        49.36|               NULL|2025-06-08 19:23:...|     us|postgres|
|        1|       5|     Changed mind|     approved|2025-06-08 19:23:...|       279.85|2024-01-25 13:30:00|2025-06-08 19:23:...|     us|postgres|
|        2|      10|Product defective|   processing|2025-06-08 19:23:...|        49.36|               NULL|2025-06-08 19:23:...|     us|postgres|
+---------+--------+-----------------+-------------+--------------------+-------------+-------------------+--------------------+-------+--------+
[2025-06-09T07:27:27.966+0000] {logging_mixin.py:188} INFO - Successfully processed 4 records for returns in us
[2025-06-09T07:27:28.657+0000] {python.py:201} INFO - Done. Returned value was: {'region': 'us', 'table': 'returns', 'record_count': 4, 'status': 'success'}
[2025-06-09T07:27:28.772+0000] {taskinstance.py:1138} INFO - Marking task as SUCCESS. dag_id=multi_region_processor_7, task_id=process_region_us.process_returns_us, execution_date=20250609T072336, start_date=20250609T072653, end_date=20250609T072728
[2025-06-09T07:27:28.877+0000] {local_task_job_runner.py:234} INFO - Task exited with return code 0
[2025-06-09T07:27:29.010+0000] {taskinstance.py:3280} INFO - 0 downstream tasks scheduled from follow-on schedule check
