[2025-06-11T10:38:44.262+0000] {taskinstance.py:1956} INFO - Dependencies all met for dep_context=non-requeueable deps ti=<TaskInstance: master_etl_dag_v2.transform_to_staging scheduled__2025-06-10T02:00:00+00:00 [queued]>
[2025-06-11T10:38:44.290+0000] {taskinstance.py:1956} INFO - Dependencies all met for dep_context=requeueable deps ti=<TaskInstance: master_etl_dag_v2.transform_to_staging scheduled__2025-06-10T02:00:00+00:00 [queued]>
[2025-06-11T10:38:44.291+0000] {taskinstance.py:2170} INFO - Starting attempt 1 of 2
[2025-06-11T10:38:44.334+0000] {taskinstance.py:2191} INFO - Executing <Task(TriggerDagRunOperator): transform_to_staging> on 2025-06-10 02:00:00+00:00
[2025-06-11T10:38:44.347+0000] {standard_task_runner.py:60} INFO - Started process 25239 to run task
[2025-06-11T10:38:44.362+0000] {standard_task_runner.py:87} INFO - Running: ['airflow', 'tasks', 'run', 'master_etl_dag_v2', 'transform_to_staging', 'scheduled__2025-06-10T02:00:00+00:00', '--job-id', '1587', '--raw', '--subdir', 'DAGS_FOLDER/dwh/etl_pipeline.py', '--cfg-path', '/tmp/tmp80_3x2f7']
[2025-06-11T10:38:44.370+0000] {standard_task_runner.py:88} INFO - Job 1587: Subtask transform_to_staging
[2025-06-11T10:38:44.427+0000] {logging_mixin.py:188} WARNING - /home/airflow/.local/lib/python3.10/site-packages/airflow/settings.py:194 DeprecationWarning: The sql_alchemy_conn option in [core] has been moved to the sql_alchemy_conn option in [database] - the old setting has been used, but please update your config.
[2025-06-11T10:38:44.553+0000] {task_command.py:423} INFO - Running <TaskInstance: master_etl_dag_v2.transform_to_staging scheduled__2025-06-10T02:00:00+00:00 [running]> on host 0290689661db
[2025-06-11T10:38:44.876+0000] {taskinstance.py:2480} INFO - Exporting env vars: AIRFLOW_CTX_DAG_OWNER='data_team' AIRFLOW_CTX_DAG_ID='master_etl_dag_v2' AIRFLOW_CTX_TASK_ID='transform_to_staging' AIRFLOW_CTX_EXECUTION_DATE='2025-06-10T02:00:00+00:00' AIRFLOW_CTX_TRY_NUMBER='1' AIRFLOW_CTX_DAG_RUN_ID='scheduled__2025-06-10T02:00:00+00:00'
[2025-06-11T10:38:45.400+0000] {trigger_dagrun.py:210} INFO - Waiting for multi_region_to_snowflake on 2025-06-11 10:38:44.877649+00:00 to become allowed state ['success'] ...
[2025-06-11T10:39:45.448+0000] {trigger_dagrun.py:210} INFO - Waiting for multi_region_to_snowflake on 2025-06-11 10:38:44.877649+00:00 to become allowed state ['success'] ...
[2025-06-11T10:40:45.519+0000] {trigger_dagrun.py:210} INFO - Waiting for multi_region_to_snowflake on 2025-06-11 10:38:44.877649+00:00 to become allowed state ['success'] ...
[2025-06-11T10:41:45.559+0000] {trigger_dagrun.py:210} INFO - Waiting for multi_region_to_snowflake on 2025-06-11 10:38:44.877649+00:00 to become allowed state ['success'] ...
[2025-06-11T10:42:45.631+0000] {trigger_dagrun.py:210} INFO - Waiting for multi_region_to_snowflake on 2025-06-11 10:38:44.877649+00:00 to become allowed state ['success'] ...
[2025-06-11T10:43:45.699+0000] {trigger_dagrun.py:210} INFO - Waiting for multi_region_to_snowflake on 2025-06-11 10:38:44.877649+00:00 to become allowed state ['success'] ...
[2025-06-11T10:44:45.767+0000] {trigger_dagrun.py:210} INFO - Waiting for multi_region_to_snowflake on 2025-06-11 10:38:44.877649+00:00 to become allowed state ['success'] ...
[2025-06-11T10:45:45.845+0000] {trigger_dagrun.py:210} INFO - Waiting for multi_region_to_snowflake on 2025-06-11 10:38:44.877649+00:00 to become allowed state ['success'] ...
[2025-06-11T10:46:45.870+0000] {trigger_dagrun.py:210} INFO - Waiting for multi_region_to_snowflake on 2025-06-11 10:38:44.877649+00:00 to become allowed state ['success'] ...
[2025-06-11T10:47:45.983+0000] {trigger_dagrun.py:210} INFO - Waiting for multi_region_to_snowflake on 2025-06-11 10:38:44.877649+00:00 to become allowed state ['success'] ...
[2025-06-11T10:48:46.128+0000] {trigger_dagrun.py:210} INFO - Waiting for multi_region_to_snowflake on 2025-06-11 10:38:44.877649+00:00 to become allowed state ['success'] ...
[2025-06-11T10:49:46.218+0000] {trigger_dagrun.py:210} INFO - Waiting for multi_region_to_snowflake on 2025-06-11 10:38:44.877649+00:00 to become allowed state ['success'] ...
[2025-06-11T10:50:46.282+0000] {trigger_dagrun.py:210} INFO - Waiting for multi_region_to_snowflake on 2025-06-11 10:38:44.877649+00:00 to become allowed state ['success'] ...
[2025-06-11T10:51:46.355+0000] {trigger_dagrun.py:210} INFO - Waiting for multi_region_to_snowflake on 2025-06-11 10:38:44.877649+00:00 to become allowed state ['success'] ...
[2025-06-11T10:52:46.438+0000] {trigger_dagrun.py:210} INFO - Waiting for multi_region_to_snowflake on 2025-06-11 10:38:44.877649+00:00 to become allowed state ['success'] ...
[2025-06-11T10:53:46.516+0000] {trigger_dagrun.py:210} INFO - Waiting for multi_region_to_snowflake on 2025-06-11 10:38:44.877649+00:00 to become allowed state ['success'] ...
[2025-06-11T10:54:46.593+0000] {trigger_dagrun.py:210} INFO - Waiting for multi_region_to_snowflake on 2025-06-11 10:38:44.877649+00:00 to become allowed state ['success'] ...
[2025-06-11T10:55:46.612+0000] {trigger_dagrun.py:210} INFO - Waiting for multi_region_to_snowflake on 2025-06-11 10:38:44.877649+00:00 to become allowed state ['success'] ...
[2025-06-11T10:56:46.683+0000] {trigger_dagrun.py:210} INFO - Waiting for multi_region_to_snowflake on 2025-06-11 10:38:44.877649+00:00 to become allowed state ['success'] ...
[2025-06-11T10:57:46.760+0000] {trigger_dagrun.py:210} INFO - Waiting for multi_region_to_snowflake on 2025-06-11 10:38:44.877649+00:00 to become allowed state ['success'] ...
[2025-06-11T10:58:46.857+0000] {trigger_dagrun.py:210} INFO - Waiting for multi_region_to_snowflake on 2025-06-11 10:38:44.877649+00:00 to become allowed state ['success'] ...
[2025-06-11T10:59:46.949+0000] {trigger_dagrun.py:210} INFO - Waiting for multi_region_to_snowflake on 2025-06-11 10:38:44.877649+00:00 to become allowed state ['success'] ...
[2025-06-11T11:00:47.019+0000] {trigger_dagrun.py:210} INFO - Waiting for multi_region_to_snowflake on 2025-06-11 10:38:44.877649+00:00 to become allowed state ['success'] ...
[2025-06-11T11:01:47.033+0000] {trigger_dagrun.py:210} INFO - Waiting for multi_region_to_snowflake on 2025-06-11 10:38:44.877649+00:00 to become allowed state ['success'] ...
[2025-06-11T11:02:47.081+0000] {trigger_dagrun.py:210} INFO - Waiting for multi_region_to_snowflake on 2025-06-11 10:38:44.877649+00:00 to become allowed state ['success'] ...
[2025-06-11T11:03:47.147+0000] {trigger_dagrun.py:210} INFO - Waiting for multi_region_to_snowflake on 2025-06-11 10:38:44.877649+00:00 to become allowed state ['success'] ...
[2025-06-11T11:04:47.223+0000] {trigger_dagrun.py:210} INFO - Waiting for multi_region_to_snowflake on 2025-06-11 10:38:44.877649+00:00 to become allowed state ['success'] ...
[2025-06-11T11:05:47.293+0000] {trigger_dagrun.py:210} INFO - Waiting for multi_region_to_snowflake on 2025-06-11 10:38:44.877649+00:00 to become allowed state ['success'] ...
[2025-06-11T11:06:47.371+0000] {trigger_dagrun.py:210} INFO - Waiting for multi_region_to_snowflake on 2025-06-11 10:38:44.877649+00:00 to become allowed state ['success'] ...
[2025-06-11T11:07:47.441+0000] {trigger_dagrun.py:210} INFO - Waiting for multi_region_to_snowflake on 2025-06-11 10:38:44.877649+00:00 to become allowed state ['success'] ...
[2025-06-11T11:08:47.514+0000] {trigger_dagrun.py:210} INFO - Waiting for multi_region_to_snowflake on 2025-06-11 10:38:44.877649+00:00 to become allowed state ['success'] ...
[2025-06-11T11:09:47.574+0000] {trigger_dagrun.py:210} INFO - Waiting for multi_region_to_snowflake on 2025-06-11 10:38:44.877649+00:00 to become allowed state ['success'] ...
[2025-06-11T11:10:47.642+0000] {trigger_dagrun.py:210} INFO - Waiting for multi_region_to_snowflake on 2025-06-11 10:38:44.877649+00:00 to become allowed state ['success'] ...
[2025-06-11T11:11:47.714+0000] {trigger_dagrun.py:210} INFO - Waiting for multi_region_to_snowflake on 2025-06-11 10:38:44.877649+00:00 to become allowed state ['success'] ...
[2025-06-11T11:12:47.759+0000] {trigger_dagrun.py:210} INFO - Waiting for multi_region_to_snowflake on 2025-06-11 10:38:44.877649+00:00 to become allowed state ['success'] ...
[2025-06-11T11:13:47.831+0000] {trigger_dagrun.py:210} INFO - Waiting for multi_region_to_snowflake on 2025-06-11 10:38:44.877649+00:00 to become allowed state ['success'] ...
[2025-06-11T11:14:47.904+0000] {trigger_dagrun.py:210} INFO - Waiting for multi_region_to_snowflake on 2025-06-11 10:38:44.877649+00:00 to become allowed state ['success'] ...
[2025-06-11T11:15:47.990+0000] {trigger_dagrun.py:210} INFO - Waiting for multi_region_to_snowflake on 2025-06-11 10:38:44.877649+00:00 to become allowed state ['success'] ...
[2025-06-11T11:16:48.066+0000] {trigger_dagrun.py:210} INFO - Waiting for multi_region_to_snowflake on 2025-06-11 10:38:44.877649+00:00 to become allowed state ['success'] ...
[2025-06-11T11:17:48.144+0000] {trigger_dagrun.py:210} INFO - Waiting for multi_region_to_snowflake on 2025-06-11 10:38:44.877649+00:00 to become allowed state ['success'] ...
[2025-06-11T11:18:48.222+0000] {trigger_dagrun.py:210} INFO - Waiting for multi_region_to_snowflake on 2025-06-11 10:38:44.877649+00:00 to become allowed state ['success'] ...
[2025-06-11T11:19:37.442+0000] {local_task_job_runner.py:121} ERROR - Received SIGTERM. Terminating subprocesses
[2025-06-11T11:19:37.740+0000] {process_utils.py:131} INFO - Sending 15 to group 25239. PIDs of all processes in the group: [25239]
[2025-06-11T11:19:37.754+0000] {process_utils.py:86} INFO - Sending the signal 15 to group 25239
[2025-06-11T11:19:37.777+0000] {taskinstance.py:2450} ERROR - Received SIGTERM. Terminating subprocesses.
[2025-06-11T11:19:38.276+0000] {taskinstance.py:2698} ERROR - Task failed with exception
Traceback (most recent call last):
  File "/home/airflow/.local/lib/python3.10/site-packages/airflow/models/taskinstance.py", line 433, in _execute_task
    result = execute_callable(context=context, **execute_callable_kwargs)
  File "/home/airflow/.local/lib/python3.10/site-packages/airflow/operators/trigger_dagrun.py", line 216, in execute
    time.sleep(self.poke_interval)
  File "/home/airflow/.local/lib/python3.10/site-packages/airflow/models/taskinstance.py", line 2452, in signal_handler
    raise AirflowException("Task received SIGTERM signal")
airflow.exceptions.AirflowException: Task received SIGTERM signal
[2025-06-11T11:19:38.380+0000] {taskinstance.py:1138} INFO - Marking task as UP_FOR_RETRY. dag_id=master_etl_dag_v2, task_id=transform_to_staging, execution_date=20250610T020000, start_date=20250611T103844, end_date=20250611T111938
[2025-06-11T11:19:38.881+0000] {standard_task_runner.py:107} ERROR - Failed to execute job 1587 for task transform_to_staging (Task received SIGTERM signal; 25239)
[2025-06-11T11:19:38.944+0000] {process_utils.py:79} INFO - Process psutil.Process(pid=25239, status='terminated', exitcode=1, started='10:38:44') (25239) terminated with exit code 1
[2025-06-11T11:19:38.953+0000] {local_task_job_runner.py:234} INFO - Task exited with return code 143
[2025-06-11T11:19:39.259+0000] {taskinstance.py:3280} INFO - 0 downstream tasks scheduled from follow-on schedule check
[2025-06-11T11:19:40.319+0000] {local_task_job_runner.py:121} ERROR - Received SIGTERM. Terminating subprocesses
[2025-06-11T11:19:40.319+0000] {local_task_job_runner.py:234} INFO - Task exited with return code 143
