[2025-06-11T18:25:31.177+0000] {taskinstance.py:1956} INFO - Dependencies all met for dep_context=non-requeueable deps ti=<TaskInstance: multi_region_transform_staging_v2.process_region_asia.process_inventory_asia manual__2025-06-11T18:20:09.445349+00:00 [queued]>
[2025-06-11T18:25:31.216+0000] {taskinstance.py:1956} INFO - Dependencies all met for dep_context=requeueable deps ti=<TaskInstance: multi_region_transform_staging_v2.process_region_asia.process_inventory_asia manual__2025-06-11T18:20:09.445349+00:00 [queued]>
[2025-06-11T18:25:31.218+0000] {taskinstance.py:2170} INFO - Starting attempt 1 of 2
[2025-06-11T18:25:31.258+0000] {taskinstance.py:2191} INFO - Executing <Task(_PythonDecoratedOperator): process_region_asia.process_inventory_asia> on 2025-06-11 18:20:09.445349+00:00
[2025-06-11T18:25:31.274+0000] {standard_task_runner.py:60} INFO - Started process 11912 to run task
[2025-06-11T18:25:31.280+0000] {standard_task_runner.py:87} INFO - Running: ['airflow', 'tasks', 'run', 'multi_region_transform_staging_v2', 'process_region_asia.process_inventory_asia', 'manual__2025-06-11T18:20:09.445349+00:00', '--job-id', '642', '--raw', '--subdir', 'DAGS_FOLDER/master_dag.py', '--cfg-path', '/tmp/tmp3do31cjz']
[2025-06-11T18:25:31.284+0000] {standard_task_runner.py:88} INFO - Job 642: Subtask process_region_asia.process_inventory_asia
[2025-06-11T18:25:31.433+0000] {task_command.py:423} INFO - Running <TaskInstance: multi_region_transform_staging_v2.process_region_asia.process_inventory_asia manual__2025-06-11T18:20:09.445349+00:00 [running]> on host 5950010ae7c1
[2025-06-11T18:25:31.721+0000] {taskinstance.py:2480} INFO - Exporting env vars: AIRFLOW_CTX_DAG_OWNER='data-team' AIRFLOW_CTX_DAG_ID='multi_region_transform_staging_v2' AIRFLOW_CTX_TASK_ID='process_region_asia.process_inventory_asia' AIRFLOW_CTX_EXECUTION_DATE='2025-06-11T18:20:09.445349+00:00' AIRFLOW_CTX_TRY_NUMBER='1' AIRFLOW_CTX_DAG_RUN_ID='manual__2025-06-11T18:20:09.445349+00:00'
[2025-06-11T18:25:44.613+0000] {logging_mixin.py:188} INFO - Debugggg::::Vector(spark://5950010ae7c1:41965/jars/snowflake-jdbc-3.13.17.jar, spark://5950010ae7c1:41965/jars/spark-snowflake_2.12-2.16.0-spark_3.2.jar)
[2025-06-11T18:25:44.619+0000] {logging_mixin.py:188} INFO - Processing inventory for region asia
[2025-06-11T18:25:44.676+0000] {logging_mixin.py:188} INFO - /opt/airflow/data/raw/region=asia/table=inventory/load_date=2025-06-11
[2025-06-11T18:26:12.006+0000] {logging_mixin.py:188} INFO - STAGING_ASIA
[2025-06-11T18:26:13.808+0000] {logging_mixin.py:188} INFO - +------------+----------+------------------+------------------+-----------------+-------------+-------------------+-------------------+-------+--------+
|inventory_id|variant_id|warehouse_location|quantity_available|quantity_reserved|reorder_level|  last_restocked_at|         updated_at|_region| _source|
+------------+----------+------------------+------------------+-----------------+-------------+-------------------+-------------------+-------+--------+
|           1|         1|          TOKYO-01|               120|               25|           40|2024-02-22 08:30:15|2024-02-22 08:30:15|   asia|postgres|
|           2|         2|          TOKYO-01|                80|               15|           30|2024-02-23 00:00:00|2024-02-23 00:00:00|   asia|postgres|
|           3|         3|          OSAKA-02|                60|               10|           20|2024-02-24 00:00:00|2024-02-24 00:00:00|   asia|postgres|
|           5|         5|         NAGOYA-03|               140|               25|           45|2024-02-26 00:00:00|2024-02-26 00:00:00|   asia|postgres|
|           6|         6|          TOKYO-01|                90|               18|           35|2024-02-27 11:45:40|2024-02-27 11:45:40|   asia|postgres|
|           7|         7|        FUKUOKA-04|                70|               12|           25|2024-02-28 00:00:00|2024-02-28 00:00:00|   asia|postgres|
|           8|         8|          OSAKA-02|               250|               45|           75|2024-02-29 00:00:00|2024-02-29 00:00:00|   asia|postgres|
|          10|        10|         NAGOYA-03|               210|               40|           65|2024-02-03 00:00:00|2024-02-03 00:00:00|   asia|postgres|
|          11|        11|        FUKUOKA-04|               100|               20|           35|2024-03-03 12:50:35|2024-03-03 12:50:35|   asia|postgres|
|          12|        12|          OSAKA-02|               120|               25|           40|2024-03-04 00:00:00|2024-03-04 00:00:00|   asia|postgres|
+------------+----------+------------------+------------------+-----------------+-------------+-------------------+-------------------+-------+--------+
only showing top 10 rows
[2025-06-11T18:26:13.809+0000] {logging_mixin.py:188} INFO - Inserting into snowflake
[2025-06-11T18:26:22.206+0000] {logging_mixin.py:188} INFO - successfully inserted in snowflake
[2025-06-11T18:26:22.234+0000] {crypto.py:82} WARNING - empty cryptography key - values will not be stored encrypted.
[2025-06-11T18:26:22.745+0000] {logging_mixin.py:188} INFO - Successfully processed 18 records for inventory in asia
[2025-06-11T18:26:25.203+0000] {python.py:201} INFO - Done. Returned value was: {'region': 'asia', 'table': 'inventory', 'record_count': 18, 'status': 'success'}
[2025-06-11T18:26:25.295+0000] {taskinstance.py:1138} INFO - Marking task as SUCCESS. dag_id=multi_region_transform_staging_v2, task_id=process_region_asia.process_inventory_asia, execution_date=20250611T182009, start_date=20250611T182531, end_date=20250611T182625
[2025-06-11T18:26:25.361+0000] {local_task_job_runner.py:234} INFO - Task exited with return code 0
[2025-06-11T18:26:25.474+0000] {taskinstance.py:3280} INFO - 0 downstream tasks scheduled from follow-on schedule check
