[2025-06-04T20:07:50.412+0000] {taskinstance.py:1956} INFO - Dependencies all met for dep_context=non-requeueable deps ti=<TaskInstance: extract_postgres_table_to_parquet.run_extraction manual__2025-06-04T20:07:49.091180+00:00 [queued]>
[2025-06-04T20:07:50.420+0000] {taskinstance.py:1956} INFO - Dependencies all met for dep_context=requeueable deps ti=<TaskInstance: extract_postgres_table_to_parquet.run_extraction manual__2025-06-04T20:07:49.091180+00:00 [queued]>
[2025-06-04T20:07:50.420+0000] {taskinstance.py:2170} INFO - Starting attempt 1 of 1
[2025-06-04T20:07:50.430+0000] {taskinstance.py:2191} INFO - Executing <Task(_PythonDecoratedOperator): run_extraction> on 2025-06-04 20:07:49.091180+00:00
[2025-06-04T20:07:50.435+0000] {standard_task_runner.py:60} INFO - Started process 5371 to run task
[2025-06-04T20:07:50.437+0000] {standard_task_runner.py:87} INFO - Running: ['airflow', 'tasks', 'run', 'extract_postgres_table_to_parquet', 'run_extraction', 'manual__2025-06-04T20:07:49.091180+00:00', '--job-id', '64', '--raw', '--subdir', 'DAGS_FOLDER/asia/landing.py', '--cfg-path', '/tmp/tmpqxd4mqlw']
[2025-06-04T20:07:50.438+0000] {standard_task_runner.py:88} INFO - Job 64: Subtask run_extraction
[2025-06-04T20:07:50.487+0000] {task_command.py:423} INFO - Running <TaskInstance: extract_postgres_table_to_parquet.run_extraction manual__2025-06-04T20:07:49.091180+00:00 [running]> on host d21a88c59131
[2025-06-04T20:07:50.580+0000] {taskinstance.py:2480} INFO - Exporting env vars: AIRFLOW_CTX_DAG_OWNER='airflow' AIRFLOW_CTX_DAG_ID='extract_postgres_table_to_parquet' AIRFLOW_CTX_TASK_ID='run_extraction' AIRFLOW_CTX_EXECUTION_DATE='2025-06-04T20:07:49.091180+00:00' AIRFLOW_CTX_TRY_NUMBER='1' AIRFLOW_CTX_DAG_RUN_ID='manual__2025-06-04T20:07:49.091180+00:00'
[2025-06-04T20:07:50.580+0000] {logging_mixin.py:188} INFO - Starting extraction for table: customers in region: asia
[2025-06-04T20:07:50.581+0000] {taskinstance.py:2698} ERROR - Task failed with exception
Traceback (most recent call last):
  File "/home/airflow/.local/lib/python3.10/site-packages/airflow/models/taskinstance.py", line 433, in _execute_task
    result = execute_callable(context=context, **execute_callable_kwargs)
  File "/home/airflow/.local/lib/python3.10/site-packages/airflow/decorators/base.py", line 241, in execute
    return_value = super().execute(context)
  File "/home/airflow/.local/lib/python3.10/site-packages/airflow/operators/python.py", line 199, in execute
    return_value = self.execute_callable()
  File "/home/airflow/.local/lib/python3.10/site-packages/airflow/operators/python.py", line 216, in execute_callable
    return self.python_callable(*self.op_args, **self.op_kwargs)
  File "/opt/airflow/dags/asia/landing.py", line 29, in run_extraction
    extract_postgres_table(
  File "/opt/airflow/dags/asia/../../scripts/pyspark_jobs/extract_to_parquet.py", line 13, in extract_postgres_table
    last_extracted_parquet_timestamp = Variable.get(var_key)
NameError: name 'Variable' is not defined
[2025-06-04T20:07:50.596+0000] {taskinstance.py:1138} INFO - Marking task as FAILED. dag_id=extract_postgres_table_to_parquet, task_id=run_extraction, execution_date=20250604T200749, start_date=20250604T200750, end_date=20250604T200750
[2025-06-04T20:07:50.608+0000] {standard_task_runner.py:107} ERROR - Failed to execute job 64 for task run_extraction (name 'Variable' is not defined; 5371)
[2025-06-04T20:07:50.650+0000] {local_task_job_runner.py:234} INFO - Task exited with return code 1
[2025-06-04T20:07:50.683+0000] {taskinstance.py:3280} INFO - 0 downstream tasks scheduled from follow-on schedule check
