[2025-06-11T16:03:42.657+0000] {taskinstance.py:1956} INFO - Dependencies all met for dep_context=non-requeueable deps ti=<TaskInstance: multi_region_transform_staging_v2.process_region_asia.process_customers_asia manual__2025-06-11T15:56:28.438220+00:00 [queued]>
[2025-06-11T16:03:42.676+0000] {taskinstance.py:1956} INFO - Dependencies all met for dep_context=requeueable deps ti=<TaskInstance: multi_region_transform_staging_v2.process_region_asia.process_customers_asia manual__2025-06-11T15:56:28.438220+00:00 [queued]>
[2025-06-11T16:03:42.677+0000] {taskinstance.py:2170} INFO - Starting attempt 2 of 2
[2025-06-11T16:03:42.696+0000] {taskinstance.py:2191} INFO - Executing <Task(_PythonDecoratedOperator): process_region_asia.process_customers_asia> on 2025-06-11 15:56:28.438220+00:00
[2025-06-11T16:03:42.707+0000] {standard_task_runner.py:60} INFO - Started process 16408 to run task
[2025-06-11T16:03:42.712+0000] {standard_task_runner.py:87} INFO - Running: ['airflow', 'tasks', 'run', 'multi_region_transform_staging_v2', 'process_region_asia.process_customers_asia', 'manual__2025-06-11T15:56:28.438220+00:00', '--job-id', '158', '--raw', '--subdir', 'DAGS_FOLDER/master_dag.py', '--cfg-path', '/tmp/tmpqceljm09']
[2025-06-11T16:03:42.715+0000] {standard_task_runner.py:88} INFO - Job 158: Subtask process_region_asia.process_customers_asia
[2025-06-11T16:03:42.810+0000] {task_command.py:423} INFO - Running <TaskInstance: multi_region_transform_staging_v2.process_region_asia.process_customers_asia manual__2025-06-11T15:56:28.438220+00:00 [running]> on host 5950010ae7c1
[2025-06-11T16:03:42.973+0000] {taskinstance.py:2480} INFO - Exporting env vars: AIRFLOW_CTX_DAG_OWNER='data-team' AIRFLOW_CTX_DAG_ID='multi_region_transform_staging_v2' AIRFLOW_CTX_TASK_ID='process_region_asia.process_customers_asia' AIRFLOW_CTX_EXECUTION_DATE='2025-06-11T15:56:28.438220+00:00' AIRFLOW_CTX_TRY_NUMBER='2' AIRFLOW_CTX_DAG_RUN_ID='manual__2025-06-11T15:56:28.438220+00:00'
[2025-06-11T16:04:03.114+0000] {logging_mixin.py:188} INFO - Debugggg::::Vector(spark://5950010ae7c1:35285/jars/spark-snowflake_2.12-2.16.0-spark_3.2.jar, spark://5950010ae7c1:35285/jars/snowflake-jdbc-3.13.17.jar)
[2025-06-11T16:04:03.127+0000] {logging_mixin.py:188} INFO - Processing customers for region asia
[2025-06-11T16:04:03.181+0000] {logging_mixin.py:188} INFO - /opt/airflow/data/raw/region=asia/table=customers/load_date=2025-06-11
[2025-06-11T16:04:03.260+0000] {local_task_job_runner.py:302} WARNING - State of this instance has been externally set to failed. Terminating instance.
[2025-06-11T16:04:03.287+0000] {process_utils.py:131} INFO - Sending 15 to group 16408. PIDs of all processes in the group: [16410, 16408]
[2025-06-11T16:04:03.288+0000] {process_utils.py:86} INFO - Sending the signal 15 to group 16408
[2025-06-11T16:04:03.290+0000] {taskinstance.py:2450} ERROR - Received SIGTERM. Terminating subprocesses.
[2025-06-11T16:04:03.291+0000] {clientserver.py:538} INFO - Error while receiving.
Traceback (most recent call last):
  File "/home/airflow/.local/lib/python3.10/site-packages/py4j/clientserver.py", line 511, in send_command
    answer = smart_decode(self.stream.readline()[:-1])
  File "/usr/local/lib/python3.10/socket.py", line 705, in readinto
    return self._sock.recv_into(b)
  File "/home/airflow/.local/lib/python3.10/site-packages/airflow/models/taskinstance.py", line 2452, in signal_handler
    raise AirflowException("Task received SIGTERM signal")
airflow.exceptions.AirflowException: Task received SIGTERM signal
[2025-06-11T16:04:03.302+0000] {clientserver.py:543} INFO - Closing down clientserver connection
[2025-06-11T16:04:03.304+0000] {java_gateway.py:1055} ERROR - Exception while sending command.
Traceback (most recent call last):
  File "/home/airflow/.local/lib/python3.10/site-packages/py4j/clientserver.py", line 511, in send_command
    answer = smart_decode(self.stream.readline()[:-1])
  File "/usr/local/lib/python3.10/socket.py", line 705, in readinto
    return self._sock.recv_into(b)
  File "/home/airflow/.local/lib/python3.10/site-packages/airflow/models/taskinstance.py", line 2452, in signal_handler
    raise AirflowException("Task received SIGTERM signal")
airflow.exceptions.AirflowException: Task received SIGTERM signal

During handling of the above exception, another exception occurred:

Traceback (most recent call last):
  File "/home/airflow/.local/lib/python3.10/site-packages/py4j/java_gateway.py", line 1038, in send_command
    response = connection.send_command(command)
  File "/home/airflow/.local/lib/python3.10/site-packages/py4j/clientserver.py", line 539, in send_command
    raise Py4JNetworkError(
py4j.protocol.Py4JNetworkError: Error while sending or receiving
[2025-06-11T16:04:03.312+0000] {clientserver.py:543} INFO - Closing down clientserver connection
[2025-06-11T16:04:03.315+0000] {logging_mixin.py:188} INFO - Error processing customers for asia: An error occurred while calling o37.read
[2025-06-11T16:04:03.723+0000] {taskinstance.py:2698} ERROR - Task failed with exception
Traceback (most recent call last):
  File "/home/airflow/.local/lib/python3.10/site-packages/airflow/models/taskinstance.py", line 433, in _execute_task
    result = execute_callable(context=context, **execute_callable_kwargs)
  File "/home/airflow/.local/lib/python3.10/site-packages/airflow/decorators/base.py", line 241, in execute
    return_value = super().execute(context)
  File "/home/airflow/.local/lib/python3.10/site-packages/airflow/operators/python.py", line 199, in execute
    return_value = self.execute_callable()
  File "/home/airflow/.local/lib/python3.10/site-packages/airflow/operators/python.py", line 216, in execute_callable
    return self.python_callable(*self.op_args, **self.op_kwargs)
  File "/opt/airflow/dags/master_dag.py", line 226, in process_table
    df_raw = spark.read.parquet(input_path_parquet)
  File "/home/airflow/.local/lib/python3.10/site-packages/pyspark/sql/session.py", line 1706, in read
    return DataFrameReader(self)
  File "/home/airflow/.local/lib/python3.10/site-packages/pyspark/sql/readwriter.py", line 70, in __init__
    self._jreader = spark._jsparkSession.read()
  File "/home/airflow/.local/lib/python3.10/site-packages/py4j/java_gateway.py", line 1322, in __call__
    return_value = get_return_value(
  File "/home/airflow/.local/lib/python3.10/site-packages/pyspark/errors/exceptions/captured.py", line 179, in deco
    return f(*a, **kw)
  File "/home/airflow/.local/lib/python3.10/site-packages/py4j/protocol.py", line 334, in get_return_value
    raise Py4JError(
py4j.protocol.Py4JError: An error occurred while calling o37.read
[2025-06-11T16:04:03.773+0000] {taskinstance.py:1138} INFO - Marking task as FAILED. dag_id=multi_region_transform_staging_v2, task_id=process_region_asia.process_customers_asia, execution_date=20250611T155628, start_date=20250611T160342, end_date=20250611T160403
[2025-06-11T16:04:03.817+0000] {standard_task_runner.py:107} ERROR - Failed to execute job 158 for task process_region_asia.process_customers_asia (An error occurred while calling o37.read; 16408)
[2025-06-11T16:04:04.293+0000] {process_utils.py:79} INFO - Process psutil.Process(pid=16408, status='terminated', exitcode=1, started='16:03:42') (16408) terminated with exit code 1
[2025-06-11T16:04:04.598+0000] {process_utils.py:79} INFO - Process psutil.Process(pid=16410, status='terminated', started='16:03:42') (16410) terminated with exit code None
