[2025-06-09T06:50:16.171+0000] {taskinstance.py:1956} INFO - Dependencies all met for dep_context=non-requeueable deps ti=<TaskInstance: transform_categories.run_transformation_asia manual__2025-06-09T06:50:14.509197+00:00 [queued]>
[2025-06-09T06:50:16.198+0000] {taskinstance.py:1956} INFO - Dependencies all met for dep_context=requeueable deps ti=<TaskInstance: transform_categories.run_transformation_asia manual__2025-06-09T06:50:14.509197+00:00 [queued]>
[2025-06-09T06:50:16.199+0000] {taskinstance.py:2170} INFO - Starting attempt 1 of 1
[2025-06-09T06:50:16.231+0000] {taskinstance.py:2191} INFO - Executing <Task(_PythonDecoratedOperator): run_transformation_asia> on 2025-06-09 06:50:14.509197+00:00
[2025-06-09T06:50:16.242+0000] {standard_task_runner.py:60} INFO - Started process 28766 to run task
[2025-06-09T06:50:16.248+0000] {standard_task_runner.py:87} INFO - Running: ['airflow', 'tasks', 'run', 'transform_categories', 'run_transformation_asia', 'manual__2025-06-09T06:50:14.509197+00:00', '--job-id', '16', '--raw', '--subdir', 'DAGS_FOLDER/staging/categories_to_staging.py', '--cfg-path', '/tmp/tmprql9grpy']
[2025-06-09T06:50:16.252+0000] {standard_task_runner.py:88} INFO - Job 16: Subtask run_transformation_asia
[2025-06-09T06:50:16.297+0000] {logging_mixin.py:188} WARNING - /home/airflow/.local/lib/python3.10/site-packages/airflow/settings.py:194 DeprecationWarning: The sql_alchemy_conn option in [core] has been moved to the sql_alchemy_conn option in [database] - the old setting has been used, but please update your config.
[2025-06-09T06:50:16.409+0000] {task_command.py:423} INFO - Running <TaskInstance: transform_categories.run_transformation_asia manual__2025-06-09T06:50:14.509197+00:00 [running]> on host afcdbcf38bc0
[2025-06-09T06:50:16.653+0000] {taskinstance.py:2480} INFO - Exporting env vars: AIRFLOW_CTX_DAG_OWNER='airflow' AIRFLOW_CTX_DAG_ID='transform_categories' AIRFLOW_CTX_TASK_ID='run_transformation_asia' AIRFLOW_CTX_EXECUTION_DATE='2025-06-09T06:50:14.509197+00:00' AIRFLOW_CTX_TRY_NUMBER='1' AIRFLOW_CTX_DAG_RUN_ID='manual__2025-06-09T06:50:14.509197+00:00'
[2025-06-09T06:50:16.655+0000] {logging_mixin.py:188} INFO - Starting transformation for table: categories in region: asia
[2025-06-09T06:50:26.299+0000] {logging_mixin.py:188} INFO - Reading data from: /opt/airflow/data/raw/region=asia/table=categories/load_date=2025-06-08/
[2025-06-09T06:50:38.094+0000] {logging_mixin.py:188} INFO - [INFO] Processing 30 records for asia
[2025-06-09T06:50:38.817+0000] {logging_mixin.py:188} INFO - Sample transformed data for asia:
[2025-06-09T06:50:43.537+0000] {logging_mixin.py:188} INFO - +-------------+--------------+------------------+------------------------+---------+-------------------+-------------------+-------+--------+
|categories_id|category_name |parent_category_id|category_path           |is_active|created_at         |updated_at         |_region|_source |
+-------------+--------------+------------------+------------------------+---------+-------------------+-------------------+-------+--------+
|1            |Electronics   |NULL              |/Electronics            |true     |2024-01-01 09:00:00|2025-06-08 19:23:06|asia   |postgres|
|2            |Smartphones   |1                 |/Electronics/Smartphones|true     |2024-01-02 00:00:00|2025-06-08 19:23:06|asia   |postgres|
|3            |Laptops       |1                 |/Electronics/Laptops    |true     |2024-03-01 00:00:00|2025-06-08 19:23:06|asia   |postgres|
|4            |Gaming Devices|1                 |/Electronics/Gaming     |true     |NULL               |2025-06-08 19:23:06|asia   |postgres|
|5            |Clothing      |NULL              |/Clothing               |true     |2024-05-01 00:00:00|2025-06-08 19:23:06|asia   |postgres|
+-------------+--------------+------------------+------------------------+---------+-------------------+-------------------+-------+--------+
only showing top 5 rows
[2025-06-09T06:50:43.538+0000] {logging_mixin.py:188} INFO - Writing transformed data to: /opt/airflow/data/staging/categories/region=asia/load_date=2025-06-08/
[2025-06-09T06:50:45.738+0000] {logging_mixin.py:188} INFO - Successfully transformed 30 records for asia
[2025-06-09T06:50:46.003+0000] {logging_mixin.py:188} INFO - Finished transformation for categories in region asia
[2025-06-09T06:50:46.004+0000] {python.py:201} INFO - Done. Returned value was: None
[2025-06-09T06:50:46.033+0000] {taskinstance.py:1138} INFO - Marking task as SUCCESS. dag_id=transform_categories, task_id=run_transformation_asia, execution_date=20250609T065014, start_date=20250609T065016, end_date=20250609T065046
[2025-06-09T06:50:46.084+0000] {local_task_job_runner.py:234} INFO - Task exited with return code 0
[2025-06-09T06:50:46.127+0000] {taskinstance.py:3280} INFO - 0 downstream tasks scheduled from follow-on schedule check
