[2025-06-09T18:31:59.547+0000] {taskinstance.py:1956} INFO - Dependencies all met for dep_context=non-requeueable deps ti=<TaskInstance: multi_region_ods_merge_v2.process_table__3 manual__2025-06-09T18:31:56.916422+00:00 [queued]>
[2025-06-09T18:31:59.566+0000] {taskinstance.py:1956} INFO - Dependencies all met for dep_context=requeueable deps ti=<TaskInstance: multi_region_ods_merge_v2.process_table__3 manual__2025-06-09T18:31:56.916422+00:00 [queued]>
[2025-06-09T18:31:59.567+0000] {taskinstance.py:2170} INFO - Starting attempt 1 of 2
[2025-06-09T18:31:59.612+0000] {taskinstance.py:2191} INFO - Executing <Task(_PythonDecoratedOperator): process_table__3> on 2025-06-09 18:31:56.916422+00:00
[2025-06-09T18:31:59.621+0000] {standard_task_runner.py:60} INFO - Started process 9825 to run task
[2025-06-09T18:31:59.650+0000] {standard_task_runner.py:87} INFO - Running: ['airflow', 'tasks', 'run', 'multi_region_ods_merge_v2', 'process_table__3', 'manual__2025-06-09T18:31:56.916422+00:00', '--job-id', '881', '--raw', '--subdir', 'DAGS_FOLDER/master_ods_dag.py', '--cfg-path', '/tmp/tmphzeur2k9']
[2025-06-09T18:31:59.652+0000] {standard_task_runner.py:88} INFO - Job 881: Subtask process_table__3
[2025-06-09T18:31:59.926+0000] {task_command.py:423} INFO - Running <TaskInstance: multi_region_ods_merge_v2.process_table__3 manual__2025-06-09T18:31:56.916422+00:00 [running]> on host 363551e04744
[2025-06-09T18:32:00.192+0000] {taskinstance.py:2480} INFO - Exporting env vars: AIRFLOW_CTX_DAG_OWNER='data-team' AIRFLOW_CTX_DAG_ID='multi_region_ods_merge_v2' AIRFLOW_CTX_TASK_ID='process_table__3' AIRFLOW_CTX_EXECUTION_DATE='2025-06-09T18:31:56.916422+00:00' AIRFLOW_CTX_TRY_NUMBER='1' AIRFLOW_CTX_DAG_RUN_ID='manual__2025-06-09T18:31:56.916422+00:00'
[2025-06-09T18:32:00.194+0000] {logging_mixin.py:188} INFO - Processing table categories for region eu in schema STAGING_EU
[2025-06-09T18:32:00.195+0000] {taskinstance.py:2698} ERROR - Task failed with exception
Traceback (most recent call last):
  File "/home/airflow/.local/lib/python3.10/site-packages/airflow/models/taskinstance.py", line 433, in _execute_task
    result = execute_callable(context=context, **execute_callable_kwargs)
  File "/home/airflow/.local/lib/python3.10/site-packages/airflow/decorators/base.py", line 241, in execute
    return_value = super().execute(context)
  File "/home/airflow/.local/lib/python3.10/site-packages/airflow/operators/python.py", line 199, in execute
    return_value = self.execute_callable()
  File "/home/airflow/.local/lib/python3.10/site-packages/airflow/operators/python.py", line 216, in execute_callable
    return self.python_callable(*self.op_args, **self.op_kwargs)
  File "/opt/airflow/dags/master_ods_dag.py", line 122, in process_table
    merge_sql = merge_func(region)
  File "/opt/airflow/scripts/ods_load/categories.py", line 115, in get_merge_query_cateogries
    raise ValueError(f"Unknown region: {region}")
ValueError: Unknown region: eu
[2025-06-09T18:32:00.211+0000] {taskinstance.py:1138} INFO - Marking task as UP_FOR_RETRY. dag_id=multi_region_ods_merge_v2, task_id=process_table__3, execution_date=20250609T183156, start_date=20250609T183159, end_date=20250609T183200
[2025-06-09T18:32:00.238+0000] {standard_task_runner.py:107} ERROR - Failed to execute job 881 for task process_table__3 (Unknown region: eu; 9825)
[2025-06-09T18:32:00.279+0000] {local_task_job_runner.py:234} INFO - Task exited with return code 1
[2025-06-09T18:32:00.316+0000] {taskinstance.py:3280} INFO - 0 downstream tasks scheduled from follow-on schedule check
