[2025-06-11T10:32:10.533+0000] {taskinstance.py:1956} INFO - Dependencies all met for dep_context=non-requeueable deps ti=<TaskInstance: extract_postgres_table_to_parquet.run_extraction_asia manual__2025-06-11T10:15:51.745517+00:00 [queued]>
[2025-06-11T10:32:10.556+0000] {taskinstance.py:1956} INFO - Dependencies all met for dep_context=requeueable deps ti=<TaskInstance: extract_postgres_table_to_parquet.run_extraction_asia manual__2025-06-11T10:15:51.745517+00:00 [queued]>
[2025-06-11T10:32:10.558+0000] {taskinstance.py:2170} INFO - Starting attempt 2 of 1
[2025-06-11T10:32:10.596+0000] {taskinstance.py:2191} INFO - Executing <Task(_PythonDecoratedOperator): run_extraction_asia> on 2025-06-11 10:15:51.745517+00:00
[2025-06-11T10:32:10.611+0000] {standard_task_runner.py:60} INFO - Started process 230 to run task
[2025-06-11T10:32:10.620+0000] {standard_task_runner.py:87} INFO - Running: ['airflow', 'tasks', 'run', 'extract_postgres_table_to_parquet', 'run_extraction_asia', 'manual__2025-06-11T10:15:51.745517+00:00', '--job-id', '1564', '--raw', '--subdir', 'DAGS_FOLDER/asia/landing.py', '--cfg-path', '/tmp/tmpzdngr7q5']
[2025-06-11T10:32:10.626+0000] {standard_task_runner.py:88} INFO - Job 1564: Subtask run_extraction_asia
[2025-06-11T10:32:10.926+0000] {task_command.py:423} INFO - Running <TaskInstance: extract_postgres_table_to_parquet.run_extraction_asia manual__2025-06-11T10:15:51.745517+00:00 [running]> on host 0290689661db
[2025-06-11T10:32:11.356+0000] {taskinstance.py:2480} INFO - Exporting env vars: AIRFLOW_CTX_DAG_OWNER='airflow' AIRFLOW_CTX_DAG_ID='extract_postgres_table_to_parquet' AIRFLOW_CTX_TASK_ID='run_extraction_asia' AIRFLOW_CTX_EXECUTION_DATE='2025-06-11T10:15:51.745517+00:00' AIRFLOW_CTX_TRY_NUMBER='2' AIRFLOW_CTX_DAG_RUN_ID='manual__2025-06-11T10:15:51.745517+00:00'
[2025-06-11T10:32:11.365+0000] {logging_mixin.py:188} INFO - Starting extraction for table: categories in region: asia
[2025-06-11T10:32:11.367+0000] {logging_mixin.py:188} INFO - load_date:::::2025-06-11
[2025-06-11T10:32:55.016+0000] {logging_mixin.py:188} INFO - [INFO] Last loaded timestamp: 2025-06-11 02:14:04
[2025-06-11T10:32:57.861+0000] {logging_mixin.py:188} INFO - [INFO] No new records found in asia.categories
[2025-06-11T10:32:58.845+0000] {logging_mixin.py:188} INFO - Starting extraction for table: products in region: asia
[2025-06-11T10:32:58.845+0000] {logging_mixin.py:188} INFO - load_date:::::2025-06-11
[2025-06-11T10:33:02.872+0000] {logging_mixin.py:188} INFO - [INFO] Last loaded timestamp: 2024-01-31 00:00:00
[2025-06-11T10:33:03.933+0000] {logging_mixin.py:188} INFO - [INFO] No new records found in asia.products
[2025-06-11T10:33:04.925+0000] {logging_mixin.py:188} INFO - Starting extraction for table: product_variants in region: asia
[2025-06-11T10:33:04.926+0000] {logging_mixin.py:188} INFO - load_date:::::2025-06-11
[2025-06-11T10:33:08.428+0000] {logging_mixin.py:188} INFO - [INFO] Last loaded timestamp: 2024-11-02 00:00:00
[2025-06-11T10:33:09.811+0000] {logging_mixin.py:188} INFO - [INFO] No new records found in asia.product_variants
[2025-06-11T10:33:10.806+0000] {logging_mixin.py:188} INFO - Starting extraction for table: inventory in region: asia
[2025-06-11T10:33:10.807+0000] {logging_mixin.py:188} INFO - load_date:::::2025-06-11
[2025-06-11T10:33:13.715+0000] {logging_mixin.py:188} INFO - [INFO] Last loaded timestamp: 2024-12-03 00:00:00
[2025-06-11T10:33:14.683+0000] {logging_mixin.py:188} INFO - [INFO] No new records found in asia.inventory
[2025-06-11T10:33:15.681+0000] {logging_mixin.py:188} INFO - Starting extraction for table: customers in region: asia
[2025-06-11T10:33:15.795+0000] {logging_mixin.py:188} INFO - load_date:::::2025-06-11
[2025-06-11T10:33:18.504+0000] {logging_mixin.py:188} INFO - [INFO] Last loaded timestamp: 2000-01-01 00:00:00.000
[2025-06-11T10:33:21.516+0000] {crypto.py:82} WARNING - empty cryptography key - values will not be stored encrypted.
[2025-06-11T10:33:21.600+0000] {logging_mixin.py:188} INFO - [INFO] Updated Airflow Variable last_extracted_parquet_timestamp_asia_customers to 2024-02-08 12:50:45
[2025-06-11T10:33:21.724+0000] {logging_mixin.py:188} INFO - Writing data to /opt/airflow/data/raw/region=asia/table=customers/load_date=2025-06-11/
[2025-06-11T10:33:29.798+0000] {logging_mixin.py:188} INFO - +-------+--------------------+-------+---------+----------------+----------+------+-------------------+-------------------+-------+--------------+-------------------+-------+--------+
|cust_id|               email|  fname|    lname|           phone|birth_date|   sex|           reg_date|         login_time|segment|        source|            created|_region| _source|
+-------+--------------------+-------+---------+----------------+----------+------+-------------------+-------------------+-------+--------------+-------------------+-------+--------+
|      1|tanaka.yuki@email.jp|   YUKI|   TANAKA| +81-3-1234-5678|1985-04-12|     M|2024-01-15 09:30:45|2024-02-20 14:25:30|premium|       organic|2024-01-15 09:30:45|   asia|postgres|
|      2|sato.hanako@gmail...| hanako|     sato| +81-6-8765-4321|1990/07/22|     F|2024/01/16 11:45:20|2024/02/21 16:40:15|regular|  social_media|2024-01-16 11:45:20|   asia|postgres|
|      3|SUZUKI.TARO@YAHOO...|   Taro|   SUZUKI|+81-52-2345-6789|15-05-1982|  Male|17-01-2024 13:20:35|22-02-2024 09:15:40|    new|      referral|2024-01-17 13:20:35|   asia|postgres|
|      4|yamada.keiko@hotm...|  Keiko|   yamada|+81-92-3456-7890|1988.06.18|Female|2024.01.18 15:35:10|2024.02.23 11:30:25|regular|      paid_ads|2024-01-18 15:35:10|   asia|postgres|
|      5|WATANABE.AKIRA@OU...|  akira| WATANABE|+81-11-4567-8901|25/09/1975|     M|19/01/2024 08:50:25|24/02/2024 13:45:10|premium|email_campaign|2024-01-19 08:50:25|   asia|postgres|
|      6|    invalid.email.jp| Yumiko| Nakamura| +81-3-5678-9012|1992-01-30|     F|2024-01-20 10:15:40|2024-02-25 15:20:35|regular|       organic|2024-01-20 10:15:40|   asia|postgres|
|      7|   @missing-local.jp|HIROSHI|      ito| +81-6-6789-0123|1980/12/05|     M|2024/01/21 12:30:15|2024/02/26 08:40:50|    new|  social_media|2024-01-21 12:30:15|   asia|postgres|
|      8|no-at-symbol.gmai...|  ayumi|     KATO|+81-52-7890-1234|10-04-1987|Female|22-01-2024 14:45:30|27-02-2024 10:15:30|regular|      referral|2024-01-22 14:45:30|   asia|postgres|
|      9|    double@@email.jp|Takashi|    saito|+81-92-8901-2345|1983.08.14|  Male|2024.01.23 16:20:45|2024.02.28 12:30:45|premium|      paid_ads|2024-01-23 16:20:45|   asia|postgres|
|     10|  spaces in@email.jp| MIZUKI|KOBAYASHI|+81-11-9012-3456|03/06/1991|     F|24/01/2024 09:35:20|29/02/2024 14:55:20|regular|email_campaign|2024-01-24 09:35:20|   asia|postgres|
|     11|endo.kazuki@email.jp| kazuki|     endo|         03-1234|1986-10-20|     M|2024-01-25 11:50:35|2024-03-01 16:40:15|    new|       organic|2024-01-25 11:50:35|   asia|postgres|
|     12|MATSUDA.RINA@GMAI...|   Rina|  MATSUDA|     not-a-phone|1989/02/14|     F|2024/01/26 14:15:10|2024/03/02 09:25:30|regular|  social_media|2024-01-26 14:15:10|   asia|postgres|
|     13|kimura.daiki@yaho...|  Daiki|   kimura|+81-abc-def-ghij|09-07-1984|  Male|27-01-2024 16:30:25|03-03-2024 11:50:45|premium|      referral|2024-01-27 16:30:25|   asia|postgres|
|     14|YOSHIDA.AIKO@HOTM...|   aiko|  YOSHIDA|++81-3-1234-5678|1993.03.28|Female|2024.01.28 08:45:40|2024.03.04 13:35:10|regular|      paid_ads|2024-01-28 08:45:40|   asia|postgres|
|     15| ikeda.ryo@gmail.com|    Ryo|    ikeda|           81-3-|16/11/1981|     M|29/01/2024 10:20:15|05/03/2024 15:20:35|    new|email_campaign|2024-01-29 10:20:15|   asia|postgres|
|     16|            invalid@| SAKURA|  hayashi|   invalid-phone|1990-09-12|     F|2024-01-30 12:35:30|2024-03-06 08:40:50|regular|       organic|2024-01-30 12:35:30|   asia|postgres|
|     17|          .jp@domain| takuma|   SASAKI|             03-|1985/05/07|     M|2024/01/31 14:50:45|2024/03/07 10:15:30|    new|  social_media|2024-01-31 14:50:45|   asia|postgres|
|     18|            user@.jp| Momoko|yamaguchi|       +81-3-abc|22-12-1988|Female|01-02-2024 16:25:20|08-03-2024 12:30:45|regular|      referral|2024-02-01 16:25:20|   asia|postgres|
|     19|multiple@at@signs.jp| HARUTO| ishikawa|        03-1234-|1982.08.01|  Male|2024.02.02 09:40:35|2024.03.09 14:55:20|premium|      paid_ads|2024-02-02 09:40:35|   asia|postgres|
|     20|        user@domain.| nanami|    INOUE|        phone123|18/04/1987|     F|03/02/2024 11:15:10|10/03/2024 16:40:15|regular|email_campaign|2024-02-03 11:15:10|   asia|postgres|
+-------+--------------------+-------+---------+----------------+----------+------+-------------------+-------------------+-------+--------------+-------------------+-------+--------+
only showing top 20 rows
[2025-06-11T10:33:30.584+0000] {logging_mixin.py:188} INFO - Finished extraction for customers
[2025-06-11T10:33:30.584+0000] {logging_mixin.py:188} INFO - Starting extraction for table: customer_addresses in region: asia
[2025-06-11T10:33:30.585+0000] {logging_mixin.py:188} INFO - load_date:::::2025-06-11
[2025-06-11T10:33:34.924+0000] {logging_mixin.py:188} INFO - [INFO] Last loaded timestamp: 2000-01-01 00:00:00.000
[2025-06-11T10:33:37.434+0000] {logging_mixin.py:188} INFO - [INFO] Updated Airflow Variable last_extracted_parquet_timestamp_asia_customer_addresses to 2025-06-11 02:14:04
[2025-06-11T10:33:37.554+0000] {logging_mixin.py:188} INFO - Writing data to /opt/airflow/data/raw/region=asia/table=customer_addresses/load_date=2025-06-11/
[2025-06-11T10:33:39.850+0000] {logging_mixin.py:188} INFO - +-------+-------+---------+--------------------+----------+----------+--------+-------+----------+--------------------+-------+--------+
|addr_id|cust_id|addr_type|              street|      city|prefecture|  postal|country|is_default|             created|_region| _source|
+-------+-------+---------+--------------------+----------+----------+--------+-------+----------+--------------------+-------+--------+
|      1|      1|  billing|       1-2-3 Chiyoda|     Tokyo|     Tokyo|100-0001|  Japan|         Y|2025-06-11 02:14:...|   asia|postgres|
|      2|      1| shipping|        4-5-6 Minato|     Tokyo|     Tokyo|105-0001|  Japan|         N|2025-06-11 02:14:...|   asia|postgres|
|      3|      2|  billing|        7-8-9 Naniwa|     Osaka|     Osaka|556-0001|  Japan|         Y|2025-06-11 02:14:...|   asia|postgres|
|      4|      3|  billing|   10-11-12 Nakamura|    Nagoya|     Aichi|450-0001|  Japan|         Y|2025-06-11 02:14:...|   asia|postgres|
|      5|      3| shipping|    13-14-15 Higashi|    Nagoya|     Aichi|461-0001|  Japan|         N|2025-06-11 02:14:...|   asia|postgres|
|      6|      4|  billing|     16-17-18 Hakata|   Fukuoka|   Fukuoka|812-0011|  Japan|         Y|2025-06-11 02:14:...|   asia|postgres|
|      7|      5|  billing|       19-20-21 Chuo|   Sapporo|  Hokkaido|060-0001|  Japan|         Y|2025-06-11 02:14:...|   asia|postgres|
|      8|      6|  billing|       22-23-24 Aoba|  Yokohama|  Kanagawa|225-0001|  Japan|         Y|2025-06-11 02:14:...|   asia|postgres|
|      9|      7|  billing|      25-26-27 Nishi|      Kobe|     Hyogo|651-0001|  Japan|         Y|2025-06-11 02:14:...|   asia|postgres|
|     10|      8|  billing|       28-29-30 Kita|     Kyoto|     Kyoto|603-8001|  Japan|         Y|2025-06-11 02:14:...|   asia|postgres|
|     11|      9|  billing| 31-32-33 Miyakojima|     Osaka|     Osaka|534-0001|  Japan|         Y|2025-06-11 02:14:...|   asia|postgres|
|     12|     10|  billing|       34-35-36 Naka| Hiroshima| Hiroshima|730-0001|  Japan|         Y|2025-06-11 02:14:...|   asia|postgres|
|     13|     11|  billing|37-38-39 Wakabayashi|    Sendai|    Miyagi|984-0001|  Japan|         Y|2025-06-11 02:14:...|   asia|postgres|
|     14|     12|  billing|       40-41-42 Chuo|  Kumamoto|  Kumamoto|860-0001|  Japan|         Y|2025-06-11 02:14:...|   asia|postgres|
|     15|     13|  billing|    43-44-45 Higashi|   Okayama|   Okayama|703-8001|  Japan|         Y|2025-06-11 02:14:...|   asia|postgres|
|     16|     14|  billing|     46-47-48 Minami| Kagoshima| Kagoshima|892-0001|  Japan|         Y|2025-06-11 02:14:...|   asia|postgres|
|     17|     15|  billing|      49-50-51 Nishi|   Niigata|   Niigata|950-2001|  Japan|         Y|2025-06-11 02:14:...|   asia|postgres|
|     18|     16|  billing|       52-53-54 Kita|  Shizuoka|  Shizuoka|420-0001|  Japan|         Y|2025-06-11 02:14:...|   asia|postgres|
|     19|     17|  billing|       55-56-57 Chuo| Matsuyama|     Ehime|790-0001|  Japan|         Y|2025-06-11 02:14:...|   asia|postgres|
|     20|     18|  billing|    58-59-60 Higashi|Utsunomiya|   Tochigi|321-0901|  Japan|         Y|2025-06-11 02:14:...|   asia|postgres|
+-------+-------+---------+--------------------+----------+----------+--------+-------+----------+--------------------+-------+--------+
only showing top 20 rows
[2025-06-11T10:33:40.054+0000] {logging_mixin.py:188} INFO - Finished extraction for customer_addresses
[2025-06-11T10:33:40.056+0000] {logging_mixin.py:188} INFO - Starting extraction for table: marketing_campaigns in region: asia
[2025-06-11T10:33:40.058+0000] {logging_mixin.py:188} INFO - load_date:::::2025-06-11
[2025-06-11T10:33:43.824+0000] {logging_mixin.py:188} INFO - [INFO] Last loaded timestamp: 2000-01-01 00:00:00.000
[2025-06-11T10:33:45.612+0000] {logging_mixin.py:188} INFO - [INFO] Updated Airflow Variable last_extracted_parquet_timestamp_asia_marketing_campaigns to 2024-02-24 00:00:00
[2025-06-11T10:33:45.656+0000] {logging_mixin.py:188} INFO - Writing data to /opt/airflow/data/raw/region=asia/table=marketing_campaigns/load_date=2025-06-11/
[2025-06-11T10:33:47.595+0000] {logging_mixin.py:188} INFO - +-----------+--------------------+--------------+-------------+----------+----------+----------+--------------------+---------+-------------------+-------+--------+
|campaign_id|                name|          type|      channel|  start_dt|    end_dt|budget_jpy|              target|   status|            created|_region| _source|
+-----------+--------------------+--------------+-------------+----------+----------+----------+--------------------+---------+-------------------+-------+--------+
|          1|SPRING FESTIVAL SALE|      seasonal|        email|2024-03-01|2024-03-31|   1500000|All customers nat...|   active|2024-02-15 09:30:45|   asia|postgres|
|          2| golden week special|   promotional|       social|2024/04/27|2024/05/06|   2500000|Families and trav...|scheduled|2024/02/16 11:45:20|   asia|postgres|
|          3|    Summer Clearance|      seasonal|      display|01-06-2024|30-06-2024|   1200000|  Young adults 18-35|scheduled|17-02-2024 13:20:35|   asia|postgres|
|          5|autumn fashion co...|product_launch|       social|01/09/2024|30/09/2024|   2000000|Fashion-conscious...|scheduled|19/02/2024 08:50:25|   asia|postgres|
|          6| Winter Holiday Sale|      seasonal|        email|2024-12-01|2024-12-25|   3000000|Gift buyers and f...|scheduled|2024-02-20 10:15:40|   asia|postgres|
|          7|   NEW YEAR CAMPAIGN|   promotional|multi_channel|2024/12/26|2025/01/15|   2800000|All customer segm...|scheduled|2024/02/21 12:30:15|   asia|postgres|
|          8|   valentine special|      seasonal|       social|01-02-2025|14-02-2025|   1000000|Couples and gift ...|scheduled|22-02-2024 14:45:30|   asia|postgres|
|         10|CHERRY BLOSSOM FE...|      seasonal|multi_channel|25/03/2025|15/04/2025|   2200000| Tourists and locals|scheduled|24/02/2024 09:35:20|   asia|postgres|
+-----------+--------------------+--------------+-------------+----------+----------+----------+--------------------+---------+-------------------+-------+--------+
[2025-06-11T10:33:48.883+0000] {logging_mixin.py:188} INFO - Finished extraction for marketing_campaigns
[2025-06-11T10:33:48.884+0000] {logging_mixin.py:188} INFO - Starting extraction for table: discounts in region: asia
[2025-06-11T10:33:48.884+0000] {logging_mixin.py:188} INFO - load_date:::::2025-06-11
[2025-06-11T10:33:52.398+0000] {logging_mixin.py:188} INFO - [INFO] Last loaded timestamp: 2000-01-01 00:00:00.000
[2025-06-11T10:33:54.553+0000] {logging_mixin.py:188} INFO - [INFO] Updated Airflow Variable last_extracted_parquet_timestamp_asia_discounts to 2024-05-03 00:00:00
[2025-06-11T10:33:54.725+0000] {logging_mixin.py:188} INFO - Writing data to /opt/airflow/data/raw/region=asia/table=discounts/load_date=2025-06-11/
[2025-06-11T10:33:56.495+0000] {logging_mixin.py:188} INFO - +-----------+----------+--------------------+----------+-----+-------------+----------------+-----------+-----------+----------+----------+------+-------------------+-------+--------+
|discount_id|      code|                name|      type|value|min_order_jpy|max_discount_jpy|usage_limit|usage_count|  start_dt|    end_dt|active|            created|_region| _source|
+-----------+----------+--------------------+----------+-----+-------------+----------------+-----------+-----------+----------+----------+------+-------------------+-------+--------+
|          1| WELCOME10|New Customer Welcome|percentage|10.00|         5000|           10000|       1000|        234|2024-01-01|2024-12-31|     Y|2024-02-25 11:50:35|   asia|postgres|
|          2|  SPRING25| Spring Sale 25% Off|percentage|25.00|        10000|           20000|        500|        156|2024/03/01|2024/03/31|     N|2024/02/26 14:15:10|   asia|postgres|
|          3|  FREESHIP|       Free Shipping|  shipping| 0.00|         8000|            1500|       2000|        567|01-03-2024|31-12-2024|     Y|27-02-2024 16:30:25|   asia|postgres|
|          5|BLACKFRI30|Black Friday 30% Off|percentage|30.00|        15000|           30000|       1000|        678|25/11/2024|29/11/2024|     N|29/02/2024 10:20:15|   asia|postgres|
|          6| STUDENT15|    Student Discount|percentage|15.00|         3000|           15000|          0|        123|2024-01-01|2024-12-31|     Y|2024-03-01 12:35:30|   asia|postgres|
|          7|   LOYAL25|Loyalty Member 25...|percentage|25.00|        10000|           25000|        500|        234|2024/01/01|2024/12/31|     Y|2024/03/02 14:50:45|   asia|postgres|
|          8|  SUMMER20|      Summer Special|percentage|20.00|         8000|           12000|        750|        345|01-06-2024|31-08-2024|     Y|03-03-2024 16:25:20|   asia|postgres|
|         10| WEEKEND10|     Weekend Special|percentage|10.00|         6000|            8000|          0|        456|01/01/2024|31/12/2024|     Y|05/03/2024 11:15:10|   asia|postgres|
+-----------+----------+--------------------+----------+-----+-------------+----------------+-----------+-----------+----------+----------+------+-------------------+-------+--------+
[2025-06-11T10:33:57.624+0000] {logging_mixin.py:188} INFO - Finished extraction for discounts
[2025-06-11T10:33:57.626+0000] {logging_mixin.py:188} INFO - Starting extraction for table: shopping_carts in region: asia
[2025-06-11T10:33:57.629+0000] {logging_mixin.py:188} INFO - load_date:::::2025-06-11
[2025-06-11T10:34:00.303+0000] {logging_mixin.py:188} INFO - [INFO] Last loaded timestamp: 2000-01-01 00:00:00.000
[2025-06-11T10:34:02.135+0000] {logging_mixin.py:188} INFO - [INFO] Updated Airflow Variable last_extracted_parquet_timestamp_asia_shopping_carts to 2024-03-19 00:00:00
[2025-06-11T10:34:02.185+0000] {logging_mixin.py:188} INFO - Writing data to /opt/airflow/data/raw/region=asia/table=shopping_carts/load_date=2025-06-11/
[2025-06-11T10:34:03.874+0000] {logging_mixin.py:188} INFO - +-------+-------+--------------------+-------------------+-------------------+-------------------+-------+--------+
|cart_id|cust_id|          session_id|            created|            updated|          abandoned|_region| _source|
+-------+-------+--------------------+-------------------+-------------------+-------------------+-------+--------+
|      1|      1|sess_jp_abc123def456|2024-03-15 09:30:45|2024-03-15 10:45:20|               NULL|   asia|postgres|
|      2|      2|sess_jp_ghi789jkl012|2024/03/16 11:15:35|2024/03/16 11:30:10|2024/03/16 12:45:25|   asia|postgres|
|      3|      3|sess_jp_mno345pqr678|17-03-2024 13:20:50|17-03-2024 14:35:15|               NULL|   asia|postgres|
|      5|      5|sess_jp_yza567bcd890|19/03/2024 08:45:15|19/03/2024 09:20:30|               NULL|   asia|postgres|
+-------+-------+--------------------+-------------------+-------------------+-------------------+-------+--------+
[2025-06-11T10:34:04.230+0000] {logging_mixin.py:188} INFO - Finished extraction for shopping_carts
[2025-06-11T10:34:04.234+0000] {logging_mixin.py:188} INFO - Starting extraction for table: cart_items in region: asia
[2025-06-11T10:34:04.238+0000] {logging_mixin.py:188} INFO - load_date:::::2025-06-11
[2025-06-11T10:34:08.072+0000] {logging_mixin.py:188} INFO - [INFO] Last loaded timestamp: 2000-01-01 00:00:00.000
[2025-06-11T10:34:10.263+0000] {logging_mixin.py:188} INFO - [INFO] Updated Airflow Variable last_extracted_parquet_timestamp_asia_cart_items to 2024-03-19 08:50:15
[2025-06-11T10:34:10.467+0000] {logging_mixin.py:188} INFO - Writing data to /opt/airflow/data/raw/region=asia/table=cart_items/load_date=2025-06-11/
[2025-06-11T10:34:11.908+0000] {logging_mixin.py:188} INFO - +------------+-------+----------+---+--------------+-------------------+-------------------+-------+--------+
|cart_item_id|cart_id|variant_id|qty|unit_price_jpy|              added|            updated|_region| _source|
+------------+-------+----------+---+--------------+-------------------+-------------------+-------+--------+
|           1|      1|         2|  1|        169800|2024-03-15 09:35:20|2024-03-15 09:35:20|   asia|postgres|
|           2|      1|         8|  2|          3500|2024-03-15 09:40:35|2024-03-15 09:40:35|   asia|postgres|
|           3|      2|        15|  1|        213000|2024-03-16 11:20:10|2024-03-16 11:20:10|   asia|postgres|
|           4|      3|        19|  1|         12800|2024-03-17 13:25:45|2024-03-17 13:25:45|   asia|postgres|
|           5|      4|         6|  1|         49800|2024-03-18 15:45:30|2024-03-18 15:45:30|   asia|postgres|
|           6|      5|        12|  1|          8900|2024-03-19 08:50:15|2024-03-19 08:50:15|   asia|postgres|
+------------+-------+----------+---+--------------+-------------------+-------------------+-------+--------+
[2025-06-11T10:34:12.333+0000] {logging_mixin.py:188} INFO - Finished extraction for cart_items
[2025-06-11T10:34:12.334+0000] {logging_mixin.py:188} INFO - Starting extraction for table: orders in region: asia
[2025-06-11T10:34:12.334+0000] {logging_mixin.py:188} INFO - load_date:::::2025-06-11
[2025-06-11T10:34:15.705+0000] {logging_mixin.py:188} INFO - [INFO] Last loaded timestamp: 2000-01-01 00:00:00.000
[2025-06-11T10:34:17.001+0000] {logging_mixin.py:188} INFO - [INFO] Updated Airflow Variable last_extracted_parquet_timestamp_asia_orders to 2024-10-03 00:00:00
[2025-06-11T10:34:17.067+0000] {logging_mixin.py:188} INFO - Writing data to /opt/airflow/data/raw/region=asia/table=orders/load_date=2025-06-11/
[2025-06-11T10:34:18.248+0000] {logging_mixin.py:188} INFO - +--------+-------------+-------+----------+-------------------+------------+-------+------------+------------+---------+---------------+----------------+-----------+-----------+-------------------+-------+--------+
|order_id|     order_no|cust_id|    status|         order_time|subtotal_jpy|tax_jpy|shipping_jpy|discount_jpy|total_jpy|billing_addr_id|shipping_addr_id|campaign_id|discount_id|     processed_date|_region| _source|
+--------+-------------+-------+----------+-------------------+------------+-------+------------+------------+---------+---------------+----------------+-----------+-----------+-------------------+-------+--------+
|       1|JP-ORD-100001|      1| delivered|2024-03-05 13:30:25|      149800|  14980|        1000|       14980|   150800|              1|               2|          1|          1|2024-03-06 09:15:40|   asia|postgres|
|       2|JP-ORD-100002|      2|   shipped|2024/03/06 15:45:40|        8900|    890|         800|           0|    10590|              3|               3|          2|       NULL|2024/03/07 11:30:15|   asia|postgres|
|       3|JP-ORD-100003|      3|processing|07-03-2024 08:20:15|      198000|  19800|           0|       49500|   168300|              4|               5|          3|          3|08-03-2024 13:45:30|   asia|postgres|
|       5|JP-ORD-100005|      5| cancelled|09/03/2024 12:50:45|       25000|   2500|         800|           0|    28300|              7|               7|          5|       NULL|10/03/2024 08:40:20|   asia|postgres|
|       6|JP-ORD-100006|      6| delivered|2024-03-10 15:15:20|        9800|    980|         500|        1470|     9810|              8|               8|          6|          6|2024-03-11 10:15:35|   asia|postgres|
|       7|JP-ORD-100007|      7|   shipped|2024/03/11 08:30:35|       89000|   8900|        1500|       22250|    77150|              9|               9|          7|          7|2024/03/12 12:30:50|   asia|postgres|
|       8|JP-ORD-100008|      8|processing|12-03-2024 10:45:50|        4500|    450|         800|         900|     4850|             10|              10|          8|          8|13-03-2024 14:45:15|   asia|postgres|
|      10|JP-ORD-100010|     10|  returned|14/03/2024 15:25:30|       12500|   1250|         500|        1250|    13000|             12|              12|         10|          9|15/03/2024 09:35:45|   asia|postgres|
+--------+-------------+-------+----------+-------------------+------------+-------+------------+------------+---------+---------------+----------------+-----------+-----------+-------------------+-------+--------+
[2025-06-11T10:34:18.546+0000] {logging_mixin.py:188} INFO - Finished extraction for orders
[2025-06-11T10:34:18.548+0000] {logging_mixin.py:188} INFO - Starting extraction for table: order_items in region: asia
[2025-06-11T10:34:18.548+0000] {logging_mixin.py:188} INFO - load_date:::::2025-06-11
[2025-06-11T10:34:21.159+0000] {logging_mixin.py:188} INFO - [INFO] Last loaded timestamp: 2000-01-01 00:00:00.000
[2025-06-11T10:34:22.421+0000] {logging_mixin.py:188} INFO - [INFO] Updated Airflow Variable last_extracted_parquet_timestamp_asia_order_items to 2024-03-14 15:30:45
[2025-06-11T10:34:22.458+0000] {logging_mixin.py:188} INFO - Writing data to /opt/airflow/data/raw/region=asia/table=order_items/load_date=2025-06-11/
[2025-06-11T10:34:23.420+0000] {logging_mixin.py:188} INFO - +-------------+--------+----------+---+--------------+---------------+-------------------+-------+--------+
|order_item_id|order_id|variant_id|qty|unit_price_jpy|total_price_jpy|            created|_region| _source|
+-------------+--------+----------+---+--------------+---------------+-------------------+-------+--------+
|            1|       1|         1|  1|        149800|         149800|2024-03-05 13:35:40|   asia|postgres|
|            2|       2|        11|  1|          8900|           8900|2024-03-06 15:50:25|   asia|postgres|
|            3|       3|        14|  1|        198000|         198000|2024-03-07 08:25:30|   asia|postgres|
|            4|       4|        14|  1|         19800|          19800|2024-03-08 10:40:45|   asia|postgres|
|            5|       5|        11|  1|         25000|          25000|2024-03-09 12:55:20|   asia|postgres|
|            6|       6|        18|  1|          9800|           9800|2024-03-10 15:20:35|   asia|postgres|
|            7|       7|        20|  1|         89000|          89000|2024-03-11 08:35:50|   asia|postgres|
|            8|       8|        10|  1|          4500|           4500|2024-03-12 10:50:15|   asia|postgres|
|            9|       9|         4|  1|        158000|         158000|2024-03-13 13:15:30|   asia|postgres|
|           10|      10|        16|  1|         12500|          12500|2024-03-14 15:30:45|   asia|postgres|
+-------------+--------+----------+---+--------------+---------------+-------------------+-------+--------+
[2025-06-11T10:34:23.866+0000] {logging_mixin.py:188} INFO - Finished extraction for order_items
[2025-06-11T10:34:23.868+0000] {logging_mixin.py:188} INFO - Starting extraction for table: shipments in region: asia
[2025-06-11T10:34:23.869+0000] {logging_mixin.py:188} INFO - load_date:::::2025-06-11
[2025-06-11T10:34:26.643+0000] {logging_mixin.py:188} INFO - [INFO] Last loaded timestamp: 2000-01-01 00:00:00.000
[2025-06-11T10:34:27.278+0000] {logging_mixin.py:188} INFO - [INFO] Updated Airflow Variable last_extracted_parquet_timestamp_asia_shipments to 2024-10-03 00:00:00
[2025-06-11T10:34:27.333+0000] {logging_mixin.py:188} INFO - Writing data to /opt/airflow/data/raw/region=asia/table=shipments/load_date=2025-06-11/
[2025-06-11T10:34:27.929+0000] {logging_mixin.py:188} INFO - +-----------+--------+--------------+----------+--------+-------------------+------------+-------------------+----------+-------------------+-------------------+-------+--------+
|shipment_id|order_id|   tracking_no|   carrier|  method|       shipped_time|est_delivery|    actual_delivery|    status|            created|            updated|_region| _source|
+-----------+--------+--------------+----------+--------+-------------------+------------+-------------------+----------+-------------------+-------------------+-------+--------+
|          1|       1|YMT123456789JP|    Yamato|Standard|2024-03-06 10:30:45|  2024-03-08|2024-03-08 14:15:30| delivered|2024-03-06 10:30:45|2024-03-08 14:15:30|   asia|postgres|
|          2|       2|SGW987654321JP|    Sagawa| Express|2024/03/07 12:45:20|  2024/03/09|               NULL|in_transit|2024/03/07 12:45:20|2024/03/07 12:45:20|   asia|postgres|
|          3|       3|          NULL|Japan Post|Standard|               NULL|        NULL|               NULL| preparing|07-03-2024 15:20:35|07-03-2024 15:20:35|   asia|postgres|
|          5|       6|SGW234567890JP|    Sagawa|Same Day|10/03/2024 11:15:30|  10/03/2024|10/03/2024 17:30:45| delivered|10/03/2024 11:15:30|10/03/2024 17:30:45|   asia|postgres|
|          6|       7|YMT345678901JP|    Yamato|Standard|2024-03-12 13:40:15|  2024-03-14|               NULL|in_transit|2024-03-12 13:40:15|2024-03-12 13:40:15|   asia|postgres|
|          7|       8|SGW456789012JP|    Sagawa| Express|2024/03/13 15:55:30|  2024/03/15|               NULL|in_transit|2024/03/13 15:55:30|2024/03/13 15:55:30|   asia|postgres|
|          8|       9|YMT567890123JP|    Yamato|Standard|14-03-2024 09:10:45|  16-03-2024|16-03-2024 11:25:30| delivered|14-03-2024 09:10:45|16-03-2024 11:25:30|   asia|postgres|
+-----------+--------+--------------+----------+--------+-------------------+------------+-------------------+----------+-------------------+-------------------+-------+--------+
[2025-06-11T10:34:28.073+0000] {logging_mixin.py:188} INFO - Finished extraction for shipments
[2025-06-11T10:34:28.074+0000] {logging_mixin.py:188} INFO - Starting extraction for table: returns in region: asia
[2025-06-11T10:34:28.074+0000] {logging_mixin.py:188} INFO - load_date:::::2025-06-11
[2025-06-11T10:34:31.125+0000] {logging_mixin.py:188} INFO - [INFO] Last loaded timestamp: 2000-01-01 00:00:00.000
[2025-06-11T10:34:32.107+0000] {logging_mixin.py:188} INFO - [INFO] Updated Airflow Variable last_extracted_parquet_timestamp_asia_returns to 2024-03-16 00:00:00
[2025-06-11T10:34:32.135+0000] {logging_mixin.py:188} INFO - Writing data to /opt/airflow/data/raw/region=asia/table=returns/load_date=2025-06-11/
[2025-06-11T10:34:32.891+0000] {logging_mixin.py:188} INFO - +---------+--------+-----------------+----------+-------------------+----------+-------------------+-------------------+-------+--------+
|return_id|order_id|           reason|    status|        return_time|refund_jpy|        refund_time|            created|_region| _source|
+---------+--------+-----------------+----------+-------------------+----------+-------------------+-------------------+-------+--------+
|        1|       5|     Changed mind|  approved|2024-03-11 10:30:45|     28300|2024-03-12 14:15:30|2024-03-11 10:30:45|   asia|postgres|
|        2|      10|Product defective|processing|2024/03/16 12:45:20|     13000|               NULL|2024/03/16 12:45:20|   asia|postgres|
+---------+--------+-----------------+----------+-------------------+----------+-------------------+-------------------+-------+--------+
[2025-06-11T10:34:33.798+0000] {logging_mixin.py:188} INFO - Finished extraction for returns
[2025-06-11T10:34:33.798+0000] {logging_mixin.py:188} INFO - Starting extraction for table: product_reviews in region: asia
[2025-06-11T10:34:33.799+0000] {logging_mixin.py:188} INFO - load_date:::::2025-06-11
[2025-06-11T10:34:35.973+0000] {logging_mixin.py:188} INFO - [INFO] Last loaded timestamp: 2000-01-01 00:00:00.000
[2025-06-11T10:34:36.799+0000] {logging_mixin.py:188} INFO - [INFO] Updated Airflow Variable last_extracted_parquet_timestamp_asia_product_reviews to 2025-06-11 02:14:04
[2025-06-11T10:34:36.826+0000] {logging_mixin.py:188} INFO - Writing data to /opt/airflow/data/raw/region=asia/table=product_reviews/load_date=2025-06-11/
[2025-06-11T10:34:37.362+0000] {logging_mixin.py:188} INFO - +---------+----------+-------+--------+------+------------------+--------------------+--------+-------------+--------------------+-------+--------+
|review_id|product_id|cust_id|order_id|rating|             title|         review_text|verified|helpful_count|             created|_region| _source|
+---------+----------+-------+--------+------+------------------+--------------------+--------+-------------+--------------------+-------+--------+
|        1|         1|      1|       1|     5|  EXCELLENT PHONE!|Amazing camera qu...|       Y|           15|2025-06-11 02:14:...|   asia|postgres|
|        2|         5|      2|       2|     4|   beautiful dress|Nice fabric and f...|       Y|            8|2025-06-11 02:14:...|   asia|postgres|
|        3|         6|      3|       3|     5|      Perfect Sofa|Comfortable and w...|       Y|           22|2025-06-11 02:14:...|   asia|postgres|
|        4|        14|      4|       4|     3|   AVERAGE EARBUDS|Sound quality is ...|       Y|            5|2025-06-11 02:14:...|   asia|postgres|
|        5|         7|     10|      10|     1|poor quality manga|Pages were damage...|       Y|            2|2025-06-11 02:14:...|   asia|postgres|
|        6|         1|      5|    NULL|     4|Good but expensive|Great phone but o...|       N|            3|2025-06-11 02:14:...|   asia|postgres|
|        7|         9|      7|       7|     5|     AMAZING BIKE!|Perfect for mount...|       Y|           18|2025-06-11 02:14:...|   asia|postgres|
|        8|        10|      8|       8|     4|     fun model kit|Great detail but ...|       Y|            7|2025-06-11 02:14:...|   asia|postgres|
+---------+----------+-------+--------+------+------------------+--------------------+--------+-------------+--------------------+-------+--------+
[2025-06-11T10:34:37.526+0000] {logging_mixin.py:188} INFO - Finished extraction for product_reviews
[2025-06-11T10:34:37.527+0000] {logging_mixin.py:188} INFO - Starting extraction for table: payments in region: asia
[2025-06-11T10:34:37.527+0000] {logging_mixin.py:188} INFO - load_date:::::2025-06-11
[2025-06-11T10:34:39.610+0000] {logging_mixin.py:188} INFO - [INFO] Last loaded timestamp: 2000-01-01 00:00:00.000
[2025-06-11T10:34:40.384+0000] {logging_mixin.py:188} INFO - [INFO] Updated Airflow Variable last_extracted_parquet_timestamp_asia_payments to 2024-09-03 00:00:00
[2025-06-11T10:34:40.445+0000] {logging_mixin.py:188} INFO - Writing data to /opt/airflow/data/raw/region=asia/table=payments/load_date=2025-06-11/
[2025-06-11T10:34:40.945+0000] {logging_mixin.py:188} INFO - +----------+--------+-------------+---------+----------+-------------------+---------------+--------------------+-------------------+-------+--------+
|payment_id|order_id|       method|   status|amount_jpy|       payment_time|transaction_ref|        gateway_resp|            created|_region| _source|
+----------+--------+-------------+---------+----------+-------------------+---------------+--------------------+-------------------+-------+--------+
|         1|       1|  credit_card|completed|    150800|2024-03-05 14:15:30|  txn_jp_cc_001|  Payment successful|2024-03-05 14:15:30|   asia|postgres|
|         2|       2|      konbini|completed|     10590|2024/03/06 16:30:45|  txn_jp_kb_002|Payment received ...|2024/03/06 16:30:45|   asia|postgres|
|         3|       3|bank_transfer|  pending|    168300|07-03-2024 09:45:20|  txn_jp_bt_003|Awaiting bank con...|07-03-2024 09:45:20|   asia|postgres|
|         5|       5|  credit_card|   failed|     28300|09/03/2024 13:35:50|  txn_jp_cc_005|       Card declined|09/03/2024 13:35:50|   asia|postgres|
|         6|       6|      konbini|completed|      9810|2024-03-10 16:50:15|  txn_jp_kb_006|Payment received ...|2024-03-10 16:50:15|   asia|postgres|
|         7|       7|  credit_card|completed|     77150|2024/03/11 09:15:30|  txn_jp_cc_007|  Payment successful|2024/03/11 09:15:30|   asia|postgres|
|         8|       8|bank_transfer|completed|      4850|12-03-2024 11:30:45|  txn_jp_bt_008|  Transfer confirmed|12-03-2024 11:30:45|   asia|postgres|
|        10|      10|      konbini| refunded|     13000|14/03/2024 16:20:35|  txn_jp_kb_010|    Payment refunded|14/03/2024 16:20:35|   asia|postgres|
+----------+--------+-------------+---------+----------+-------------------+---------------+--------------------+-------------------+-------+--------+
[2025-06-11T10:34:41.104+0000] {logging_mixin.py:188} INFO - Finished extraction for payments
[2025-06-11T10:34:41.104+0000] {logging_mixin.py:188} INFO - Starting extraction for table: wishlists in region: asia
[2025-06-11T10:34:41.104+0000] {logging_mixin.py:188} INFO - load_date:::::2025-06-11
[2025-06-11T10:34:43.297+0000] {logging_mixin.py:188} INFO - [INFO] Last loaded timestamp: 2000-01-01 00:00:00.000
[2025-06-11T10:34:44.054+0000] {logging_mixin.py:188} INFO - [INFO] Updated Airflow Variable last_extracted_parquet_timestamp_asia_wishlists to 2024-03-21 00:00:00
[2025-06-11T10:34:44.072+0000] {logging_mixin.py:188} INFO - Writing data to /opt/airflow/data/raw/region=asia/table=wishlists/load_date=2025-06-11/
[2025-06-11T10:34:44.592+0000] {logging_mixin.py:188} INFO - +-----------+-------+----------+-------------------+-------+--------+
|wishlist_id|cust_id|product_id|              added|_region| _source|
+-----------+-------+----------+-------------------+-------+--------+
|          1|      1|         2|2024-03-17 09:30:45|   asia|postgres|
|          2|      1|         9|2024-03-17 09:35:20|   asia|postgres|
|          3|      1|        11|2024-03-17 09:40:15|   asia|postgres|
|          4|      2|         1|2024/03/18 11:15:30|   asia|postgres|
|          5|      2|         6|2024/03/18 11:20:45|   asia|postgres|
|          6|      2|         8|2024/03/18 11:25:10|   asia|postgres|
|          7|      3|         4|19-03-2024 13:40:25|   asia|postgres|
|          8|      3|         7|19-03-2024 13:45:40|   asia|postgres|
|          9|      3|        12|19-03-2024 13:50:15|   asia|postgres|
|         13|      5|         2|21/03/2024 08:50:35|   asia|postgres|
|         14|      5|         6|21/03/2024 08:55:10|   asia|postgres|
|         15|      5|        13|21/03/2024 09:00:25|   asia|postgres|
+-----------+-------+----------+-------------------+-------+--------+
[2025-06-11T10:34:44.774+0000] {logging_mixin.py:188} INFO - Finished extraction for wishlists
[2025-06-11T10:34:44.779+0000] {python.py:201} INFO - Done. Returned value was: None
[2025-06-11T10:34:44.993+0000] {taskinstance.py:1138} INFO - Marking task as SUCCESS. dag_id=extract_postgres_table_to_parquet, task_id=run_extraction_asia, execution_date=20250611T101551, start_date=20250611T103210, end_date=20250611T103444
[2025-06-11T10:34:45.159+0000] {local_task_job_runner.py:234} INFO - Task exited with return code 0
[2025-06-11T10:34:45.346+0000] {taskinstance.py:3280} INFO - 0 downstream tasks scheduled from follow-on schedule check
