[2025-06-09T07:32:30.642+0000] {taskinstance.py:1956} INFO - Dependencies all met for dep_context=non-requeueable deps ti=<TaskInstance: multi_region_processor_7.process_region_asia.process_cart_items_asia manual__2025-06-09T07:28:55.367695+00:00 [queued]>
[2025-06-09T07:32:30.663+0000] {taskinstance.py:1956} INFO - Dependencies all met for dep_context=requeueable deps ti=<TaskInstance: multi_region_processor_7.process_region_asia.process_cart_items_asia manual__2025-06-09T07:28:55.367695+00:00 [queued]>
[2025-06-09T07:32:30.663+0000] {taskinstance.py:2170} INFO - Starting attempt 1 of 2
[2025-06-09T07:32:30.688+0000] {taskinstance.py:2191} INFO - Executing <Task(_PythonDecoratedOperator): process_region_asia.process_cart_items_asia> on 2025-06-09 07:28:55.367695+00:00
[2025-06-09T07:32:30.699+0000] {standard_task_runner.py:60} INFO - Started process 80516 to run task
[2025-06-09T07:32:30.705+0000] {standard_task_runner.py:87} INFO - Running: ['airflow', 'tasks', 'run', 'multi_region_processor_7', 'process_region_asia.process_cart_items_asia', 'manual__2025-06-09T07:28:55.367695+00:00', '--job-id', '586', '--raw', '--subdir', 'DAGS_FOLDER/master2.py', '--cfg-path', '/tmp/tmpz8oexe3e']
[2025-06-09T07:32:30.707+0000] {standard_task_runner.py:88} INFO - Job 586: Subtask process_region_asia.process_cart_items_asia
[2025-06-09T07:32:30.750+0000] {logging_mixin.py:188} WARNING - /home/airflow/.local/lib/python3.10/site-packages/airflow/settings.py:194 DeprecationWarning: The sql_alchemy_conn option in [core] has been moved to the sql_alchemy_conn option in [database] - the old setting has been used, but please update your config.
[2025-06-09T07:32:30.820+0000] {task_command.py:423} INFO - Running <TaskInstance: multi_region_processor_7.process_region_asia.process_cart_items_asia manual__2025-06-09T07:28:55.367695+00:00 [running]> on host afcdbcf38bc0
[2025-06-09T07:32:31.018+0000] {taskinstance.py:2480} INFO - Exporting env vars: AIRFLOW_CTX_DAG_OWNER='data-team' AIRFLOW_CTX_DAG_ID='multi_region_processor_7' AIRFLOW_CTX_TASK_ID='process_region_asia.process_cart_items_asia' AIRFLOW_CTX_EXECUTION_DATE='2025-06-09T07:28:55.367695+00:00' AIRFLOW_CTX_TRY_NUMBER='1' AIRFLOW_CTX_DAG_RUN_ID='manual__2025-06-09T07:28:55.367695+00:00'
[2025-06-09T07:32:43.697+0000] {logging_mixin.py:188} INFO - Processing cart_items for region asia
[2025-06-09T07:33:04.953+0000] {logging_mixin.py:188} INFO - +------------+-------+----------+--------+--------------+-------------------+-------------------+-------+--------+
|cart_item_id|cart_id|variant_id|quantity|unit_price_jpy|           added_at|         updated_at|_region| _source|
+------------+-------+----------+--------+--------------+-------------------+-------------------+-------+--------+
|           1|      1|         2|       1|        169800|2024-03-15 09:35:20|2024-03-15 09:35:20|   asia|postgres|
|           2|      1|         8|       2|          3500|2024-03-15 09:40:35|2024-03-15 09:40:35|   asia|postgres|
|           3|      2|        15|       1|        213000|2024-03-16 11:20:10|2024-03-16 11:20:10|   asia|postgres|
|           4|      3|        19|       1|         12800|2024-03-17 13:25:45|2024-03-17 13:25:45|   asia|postgres|
|           5|      4|         6|       1|         49800|2024-03-18 15:45:30|2024-03-18 15:45:30|   asia|postgres|
|           6|      5|        12|       1|          8900|2024-03-19 08:50:15|2024-03-19 08:50:15|   asia|postgres|
|           1|      1|         2|       1|        169800|2024-03-15 09:35:20|2024-03-15 09:35:20|   asia|postgres|
|           2|      1|         8|       2|          3500|2024-03-15 09:40:35|2024-03-15 09:40:35|   asia|postgres|
|           3|      2|        15|       1|        213000|2024-03-16 11:20:10|2024-03-16 11:20:10|   asia|postgres|
|           4|      3|        19|       1|         12800|2024-03-17 13:25:45|2024-03-17 13:25:45|   asia|postgres|
+------------+-------+----------+--------+--------------+-------------------+-------------------+-------+--------+
only showing top 10 rows
[2025-06-09T07:33:10.306+0000] {logging_mixin.py:188} INFO - Successfully processed 12 records for cart_items in asia
[2025-06-09T07:33:10.949+0000] {python.py:201} INFO - Done. Returned value was: {'region': 'asia', 'table': 'cart_items', 'record_count': 12, 'status': 'success'}
[2025-06-09T07:33:11.047+0000] {taskinstance.py:1138} INFO - Marking task as SUCCESS. dag_id=multi_region_processor_7, task_id=process_region_asia.process_cart_items_asia, execution_date=20250609T072855, start_date=20250609T073230, end_date=20250609T073311
[2025-06-09T07:33:11.129+0000] {local_task_job_runner.py:234} INFO - Task exited with return code 0
[2025-06-09T07:33:11.221+0000] {taskinstance.py:3280} INFO - 0 downstream tasks scheduled from follow-on schedule check
