[2025-06-11T09:09:54.234+0000] {taskinstance.py:1956} INFO - Dependencies all met for dep_context=non-requeueable deps ti=<TaskInstance: load_to_star_schema_fact.star_merge_group.star_dim_sales scheduled__2025-06-10T00:00:00+00:00 [queued]>
[2025-06-11T09:09:54.242+0000] {taskinstance.py:1956} INFO - Dependencies all met for dep_context=requeueable deps ti=<TaskInstance: load_to_star_schema_fact.star_merge_group.star_dim_sales scheduled__2025-06-10T00:00:00+00:00 [queued]>
[2025-06-11T09:09:54.243+0000] {taskinstance.py:2170} INFO - Starting attempt 1 of 2
[2025-06-11T09:09:54.259+0000] {taskinstance.py:2191} INFO - Executing <Task(_PythonDecoratedOperator): star_merge_group.star_dim_sales> on 2025-06-10 00:00:00+00:00
[2025-06-11T09:09:54.267+0000] {standard_task_runner.py:60} INFO - Started process 778 to run task
[2025-06-11T09:09:54.270+0000] {standard_task_runner.py:87} INFO - Running: ['airflow', 'tasks', 'run', 'load_to_star_schema_fact', 'star_merge_group.star_dim_sales', 'scheduled__2025-06-10T00:00:00+00:00', '--job-id', '1511', '--raw', '--subdir', 'DAGS_FOLDER/star/master_fact.py', '--cfg-path', '/tmp/tmp13f8fj_q']
[2025-06-11T09:09:54.271+0000] {standard_task_runner.py:88} INFO - Job 1511: Subtask star_merge_group.star_dim_sales
[2025-06-11T09:09:54.343+0000] {task_command.py:423} INFO - Running <TaskInstance: load_to_star_schema_fact.star_merge_group.star_dim_sales scheduled__2025-06-10T00:00:00+00:00 [running]> on host d1bcd5712a45
[2025-06-11T09:09:54.634+0000] {taskinstance.py:2480} INFO - Exporting env vars: AIRFLOW_CTX_DAG_OWNER='data-team' AIRFLOW_CTX_DAG_ID='load_to_star_schema_fact' AIRFLOW_CTX_TASK_ID='star_merge_group.star_dim_sales' AIRFLOW_CTX_EXECUTION_DATE='2025-06-10T00:00:00+00:00' AIRFLOW_CTX_TRY_NUMBER='1' AIRFLOW_CTX_DAG_RUN_ID='scheduled__2025-06-10T00:00:00+00:00'
[2025-06-11T09:09:54.637+0000] {connection.py:486} INFO - Snowflake Connector for Python Version: 3.15.0, Python Version: 3.10.13, Platform: Linux-6.11.0-26-generic-x86_64-with-glibc2.36
[2025-06-11T09:09:54.640+0000] {connection.py:1391} INFO - Connecting to GLOBAL Snowflake domain
[2025-06-11T09:10:03.921+0000] {logging_mixin.py:188} INFO - Successfully connected to Snowflake via snowflake.connector.
[2025-06-11T09:10:03.921+0000] {logging_mixin.py:188} INFO - Running merge for sales...
[2025-06-11T09:10:05.004+0000] {logging_mixin.py:188} INFO - Merge completed for sales
[2025-06-11T09:10:05.739+0000] {python.py:201} INFO - Done. Returned value was: None
[2025-06-11T09:10:05.751+0000] {taskinstance.py:1138} INFO - Marking task as SUCCESS. dag_id=load_to_star_schema_fact, task_id=star_merge_group.star_dim_sales, execution_date=20250610T000000, start_date=20250611T090954, end_date=20250611T091005
[2025-06-11T09:10:05.768+0000] {local_task_job_runner.py:234} INFO - Task exited with return code 0
[2025-06-11T09:10:05.785+0000] {taskinstance.py:3280} INFO - 0 downstream tasks scheduled from follow-on schedule check
[2025-06-11T14:38:50.174+0000] {taskinstance.py:1956} INFO - Dependencies all met for dep_context=non-requeueable deps ti=<TaskInstance: load_to_star_schema_fact.star_merge_group.star_dim_sales scheduled__2025-06-10T00:00:00+00:00 [queued]>
[2025-06-11T14:38:50.253+0000] {taskinstance.py:1956} INFO - Dependencies all met for dep_context=requeueable deps ti=<TaskInstance: load_to_star_schema_fact.star_merge_group.star_dim_sales scheduled__2025-06-10T00:00:00+00:00 [queued]>
[2025-06-11T14:38:50.253+0000] {taskinstance.py:2170} INFO - Starting attempt 1 of 2
[2025-06-11T14:38:50.306+0000] {taskinstance.py:2191} INFO - Executing <Task(_PythonDecoratedOperator): star_merge_group.star_dim_sales> on 2025-06-10 00:00:00+00:00
[2025-06-11T14:38:50.317+0000] {standard_task_runner.py:60} INFO - Started process 1761 to run task
[2025-06-11T14:38:50.323+0000] {standard_task_runner.py:87} INFO - Running: ['airflow', 'tasks', 'run', 'load_to_star_schema_fact', 'star_merge_group.star_dim_sales', 'scheduled__2025-06-10T00:00:00+00:00', '--job-id', '12', '--raw', '--subdir', 'DAGS_FOLDER/star/master_fact.py', '--cfg-path', '/tmp/tmpflei2o33']
[2025-06-11T14:38:50.327+0000] {standard_task_runner.py:88} INFO - Job 12: Subtask star_merge_group.star_dim_sales
[2025-06-11T14:38:50.510+0000] {task_command.py:423} INFO - Running <TaskInstance: load_to_star_schema_fact.star_merge_group.star_dim_sales scheduled__2025-06-10T00:00:00+00:00 [running]> on host 94d2ab00ac05
[2025-06-11T14:38:50.826+0000] {taskinstance.py:2480} INFO - Exporting env vars: AIRFLOW_CTX_DAG_OWNER='data-team' AIRFLOW_CTX_DAG_ID='load_to_star_schema_fact' AIRFLOW_CTX_TASK_ID='star_merge_group.star_dim_sales' AIRFLOW_CTX_EXECUTION_DATE='2025-06-10T00:00:00+00:00' AIRFLOW_CTX_TRY_NUMBER='1' AIRFLOW_CTX_DAG_RUN_ID='scheduled__2025-06-10T00:00:00+00:00'
[2025-06-11T14:38:50.830+0000] {connection.py:486} INFO - Snowflake Connector for Python Version: 3.15.0, Python Version: 3.10.13, Platform: Linux-6.11.0-26-generic-x86_64-with-glibc2.36
[2025-06-11T14:38:50.832+0000] {connection.py:1391} INFO - Connecting to GLOBAL Snowflake domain
[2025-06-11T14:38:54.624+0000] {logging_mixin.py:188} INFO - Successfully connected to Snowflake via snowflake.connector.
[2025-06-11T14:38:54.626+0000] {logging_mixin.py:188} INFO - Running merge for sales...
[2025-06-11T14:38:56.674+0000] {logging_mixin.py:188} INFO - Merge completed for sales
[2025-06-11T14:38:57.339+0000] {python.py:201} INFO - Done. Returned value was: None
[2025-06-11T14:38:57.384+0000] {taskinstance.py:1138} INFO - Marking task as SUCCESS. dag_id=load_to_star_schema_fact, task_id=star_merge_group.star_dim_sales, execution_date=20250610T000000, start_date=20250611T143850, end_date=20250611T143857
[2025-06-11T14:38:57.523+0000] {local_task_job_runner.py:234} INFO - Task exited with return code 0
[2025-06-11T14:38:57.624+0000] {taskinstance.py:3280} INFO - 0 downstream tasks scheduled from follow-on schedule check
