[2025-06-05T02:19:44.202+0000] {processor.py:161} INFO - Started process (PID=170) to work on /opt/airflow/dags/schema_drift/schema_drift.py
[2025-06-05T02:19:44.203+0000] {processor.py:830} INFO - Processing file /opt/airflow/dags/schema_drift/schema_drift.py for tasks to queue
[2025-06-05T02:19:44.203+0000] {logging_mixin.py:188} INFO - [2025-06-05T02:19:44.203+0000] {dagbag.py:538} INFO - Filling up the DagBag from /opt/airflow/dags/schema_drift/schema_drift.py
[2025-06-05T02:19:44.215+0000] {processor.py:840} INFO - DAG(s) 'schema_evolution_framework' retrieved from /opt/airflow/dags/schema_drift/schema_drift.py
[2025-06-05T02:19:44.264+0000] {logging_mixin.py:188} INFO - [2025-06-05T02:19:44.264+0000] {dag.py:3036} INFO - Sync 1 DAGs
[2025-06-05T02:19:44.291+0000] {logging_mixin.py:188} INFO - [2025-06-05T02:19:44.290+0000] {dag.py:3823} INFO - Setting next_dagrun for schema_evolution_framework to None, run_after=None
[2025-06-05T02:19:44.348+0000] {processor.py:183} INFO - Processing /opt/airflow/dags/schema_drift/schema_drift.py took 0.149 seconds
[2025-06-05T02:20:14.928+0000] {processor.py:161} INFO - Started process (PID=612) to work on /opt/airflow/dags/schema_drift/schema_drift.py
[2025-06-05T02:20:14.929+0000] {processor.py:830} INFO - Processing file /opt/airflow/dags/schema_drift/schema_drift.py for tasks to queue
[2025-06-05T02:20:14.930+0000] {logging_mixin.py:188} INFO - [2025-06-05T02:20:14.929+0000] {dagbag.py:538} INFO - Filling up the DagBag from /opt/airflow/dags/schema_drift/schema_drift.py
[2025-06-05T02:20:14.936+0000] {processor.py:840} INFO - DAG(s) 'schema_evolution_framework' retrieved from /opt/airflow/dags/schema_drift/schema_drift.py
[2025-06-05T02:20:15.162+0000] {logging_mixin.py:188} INFO - [2025-06-05T02:20:15.162+0000] {dag.py:3036} INFO - Sync 1 DAGs
[2025-06-05T02:20:15.171+0000] {logging_mixin.py:188} INFO - [2025-06-05T02:20:15.170+0000] {dag.py:3823} INFO - Setting next_dagrun for schema_evolution_framework to None, run_after=None
[2025-06-05T02:20:15.186+0000] {processor.py:183} INFO - Processing /opt/airflow/dags/schema_drift/schema_drift.py took 0.259 seconds
[2025-06-05T02:20:45.508+0000] {processor.py:161} INFO - Started process (PID=637) to work on /opt/airflow/dags/schema_drift/schema_drift.py
[2025-06-05T02:20:45.509+0000] {processor.py:830} INFO - Processing file /opt/airflow/dags/schema_drift/schema_drift.py for tasks to queue
[2025-06-05T02:20:45.510+0000] {logging_mixin.py:188} INFO - [2025-06-05T02:20:45.509+0000] {dagbag.py:538} INFO - Filling up the DagBag from /opt/airflow/dags/schema_drift/schema_drift.py
[2025-06-05T02:20:45.515+0000] {processor.py:840} INFO - DAG(s) 'schema_evolution_framework' retrieved from /opt/airflow/dags/schema_drift/schema_drift.py
[2025-06-05T02:20:45.543+0000] {logging_mixin.py:188} INFO - [2025-06-05T02:20:45.542+0000] {dag.py:3036} INFO - Sync 1 DAGs
[2025-06-05T02:20:45.555+0000] {logging_mixin.py:188} INFO - [2025-06-05T02:20:45.554+0000] {dag.py:3823} INFO - Setting next_dagrun for schema_evolution_framework to None, run_after=None
[2025-06-05T02:20:45.568+0000] {processor.py:183} INFO - Processing /opt/airflow/dags/schema_drift/schema_drift.py took 0.062 seconds
[2025-06-05T02:21:15.895+0000] {processor.py:161} INFO - Started process (PID=662) to work on /opt/airflow/dags/schema_drift/schema_drift.py
[2025-06-05T02:21:15.896+0000] {processor.py:830} INFO - Processing file /opt/airflow/dags/schema_drift/schema_drift.py for tasks to queue
[2025-06-05T02:21:15.897+0000] {logging_mixin.py:188} INFO - [2025-06-05T02:21:15.897+0000] {dagbag.py:538} INFO - Filling up the DagBag from /opt/airflow/dags/schema_drift/schema_drift.py
[2025-06-05T02:21:15.906+0000] {processor.py:840} INFO - DAG(s) 'schema_evolution_framework' retrieved from /opt/airflow/dags/schema_drift/schema_drift.py
[2025-06-05T02:21:15.934+0000] {logging_mixin.py:188} INFO - [2025-06-05T02:21:15.934+0000] {dag.py:3036} INFO - Sync 1 DAGs
[2025-06-05T02:21:15.946+0000] {logging_mixin.py:188} INFO - [2025-06-05T02:21:15.946+0000] {dag.py:3823} INFO - Setting next_dagrun for schema_evolution_framework to None, run_after=None
[2025-06-05T02:21:15.959+0000] {processor.py:183} INFO - Processing /opt/airflow/dags/schema_drift/schema_drift.py took 0.067 seconds
[2025-06-05T02:21:46.298+0000] {processor.py:161} INFO - Started process (PID=687) to work on /opt/airflow/dags/schema_drift/schema_drift.py
[2025-06-05T02:21:46.298+0000] {processor.py:830} INFO - Processing file /opt/airflow/dags/schema_drift/schema_drift.py for tasks to queue
[2025-06-05T02:21:46.299+0000] {logging_mixin.py:188} INFO - [2025-06-05T02:21:46.299+0000] {dagbag.py:538} INFO - Filling up the DagBag from /opt/airflow/dags/schema_drift/schema_drift.py
[2025-06-05T02:21:46.304+0000] {processor.py:840} INFO - DAG(s) 'schema_evolution_framework' retrieved from /opt/airflow/dags/schema_drift/schema_drift.py
[2025-06-05T02:21:46.332+0000] {logging_mixin.py:188} INFO - [2025-06-05T02:21:46.332+0000] {dag.py:3036} INFO - Sync 1 DAGs
[2025-06-05T02:21:46.342+0000] {logging_mixin.py:188} INFO - [2025-06-05T02:21:46.342+0000] {dag.py:3823} INFO - Setting next_dagrun for schema_evolution_framework to None, run_after=None
[2025-06-05T02:21:46.356+0000] {processor.py:183} INFO - Processing /opt/airflow/dags/schema_drift/schema_drift.py took 0.060 seconds
[2025-06-05T02:22:16.676+0000] {processor.py:161} INFO - Started process (PID=712) to work on /opt/airflow/dags/schema_drift/schema_drift.py
[2025-06-05T02:22:16.677+0000] {processor.py:830} INFO - Processing file /opt/airflow/dags/schema_drift/schema_drift.py for tasks to queue
[2025-06-05T02:22:16.679+0000] {logging_mixin.py:188} INFO - [2025-06-05T02:22:16.679+0000] {dagbag.py:538} INFO - Filling up the DagBag from /opt/airflow/dags/schema_drift/schema_drift.py
[2025-06-05T02:22:16.686+0000] {processor.py:840} INFO - DAG(s) 'schema_evolution_framework' retrieved from /opt/airflow/dags/schema_drift/schema_drift.py
[2025-06-05T02:22:16.715+0000] {logging_mixin.py:188} INFO - [2025-06-05T02:22:16.715+0000] {dag.py:3036} INFO - Sync 1 DAGs
[2025-06-05T02:22:16.725+0000] {logging_mixin.py:188} INFO - [2025-06-05T02:22:16.725+0000] {dag.py:3823} INFO - Setting next_dagrun for schema_evolution_framework to None, run_after=None
[2025-06-05T02:22:16.740+0000] {processor.py:183} INFO - Processing /opt/airflow/dags/schema_drift/schema_drift.py took 0.067 seconds
[2025-06-05T02:22:47.117+0000] {processor.py:161} INFO - Started process (PID=737) to work on /opt/airflow/dags/schema_drift/schema_drift.py
[2025-06-05T02:22:47.118+0000] {processor.py:830} INFO - Processing file /opt/airflow/dags/schema_drift/schema_drift.py for tasks to queue
[2025-06-05T02:22:47.118+0000] {logging_mixin.py:188} INFO - [2025-06-05T02:22:47.118+0000] {dagbag.py:538} INFO - Filling up the DagBag from /opt/airflow/dags/schema_drift/schema_drift.py
[2025-06-05T02:22:47.125+0000] {processor.py:840} INFO - DAG(s) 'schema_evolution_framework' retrieved from /opt/airflow/dags/schema_drift/schema_drift.py
[2025-06-05T02:22:47.156+0000] {logging_mixin.py:188} INFO - [2025-06-05T02:22:47.156+0000] {dag.py:3036} INFO - Sync 1 DAGs
[2025-06-05T02:22:47.167+0000] {logging_mixin.py:188} INFO - [2025-06-05T02:22:47.167+0000] {dag.py:3823} INFO - Setting next_dagrun for schema_evolution_framework to None, run_after=None
[2025-06-05T02:22:47.186+0000] {processor.py:183} INFO - Processing /opt/airflow/dags/schema_drift/schema_drift.py took 0.072 seconds
[2025-06-05T02:23:17.549+0000] {processor.py:161} INFO - Started process (PID=762) to work on /opt/airflow/dags/schema_drift/schema_drift.py
[2025-06-05T02:23:17.549+0000] {processor.py:830} INFO - Processing file /opt/airflow/dags/schema_drift/schema_drift.py for tasks to queue
[2025-06-05T02:23:17.550+0000] {logging_mixin.py:188} INFO - [2025-06-05T02:23:17.550+0000] {dagbag.py:538} INFO - Filling up the DagBag from /opt/airflow/dags/schema_drift/schema_drift.py
[2025-06-05T02:23:17.555+0000] {processor.py:840} INFO - DAG(s) 'schema_evolution_framework' retrieved from /opt/airflow/dags/schema_drift/schema_drift.py
[2025-06-05T02:23:17.581+0000] {logging_mixin.py:188} INFO - [2025-06-05T02:23:17.581+0000] {dag.py:3036} INFO - Sync 1 DAGs
[2025-06-05T02:23:17.590+0000] {logging_mixin.py:188} INFO - [2025-06-05T02:23:17.590+0000] {dag.py:3823} INFO - Setting next_dagrun for schema_evolution_framework to None, run_after=None
[2025-06-05T02:23:17.606+0000] {processor.py:183} INFO - Processing /opt/airflow/dags/schema_drift/schema_drift.py took 0.060 seconds
[2025-06-05T02:23:47.946+0000] {processor.py:161} INFO - Started process (PID=787) to work on /opt/airflow/dags/schema_drift/schema_drift.py
[2025-06-05T02:23:47.946+0000] {processor.py:830} INFO - Processing file /opt/airflow/dags/schema_drift/schema_drift.py for tasks to queue
[2025-06-05T02:23:47.947+0000] {logging_mixin.py:188} INFO - [2025-06-05T02:23:47.947+0000] {dagbag.py:538} INFO - Filling up the DagBag from /opt/airflow/dags/schema_drift/schema_drift.py
[2025-06-05T02:23:47.954+0000] {processor.py:840} INFO - DAG(s) 'schema_evolution_framework' retrieved from /opt/airflow/dags/schema_drift/schema_drift.py
[2025-06-05T02:23:47.980+0000] {logging_mixin.py:188} INFO - [2025-06-05T02:23:47.979+0000] {dag.py:3036} INFO - Sync 1 DAGs
[2025-06-05T02:23:47.990+0000] {logging_mixin.py:188} INFO - [2025-06-05T02:23:47.990+0000] {dag.py:3823} INFO - Setting next_dagrun for schema_evolution_framework to None, run_after=None
[2025-06-05T02:23:48.004+0000] {processor.py:183} INFO - Processing /opt/airflow/dags/schema_drift/schema_drift.py took 0.060 seconds
[2025-06-05T02:24:18.336+0000] {processor.py:161} INFO - Started process (PID=812) to work on /opt/airflow/dags/schema_drift/schema_drift.py
[2025-06-05T02:24:18.337+0000] {processor.py:830} INFO - Processing file /opt/airflow/dags/schema_drift/schema_drift.py for tasks to queue
[2025-06-05T02:24:18.337+0000] {logging_mixin.py:188} INFO - [2025-06-05T02:24:18.337+0000] {dagbag.py:538} INFO - Filling up the DagBag from /opt/airflow/dags/schema_drift/schema_drift.py
[2025-06-05T02:24:18.342+0000] {processor.py:840} INFO - DAG(s) 'schema_evolution_framework' retrieved from /opt/airflow/dags/schema_drift/schema_drift.py
[2025-06-05T02:24:18.369+0000] {logging_mixin.py:188} INFO - [2025-06-05T02:24:18.368+0000] {dag.py:3036} INFO - Sync 1 DAGs
[2025-06-05T02:24:18.378+0000] {logging_mixin.py:188} INFO - [2025-06-05T02:24:18.378+0000] {dag.py:3823} INFO - Setting next_dagrun for schema_evolution_framework to None, run_after=None
[2025-06-05T02:24:18.392+0000] {processor.py:183} INFO - Processing /opt/airflow/dags/schema_drift/schema_drift.py took 0.059 seconds
[2025-06-05T02:24:48.742+0000] {processor.py:161} INFO - Started process (PID=837) to work on /opt/airflow/dags/schema_drift/schema_drift.py
[2025-06-05T02:24:48.743+0000] {processor.py:830} INFO - Processing file /opt/airflow/dags/schema_drift/schema_drift.py for tasks to queue
[2025-06-05T02:24:48.743+0000] {logging_mixin.py:188} INFO - [2025-06-05T02:24:48.743+0000] {dagbag.py:538} INFO - Filling up the DagBag from /opt/airflow/dags/schema_drift/schema_drift.py
[2025-06-05T02:24:48.749+0000] {processor.py:840} INFO - DAG(s) 'schema_evolution_framework' retrieved from /opt/airflow/dags/schema_drift/schema_drift.py
[2025-06-05T02:24:48.776+0000] {logging_mixin.py:188} INFO - [2025-06-05T02:24:48.775+0000] {dag.py:3036} INFO - Sync 1 DAGs
[2025-06-05T02:24:48.786+0000] {logging_mixin.py:188} INFO - [2025-06-05T02:24:48.786+0000] {dag.py:3823} INFO - Setting next_dagrun for schema_evolution_framework to None, run_after=None
[2025-06-05T02:24:48.800+0000] {processor.py:183} INFO - Processing /opt/airflow/dags/schema_drift/schema_drift.py took 0.061 seconds
[2025-06-05T02:25:19.126+0000] {processor.py:161} INFO - Started process (PID=862) to work on /opt/airflow/dags/schema_drift/schema_drift.py
[2025-06-05T02:25:19.126+0000] {processor.py:830} INFO - Processing file /opt/airflow/dags/schema_drift/schema_drift.py for tasks to queue
[2025-06-05T02:25:19.127+0000] {logging_mixin.py:188} INFO - [2025-06-05T02:25:19.126+0000] {dagbag.py:538} INFO - Filling up the DagBag from /opt/airflow/dags/schema_drift/schema_drift.py
[2025-06-05T02:25:19.132+0000] {processor.py:840} INFO - DAG(s) 'schema_evolution_framework' retrieved from /opt/airflow/dags/schema_drift/schema_drift.py
[2025-06-05T02:25:19.164+0000] {logging_mixin.py:188} INFO - [2025-06-05T02:25:19.164+0000] {dag.py:3036} INFO - Sync 1 DAGs
[2025-06-05T02:25:19.176+0000] {logging_mixin.py:188} INFO - [2025-06-05T02:25:19.176+0000] {dag.py:3823} INFO - Setting next_dagrun for schema_evolution_framework to None, run_after=None
[2025-06-05T02:25:19.191+0000] {processor.py:183} INFO - Processing /opt/airflow/dags/schema_drift/schema_drift.py took 0.067 seconds
[2025-06-05T02:25:49.527+0000] {processor.py:161} INFO - Started process (PID=887) to work on /opt/airflow/dags/schema_drift/schema_drift.py
[2025-06-05T02:25:49.528+0000] {processor.py:830} INFO - Processing file /opt/airflow/dags/schema_drift/schema_drift.py for tasks to queue
[2025-06-05T02:25:49.528+0000] {logging_mixin.py:188} INFO - [2025-06-05T02:25:49.528+0000] {dagbag.py:538} INFO - Filling up the DagBag from /opt/airflow/dags/schema_drift/schema_drift.py
[2025-06-05T02:25:49.535+0000] {processor.py:840} INFO - DAG(s) 'schema_evolution_framework' retrieved from /opt/airflow/dags/schema_drift/schema_drift.py
[2025-06-05T02:25:49.563+0000] {logging_mixin.py:188} INFO - [2025-06-05T02:25:49.563+0000] {dag.py:3036} INFO - Sync 1 DAGs
[2025-06-05T02:25:49.575+0000] {logging_mixin.py:188} INFO - [2025-06-05T02:25:49.575+0000] {dag.py:3823} INFO - Setting next_dagrun for schema_evolution_framework to None, run_after=None
[2025-06-05T02:25:49.590+0000] {processor.py:183} INFO - Processing /opt/airflow/dags/schema_drift/schema_drift.py took 0.066 seconds
[2025-06-05T02:26:19.921+0000] {processor.py:161} INFO - Started process (PID=912) to work on /opt/airflow/dags/schema_drift/schema_drift.py
[2025-06-05T02:26:19.922+0000] {processor.py:830} INFO - Processing file /opt/airflow/dags/schema_drift/schema_drift.py for tasks to queue
[2025-06-05T02:26:19.922+0000] {logging_mixin.py:188} INFO - [2025-06-05T02:26:19.922+0000] {dagbag.py:538} INFO - Filling up the DagBag from /opt/airflow/dags/schema_drift/schema_drift.py
[2025-06-05T02:26:19.928+0000] {processor.py:840} INFO - DAG(s) 'schema_evolution_framework' retrieved from /opt/airflow/dags/schema_drift/schema_drift.py
[2025-06-05T02:26:19.952+0000] {logging_mixin.py:188} INFO - [2025-06-05T02:26:19.952+0000] {dag.py:3036} INFO - Sync 1 DAGs
[2025-06-05T02:26:19.962+0000] {logging_mixin.py:188} INFO - [2025-06-05T02:26:19.962+0000] {dag.py:3823} INFO - Setting next_dagrun for schema_evolution_framework to None, run_after=None
[2025-06-05T02:26:19.975+0000] {processor.py:183} INFO - Processing /opt/airflow/dags/schema_drift/schema_drift.py took 0.057 seconds
[2025-06-05T02:26:50.302+0000] {processor.py:161} INFO - Started process (PID=937) to work on /opt/airflow/dags/schema_drift/schema_drift.py
[2025-06-05T02:26:50.302+0000] {processor.py:830} INFO - Processing file /opt/airflow/dags/schema_drift/schema_drift.py for tasks to queue
[2025-06-05T02:26:50.303+0000] {logging_mixin.py:188} INFO - [2025-06-05T02:26:50.303+0000] {dagbag.py:538} INFO - Filling up the DagBag from /opt/airflow/dags/schema_drift/schema_drift.py
[2025-06-05T02:26:50.308+0000] {processor.py:840} INFO - DAG(s) 'schema_evolution_framework' retrieved from /opt/airflow/dags/schema_drift/schema_drift.py
[2025-06-05T02:26:50.333+0000] {logging_mixin.py:188} INFO - [2025-06-05T02:26:50.333+0000] {dag.py:3036} INFO - Sync 1 DAGs
[2025-06-05T02:26:50.342+0000] {logging_mixin.py:188} INFO - [2025-06-05T02:26:50.342+0000] {dag.py:3823} INFO - Setting next_dagrun for schema_evolution_framework to None, run_after=None
[2025-06-05T02:26:50.356+0000] {processor.py:183} INFO - Processing /opt/airflow/dags/schema_drift/schema_drift.py took 0.056 seconds
[2025-06-05T02:27:20.671+0000] {processor.py:161} INFO - Started process (PID=962) to work on /opt/airflow/dags/schema_drift/schema_drift.py
[2025-06-05T02:27:20.671+0000] {processor.py:830} INFO - Processing file /opt/airflow/dags/schema_drift/schema_drift.py for tasks to queue
[2025-06-05T02:27:20.672+0000] {logging_mixin.py:188} INFO - [2025-06-05T02:27:20.672+0000] {dagbag.py:538} INFO - Filling up the DagBag from /opt/airflow/dags/schema_drift/schema_drift.py
[2025-06-05T02:27:20.678+0000] {processor.py:840} INFO - DAG(s) 'schema_evolution_framework' retrieved from /opt/airflow/dags/schema_drift/schema_drift.py
[2025-06-05T02:27:20.706+0000] {logging_mixin.py:188} INFO - [2025-06-05T02:27:20.706+0000] {dag.py:3036} INFO - Sync 1 DAGs
[2025-06-05T02:27:20.716+0000] {logging_mixin.py:188} INFO - [2025-06-05T02:27:20.716+0000] {dag.py:3823} INFO - Setting next_dagrun for schema_evolution_framework to None, run_after=None
[2025-06-05T02:27:20.731+0000] {processor.py:183} INFO - Processing /opt/airflow/dags/schema_drift/schema_drift.py took 0.062 seconds
[2025-06-05T02:27:51.060+0000] {processor.py:161} INFO - Started process (PID=1201) to work on /opt/airflow/dags/schema_drift/schema_drift.py
[2025-06-05T02:27:51.061+0000] {processor.py:830} INFO - Processing file /opt/airflow/dags/schema_drift/schema_drift.py for tasks to queue
[2025-06-05T02:27:51.061+0000] {logging_mixin.py:188} INFO - [2025-06-05T02:27:51.061+0000] {dagbag.py:538} INFO - Filling up the DagBag from /opt/airflow/dags/schema_drift/schema_drift.py
[2025-06-05T02:27:51.074+0000] {processor.py:840} INFO - DAG(s) 'schema_evolution_framework' retrieved from /opt/airflow/dags/schema_drift/schema_drift.py
[2025-06-05T02:27:51.115+0000] {logging_mixin.py:188} INFO - [2025-06-05T02:27:51.114+0000] {dag.py:3036} INFO - Sync 1 DAGs
[2025-06-05T02:27:51.127+0000] {logging_mixin.py:188} INFO - [2025-06-05T02:27:51.127+0000] {dag.py:3823} INFO - Setting next_dagrun for schema_evolution_framework to None, run_after=None
[2025-06-05T02:27:51.152+0000] {processor.py:183} INFO - Processing /opt/airflow/dags/schema_drift/schema_drift.py took 0.095 seconds
[2025-06-05T02:28:21.609+0000] {processor.py:161} INFO - Started process (PID=1226) to work on /opt/airflow/dags/schema_drift/schema_drift.py
[2025-06-05T02:28:21.610+0000] {processor.py:830} INFO - Processing file /opt/airflow/dags/schema_drift/schema_drift.py for tasks to queue
[2025-06-05T02:28:21.611+0000] {logging_mixin.py:188} INFO - [2025-06-05T02:28:21.611+0000] {dagbag.py:538} INFO - Filling up the DagBag from /opt/airflow/dags/schema_drift/schema_drift.py
[2025-06-05T02:28:21.620+0000] {processor.py:840} INFO - DAG(s) 'schema_evolution_framework' retrieved from /opt/airflow/dags/schema_drift/schema_drift.py
[2025-06-05T02:28:21.660+0000] {logging_mixin.py:188} INFO - [2025-06-05T02:28:21.659+0000] {dag.py:3036} INFO - Sync 1 DAGs
[2025-06-05T02:28:21.674+0000] {logging_mixin.py:188} INFO - [2025-06-05T02:28:21.673+0000] {dag.py:3823} INFO - Setting next_dagrun for schema_evolution_framework to None, run_after=None
[2025-06-05T02:28:21.697+0000] {processor.py:183} INFO - Processing /opt/airflow/dags/schema_drift/schema_drift.py took 0.094 seconds
[2025-06-05T02:28:52.077+0000] {processor.py:161} INFO - Started process (PID=1253) to work on /opt/airflow/dags/schema_drift/schema_drift.py
[2025-06-05T02:28:52.078+0000] {processor.py:830} INFO - Processing file /opt/airflow/dags/schema_drift/schema_drift.py for tasks to queue
[2025-06-05T02:28:52.079+0000] {logging_mixin.py:188} INFO - [2025-06-05T02:28:52.078+0000] {dagbag.py:538} INFO - Filling up the DagBag from /opt/airflow/dags/schema_drift/schema_drift.py
[2025-06-05T02:28:52.085+0000] {processor.py:840} INFO - DAG(s) 'schema_evolution_framework' retrieved from /opt/airflow/dags/schema_drift/schema_drift.py
[2025-06-05T02:28:52.114+0000] {logging_mixin.py:188} INFO - [2025-06-05T02:28:52.114+0000] {dag.py:3036} INFO - Sync 1 DAGs
[2025-06-05T02:28:52.125+0000] {logging_mixin.py:188} INFO - [2025-06-05T02:28:52.125+0000] {dag.py:3823} INFO - Setting next_dagrun for schema_evolution_framework to None, run_after=None
[2025-06-05T02:28:52.143+0000] {processor.py:183} INFO - Processing /opt/airflow/dags/schema_drift/schema_drift.py took 0.069 seconds
[2025-06-05T02:29:22.429+0000] {processor.py:161} INFO - Started process (PID=1278) to work on /opt/airflow/dags/schema_drift/schema_drift.py
[2025-06-05T02:29:22.430+0000] {processor.py:830} INFO - Processing file /opt/airflow/dags/schema_drift/schema_drift.py for tasks to queue
[2025-06-05T02:29:22.431+0000] {logging_mixin.py:188} INFO - [2025-06-05T02:29:22.431+0000] {dagbag.py:538} INFO - Filling up the DagBag from /opt/airflow/dags/schema_drift/schema_drift.py
[2025-06-05T02:29:22.438+0000] {processor.py:840} INFO - DAG(s) 'schema_evolution_framework' retrieved from /opt/airflow/dags/schema_drift/schema_drift.py
[2025-06-05T02:29:22.466+0000] {logging_mixin.py:188} INFO - [2025-06-05T02:29:22.466+0000] {dag.py:3036} INFO - Sync 1 DAGs
[2025-06-05T02:29:22.477+0000] {logging_mixin.py:188} INFO - [2025-06-05T02:29:22.477+0000] {dag.py:3823} INFO - Setting next_dagrun for schema_evolution_framework to None, run_after=None
[2025-06-05T02:29:22.494+0000] {processor.py:183} INFO - Processing /opt/airflow/dags/schema_drift/schema_drift.py took 0.067 seconds
[2025-06-05T02:29:52.774+0000] {processor.py:161} INFO - Started process (PID=1303) to work on /opt/airflow/dags/schema_drift/schema_drift.py
[2025-06-05T02:29:52.776+0000] {processor.py:830} INFO - Processing file /opt/airflow/dags/schema_drift/schema_drift.py for tasks to queue
[2025-06-05T02:29:52.777+0000] {logging_mixin.py:188} INFO - [2025-06-05T02:29:52.776+0000] {dagbag.py:538} INFO - Filling up the DagBag from /opt/airflow/dags/schema_drift/schema_drift.py
[2025-06-05T02:29:52.785+0000] {processor.py:840} INFO - DAG(s) 'schema_evolution_framework' retrieved from /opt/airflow/dags/schema_drift/schema_drift.py
[2025-06-05T02:29:52.815+0000] {logging_mixin.py:188} INFO - [2025-06-05T02:29:52.814+0000] {dag.py:3036} INFO - Sync 1 DAGs
[2025-06-05T02:29:52.825+0000] {logging_mixin.py:188} INFO - [2025-06-05T02:29:52.824+0000] {dag.py:3823} INFO - Setting next_dagrun for schema_evolution_framework to None, run_after=None
[2025-06-05T02:29:52.843+0000] {processor.py:183} INFO - Processing /opt/airflow/dags/schema_drift/schema_drift.py took 0.072 seconds
[2025-06-05T02:30:23.110+0000] {processor.py:161} INFO - Started process (PID=1328) to work on /opt/airflow/dags/schema_drift/schema_drift.py
[2025-06-05T02:30:23.111+0000] {processor.py:830} INFO - Processing file /opt/airflow/dags/schema_drift/schema_drift.py for tasks to queue
[2025-06-05T02:30:23.113+0000] {logging_mixin.py:188} INFO - [2025-06-05T02:30:23.112+0000] {dagbag.py:538} INFO - Filling up the DagBag from /opt/airflow/dags/schema_drift/schema_drift.py
[2025-06-05T02:30:23.122+0000] {processor.py:840} INFO - DAG(s) 'schema_evolution_framework' retrieved from /opt/airflow/dags/schema_drift/schema_drift.py
[2025-06-05T02:30:23.152+0000] {logging_mixin.py:188} INFO - [2025-06-05T02:30:23.151+0000] {dag.py:3036} INFO - Sync 1 DAGs
[2025-06-05T02:30:23.163+0000] {logging_mixin.py:188} INFO - [2025-06-05T02:30:23.163+0000] {dag.py:3823} INFO - Setting next_dagrun for schema_evolution_framework to None, run_after=None
[2025-06-05T02:30:23.179+0000] {processor.py:183} INFO - Processing /opt/airflow/dags/schema_drift/schema_drift.py took 0.072 seconds
[2025-06-05T02:30:53.499+0000] {processor.py:161} INFO - Started process (PID=1563) to work on /opt/airflow/dags/schema_drift/schema_drift.py
[2025-06-05T02:30:53.501+0000] {processor.py:830} INFO - Processing file /opt/airflow/dags/schema_drift/schema_drift.py for tasks to queue
[2025-06-05T02:30:53.502+0000] {logging_mixin.py:188} INFO - [2025-06-05T02:30:53.502+0000] {dagbag.py:538} INFO - Filling up the DagBag from /opt/airflow/dags/schema_drift/schema_drift.py
[2025-06-05T02:30:53.510+0000] {processor.py:840} INFO - DAG(s) 'schema_evolution_framework' retrieved from /opt/airflow/dags/schema_drift/schema_drift.py
[2025-06-05T02:30:53.540+0000] {logging_mixin.py:188} INFO - [2025-06-05T02:30:53.540+0000] {dag.py:3036} INFO - Sync 1 DAGs
[2025-06-05T02:30:53.551+0000] {logging_mixin.py:188} INFO - [2025-06-05T02:30:53.551+0000] {dag.py:3823} INFO - Setting next_dagrun for schema_evolution_framework to None, run_after=None
[2025-06-05T02:30:53.569+0000] {processor.py:183} INFO - Processing /opt/airflow/dags/schema_drift/schema_drift.py took 0.072 seconds
[2025-06-05T02:31:23.861+0000] {processor.py:161} INFO - Started process (PID=1588) to work on /opt/airflow/dags/schema_drift/schema_drift.py
[2025-06-05T02:31:23.864+0000] {processor.py:830} INFO - Processing file /opt/airflow/dags/schema_drift/schema_drift.py for tasks to queue
[2025-06-05T02:31:23.866+0000] {logging_mixin.py:188} INFO - [2025-06-05T02:31:23.865+0000] {dagbag.py:538} INFO - Filling up the DagBag from /opt/airflow/dags/schema_drift/schema_drift.py
[2025-06-05T02:31:23.874+0000] {processor.py:840} INFO - DAG(s) 'schema_evolution_framework' retrieved from /opt/airflow/dags/schema_drift/schema_drift.py
[2025-06-05T02:31:23.905+0000] {logging_mixin.py:188} INFO - [2025-06-05T02:31:23.904+0000] {dag.py:3036} INFO - Sync 1 DAGs
[2025-06-05T02:31:23.916+0000] {logging_mixin.py:188} INFO - [2025-06-05T02:31:23.916+0000] {dag.py:3823} INFO - Setting next_dagrun for schema_evolution_framework to None, run_after=None
[2025-06-05T02:31:23.933+0000] {processor.py:183} INFO - Processing /opt/airflow/dags/schema_drift/schema_drift.py took 0.075 seconds
[2025-06-05T02:31:54.224+0000] {processor.py:161} INFO - Started process (PID=1613) to work on /opt/airflow/dags/schema_drift/schema_drift.py
[2025-06-05T02:31:54.226+0000] {processor.py:830} INFO - Processing file /opt/airflow/dags/schema_drift/schema_drift.py for tasks to queue
[2025-06-05T02:31:54.226+0000] {logging_mixin.py:188} INFO - [2025-06-05T02:31:54.226+0000] {dagbag.py:538} INFO - Filling up the DagBag from /opt/airflow/dags/schema_drift/schema_drift.py
[2025-06-05T02:31:54.236+0000] {processor.py:840} INFO - DAG(s) 'schema_evolution_framework' retrieved from /opt/airflow/dags/schema_drift/schema_drift.py
[2025-06-05T02:31:54.264+0000] {logging_mixin.py:188} INFO - [2025-06-05T02:31:54.264+0000] {dag.py:3036} INFO - Sync 1 DAGs
[2025-06-05T02:31:54.275+0000] {logging_mixin.py:188} INFO - [2025-06-05T02:31:54.275+0000] {dag.py:3823} INFO - Setting next_dagrun for schema_evolution_framework to None, run_after=None
[2025-06-05T02:31:54.294+0000] {processor.py:183} INFO - Processing /opt/airflow/dags/schema_drift/schema_drift.py took 0.073 seconds
[2025-06-05T02:32:24.578+0000] {processor.py:161} INFO - Started process (PID=1638) to work on /opt/airflow/dags/schema_drift/schema_drift.py
[2025-06-05T02:32:24.580+0000] {processor.py:830} INFO - Processing file /opt/airflow/dags/schema_drift/schema_drift.py for tasks to queue
[2025-06-05T02:32:24.581+0000] {logging_mixin.py:188} INFO - [2025-06-05T02:32:24.581+0000] {dagbag.py:538} INFO - Filling up the DagBag from /opt/airflow/dags/schema_drift/schema_drift.py
[2025-06-05T02:32:24.591+0000] {processor.py:840} INFO - DAG(s) 'schema_evolution_framework' retrieved from /opt/airflow/dags/schema_drift/schema_drift.py
[2025-06-05T02:32:24.625+0000] {logging_mixin.py:188} INFO - [2025-06-05T02:32:24.624+0000] {dag.py:3036} INFO - Sync 1 DAGs
[2025-06-05T02:32:24.639+0000] {logging_mixin.py:188} INFO - [2025-06-05T02:32:24.638+0000] {dag.py:3823} INFO - Setting next_dagrun for schema_evolution_framework to None, run_after=None
[2025-06-05T02:32:24.658+0000] {processor.py:183} INFO - Processing /opt/airflow/dags/schema_drift/schema_drift.py took 0.082 seconds
[2025-06-05T02:32:54.956+0000] {processor.py:161} INFO - Started process (PID=1663) to work on /opt/airflow/dags/schema_drift/schema_drift.py
[2025-06-05T02:32:54.958+0000] {processor.py:830} INFO - Processing file /opt/airflow/dags/schema_drift/schema_drift.py for tasks to queue
[2025-06-05T02:32:54.959+0000] {logging_mixin.py:188} INFO - [2025-06-05T02:32:54.959+0000] {dagbag.py:538} INFO - Filling up the DagBag from /opt/airflow/dags/schema_drift/schema_drift.py
[2025-06-05T02:32:54.965+0000] {processor.py:840} INFO - DAG(s) 'schema_evolution_framework' retrieved from /opt/airflow/dags/schema_drift/schema_drift.py
[2025-06-05T02:32:54.993+0000] {logging_mixin.py:188} INFO - [2025-06-05T02:32:54.993+0000] {dag.py:3036} INFO - Sync 1 DAGs
[2025-06-05T02:32:55.005+0000] {logging_mixin.py:188} INFO - [2025-06-05T02:32:55.004+0000] {dag.py:3823} INFO - Setting next_dagrun for schema_evolution_framework to None, run_after=None
[2025-06-05T02:32:55.024+0000] {processor.py:183} INFO - Processing /opt/airflow/dags/schema_drift/schema_drift.py took 0.073 seconds
[2025-06-05T02:33:25.331+0000] {processor.py:161} INFO - Started process (PID=1688) to work on /opt/airflow/dags/schema_drift/schema_drift.py
[2025-06-05T02:33:25.333+0000] {processor.py:830} INFO - Processing file /opt/airflow/dags/schema_drift/schema_drift.py for tasks to queue
[2025-06-05T02:33:25.334+0000] {logging_mixin.py:188} INFO - [2025-06-05T02:33:25.333+0000] {dagbag.py:538} INFO - Filling up the DagBag from /opt/airflow/dags/schema_drift/schema_drift.py
[2025-06-05T02:33:25.343+0000] {processor.py:840} INFO - DAG(s) 'schema_evolution_framework' retrieved from /opt/airflow/dags/schema_drift/schema_drift.py
[2025-06-05T02:33:25.372+0000] {logging_mixin.py:188} INFO - [2025-06-05T02:33:25.372+0000] {dag.py:3036} INFO - Sync 1 DAGs
[2025-06-05T02:33:25.382+0000] {logging_mixin.py:188} INFO - [2025-06-05T02:33:25.382+0000] {dag.py:3823} INFO - Setting next_dagrun for schema_evolution_framework to None, run_after=None
[2025-06-05T02:33:25.397+0000] {processor.py:183} INFO - Processing /opt/airflow/dags/schema_drift/schema_drift.py took 0.068 seconds
[2025-06-05T02:33:55.710+0000] {processor.py:161} INFO - Started process (PID=1713) to work on /opt/airflow/dags/schema_drift/schema_drift.py
[2025-06-05T02:33:55.711+0000] {processor.py:830} INFO - Processing file /opt/airflow/dags/schema_drift/schema_drift.py for tasks to queue
[2025-06-05T02:33:55.712+0000] {logging_mixin.py:188} INFO - [2025-06-05T02:33:55.712+0000] {dagbag.py:538} INFO - Filling up the DagBag from /opt/airflow/dags/schema_drift/schema_drift.py
[2025-06-05T02:33:55.718+0000] {processor.py:840} INFO - DAG(s) 'schema_evolution_framework' retrieved from /opt/airflow/dags/schema_drift/schema_drift.py
[2025-06-05T02:33:55.749+0000] {logging_mixin.py:188} INFO - [2025-06-05T02:33:55.748+0000] {dag.py:3036} INFO - Sync 1 DAGs
[2025-06-05T02:33:55.760+0000] {logging_mixin.py:188} INFO - [2025-06-05T02:33:55.760+0000] {dag.py:3823} INFO - Setting next_dagrun for schema_evolution_framework to None, run_after=None
[2025-06-05T02:33:55.776+0000] {processor.py:183} INFO - Processing /opt/airflow/dags/schema_drift/schema_drift.py took 0.072 seconds
[2025-06-05T02:34:26.070+0000] {processor.py:161} INFO - Started process (PID=1738) to work on /opt/airflow/dags/schema_drift/schema_drift.py
[2025-06-05T02:34:26.071+0000] {processor.py:830} INFO - Processing file /opt/airflow/dags/schema_drift/schema_drift.py for tasks to queue
[2025-06-05T02:34:26.072+0000] {logging_mixin.py:188} INFO - [2025-06-05T02:34:26.072+0000] {dagbag.py:538} INFO - Filling up the DagBag from /opt/airflow/dags/schema_drift/schema_drift.py
[2025-06-05T02:34:26.080+0000] {processor.py:840} INFO - DAG(s) 'schema_evolution_framework' retrieved from /opt/airflow/dags/schema_drift/schema_drift.py
[2025-06-05T02:34:26.113+0000] {logging_mixin.py:188} INFO - [2025-06-05T02:34:26.113+0000] {dag.py:3036} INFO - Sync 1 DAGs
[2025-06-05T02:34:26.125+0000] {logging_mixin.py:188} INFO - [2025-06-05T02:34:26.125+0000] {dag.py:3823} INFO - Setting next_dagrun for schema_evolution_framework to None, run_after=None
[2025-06-05T02:34:26.142+0000] {processor.py:183} INFO - Processing /opt/airflow/dags/schema_drift/schema_drift.py took 0.075 seconds
[2025-06-05T02:34:56.458+0000] {processor.py:161} INFO - Started process (PID=1763) to work on /opt/airflow/dags/schema_drift/schema_drift.py
[2025-06-05T02:34:56.460+0000] {processor.py:830} INFO - Processing file /opt/airflow/dags/schema_drift/schema_drift.py for tasks to queue
[2025-06-05T02:34:56.461+0000] {logging_mixin.py:188} INFO - [2025-06-05T02:34:56.461+0000] {dagbag.py:538} INFO - Filling up the DagBag from /opt/airflow/dags/schema_drift/schema_drift.py
[2025-06-05T02:34:56.470+0000] {processor.py:840} INFO - DAG(s) 'schema_evolution_framework' retrieved from /opt/airflow/dags/schema_drift/schema_drift.py
[2025-06-05T02:34:56.502+0000] {logging_mixin.py:188} INFO - [2025-06-05T02:34:56.502+0000] {dag.py:3036} INFO - Sync 1 DAGs
[2025-06-05T02:34:56.516+0000] {logging_mixin.py:188} INFO - [2025-06-05T02:34:56.516+0000] {dag.py:3823} INFO - Setting next_dagrun for schema_evolution_framework to None, run_after=None
[2025-06-05T02:34:56.536+0000] {processor.py:183} INFO - Processing /opt/airflow/dags/schema_drift/schema_drift.py took 0.081 seconds
[2025-06-05T02:35:26.840+0000] {processor.py:161} INFO - Started process (PID=1788) to work on /opt/airflow/dags/schema_drift/schema_drift.py
[2025-06-05T02:35:26.842+0000] {processor.py:830} INFO - Processing file /opt/airflow/dags/schema_drift/schema_drift.py for tasks to queue
[2025-06-05T02:35:26.843+0000] {logging_mixin.py:188} INFO - [2025-06-05T02:35:26.842+0000] {dagbag.py:538} INFO - Filling up the DagBag from /opt/airflow/dags/schema_drift/schema_drift.py
[2025-06-05T02:35:26.853+0000] {processor.py:840} INFO - DAG(s) 'schema_evolution_framework' retrieved from /opt/airflow/dags/schema_drift/schema_drift.py
[2025-06-05T02:35:26.886+0000] {logging_mixin.py:188} INFO - [2025-06-05T02:35:26.885+0000] {dag.py:3036} INFO - Sync 1 DAGs
[2025-06-05T02:35:26.897+0000] {logging_mixin.py:188} INFO - [2025-06-05T02:35:26.897+0000] {dag.py:3823} INFO - Setting next_dagrun for schema_evolution_framework to None, run_after=None
[2025-06-05T02:35:26.912+0000] {processor.py:183} INFO - Processing /opt/airflow/dags/schema_drift/schema_drift.py took 0.074 seconds
[2025-06-05T02:35:57.212+0000] {processor.py:161} INFO - Started process (PID=1813) to work on /opt/airflow/dags/schema_drift/schema_drift.py
[2025-06-05T02:35:57.213+0000] {processor.py:830} INFO - Processing file /opt/airflow/dags/schema_drift/schema_drift.py for tasks to queue
[2025-06-05T02:35:57.215+0000] {logging_mixin.py:188} INFO - [2025-06-05T02:35:57.215+0000] {dagbag.py:538} INFO - Filling up the DagBag from /opt/airflow/dags/schema_drift/schema_drift.py
[2025-06-05T02:35:57.224+0000] {processor.py:840} INFO - DAG(s) 'schema_evolution_framework' retrieved from /opt/airflow/dags/schema_drift/schema_drift.py
[2025-06-05T02:35:57.253+0000] {logging_mixin.py:188} INFO - [2025-06-05T02:35:57.253+0000] {dag.py:3036} INFO - Sync 1 DAGs
[2025-06-05T02:35:57.265+0000] {logging_mixin.py:188} INFO - [2025-06-05T02:35:57.265+0000] {dag.py:3823} INFO - Setting next_dagrun for schema_evolution_framework to None, run_after=None
[2025-06-05T02:35:57.281+0000] {processor.py:183} INFO - Processing /opt/airflow/dags/schema_drift/schema_drift.py took 0.071 seconds
[2025-06-05T02:36:27.587+0000] {processor.py:161} INFO - Started process (PID=1838) to work on /opt/airflow/dags/schema_drift/schema_drift.py
[2025-06-05T02:36:27.589+0000] {processor.py:830} INFO - Processing file /opt/airflow/dags/schema_drift/schema_drift.py for tasks to queue
[2025-06-05T02:36:27.590+0000] {logging_mixin.py:188} INFO - [2025-06-05T02:36:27.590+0000] {dagbag.py:538} INFO - Filling up the DagBag from /opt/airflow/dags/schema_drift/schema_drift.py
[2025-06-05T02:36:27.599+0000] {processor.py:840} INFO - DAG(s) 'schema_evolution_framework' retrieved from /opt/airflow/dags/schema_drift/schema_drift.py
[2025-06-05T02:36:27.637+0000] {logging_mixin.py:188} INFO - [2025-06-05T02:36:27.637+0000] {dag.py:3036} INFO - Sync 1 DAGs
[2025-06-05T02:36:27.649+0000] {logging_mixin.py:188} INFO - [2025-06-05T02:36:27.648+0000] {dag.py:3823} INFO - Setting next_dagrun for schema_evolution_framework to None, run_after=None
[2025-06-05T02:36:27.671+0000] {processor.py:183} INFO - Processing /opt/airflow/dags/schema_drift/schema_drift.py took 0.090 seconds
[2025-06-05T02:36:58.004+0000] {processor.py:161} INFO - Started process (PID=1863) to work on /opt/airflow/dags/schema_drift/schema_drift.py
[2025-06-05T02:36:58.006+0000] {processor.py:830} INFO - Processing file /opt/airflow/dags/schema_drift/schema_drift.py for tasks to queue
[2025-06-05T02:36:58.007+0000] {logging_mixin.py:188} INFO - [2025-06-05T02:36:58.006+0000] {dagbag.py:538} INFO - Filling up the DagBag from /opt/airflow/dags/schema_drift/schema_drift.py
[2025-06-05T02:36:58.016+0000] {processor.py:840} INFO - DAG(s) 'schema_evolution_framework' retrieved from /opt/airflow/dags/schema_drift/schema_drift.py
[2025-06-05T02:36:58.049+0000] {logging_mixin.py:188} INFO - [2025-06-05T02:36:58.049+0000] {dag.py:3036} INFO - Sync 1 DAGs
[2025-06-05T02:36:58.059+0000] {logging_mixin.py:188} INFO - [2025-06-05T02:36:58.059+0000] {dag.py:3823} INFO - Setting next_dagrun for schema_evolution_framework to None, run_after=None
[2025-06-05T02:36:58.074+0000] {processor.py:183} INFO - Processing /opt/airflow/dags/schema_drift/schema_drift.py took 0.072 seconds
[2025-06-05T02:37:28.361+0000] {processor.py:161} INFO - Started process (PID=1888) to work on /opt/airflow/dags/schema_drift/schema_drift.py
[2025-06-05T02:37:28.363+0000] {processor.py:830} INFO - Processing file /opt/airflow/dags/schema_drift/schema_drift.py for tasks to queue
[2025-06-05T02:37:28.363+0000] {logging_mixin.py:188} INFO - [2025-06-05T02:37:28.363+0000] {dagbag.py:538} INFO - Filling up the DagBag from /opt/airflow/dags/schema_drift/schema_drift.py
[2025-06-05T02:37:28.372+0000] {processor.py:840} INFO - DAG(s) 'schema_evolution_framework' retrieved from /opt/airflow/dags/schema_drift/schema_drift.py
[2025-06-05T02:37:28.401+0000] {logging_mixin.py:188} INFO - [2025-06-05T02:37:28.401+0000] {dag.py:3036} INFO - Sync 1 DAGs
[2025-06-05T02:37:28.412+0000] {logging_mixin.py:188} INFO - [2025-06-05T02:37:28.412+0000] {dag.py:3823} INFO - Setting next_dagrun for schema_evolution_framework to None, run_after=None
[2025-06-05T02:37:28.428+0000] {processor.py:183} INFO - Processing /opt/airflow/dags/schema_drift/schema_drift.py took 0.069 seconds
[2025-06-05T02:37:58.742+0000] {processor.py:161} INFO - Started process (PID=1913) to work on /opt/airflow/dags/schema_drift/schema_drift.py
[2025-06-05T02:37:58.743+0000] {processor.py:830} INFO - Processing file /opt/airflow/dags/schema_drift/schema_drift.py for tasks to queue
[2025-06-05T02:37:58.744+0000] {logging_mixin.py:188} INFO - [2025-06-05T02:37:58.744+0000] {dagbag.py:538} INFO - Filling up the DagBag from /opt/airflow/dags/schema_drift/schema_drift.py
[2025-06-05T02:37:58.752+0000] {processor.py:840} INFO - DAG(s) 'schema_evolution_framework' retrieved from /opt/airflow/dags/schema_drift/schema_drift.py
[2025-06-05T02:37:58.780+0000] {logging_mixin.py:188} INFO - [2025-06-05T02:37:58.780+0000] {dag.py:3036} INFO - Sync 1 DAGs
[2025-06-05T02:37:58.791+0000] {logging_mixin.py:188} INFO - [2025-06-05T02:37:58.790+0000] {dag.py:3823} INFO - Setting next_dagrun for schema_evolution_framework to None, run_after=None
[2025-06-05T02:37:58.806+0000] {processor.py:183} INFO - Processing /opt/airflow/dags/schema_drift/schema_drift.py took 0.066 seconds
