[2025-06-09T11:28:57.397+0000] {taskinstance.py:1956} INFO - Dependencies all met for dep_context=non-requeueable deps ti=<TaskInstance: multi_region_to_snowflake.process_region_asia.process_order_items_asia scheduled__2025-06-08T00:00:00+00:00 [queued]>
[2025-06-09T11:28:57.411+0000] {taskinstance.py:1956} INFO - Dependencies all met for dep_context=requeueable deps ti=<TaskInstance: multi_region_to_snowflake.process_region_asia.process_order_items_asia scheduled__2025-06-08T00:00:00+00:00 [queued]>
[2025-06-09T11:28:57.412+0000] {taskinstance.py:2170} INFO - Starting attempt 1 of 2
[2025-06-09T11:28:57.437+0000] {taskinstance.py:2191} INFO - Executing <Task(_PythonDecoratedOperator): process_region_asia.process_order_items_asia> on 2025-06-08 00:00:00+00:00
[2025-06-09T11:28:57.447+0000] {standard_task_runner.py:60} INFO - Started process 18799 to run task
[2025-06-09T11:28:57.451+0000] {standard_task_runner.py:87} INFO - Running: ['airflow', 'tasks', 'run', 'multi_region_to_snowflake', 'process_region_asia.process_order_items_asia', 'scheduled__2025-06-08T00:00:00+00:00', '--job-id', '753', '--raw', '--subdir', 'DAGS_FOLDER/master_dag.py', '--cfg-path', '/tmp/tmpxr8l5g48']
[2025-06-09T11:28:57.454+0000] {standard_task_runner.py:88} INFO - Job 753: Subtask process_region_asia.process_order_items_asia
[2025-06-09T11:28:57.570+0000] {task_command.py:423} INFO - Running <TaskInstance: multi_region_to_snowflake.process_region_asia.process_order_items_asia scheduled__2025-06-08T00:00:00+00:00 [running]> on host 7fa6630d536c
[2025-06-09T11:28:57.767+0000] {taskinstance.py:2480} INFO - Exporting env vars: AIRFLOW_CTX_DAG_OWNER='data-team' AIRFLOW_CTX_DAG_ID='multi_region_to_snowflake' AIRFLOW_CTX_TASK_ID='process_region_asia.process_order_items_asia' AIRFLOW_CTX_EXECUTION_DATE='2025-06-08T00:00:00+00:00' AIRFLOW_CTX_TRY_NUMBER='1' AIRFLOW_CTX_DAG_RUN_ID='scheduled__2025-06-08T00:00:00+00:00'
[2025-06-09T11:29:11.375+0000] {logging_mixin.py:188} INFO - Processing order_items for region asia
[2025-06-09T11:29:24.626+0000] {logging_mixin.py:188} INFO - STAGING_ASIA
[2025-06-09T11:29:33.994+0000] {logging_mixin.py:188} INFO - +-------------+--------+----------+--------+--------------+---------------+-------------------+-------+--------+
|order_item_id|order_id|variant_id|quantity|unit_price_jpy|total_price_jpy|         created_at|_region| _source|
+-------------+--------+----------+--------+--------------+---------------+-------------------+-------+--------+
|            1|       1|         1|       1|        149800|         149800|2024-03-05 13:35:40|   asia|postgres|
|            2|       2|        11|       1|          8900|           8900|2024-03-06 15:50:25|   asia|postgres|
|            3|       3|        14|       1|        198000|         198000|2024-03-07 08:25:30|   asia|postgres|
|            4|       4|        14|       1|         19800|          19800|2024-03-08 10:40:45|   asia|postgres|
|            5|       5|        11|       1|         25000|          25000|2024-03-09 12:55:20|   asia|postgres|
|            6|       6|        18|       1|          9800|           9800|2024-03-10 15:20:35|   asia|postgres|
|            7|       7|        20|       1|         89000|          89000|2024-03-11 08:35:50|   asia|postgres|
|            8|       8|        10|       1|          4500|           4500|2024-03-12 10:50:15|   asia|postgres|
|            9|       9|         4|       1|        158000|         158000|2024-03-13 13:15:30|   asia|postgres|
|           10|      10|        16|       1|         12500|          12500|2024-03-14 15:30:45|   asia|postgres|
+-------------+--------+----------+--------+--------------+---------------+-------------------+-------+--------+
only showing top 10 rows
[2025-06-09T11:29:33.995+0000] {logging_mixin.py:188} INFO - Inserting into snowflake
[2025-06-09T11:29:48.792+0000] {logging_mixin.py:188} INFO - successfully inserted in snowflake
[2025-06-09T11:29:49.856+0000] {logging_mixin.py:188} INFO - Successfully processed 20 records for order_items in asia
[2025-06-09T11:29:51.243+0000] {python.py:201} INFO - Done. Returned value was: {'region': 'asia', 'table': 'order_items', 'record_count': 20, 'status': 'success'}
[2025-06-09T11:29:51.330+0000] {taskinstance.py:1138} INFO - Marking task as SUCCESS. dag_id=multi_region_to_snowflake, task_id=process_region_asia.process_order_items_asia, execution_date=20250608T000000, start_date=20250609T112857, end_date=20250609T112951
[2025-06-09T11:29:51.406+0000] {local_task_job_runner.py:234} INFO - Task exited with return code 0
[2025-06-09T11:29:51.567+0000] {taskinstance.py:3280} INFO - 1 downstream tasks scheduled from follow-on schedule check
