[2025-06-03T06:07:22.735+0000] {taskinstance.py:1956} INFO - Dependencies all met for dep_context=non-requeueable deps ti=<TaskInstance: ingest_raw_data_asia.extract_asia_asia_discounts scheduled__2025-06-02T00:00:00+00:00 [queued]>
[2025-06-03T06:07:22.760+0000] {taskinstance.py:1956} INFO - Dependencies all met for dep_context=requeueable deps ti=<TaskInstance: ingest_raw_data_asia.extract_asia_asia_discounts scheduled__2025-06-02T00:00:00+00:00 [queued]>
[2025-06-03T06:07:22.761+0000] {taskinstance.py:2170} INFO - Starting attempt 1 of 2
[2025-06-03T06:07:23.289+0000] {taskinstance.py:2191} INFO - Executing <Task(BashOperator): extract_asia_asia_discounts> on 2025-06-02 00:00:00+00:00
[2025-06-03T06:07:23.307+0000] {standard_task_runner.py:60} INFO - Started process 3359 to run task
[2025-06-03T06:07:23.308+0000] {standard_task_runner.py:87} INFO - Running: ['airflow', 'tasks', 'run', 'ingest_raw_data_asia', 'extract_asia_asia_discounts', 'scheduled__2025-06-02T00:00:00+00:00', '--job-id', '216', '--raw', '--subdir', 'DAGS_FOLDER/asia/landing.py', '--cfg-path', '/tmp/tmp4gfs7hru']
[2025-06-03T06:07:23.309+0000] {standard_task_runner.py:88} INFO - Job 216: Subtask extract_asia_asia_discounts
[2025-06-03T06:07:23.529+0000] {logging_mixin.py:188} WARNING - /home/airflow/.local/lib/python3.10/site-packages/airflow/settings.py:194 DeprecationWarning: The sql_alchemy_conn option in [core] has been moved to the sql_alchemy_conn option in [database] - the old setting has been used, but please update your config.
[2025-06-03T06:07:23.633+0000] {task_command.py:423} INFO - Running <TaskInstance: ingest_raw_data_asia.extract_asia_asia_discounts scheduled__2025-06-02T00:00:00+00:00 [running]> on host 86069ee61878
[2025-06-03T06:07:25.768+0000] {taskinstance.py:2480} INFO - Exporting env vars: AIRFLOW_CTX_DAG_OWNER='airflow' AIRFLOW_CTX_DAG_ID='ingest_raw_data_asia' AIRFLOW_CTX_TASK_ID='extract_asia_asia_discounts' AIRFLOW_CTX_EXECUTION_DATE='2025-06-02T00:00:00+00:00' AIRFLOW_CTX_TRY_NUMBER='1' AIRFLOW_CTX_DAG_RUN_ID='scheduled__2025-06-02T00:00:00+00:00'
[2025-06-03T06:07:25.770+0000] {subprocess.py:63} INFO - Tmp dir root location: /tmp
[2025-06-03T06:07:25.772+0000] {subprocess.py:75} INFO - Running command: ['/usr/bin/bash', '-c', '\n                spark-submit                     /opt/airflow/scripts/pyspark_jobs/extract_to_parquet.py                     asia.discounts "jdbc:postgresql://retail-postgres:5432/retail_etl" retail-etl retail_etl 2025-06-02\n            ']
[2025-06-03T06:07:25.946+0000] {subprocess.py:86} INFO - Output:
[2025-06-03T06:09:41.955+0000] {subprocess.py:93} INFO - 25/06/03 06:09:41 INFO SparkContext: Running Spark version 3.5.6
[2025-06-03T06:09:42.033+0000] {subprocess.py:93} INFO - 25/06/03 06:09:41 INFO SparkContext: OS info Linux, 6.11.0-26-generic, amd64
[2025-06-03T06:09:42.033+0000] {subprocess.py:93} INFO - 25/06/03 06:09:41 INFO SparkContext: Java version 11.0.24
[2025-06-03T06:09:45.060+0000] {subprocess.py:93} INFO - 25/06/03 06:09:45 WARN NativeCodeLoader: Unable to load native-hadoop library for your platform... using builtin-java classes where applicable
[2025-06-03T06:09:47.223+0000] {subprocess.py:93} INFO - 25/06/03 06:09:47 INFO ResourceUtils: ==============================================================
[2025-06-03T06:09:47.224+0000] {subprocess.py:93} INFO - 25/06/03 06:09:47 INFO ResourceUtils: No custom resources configured for spark.driver.
[2025-06-03T06:09:47.224+0000] {subprocess.py:93} INFO - 25/06/03 06:09:47 INFO ResourceUtils: ==============================================================
[2025-06-03T06:09:47.224+0000] {subprocess.py:93} INFO - 25/06/03 06:09:47 INFO SparkContext: Submitted application: Extract_asia_asia.discounts
[2025-06-03T06:09:47.424+0000] {subprocess.py:93} INFO - 25/06/03 06:09:47 INFO ResourceProfile: Default ResourceProfile created, executor resources: Map(cores -> name: cores, amount: 1, script: , vendor: , memory -> name: memory, amount: 1024, script: , vendor: , offHeap -> name: offHeap, amount: 0, script: , vendor: ), task resources: Map(cpus -> name: cpus, amount: 1.0)
[2025-06-03T06:09:47.469+0000] {subprocess.py:93} INFO - 25/06/03 06:09:47 INFO ResourceProfile: Limiting resource is cpu
[2025-06-03T06:09:47.472+0000] {subprocess.py:93} INFO - 25/06/03 06:09:47 INFO ResourceProfileManager: Added ResourceProfile id: 0
[2025-06-03T06:09:49.419+0000] {subprocess.py:93} INFO - 25/06/03 06:09:49 INFO SecurityManager: Changing view acls to: airflow
[2025-06-03T06:09:49.421+0000] {subprocess.py:93} INFO - 25/06/03 06:09:49 INFO SecurityManager: Changing modify acls to: airflow
[2025-06-03T06:09:49.424+0000] {subprocess.py:93} INFO - 25/06/03 06:09:49 INFO SecurityManager: Changing view acls groups to:
[2025-06-03T06:09:49.426+0000] {subprocess.py:93} INFO - 25/06/03 06:09:49 INFO SecurityManager: Changing modify acls groups to:
[2025-06-03T06:09:49.427+0000] {subprocess.py:93} INFO - 25/06/03 06:09:49 INFO SecurityManager: SecurityManager: authentication disabled; ui acls disabled; users with view permissions: airflow; groups with view permissions: EMPTY; users with modify permissions: airflow; groups with modify permissions: EMPTY
[2025-06-03T06:10:04.320+0000] {subprocess.py:93} INFO - 25/06/03 06:10:04 INFO Utils: Successfully started service 'sparkDriver' on port 41999.
[2025-06-03T06:10:05.894+0000] {subprocess.py:93} INFO - 25/06/03 06:10:05 INFO SparkEnv: Registering MapOutputTracker
[2025-06-03T06:10:05.925+0000] {subprocess.py:93} INFO - 25/06/03 06:10:05 INFO SparkEnv: Registering BlockManagerMaster
[2025-06-03T06:10:05.945+0000] {subprocess.py:93} INFO - 25/06/03 06:10:05 INFO BlockManagerMasterEndpoint: Using org.apache.spark.storage.DefaultTopologyMapper for getting topology information
[2025-06-03T06:10:05.945+0000] {subprocess.py:93} INFO - 25/06/03 06:10:05 INFO BlockManagerMasterEndpoint: BlockManagerMasterEndpoint up
[2025-06-03T06:10:07.127+0000] {subprocess.py:93} INFO - 25/06/03 06:10:07 INFO SparkEnv: Registering BlockManagerMasterHeartbeat
[2025-06-03T06:10:07.199+0000] {subprocess.py:93} INFO - 25/06/03 06:10:07 INFO DiskBlockManager: Created local directory at /tmp/blockmgr-d9a6a3bb-865f-4dab-9c22-95e8690e2995
[2025-06-03T06:10:07.231+0000] {subprocess.py:93} INFO - 25/06/03 06:10:07 INFO MemoryStore: MemoryStore started with capacity 434.4 MiB
[2025-06-03T06:10:08.079+0000] {subprocess.py:93} INFO - 25/06/03 06:10:08 INFO SparkEnv: Registering OutputCommitCoordinator
[2025-06-03T06:10:11.652+0000] {subprocess.py:93} INFO - 25/06/03 06:10:11 INFO JettyUtils: Start Jetty 0.0.0.0:4040 for SparkUI
[2025-06-03T06:10:13.038+0000] {subprocess.py:93} INFO - 25/06/03 06:10:13 WARN Utils: Service 'SparkUI' could not bind on port 4040. Attempting port 4041.
[2025-06-03T06:10:13.044+0000] {subprocess.py:93} INFO - 25/06/03 06:10:13 WARN Utils: Service 'SparkUI' could not bind on port 4041. Attempting port 4042.
[2025-06-03T06:10:13.047+0000] {subprocess.py:93} INFO - 25/06/03 06:10:13 WARN Utils: Service 'SparkUI' could not bind on port 4042. Attempting port 4043.
[2025-06-03T06:10:13.048+0000] {subprocess.py:93} INFO - 25/06/03 06:10:13 WARN Utils: Service 'SparkUI' could not bind on port 4043. Attempting port 4044.
[2025-06-03T06:10:13.049+0000] {subprocess.py:93} INFO - 25/06/03 06:10:13 WARN Utils: Service 'SparkUI' could not bind on port 4044. Attempting port 4045.
[2025-06-03T06:10:13.049+0000] {subprocess.py:93} INFO - 25/06/03 06:10:13 WARN Utils: Service 'SparkUI' could not bind on port 4045. Attempting port 4046.
[2025-06-03T06:10:13.050+0000] {subprocess.py:93} INFO - 25/06/03 06:10:13 WARN Utils: Service 'SparkUI' could not bind on port 4046. Attempting port 4047.
[2025-06-03T06:10:13.051+0000] {subprocess.py:93} INFO - 25/06/03 06:10:13 WARN Utils: Service 'SparkUI' could not bind on port 4047. Attempting port 4048.
[2025-06-03T06:10:13.052+0000] {subprocess.py:93} INFO - 25/06/03 06:10:13 WARN Utils: Service 'SparkUI' could not bind on port 4048. Attempting port 4049.
[2025-06-03T06:10:13.052+0000] {subprocess.py:93} INFO - 25/06/03 06:10:13 WARN Utils: Service 'SparkUI' could not bind on port 4049. Attempting port 4050.
[2025-06-03T06:10:13.053+0000] {subprocess.py:93} INFO - 25/06/03 06:10:13 WARN Utils: Service 'SparkUI' could not bind on port 4050. Attempting port 4051.
[2025-06-03T06:10:13.053+0000] {subprocess.py:93} INFO - 25/06/03 06:10:13 WARN Utils: Service 'SparkUI' could not bind on port 4051. Attempting port 4052.
[2025-06-03T06:10:13.054+0000] {subprocess.py:93} INFO - 25/06/03 06:10:13 WARN Utils: Service 'SparkUI' could not bind on port 4052. Attempting port 4053.
[2025-06-03T06:10:13.054+0000] {subprocess.py:93} INFO - 25/06/03 06:10:13 WARN Utils: Service 'SparkUI' could not bind on port 4053. Attempting port 4054.
[2025-06-03T06:10:13.054+0000] {subprocess.py:93} INFO - 25/06/03 06:10:13 WARN Utils: Service 'SparkUI' could not bind on port 4054. Attempting port 4055.
[2025-06-03T06:10:13.100+0000] {subprocess.py:93} INFO - 25/06/03 06:10:13 INFO Utils: Successfully started service 'SparkUI' on port 4055.
[2025-06-03T06:10:15.124+0000] {subprocess.py:93} INFO - 25/06/03 06:10:15 INFO Executor: Starting executor ID driver on host 86069ee61878
[2025-06-03T06:10:15.125+0000] {subprocess.py:93} INFO - 25/06/03 06:10:15 INFO Executor: OS info Linux, 6.11.0-26-generic, amd64
[2025-06-03T06:10:15.128+0000] {subprocess.py:93} INFO - 25/06/03 06:10:15 INFO Executor: Java version 11.0.24
[2025-06-03T06:10:15.149+0000] {subprocess.py:93} INFO - 25/06/03 06:10:15 INFO Executor: Starting executor with user classpath (userClassPathFirst = false): ''
[2025-06-03T06:10:15.150+0000] {subprocess.py:93} INFO - 25/06/03 06:10:15 INFO Executor: Created or updated repl class loader org.apache.spark.util.MutableURLClassLoader@171000c5 for default.
[2025-06-03T06:10:15.387+0000] {subprocess.py:93} INFO - 25/06/03 06:10:15 INFO Utils: Successfully started service 'org.apache.spark.network.netty.NettyBlockTransferService' on port 44543.
[2025-06-03T06:10:15.388+0000] {subprocess.py:93} INFO - 25/06/03 06:10:15 INFO NettyBlockTransferService: Server created on 86069ee61878:44543
[2025-06-03T06:10:15.423+0000] {subprocess.py:93} INFO - 25/06/03 06:10:15 INFO BlockManager: Using org.apache.spark.storage.RandomBlockReplicationPolicy for block replication policy
[2025-06-03T06:10:15.661+0000] {subprocess.py:93} INFO - 25/06/03 06:10:15 INFO BlockManagerMaster: Registering BlockManager BlockManagerId(driver, 86069ee61878, 44543, None)
[2025-06-03T06:10:15.685+0000] {subprocess.py:93} INFO - 25/06/03 06:10:15 INFO BlockManagerMasterEndpoint: Registering block manager 86069ee61878:44543 with 434.4 MiB RAM, BlockManagerId(driver, 86069ee61878, 44543, None)
[2025-06-03T06:10:15.698+0000] {subprocess.py:93} INFO - 25/06/03 06:10:15 INFO BlockManagerMaster: Registered BlockManager BlockManagerId(driver, 86069ee61878, 44543, None)
[2025-06-03T06:10:15.702+0000] {subprocess.py:93} INFO - 25/06/03 06:10:15 INFO BlockManager: Initialized BlockManager: BlockManagerId(driver, 86069ee61878, 44543, None)
[2025-06-03T06:10:36.085+0000] {subprocess.py:93} INFO - 25/06/03 06:10:36 INFO AsyncEventQueue: Process of event SparkListenerResourceProfileAdded(Profile: id = 0, executor resources: cores -> name: cores, amount: 1, script: , vendor: ,memory -> name: memory, amount: 1024, script: , vendor: ,offHeap -> name: offHeap, amount: 0, script: , vendor: , task resources: cpus -> name: cpus, amount: 1.0) by listener AppStatusListener took 3.2559182s.
[2025-06-03T06:11:04.909+0000] {subprocess.py:93} INFO - 25/06/03 06:11:04 INFO SharedState: Setting hive.metastore.warehouse.dir ('null') to the value of spark.sql.warehouse.dir.
[2025-06-03T06:11:05.176+0000] {subprocess.py:93} INFO - 25/06/03 06:11:05 INFO SharedState: Warehouse path is 'file:/tmp/airflowtmppe54qec1/spark-warehouse'.
[2025-06-03T06:11:56.299+0000] {subprocess.py:93} INFO - Traceback (most recent call last):
[2025-06-03T06:11:56.801+0000] {subprocess.py:93} INFO -   File "/opt/airflow/scripts/pyspark_jobs/extract_to_parquet.py", line 24, in <module>
[2025-06-03T06:11:56.801+0000] {subprocess.py:93} INFO -     .load()
[2025-06-03T06:11:58.947+0000] {subprocess.py:93} INFO -   File "/usr/local/spark/python/lib/pyspark.zip/pyspark/sql/readwriter.py", line 314, in load
[2025-06-03T06:11:59.625+0000] {subprocess.py:93} INFO -   File "/usr/local/spark/python/lib/py4j-0.10.9.7-src.zip/py4j/java_gateway.py", line 1322, in __call__
[2025-06-03T06:11:59.704+0000] {subprocess.py:93} INFO -   File "/usr/local/spark/python/lib/pyspark.zip/pyspark/errors/exceptions/captured.py", line 179, in deco
[2025-06-03T06:11:59.770+0000] {subprocess.py:93} INFO -   File "/usr/local/spark/python/lib/py4j-0.10.9.7-src.zip/py4j/protocol.py", line 326, in get_return_value
[2025-06-03T06:11:59.885+0000] {subprocess.py:93} INFO - py4j.protocol.Py4JJavaError: An error occurred while calling o30.load.
[2025-06-03T06:11:59.886+0000] {subprocess.py:93} INFO - : java.lang.ClassNotFoundException: org.postgresql.Driver
[2025-06-03T06:11:59.886+0000] {subprocess.py:93} INFO - 	at java.base/java.net.URLClassLoader.findClass(URLClassLoader.java:476)
[2025-06-03T06:11:59.886+0000] {subprocess.py:93} INFO - 	at java.base/java.lang.ClassLoader.loadClass(ClassLoader.java:594)
[2025-06-03T06:11:59.886+0000] {subprocess.py:93} INFO - 	at java.base/java.lang.ClassLoader.loadClass(ClassLoader.java:527)
[2025-06-03T06:11:59.886+0000] {subprocess.py:93} INFO - 	at org.apache.spark.sql.execution.datasources.jdbc.DriverRegistry$.register(DriverRegistry.scala:46)
[2025-06-03T06:11:59.887+0000] {subprocess.py:93} INFO - 	at org.apache.spark.sql.execution.datasources.jdbc.JDBCOptions.$anonfun$driverClass$1(JDBCOptions.scala:103)
[2025-06-03T06:11:59.887+0000] {subprocess.py:93} INFO - 	at org.apache.spark.sql.execution.datasources.jdbc.JDBCOptions.$anonfun$driverClass$1$adapted(JDBCOptions.scala:103)
[2025-06-03T06:11:59.887+0000] {subprocess.py:93} INFO - 	at scala.Option.foreach(Option.scala:407)
[2025-06-03T06:11:59.888+0000] {subprocess.py:93} INFO - 	at org.apache.spark.sql.execution.datasources.jdbc.JDBCOptions.<init>(JDBCOptions.scala:103)
[2025-06-03T06:11:59.888+0000] {subprocess.py:93} INFO - 	at org.apache.spark.sql.execution.datasources.jdbc.JDBCOptions.<init>(JDBCOptions.scala:41)
[2025-06-03T06:11:59.889+0000] {subprocess.py:93} INFO - 	at org.apache.spark.sql.execution.datasources.jdbc.JdbcRelationProvider.createRelation(JdbcRelationProvider.scala:34)
[2025-06-03T06:11:59.889+0000] {subprocess.py:93} INFO - 	at org.apache.spark.sql.execution.datasources.DataSource.resolveRelation(DataSource.scala:346)
[2025-06-03T06:11:59.889+0000] {subprocess.py:93} INFO - 	at org.apache.spark.sql.DataFrameReader.loadV1Source(DataFrameReader.scala:229)
[2025-06-03T06:11:59.889+0000] {subprocess.py:93} INFO - 	at org.apache.spark.sql.DataFrameReader.$anonfun$load$2(DataFrameReader.scala:211)
[2025-06-03T06:11:59.889+0000] {subprocess.py:93} INFO - 	at scala.Option.getOrElse(Option.scala:189)
[2025-06-03T06:11:59.890+0000] {subprocess.py:93} INFO - 	at org.apache.spark.sql.DataFrameReader.load(DataFrameReader.scala:211)
[2025-06-03T06:11:59.890+0000] {subprocess.py:93} INFO - 	at org.apache.spark.sql.DataFrameReader.load(DataFrameReader.scala:172)
[2025-06-03T06:11:59.890+0000] {subprocess.py:93} INFO - 	at java.base/jdk.internal.reflect.NativeMethodAccessorImpl.invoke0(Native Method)
[2025-06-03T06:11:59.891+0000] {subprocess.py:93} INFO - 	at java.base/jdk.internal.reflect.NativeMethodAccessorImpl.invoke(NativeMethodAccessorImpl.java:62)
[2025-06-03T06:11:59.891+0000] {subprocess.py:93} INFO - 	at java.base/jdk.internal.reflect.DelegatingMethodAccessorImpl.invoke(DelegatingMethodAccessorImpl.java:43)
[2025-06-03T06:11:59.891+0000] {subprocess.py:93} INFO - 	at java.base/java.lang.reflect.Method.invoke(Method.java:566)
[2025-06-03T06:11:59.892+0000] {subprocess.py:93} INFO - 	at py4j.reflection.MethodInvoker.invoke(MethodInvoker.java:244)
[2025-06-03T06:11:59.892+0000] {subprocess.py:93} INFO - 	at py4j.reflection.ReflectionEngine.invoke(ReflectionEngine.java:374)
[2025-06-03T06:11:59.892+0000] {subprocess.py:93} INFO - 	at py4j.Gateway.invoke(Gateway.java:282)
[2025-06-03T06:11:59.892+0000] {subprocess.py:93} INFO - 	at py4j.commands.AbstractCommand.invokeMethod(AbstractCommand.java:132)
[2025-06-03T06:11:59.892+0000] {subprocess.py:93} INFO - 	at py4j.commands.CallCommand.execute(CallCommand.java:79)
[2025-06-03T06:11:59.893+0000] {subprocess.py:93} INFO - 	at py4j.ClientServerConnection.waitForCommands(ClientServerConnection.java:182)
[2025-06-03T06:11:59.893+0000] {subprocess.py:93} INFO - 	at py4j.ClientServerConnection.run(ClientServerConnection.java:106)
[2025-06-03T06:11:59.893+0000] {subprocess.py:93} INFO - 	at java.base/java.lang.Thread.run(Thread.java:829)
[2025-06-03T06:11:59.894+0000] {subprocess.py:93} INFO - 
[2025-06-03T06:12:04.487+0000] {subprocess.py:93} INFO - 25/06/03 06:12:04 INFO SparkContext: Invoking stop() from shutdown hook
[2025-06-03T06:12:04.488+0000] {subprocess.py:93} INFO - 25/06/03 06:12:04 INFO SparkContext: SparkContext is stopping with exitCode 0.
[2025-06-03T06:12:05.637+0000] {subprocess.py:93} INFO - 25/06/03 06:12:05 INFO SparkUI: Stopped Spark web UI at http://86069ee61878:4055
[2025-06-03T06:12:06.428+0000] {subprocess.py:93} INFO - 25/06/03 06:12:06 INFO MapOutputTrackerMasterEndpoint: MapOutputTrackerMasterEndpoint stopped!
[2025-06-03T06:12:11.026+0000] {subprocess.py:93} INFO - 25/06/03 06:12:11 INFO MemoryStore: MemoryStore cleared
[2025-06-03T06:12:11.027+0000] {subprocess.py:93} INFO - 25/06/03 06:12:11 INFO BlockManager: BlockManager stopped
[2025-06-03T06:12:11.256+0000] {subprocess.py:93} INFO - 25/06/03 06:12:11 INFO BlockManagerMaster: BlockManagerMaster stopped
[2025-06-03T06:12:11.292+0000] {subprocess.py:93} INFO - 25/06/03 06:12:11 INFO OutputCommitCoordinator$OutputCommitCoordinatorEndpoint: OutputCommitCoordinator stopped!
[2025-06-03T06:12:11.362+0000] {subprocess.py:93} INFO - 25/06/03 06:12:11 INFO SparkContext: Successfully stopped SparkContext
[2025-06-03T06:12:11.363+0000] {subprocess.py:93} INFO - 25/06/03 06:12:11 INFO ShutdownHookManager: Shutdown hook called
[2025-06-03T06:12:11.364+0000] {subprocess.py:93} INFO - 25/06/03 06:12:11 INFO ShutdownHookManager: Deleting directory /tmp/spark-543fe57d-db1e-4ef1-bc36-2a1458a86670
[2025-06-03T06:12:11.809+0000] {subprocess.py:93} INFO - 25/06/03 06:12:11 INFO ShutdownHookManager: Deleting directory /tmp/spark-b8bc7413-5223-40de-b5ff-224871ec2a6e
[2025-06-03T06:12:11.827+0000] {subprocess.py:93} INFO - 25/06/03 06:12:11 INFO ShutdownHookManager: Deleting directory /tmp/spark-543fe57d-db1e-4ef1-bc36-2a1458a86670/pyspark-fa28e453-7e14-45c0-a463-126278fc2754
[2025-06-03T06:12:12.688+0000] {subprocess.py:97} INFO - Command exited with return code 1
[2025-06-03T06:12:51.296+0000] {taskinstance.py:2698} ERROR - Task failed with exception
Traceback (most recent call last):
  File "/home/airflow/.local/lib/python3.10/site-packages/airflow/models/taskinstance.py", line 433, in _execute_task
    result = execute_callable(context=context, **execute_callable_kwargs)
  File "/home/airflow/.local/lib/python3.10/site-packages/airflow/operators/bash.py", line 212, in execute
    raise AirflowException(
airflow.exceptions.AirflowException: Bash command failed. The command returned a non-zero exit code 1.
[2025-06-03T06:13:01.978+0000] {taskinstance.py:1138} INFO - Marking task as UP_FOR_RETRY. dag_id=ingest_raw_data_asia, task_id=extract_asia_asia_discounts, execution_date=20250602T000000, start_date=20250603T060722, end_date=20250603T061254
[2025-06-03T06:13:32.482+0000] {standard_task_runner.py:107} ERROR - Failed to execute job 216 for task extract_asia_asia_discounts (Bash command failed. The command returned a non-zero exit code 1.; 3359)
[2025-06-03T06:13:36.424+0000] {local_task_job_runner.py:234} INFO - Task exited with return code 1
