[2025-06-09T11:38:05.236+0000] {taskinstance.py:1956} INFO - Dependencies all met for dep_context=non-requeueable deps ti=<TaskInstance: multi_region_to_snowflake.process_region_asia.process_payments_asia manual__2025-06-09T11:22:33.329920+00:00 [queued]>
[2025-06-09T11:38:05.253+0000] {taskinstance.py:1956} INFO - Dependencies all met for dep_context=requeueable deps ti=<TaskInstance: multi_region_to_snowflake.process_region_asia.process_payments_asia manual__2025-06-09T11:22:33.329920+00:00 [queued]>
[2025-06-09T11:38:05.254+0000] {taskinstance.py:2170} INFO - Starting attempt 1 of 2
[2025-06-09T11:38:05.281+0000] {taskinstance.py:2191} INFO - Executing <Task(_PythonDecoratedOperator): process_region_asia.process_payments_asia> on 2025-06-09 11:22:33.329920+00:00
[2025-06-09T11:38:05.291+0000] {standard_task_runner.py:60} INFO - Started process 30736 to run task
[2025-06-09T11:38:05.300+0000] {standard_task_runner.py:87} INFO - Running: ['airflow', 'tasks', 'run', 'multi_region_to_snowflake', 'process_region_asia.process_payments_asia', 'manual__2025-06-09T11:22:33.329920+00:00', '--job-id', '806', '--raw', '--subdir', 'DAGS_FOLDER/master_dag.py', '--cfg-path', '/tmp/tmpj4y65g_b']
[2025-06-09T11:38:05.304+0000] {standard_task_runner.py:88} INFO - Job 806: Subtask process_region_asia.process_payments_asia
[2025-06-09T11:38:05.408+0000] {task_command.py:423} INFO - Running <TaskInstance: multi_region_to_snowflake.process_region_asia.process_payments_asia manual__2025-06-09T11:22:33.329920+00:00 [running]> on host 7fa6630d536c
[2025-06-09T11:38:05.609+0000] {taskinstance.py:2480} INFO - Exporting env vars: AIRFLOW_CTX_DAG_OWNER='data-team' AIRFLOW_CTX_DAG_ID='multi_region_to_snowflake' AIRFLOW_CTX_TASK_ID='process_region_asia.process_payments_asia' AIRFLOW_CTX_EXECUTION_DATE='2025-06-09T11:22:33.329920+00:00' AIRFLOW_CTX_TRY_NUMBER='1' AIRFLOW_CTX_DAG_RUN_ID='manual__2025-06-09T11:22:33.329920+00:00'
[2025-06-09T11:38:21.669+0000] {logging_mixin.py:188} INFO - Processing payments for region asia
[2025-06-09T11:38:31.526+0000] {logging_mixin.py:188} INFO - STAGING_ASIA
[2025-06-09T11:38:45.070+0000] {logging_mixin.py:188} INFO - +----------+--------+--------------+--------------+------------------+-------------------+--------------+--------------------+-------------------+-------+--------+
|payment_id|order_id|payment_method|payment_status|payment_amount_jpy|  payment_timestamp|transaction_id|    gateway_response|         created_at|_region| _source|
+----------+--------+--------------+--------------+------------------+-------------------+--------------+--------------------+-------------------+-------+--------+
|         1|       1|   credit_card|     completed|            150800|2024-03-05 14:15:30| txn_jp_cc_001|  Payment successful|2024-03-05 14:15:30|   asia|postgres|
|         2|       2|       konbini|     completed|             10590|2024-03-06 00:00:00| txn_jp_kb_002|Payment received ...|2024-03-06 00:00:00|   asia|postgres|
|         3|       3| bank_transfer|       pending|            168300|2024-03-07 00:00:00| txn_jp_bt_003|Awaiting bank con...|2024-03-07 00:00:00|   asia|postgres|
|         4|       4|   credit_card|     completed|             17830|               NULL| txn_jp_cc_004|  Payment successful|               NULL|   asia|postgres|
|         5|       5|   credit_card|        failed|             28300|2024-09-03 00:00:00| txn_jp_cc_005|       Card declined|2024-09-03 00:00:00|   asia|postgres|
|         6|       6|       konbini|     completed|              9810|2024-03-10 16:50:15| txn_jp_kb_006|Payment received ...|2024-03-10 16:50:15|   asia|postgres|
|         7|       7|   credit_card|     completed|             77150|2024-03-11 00:00:00| txn_jp_cc_007|  Payment successful|2024-03-11 00:00:00|   asia|postgres|
|         8|       8| bank_transfer|     completed|              4850|2024-03-12 00:00:00| txn_jp_bt_008|  Transfer confirmed|2024-03-12 00:00:00|   asia|postgres|
|         9|       9|   credit_card|     completed|            173800|               NULL| txn_jp_cc_009|  Payment successful|               NULL|   asia|postgres|
|        10|      10|       konbini|      refunded|             13000|2024-03-14 00:00:00| txn_jp_kb_010|    Payment refunded|2024-03-14 00:00:00|   asia|postgres|
+----------+--------+--------------+--------------+------------------+-------------------+--------------+--------------------+-------------------+-------+--------+
only showing top 10 rows
[2025-06-09T11:38:45.072+0000] {logging_mixin.py:188} INFO - Inserting into snowflake
[2025-06-09T11:39:06.290+0000] {logging_mixin.py:188} INFO - successfully inserted in snowflake
[2025-06-09T11:39:06.961+0000] {logging_mixin.py:188} INFO - Successfully processed 20 records for payments in asia
[2025-06-09T11:39:08.453+0000] {python.py:201} INFO - Done. Returned value was: {'region': 'asia', 'table': 'payments', 'record_count': 20, 'status': 'success'}
[2025-06-09T11:39:08.601+0000] {taskinstance.py:1138} INFO - Marking task as SUCCESS. dag_id=multi_region_to_snowflake, task_id=process_region_asia.process_payments_asia, execution_date=20250609T112233, start_date=20250609T113805, end_date=20250609T113908
[2025-06-09T11:39:08.720+0000] {local_task_job_runner.py:234} INFO - Task exited with return code 0
[2025-06-09T11:39:08.886+0000] {taskinstance.py:3280} INFO - 0 downstream tasks scheduled from follow-on schedule check
