[2025-06-09T11:31:04.083+0000] {taskinstance.py:1956} INFO - Dependencies all met for dep_context=non-requeueable deps ti=<TaskInstance: multi_region_to_snowflake.process_region_eu.process_inventory_eu scheduled__2025-06-08T00:00:00+00:00 [queued]>
[2025-06-09T11:31:04.102+0000] {taskinstance.py:1956} INFO - Dependencies all met for dep_context=requeueable deps ti=<TaskInstance: multi_region_to_snowflake.process_region_eu.process_inventory_eu scheduled__2025-06-08T00:00:00+00:00 [queued]>
[2025-06-09T11:31:04.103+0000] {taskinstance.py:2170} INFO - Starting attempt 1 of 2
[2025-06-09T11:31:04.131+0000] {taskinstance.py:2191} INFO - Executing <Task(_PythonDecoratedOperator): process_region_eu.process_inventory_eu> on 2025-06-08 00:00:00+00:00
[2025-06-09T11:31:04.145+0000] {standard_task_runner.py:60} INFO - Started process 21849 to run task
[2025-06-09T11:31:04.164+0000] {standard_task_runner.py:87} INFO - Running: ['airflow', 'tasks', 'run', 'multi_region_to_snowflake', 'process_region_eu.process_inventory_eu', 'scheduled__2025-06-08T00:00:00+00:00', '--job-id', '767', '--raw', '--subdir', 'DAGS_FOLDER/master_dag.py', '--cfg-path', '/tmp/tmpmthbgjzs']
[2025-06-09T11:31:04.170+0000] {standard_task_runner.py:88} INFO - Job 767: Subtask process_region_eu.process_inventory_eu
[2025-06-09T11:31:04.301+0000] {task_command.py:423} INFO - Running <TaskInstance: multi_region_to_snowflake.process_region_eu.process_inventory_eu scheduled__2025-06-08T00:00:00+00:00 [running]> on host 7fa6630d536c
[2025-06-09T11:31:04.539+0000] {taskinstance.py:2480} INFO - Exporting env vars: AIRFLOW_CTX_DAG_OWNER='data-team' AIRFLOW_CTX_DAG_ID='multi_region_to_snowflake' AIRFLOW_CTX_TASK_ID='process_region_eu.process_inventory_eu' AIRFLOW_CTX_EXECUTION_DATE='2025-06-08T00:00:00+00:00' AIRFLOW_CTX_TRY_NUMBER='1' AIRFLOW_CTX_DAG_RUN_ID='scheduled__2025-06-08T00:00:00+00:00'
[2025-06-09T11:31:19.251+0000] {logging_mixin.py:188} INFO - Processing inventory for region eu
[2025-06-09T11:31:33.606+0000] {logging_mixin.py:188} INFO - STAGING_EU
[2025-06-09T11:31:43.782+0000] {logging_mixin.py:188} INFO - +------------+----------+------------------+------------------+-----------------+-------------+-------------------+-------------------+-------+--------+
|inventory_id|variant_id|warehouse_location|quantity_available|quantity_reserved|reorder_level|  last_restocked_at|         updated_at|_region| _source|
+------------+----------+------------------+------------------+-----------------+-------------+-------------------+-------------------+-------+--------+
|           1|         1|          EU-DE-01|               150|               25|           50|2024-01-15 09:30:00|2025-06-08 19:22:57|     eu|postgres|
|           2|         2|          EU-DE-01|                75|               15|           30|2024-01-20 13:15:00|2025-06-08 19:22:57|     eu|postgres|
|           3|         3|          EU-NL-02|                45|                8|           20|2024-01-18 08:45:00|2025-06-08 19:22:57|     eu|postgres|
|           4|         4|          EU-FR-03|               200|               35|           75|2024-01-22 10:20:00|2025-06-08 19:22:57|     eu|postgres|
|           5|         5|          EU-FR-03|               120|               20|           40|2024-01-25 15:30:00|2025-06-08 19:22:57|     eu|postgres|
|           6|         6|          EU-DE-01|                85|               12|           25|2024-01-19 12:45:00|2025-06-08 19:22:57|     eu|postgres|
|           7|         7|          EU-IT-04|                65|               10|           20|2024-01-21 07:15:00|2025-06-08 19:22:57|     eu|postgres|
|           8|         8|          EU-NL-02|               300|               45|          100|2024-01-23 11:00:00|2025-06-08 19:22:57|     eu|postgres|
|           9|         9|          EU-DE-01|               180|               30|           60|2024-01-24 14:20:00|2025-06-08 19:22:57|     eu|postgres|
|          10|        10|          EU-FR-03|               220|               40|           80|2024-01-26 09:45:00|2025-06-08 19:22:57|     eu|postgres|
+------------+----------+------------------+------------------+-----------------+-------------+-------------------+-------------------+-------+--------+
only showing top 10 rows
[2025-06-09T11:31:43.783+0000] {logging_mixin.py:188} INFO - Inserting into snowflake
[2025-06-09T11:32:01.207+0000] {logging_mixin.py:188} INFO - successfully inserted in snowflake
[2025-06-09T11:32:02.290+0000] {logging_mixin.py:188} INFO - Successfully processed 40 records for inventory in eu
[2025-06-09T11:32:03.296+0000] {python.py:201} INFO - Done. Returned value was: {'region': 'eu', 'table': 'inventory', 'record_count': 40, 'status': 'success'}
[2025-06-09T11:32:03.368+0000] {taskinstance.py:1138} INFO - Marking task as SUCCESS. dag_id=multi_region_to_snowflake, task_id=process_region_eu.process_inventory_eu, execution_date=20250608T000000, start_date=20250609T113104, end_date=20250609T113203
[2025-06-09T11:32:03.420+0000] {local_task_job_runner.py:234} INFO - Task exited with return code 0
[2025-06-09T11:32:03.519+0000] {taskinstance.py:3280} INFO - 0 downstream tasks scheduled from follow-on schedule check
