[2025-06-03T09:02:35.626+0000] {taskinstance.py:1956} INFO - Dependencies all met for dep_context=non-requeueable deps ti=<TaskInstance: ingest_raw_data_asia.extract_asia_asia_categories manual__2025-06-03T09:02:34.093359+00:00 [queued]>
[2025-06-03T09:02:35.635+0000] {taskinstance.py:1956} INFO - Dependencies all met for dep_context=requeueable deps ti=<TaskInstance: ingest_raw_data_asia.extract_asia_asia_categories manual__2025-06-03T09:02:34.093359+00:00 [queued]>
[2025-06-03T09:02:35.636+0000] {taskinstance.py:2170} INFO - Starting attempt 1 of 2
[2025-06-03T09:02:35.700+0000] {taskinstance.py:2191} INFO - Executing <Task(BashOperator): extract_asia_asia_categories> on 2025-06-03 09:02:34.093359+00:00
[2025-06-03T09:02:35.705+0000] {standard_task_runner.py:60} INFO - Started process 1669 to run task
[2025-06-03T09:02:35.707+0000] {standard_task_runner.py:87} INFO - Running: ['airflow', 'tasks', 'run', 'ingest_raw_data_asia', 'extract_asia_asia_categories', 'manual__2025-06-03T09:02:34.093359+00:00', '--job-id', '305', '--raw', '--subdir', 'DAGS_FOLDER/asia/landing.py', '--cfg-path', '/tmp/tmpp55zoyss']
[2025-06-03T09:02:35.708+0000] {standard_task_runner.py:88} INFO - Job 305: Subtask extract_asia_asia_categories
[2025-06-03T09:02:35.770+0000] {logging_mixin.py:188} WARNING - /home/airflow/.local/lib/python3.10/site-packages/airflow/settings.py:194 DeprecationWarning: The sql_alchemy_conn option in [core] has been moved to the sql_alchemy_conn option in [database] - the old setting has been used, but please update your config.
[2025-06-03T09:02:35.823+0000] {task_command.py:423} INFO - Running <TaskInstance: ingest_raw_data_asia.extract_asia_asia_categories manual__2025-06-03T09:02:34.093359+00:00 [running]> on host 86069ee61878
[2025-06-03T09:02:36.276+0000] {taskinstance.py:2480} INFO - Exporting env vars: AIRFLOW_CTX_DAG_OWNER='airflow' AIRFLOW_CTX_DAG_ID='ingest_raw_data_asia' AIRFLOW_CTX_TASK_ID='extract_asia_asia_categories' AIRFLOW_CTX_EXECUTION_DATE='2025-06-03T09:02:34.093359+00:00' AIRFLOW_CTX_TRY_NUMBER='1' AIRFLOW_CTX_DAG_RUN_ID='manual__2025-06-03T09:02:34.093359+00:00'
[2025-06-03T09:02:36.277+0000] {subprocess.py:63} INFO - Tmp dir root location: /tmp
[2025-06-03T09:02:36.277+0000] {subprocess.py:75} INFO - Running command: ['/usr/bin/bash', '-c', '\n                /usr/local/spark/bin/spark-submit                     --jars /opt/airflow/jars/postgresql-42.7.3.jar                     /opt/airflow/scripts/pyspark_jobs/extract_to_parquet.py                     "asia.categories" "jdbc:postgresql://retail-postgres:5432/retail_etl" "retail_etl" "retail_etl" "2025-06-03"\n            ']
[2025-06-03T09:02:36.291+0000] {subprocess.py:86} INFO - Output:
[2025-06-03T09:02:38.141+0000] {subprocess.py:93} INFO - 25/06/03 09:02:38 WARN NativeCodeLoader: Unable to load native-hadoop library for your platform... using builtin-java classes where applicable
[2025-06-03T09:02:38.919+0000] {subprocess.py:93} INFO - table name: asia.categories
[2025-06-03T09:02:38.920+0000] {subprocess.py:93} INFO - url: jdbc:postgresql://retail-postgres:5432/retail_etl
[2025-06-03T09:02:38.920+0000] {subprocess.py:93} INFO - password: retail_etl
[2025-06-03T09:02:38.920+0000] {subprocess.py:93} INFO - load_date: 2025-06-03
[2025-06-03T09:02:38.974+0000] {subprocess.py:93} INFO - 25/06/03 09:02:38 INFO SparkContext: Running Spark version 3.5.6
[2025-06-03T09:02:38.974+0000] {subprocess.py:93} INFO - 25/06/03 09:02:38 INFO SparkContext: OS info Linux, 6.11.0-26-generic, amd64
[2025-06-03T09:02:38.974+0000] {subprocess.py:93} INFO - 25/06/03 09:02:38 INFO SparkContext: Java version 11.0.24
[2025-06-03T09:02:39.103+0000] {subprocess.py:93} INFO - 25/06/03 09:02:39 INFO ResourceUtils: ==============================================================
[2025-06-03T09:02:39.104+0000] {subprocess.py:93} INFO - 25/06/03 09:02:39 INFO ResourceUtils: No custom resources configured for spark.driver.
[2025-06-03T09:02:39.104+0000] {subprocess.py:93} INFO - 25/06/03 09:02:39 INFO ResourceUtils: ==============================================================
[2025-06-03T09:02:39.104+0000] {subprocess.py:93} INFO - 25/06/03 09:02:39 INFO SparkContext: Submitted application: Extract_asia_asia.categories
[2025-06-03T09:02:39.121+0000] {subprocess.py:93} INFO - 25/06/03 09:02:39 INFO ResourceProfile: Default ResourceProfile created, executor resources: Map(cores -> name: cores, amount: 1, script: , vendor: , memory -> name: memory, amount: 1024, script: , vendor: , offHeap -> name: offHeap, amount: 0, script: , vendor: ), task resources: Map(cpus -> name: cpus, amount: 1.0)
[2025-06-03T09:02:39.132+0000] {subprocess.py:93} INFO - 25/06/03 09:02:39 INFO ResourceProfile: Limiting resource is cpu
[2025-06-03T09:02:39.132+0000] {subprocess.py:93} INFO - 25/06/03 09:02:39 INFO ResourceProfileManager: Added ResourceProfile id: 0
[2025-06-03T09:02:39.176+0000] {subprocess.py:93} INFO - 25/06/03 09:02:39 INFO SecurityManager: Changing view acls to: airflow
[2025-06-03T09:02:39.176+0000] {subprocess.py:93} INFO - 25/06/03 09:02:39 INFO SecurityManager: Changing modify acls to: airflow
[2025-06-03T09:02:39.176+0000] {subprocess.py:93} INFO - 25/06/03 09:02:39 INFO SecurityManager: Changing view acls groups to:
[2025-06-03T09:02:39.177+0000] {subprocess.py:93} INFO - 25/06/03 09:02:39 INFO SecurityManager: Changing modify acls groups to:
[2025-06-03T09:02:39.177+0000] {subprocess.py:93} INFO - 25/06/03 09:02:39 INFO SecurityManager: SecurityManager: authentication disabled; ui acls disabled; users with view permissions: airflow; groups with view permissions: EMPTY; users with modify permissions: airflow; groups with modify permissions: EMPTY
[2025-06-03T09:02:39.375+0000] {subprocess.py:93} INFO - 25/06/03 09:02:39 INFO Utils: Successfully started service 'sparkDriver' on port 37703.
[2025-06-03T09:02:39.394+0000] {subprocess.py:93} INFO - 25/06/03 09:02:39 INFO SparkEnv: Registering MapOutputTracker
[2025-06-03T09:02:39.421+0000] {subprocess.py:93} INFO - 25/06/03 09:02:39 INFO SparkEnv: Registering BlockManagerMaster
[2025-06-03T09:02:39.438+0000] {subprocess.py:93} INFO - 25/06/03 09:02:39 INFO BlockManagerMasterEndpoint: Using org.apache.spark.storage.DefaultTopologyMapper for getting topology information
[2025-06-03T09:02:39.439+0000] {subprocess.py:93} INFO - 25/06/03 09:02:39 INFO BlockManagerMasterEndpoint: BlockManagerMasterEndpoint up
[2025-06-03T09:02:39.442+0000] {subprocess.py:93} INFO - 25/06/03 09:02:39 INFO SparkEnv: Registering BlockManagerMasterHeartbeat
[2025-06-03T09:02:39.460+0000] {subprocess.py:93} INFO - 25/06/03 09:02:39 INFO DiskBlockManager: Created local directory at /tmp/blockmgr-1ed3d087-68d4-4bbd-a7bf-3f4fb791d810
[2025-06-03T09:02:39.473+0000] {subprocess.py:93} INFO - 25/06/03 09:02:39 INFO MemoryStore: MemoryStore started with capacity 434.4 MiB
[2025-06-03T09:02:39.485+0000] {subprocess.py:93} INFO - 25/06/03 09:02:39 INFO SparkEnv: Registering OutputCommitCoordinator
[2025-06-03T09:02:39.603+0000] {subprocess.py:93} INFO - 25/06/03 09:02:39 INFO JettyUtils: Start Jetty 0.0.0.0:4040 for SparkUI
[2025-06-03T09:02:39.644+0000] {subprocess.py:93} INFO - 25/06/03 09:02:39 INFO Utils: Successfully started service 'SparkUI' on port 4040.
[2025-06-03T09:02:39.672+0000] {subprocess.py:93} INFO - 25/06/03 09:02:39 INFO SparkContext: Added JAR /opt/airflow/jars/postgresql-42.7.3.jar at spark://86069ee61878:37703/jars/postgresql-42.7.3.jar with timestamp 1748941358966
[2025-06-03T09:02:39.672+0000] {subprocess.py:93} INFO - 25/06/03 09:02:39 INFO SparkContext: Added JAR /opt/airflow/jars/snowflake-jdbc-3.13.17.jar at spark://86069ee61878:37703/jars/snowflake-jdbc-3.13.17.jar with timestamp 1748941358966
[2025-06-03T09:02:39.672+0000] {subprocess.py:93} INFO - 25/06/03 09:02:39 INFO SparkContext: Added JAR /opt/airflow/jars/spark-snowflake_2.12-2.16.0-spark_3.2.jar at spark://86069ee61878:37703/jars/spark-snowflake_2.12-2.16.0-spark_3.2.jar with timestamp 1748941358966
[2025-06-03T09:02:39.724+0000] {subprocess.py:93} INFO - 25/06/03 09:02:39 INFO Executor: Starting executor ID driver on host 86069ee61878
[2025-06-03T09:02:39.724+0000] {subprocess.py:93} INFO - 25/06/03 09:02:39 INFO Executor: OS info Linux, 6.11.0-26-generic, amd64
[2025-06-03T09:02:39.724+0000] {subprocess.py:93} INFO - 25/06/03 09:02:39 INFO Executor: Java version 11.0.24
[2025-06-03T09:02:39.729+0000] {subprocess.py:93} INFO - 25/06/03 09:02:39 INFO Executor: Starting executor with user classpath (userClassPathFirst = false): ''
[2025-06-03T09:02:39.730+0000] {subprocess.py:93} INFO - 25/06/03 09:02:39 INFO Executor: Created or updated repl class loader org.apache.spark.util.MutableURLClassLoader@1affe04a for default.
[2025-06-03T09:02:39.738+0000] {subprocess.py:93} INFO - 25/06/03 09:02:39 INFO Executor: Fetching spark://86069ee61878:37703/jars/snowflake-jdbc-3.13.17.jar with timestamp 1748941358966
[2025-06-03T09:02:40.464+0000] {subprocess.py:93} INFO - 25/06/03 09:02:40 INFO TransportClientFactory: Successfully created connection to 86069ee61878/172.19.0.3:37703 after 20 ms (0 ms spent in bootstraps)
[2025-06-03T09:02:40.471+0000] {subprocess.py:93} INFO - 25/06/03 09:02:40 INFO Utils: Fetching spark://86069ee61878:37703/jars/snowflake-jdbc-3.13.17.jar to /tmp/spark-564eab6d-fd79-4734-9e8b-76e49b0da498/userFiles-0ca62876-b16a-4efe-93dd-1575fba66a17/fetchFileTemp2622410493732965670.tmp
[2025-06-03T09:02:40.682+0000] {subprocess.py:93} INFO - 25/06/03 09:02:40 INFO Executor: Adding file:/tmp/spark-564eab6d-fd79-4734-9e8b-76e49b0da498/userFiles-0ca62876-b16a-4efe-93dd-1575fba66a17/snowflake-jdbc-3.13.17.jar to class loader default
[2025-06-03T09:02:40.682+0000] {subprocess.py:93} INFO - 25/06/03 09:02:40 INFO Executor: Fetching spark://86069ee61878:37703/jars/spark-snowflake_2.12-2.16.0-spark_3.2.jar with timestamp 1748941358966
[2025-06-03T09:02:40.683+0000] {subprocess.py:93} INFO - 25/06/03 09:02:40 INFO Utils: Fetching spark://86069ee61878:37703/jars/spark-snowflake_2.12-2.16.0-spark_3.2.jar to /tmp/spark-564eab6d-fd79-4734-9e8b-76e49b0da498/userFiles-0ca62876-b16a-4efe-93dd-1575fba66a17/fetchFileTemp10805885557015173607.tmp
[2025-06-03T09:02:40.688+0000] {subprocess.py:93} INFO - 25/06/03 09:02:40 INFO Executor: Adding file:/tmp/spark-564eab6d-fd79-4734-9e8b-76e49b0da498/userFiles-0ca62876-b16a-4efe-93dd-1575fba66a17/spark-snowflake_2.12-2.16.0-spark_3.2.jar to class loader default
[2025-06-03T09:02:40.688+0000] {subprocess.py:93} INFO - 25/06/03 09:02:40 INFO Executor: Fetching spark://86069ee61878:37703/jars/postgresql-42.7.3.jar with timestamp 1748941358966
[2025-06-03T09:02:40.688+0000] {subprocess.py:93} INFO - 25/06/03 09:02:40 INFO Utils: Fetching spark://86069ee61878:37703/jars/postgresql-42.7.3.jar to /tmp/spark-564eab6d-fd79-4734-9e8b-76e49b0da498/userFiles-0ca62876-b16a-4efe-93dd-1575fba66a17/fetchFileTemp17187158836224362998.tmp
[2025-06-03T09:02:40.694+0000] {subprocess.py:93} INFO - 25/06/03 09:02:40 INFO Executor: Adding file:/tmp/spark-564eab6d-fd79-4734-9e8b-76e49b0da498/userFiles-0ca62876-b16a-4efe-93dd-1575fba66a17/postgresql-42.7.3.jar to class loader default
[2025-06-03T09:02:40.701+0000] {subprocess.py:93} INFO - 25/06/03 09:02:40 INFO Utils: Successfully started service 'org.apache.spark.network.netty.NettyBlockTransferService' on port 44163.
[2025-06-03T09:02:40.702+0000] {subprocess.py:93} INFO - 25/06/03 09:02:40 INFO NettyBlockTransferService: Server created on 86069ee61878:44163
[2025-06-03T09:02:40.703+0000] {subprocess.py:93} INFO - 25/06/03 09:02:40 INFO BlockManager: Using org.apache.spark.storage.RandomBlockReplicationPolicy for block replication policy
[2025-06-03T09:02:40.707+0000] {subprocess.py:93} INFO - 25/06/03 09:02:40 INFO BlockManagerMaster: Registering BlockManager BlockManagerId(driver, 86069ee61878, 44163, None)
[2025-06-03T09:02:40.711+0000] {subprocess.py:93} INFO - 25/06/03 09:02:40 INFO BlockManagerMasterEndpoint: Registering block manager 86069ee61878:44163 with 434.4 MiB RAM, BlockManagerId(driver, 86069ee61878, 44163, None)
[2025-06-03T09:02:40.713+0000] {subprocess.py:93} INFO - 25/06/03 09:02:40 INFO BlockManagerMaster: Registered BlockManager BlockManagerId(driver, 86069ee61878, 44163, None)
[2025-06-03T09:02:40.714+0000] {subprocess.py:93} INFO - 25/06/03 09:02:40 INFO BlockManager: Initialized BlockManager: BlockManagerId(driver, 86069ee61878, 44163, None)
[2025-06-03T09:02:41.081+0000] {subprocess.py:93} INFO - 25/06/03 09:02:41 INFO SharedState: Setting hive.metastore.warehouse.dir ('null') to the value of spark.sql.warehouse.dir.
[2025-06-03T09:02:41.084+0000] {subprocess.py:93} INFO - 25/06/03 09:02:41 INFO SharedState: Warehouse path is 'file:/tmp/airflowtmpgr6rxzdl/spark-warehouse'.
[2025-06-03T09:02:43.253+0000] {subprocess.py:93} INFO - Traceback (most recent call last):
[2025-06-03T09:02:43.253+0000] {subprocess.py:93} INFO -   File "/opt/airflow/scripts/pyspark_jobs/extract_to_parquet.py", line 31, in <module>
[2025-06-03T09:02:43.253+0000] {subprocess.py:93} INFO -     .load()
[2025-06-03T09:02:43.253+0000] {subprocess.py:93} INFO -   File "/usr/local/spark/python/lib/pyspark.zip/pyspark/sql/readwriter.py", line 314, in load
[2025-06-03T09:02:43.253+0000] {subprocess.py:93} INFO -   File "/usr/local/spark/python/lib/py4j-0.10.9.7-src.zip/py4j/java_gateway.py", line 1322, in __call__
[2025-06-03T09:02:43.253+0000] {subprocess.py:93} INFO -   File "/usr/local/spark/python/lib/pyspark.zip/pyspark/errors/exceptions/captured.py", line 179, in deco
[2025-06-03T09:02:43.254+0000] {subprocess.py:93} INFO -   File "/usr/local/spark/python/lib/py4j-0.10.9.7-src.zip/py4j/protocol.py", line 326, in get_return_value
[2025-06-03T09:02:43.254+0000] {subprocess.py:93} INFO - py4j.protocol.Py4JJavaError: An error occurred while calling o33.load.
[2025-06-03T09:02:43.254+0000] {subprocess.py:93} INFO - : org.postgresql.util.PSQLException: ERROR: cross-database references are not implemented: "asia.asia.categories"
[2025-06-03T09:02:43.254+0000] {subprocess.py:93} INFO -   Position: 15
[2025-06-03T09:02:43.254+0000] {subprocess.py:93} INFO - 	at org.postgresql.core.v3.QueryExecutorImpl.receiveErrorResponse(QueryExecutorImpl.java:2725)
[2025-06-03T09:02:43.254+0000] {subprocess.py:93} INFO - 	at org.postgresql.core.v3.QueryExecutorImpl.processResults(QueryExecutorImpl.java:2412)
[2025-06-03T09:02:43.254+0000] {subprocess.py:93} INFO - 	at org.postgresql.core.v3.QueryExecutorImpl.execute(QueryExecutorImpl.java:371)
[2025-06-03T09:02:43.254+0000] {subprocess.py:93} INFO - 	at org.postgresql.jdbc.PgStatement.executeInternal(PgStatement.java:502)
[2025-06-03T09:02:43.255+0000] {subprocess.py:93} INFO - 	at org.postgresql.jdbc.PgStatement.execute(PgStatement.java:419)
[2025-06-03T09:02:43.255+0000] {subprocess.py:93} INFO - 	at org.postgresql.jdbc.PgPreparedStatement.executeWithFlags(PgPreparedStatement.java:194)
[2025-06-03T09:02:43.255+0000] {subprocess.py:93} INFO - 	at org.postgresql.jdbc.PgPreparedStatement.executeQuery(PgPreparedStatement.java:137)
[2025-06-03T09:02:43.255+0000] {subprocess.py:93} INFO - 	at org.apache.spark.sql.execution.datasources.jdbc.JDBCRDD$.getQueryOutputSchema(JDBCRDD.scala:68)
[2025-06-03T09:02:43.255+0000] {subprocess.py:93} INFO - 	at org.apache.spark.sql.execution.datasources.jdbc.JDBCRDD$.resolveTable(JDBCRDD.scala:58)
[2025-06-03T09:02:43.255+0000] {subprocess.py:93} INFO - 	at org.apache.spark.sql.execution.datasources.jdbc.JDBCRelation$.getSchema(JDBCRelation.scala:241)
[2025-06-03T09:02:43.255+0000] {subprocess.py:93} INFO - 	at org.apache.spark.sql.execution.datasources.jdbc.JdbcRelationProvider.createRelation(JdbcRelationProvider.scala:37)
[2025-06-03T09:02:43.255+0000] {subprocess.py:93} INFO - 	at org.apache.spark.sql.execution.datasources.DataSource.resolveRelation(DataSource.scala:346)
[2025-06-03T09:02:43.255+0000] {subprocess.py:93} INFO - 	at org.apache.spark.sql.DataFrameReader.loadV1Source(DataFrameReader.scala:229)
[2025-06-03T09:02:43.255+0000] {subprocess.py:93} INFO - 	at org.apache.spark.sql.DataFrameReader.$anonfun$load$2(DataFrameReader.scala:211)
[2025-06-03T09:02:43.256+0000] {subprocess.py:93} INFO - 	at scala.Option.getOrElse(Option.scala:189)
[2025-06-03T09:02:43.256+0000] {subprocess.py:93} INFO - 	at org.apache.spark.sql.DataFrameReader.load(DataFrameReader.scala:211)
[2025-06-03T09:02:43.256+0000] {subprocess.py:93} INFO - 	at org.apache.spark.sql.DataFrameReader.load(DataFrameReader.scala:172)
[2025-06-03T09:02:43.256+0000] {subprocess.py:93} INFO - 	at java.base/jdk.internal.reflect.NativeMethodAccessorImpl.invoke0(Native Method)
[2025-06-03T09:02:43.256+0000] {subprocess.py:93} INFO - 	at java.base/jdk.internal.reflect.NativeMethodAccessorImpl.invoke(NativeMethodAccessorImpl.java:62)
[2025-06-03T09:02:43.256+0000] {subprocess.py:93} INFO - 	at java.base/jdk.internal.reflect.DelegatingMethodAccessorImpl.invoke(DelegatingMethodAccessorImpl.java:43)
[2025-06-03T09:02:43.256+0000] {subprocess.py:93} INFO - 	at java.base/java.lang.reflect.Method.invoke(Method.java:566)
[2025-06-03T09:02:43.256+0000] {subprocess.py:93} INFO - 	at py4j.reflection.MethodInvoker.invoke(MethodInvoker.java:244)
[2025-06-03T09:02:43.256+0000] {subprocess.py:93} INFO - 	at py4j.reflection.ReflectionEngine.invoke(ReflectionEngine.java:374)
[2025-06-03T09:02:43.256+0000] {subprocess.py:93} INFO - 	at py4j.Gateway.invoke(Gateway.java:282)
[2025-06-03T09:02:43.257+0000] {subprocess.py:93} INFO - 	at py4j.commands.AbstractCommand.invokeMethod(AbstractCommand.java:132)
[2025-06-03T09:02:43.257+0000] {subprocess.py:93} INFO - 	at py4j.commands.CallCommand.execute(CallCommand.java:79)
[2025-06-03T09:02:43.257+0000] {subprocess.py:93} INFO - 	at py4j.ClientServerConnection.waitForCommands(ClientServerConnection.java:182)
[2025-06-03T09:02:43.257+0000] {subprocess.py:93} INFO - 	at py4j.ClientServerConnection.run(ClientServerConnection.java:106)
[2025-06-03T09:02:43.257+0000] {subprocess.py:93} INFO - 	at java.base/java.lang.Thread.run(Thread.java:829)
[2025-06-03T09:02:43.257+0000] {subprocess.py:93} INFO - 
[2025-06-03T09:02:43.292+0000] {subprocess.py:93} INFO - 25/06/03 09:02:43 INFO SparkContext: Invoking stop() from shutdown hook
[2025-06-03T09:02:43.292+0000] {subprocess.py:93} INFO - 25/06/03 09:02:43 INFO SparkContext: SparkContext is stopping with exitCode 0.
[2025-06-03T09:02:43.300+0000] {subprocess.py:93} INFO - 25/06/03 09:02:43 INFO SparkUI: Stopped Spark web UI at http://86069ee61878:4040
[2025-06-03T09:02:43.310+0000] {subprocess.py:93} INFO - 25/06/03 09:02:43 INFO MapOutputTrackerMasterEndpoint: MapOutputTrackerMasterEndpoint stopped!
[2025-06-03T09:02:43.320+0000] {subprocess.py:93} INFO - 25/06/03 09:02:43 INFO MemoryStore: MemoryStore cleared
[2025-06-03T09:02:43.320+0000] {subprocess.py:93} INFO - 25/06/03 09:02:43 INFO BlockManager: BlockManager stopped
[2025-06-03T09:02:43.325+0000] {subprocess.py:93} INFO - 25/06/03 09:02:43 INFO BlockManagerMaster: BlockManagerMaster stopped
[2025-06-03T09:02:43.328+0000] {subprocess.py:93} INFO - 25/06/03 09:02:43 INFO OutputCommitCoordinator$OutputCommitCoordinatorEndpoint: OutputCommitCoordinator stopped!
[2025-06-03T09:02:43.337+0000] {subprocess.py:93} INFO - 25/06/03 09:02:43 INFO SparkContext: Successfully stopped SparkContext
[2025-06-03T09:02:43.337+0000] {subprocess.py:93} INFO - 25/06/03 09:02:43 INFO ShutdownHookManager: Shutdown hook called
[2025-06-03T09:02:43.338+0000] {subprocess.py:93} INFO - 25/06/03 09:02:43 INFO ShutdownHookManager: Deleting directory /tmp/spark-564eab6d-fd79-4734-9e8b-76e49b0da498/pyspark-1d66a8bc-2320-4754-8426-38ab782e5b10
[2025-06-03T09:02:43.340+0000] {subprocess.py:93} INFO - 25/06/03 09:02:43 INFO ShutdownHookManager: Deleting directory /tmp/spark-4ee81151-a4ed-4212-9ad2-19e8ca24b209
[2025-06-03T09:02:43.343+0000] {subprocess.py:93} INFO - 25/06/03 09:02:43 INFO ShutdownHookManager: Deleting directory /tmp/spark-564eab6d-fd79-4734-9e8b-76e49b0da498
[2025-06-03T09:02:43.442+0000] {subprocess.py:97} INFO - Command exited with return code 1
[2025-06-03T09:02:43.604+0000] {taskinstance.py:2698} ERROR - Task failed with exception
Traceback (most recent call last):
  File "/home/airflow/.local/lib/python3.10/site-packages/airflow/models/taskinstance.py", line 433, in _execute_task
    result = execute_callable(context=context, **execute_callable_kwargs)
  File "/home/airflow/.local/lib/python3.10/site-packages/airflow/operators/bash.py", line 212, in execute
    raise AirflowException(
airflow.exceptions.AirflowException: Bash command failed. The command returned a non-zero exit code 1.
[2025-06-03T09:02:43.606+0000] {taskinstance.py:1138} INFO - Marking task as UP_FOR_RETRY. dag_id=ingest_raw_data_asia, task_id=extract_asia_asia_categories, execution_date=20250603T090234, start_date=20250603T090235, end_date=20250603T090243
[2025-06-03T09:02:43.671+0000] {standard_task_runner.py:107} ERROR - Failed to execute job 305 for task extract_asia_asia_categories (Bash command failed. The command returned a non-zero exit code 1.; 1669)
[2025-06-03T09:02:43.709+0000] {local_task_job_runner.py:234} INFO - Task exited with return code 1
[2025-06-03T09:02:43.725+0000] {taskinstance.py:3280} INFO - 0 downstream tasks scheduled from follow-on schedule check
